[2022-02-19 10:15:48,243] {taskinstance.py:1032} INFO - Dependencies all met for <TaskInstance: demo_etl.Extract_Data manual__2022-02-19T10:15:46.064821+00:00 [queued]>
[2022-02-19 10:15:48,257] {taskinstance.py:1032} INFO - Dependencies all met for <TaskInstance: demo_etl.Extract_Data manual__2022-02-19T10:15:46.064821+00:00 [queued]>
[2022-02-19 10:15:48,257] {taskinstance.py:1238} INFO - 
--------------------------------------------------------------------------------
[2022-02-19 10:15:48,257] {taskinstance.py:1239} INFO - Starting attempt 1 of 1
[2022-02-19 10:15:48,257] {taskinstance.py:1240} INFO - 
--------------------------------------------------------------------------------
[2022-02-19 10:15:48,280] {taskinstance.py:1259} INFO - Executing <Task(PythonOperator): Extract_Data> on 2022-02-19 10:15:46.064821+00:00
[2022-02-19 10:15:48,287] {standard_task_runner.py:52} INFO - Started process 2406 to run task
[2022-02-19 10:15:48,297] {standard_task_runner.py:76} INFO - Running: ['***', 'tasks', 'run', 'demo_etl', 'Extract_Data', 'manual__2022-02-19T10:15:46.064821+00:00', '--job-id', '306', '--raw', '--subdir', 'DAGS_FOLDER/demo_etl.py', '--cfg-path', '/tmp/tmpcbqzreiz', '--error-file', '/tmp/tmpzsfndoc2']
[2022-02-19 10:15:48,298] {standard_task_runner.py:77} INFO - Job 306: Subtask Extract_Data
[2022-02-19 10:15:48,373] {logging_mixin.py:109} INFO - Running <TaskInstance: demo_etl.Extract_Data manual__2022-02-19T10:15:46.064821+00:00 [running]> on host f05ae857766d
[2022-02-19 10:15:48,449] {taskinstance.py:1426} INFO - Exporting the following env vars:
AIRFLOW_CTX_DAG_OWNER=***
AIRFLOW_CTX_DAG_ID=demo_etl
AIRFLOW_CTX_TASK_ID=Extract_Data
AIRFLOW_CTX_EXECUTION_DATE=2022-02-19T10:15:46.064821+00:00
AIRFLOW_CTX_DAG_RUN_ID=manual__2022-02-19T10:15:46.064821+00:00
[2022-02-19 10:15:48,457] {logging_mixin.py:109} WARNING - /home/***/.local/lib/python3.7/site-packages/***/utils/context.py:152 AirflowContextDeprecationWarning: Accessing 'execution_date' from the template is deprecated and will be removed in a future version. Please use 'data_interval_start' or 'logical_date' instead.
[2022-02-19 10:15:48,458] {logging_mixin.py:109} WARNING - /home/***/.local/lib/python3.7/site-packages/***/utils/context.py:152 AirflowContextDeprecationWarning: Accessing 'next_ds' from the template is deprecated and will be removed in a future version. Please use '{{ data_interval_end | ds }}' instead.
[2022-02-19 10:15:48,459] {logging_mixin.py:109} WARNING - /home/***/.local/lib/python3.7/site-packages/***/utils/context.py:152 AirflowContextDeprecationWarning: Accessing 'next_ds_nodash' from the template is deprecated and will be removed in a future version. Please use '{{ data_interval_end | ds_nodash }}' instead.
[2022-02-19 10:15:48,461] {logging_mixin.py:109} WARNING - /home/***/.local/lib/python3.7/site-packages/***/utils/context.py:152 AirflowContextDeprecationWarning: Accessing 'next_execution_date' from the template is deprecated and will be removed in a future version. Please use 'data_interval_end' instead.
[2022-02-19 10:15:48,462] {logging_mixin.py:109} WARNING - /home/***/.local/lib/python3.7/site-packages/***/utils/context.py:152 AirflowContextDeprecationWarning: Accessing 'prev_ds' from the template is deprecated and will be removed in a future version.
[2022-02-19 10:15:48,463] {logging_mixin.py:109} WARNING - /home/***/.local/lib/python3.7/site-packages/***/utils/context.py:152 AirflowContextDeprecationWarning: Accessing 'prev_ds_nodash' from the template is deprecated and will be removed in a future version.
[2022-02-19 10:15:48,464] {logging_mixin.py:109} WARNING - /home/***/.local/lib/python3.7/site-packages/***/utils/context.py:152 AirflowContextDeprecationWarning: Accessing 'prev_execution_date' from the template is deprecated and will be removed in a future version.
[2022-02-19 10:15:48,465] {logging_mixin.py:109} WARNING - /home/***/.local/lib/python3.7/site-packages/***/utils/context.py:152 AirflowContextDeprecationWarning: Accessing 'prev_execution_date_success' from the template is deprecated and will be removed in a future version. Please use 'prev_data_interval_start_success' instead.
[2022-02-19 10:15:48,466] {logging_mixin.py:109} WARNING - /home/***/.local/lib/python3.7/site-packages/***/utils/context.py:152 AirflowContextDeprecationWarning: Accessing 'tomorrow_ds' from the template is deprecated and will be removed in a future version.
[2022-02-19 10:15:48,467] {logging_mixin.py:109} WARNING - /home/***/.local/lib/python3.7/site-packages/***/utils/context.py:152 AirflowContextDeprecationWarning: Accessing 'tomorrow_ds_nodash' from the template is deprecated and will be removed in a future version.
[2022-02-19 10:15:48,468] {logging_mixin.py:109} WARNING - /home/***/.local/lib/python3.7/site-packages/***/utils/context.py:152 AirflowContextDeprecationWarning: Accessing 'yesterday_ds' from the template is deprecated and will be removed in a future version.
[2022-02-19 10:15:48,469] {logging_mixin.py:109} WARNING - /home/***/.local/lib/python3.7/site-packages/***/utils/context.py:152 AirflowContextDeprecationWarning: Accessing 'yesterday_ds_nodash' from the template is deprecated and will be removed in a future version.
[2022-02-19 10:15:53,226] {logging_mixin.py:109} INFO - Extract Done !!
[2022-02-19 10:15:53,227] {python.py:175} INFO - Done. Returned value was: None
[2022-02-19 10:15:53,239] {taskinstance.py:1277} INFO - Marking task as SUCCESS. dag_id=demo_etl, task_id=Extract_Data, execution_date=20220219T101546, start_date=20220219T101548, end_date=20220219T101553
[2022-02-19 10:15:53,263] {local_task_job.py:154} INFO - Task exited with return code 0
[2022-02-19 10:15:53,311] {local_task_job.py:264} INFO - 1 downstream tasks scheduled from follow-on schedule check
