[2022-02-19 09:17:26,289] {taskinstance.py:1032} INFO - Dependencies all met for <TaskInstance: demo_etl.Load_Data.Save_to_DB manual__2022-02-19T09:17:02.164739+00:00 [queued]>
[2022-02-19 09:17:26,304] {taskinstance.py:1032} INFO - Dependencies all met for <TaskInstance: demo_etl.Load_Data.Save_to_DB manual__2022-02-19T09:17:02.164739+00:00 [queued]>
[2022-02-19 09:17:26,304] {taskinstance.py:1238} INFO - 
--------------------------------------------------------------------------------
[2022-02-19 09:17:26,304] {taskinstance.py:1239} INFO - Starting attempt 1 of 1
[2022-02-19 09:17:26,304] {taskinstance.py:1240} INFO - 
--------------------------------------------------------------------------------
[2022-02-19 09:17:26,321] {taskinstance.py:1259} INFO - Executing <Task(PythonOperator): Load_Data.Save_to_DB> on 2022-02-19 09:17:02.164739+00:00
[2022-02-19 09:17:26,337] {standard_task_runner.py:52} INFO - Started process 97136 to run task
[2022-02-19 09:17:26,360] {standard_task_runner.py:76} INFO - Running: ['***', 'tasks', 'run', 'demo_etl', 'Load_Data.Save_to_DB', 'manual__2022-02-19T09:17:02.164739+00:00', '--job-id', '295', '--raw', '--subdir', 'DAGS_FOLDER/demo_etl.py', '--cfg-path', '/tmp/tmp_cnw89c3', '--error-file', '/tmp/tmpjlrt7ggt']
[2022-02-19 09:17:26,361] {standard_task_runner.py:77} INFO - Job 295: Subtask Load_Data.Save_to_DB
[2022-02-19 09:17:26,469] {logging_mixin.py:109} INFO - Running <TaskInstance: demo_etl.Load_Data.Save_to_DB manual__2022-02-19T09:17:02.164739+00:00 [running]> on host c39e331ab017
[2022-02-19 09:17:26,558] {taskinstance.py:1426} INFO - Exporting the following env vars:
AIRFLOW_CTX_DAG_OWNER=***
AIRFLOW_CTX_DAG_ID=demo_etl
AIRFLOW_CTX_TASK_ID=Load_Data.Save_to_DB
AIRFLOW_CTX_EXECUTION_DATE=2022-02-19T09:17:02.164739+00:00
AIRFLOW_CTX_DAG_RUN_ID=manual__2022-02-19T09:17:02.164739+00:00
[2022-02-19 09:17:26,566] {logging_mixin.py:109} WARNING - /home/***/.local/lib/python3.7/site-packages/***/utils/context.py:152 AirflowContextDeprecationWarning: Accessing 'execution_date' from the template is deprecated and will be removed in a future version. Please use 'data_interval_start' or 'logical_date' instead.
[2022-02-19 09:17:26,567] {logging_mixin.py:109} WARNING - /home/***/.local/lib/python3.7/site-packages/***/utils/context.py:152 AirflowContextDeprecationWarning: Accessing 'next_ds' from the template is deprecated and will be removed in a future version. Please use '{{ data_interval_end | ds }}' instead.
[2022-02-19 09:17:26,569] {logging_mixin.py:109} WARNING - /home/***/.local/lib/python3.7/site-packages/***/utils/context.py:152 AirflowContextDeprecationWarning: Accessing 'next_ds_nodash' from the template is deprecated and will be removed in a future version. Please use '{{ data_interval_end | ds_nodash }}' instead.
[2022-02-19 09:17:26,570] {logging_mixin.py:109} WARNING - /home/***/.local/lib/python3.7/site-packages/***/utils/context.py:152 AirflowContextDeprecationWarning: Accessing 'next_execution_date' from the template is deprecated and will be removed in a future version. Please use 'data_interval_end' instead.
[2022-02-19 09:17:26,570] {logging_mixin.py:109} WARNING - /home/***/.local/lib/python3.7/site-packages/***/utils/context.py:152 AirflowContextDeprecationWarning: Accessing 'prev_ds' from the template is deprecated and will be removed in a future version.
[2022-02-19 09:17:26,571] {logging_mixin.py:109} WARNING - /home/***/.local/lib/python3.7/site-packages/***/utils/context.py:152 AirflowContextDeprecationWarning: Accessing 'prev_ds_nodash' from the template is deprecated and will be removed in a future version.
[2022-02-19 09:17:26,572] {logging_mixin.py:109} WARNING - /home/***/.local/lib/python3.7/site-packages/***/utils/context.py:152 AirflowContextDeprecationWarning: Accessing 'prev_execution_date' from the template is deprecated and will be removed in a future version.
[2022-02-19 09:17:26,573] {logging_mixin.py:109} WARNING - /home/***/.local/lib/python3.7/site-packages/***/utils/context.py:152 AirflowContextDeprecationWarning: Accessing 'prev_execution_date_success' from the template is deprecated and will be removed in a future version. Please use 'prev_data_interval_start_success' instead.
[2022-02-19 09:17:26,574] {logging_mixin.py:109} WARNING - /home/***/.local/lib/python3.7/site-packages/***/utils/context.py:152 AirflowContextDeprecationWarning: Accessing 'tomorrow_ds' from the template is deprecated and will be removed in a future version.
[2022-02-19 09:17:26,575] {logging_mixin.py:109} WARNING - /home/***/.local/lib/python3.7/site-packages/***/utils/context.py:152 AirflowContextDeprecationWarning: Accessing 'tomorrow_ds_nodash' from the template is deprecated and will be removed in a future version.
[2022-02-19 09:17:26,576] {logging_mixin.py:109} WARNING - /home/***/.local/lib/python3.7/site-packages/***/utils/context.py:152 AirflowContextDeprecationWarning: Accessing 'yesterday_ds' from the template is deprecated and will be removed in a future version.
[2022-02-19 09:17:26,576] {logging_mixin.py:109} WARNING - /home/***/.local/lib/python3.7/site-packages/***/utils/context.py:152 AirflowContextDeprecationWarning: Accessing 'yesterday_ds_nodash' from the template is deprecated and will be removed in a future version.
[2022-02-19 09:17:26,639] {logging_mixin.py:109} INFO - Done !!
[2022-02-19 09:17:27,175] {logging_mixin.py:109} INFO - Done !!
[2022-02-19 09:17:27,210] {logging_mixin.py:109} INFO -       vendorid     lpep_pickup_datetime  ... trip_type  congestion_surcharge
0            2  2019-12-18T15:52:30.000  ...         1                  0.00
1            2  2020-01-01T00:45:58.000  ...         2                  0.00
2            2  2020-01-01T00:41:38.000  ...         1                  0.00
3            1  2020-01-01T00:52:46.000  ...         1                  2.75
4            1  2020-01-01T00:19:57.000  ...         1                  0.00
...        ...                      ...  ...       ...                   ...
1995         2  2021-01-02T12:48:43.000  ...         1                  0.00
1996         1  2021-01-02T12:16:47.000  ...         1                  0.00
1997         2  2021-01-02T12:07:17.000  ...         1                  0.00
1998         2  2021-01-02T12:32:45.000  ...         1                  0.00
1999         2  2021-01-02T12:02:46.000  ...         1                  0.00

[2000 rows x 18 columns]
[2022-02-19 09:17:37,250] {logging_mixin.py:109} INFO - Save Data to Database Done !!
[2022-02-19 09:17:37,250] {python.py:175} INFO - Done. Returned value was: None
[2022-02-19 09:17:37,267] {taskinstance.py:1277} INFO - Marking task as SUCCESS. dag_id=demo_etl, task_id=Load_Data.Save_to_DB, execution_date=20220219T091702, start_date=20220219T091726, end_date=20220219T091737
[2022-02-19 09:17:37,313] {local_task_job.py:154} INFO - Task exited with return code 0
[2022-02-19 09:17:37,401] {local_task_job.py:264} INFO - 1 downstream tasks scheduled from follow-on schedule check
