[2022-02-19 16:27:49,685] {taskinstance.py:1032} INFO - Dependencies all met for <TaskInstance: demo_etl.Transform_Data manual__2022-02-19T16:27:33.267438+00:00 [queued]>
[2022-02-19 16:27:49,724] {taskinstance.py:1032} INFO - Dependencies all met for <TaskInstance: demo_etl.Transform_Data manual__2022-02-19T16:27:33.267438+00:00 [queued]>
[2022-02-19 16:27:49,724] {taskinstance.py:1238} INFO - 
--------------------------------------------------------------------------------
[2022-02-19 16:27:49,724] {taskinstance.py:1239} INFO - Starting attempt 1 of 1
[2022-02-19 16:27:49,724] {taskinstance.py:1240} INFO - 
--------------------------------------------------------------------------------
[2022-02-19 16:27:49,787] {taskinstance.py:1259} INFO - Executing <Task(PythonOperator): Transform_Data> on 2022-02-19 16:27:33.267438+00:00
[2022-02-19 16:27:49,810] {standard_task_runner.py:52} INFO - Started process 44571 to run task
[2022-02-19 16:27:49,827] {standard_task_runner.py:76} INFO - Running: ['***', 'tasks', 'run', 'demo_etl', 'Transform_Data', 'manual__2022-02-19T16:27:33.267438+00:00', '--job-id', '410', '--raw', '--subdir', 'DAGS_FOLDER/demo_etl.py', '--cfg-path', '/tmp/tmpkrx5mohy', '--error-file', '/tmp/tmp6rq3s22s']
[2022-02-19 16:27:49,835] {standard_task_runner.py:77} INFO - Job 410: Subtask Transform_Data
[2022-02-19 16:27:49,958] {logging_mixin.py:109} INFO - Running <TaskInstance: demo_etl.Transform_Data manual__2022-02-19T16:27:33.267438+00:00 [running]> on host d18a6d5a39bc
[2022-02-19 16:27:50,119] {taskinstance.py:1426} INFO - Exporting the following env vars:
AIRFLOW_CTX_DAG_OWNER=***
AIRFLOW_CTX_DAG_ID=demo_etl
AIRFLOW_CTX_TASK_ID=Transform_Data
AIRFLOW_CTX_EXECUTION_DATE=2022-02-19T16:27:33.267438+00:00
AIRFLOW_CTX_DAG_RUN_ID=manual__2022-02-19T16:27:33.267438+00:00
[2022-02-19 16:27:50,131] {logging_mixin.py:109} WARNING - /home/***/.local/lib/python3.7/site-packages/***/utils/context.py:152 AirflowContextDeprecationWarning: Accessing 'execution_date' from the template is deprecated and will be removed in a future version. Please use 'data_interval_start' or 'logical_date' instead.
[2022-02-19 16:27:50,157] {logging_mixin.py:109} WARNING - /home/***/.local/lib/python3.7/site-packages/***/utils/context.py:152 AirflowContextDeprecationWarning: Accessing 'next_ds' from the template is deprecated and will be removed in a future version. Please use '{{ data_interval_end | ds }}' instead.
[2022-02-19 16:27:50,175] {logging_mixin.py:109} WARNING - /home/***/.local/lib/python3.7/site-packages/***/utils/context.py:152 AirflowContextDeprecationWarning: Accessing 'next_ds_nodash' from the template is deprecated and will be removed in a future version. Please use '{{ data_interval_end | ds_nodash }}' instead.
[2022-02-19 16:27:50,215] {logging_mixin.py:109} WARNING - /home/***/.local/lib/python3.7/site-packages/***/utils/context.py:152 AirflowContextDeprecationWarning: Accessing 'next_execution_date' from the template is deprecated and will be removed in a future version. Please use 'data_interval_end' instead.
[2022-02-19 16:27:50,216] {logging_mixin.py:109} WARNING - /home/***/.local/lib/python3.7/site-packages/***/utils/context.py:152 AirflowContextDeprecationWarning: Accessing 'prev_ds' from the template is deprecated and will be removed in a future version.
[2022-02-19 16:27:50,217] {logging_mixin.py:109} WARNING - /home/***/.local/lib/python3.7/site-packages/***/utils/context.py:152 AirflowContextDeprecationWarning: Accessing 'prev_ds_nodash' from the template is deprecated and will be removed in a future version.
[2022-02-19 16:27:50,219] {logging_mixin.py:109} WARNING - /home/***/.local/lib/python3.7/site-packages/***/utils/context.py:152 AirflowContextDeprecationWarning: Accessing 'prev_execution_date' from the template is deprecated and will be removed in a future version.
[2022-02-19 16:27:50,232] {logging_mixin.py:109} WARNING - /home/***/.local/lib/python3.7/site-packages/***/utils/context.py:152 AirflowContextDeprecationWarning: Accessing 'prev_execution_date_success' from the template is deprecated and will be removed in a future version. Please use 'prev_data_interval_start_success' instead.
[2022-02-19 16:27:50,235] {logging_mixin.py:109} WARNING - /home/***/.local/lib/python3.7/site-packages/***/utils/context.py:152 AirflowContextDeprecationWarning: Accessing 'tomorrow_ds' from the template is deprecated and will be removed in a future version.
[2022-02-19 16:27:50,237] {logging_mixin.py:109} WARNING - /home/***/.local/lib/python3.7/site-packages/***/utils/context.py:152 AirflowContextDeprecationWarning: Accessing 'tomorrow_ds_nodash' from the template is deprecated and will be removed in a future version.
[2022-02-19 16:27:50,238] {logging_mixin.py:109} WARNING - /home/***/.local/lib/python3.7/site-packages/***/utils/context.py:152 AirflowContextDeprecationWarning: Accessing 'yesterday_ds' from the template is deprecated and will be removed in a future version.
[2022-02-19 16:27:50,245] {logging_mixin.py:109} WARNING - /home/***/.local/lib/python3.7/site-packages/***/utils/context.py:152 AirflowContextDeprecationWarning: Accessing 'yesterday_ds_nodash' from the template is deprecated and will be removed in a future version.
[2022-02-19 16:27:50,764] {logging_mixin.py:109} INFO - Transform Done !!
[2022-02-19 16:27:50,765] {python.py:175} INFO - Done. Returned value was: None
[2022-02-19 16:27:50,802] {taskinstance.py:1277} INFO - Marking task as SUCCESS. dag_id=demo_etl, task_id=Transform_Data, execution_date=20220219T162733, start_date=20220219T162749, end_date=20220219T162750
[2022-02-19 16:27:50,987] {local_task_job.py:154} INFO - Task exited with return code 0
[2022-02-19 16:27:51,202] {local_task_job.py:264} INFO - 2 downstream tasks scheduled from follow-on schedule check
