[2022-02-18 15:29:17,241] {taskinstance.py:1032} INFO - Dependencies all met for <TaskInstance: demo_etl.Load_Data.Save_to_DB manual__2022-02-18T15:28:48.561790+00:00 [queued]>
[2022-02-18 15:29:17,259] {taskinstance.py:1032} INFO - Dependencies all met for <TaskInstance: demo_etl.Load_Data.Save_to_DB manual__2022-02-18T15:28:48.561790+00:00 [queued]>
[2022-02-18 15:29:17,259] {taskinstance.py:1238} INFO - 
--------------------------------------------------------------------------------
[2022-02-18 15:29:17,260] {taskinstance.py:1239} INFO - Starting attempt 1 of 1
[2022-02-18 15:29:17,260] {taskinstance.py:1240} INFO - 
--------------------------------------------------------------------------------
[2022-02-18 15:29:17,283] {taskinstance.py:1259} INFO - Executing <Task(PythonOperator): Load_Data.Save_to_DB> on 2022-02-18 15:28:48.561790+00:00
[2022-02-18 15:29:17,290] {standard_task_runner.py:52} INFO - Started process 4653 to run task
[2022-02-18 15:29:17,309] {standard_task_runner.py:76} INFO - Running: ['***', 'tasks', 'run', 'demo_etl', 'Load_Data.Save_to_DB', 'manual__2022-02-18T15:28:48.561790+00:00', '--job-id', '227', '--raw', '--subdir', 'DAGS_FOLDER/demo_etl.py', '--cfg-path', '/tmp/tmpg3lngjrv', '--error-file', '/tmp/tmpx2yanylz']
[2022-02-18 15:29:17,310] {standard_task_runner.py:77} INFO - Job 227: Subtask Load_Data.Save_to_DB
[2022-02-18 15:29:17,429] {logging_mixin.py:109} INFO - Running <TaskInstance: demo_etl.Load_Data.Save_to_DB manual__2022-02-18T15:28:48.561790+00:00 [running]> on host c39e331ab017
[2022-02-18 15:29:17,565] {taskinstance.py:1426} INFO - Exporting the following env vars:
AIRFLOW_CTX_DAG_OWNER=***
AIRFLOW_CTX_DAG_ID=demo_etl
AIRFLOW_CTX_TASK_ID=Load_Data.Save_to_DB
AIRFLOW_CTX_EXECUTION_DATE=2022-02-18T15:28:48.561790+00:00
AIRFLOW_CTX_DAG_RUN_ID=manual__2022-02-18T15:28:48.561790+00:00
[2022-02-18 15:29:17,582] {logging_mixin.py:109} WARNING - /home/***/.local/lib/python3.7/site-packages/***/utils/context.py:152 AirflowContextDeprecationWarning: Accessing 'execution_date' from the template is deprecated and will be removed in a future version. Please use 'data_interval_start' or 'logical_date' instead.
[2022-02-18 15:29:17,583] {logging_mixin.py:109} WARNING - /home/***/.local/lib/python3.7/site-packages/***/utils/context.py:152 AirflowContextDeprecationWarning: Accessing 'next_ds' from the template is deprecated and will be removed in a future version. Please use '{{ data_interval_end | ds }}' instead.
[2022-02-18 15:29:17,584] {logging_mixin.py:109} WARNING - /home/***/.local/lib/python3.7/site-packages/***/utils/context.py:152 AirflowContextDeprecationWarning: Accessing 'next_ds_nodash' from the template is deprecated and will be removed in a future version. Please use '{{ data_interval_end | ds_nodash }}' instead.
[2022-02-18 15:29:17,585] {logging_mixin.py:109} WARNING - /home/***/.local/lib/python3.7/site-packages/***/utils/context.py:152 AirflowContextDeprecationWarning: Accessing 'next_execution_date' from the template is deprecated and will be removed in a future version. Please use 'data_interval_end' instead.
[2022-02-18 15:29:17,586] {logging_mixin.py:109} WARNING - /home/***/.local/lib/python3.7/site-packages/***/utils/context.py:152 AirflowContextDeprecationWarning: Accessing 'prev_ds' from the template is deprecated and will be removed in a future version.
[2022-02-18 15:29:17,587] {logging_mixin.py:109} WARNING - /home/***/.local/lib/python3.7/site-packages/***/utils/context.py:152 AirflowContextDeprecationWarning: Accessing 'prev_ds_nodash' from the template is deprecated and will be removed in a future version.
[2022-02-18 15:29:17,592] {logging_mixin.py:109} WARNING - /home/***/.local/lib/python3.7/site-packages/***/utils/context.py:152 AirflowContextDeprecationWarning: Accessing 'prev_execution_date' from the template is deprecated and will be removed in a future version.
[2022-02-18 15:29:17,594] {logging_mixin.py:109} WARNING - /home/***/.local/lib/python3.7/site-packages/***/utils/context.py:152 AirflowContextDeprecationWarning: Accessing 'prev_execution_date_success' from the template is deprecated and will be removed in a future version. Please use 'prev_data_interval_start_success' instead.
[2022-02-18 15:29:17,594] {logging_mixin.py:109} WARNING - /home/***/.local/lib/python3.7/site-packages/***/utils/context.py:152 AirflowContextDeprecationWarning: Accessing 'tomorrow_ds' from the template is deprecated and will be removed in a future version.
[2022-02-18 15:29:17,595] {logging_mixin.py:109} WARNING - /home/***/.local/lib/python3.7/site-packages/***/utils/context.py:152 AirflowContextDeprecationWarning: Accessing 'tomorrow_ds_nodash' from the template is deprecated and will be removed in a future version.
[2022-02-18 15:29:17,596] {logging_mixin.py:109} WARNING - /home/***/.local/lib/python3.7/site-packages/***/utils/context.py:152 AirflowContextDeprecationWarning: Accessing 'yesterday_ds' from the template is deprecated and will be removed in a future version.
[2022-02-18 15:29:17,598] {logging_mixin.py:109} WARNING - /home/***/.local/lib/python3.7/site-packages/***/utils/context.py:152 AirflowContextDeprecationWarning: Accessing 'yesterday_ds_nodash' from the template is deprecated and will be removed in a future version.
[2022-02-18 15:29:17,735] {logging_mixin.py:109} INFO - Done !!
[2022-02-18 15:29:18,238] {logging_mixin.py:109} INFO - Done !!
[2022-02-18 15:29:18,267] {logging_mixin.py:109} INFO - Empty DataFrame
Columns: [VendorID, lpep_pickup_datetime, lpep_dropoff_datetime, RatecodeID, PULocationID, DOLocationID, passenger_count, trip_distance, fare_amount, extra, mta_tax, tip_amount, tolls_amount, improvement_surcharge, total_amount, payment_type, trip_type, congestion_surcharge]
Index: []
[2022-02-18 15:29:18,267] {logging_mixin.py:109} INFO - Save Data to Database Done !!
[2022-02-18 15:29:18,267] {python.py:175} INFO - Done. Returned value was: None
[2022-02-18 15:29:18,278] {taskinstance.py:1277} INFO - Marking task as SUCCESS. dag_id=demo_etl, task_id=Load_Data.Save_to_DB, execution_date=20220218T152848, start_date=20220218T152917, end_date=20220218T152918
[2022-02-18 15:29:18,319] {local_task_job.py:154} INFO - Task exited with return code 0
[2022-02-18 15:29:18,360] {local_task_job.py:264} INFO - 1 downstream tasks scheduled from follow-on schedule check
