[2022-02-18 14:57:10,875] {taskinstance.py:1032} INFO - Dependencies all met for <TaskInstance: demo_etl.Send_Email manual__2022-02-18T14:56:45.183313+00:00 [queued]>
[2022-02-18 14:57:11,007] {taskinstance.py:1032} INFO - Dependencies all met for <TaskInstance: demo_etl.Send_Email manual__2022-02-18T14:56:45.183313+00:00 [queued]>
[2022-02-18 14:57:11,009] {taskinstance.py:1238} INFO - 
--------------------------------------------------------------------------------
[2022-02-18 14:57:11,010] {taskinstance.py:1239} INFO - Starting attempt 1 of 1
[2022-02-18 14:57:11,010] {taskinstance.py:1240} INFO - 
--------------------------------------------------------------------------------
[2022-02-18 14:57:11,201] {taskinstance.py:1259} INFO - Executing <Task(PythonOperator): Send_Email> on 2022-02-18 14:56:45.183313+00:00
[2022-02-18 14:57:11,267] {standard_task_runner.py:52} INFO - Started process 772 to run task
[2022-02-18 14:57:11,278] {standard_task_runner.py:76} INFO - Running: ['***', 'tasks', 'run', 'demo_etl', 'Send_Email', 'manual__2022-02-18T14:56:45.183313+00:00', '--job-id', '213', '--raw', '--subdir', 'DAGS_FOLDER/demo_etl.py', '--cfg-path', '/tmp/tmp7v8ibnaw', '--error-file', '/tmp/tmp7w1ee283']
[2022-02-18 14:57:11,302] {standard_task_runner.py:77} INFO - Job 213: Subtask Send_Email
[2022-02-18 14:57:11,446] {logging_mixin.py:109} INFO - Running <TaskInstance: demo_etl.Send_Email manual__2022-02-18T14:56:45.183313+00:00 [running]> on host f632764e66f6
[2022-02-18 14:57:11,524] {taskinstance.py:1426} INFO - Exporting the following env vars:
AIRFLOW_CTX_DAG_OWNER=***
AIRFLOW_CTX_DAG_ID=demo_etl
AIRFLOW_CTX_TASK_ID=Send_Email
AIRFLOW_CTX_EXECUTION_DATE=2022-02-18T14:56:45.183313+00:00
AIRFLOW_CTX_DAG_RUN_ID=manual__2022-02-18T14:56:45.183313+00:00
[2022-02-18 14:57:11,533] {logging_mixin.py:109} WARNING - /home/***/.local/lib/python3.7/site-packages/***/utils/context.py:152 AirflowContextDeprecationWarning: Accessing 'execution_date' from the template is deprecated and will be removed in a future version. Please use 'data_interval_start' or 'logical_date' instead.
[2022-02-18 14:57:11,534] {logging_mixin.py:109} WARNING - /home/***/.local/lib/python3.7/site-packages/***/utils/context.py:152 AirflowContextDeprecationWarning: Accessing 'next_ds' from the template is deprecated and will be removed in a future version. Please use '{{ data_interval_end | ds }}' instead.
[2022-02-18 14:57:11,536] {logging_mixin.py:109} WARNING - /home/***/.local/lib/python3.7/site-packages/***/utils/context.py:152 AirflowContextDeprecationWarning: Accessing 'next_ds_nodash' from the template is deprecated and will be removed in a future version. Please use '{{ data_interval_end | ds_nodash }}' instead.
[2022-02-18 14:57:11,537] {logging_mixin.py:109} WARNING - /home/***/.local/lib/python3.7/site-packages/***/utils/context.py:152 AirflowContextDeprecationWarning: Accessing 'next_execution_date' from the template is deprecated and will be removed in a future version. Please use 'data_interval_end' instead.
[2022-02-18 14:57:11,537] {logging_mixin.py:109} WARNING - /home/***/.local/lib/python3.7/site-packages/***/utils/context.py:152 AirflowContextDeprecationWarning: Accessing 'prev_ds' from the template is deprecated and will be removed in a future version.
[2022-02-18 14:57:11,538] {logging_mixin.py:109} WARNING - /home/***/.local/lib/python3.7/site-packages/***/utils/context.py:152 AirflowContextDeprecationWarning: Accessing 'prev_ds_nodash' from the template is deprecated and will be removed in a future version.
[2022-02-18 14:57:11,539] {logging_mixin.py:109} WARNING - /home/***/.local/lib/python3.7/site-packages/***/utils/context.py:152 AirflowContextDeprecationWarning: Accessing 'prev_execution_date' from the template is deprecated and will be removed in a future version.
[2022-02-18 14:57:11,540] {logging_mixin.py:109} WARNING - /home/***/.local/lib/python3.7/site-packages/***/utils/context.py:152 AirflowContextDeprecationWarning: Accessing 'prev_execution_date_success' from the template is deprecated and will be removed in a future version. Please use 'prev_data_interval_start_success' instead.
[2022-02-18 14:57:11,541] {logging_mixin.py:109} WARNING - /home/***/.local/lib/python3.7/site-packages/***/utils/context.py:152 AirflowContextDeprecationWarning: Accessing 'tomorrow_ds' from the template is deprecated and will be removed in a future version.
[2022-02-18 14:57:11,542] {logging_mixin.py:109} WARNING - /home/***/.local/lib/python3.7/site-packages/***/utils/context.py:152 AirflowContextDeprecationWarning: Accessing 'tomorrow_ds_nodash' from the template is deprecated and will be removed in a future version.
[2022-02-18 14:57:11,543] {logging_mixin.py:109} WARNING - /home/***/.local/lib/python3.7/site-packages/***/utils/context.py:152 AirflowContextDeprecationWarning: Accessing 'yesterday_ds' from the template is deprecated and will be removed in a future version.
[2022-02-18 14:57:11,543] {logging_mixin.py:109} WARNING - /home/***/.local/lib/python3.7/site-packages/***/utils/context.py:152 AirflowContextDeprecationWarning: Accessing 'yesterday_ds_nodash' from the template is deprecated and will be removed in a future version.
[2022-02-18 14:57:11,544] {logging_mixin.py:109} INFO - Send E-mail Done !!
[2022-02-18 14:57:11,544] {python.py:175} INFO - Done. Returned value was: None
[2022-02-18 14:57:11,558] {taskinstance.py:1277} INFO - Marking task as SUCCESS. dag_id=demo_etl, task_id=Send_Email, execution_date=20220218T145645, start_date=20220218T145710, end_date=20220218T145711
[2022-02-18 14:57:11,588] {local_task_job.py:154} INFO - Task exited with return code 0
[2022-02-18 14:57:11,625] {local_task_job.py:264} INFO - 0 downstream tasks scheduled from follow-on schedule check
