[2022-02-18 14:57:03,995] {taskinstance.py:1032} INFO - Dependencies all met for <TaskInstance: demo_etl.Load_Data.Save_to_DB manual__2022-02-18T14:56:45.183313+00:00 [queued]>
[2022-02-18 14:57:04,036] {taskinstance.py:1032} INFO - Dependencies all met for <TaskInstance: demo_etl.Load_Data.Save_to_DB manual__2022-02-18T14:56:45.183313+00:00 [queued]>
[2022-02-18 14:57:04,041] {taskinstance.py:1238} INFO - 
--------------------------------------------------------------------------------
[2022-02-18 14:57:04,042] {taskinstance.py:1239} INFO - Starting attempt 1 of 1
[2022-02-18 14:57:04,042] {taskinstance.py:1240} INFO - 
--------------------------------------------------------------------------------
[2022-02-18 14:57:04,359] {taskinstance.py:1259} INFO - Executing <Task(PythonOperator): Load_Data.Save_to_DB> on 2022-02-18 14:56:45.183313+00:00
[2022-02-18 14:57:04,375] {standard_task_runner.py:52} INFO - Started process 751 to run task
[2022-02-18 14:57:04,458] {standard_task_runner.py:76} INFO - Running: ['***', 'tasks', 'run', 'demo_etl', 'Load_Data.Save_to_DB', 'manual__2022-02-18T14:56:45.183313+00:00', '--job-id', '211', '--raw', '--subdir', 'DAGS_FOLDER/demo_etl.py', '--cfg-path', '/tmp/tmpn8v68j66', '--error-file', '/tmp/tmpwmg4vh0e']
[2022-02-18 14:57:04,459] {standard_task_runner.py:77} INFO - Job 211: Subtask Load_Data.Save_to_DB
[2022-02-18 14:57:05,553] {logging_mixin.py:109} INFO - Running <TaskInstance: demo_etl.Load_Data.Save_to_DB manual__2022-02-18T14:56:45.183313+00:00 [running]> on host f632764e66f6
[2022-02-18 14:57:05,945] {taskinstance.py:1426} INFO - Exporting the following env vars:
AIRFLOW_CTX_DAG_OWNER=***
AIRFLOW_CTX_DAG_ID=demo_etl
AIRFLOW_CTX_TASK_ID=Load_Data.Save_to_DB
AIRFLOW_CTX_EXECUTION_DATE=2022-02-18T14:56:45.183313+00:00
AIRFLOW_CTX_DAG_RUN_ID=manual__2022-02-18T14:56:45.183313+00:00
[2022-02-18 14:57:06,074] {logging_mixin.py:109} WARNING - /home/***/.local/lib/python3.7/site-packages/***/utils/context.py:152 AirflowContextDeprecationWarning: Accessing 'execution_date' from the template is deprecated and will be removed in a future version. Please use 'data_interval_start' or 'logical_date' instead.
[2022-02-18 14:57:06,075] {logging_mixin.py:109} WARNING - /home/***/.local/lib/python3.7/site-packages/***/utils/context.py:152 AirflowContextDeprecationWarning: Accessing 'next_ds' from the template is deprecated and will be removed in a future version. Please use '{{ data_interval_end | ds }}' instead.
[2022-02-18 14:57:06,083] {logging_mixin.py:109} WARNING - /home/***/.local/lib/python3.7/site-packages/***/utils/context.py:152 AirflowContextDeprecationWarning: Accessing 'next_ds_nodash' from the template is deprecated and will be removed in a future version. Please use '{{ data_interval_end | ds_nodash }}' instead.
[2022-02-18 14:57:06,085] {logging_mixin.py:109} WARNING - /home/***/.local/lib/python3.7/site-packages/***/utils/context.py:152 AirflowContextDeprecationWarning: Accessing 'next_execution_date' from the template is deprecated and will be removed in a future version. Please use 'data_interval_end' instead.
[2022-02-18 14:57:06,089] {logging_mixin.py:109} WARNING - /home/***/.local/lib/python3.7/site-packages/***/utils/context.py:152 AirflowContextDeprecationWarning: Accessing 'prev_ds' from the template is deprecated and will be removed in a future version.
[2022-02-18 14:57:06,090] {logging_mixin.py:109} WARNING - /home/***/.local/lib/python3.7/site-packages/***/utils/context.py:152 AirflowContextDeprecationWarning: Accessing 'prev_ds_nodash' from the template is deprecated and will be removed in a future version.
[2022-02-18 14:57:06,090] {logging_mixin.py:109} WARNING - /home/***/.local/lib/python3.7/site-packages/***/utils/context.py:152 AirflowContextDeprecationWarning: Accessing 'prev_execution_date' from the template is deprecated and will be removed in a future version.
[2022-02-18 14:57:06,091] {logging_mixin.py:109} WARNING - /home/***/.local/lib/python3.7/site-packages/***/utils/context.py:152 AirflowContextDeprecationWarning: Accessing 'prev_execution_date_success' from the template is deprecated and will be removed in a future version. Please use 'prev_data_interval_start_success' instead.
[2022-02-18 14:57:06,104] {logging_mixin.py:109} WARNING - /home/***/.local/lib/python3.7/site-packages/***/utils/context.py:152 AirflowContextDeprecationWarning: Accessing 'tomorrow_ds' from the template is deprecated and will be removed in a future version.
[2022-02-18 14:57:06,105] {logging_mixin.py:109} WARNING - /home/***/.local/lib/python3.7/site-packages/***/utils/context.py:152 AirflowContextDeprecationWarning: Accessing 'tomorrow_ds_nodash' from the template is deprecated and will be removed in a future version.
[2022-02-18 14:57:06,106] {logging_mixin.py:109} WARNING - /home/***/.local/lib/python3.7/site-packages/***/utils/context.py:152 AirflowContextDeprecationWarning: Accessing 'yesterday_ds' from the template is deprecated and will be removed in a future version.
[2022-02-18 14:57:06,126] {logging_mixin.py:109} WARNING - /home/***/.local/lib/python3.7/site-packages/***/utils/context.py:152 AirflowContextDeprecationWarning: Accessing 'yesterday_ds_nodash' from the template is deprecated and will be removed in a future version.
[2022-02-18 14:57:08,389] {logging_mixin.py:109} INFO - 1.3.24
[2022-02-18 14:57:08,390] {logging_mixin.py:109} INFO - Done !!
[2022-02-18 14:57:08,390] {logging_mixin.py:109} INFO - Save Data to Database Done !!
[2022-02-18 14:57:08,390] {python.py:175} INFO - Done. Returned value was: None
[2022-02-18 14:57:08,433] {taskinstance.py:1277} INFO - Marking task as SUCCESS. dag_id=demo_etl, task_id=Load_Data.Save_to_DB, execution_date=20220218T145645, start_date=20220218T145704, end_date=20220218T145708
[2022-02-18 14:57:08,461] {local_task_job.py:154} INFO - Task exited with return code 0
[2022-02-18 14:57:08,551] {local_task_job.py:264} INFO - 0 downstream tasks scheduled from follow-on schedule check
