[2022-02-17 16:17:00,858] {taskinstance.py:1032} INFO - Dependencies all met for <TaskInstance: demo_etl.Load_Data.Save_to_csv manual__2022-02-17T16:16:52.499937+00:00 [queued]>
[2022-02-17 16:17:00,887] {taskinstance.py:1032} INFO - Dependencies all met for <TaskInstance: demo_etl.Load_Data.Save_to_csv manual__2022-02-17T16:16:52.499937+00:00 [queued]>
[2022-02-17 16:17:00,887] {taskinstance.py:1238} INFO - 
--------------------------------------------------------------------------------
[2022-02-17 16:17:00,888] {taskinstance.py:1239} INFO - Starting attempt 1 of 1
[2022-02-17 16:17:00,888] {taskinstance.py:1240} INFO - 
--------------------------------------------------------------------------------
[2022-02-17 16:17:00,907] {taskinstance.py:1259} INFO - Executing <Task(PythonOperator): Load_Data.Save_to_csv> on 2022-02-17 16:16:52.499937+00:00
[2022-02-17 16:17:00,913] {standard_task_runner.py:52} INFO - Started process 14860 to run task
[2022-02-17 16:17:00,930] {standard_task_runner.py:76} INFO - Running: ['***', 'tasks', 'run', 'demo_etl', 'Load_Data.Save_to_csv', 'manual__2022-02-17T16:16:52.499937+00:00', '--job-id', '145', '--raw', '--subdir', 'DAGS_FOLDER/demo_etl.py', '--cfg-path', '/tmp/tmp31h94quw', '--error-file', '/tmp/tmpiv5ebp_r']
[2022-02-17 16:17:00,932] {standard_task_runner.py:77} INFO - Job 145: Subtask Load_Data.Save_to_csv
[2022-02-17 16:17:01,020] {logging_mixin.py:109} INFO - Running <TaskInstance: demo_etl.Load_Data.Save_to_csv manual__2022-02-17T16:16:52.499937+00:00 [running]> on host 025baa70c69a
[2022-02-17 16:17:01,113] {taskinstance.py:1426} INFO - Exporting the following env vars:
AIRFLOW_CTX_DAG_OWNER=***
AIRFLOW_CTX_DAG_ID=demo_etl
AIRFLOW_CTX_TASK_ID=Load_Data.Save_to_csv
AIRFLOW_CTX_EXECUTION_DATE=2022-02-17T16:16:52.499937+00:00
AIRFLOW_CTX_DAG_RUN_ID=manual__2022-02-17T16:16:52.499937+00:00
[2022-02-17 16:17:01,124] {logging_mixin.py:109} WARNING - /home/***/.local/lib/python3.7/site-packages/***/utils/context.py:152 AirflowContextDeprecationWarning: Accessing 'execution_date' from the template is deprecated and will be removed in a future version. Please use 'data_interval_start' or 'logical_date' instead.
[2022-02-17 16:17:01,126] {logging_mixin.py:109} WARNING - /home/***/.local/lib/python3.7/site-packages/***/utils/context.py:152 AirflowContextDeprecationWarning: Accessing 'next_ds' from the template is deprecated and will be removed in a future version. Please use '{{ data_interval_end | ds }}' instead.
[2022-02-17 16:17:01,129] {logging_mixin.py:109} WARNING - /home/***/.local/lib/python3.7/site-packages/***/utils/context.py:152 AirflowContextDeprecationWarning: Accessing 'next_ds_nodash' from the template is deprecated and will be removed in a future version. Please use '{{ data_interval_end | ds_nodash }}' instead.
[2022-02-17 16:17:01,130] {logging_mixin.py:109} WARNING - /home/***/.local/lib/python3.7/site-packages/***/utils/context.py:152 AirflowContextDeprecationWarning: Accessing 'next_execution_date' from the template is deprecated and will be removed in a future version. Please use 'data_interval_end' instead.
[2022-02-17 16:17:01,141] {logging_mixin.py:109} WARNING - /home/***/.local/lib/python3.7/site-packages/***/utils/context.py:152 AirflowContextDeprecationWarning: Accessing 'prev_ds' from the template is deprecated and will be removed in a future version.
[2022-02-17 16:17:01,142] {logging_mixin.py:109} WARNING - /home/***/.local/lib/python3.7/site-packages/***/utils/context.py:152 AirflowContextDeprecationWarning: Accessing 'prev_ds_nodash' from the template is deprecated and will be removed in a future version.
[2022-02-17 16:17:01,143] {logging_mixin.py:109} WARNING - /home/***/.local/lib/python3.7/site-packages/***/utils/context.py:152 AirflowContextDeprecationWarning: Accessing 'prev_execution_date' from the template is deprecated and will be removed in a future version.
[2022-02-17 16:17:01,144] {logging_mixin.py:109} WARNING - /home/***/.local/lib/python3.7/site-packages/***/utils/context.py:152 AirflowContextDeprecationWarning: Accessing 'prev_execution_date_success' from the template is deprecated and will be removed in a future version. Please use 'prev_data_interval_start_success' instead.
[2022-02-17 16:17:01,155] {logging_mixin.py:109} WARNING - /home/***/.local/lib/python3.7/site-packages/***/utils/context.py:152 AirflowContextDeprecationWarning: Accessing 'tomorrow_ds' from the template is deprecated and will be removed in a future version.
[2022-02-17 16:17:01,156] {logging_mixin.py:109} WARNING - /home/***/.local/lib/python3.7/site-packages/***/utils/context.py:152 AirflowContextDeprecationWarning: Accessing 'tomorrow_ds_nodash' from the template is deprecated and will be removed in a future version.
[2022-02-17 16:17:01,157] {logging_mixin.py:109} WARNING - /home/***/.local/lib/python3.7/site-packages/***/utils/context.py:152 AirflowContextDeprecationWarning: Accessing 'yesterday_ds' from the template is deprecated and will be removed in a future version.
[2022-02-17 16:17:01,158] {logging_mixin.py:109} WARNING - /home/***/.local/lib/python3.7/site-packages/***/utils/context.py:152 AirflowContextDeprecationWarning: Accessing 'yesterday_ds_nodash' from the template is deprecated and will be removed in a future version.
[2022-02-17 16:17:01,179] {logging_mixin.py:109} INFO - CSV to JSON Done !!
[2022-02-17 16:17:01,180] {python.py:175} INFO - Done. Returned value was: None
[2022-02-17 16:17:01,213] {taskinstance.py:1277} INFO - Marking task as SUCCESS. dag_id=demo_etl, task_id=Load_Data.Save_to_csv, execution_date=20220217T161652, start_date=20220217T161700, end_date=20220217T161701
[2022-02-17 16:17:01,279] {local_task_job.py:154} INFO - Task exited with return code 0
[2022-02-17 16:17:01,392] {local_task_job.py:264} INFO - 0 downstream tasks scheduled from follow-on schedule check
