[2022-02-18 14:30:06,921] {taskinstance.py:1032} INFO - Dependencies all met for <TaskInstance: demo_etl.Extract_Data manual__2022-02-18T14:30:05.005089+00:00 [queued]>
[2022-02-18 14:30:06,931] {taskinstance.py:1032} INFO - Dependencies all met for <TaskInstance: demo_etl.Extract_Data manual__2022-02-18T14:30:05.005089+00:00 [queued]>
[2022-02-18 14:30:06,931] {taskinstance.py:1238} INFO - 
--------------------------------------------------------------------------------
[2022-02-18 14:30:06,932] {taskinstance.py:1239} INFO - Starting attempt 1 of 1
[2022-02-18 14:30:06,932] {taskinstance.py:1240} INFO - 
--------------------------------------------------------------------------------
[2022-02-18 14:30:06,942] {taskinstance.py:1259} INFO - Executing <Task(PythonOperator): Extract_Data> on 2022-02-18 14:30:05.005089+00:00
[2022-02-18 14:30:06,948] {standard_task_runner.py:52} INFO - Started process 2556 to run task
[2022-02-18 14:30:06,952] {standard_task_runner.py:76} INFO - Running: ['***', 'tasks', 'run', 'demo_etl', 'Extract_Data', 'manual__2022-02-18T14:30:05.005089+00:00', '--job-id', '190', '--raw', '--subdir', 'DAGS_FOLDER/demo_etl.py', '--cfg-path', '/tmp/tmpmaa8cg0x', '--error-file', '/tmp/tmpm_zb32rj']
[2022-02-18 14:30:06,953] {standard_task_runner.py:77} INFO - Job 190: Subtask Extract_Data
[2022-02-18 14:30:07,017] {logging_mixin.py:109} INFO - Running <TaskInstance: demo_etl.Extract_Data manual__2022-02-18T14:30:05.005089+00:00 [running]> on host f632764e66f6
[2022-02-18 14:30:07,075] {taskinstance.py:1426} INFO - Exporting the following env vars:
AIRFLOW_CTX_DAG_OWNER=***
AIRFLOW_CTX_DAG_ID=demo_etl
AIRFLOW_CTX_TASK_ID=Extract_Data
AIRFLOW_CTX_EXECUTION_DATE=2022-02-18T14:30:05.005089+00:00
AIRFLOW_CTX_DAG_RUN_ID=manual__2022-02-18T14:30:05.005089+00:00
[2022-02-18 14:30:07,082] {logging_mixin.py:109} WARNING - /home/***/.local/lib/python3.7/site-packages/***/utils/context.py:152 AirflowContextDeprecationWarning: Accessing 'execution_date' from the template is deprecated and will be removed in a future version. Please use 'data_interval_start' or 'logical_date' instead.
[2022-02-18 14:30:07,083] {logging_mixin.py:109} WARNING - /home/***/.local/lib/python3.7/site-packages/***/utils/context.py:152 AirflowContextDeprecationWarning: Accessing 'next_ds' from the template is deprecated and will be removed in a future version. Please use '{{ data_interval_end | ds }}' instead.
[2022-02-18 14:30:07,084] {logging_mixin.py:109} WARNING - /home/***/.local/lib/python3.7/site-packages/***/utils/context.py:152 AirflowContextDeprecationWarning: Accessing 'next_ds_nodash' from the template is deprecated and will be removed in a future version. Please use '{{ data_interval_end | ds_nodash }}' instead.
[2022-02-18 14:30:07,085] {logging_mixin.py:109} WARNING - /home/***/.local/lib/python3.7/site-packages/***/utils/context.py:152 AirflowContextDeprecationWarning: Accessing 'next_execution_date' from the template is deprecated and will be removed in a future version. Please use 'data_interval_end' instead.
[2022-02-18 14:30:07,086] {logging_mixin.py:109} WARNING - /home/***/.local/lib/python3.7/site-packages/***/utils/context.py:152 AirflowContextDeprecationWarning: Accessing 'prev_ds' from the template is deprecated and will be removed in a future version.
[2022-02-18 14:30:07,087] {logging_mixin.py:109} WARNING - /home/***/.local/lib/python3.7/site-packages/***/utils/context.py:152 AirflowContextDeprecationWarning: Accessing 'prev_ds_nodash' from the template is deprecated and will be removed in a future version.
[2022-02-18 14:30:07,088] {logging_mixin.py:109} WARNING - /home/***/.local/lib/python3.7/site-packages/***/utils/context.py:152 AirflowContextDeprecationWarning: Accessing 'prev_execution_date' from the template is deprecated and will be removed in a future version.
[2022-02-18 14:30:07,089] {logging_mixin.py:109} WARNING - /home/***/.local/lib/python3.7/site-packages/***/utils/context.py:152 AirflowContextDeprecationWarning: Accessing 'prev_execution_date_success' from the template is deprecated and will be removed in a future version. Please use 'prev_data_interval_start_success' instead.
[2022-02-18 14:30:07,089] {logging_mixin.py:109} WARNING - /home/***/.local/lib/python3.7/site-packages/***/utils/context.py:152 AirflowContextDeprecationWarning: Accessing 'tomorrow_ds' from the template is deprecated and will be removed in a future version.
[2022-02-18 14:30:07,090] {logging_mixin.py:109} WARNING - /home/***/.local/lib/python3.7/site-packages/***/utils/context.py:152 AirflowContextDeprecationWarning: Accessing 'tomorrow_ds_nodash' from the template is deprecated and will be removed in a future version.
[2022-02-18 14:30:07,091] {logging_mixin.py:109} WARNING - /home/***/.local/lib/python3.7/site-packages/***/utils/context.py:152 AirflowContextDeprecationWarning: Accessing 'yesterday_ds' from the template is deprecated and will be removed in a future version.
[2022-02-18 14:30:07,092] {logging_mixin.py:109} WARNING - /home/***/.local/lib/python3.7/site-packages/***/utils/context.py:152 AirflowContextDeprecationWarning: Accessing 'yesterday_ds_nodash' from the template is deprecated and will be removed in a future version.
[2022-02-18 14:30:08,425] {logging_mixin.py:109} INFO - Extract Done !!
[2022-02-18 14:30:08,425] {python.py:175} INFO - Done. Returned value was: None
[2022-02-18 14:30:08,444] {taskinstance.py:1277} INFO - Marking task as SUCCESS. dag_id=demo_etl, task_id=Extract_Data, execution_date=20220218T143005, start_date=20220218T143006, end_date=20220218T143008
[2022-02-18 14:30:08,529] {local_task_job.py:154} INFO - Task exited with return code 0
[2022-02-18 14:30:08,653] {local_task_job.py:264} INFO - 1 downstream tasks scheduled from follow-on schedule check
