[2022-02-19 14:27:54,266] {taskinstance.py:1032} INFO - Dependencies all met for <TaskInstance: demo_etl.Extract_Data manual__2022-02-19T14:27:52.738259+00:00 [queued]>
[2022-02-19 14:27:54,278] {taskinstance.py:1032} INFO - Dependencies all met for <TaskInstance: demo_etl.Extract_Data manual__2022-02-19T14:27:52.738259+00:00 [queued]>
[2022-02-19 14:27:54,278] {taskinstance.py:1238} INFO - 
--------------------------------------------------------------------------------
[2022-02-19 14:27:54,278] {taskinstance.py:1239} INFO - Starting attempt 1 of 1
[2022-02-19 14:27:54,278] {taskinstance.py:1240} INFO - 
--------------------------------------------------------------------------------
[2022-02-19 14:27:54,290] {taskinstance.py:1259} INFO - Executing <Task(PythonOperator): Extract_Data> on 2022-02-19 14:27:52.738259+00:00
[2022-02-19 14:27:54,296] {standard_task_runner.py:52} INFO - Started process 15750 to run task
[2022-02-19 14:27:54,300] {standard_task_runner.py:76} INFO - Running: ['***', 'tasks', 'run', 'demo_etl', 'Extract_Data', 'manual__2022-02-19T14:27:52.738259+00:00', '--job-id', '366', '--raw', '--subdir', 'DAGS_FOLDER/demo_etl.py', '--cfg-path', '/tmp/tmpyicr08nu', '--error-file', '/tmp/tmpu7npg3vr']
[2022-02-19 14:27:54,301] {standard_task_runner.py:77} INFO - Job 366: Subtask Extract_Data
[2022-02-19 14:27:54,375] {logging_mixin.py:109} INFO - Running <TaskInstance: demo_etl.Extract_Data manual__2022-02-19T14:27:52.738259+00:00 [running]> on host d18a6d5a39bc
[2022-02-19 14:27:54,443] {taskinstance.py:1426} INFO - Exporting the following env vars:
AIRFLOW_CTX_DAG_OWNER=***
AIRFLOW_CTX_DAG_ID=demo_etl
AIRFLOW_CTX_TASK_ID=Extract_Data
AIRFLOW_CTX_EXECUTION_DATE=2022-02-19T14:27:52.738259+00:00
AIRFLOW_CTX_DAG_RUN_ID=manual__2022-02-19T14:27:52.738259+00:00
[2022-02-19 14:27:54,451] {logging_mixin.py:109} WARNING - /home/***/.local/lib/python3.7/site-packages/***/utils/context.py:152 AirflowContextDeprecationWarning: Accessing 'execution_date' from the template is deprecated and will be removed in a future version. Please use 'data_interval_start' or 'logical_date' instead.
[2022-02-19 14:27:54,452] {logging_mixin.py:109} WARNING - /home/***/.local/lib/python3.7/site-packages/***/utils/context.py:152 AirflowContextDeprecationWarning: Accessing 'next_ds' from the template is deprecated and will be removed in a future version. Please use '{{ data_interval_end | ds }}' instead.
[2022-02-19 14:27:54,453] {logging_mixin.py:109} WARNING - /home/***/.local/lib/python3.7/site-packages/***/utils/context.py:152 AirflowContextDeprecationWarning: Accessing 'next_ds_nodash' from the template is deprecated and will be removed in a future version. Please use '{{ data_interval_end | ds_nodash }}' instead.
[2022-02-19 14:27:54,454] {logging_mixin.py:109} WARNING - /home/***/.local/lib/python3.7/site-packages/***/utils/context.py:152 AirflowContextDeprecationWarning: Accessing 'next_execution_date' from the template is deprecated and will be removed in a future version. Please use 'data_interval_end' instead.
[2022-02-19 14:27:54,455] {logging_mixin.py:109} WARNING - /home/***/.local/lib/python3.7/site-packages/***/utils/context.py:152 AirflowContextDeprecationWarning: Accessing 'prev_ds' from the template is deprecated and will be removed in a future version.
[2022-02-19 14:27:54,456] {logging_mixin.py:109} WARNING - /home/***/.local/lib/python3.7/site-packages/***/utils/context.py:152 AirflowContextDeprecationWarning: Accessing 'prev_ds_nodash' from the template is deprecated and will be removed in a future version.
[2022-02-19 14:27:54,457] {logging_mixin.py:109} WARNING - /home/***/.local/lib/python3.7/site-packages/***/utils/context.py:152 AirflowContextDeprecationWarning: Accessing 'prev_execution_date' from the template is deprecated and will be removed in a future version.
[2022-02-19 14:27:54,458] {logging_mixin.py:109} WARNING - /home/***/.local/lib/python3.7/site-packages/***/utils/context.py:152 AirflowContextDeprecationWarning: Accessing 'prev_execution_date_success' from the template is deprecated and will be removed in a future version. Please use 'prev_data_interval_start_success' instead.
[2022-02-19 14:27:54,459] {logging_mixin.py:109} WARNING - /home/***/.local/lib/python3.7/site-packages/***/utils/context.py:152 AirflowContextDeprecationWarning: Accessing 'tomorrow_ds' from the template is deprecated and will be removed in a future version.
[2022-02-19 14:27:54,460] {logging_mixin.py:109} WARNING - /home/***/.local/lib/python3.7/site-packages/***/utils/context.py:152 AirflowContextDeprecationWarning: Accessing 'tomorrow_ds_nodash' from the template is deprecated and will be removed in a future version.
[2022-02-19 14:27:54,461] {logging_mixin.py:109} WARNING - /home/***/.local/lib/python3.7/site-packages/***/utils/context.py:152 AirflowContextDeprecationWarning: Accessing 'yesterday_ds' from the template is deprecated and will be removed in a future version.
[2022-02-19 14:27:54,461] {logging_mixin.py:109} WARNING - /home/***/.local/lib/python3.7/site-packages/***/utils/context.py:152 AirflowContextDeprecationWarning: Accessing 'yesterday_ds_nodash' from the template is deprecated and will be removed in a future version.
[2022-02-19 14:27:58,548] {logging_mixin.py:109} INFO - Extract Done !!
[2022-02-19 14:27:58,549] {python.py:175} INFO - Done. Returned value was: None
[2022-02-19 14:27:58,562] {taskinstance.py:1277} INFO - Marking task as SUCCESS. dag_id=demo_etl, task_id=Extract_Data, execution_date=20220219T142752, start_date=20220219T142754, end_date=20220219T142758
[2022-02-19 14:27:58,602] {local_task_job.py:154} INFO - Task exited with return code 0
[2022-02-19 14:27:58,648] {local_task_job.py:264} INFO - 1 downstream tasks scheduled from follow-on schedule check
