[2022-02-18 14:33:47,319] {taskinstance.py:1032} INFO - Dependencies all met for <TaskInstance: demo_etl.Load_Data.Save_to_csv manual__2022-02-18T14:33:38.115122+00:00 [queued]>
[2022-02-18 14:33:47,330] {taskinstance.py:1032} INFO - Dependencies all met for <TaskInstance: demo_etl.Load_Data.Save_to_csv manual__2022-02-18T14:33:38.115122+00:00 [queued]>
[2022-02-18 14:33:47,331] {taskinstance.py:1238} INFO - 
--------------------------------------------------------------------------------
[2022-02-18 14:33:47,331] {taskinstance.py:1239} INFO - Starting attempt 1 of 1
[2022-02-18 14:33:47,331] {taskinstance.py:1240} INFO - 
--------------------------------------------------------------------------------
[2022-02-18 14:33:47,346] {taskinstance.py:1259} INFO - Executing <Task(PythonOperator): Load_Data.Save_to_csv> on 2022-02-18 14:33:38.115122+00:00
[2022-02-18 14:33:47,354] {standard_task_runner.py:52} INFO - Started process 3944 to run task
[2022-02-18 14:33:47,363] {standard_task_runner.py:76} INFO - Running: ['***', 'tasks', 'run', 'demo_etl', 'Load_Data.Save_to_csv', 'manual__2022-02-18T14:33:38.115122+00:00', '--job-id', '196', '--raw', '--subdir', 'DAGS_FOLDER/demo_etl.py', '--cfg-path', '/tmp/tmphl5ho0l4', '--error-file', '/tmp/tmp4_peh136']
[2022-02-18 14:33:47,365] {standard_task_runner.py:77} INFO - Job 196: Subtask Load_Data.Save_to_csv
[2022-02-18 14:33:47,438] {logging_mixin.py:109} INFO - Running <TaskInstance: demo_etl.Load_Data.Save_to_csv manual__2022-02-18T14:33:38.115122+00:00 [running]> on host f632764e66f6
[2022-02-18 14:33:47,500] {taskinstance.py:1426} INFO - Exporting the following env vars:
AIRFLOW_CTX_DAG_OWNER=***
AIRFLOW_CTX_DAG_ID=demo_etl
AIRFLOW_CTX_TASK_ID=Load_Data.Save_to_csv
AIRFLOW_CTX_EXECUTION_DATE=2022-02-18T14:33:38.115122+00:00
AIRFLOW_CTX_DAG_RUN_ID=manual__2022-02-18T14:33:38.115122+00:00
[2022-02-18 14:33:47,508] {logging_mixin.py:109} WARNING - /home/***/.local/lib/python3.7/site-packages/***/utils/context.py:152 AirflowContextDeprecationWarning: Accessing 'execution_date' from the template is deprecated and will be removed in a future version. Please use 'data_interval_start' or 'logical_date' instead.
[2022-02-18 14:33:47,509] {logging_mixin.py:109} WARNING - /home/***/.local/lib/python3.7/site-packages/***/utils/context.py:152 AirflowContextDeprecationWarning: Accessing 'next_ds' from the template is deprecated and will be removed in a future version. Please use '{{ data_interval_end | ds }}' instead.
[2022-02-18 14:33:47,510] {logging_mixin.py:109} WARNING - /home/***/.local/lib/python3.7/site-packages/***/utils/context.py:152 AirflowContextDeprecationWarning: Accessing 'next_ds_nodash' from the template is deprecated and will be removed in a future version. Please use '{{ data_interval_end | ds_nodash }}' instead.
[2022-02-18 14:33:47,511] {logging_mixin.py:109} WARNING - /home/***/.local/lib/python3.7/site-packages/***/utils/context.py:152 AirflowContextDeprecationWarning: Accessing 'next_execution_date' from the template is deprecated and will be removed in a future version. Please use 'data_interval_end' instead.
[2022-02-18 14:33:47,512] {logging_mixin.py:109} WARNING - /home/***/.local/lib/python3.7/site-packages/***/utils/context.py:152 AirflowContextDeprecationWarning: Accessing 'prev_ds' from the template is deprecated and will be removed in a future version.
[2022-02-18 14:33:47,513] {logging_mixin.py:109} WARNING - /home/***/.local/lib/python3.7/site-packages/***/utils/context.py:152 AirflowContextDeprecationWarning: Accessing 'prev_ds_nodash' from the template is deprecated and will be removed in a future version.
[2022-02-18 14:33:47,514] {logging_mixin.py:109} WARNING - /home/***/.local/lib/python3.7/site-packages/***/utils/context.py:152 AirflowContextDeprecationWarning: Accessing 'prev_execution_date' from the template is deprecated and will be removed in a future version.
[2022-02-18 14:33:47,515] {logging_mixin.py:109} WARNING - /home/***/.local/lib/python3.7/site-packages/***/utils/context.py:152 AirflowContextDeprecationWarning: Accessing 'prev_execution_date_success' from the template is deprecated and will be removed in a future version. Please use 'prev_data_interval_start_success' instead.
[2022-02-18 14:33:47,516] {logging_mixin.py:109} WARNING - /home/***/.local/lib/python3.7/site-packages/***/utils/context.py:152 AirflowContextDeprecationWarning: Accessing 'tomorrow_ds' from the template is deprecated and will be removed in a future version.
[2022-02-18 14:33:47,517] {logging_mixin.py:109} WARNING - /home/***/.local/lib/python3.7/site-packages/***/utils/context.py:152 AirflowContextDeprecationWarning: Accessing 'tomorrow_ds_nodash' from the template is deprecated and will be removed in a future version.
[2022-02-18 14:33:47,518] {logging_mixin.py:109} WARNING - /home/***/.local/lib/python3.7/site-packages/***/utils/context.py:152 AirflowContextDeprecationWarning: Accessing 'yesterday_ds' from the template is deprecated and will be removed in a future version.
[2022-02-18 14:33:47,519] {logging_mixin.py:109} WARNING - /home/***/.local/lib/python3.7/site-packages/***/utils/context.py:152 AirflowContextDeprecationWarning: Accessing 'yesterday_ds_nodash' from the template is deprecated and will be removed in a future version.
[2022-02-18 14:33:47,528] {logging_mixin.py:109} INFO - CSV to JSON Done !!
[2022-02-18 14:33:47,528] {python.py:175} INFO - Done. Returned value was: None
[2022-02-18 14:33:47,540] {taskinstance.py:1277} INFO - Marking task as SUCCESS. dag_id=demo_etl, task_id=Load_Data.Save_to_csv, execution_date=20220218T143338, start_date=20220218T143347, end_date=20220218T143347
[2022-02-18 14:33:47,584] {local_task_job.py:154} INFO - Task exited with return code 0
[2022-02-18 14:33:47,633] {local_task_job.py:264} INFO - 0 downstream tasks scheduled from follow-on schedule check
