[2022-02-19 05:49:35,147] {taskinstance.py:1032} INFO - Dependencies all met for <TaskInstance: demo_etl.Load_Data.Save_to_csv manual__2022-02-19T05:49:11.561653+00:00 [queued]>
[2022-02-19 05:49:35,159] {taskinstance.py:1032} INFO - Dependencies all met for <TaskInstance: demo_etl.Load_Data.Save_to_csv manual__2022-02-19T05:49:11.561653+00:00 [queued]>
[2022-02-19 05:49:35,161] {taskinstance.py:1238} INFO - 
--------------------------------------------------------------------------------
[2022-02-19 05:49:35,161] {taskinstance.py:1239} INFO - Starting attempt 1 of 1
[2022-02-19 05:49:35,161] {taskinstance.py:1240} INFO - 
--------------------------------------------------------------------------------
[2022-02-19 05:49:35,175] {taskinstance.py:1259} INFO - Executing <Task(PythonOperator): Load_Data.Save_to_csv> on 2022-02-19 05:49:11.561653+00:00
[2022-02-19 05:49:35,181] {standard_task_runner.py:52} INFO - Started process 17688 to run task
[2022-02-19 05:49:35,192] {standard_task_runner.py:76} INFO - Running: ['***', 'tasks', 'run', 'demo_etl', 'Load_Data.Save_to_csv', 'manual__2022-02-19T05:49:11.561653+00:00', '--job-id', '248', '--raw', '--subdir', 'DAGS_FOLDER/demo_etl.py', '--cfg-path', '/tmp/tmpo92muua3', '--error-file', '/tmp/tmpiywashie']
[2022-02-19 05:49:35,193] {standard_task_runner.py:77} INFO - Job 248: Subtask Load_Data.Save_to_csv
[2022-02-19 05:49:35,287] {logging_mixin.py:109} INFO - Running <TaskInstance: demo_etl.Load_Data.Save_to_csv manual__2022-02-19T05:49:11.561653+00:00 [running]> on host c39e331ab017
[2022-02-19 05:49:35,409] {taskinstance.py:1426} INFO - Exporting the following env vars:
AIRFLOW_CTX_DAG_OWNER=***
AIRFLOW_CTX_DAG_ID=demo_etl
AIRFLOW_CTX_TASK_ID=Load_Data.Save_to_csv
AIRFLOW_CTX_EXECUTION_DATE=2022-02-19T05:49:11.561653+00:00
AIRFLOW_CTX_DAG_RUN_ID=manual__2022-02-19T05:49:11.561653+00:00
[2022-02-19 05:49:35,423] {logging_mixin.py:109} WARNING - /home/***/.local/lib/python3.7/site-packages/***/utils/context.py:152 AirflowContextDeprecationWarning: Accessing 'execution_date' from the template is deprecated and will be removed in a future version. Please use 'data_interval_start' or 'logical_date' instead.
[2022-02-19 05:49:35,425] {logging_mixin.py:109} WARNING - /home/***/.local/lib/python3.7/site-packages/***/utils/context.py:152 AirflowContextDeprecationWarning: Accessing 'next_ds' from the template is deprecated and will be removed in a future version. Please use '{{ data_interval_end | ds }}' instead.
[2022-02-19 05:49:35,426] {logging_mixin.py:109} WARNING - /home/***/.local/lib/python3.7/site-packages/***/utils/context.py:152 AirflowContextDeprecationWarning: Accessing 'next_ds_nodash' from the template is deprecated and will be removed in a future version. Please use '{{ data_interval_end | ds_nodash }}' instead.
[2022-02-19 05:49:35,431] {logging_mixin.py:109} WARNING - /home/***/.local/lib/python3.7/site-packages/***/utils/context.py:152 AirflowContextDeprecationWarning: Accessing 'next_execution_date' from the template is deprecated and will be removed in a future version. Please use 'data_interval_end' instead.
[2022-02-19 05:49:35,433] {logging_mixin.py:109} WARNING - /home/***/.local/lib/python3.7/site-packages/***/utils/context.py:152 AirflowContextDeprecationWarning: Accessing 'prev_ds' from the template is deprecated and will be removed in a future version.
[2022-02-19 05:49:35,435] {logging_mixin.py:109} WARNING - /home/***/.local/lib/python3.7/site-packages/***/utils/context.py:152 AirflowContextDeprecationWarning: Accessing 'prev_ds_nodash' from the template is deprecated and will be removed in a future version.
[2022-02-19 05:49:35,437] {logging_mixin.py:109} WARNING - /home/***/.local/lib/python3.7/site-packages/***/utils/context.py:152 AirflowContextDeprecationWarning: Accessing 'prev_execution_date' from the template is deprecated and will be removed in a future version.
[2022-02-19 05:49:35,439] {logging_mixin.py:109} WARNING - /home/***/.local/lib/python3.7/site-packages/***/utils/context.py:152 AirflowContextDeprecationWarning: Accessing 'prev_execution_date_success' from the template is deprecated and will be removed in a future version. Please use 'prev_data_interval_start_success' instead.
[2022-02-19 05:49:35,441] {logging_mixin.py:109} WARNING - /home/***/.local/lib/python3.7/site-packages/***/utils/context.py:152 AirflowContextDeprecationWarning: Accessing 'tomorrow_ds' from the template is deprecated and will be removed in a future version.
[2022-02-19 05:49:35,445] {logging_mixin.py:109} WARNING - /home/***/.local/lib/python3.7/site-packages/***/utils/context.py:152 AirflowContextDeprecationWarning: Accessing 'tomorrow_ds_nodash' from the template is deprecated and will be removed in a future version.
[2022-02-19 05:49:35,446] {logging_mixin.py:109} WARNING - /home/***/.local/lib/python3.7/site-packages/***/utils/context.py:152 AirflowContextDeprecationWarning: Accessing 'yesterday_ds' from the template is deprecated and will be removed in a future version.
[2022-02-19 05:49:35,447] {logging_mixin.py:109} WARNING - /home/***/.local/lib/python3.7/site-packages/***/utils/context.py:152 AirflowContextDeprecationWarning: Accessing 'yesterday_ds_nodash' from the template is deprecated and will be removed in a future version.
[2022-02-19 05:49:35,489] {logging_mixin.py:109} INFO - CSV to JSON Done !!
[2022-02-19 05:49:35,489] {python.py:175} INFO - Done. Returned value was: None
[2022-02-19 05:49:35,519] {taskinstance.py:1277} INFO - Marking task as SUCCESS. dag_id=demo_etl, task_id=Load_Data.Save_to_csv, execution_date=20220219T054911, start_date=20220219T054935, end_date=20220219T054935
[2022-02-19 05:49:35,577] {local_task_job.py:154} INFO - Task exited with return code 0
[2022-02-19 05:49:35,655] {local_task_job.py:264} INFO - 0 downstream tasks scheduled from follow-on schedule check
