[2022-02-19 10:16:00,401] {taskinstance.py:1032} INFO - Dependencies all met for <TaskInstance: demo_etl.Load_Data.Save_to_DB manual__2022-02-19T10:15:46.064821+00:00 [queued]>
[2022-02-19 10:16:00,416] {taskinstance.py:1032} INFO - Dependencies all met for <TaskInstance: demo_etl.Load_Data.Save_to_DB manual__2022-02-19T10:15:46.064821+00:00 [queued]>
[2022-02-19 10:16:00,416] {taskinstance.py:1238} INFO - 
--------------------------------------------------------------------------------
[2022-02-19 10:16:00,417] {taskinstance.py:1239} INFO - Starting attempt 1 of 1
[2022-02-19 10:16:00,417] {taskinstance.py:1240} INFO - 
--------------------------------------------------------------------------------
[2022-02-19 10:16:00,429] {taskinstance.py:1259} INFO - Executing <Task(PythonOperator): Load_Data.Save_to_DB> on 2022-02-19 10:15:46.064821+00:00
[2022-02-19 10:16:00,436] {standard_task_runner.py:52} INFO - Started process 2477 to run task
[2022-02-19 10:16:00,463] {standard_task_runner.py:76} INFO - Running: ['***', 'tasks', 'run', 'demo_etl', 'Load_Data.Save_to_DB', 'manual__2022-02-19T10:15:46.064821+00:00', '--job-id', '309', '--raw', '--subdir', 'DAGS_FOLDER/demo_etl.py', '--cfg-path', '/tmp/tmp3q2h8c3i', '--error-file', '/tmp/tmpvlb2g03r']
[2022-02-19 10:16:00,475] {standard_task_runner.py:77} INFO - Job 309: Subtask Load_Data.Save_to_DB
[2022-02-19 10:16:00,715] {logging_mixin.py:109} INFO - Running <TaskInstance: demo_etl.Load_Data.Save_to_DB manual__2022-02-19T10:15:46.064821+00:00 [running]> on host f05ae857766d
[2022-02-19 10:16:00,900] {taskinstance.py:1426} INFO - Exporting the following env vars:
AIRFLOW_CTX_DAG_OWNER=***
AIRFLOW_CTX_DAG_ID=demo_etl
AIRFLOW_CTX_TASK_ID=Load_Data.Save_to_DB
AIRFLOW_CTX_EXECUTION_DATE=2022-02-19T10:15:46.064821+00:00
AIRFLOW_CTX_DAG_RUN_ID=manual__2022-02-19T10:15:46.064821+00:00
[2022-02-19 10:16:00,935] {logging_mixin.py:109} WARNING - /home/***/.local/lib/python3.7/site-packages/***/utils/context.py:152 AirflowContextDeprecationWarning: Accessing 'execution_date' from the template is deprecated and will be removed in a future version. Please use 'data_interval_start' or 'logical_date' instead.
[2022-02-19 10:16:00,944] {logging_mixin.py:109} WARNING - /home/***/.local/lib/python3.7/site-packages/***/utils/context.py:152 AirflowContextDeprecationWarning: Accessing 'next_ds' from the template is deprecated and will be removed in a future version. Please use '{{ data_interval_end | ds }}' instead.
[2022-02-19 10:16:00,947] {logging_mixin.py:109} WARNING - /home/***/.local/lib/python3.7/site-packages/***/utils/context.py:152 AirflowContextDeprecationWarning: Accessing 'next_ds_nodash' from the template is deprecated and will be removed in a future version. Please use '{{ data_interval_end | ds_nodash }}' instead.
[2022-02-19 10:16:00,961] {logging_mixin.py:109} WARNING - /home/***/.local/lib/python3.7/site-packages/***/utils/context.py:152 AirflowContextDeprecationWarning: Accessing 'next_execution_date' from the template is deprecated and will be removed in a future version. Please use 'data_interval_end' instead.
[2022-02-19 10:16:00,962] {logging_mixin.py:109} WARNING - /home/***/.local/lib/python3.7/site-packages/***/utils/context.py:152 AirflowContextDeprecationWarning: Accessing 'prev_ds' from the template is deprecated and will be removed in a future version.
[2022-02-19 10:16:00,966] {logging_mixin.py:109} WARNING - /home/***/.local/lib/python3.7/site-packages/***/utils/context.py:152 AirflowContextDeprecationWarning: Accessing 'prev_ds_nodash' from the template is deprecated and will be removed in a future version.
[2022-02-19 10:16:00,973] {logging_mixin.py:109} WARNING - /home/***/.local/lib/python3.7/site-packages/***/utils/context.py:152 AirflowContextDeprecationWarning: Accessing 'prev_execution_date' from the template is deprecated and will be removed in a future version.
[2022-02-19 10:16:00,974] {logging_mixin.py:109} WARNING - /home/***/.local/lib/python3.7/site-packages/***/utils/context.py:152 AirflowContextDeprecationWarning: Accessing 'prev_execution_date_success' from the template is deprecated and will be removed in a future version. Please use 'prev_data_interval_start_success' instead.
[2022-02-19 10:16:00,976] {logging_mixin.py:109} WARNING - /home/***/.local/lib/python3.7/site-packages/***/utils/context.py:152 AirflowContextDeprecationWarning: Accessing 'tomorrow_ds' from the template is deprecated and will be removed in a future version.
[2022-02-19 10:16:00,984] {logging_mixin.py:109} WARNING - /home/***/.local/lib/python3.7/site-packages/***/utils/context.py:152 AirflowContextDeprecationWarning: Accessing 'tomorrow_ds_nodash' from the template is deprecated and will be removed in a future version.
[2022-02-19 10:16:00,985] {logging_mixin.py:109} WARNING - /home/***/.local/lib/python3.7/site-packages/***/utils/context.py:152 AirflowContextDeprecationWarning: Accessing 'yesterday_ds' from the template is deprecated and will be removed in a future version.
[2022-02-19 10:16:00,992] {logging_mixin.py:109} WARNING - /home/***/.local/lib/python3.7/site-packages/***/utils/context.py:152 AirflowContextDeprecationWarning: Accessing 'yesterday_ds_nodash' from the template is deprecated and will be removed in a future version.
[2022-02-19 10:16:01,189] {logging_mixin.py:109} INFO - Done !!
[2022-02-19 10:16:03,358] {logging_mixin.py:109} INFO - Done !!
[2022-02-19 10:16:03,558] {logging_mixin.py:109} INFO -       vendorid     lpep_pickup_datetime  ... trip_type  congestion_surcharge
0            2  2019-12-18T15:52:30.000  ...         1                  0.00
1            2  2020-01-01T00:45:58.000  ...         2                  0.00
2            2  2020-01-01T00:41:38.000  ...         1                  0.00
3            1  2020-01-01T00:52:46.000  ...         1                  2.75
4            1  2020-01-01T00:19:57.000  ...         1                  0.00
...        ...                      ...  ...       ...                   ...
1995         2  2021-01-01T14:20:54.000  ...         1                  0.00
1996         2  2021-01-01T14:37:25.000  ...         1                  0.00
1997         2  2021-01-01T14:59:56.000  ...         1                  0.00
1998         2  2021-01-01T14:13:07.000  ...         1                  0.00
1999         1  2021-01-01T14:32:40.000  ...         1                  2.75

[2000 rows x 18 columns]
[2022-02-19 10:16:07,209] {logging_mixin.py:109} INFO - Save Data to Database Done !!
[2022-02-19 10:16:07,209] {python.py:175} INFO - Done. Returned value was: None
[2022-02-19 10:16:07,224] {taskinstance.py:1277} INFO - Marking task as SUCCESS. dag_id=demo_etl, task_id=Load_Data.Save_to_DB, execution_date=20220219T101546, start_date=20220219T101600, end_date=20220219T101607
[2022-02-19 10:16:07,288] {local_task_job.py:154} INFO - Task exited with return code 0
[2022-02-19 10:16:07,388] {local_task_job.py:264} INFO - 1 downstream tasks scheduled from follow-on schedule check
