[2022-02-19 06:35:03,655] {taskinstance.py:1032} INFO - Dependencies all met for <TaskInstance: demo_etl.Send_Email manual__2022-02-19T06:33:48.458432+00:00 [queued]>
[2022-02-19 06:35:03,668] {taskinstance.py:1032} INFO - Dependencies all met for <TaskInstance: demo_etl.Send_Email manual__2022-02-19T06:33:48.458432+00:00 [queued]>
[2022-02-19 06:35:03,668] {taskinstance.py:1238} INFO - 
--------------------------------------------------------------------------------
[2022-02-19 06:35:03,668] {taskinstance.py:1239} INFO - Starting attempt 1 of 1
[2022-02-19 06:35:03,669] {taskinstance.py:1240} INFO - 
--------------------------------------------------------------------------------
[2022-02-19 06:35:03,685] {taskinstance.py:1259} INFO - Executing <Task(PythonOperator): Send_Email> on 2022-02-19 06:33:48.458432+00:00
[2022-02-19 06:35:03,691] {standard_task_runner.py:52} INFO - Started process 35166 to run task
[2022-02-19 06:35:03,701] {standard_task_runner.py:76} INFO - Running: ['***', 'tasks', 'run', 'demo_etl', 'Send_Email', 'manual__2022-02-19T06:33:48.458432+00:00', '--job-id', '270', '--raw', '--subdir', 'DAGS_FOLDER/demo_etl.py', '--cfg-path', '/tmp/tmpp0ngwd9b', '--error-file', '/tmp/tmpmw_wmbcg']
[2022-02-19 06:35:03,702] {standard_task_runner.py:77} INFO - Job 270: Subtask Send_Email
[2022-02-19 06:35:03,808] {logging_mixin.py:109} INFO - Running <TaskInstance: demo_etl.Send_Email manual__2022-02-19T06:33:48.458432+00:00 [running]> on host c39e331ab017
[2022-02-19 06:35:03,913] {taskinstance.py:1426} INFO - Exporting the following env vars:
AIRFLOW_CTX_DAG_OWNER=***
AIRFLOW_CTX_DAG_ID=demo_etl
AIRFLOW_CTX_TASK_ID=Send_Email
AIRFLOW_CTX_EXECUTION_DATE=2022-02-19T06:33:48.458432+00:00
AIRFLOW_CTX_DAG_RUN_ID=manual__2022-02-19T06:33:48.458432+00:00
[2022-02-19 06:35:03,937] {logging_mixin.py:109} WARNING - /home/***/.local/lib/python3.7/site-packages/***/utils/context.py:152 AirflowContextDeprecationWarning: Accessing 'execution_date' from the template is deprecated and will be removed in a future version. Please use 'data_interval_start' or 'logical_date' instead.
[2022-02-19 06:35:03,939] {logging_mixin.py:109} WARNING - /home/***/.local/lib/python3.7/site-packages/***/utils/context.py:152 AirflowContextDeprecationWarning: Accessing 'next_ds' from the template is deprecated and will be removed in a future version. Please use '{{ data_interval_end | ds }}' instead.
[2022-02-19 06:35:03,940] {logging_mixin.py:109} WARNING - /home/***/.local/lib/python3.7/site-packages/***/utils/context.py:152 AirflowContextDeprecationWarning: Accessing 'next_ds_nodash' from the template is deprecated and will be removed in a future version. Please use '{{ data_interval_end | ds_nodash }}' instead.
[2022-02-19 06:35:03,941] {logging_mixin.py:109} WARNING - /home/***/.local/lib/python3.7/site-packages/***/utils/context.py:152 AirflowContextDeprecationWarning: Accessing 'next_execution_date' from the template is deprecated and will be removed in a future version. Please use 'data_interval_end' instead.
[2022-02-19 06:35:03,942] {logging_mixin.py:109} WARNING - /home/***/.local/lib/python3.7/site-packages/***/utils/context.py:152 AirflowContextDeprecationWarning: Accessing 'prev_ds' from the template is deprecated and will be removed in a future version.
[2022-02-19 06:35:03,942] {logging_mixin.py:109} WARNING - /home/***/.local/lib/python3.7/site-packages/***/utils/context.py:152 AirflowContextDeprecationWarning: Accessing 'prev_ds_nodash' from the template is deprecated and will be removed in a future version.
[2022-02-19 06:35:03,944] {logging_mixin.py:109} WARNING - /home/***/.local/lib/python3.7/site-packages/***/utils/context.py:152 AirflowContextDeprecationWarning: Accessing 'prev_execution_date' from the template is deprecated and will be removed in a future version.
[2022-02-19 06:35:03,945] {logging_mixin.py:109} WARNING - /home/***/.local/lib/python3.7/site-packages/***/utils/context.py:152 AirflowContextDeprecationWarning: Accessing 'prev_execution_date_success' from the template is deprecated and will be removed in a future version. Please use 'prev_data_interval_start_success' instead.
[2022-02-19 06:35:03,947] {logging_mixin.py:109} WARNING - /home/***/.local/lib/python3.7/site-packages/***/utils/context.py:152 AirflowContextDeprecationWarning: Accessing 'tomorrow_ds' from the template is deprecated and will be removed in a future version.
[2022-02-19 06:35:03,956] {logging_mixin.py:109} WARNING - /home/***/.local/lib/python3.7/site-packages/***/utils/context.py:152 AirflowContextDeprecationWarning: Accessing 'tomorrow_ds_nodash' from the template is deprecated and will be removed in a future version.
[2022-02-19 06:35:03,957] {logging_mixin.py:109} WARNING - /home/***/.local/lib/python3.7/site-packages/***/utils/context.py:152 AirflowContextDeprecationWarning: Accessing 'yesterday_ds' from the template is deprecated and will be removed in a future version.
[2022-02-19 06:35:03,958] {logging_mixin.py:109} WARNING - /home/***/.local/lib/python3.7/site-packages/***/utils/context.py:152 AirflowContextDeprecationWarning: Accessing 'yesterday_ds_nodash' from the template is deprecated and will be removed in a future version.
[2022-02-19 06:35:03,959] {logging_mixin.py:109} INFO - Send E-mail Done !!
[2022-02-19 06:35:03,959] {python.py:175} INFO - Done. Returned value was: None
[2022-02-19 06:35:03,987] {taskinstance.py:1277} INFO - Marking task as SUCCESS. dag_id=demo_etl, task_id=Send_Email, execution_date=20220219T063348, start_date=20220219T063503, end_date=20220219T063503
[2022-02-19 06:35:04,044] {local_task_job.py:154} INFO - Task exited with return code 0
[2022-02-19 06:35:04,115] {local_task_job.py:264} INFO - 0 downstream tasks scheduled from follow-on schedule check
