[2022-02-19 05:42:48,452] {taskinstance.py:1032} INFO - Dependencies all met for <TaskInstance: demo_etl.Extract_Data manual__2022-02-19T05:42:18.164074+00:00 [queued]>
[2022-02-19 05:42:48,545] {taskinstance.py:1032} INFO - Dependencies all met for <TaskInstance: demo_etl.Extract_Data manual__2022-02-19T05:42:18.164074+00:00 [queued]>
[2022-02-19 05:42:48,545] {taskinstance.py:1238} INFO - 
--------------------------------------------------------------------------------
[2022-02-19 05:42:48,548] {taskinstance.py:1239} INFO - Starting attempt 1 of 1
[2022-02-19 05:42:48,549] {taskinstance.py:1240} INFO - 
--------------------------------------------------------------------------------
[2022-02-19 05:42:48,587] {taskinstance.py:1259} INFO - Executing <Task(PythonOperator): Extract_Data> on 2022-02-19 05:42:18.164074+00:00
[2022-02-19 05:42:48,752] {standard_task_runner.py:52} INFO - Started process 15052 to run task
[2022-02-19 05:42:48,903] {standard_task_runner.py:76} INFO - Running: ['***', 'tasks', 'run', 'demo_etl', 'Extract_Data', 'manual__2022-02-19T05:42:18.164074+00:00', '--job-id', '231', '--raw', '--subdir', 'DAGS_FOLDER/demo_etl.py', '--cfg-path', '/tmp/tmpp8ckid84', '--error-file', '/tmp/tmpi5t6q6_0']
[2022-02-19 05:42:48,904] {standard_task_runner.py:77} INFO - Job 231: Subtask Extract_Data
[2022-02-19 05:42:49,470] {logging_mixin.py:109} INFO - Running <TaskInstance: demo_etl.Extract_Data manual__2022-02-19T05:42:18.164074+00:00 [running]> on host c39e331ab017
[2022-02-19 05:42:49,725] {taskinstance.py:1426} INFO - Exporting the following env vars:
AIRFLOW_CTX_DAG_OWNER=***
AIRFLOW_CTX_DAG_ID=demo_etl
AIRFLOW_CTX_TASK_ID=Extract_Data
AIRFLOW_CTX_EXECUTION_DATE=2022-02-19T05:42:18.164074+00:00
AIRFLOW_CTX_DAG_RUN_ID=manual__2022-02-19T05:42:18.164074+00:00
[2022-02-19 05:42:49,735] {logging_mixin.py:109} WARNING - /home/***/.local/lib/python3.7/site-packages/***/utils/context.py:152 AirflowContextDeprecationWarning: Accessing 'execution_date' from the template is deprecated and will be removed in a future version. Please use 'data_interval_start' or 'logical_date' instead.
[2022-02-19 05:42:49,736] {logging_mixin.py:109} WARNING - /home/***/.local/lib/python3.7/site-packages/***/utils/context.py:152 AirflowContextDeprecationWarning: Accessing 'next_ds' from the template is deprecated and will be removed in a future version. Please use '{{ data_interval_end | ds }}' instead.
[2022-02-19 05:42:49,737] {logging_mixin.py:109} WARNING - /home/***/.local/lib/python3.7/site-packages/***/utils/context.py:152 AirflowContextDeprecationWarning: Accessing 'next_ds_nodash' from the template is deprecated and will be removed in a future version. Please use '{{ data_interval_end | ds_nodash }}' instead.
[2022-02-19 05:42:49,738] {logging_mixin.py:109} WARNING - /home/***/.local/lib/python3.7/site-packages/***/utils/context.py:152 AirflowContextDeprecationWarning: Accessing 'next_execution_date' from the template is deprecated and will be removed in a future version. Please use 'data_interval_end' instead.
[2022-02-19 05:42:49,739] {logging_mixin.py:109} WARNING - /home/***/.local/lib/python3.7/site-packages/***/utils/context.py:152 AirflowContextDeprecationWarning: Accessing 'prev_ds' from the template is deprecated and will be removed in a future version.
[2022-02-19 05:42:49,740] {logging_mixin.py:109} WARNING - /home/***/.local/lib/python3.7/site-packages/***/utils/context.py:152 AirflowContextDeprecationWarning: Accessing 'prev_ds_nodash' from the template is deprecated and will be removed in a future version.
[2022-02-19 05:42:49,741] {logging_mixin.py:109} WARNING - /home/***/.local/lib/python3.7/site-packages/***/utils/context.py:152 AirflowContextDeprecationWarning: Accessing 'prev_execution_date' from the template is deprecated and will be removed in a future version.
[2022-02-19 05:42:49,742] {logging_mixin.py:109} WARNING - /home/***/.local/lib/python3.7/site-packages/***/utils/context.py:152 AirflowContextDeprecationWarning: Accessing 'prev_execution_date_success' from the template is deprecated and will be removed in a future version. Please use 'prev_data_interval_start_success' instead.
[2022-02-19 05:42:49,743] {logging_mixin.py:109} WARNING - /home/***/.local/lib/python3.7/site-packages/***/utils/context.py:152 AirflowContextDeprecationWarning: Accessing 'tomorrow_ds' from the template is deprecated and will be removed in a future version.
[2022-02-19 05:42:49,744] {logging_mixin.py:109} WARNING - /home/***/.local/lib/python3.7/site-packages/***/utils/context.py:152 AirflowContextDeprecationWarning: Accessing 'tomorrow_ds_nodash' from the template is deprecated and will be removed in a future version.
[2022-02-19 05:42:49,745] {logging_mixin.py:109} WARNING - /home/***/.local/lib/python3.7/site-packages/***/utils/context.py:152 AirflowContextDeprecationWarning: Accessing 'yesterday_ds' from the template is deprecated and will be removed in a future version.
[2022-02-19 05:42:49,745] {logging_mixin.py:109} WARNING - /home/***/.local/lib/python3.7/site-packages/***/utils/context.py:152 AirflowContextDeprecationWarning: Accessing 'yesterday_ds_nodash' from the template is deprecated and will be removed in a future version.
[2022-02-19 05:42:56,520] {logging_mixin.py:109} INFO - Extract Done !!
[2022-02-19 05:42:56,521] {python.py:175} INFO - Done. Returned value was: None
[2022-02-19 05:42:56,544] {taskinstance.py:1277} INFO - Marking task as SUCCESS. dag_id=demo_etl, task_id=Extract_Data, execution_date=20220219T054218, start_date=20220219T054248, end_date=20220219T054256
[2022-02-19 05:42:56,603] {local_task_job.py:154} INFO - Task exited with return code 0
[2022-02-19 05:42:56,704] {local_task_job.py:264} INFO - 1 downstream tasks scheduled from follow-on schedule check
