[2022-02-18 15:11:23,619] {taskinstance.py:1032} INFO - Dependencies all met for <TaskInstance: demo_etl.Send_Email manual__2022-02-18T15:11:04.258386+00:00 [queued]>
[2022-02-18 15:11:23,631] {taskinstance.py:1032} INFO - Dependencies all met for <TaskInstance: demo_etl.Send_Email manual__2022-02-18T15:11:04.258386+00:00 [queued]>
[2022-02-18 15:11:23,632] {taskinstance.py:1238} INFO - 
--------------------------------------------------------------------------------
[2022-02-18 15:11:23,632] {taskinstance.py:1239} INFO - Starting attempt 1 of 1
[2022-02-18 15:11:23,632] {taskinstance.py:1240} INFO - 
--------------------------------------------------------------------------------
[2022-02-18 15:11:23,645] {taskinstance.py:1259} INFO - Executing <Task(PythonOperator): Send_Email> on 2022-02-18 15:11:04.258386+00:00
[2022-02-18 15:11:23,650] {standard_task_runner.py:52} INFO - Started process 6135 to run task
[2022-02-18 15:11:23,656] {standard_task_runner.py:76} INFO - Running: ['***', 'tasks', 'run', 'demo_etl', 'Send_Email', 'manual__2022-02-18T15:11:04.258386+00:00', '--job-id', '223', '--raw', '--subdir', 'DAGS_FOLDER/demo_etl.py', '--cfg-path', '/tmp/tmp9vuls954', '--error-file', '/tmp/tmpqnvj3hhq']
[2022-02-18 15:11:23,658] {standard_task_runner.py:77} INFO - Job 223: Subtask Send_Email
[2022-02-18 15:11:23,749] {logging_mixin.py:109} INFO - Running <TaskInstance: demo_etl.Send_Email manual__2022-02-18T15:11:04.258386+00:00 [running]> on host f632764e66f6
[2022-02-18 15:11:23,816] {taskinstance.py:1426} INFO - Exporting the following env vars:
AIRFLOW_CTX_DAG_OWNER=***
AIRFLOW_CTX_DAG_ID=demo_etl
AIRFLOW_CTX_TASK_ID=Send_Email
AIRFLOW_CTX_EXECUTION_DATE=2022-02-18T15:11:04.258386+00:00
AIRFLOW_CTX_DAG_RUN_ID=manual__2022-02-18T15:11:04.258386+00:00
[2022-02-18 15:11:23,825] {logging_mixin.py:109} WARNING - /home/***/.local/lib/python3.7/site-packages/***/utils/context.py:152 AirflowContextDeprecationWarning: Accessing 'execution_date' from the template is deprecated and will be removed in a future version. Please use 'data_interval_start' or 'logical_date' instead.
[2022-02-18 15:11:23,826] {logging_mixin.py:109} WARNING - /home/***/.local/lib/python3.7/site-packages/***/utils/context.py:152 AirflowContextDeprecationWarning: Accessing 'next_ds' from the template is deprecated and will be removed in a future version. Please use '{{ data_interval_end | ds }}' instead.
[2022-02-18 15:11:23,827] {logging_mixin.py:109} WARNING - /home/***/.local/lib/python3.7/site-packages/***/utils/context.py:152 AirflowContextDeprecationWarning: Accessing 'next_ds_nodash' from the template is deprecated and will be removed in a future version. Please use '{{ data_interval_end | ds_nodash }}' instead.
[2022-02-18 15:11:23,828] {logging_mixin.py:109} WARNING - /home/***/.local/lib/python3.7/site-packages/***/utils/context.py:152 AirflowContextDeprecationWarning: Accessing 'next_execution_date' from the template is deprecated and will be removed in a future version. Please use 'data_interval_end' instead.
[2022-02-18 15:11:23,829] {logging_mixin.py:109} WARNING - /home/***/.local/lib/python3.7/site-packages/***/utils/context.py:152 AirflowContextDeprecationWarning: Accessing 'prev_ds' from the template is deprecated and will be removed in a future version.
[2022-02-18 15:11:23,830] {logging_mixin.py:109} WARNING - /home/***/.local/lib/python3.7/site-packages/***/utils/context.py:152 AirflowContextDeprecationWarning: Accessing 'prev_ds_nodash' from the template is deprecated and will be removed in a future version.
[2022-02-18 15:11:23,831] {logging_mixin.py:109} WARNING - /home/***/.local/lib/python3.7/site-packages/***/utils/context.py:152 AirflowContextDeprecationWarning: Accessing 'prev_execution_date' from the template is deprecated and will be removed in a future version.
[2022-02-18 15:11:23,832] {logging_mixin.py:109} WARNING - /home/***/.local/lib/python3.7/site-packages/***/utils/context.py:152 AirflowContextDeprecationWarning: Accessing 'prev_execution_date_success' from the template is deprecated and will be removed in a future version. Please use 'prev_data_interval_start_success' instead.
[2022-02-18 15:11:23,833] {logging_mixin.py:109} WARNING - /home/***/.local/lib/python3.7/site-packages/***/utils/context.py:152 AirflowContextDeprecationWarning: Accessing 'tomorrow_ds' from the template is deprecated and will be removed in a future version.
[2022-02-18 15:11:23,834] {logging_mixin.py:109} WARNING - /home/***/.local/lib/python3.7/site-packages/***/utils/context.py:152 AirflowContextDeprecationWarning: Accessing 'tomorrow_ds_nodash' from the template is deprecated and will be removed in a future version.
[2022-02-18 15:11:23,835] {logging_mixin.py:109} WARNING - /home/***/.local/lib/python3.7/site-packages/***/utils/context.py:152 AirflowContextDeprecationWarning: Accessing 'yesterday_ds' from the template is deprecated and will be removed in a future version.
[2022-02-18 15:11:23,836] {logging_mixin.py:109} WARNING - /home/***/.local/lib/python3.7/site-packages/***/utils/context.py:152 AirflowContextDeprecationWarning: Accessing 'yesterday_ds_nodash' from the template is deprecated and will be removed in a future version.
[2022-02-18 15:11:23,836] {logging_mixin.py:109} INFO - Send E-mail Done !!
[2022-02-18 15:11:23,837] {python.py:175} INFO - Done. Returned value was: None
[2022-02-18 15:11:23,850] {taskinstance.py:1277} INFO - Marking task as SUCCESS. dag_id=demo_etl, task_id=Send_Email, execution_date=20220218T151104, start_date=20220218T151123, end_date=20220218T151123
[2022-02-18 15:11:23,873] {local_task_job.py:154} INFO - Task exited with return code 0
[2022-02-18 15:11:23,913] {local_task_job.py:264} INFO - 0 downstream tasks scheduled from follow-on schedule check
