[2022-02-17 15:34:38,284] {taskinstance.py:1032} INFO - Dependencies all met for <TaskInstance: demo_etl.Extract_Data manual__2022-02-17T15:34:36.732282+00:00 [queued]>
[2022-02-17 15:34:38,298] {taskinstance.py:1032} INFO - Dependencies all met for <TaskInstance: demo_etl.Extract_Data manual__2022-02-17T15:34:36.732282+00:00 [queued]>
[2022-02-17 15:34:38,298] {taskinstance.py:1238} INFO - 
--------------------------------------------------------------------------------
[2022-02-17 15:34:38,298] {taskinstance.py:1239} INFO - Starting attempt 1 of 1
[2022-02-17 15:34:38,298] {taskinstance.py:1240} INFO - 
--------------------------------------------------------------------------------
[2022-02-17 15:34:38,312] {taskinstance.py:1259} INFO - Executing <Task(PythonOperator): Extract_Data> on 2022-02-17 15:34:36.732282+00:00
[2022-02-17 15:34:38,318] {standard_task_runner.py:52} INFO - Started process 2512 to run task
[2022-02-17 15:34:38,322] {standard_task_runner.py:76} INFO - Running: ['***', 'tasks', 'run', 'demo_etl', 'Extract_Data', 'manual__2022-02-17T15:34:36.732282+00:00', '--job-id', '88', '--raw', '--subdir', 'DAGS_FOLDER/demo_etl.py', '--cfg-path', '/tmp/tmp6kbf6p_y', '--error-file', '/tmp/tmp70fgsqgv']
[2022-02-17 15:34:38,323] {standard_task_runner.py:77} INFO - Job 88: Subtask Extract_Data
[2022-02-17 15:34:38,402] {logging_mixin.py:109} INFO - Running <TaskInstance: demo_etl.Extract_Data manual__2022-02-17T15:34:36.732282+00:00 [running]> on host 188b3ae8dafe
[2022-02-17 15:34:38,464] {taskinstance.py:1426} INFO - Exporting the following env vars:
AIRFLOW_CTX_DAG_OWNER=***
AIRFLOW_CTX_DAG_ID=demo_etl
AIRFLOW_CTX_TASK_ID=Extract_Data
AIRFLOW_CTX_EXECUTION_DATE=2022-02-17T15:34:36.732282+00:00
AIRFLOW_CTX_DAG_RUN_ID=manual__2022-02-17T15:34:36.732282+00:00
[2022-02-17 15:34:38,471] {logging_mixin.py:109} WARNING - /home/***/.local/lib/python3.7/site-packages/***/utils/context.py:152 AirflowContextDeprecationWarning: Accessing 'execution_date' from the template is deprecated and will be removed in a future version. Please use 'data_interval_start' or 'logical_date' instead.
[2022-02-17 15:34:38,473] {logging_mixin.py:109} WARNING - /home/***/.local/lib/python3.7/site-packages/***/utils/context.py:152 AirflowContextDeprecationWarning: Accessing 'next_ds' from the template is deprecated and will be removed in a future version. Please use '{{ data_interval_end | ds }}' instead.
[2022-02-17 15:34:38,474] {logging_mixin.py:109} WARNING - /home/***/.local/lib/python3.7/site-packages/***/utils/context.py:152 AirflowContextDeprecationWarning: Accessing 'next_ds_nodash' from the template is deprecated and will be removed in a future version. Please use '{{ data_interval_end | ds_nodash }}' instead.
[2022-02-17 15:34:38,475] {logging_mixin.py:109} WARNING - /home/***/.local/lib/python3.7/site-packages/***/utils/context.py:152 AirflowContextDeprecationWarning: Accessing 'next_execution_date' from the template is deprecated and will be removed in a future version. Please use 'data_interval_end' instead.
[2022-02-17 15:34:38,476] {logging_mixin.py:109} WARNING - /home/***/.local/lib/python3.7/site-packages/***/utils/context.py:152 AirflowContextDeprecationWarning: Accessing 'prev_ds' from the template is deprecated and will be removed in a future version.
[2022-02-17 15:34:38,477] {logging_mixin.py:109} WARNING - /home/***/.local/lib/python3.7/site-packages/***/utils/context.py:152 AirflowContextDeprecationWarning: Accessing 'prev_ds_nodash' from the template is deprecated and will be removed in a future version.
[2022-02-17 15:34:38,477] {logging_mixin.py:109} WARNING - /home/***/.local/lib/python3.7/site-packages/***/utils/context.py:152 AirflowContextDeprecationWarning: Accessing 'prev_execution_date' from the template is deprecated and will be removed in a future version.
[2022-02-17 15:34:38,478] {logging_mixin.py:109} WARNING - /home/***/.local/lib/python3.7/site-packages/***/utils/context.py:152 AirflowContextDeprecationWarning: Accessing 'prev_execution_date_success' from the template is deprecated and will be removed in a future version. Please use 'prev_data_interval_start_success' instead.
[2022-02-17 15:34:38,480] {logging_mixin.py:109} WARNING - /home/***/.local/lib/python3.7/site-packages/***/utils/context.py:152 AirflowContextDeprecationWarning: Accessing 'tomorrow_ds' from the template is deprecated and will be removed in a future version.
[2022-02-17 15:34:38,481] {logging_mixin.py:109} WARNING - /home/***/.local/lib/python3.7/site-packages/***/utils/context.py:152 AirflowContextDeprecationWarning: Accessing 'tomorrow_ds_nodash' from the template is deprecated and will be removed in a future version.
[2022-02-17 15:34:38,481] {logging_mixin.py:109} WARNING - /home/***/.local/lib/python3.7/site-packages/***/utils/context.py:152 AirflowContextDeprecationWarning: Accessing 'yesterday_ds' from the template is deprecated and will be removed in a future version.
[2022-02-17 15:34:38,482] {logging_mixin.py:109} WARNING - /home/***/.local/lib/python3.7/site-packages/***/utils/context.py:152 AirflowContextDeprecationWarning: Accessing 'yesterday_ds_nodash' from the template is deprecated and will be removed in a future version.
[2022-02-17 15:34:38,942] {logging_mixin.py:109} INFO - Extract Done !!
[2022-02-17 15:34:38,943] {python.py:175} INFO - Done. Returned value was: None
[2022-02-17 15:34:38,961] {taskinstance.py:1277} INFO - Marking task as SUCCESS. dag_id=demo_etl, task_id=Extract_Data, execution_date=20220217T153436, start_date=20220217T153438, end_date=20220217T153438
[2022-02-17 15:34:38,989] {local_task_job.py:154} INFO - Task exited with return code 0
[2022-02-17 15:34:39,042] {local_task_job.py:264} INFO - 1 downstream tasks scheduled from follow-on schedule check
