[2022-02-17 14:28:34,609] {taskinstance.py:1032} INFO - Dependencies all met for <TaskInstance: demo_etl.Load_Data.Save_to_csv manual__2022-02-17T14:28:23.221383+00:00 [queued]>
[2022-02-17 14:28:34,631] {taskinstance.py:1032} INFO - Dependencies all met for <TaskInstance: demo_etl.Load_Data.Save_to_csv manual__2022-02-17T14:28:23.221383+00:00 [queued]>
[2022-02-17 14:28:34,632] {taskinstance.py:1238} INFO - 
--------------------------------------------------------------------------------
[2022-02-17 14:28:34,632] {taskinstance.py:1239} INFO - Starting attempt 1 of 1
[2022-02-17 14:28:34,632] {taskinstance.py:1240} INFO - 
--------------------------------------------------------------------------------
[2022-02-17 14:28:34,667] {taskinstance.py:1259} INFO - Executing <Task(PythonOperator): Load_Data.Save_to_csv> on 2022-02-17 14:28:23.221383+00:00
[2022-02-17 14:28:34,676] {standard_task_runner.py:52} INFO - Started process 18733 to run task
[2022-02-17 14:28:34,685] {standard_task_runner.py:76} INFO - Running: ['***', 'tasks', 'run', 'demo_etl', 'Load_Data.Save_to_csv', 'manual__2022-02-17T14:28:23.221383+00:00', '--job-id', '61', '--raw', '--subdir', 'DAGS_FOLDER/demo_etl.py', '--cfg-path', '/tmp/tmp595c1qwk', '--error-file', '/tmp/tmphxxc88zz']
[2022-02-17 14:28:34,724] {standard_task_runner.py:77} INFO - Job 61: Subtask Load_Data.Save_to_csv
[2022-02-17 14:28:35,202] {logging_mixin.py:109} INFO - Running <TaskInstance: demo_etl.Load_Data.Save_to_csv manual__2022-02-17T14:28:23.221383+00:00 [running]> on host f8b49ae6ae82
[2022-02-17 14:28:37,502] {taskinstance.py:1426} INFO - Exporting the following env vars:
AIRFLOW_CTX_DAG_OWNER=***
AIRFLOW_CTX_DAG_ID=demo_etl
AIRFLOW_CTX_TASK_ID=Load_Data.Save_to_csv
AIRFLOW_CTX_EXECUTION_DATE=2022-02-17T14:28:23.221383+00:00
AIRFLOW_CTX_DAG_RUN_ID=manual__2022-02-17T14:28:23.221383+00:00
[2022-02-17 14:28:37,680] {logging_mixin.py:109} WARNING - /home/***/.local/lib/python3.7/site-packages/***/utils/context.py:152 AirflowContextDeprecationWarning: Accessing 'execution_date' from the template is deprecated and will be removed in a future version. Please use 'data_interval_start' or 'logical_date' instead.
[2022-02-17 14:28:37,722] {logging_mixin.py:109} WARNING - /home/***/.local/lib/python3.7/site-packages/***/utils/context.py:152 AirflowContextDeprecationWarning: Accessing 'next_ds' from the template is deprecated and will be removed in a future version. Please use '{{ data_interval_end | ds }}' instead.
[2022-02-17 14:28:37,727] {logging_mixin.py:109} WARNING - /home/***/.local/lib/python3.7/site-packages/***/utils/context.py:152 AirflowContextDeprecationWarning: Accessing 'next_ds_nodash' from the template is deprecated and will be removed in a future version. Please use '{{ data_interval_end | ds_nodash }}' instead.
[2022-02-17 14:28:37,728] {logging_mixin.py:109} WARNING - /home/***/.local/lib/python3.7/site-packages/***/utils/context.py:152 AirflowContextDeprecationWarning: Accessing 'next_execution_date' from the template is deprecated and will be removed in a future version. Please use 'data_interval_end' instead.
[2022-02-17 14:28:37,729] {logging_mixin.py:109} WARNING - /home/***/.local/lib/python3.7/site-packages/***/utils/context.py:152 AirflowContextDeprecationWarning: Accessing 'prev_ds' from the template is deprecated and will be removed in a future version.
[2022-02-17 14:28:37,735] {logging_mixin.py:109} WARNING - /home/***/.local/lib/python3.7/site-packages/***/utils/context.py:152 AirflowContextDeprecationWarning: Accessing 'prev_ds_nodash' from the template is deprecated and will be removed in a future version.
[2022-02-17 14:28:37,737] {logging_mixin.py:109} WARNING - /home/***/.local/lib/python3.7/site-packages/***/utils/context.py:152 AirflowContextDeprecationWarning: Accessing 'prev_execution_date' from the template is deprecated and will be removed in a future version.
[2022-02-17 14:28:37,742] {logging_mixin.py:109} WARNING - /home/***/.local/lib/python3.7/site-packages/***/utils/context.py:152 AirflowContextDeprecationWarning: Accessing 'prev_execution_date_success' from the template is deprecated and will be removed in a future version. Please use 'prev_data_interval_start_success' instead.
[2022-02-17 14:28:37,744] {logging_mixin.py:109} WARNING - /home/***/.local/lib/python3.7/site-packages/***/utils/context.py:152 AirflowContextDeprecationWarning: Accessing 'tomorrow_ds' from the template is deprecated and will be removed in a future version.
[2022-02-17 14:28:37,753] {logging_mixin.py:109} WARNING - /home/***/.local/lib/python3.7/site-packages/***/utils/context.py:152 AirflowContextDeprecationWarning: Accessing 'tomorrow_ds_nodash' from the template is deprecated and will be removed in a future version.
[2022-02-17 14:28:37,754] {logging_mixin.py:109} WARNING - /home/***/.local/lib/python3.7/site-packages/***/utils/context.py:152 AirflowContextDeprecationWarning: Accessing 'yesterday_ds' from the template is deprecated and will be removed in a future version.
[2022-02-17 14:28:37,755] {logging_mixin.py:109} WARNING - /home/***/.local/lib/python3.7/site-packages/***/utils/context.py:152 AirflowContextDeprecationWarning: Accessing 'yesterday_ds_nodash' from the template is deprecated and will be removed in a future version.
[2022-02-17 14:28:37,827] {logging_mixin.py:109} INFO - CSV to JSON Done !!
[2022-02-17 14:28:37,829] {python.py:175} INFO - Done. Returned value was: None
[2022-02-17 14:28:37,842] {taskinstance.py:1277} INFO - Marking task as SUCCESS. dag_id=demo_etl, task_id=Load_Data.Save_to_csv, execution_date=20220217T142823, start_date=20220217T142834, end_date=20220217T142837
[2022-02-17 14:28:37,927] {local_task_job.py:154} INFO - Task exited with return code 0
[2022-02-17 14:28:38,016] {local_task_job.py:264} INFO - 0 downstream tasks scheduled from follow-on schedule check
