[2022-02-17 16:31:36,024] {taskinstance.py:1032} INFO - Dependencies all met for <TaskInstance: demo_etl.Load_Data.Save_to_csv manual__2022-02-17T16:31:28.031587+00:00 [queued]>
[2022-02-17 16:31:36,044] {taskinstance.py:1032} INFO - Dependencies all met for <TaskInstance: demo_etl.Load_Data.Save_to_csv manual__2022-02-17T16:31:28.031587+00:00 [queued]>
[2022-02-17 16:31:36,044] {taskinstance.py:1238} INFO - 
--------------------------------------------------------------------------------
[2022-02-17 16:31:36,044] {taskinstance.py:1239} INFO - Starting attempt 1 of 1
[2022-02-17 16:31:36,044] {taskinstance.py:1240} INFO - 
--------------------------------------------------------------------------------
[2022-02-17 16:31:36,058] {taskinstance.py:1259} INFO - Executing <Task(PythonOperator): Load_Data.Save_to_csv> on 2022-02-17 16:31:28.031587+00:00
[2022-02-17 16:31:36,063] {standard_task_runner.py:52} INFO - Started process 20446 to run task
[2022-02-17 16:31:36,072] {standard_task_runner.py:76} INFO - Running: ['***', 'tasks', 'run', 'demo_etl', 'Load_Data.Save_to_csv', 'manual__2022-02-17T16:31:28.031587+00:00', '--job-id', '169', '--raw', '--subdir', 'DAGS_FOLDER/demo_etl.py', '--cfg-path', '/tmp/tmplfhukruz', '--error-file', '/tmp/tmpv98x4fya']
[2022-02-17 16:31:36,073] {standard_task_runner.py:77} INFO - Job 169: Subtask Load_Data.Save_to_csv
[2022-02-17 16:31:36,193] {logging_mixin.py:109} INFO - Running <TaskInstance: demo_etl.Load_Data.Save_to_csv manual__2022-02-17T16:31:28.031587+00:00 [running]> on host 025baa70c69a
[2022-02-17 16:31:36,312] {taskinstance.py:1426} INFO - Exporting the following env vars:
AIRFLOW_CTX_DAG_OWNER=***
AIRFLOW_CTX_DAG_ID=demo_etl
AIRFLOW_CTX_TASK_ID=Load_Data.Save_to_csv
AIRFLOW_CTX_EXECUTION_DATE=2022-02-17T16:31:28.031587+00:00
AIRFLOW_CTX_DAG_RUN_ID=manual__2022-02-17T16:31:28.031587+00:00
[2022-02-17 16:31:36,346] {logging_mixin.py:109} WARNING - /home/***/.local/lib/python3.7/site-packages/***/utils/context.py:152 AirflowContextDeprecationWarning: Accessing 'execution_date' from the template is deprecated and will be removed in a future version. Please use 'data_interval_start' or 'logical_date' instead.
[2022-02-17 16:31:36,348] {logging_mixin.py:109} WARNING - /home/***/.local/lib/python3.7/site-packages/***/utils/context.py:152 AirflowContextDeprecationWarning: Accessing 'next_ds' from the template is deprecated and will be removed in a future version. Please use '{{ data_interval_end | ds }}' instead.
[2022-02-17 16:31:36,350] {logging_mixin.py:109} WARNING - /home/***/.local/lib/python3.7/site-packages/***/utils/context.py:152 AirflowContextDeprecationWarning: Accessing 'next_ds_nodash' from the template is deprecated and will be removed in a future version. Please use '{{ data_interval_end | ds_nodash }}' instead.
[2022-02-17 16:31:36,360] {logging_mixin.py:109} WARNING - /home/***/.local/lib/python3.7/site-packages/***/utils/context.py:152 AirflowContextDeprecationWarning: Accessing 'next_execution_date' from the template is deprecated and will be removed in a future version. Please use 'data_interval_end' instead.
[2022-02-17 16:31:36,362] {logging_mixin.py:109} WARNING - /home/***/.local/lib/python3.7/site-packages/***/utils/context.py:152 AirflowContextDeprecationWarning: Accessing 'prev_ds' from the template is deprecated and will be removed in a future version.
[2022-02-17 16:31:36,363] {logging_mixin.py:109} WARNING - /home/***/.local/lib/python3.7/site-packages/***/utils/context.py:152 AirflowContextDeprecationWarning: Accessing 'prev_ds_nodash' from the template is deprecated and will be removed in a future version.
[2022-02-17 16:31:36,364] {logging_mixin.py:109} WARNING - /home/***/.local/lib/python3.7/site-packages/***/utils/context.py:152 AirflowContextDeprecationWarning: Accessing 'prev_execution_date' from the template is deprecated and will be removed in a future version.
[2022-02-17 16:31:36,365] {logging_mixin.py:109} WARNING - /home/***/.local/lib/python3.7/site-packages/***/utils/context.py:152 AirflowContextDeprecationWarning: Accessing 'prev_execution_date_success' from the template is deprecated and will be removed in a future version. Please use 'prev_data_interval_start_success' instead.
[2022-02-17 16:31:36,367] {logging_mixin.py:109} WARNING - /home/***/.local/lib/python3.7/site-packages/***/utils/context.py:152 AirflowContextDeprecationWarning: Accessing 'tomorrow_ds' from the template is deprecated and will be removed in a future version.
[2022-02-17 16:31:36,368] {logging_mixin.py:109} WARNING - /home/***/.local/lib/python3.7/site-packages/***/utils/context.py:152 AirflowContextDeprecationWarning: Accessing 'tomorrow_ds_nodash' from the template is deprecated and will be removed in a future version.
[2022-02-17 16:31:36,376] {logging_mixin.py:109} WARNING - /home/***/.local/lib/python3.7/site-packages/***/utils/context.py:152 AirflowContextDeprecationWarning: Accessing 'yesterday_ds' from the template is deprecated and will be removed in a future version.
[2022-02-17 16:31:36,377] {logging_mixin.py:109} WARNING - /home/***/.local/lib/python3.7/site-packages/***/utils/context.py:152 AirflowContextDeprecationWarning: Accessing 'yesterday_ds_nodash' from the template is deprecated and will be removed in a future version.
[2022-02-17 16:31:36,400] {logging_mixin.py:109} INFO - CSV to JSON Done !!
[2022-02-17 16:31:36,402] {python.py:175} INFO - Done. Returned value was: None
[2022-02-17 16:31:36,432] {taskinstance.py:1277} INFO - Marking task as SUCCESS. dag_id=demo_etl, task_id=Load_Data.Save_to_csv, execution_date=20220217T163128, start_date=20220217T163136, end_date=20220217T163136
[2022-02-17 16:31:36,526] {local_task_job.py:154} INFO - Task exited with return code 0
[2022-02-17 16:31:36,669] {local_task_job.py:264} INFO - 0 downstream tasks scheduled from follow-on schedule check
