[2022-02-18 15:06:47,415] {taskinstance.py:1032} INFO - Dependencies all met for <TaskInstance: demo_etl.Load_Data.Save_to_DB manual__2022-02-18T15:06:27.851369+00:00 [queued]>
[2022-02-18 15:06:47,455] {taskinstance.py:1032} INFO - Dependencies all met for <TaskInstance: demo_etl.Load_Data.Save_to_DB manual__2022-02-18T15:06:27.851369+00:00 [queued]>
[2022-02-18 15:06:47,455] {taskinstance.py:1238} INFO - 
--------------------------------------------------------------------------------
[2022-02-18 15:06:47,455] {taskinstance.py:1239} INFO - Starting attempt 1 of 1
[2022-02-18 15:06:47,455] {taskinstance.py:1240} INFO - 
--------------------------------------------------------------------------------
[2022-02-18 15:06:47,489] {taskinstance.py:1259} INFO - Executing <Task(PythonOperator): Load_Data.Save_to_DB> on 2022-02-18 15:06:27.851369+00:00
[2022-02-18 15:06:47,642] {standard_task_runner.py:52} INFO - Started process 4364 to run task
[2022-02-18 15:06:47,792] {standard_task_runner.py:76} INFO - Running: ['***', 'tasks', 'run', 'demo_etl', 'Load_Data.Save_to_DB', 'manual__2022-02-18T15:06:27.851369+00:00', '--job-id', '216', '--raw', '--subdir', 'DAGS_FOLDER/demo_etl.py', '--cfg-path', '/tmp/tmpgj197h_v', '--error-file', '/tmp/tmpq3xzbebo']
[2022-02-18 15:06:47,794] {standard_task_runner.py:77} INFO - Job 216: Subtask Load_Data.Save_to_DB
[2022-02-18 15:06:47,954] {logging_mixin.py:109} INFO - Running <TaskInstance: demo_etl.Load_Data.Save_to_DB manual__2022-02-18T15:06:27.851369+00:00 [running]> on host f632764e66f6
[2022-02-18 15:06:48,200] {taskinstance.py:1426} INFO - Exporting the following env vars:
AIRFLOW_CTX_DAG_OWNER=***
AIRFLOW_CTX_DAG_ID=demo_etl
AIRFLOW_CTX_TASK_ID=Load_Data.Save_to_DB
AIRFLOW_CTX_EXECUTION_DATE=2022-02-18T15:06:27.851369+00:00
AIRFLOW_CTX_DAG_RUN_ID=manual__2022-02-18T15:06:27.851369+00:00
[2022-02-18 15:06:48,218] {logging_mixin.py:109} WARNING - /home/***/.local/lib/python3.7/site-packages/***/utils/context.py:152 AirflowContextDeprecationWarning: Accessing 'execution_date' from the template is deprecated and will be removed in a future version. Please use 'data_interval_start' or 'logical_date' instead.
[2022-02-18 15:06:48,219] {logging_mixin.py:109} WARNING - /home/***/.local/lib/python3.7/site-packages/***/utils/context.py:152 AirflowContextDeprecationWarning: Accessing 'next_ds' from the template is deprecated and will be removed in a future version. Please use '{{ data_interval_end | ds }}' instead.
[2022-02-18 15:06:48,220] {logging_mixin.py:109} WARNING - /home/***/.local/lib/python3.7/site-packages/***/utils/context.py:152 AirflowContextDeprecationWarning: Accessing 'next_ds_nodash' from the template is deprecated and will be removed in a future version. Please use '{{ data_interval_end | ds_nodash }}' instead.
[2022-02-18 15:06:48,221] {logging_mixin.py:109} WARNING - /home/***/.local/lib/python3.7/site-packages/***/utils/context.py:152 AirflowContextDeprecationWarning: Accessing 'next_execution_date' from the template is deprecated and will be removed in a future version. Please use 'data_interval_end' instead.
[2022-02-18 15:06:48,222] {logging_mixin.py:109} WARNING - /home/***/.local/lib/python3.7/site-packages/***/utils/context.py:152 AirflowContextDeprecationWarning: Accessing 'prev_ds' from the template is deprecated and will be removed in a future version.
[2022-02-18 15:06:48,223] {logging_mixin.py:109} WARNING - /home/***/.local/lib/python3.7/site-packages/***/utils/context.py:152 AirflowContextDeprecationWarning: Accessing 'prev_ds_nodash' from the template is deprecated and will be removed in a future version.
[2022-02-18 15:06:48,226] {logging_mixin.py:109} WARNING - /home/***/.local/lib/python3.7/site-packages/***/utils/context.py:152 AirflowContextDeprecationWarning: Accessing 'prev_execution_date' from the template is deprecated and will be removed in a future version.
[2022-02-18 15:06:48,227] {logging_mixin.py:109} WARNING - /home/***/.local/lib/python3.7/site-packages/***/utils/context.py:152 AirflowContextDeprecationWarning: Accessing 'prev_execution_date_success' from the template is deprecated and will be removed in a future version. Please use 'prev_data_interval_start_success' instead.
[2022-02-18 15:06:48,228] {logging_mixin.py:109} WARNING - /home/***/.local/lib/python3.7/site-packages/***/utils/context.py:152 AirflowContextDeprecationWarning: Accessing 'tomorrow_ds' from the template is deprecated and will be removed in a future version.
[2022-02-18 15:06:48,240] {logging_mixin.py:109} WARNING - /home/***/.local/lib/python3.7/site-packages/***/utils/context.py:152 AirflowContextDeprecationWarning: Accessing 'tomorrow_ds_nodash' from the template is deprecated and will be removed in a future version.
[2022-02-18 15:06:48,241] {logging_mixin.py:109} WARNING - /home/***/.local/lib/python3.7/site-packages/***/utils/context.py:152 AirflowContextDeprecationWarning: Accessing 'yesterday_ds' from the template is deprecated and will be removed in a future version.
[2022-02-18 15:06:48,242] {logging_mixin.py:109} WARNING - /home/***/.local/lib/python3.7/site-packages/***/utils/context.py:152 AirflowContextDeprecationWarning: Accessing 'yesterday_ds_nodash' from the template is deprecated and will be removed in a future version.
[2022-02-18 15:06:48,617] {logging_mixin.py:109} INFO - 1.3.24
[2022-02-18 15:06:48,617] {logging_mixin.py:109} INFO - Done !!
[2022-02-18 15:06:48,648] {logging_mixin.py:109} INFO - Save Data to Database Done !!
[2022-02-18 15:06:48,648] {python.py:175} INFO - Done. Returned value was: None
[2022-02-18 15:06:48,874] {taskinstance.py:1277} INFO - Marking task as SUCCESS. dag_id=demo_etl, task_id=Load_Data.Save_to_DB, execution_date=20220218T150627, start_date=20220218T150647, end_date=20220218T150648
[2022-02-18 15:06:49,057] {local_task_job.py:154} INFO - Task exited with return code 0
[2022-02-18 15:06:49,566] {local_task_job.py:264} INFO - 0 downstream tasks scheduled from follow-on schedule check
