[2022-02-19 05:56:26,178] {taskinstance.py:1032} INFO - Dependencies all met for <TaskInstance: demo_etl.Load_Data.Save_to_csv manual__2022-02-19T05:56:03.924522+00:00 [queued]>
[2022-02-19 05:56:26,188] {taskinstance.py:1032} INFO - Dependencies all met for <TaskInstance: demo_etl.Load_Data.Save_to_csv manual__2022-02-19T05:56:03.924522+00:00 [queued]>
[2022-02-19 05:56:26,189] {taskinstance.py:1238} INFO - 
--------------------------------------------------------------------------------
[2022-02-19 05:56:26,189] {taskinstance.py:1239} INFO - Starting attempt 1 of 1
[2022-02-19 05:56:26,189] {taskinstance.py:1240} INFO - 
--------------------------------------------------------------------------------
[2022-02-19 05:56:26,201] {taskinstance.py:1259} INFO - Executing <Task(PythonOperator): Load_Data.Save_to_csv> on 2022-02-19 05:56:03.924522+00:00
[2022-02-19 05:56:26,205] {standard_task_runner.py:52} INFO - Started process 20349 to run task
[2022-02-19 05:56:26,209] {standard_task_runner.py:76} INFO - Running: ['***', 'tasks', 'run', 'demo_etl', 'Load_Data.Save_to_csv', 'manual__2022-02-19T05:56:03.924522+00:00', '--job-id', '252', '--raw', '--subdir', 'DAGS_FOLDER/demo_etl.py', '--cfg-path', '/tmp/tmpds8zm1rp', '--error-file', '/tmp/tmpj5qfgd73']
[2022-02-19 05:56:26,211] {standard_task_runner.py:77} INFO - Job 252: Subtask Load_Data.Save_to_csv
[2022-02-19 05:56:26,280] {logging_mixin.py:109} INFO - Running <TaskInstance: demo_etl.Load_Data.Save_to_csv manual__2022-02-19T05:56:03.924522+00:00 [running]> on host c39e331ab017
[2022-02-19 05:56:26,334] {taskinstance.py:1426} INFO - Exporting the following env vars:
AIRFLOW_CTX_DAG_OWNER=***
AIRFLOW_CTX_DAG_ID=demo_etl
AIRFLOW_CTX_TASK_ID=Load_Data.Save_to_csv
AIRFLOW_CTX_EXECUTION_DATE=2022-02-19T05:56:03.924522+00:00
AIRFLOW_CTX_DAG_RUN_ID=manual__2022-02-19T05:56:03.924522+00:00
[2022-02-19 05:56:26,341] {logging_mixin.py:109} WARNING - /home/***/.local/lib/python3.7/site-packages/***/utils/context.py:152 AirflowContextDeprecationWarning: Accessing 'execution_date' from the template is deprecated and will be removed in a future version. Please use 'data_interval_start' or 'logical_date' instead.
[2022-02-19 05:56:26,342] {logging_mixin.py:109} WARNING - /home/***/.local/lib/python3.7/site-packages/***/utils/context.py:152 AirflowContextDeprecationWarning: Accessing 'next_ds' from the template is deprecated and will be removed in a future version. Please use '{{ data_interval_end | ds }}' instead.
[2022-02-19 05:56:26,343] {logging_mixin.py:109} WARNING - /home/***/.local/lib/python3.7/site-packages/***/utils/context.py:152 AirflowContextDeprecationWarning: Accessing 'next_ds_nodash' from the template is deprecated and will be removed in a future version. Please use '{{ data_interval_end | ds_nodash }}' instead.
[2022-02-19 05:56:26,344] {logging_mixin.py:109} WARNING - /home/***/.local/lib/python3.7/site-packages/***/utils/context.py:152 AirflowContextDeprecationWarning: Accessing 'next_execution_date' from the template is deprecated and will be removed in a future version. Please use 'data_interval_end' instead.
[2022-02-19 05:56:26,345] {logging_mixin.py:109} WARNING - /home/***/.local/lib/python3.7/site-packages/***/utils/context.py:152 AirflowContextDeprecationWarning: Accessing 'prev_ds' from the template is deprecated and will be removed in a future version.
[2022-02-19 05:56:26,345] {logging_mixin.py:109} WARNING - /home/***/.local/lib/python3.7/site-packages/***/utils/context.py:152 AirflowContextDeprecationWarning: Accessing 'prev_ds_nodash' from the template is deprecated and will be removed in a future version.
[2022-02-19 05:56:26,346] {logging_mixin.py:109} WARNING - /home/***/.local/lib/python3.7/site-packages/***/utils/context.py:152 AirflowContextDeprecationWarning: Accessing 'prev_execution_date' from the template is deprecated and will be removed in a future version.
[2022-02-19 05:56:26,347] {logging_mixin.py:109} WARNING - /home/***/.local/lib/python3.7/site-packages/***/utils/context.py:152 AirflowContextDeprecationWarning: Accessing 'prev_execution_date_success' from the template is deprecated and will be removed in a future version. Please use 'prev_data_interval_start_success' instead.
[2022-02-19 05:56:26,348] {logging_mixin.py:109} WARNING - /home/***/.local/lib/python3.7/site-packages/***/utils/context.py:152 AirflowContextDeprecationWarning: Accessing 'tomorrow_ds' from the template is deprecated and will be removed in a future version.
[2022-02-19 05:56:26,349] {logging_mixin.py:109} WARNING - /home/***/.local/lib/python3.7/site-packages/***/utils/context.py:152 AirflowContextDeprecationWarning: Accessing 'tomorrow_ds_nodash' from the template is deprecated and will be removed in a future version.
[2022-02-19 05:56:26,350] {logging_mixin.py:109} WARNING - /home/***/.local/lib/python3.7/site-packages/***/utils/context.py:152 AirflowContextDeprecationWarning: Accessing 'yesterday_ds' from the template is deprecated and will be removed in a future version.
[2022-02-19 05:56:26,350] {logging_mixin.py:109} WARNING - /home/***/.local/lib/python3.7/site-packages/***/utils/context.py:152 AirflowContextDeprecationWarning: Accessing 'yesterday_ds_nodash' from the template is deprecated and will be removed in a future version.
[2022-02-19 05:56:26,371] {logging_mixin.py:109} INFO - CSV to JSON Done !!
[2022-02-19 05:56:26,371] {python.py:175} INFO - Done. Returned value was: None
[2022-02-19 05:56:26,383] {taskinstance.py:1277} INFO - Marking task as SUCCESS. dag_id=demo_etl, task_id=Load_Data.Save_to_csv, execution_date=20220219T055603, start_date=20220219T055626, end_date=20220219T055626
[2022-02-19 05:56:26,427] {local_task_job.py:154} INFO - Task exited with return code 0
[2022-02-19 05:56:26,463] {local_task_job.py:264} INFO - 0 downstream tasks scheduled from follow-on schedule check
