[2022-02-17 15:51:08,190] {taskinstance.py:1032} INFO - Dependencies all met for <TaskInstance: demo_etl.Transform_Data manual__2022-02-17T15:51:02.981519+00:00 [queued]>
[2022-02-17 15:51:08,202] {taskinstance.py:1032} INFO - Dependencies all met for <TaskInstance: demo_etl.Transform_Data manual__2022-02-17T15:51:02.981519+00:00 [queued]>
[2022-02-17 15:51:08,202] {taskinstance.py:1238} INFO - 
--------------------------------------------------------------------------------
[2022-02-17 15:51:08,202] {taskinstance.py:1239} INFO - Starting attempt 1 of 1
[2022-02-17 15:51:08,202] {taskinstance.py:1240} INFO - 
--------------------------------------------------------------------------------
[2022-02-17 15:51:08,214] {taskinstance.py:1259} INFO - Executing <Task(PythonOperator): Transform_Data> on 2022-02-17 15:51:02.981519+00:00
[2022-02-17 15:51:08,220] {standard_task_runner.py:52} INFO - Started process 4811 to run task
[2022-02-17 15:51:08,225] {standard_task_runner.py:76} INFO - Running: ['***', 'tasks', 'run', 'demo_etl', 'Transform_Data', 'manual__2022-02-17T15:51:02.981519+00:00', '--job-id', '102', '--raw', '--subdir', 'DAGS_FOLDER/demo_etl.py', '--cfg-path', '/tmp/tmphys1rsyz', '--error-file', '/tmp/tmpp1r5lkii']
[2022-02-17 15:51:08,226] {standard_task_runner.py:77} INFO - Job 102: Subtask Transform_Data
[2022-02-17 15:51:08,304] {logging_mixin.py:109} INFO - Running <TaskInstance: demo_etl.Transform_Data manual__2022-02-17T15:51:02.981519+00:00 [running]> on host 025baa70c69a
[2022-02-17 15:51:08,371] {taskinstance.py:1426} INFO - Exporting the following env vars:
AIRFLOW_CTX_DAG_OWNER=***
AIRFLOW_CTX_DAG_ID=demo_etl
AIRFLOW_CTX_TASK_ID=Transform_Data
AIRFLOW_CTX_EXECUTION_DATE=2022-02-17T15:51:02.981519+00:00
AIRFLOW_CTX_DAG_RUN_ID=manual__2022-02-17T15:51:02.981519+00:00
[2022-02-17 15:51:08,379] {logging_mixin.py:109} WARNING - /home/***/.local/lib/python3.7/site-packages/***/utils/context.py:152 AirflowContextDeprecationWarning: Accessing 'execution_date' from the template is deprecated and will be removed in a future version. Please use 'data_interval_start' or 'logical_date' instead.
[2022-02-17 15:51:08,380] {logging_mixin.py:109} WARNING - /home/***/.local/lib/python3.7/site-packages/***/utils/context.py:152 AirflowContextDeprecationWarning: Accessing 'next_ds' from the template is deprecated and will be removed in a future version. Please use '{{ data_interval_end | ds }}' instead.
[2022-02-17 15:51:08,382] {logging_mixin.py:109} WARNING - /home/***/.local/lib/python3.7/site-packages/***/utils/context.py:152 AirflowContextDeprecationWarning: Accessing 'next_ds_nodash' from the template is deprecated and will be removed in a future version. Please use '{{ data_interval_end | ds_nodash }}' instead.
[2022-02-17 15:51:08,384] {logging_mixin.py:109} WARNING - /home/***/.local/lib/python3.7/site-packages/***/utils/context.py:152 AirflowContextDeprecationWarning: Accessing 'next_execution_date' from the template is deprecated and will be removed in a future version. Please use 'data_interval_end' instead.
[2022-02-17 15:51:08,385] {logging_mixin.py:109} WARNING - /home/***/.local/lib/python3.7/site-packages/***/utils/context.py:152 AirflowContextDeprecationWarning: Accessing 'prev_ds' from the template is deprecated and will be removed in a future version.
[2022-02-17 15:51:08,386] {logging_mixin.py:109} WARNING - /home/***/.local/lib/python3.7/site-packages/***/utils/context.py:152 AirflowContextDeprecationWarning: Accessing 'prev_ds_nodash' from the template is deprecated and will be removed in a future version.
[2022-02-17 15:51:08,387] {logging_mixin.py:109} WARNING - /home/***/.local/lib/python3.7/site-packages/***/utils/context.py:152 AirflowContextDeprecationWarning: Accessing 'prev_execution_date' from the template is deprecated and will be removed in a future version.
[2022-02-17 15:51:08,388] {logging_mixin.py:109} WARNING - /home/***/.local/lib/python3.7/site-packages/***/utils/context.py:152 AirflowContextDeprecationWarning: Accessing 'prev_execution_date_success' from the template is deprecated and will be removed in a future version. Please use 'prev_data_interval_start_success' instead.
[2022-02-17 15:51:08,389] {logging_mixin.py:109} WARNING - /home/***/.local/lib/python3.7/site-packages/***/utils/context.py:152 AirflowContextDeprecationWarning: Accessing 'tomorrow_ds' from the template is deprecated and will be removed in a future version.
[2022-02-17 15:51:08,390] {logging_mixin.py:109} WARNING - /home/***/.local/lib/python3.7/site-packages/***/utils/context.py:152 AirflowContextDeprecationWarning: Accessing 'tomorrow_ds_nodash' from the template is deprecated and will be removed in a future version.
[2022-02-17 15:51:08,391] {logging_mixin.py:109} WARNING - /home/***/.local/lib/python3.7/site-packages/***/utils/context.py:152 AirflowContextDeprecationWarning: Accessing 'yesterday_ds' from the template is deprecated and will be removed in a future version.
[2022-02-17 15:51:08,392] {logging_mixin.py:109} WARNING - /home/***/.local/lib/python3.7/site-packages/***/utils/context.py:152 AirflowContextDeprecationWarning: Accessing 'yesterday_ds_nodash' from the template is deprecated and will be removed in a future version.
[2022-02-17 15:51:08,411] {logging_mixin.py:109} INFO - Transform Done !!
[2022-02-17 15:51:08,412] {python.py:175} INFO - Done. Returned value was: None
[2022-02-17 15:51:08,424] {taskinstance.py:1277} INFO - Marking task as SUCCESS. dag_id=demo_etl, task_id=Transform_Data, execution_date=20220217T155102, start_date=20220217T155108, end_date=20220217T155108
[2022-02-17 15:51:08,445] {local_task_job.py:154} INFO - Task exited with return code 0
[2022-02-17 15:51:08,490] {local_task_job.py:264} INFO - 2 downstream tasks scheduled from follow-on schedule check
