[2022-02-17 14:36:08,346] {taskinstance.py:1032} INFO - Dependencies all met for <TaskInstance: demo_etl.Load_Data.Save_to_csv manual__2022-02-17T14:35:59.782792+00:00 [queued]>
[2022-02-17 14:36:08,356] {taskinstance.py:1032} INFO - Dependencies all met for <TaskInstance: demo_etl.Load_Data.Save_to_csv manual__2022-02-17T14:35:59.782792+00:00 [queued]>
[2022-02-17 14:36:08,357] {taskinstance.py:1238} INFO - 
--------------------------------------------------------------------------------
[2022-02-17 14:36:08,357] {taskinstance.py:1239} INFO - Starting attempt 1 of 1
[2022-02-17 14:36:08,357] {taskinstance.py:1240} INFO - 
--------------------------------------------------------------------------------
[2022-02-17 14:36:08,370] {taskinstance.py:1259} INFO - Executing <Task(PythonOperator): Load_Data.Save_to_csv> on 2022-02-17 14:35:59.782792+00:00
[2022-02-17 14:36:08,375] {standard_task_runner.py:52} INFO - Started process 21647 to run task
[2022-02-17 14:36:08,384] {standard_task_runner.py:76} INFO - Running: ['***', 'tasks', 'run', 'demo_etl', 'Load_Data.Save_to_csv', 'manual__2022-02-17T14:35:59.782792+00:00', '--job-id', '74', '--raw', '--subdir', 'DAGS_FOLDER/demo_etl.py', '--cfg-path', '/tmp/tmpgygqru4i', '--error-file', '/tmp/tmp808uvdo8']
[2022-02-17 14:36:08,387] {standard_task_runner.py:77} INFO - Job 74: Subtask Load_Data.Save_to_csv
[2022-02-17 14:36:08,467] {logging_mixin.py:109} INFO - Running <TaskInstance: demo_etl.Load_Data.Save_to_csv manual__2022-02-17T14:35:59.782792+00:00 [running]> on host f8b49ae6ae82
[2022-02-17 14:36:08,581] {taskinstance.py:1426} INFO - Exporting the following env vars:
AIRFLOW_CTX_DAG_OWNER=***
AIRFLOW_CTX_DAG_ID=demo_etl
AIRFLOW_CTX_TASK_ID=Load_Data.Save_to_csv
AIRFLOW_CTX_EXECUTION_DATE=2022-02-17T14:35:59.782792+00:00
AIRFLOW_CTX_DAG_RUN_ID=manual__2022-02-17T14:35:59.782792+00:00
[2022-02-17 14:36:08,590] {logging_mixin.py:109} WARNING - /home/***/.local/lib/python3.7/site-packages/***/utils/context.py:152 AirflowContextDeprecationWarning: Accessing 'execution_date' from the template is deprecated and will be removed in a future version. Please use 'data_interval_start' or 'logical_date' instead.
[2022-02-17 14:36:08,591] {logging_mixin.py:109} WARNING - /home/***/.local/lib/python3.7/site-packages/***/utils/context.py:152 AirflowContextDeprecationWarning: Accessing 'next_ds' from the template is deprecated and will be removed in a future version. Please use '{{ data_interval_end | ds }}' instead.
[2022-02-17 14:36:08,592] {logging_mixin.py:109} WARNING - /home/***/.local/lib/python3.7/site-packages/***/utils/context.py:152 AirflowContextDeprecationWarning: Accessing 'next_ds_nodash' from the template is deprecated and will be removed in a future version. Please use '{{ data_interval_end | ds_nodash }}' instead.
[2022-02-17 14:36:08,593] {logging_mixin.py:109} WARNING - /home/***/.local/lib/python3.7/site-packages/***/utils/context.py:152 AirflowContextDeprecationWarning: Accessing 'next_execution_date' from the template is deprecated and will be removed in a future version. Please use 'data_interval_end' instead.
[2022-02-17 14:36:08,594] {logging_mixin.py:109} WARNING - /home/***/.local/lib/python3.7/site-packages/***/utils/context.py:152 AirflowContextDeprecationWarning: Accessing 'prev_ds' from the template is deprecated and will be removed in a future version.
[2022-02-17 14:36:08,595] {logging_mixin.py:109} WARNING - /home/***/.local/lib/python3.7/site-packages/***/utils/context.py:152 AirflowContextDeprecationWarning: Accessing 'prev_ds_nodash' from the template is deprecated and will be removed in a future version.
[2022-02-17 14:36:08,614] {logging_mixin.py:109} WARNING - /home/***/.local/lib/python3.7/site-packages/***/utils/context.py:152 AirflowContextDeprecationWarning: Accessing 'prev_execution_date' from the template is deprecated and will be removed in a future version.
[2022-02-17 14:36:08,615] {logging_mixin.py:109} WARNING - /home/***/.local/lib/python3.7/site-packages/***/utils/context.py:152 AirflowContextDeprecationWarning: Accessing 'prev_execution_date_success' from the template is deprecated and will be removed in a future version. Please use 'prev_data_interval_start_success' instead.
[2022-02-17 14:36:08,616] {logging_mixin.py:109} WARNING - /home/***/.local/lib/python3.7/site-packages/***/utils/context.py:152 AirflowContextDeprecationWarning: Accessing 'tomorrow_ds' from the template is deprecated and will be removed in a future version.
[2022-02-17 14:36:08,617] {logging_mixin.py:109} WARNING - /home/***/.local/lib/python3.7/site-packages/***/utils/context.py:152 AirflowContextDeprecationWarning: Accessing 'tomorrow_ds_nodash' from the template is deprecated and will be removed in a future version.
[2022-02-17 14:36:08,618] {logging_mixin.py:109} WARNING - /home/***/.local/lib/python3.7/site-packages/***/utils/context.py:152 AirflowContextDeprecationWarning: Accessing 'yesterday_ds' from the template is deprecated and will be removed in a future version.
[2022-02-17 14:36:08,618] {logging_mixin.py:109} WARNING - /home/***/.local/lib/python3.7/site-packages/***/utils/context.py:152 AirflowContextDeprecationWarning: Accessing 'yesterday_ds_nodash' from the template is deprecated and will be removed in a future version.
[2022-02-17 14:36:08,627] {logging_mixin.py:109} INFO - CSV to JSON Done !!
[2022-02-17 14:36:08,628] {python.py:175} INFO - Done. Returned value was: None
[2022-02-17 14:36:08,644] {taskinstance.py:1277} INFO - Marking task as SUCCESS. dag_id=demo_etl, task_id=Load_Data.Save_to_csv, execution_date=20220217T143559, start_date=20220217T143608, end_date=20220217T143608
[2022-02-17 14:36:08,724] {local_task_job.py:154} INFO - Task exited with return code 0
[2022-02-17 14:36:08,800] {local_task_job.py:264} INFO - 0 downstream tasks scheduled from follow-on schedule check
