[2022-02-17 16:02:11,190] {taskinstance.py:1032} INFO - Dependencies all met for <TaskInstance: demo_etl.Send_Email manual__2022-02-17T16:01:59.702163+00:00 [queued]>
[2022-02-17 16:02:11,206] {taskinstance.py:1032} INFO - Dependencies all met for <TaskInstance: demo_etl.Send_Email manual__2022-02-17T16:01:59.702163+00:00 [queued]>
[2022-02-17 16:02:11,206] {taskinstance.py:1238} INFO - 
--------------------------------------------------------------------------------
[2022-02-17 16:02:11,206] {taskinstance.py:1239} INFO - Starting attempt 1 of 1
[2022-02-17 16:02:11,206] {taskinstance.py:1240} INFO - 
--------------------------------------------------------------------------------
[2022-02-17 16:02:11,220] {taskinstance.py:1259} INFO - Executing <Task(PythonOperator): Send_Email> on 2022-02-17 16:01:59.702163+00:00
[2022-02-17 16:02:11,226] {standard_task_runner.py:52} INFO - Started process 9108 to run task
[2022-02-17 16:02:11,239] {standard_task_runner.py:76} INFO - Running: ['***', 'tasks', 'run', 'demo_etl', 'Send_Email', 'manual__2022-02-17T16:01:59.702163+00:00', '--job-id', '125', '--raw', '--subdir', 'DAGS_FOLDER/demo_etl.py', '--cfg-path', '/tmp/tmpy72zfxy6', '--error-file', '/tmp/tmpxjp9jqfd']
[2022-02-17 16:02:11,240] {standard_task_runner.py:77} INFO - Job 125: Subtask Send_Email
[2022-02-17 16:02:11,317] {logging_mixin.py:109} INFO - Running <TaskInstance: demo_etl.Send_Email manual__2022-02-17T16:01:59.702163+00:00 [running]> on host 025baa70c69a
[2022-02-17 16:02:11,386] {taskinstance.py:1426} INFO - Exporting the following env vars:
AIRFLOW_CTX_DAG_OWNER=***
AIRFLOW_CTX_DAG_ID=demo_etl
AIRFLOW_CTX_TASK_ID=Send_Email
AIRFLOW_CTX_EXECUTION_DATE=2022-02-17T16:01:59.702163+00:00
AIRFLOW_CTX_DAG_RUN_ID=manual__2022-02-17T16:01:59.702163+00:00
[2022-02-17 16:02:11,393] {logging_mixin.py:109} WARNING - /home/***/.local/lib/python3.7/site-packages/***/utils/context.py:152 AirflowContextDeprecationWarning: Accessing 'execution_date' from the template is deprecated and will be removed in a future version. Please use 'data_interval_start' or 'logical_date' instead.
[2022-02-17 16:02:11,395] {logging_mixin.py:109} WARNING - /home/***/.local/lib/python3.7/site-packages/***/utils/context.py:152 AirflowContextDeprecationWarning: Accessing 'next_ds' from the template is deprecated and will be removed in a future version. Please use '{{ data_interval_end | ds }}' instead.
[2022-02-17 16:02:11,396] {logging_mixin.py:109} WARNING - /home/***/.local/lib/python3.7/site-packages/***/utils/context.py:152 AirflowContextDeprecationWarning: Accessing 'next_ds_nodash' from the template is deprecated and will be removed in a future version. Please use '{{ data_interval_end | ds_nodash }}' instead.
[2022-02-17 16:02:11,397] {logging_mixin.py:109} WARNING - /home/***/.local/lib/python3.7/site-packages/***/utils/context.py:152 AirflowContextDeprecationWarning: Accessing 'next_execution_date' from the template is deprecated and will be removed in a future version. Please use 'data_interval_end' instead.
[2022-02-17 16:02:11,398] {logging_mixin.py:109} WARNING - /home/***/.local/lib/python3.7/site-packages/***/utils/context.py:152 AirflowContextDeprecationWarning: Accessing 'prev_ds' from the template is deprecated and will be removed in a future version.
[2022-02-17 16:02:11,399] {logging_mixin.py:109} WARNING - /home/***/.local/lib/python3.7/site-packages/***/utils/context.py:152 AirflowContextDeprecationWarning: Accessing 'prev_ds_nodash' from the template is deprecated and will be removed in a future version.
[2022-02-17 16:02:11,401] {logging_mixin.py:109} WARNING - /home/***/.local/lib/python3.7/site-packages/***/utils/context.py:152 AirflowContextDeprecationWarning: Accessing 'prev_execution_date' from the template is deprecated and will be removed in a future version.
[2022-02-17 16:02:11,402] {logging_mixin.py:109} WARNING - /home/***/.local/lib/python3.7/site-packages/***/utils/context.py:152 AirflowContextDeprecationWarning: Accessing 'prev_execution_date_success' from the template is deprecated and will be removed in a future version. Please use 'prev_data_interval_start_success' instead.
[2022-02-17 16:02:11,403] {logging_mixin.py:109} WARNING - /home/***/.local/lib/python3.7/site-packages/***/utils/context.py:152 AirflowContextDeprecationWarning: Accessing 'tomorrow_ds' from the template is deprecated and will be removed in a future version.
[2022-02-17 16:02:11,404] {logging_mixin.py:109} WARNING - /home/***/.local/lib/python3.7/site-packages/***/utils/context.py:152 AirflowContextDeprecationWarning: Accessing 'tomorrow_ds_nodash' from the template is deprecated and will be removed in a future version.
[2022-02-17 16:02:11,405] {logging_mixin.py:109} WARNING - /home/***/.local/lib/python3.7/site-packages/***/utils/context.py:152 AirflowContextDeprecationWarning: Accessing 'yesterday_ds' from the template is deprecated and will be removed in a future version.
[2022-02-17 16:02:11,406] {logging_mixin.py:109} WARNING - /home/***/.local/lib/python3.7/site-packages/***/utils/context.py:152 AirflowContextDeprecationWarning: Accessing 'yesterday_ds_nodash' from the template is deprecated and will be removed in a future version.
[2022-02-17 16:02:11,406] {logging_mixin.py:109} INFO - Send E-mail Done !!
[2022-02-17 16:02:11,407] {python.py:175} INFO - Done. Returned value was: None
[2022-02-17 16:02:11,432] {taskinstance.py:1277} INFO - Marking task as SUCCESS. dag_id=demo_etl, task_id=Send_Email, execution_date=20220217T160159, start_date=20220217T160211, end_date=20220217T160211
[2022-02-17 16:02:11,490] {local_task_job.py:154} INFO - Task exited with return code 0
[2022-02-17 16:02:11,524] {local_task_job.py:264} INFO - 0 downstream tasks scheduled from follow-on schedule check
