[2022-02-17 16:02:08,095] {taskinstance.py:1032} INFO - Dependencies all met for <TaskInstance: demo_etl.Load_Data.Save_to_DB manual__2022-02-17T16:01:59.702163+00:00 [queued]>
[2022-02-17 16:02:08,107] {taskinstance.py:1032} INFO - Dependencies all met for <TaskInstance: demo_etl.Load_Data.Save_to_DB manual__2022-02-17T16:01:59.702163+00:00 [queued]>
[2022-02-17 16:02:08,108] {taskinstance.py:1238} INFO - 
--------------------------------------------------------------------------------
[2022-02-17 16:02:08,108] {taskinstance.py:1239} INFO - Starting attempt 1 of 1
[2022-02-17 16:02:08,108] {taskinstance.py:1240} INFO - 
--------------------------------------------------------------------------------
[2022-02-17 16:02:08,122] {taskinstance.py:1259} INFO - Executing <Task(PythonOperator): Load_Data.Save_to_DB> on 2022-02-17 16:01:59.702163+00:00
[2022-02-17 16:02:08,127] {standard_task_runner.py:52} INFO - Started process 9078 to run task
[2022-02-17 16:02:08,137] {standard_task_runner.py:76} INFO - Running: ['***', 'tasks', 'run', 'demo_etl', 'Load_Data.Save_to_DB', 'manual__2022-02-17T16:01:59.702163+00:00', '--job-id', '123', '--raw', '--subdir', 'DAGS_FOLDER/demo_etl.py', '--cfg-path', '/tmp/tmp2pejhd_w', '--error-file', '/tmp/tmp6psh5i5q']
[2022-02-17 16:02:08,138] {standard_task_runner.py:77} INFO - Job 123: Subtask Load_Data.Save_to_DB
[2022-02-17 16:02:08,213] {logging_mixin.py:109} INFO - Running <TaskInstance: demo_etl.Load_Data.Save_to_DB manual__2022-02-17T16:01:59.702163+00:00 [running]> on host 025baa70c69a
[2022-02-17 16:02:08,288] {taskinstance.py:1426} INFO - Exporting the following env vars:
AIRFLOW_CTX_DAG_OWNER=***
AIRFLOW_CTX_DAG_ID=demo_etl
AIRFLOW_CTX_TASK_ID=Load_Data.Save_to_DB
AIRFLOW_CTX_EXECUTION_DATE=2022-02-17T16:01:59.702163+00:00
AIRFLOW_CTX_DAG_RUN_ID=manual__2022-02-17T16:01:59.702163+00:00
[2022-02-17 16:02:08,298] {logging_mixin.py:109} WARNING - /home/***/.local/lib/python3.7/site-packages/***/utils/context.py:152 AirflowContextDeprecationWarning: Accessing 'execution_date' from the template is deprecated and will be removed in a future version. Please use 'data_interval_start' or 'logical_date' instead.
[2022-02-17 16:02:08,299] {logging_mixin.py:109} WARNING - /home/***/.local/lib/python3.7/site-packages/***/utils/context.py:152 AirflowContextDeprecationWarning: Accessing 'next_ds' from the template is deprecated and will be removed in a future version. Please use '{{ data_interval_end | ds }}' instead.
[2022-02-17 16:02:08,300] {logging_mixin.py:109} WARNING - /home/***/.local/lib/python3.7/site-packages/***/utils/context.py:152 AirflowContextDeprecationWarning: Accessing 'next_ds_nodash' from the template is deprecated and will be removed in a future version. Please use '{{ data_interval_end | ds_nodash }}' instead.
[2022-02-17 16:02:08,301] {logging_mixin.py:109} WARNING - /home/***/.local/lib/python3.7/site-packages/***/utils/context.py:152 AirflowContextDeprecationWarning: Accessing 'next_execution_date' from the template is deprecated and will be removed in a future version. Please use 'data_interval_end' instead.
[2022-02-17 16:02:08,302] {logging_mixin.py:109} WARNING - /home/***/.local/lib/python3.7/site-packages/***/utils/context.py:152 AirflowContextDeprecationWarning: Accessing 'prev_ds' from the template is deprecated and will be removed in a future version.
[2022-02-17 16:02:08,303] {logging_mixin.py:109} WARNING - /home/***/.local/lib/python3.7/site-packages/***/utils/context.py:152 AirflowContextDeprecationWarning: Accessing 'prev_ds_nodash' from the template is deprecated and will be removed in a future version.
[2022-02-17 16:02:08,304] {logging_mixin.py:109} WARNING - /home/***/.local/lib/python3.7/site-packages/***/utils/context.py:152 AirflowContextDeprecationWarning: Accessing 'prev_execution_date' from the template is deprecated and will be removed in a future version.
[2022-02-17 16:02:08,305] {logging_mixin.py:109} WARNING - /home/***/.local/lib/python3.7/site-packages/***/utils/context.py:152 AirflowContextDeprecationWarning: Accessing 'prev_execution_date_success' from the template is deprecated and will be removed in a future version. Please use 'prev_data_interval_start_success' instead.
[2022-02-17 16:02:08,306] {logging_mixin.py:109} WARNING - /home/***/.local/lib/python3.7/site-packages/***/utils/context.py:152 AirflowContextDeprecationWarning: Accessing 'tomorrow_ds' from the template is deprecated and will be removed in a future version.
[2022-02-17 16:02:08,307] {logging_mixin.py:109} WARNING - /home/***/.local/lib/python3.7/site-packages/***/utils/context.py:152 AirflowContextDeprecationWarning: Accessing 'tomorrow_ds_nodash' from the template is deprecated and will be removed in a future version.
[2022-02-17 16:02:08,308] {logging_mixin.py:109} WARNING - /home/***/.local/lib/python3.7/site-packages/***/utils/context.py:152 AirflowContextDeprecationWarning: Accessing 'yesterday_ds' from the template is deprecated and will be removed in a future version.
[2022-02-17 16:02:08,309] {logging_mixin.py:109} WARNING - /home/***/.local/lib/python3.7/site-packages/***/utils/context.py:152 AirflowContextDeprecationWarning: Accessing 'yesterday_ds_nodash' from the template is deprecated and will be removed in a future version.
[2022-02-17 16:02:08,310] {logging_mixin.py:109} INFO - ['/home/***/.local/bin', '/usr/local/lib/python37.zip', '/usr/local/lib/python3.7', '/usr/local/lib/python3.7/lib-dynload', '/home/***/.local/lib/python3.7/site-packages', '/usr/local/lib/python3.7/site-packages', '/opt/***/dags', '/opt/***/config', '/opt/***/plugins']
[2022-02-17 16:02:08,310] {python.py:175} INFO - Done. Returned value was: None
[2022-02-17 16:02:08,328] {taskinstance.py:1277} INFO - Marking task as SUCCESS. dag_id=demo_etl, task_id=Load_Data.Save_to_DB, execution_date=20220217T160159, start_date=20220217T160208, end_date=20220217T160208
[2022-02-17 16:02:08,388] {local_task_job.py:154} INFO - Task exited with return code 0
[2022-02-17 16:02:08,434] {local_task_job.py:264} INFO - 0 downstream tasks scheduled from follow-on schedule check
