[2022-02-17 16:00:12,535] {taskinstance.py:1032} INFO - Dependencies all met for <TaskInstance: demo_etl.Extract_Data manual__2022-02-17T16:00:10.925343+00:00 [queued]>
[2022-02-17 16:00:12,546] {taskinstance.py:1032} INFO - Dependencies all met for <TaskInstance: demo_etl.Extract_Data manual__2022-02-17T16:00:10.925343+00:00 [queued]>
[2022-02-17 16:00:12,546] {taskinstance.py:1238} INFO - 
--------------------------------------------------------------------------------
[2022-02-17 16:00:12,546] {taskinstance.py:1239} INFO - Starting attempt 1 of 1
[2022-02-17 16:00:12,547] {taskinstance.py:1240} INFO - 
--------------------------------------------------------------------------------
[2022-02-17 16:00:12,558] {taskinstance.py:1259} INFO - Executing <Task(PythonOperator): Extract_Data> on 2022-02-17 16:00:10.925343+00:00
[2022-02-17 16:00:12,564] {standard_task_runner.py:52} INFO - Started process 8319 to run task
[2022-02-17 16:00:12,568] {standard_task_runner.py:76} INFO - Running: ['***', 'tasks', 'run', 'demo_etl', 'Extract_Data', 'manual__2022-02-17T16:00:10.925343+00:00', '--job-id', '117', '--raw', '--subdir', 'DAGS_FOLDER/demo_etl.py', '--cfg-path', '/tmp/tmplo5w23j4', '--error-file', '/tmp/tmppi3pdxtw']
[2022-02-17 16:00:12,569] {standard_task_runner.py:77} INFO - Job 117: Subtask Extract_Data
[2022-02-17 16:00:12,675] {logging_mixin.py:109} INFO - Running <TaskInstance: demo_etl.Extract_Data manual__2022-02-17T16:00:10.925343+00:00 [running]> on host 025baa70c69a
[2022-02-17 16:00:12,733] {taskinstance.py:1426} INFO - Exporting the following env vars:
AIRFLOW_CTX_DAG_OWNER=***
AIRFLOW_CTX_DAG_ID=demo_etl
AIRFLOW_CTX_TASK_ID=Extract_Data
AIRFLOW_CTX_EXECUTION_DATE=2022-02-17T16:00:10.925343+00:00
AIRFLOW_CTX_DAG_RUN_ID=manual__2022-02-17T16:00:10.925343+00:00
[2022-02-17 16:00:12,742] {logging_mixin.py:109} WARNING - /home/***/.local/lib/python3.7/site-packages/***/utils/context.py:152 AirflowContextDeprecationWarning: Accessing 'execution_date' from the template is deprecated and will be removed in a future version. Please use 'data_interval_start' or 'logical_date' instead.
[2022-02-17 16:00:12,743] {logging_mixin.py:109} WARNING - /home/***/.local/lib/python3.7/site-packages/***/utils/context.py:152 AirflowContextDeprecationWarning: Accessing 'next_ds' from the template is deprecated and will be removed in a future version. Please use '{{ data_interval_end | ds }}' instead.
[2022-02-17 16:00:12,744] {logging_mixin.py:109} WARNING - /home/***/.local/lib/python3.7/site-packages/***/utils/context.py:152 AirflowContextDeprecationWarning: Accessing 'next_ds_nodash' from the template is deprecated and will be removed in a future version. Please use '{{ data_interval_end | ds_nodash }}' instead.
[2022-02-17 16:00:12,745] {logging_mixin.py:109} WARNING - /home/***/.local/lib/python3.7/site-packages/***/utils/context.py:152 AirflowContextDeprecationWarning: Accessing 'next_execution_date' from the template is deprecated and will be removed in a future version. Please use 'data_interval_end' instead.
[2022-02-17 16:00:12,746] {logging_mixin.py:109} WARNING - /home/***/.local/lib/python3.7/site-packages/***/utils/context.py:152 AirflowContextDeprecationWarning: Accessing 'prev_ds' from the template is deprecated and will be removed in a future version.
[2022-02-17 16:00:12,746] {logging_mixin.py:109} WARNING - /home/***/.local/lib/python3.7/site-packages/***/utils/context.py:152 AirflowContextDeprecationWarning: Accessing 'prev_ds_nodash' from the template is deprecated and will be removed in a future version.
[2022-02-17 16:00:12,747] {logging_mixin.py:109} WARNING - /home/***/.local/lib/python3.7/site-packages/***/utils/context.py:152 AirflowContextDeprecationWarning: Accessing 'prev_execution_date' from the template is deprecated and will be removed in a future version.
[2022-02-17 16:00:12,748] {logging_mixin.py:109} WARNING - /home/***/.local/lib/python3.7/site-packages/***/utils/context.py:152 AirflowContextDeprecationWarning: Accessing 'prev_execution_date_success' from the template is deprecated and will be removed in a future version. Please use 'prev_data_interval_start_success' instead.
[2022-02-17 16:00:12,749] {logging_mixin.py:109} WARNING - /home/***/.local/lib/python3.7/site-packages/***/utils/context.py:152 AirflowContextDeprecationWarning: Accessing 'tomorrow_ds' from the template is deprecated and will be removed in a future version.
[2022-02-17 16:00:12,750] {logging_mixin.py:109} WARNING - /home/***/.local/lib/python3.7/site-packages/***/utils/context.py:152 AirflowContextDeprecationWarning: Accessing 'tomorrow_ds_nodash' from the template is deprecated and will be removed in a future version.
[2022-02-17 16:00:12,751] {logging_mixin.py:109} WARNING - /home/***/.local/lib/python3.7/site-packages/***/utils/context.py:152 AirflowContextDeprecationWarning: Accessing 'yesterday_ds' from the template is deprecated and will be removed in a future version.
[2022-02-17 16:00:12,752] {logging_mixin.py:109} WARNING - /home/***/.local/lib/python3.7/site-packages/***/utils/context.py:152 AirflowContextDeprecationWarning: Accessing 'yesterday_ds_nodash' from the template is deprecated and will be removed in a future version.
[2022-02-17 16:00:13,186] {logging_mixin.py:109} INFO - Extract Done !!
[2022-02-17 16:00:13,186] {python.py:175} INFO - Done. Returned value was: None
[2022-02-17 16:00:13,228] {taskinstance.py:1277} INFO - Marking task as SUCCESS. dag_id=demo_etl, task_id=Extract_Data, execution_date=20220217T160010, start_date=20220217T160012, end_date=20220217T160013
[2022-02-17 16:00:13,286] {local_task_job.py:154} INFO - Task exited with return code 0
[2022-02-17 16:00:13,339] {local_task_job.py:264} INFO - 1 downstream tasks scheduled from follow-on schedule check
