[2022-02-16 17:18:01,890] {taskinstance.py:1032} INFO - Dependencies all met for <TaskInstance: demo_etl.Transform_Data manual__2022-02-16T17:17:59.843223+00:00 [queued]>
[2022-02-16 17:18:01,908] {taskinstance.py:1032} INFO - Dependencies all met for <TaskInstance: demo_etl.Transform_Data manual__2022-02-16T17:17:59.843223+00:00 [queued]>
[2022-02-16 17:18:01,908] {taskinstance.py:1238} INFO - 
--------------------------------------------------------------------------------
[2022-02-16 17:18:01,908] {taskinstance.py:1239} INFO - Starting attempt 1 of 1
[2022-02-16 17:18:01,908] {taskinstance.py:1240} INFO - 
--------------------------------------------------------------------------------
[2022-02-16 17:18:01,927] {taskinstance.py:1259} INFO - Executing <Task(PythonOperator): Transform_Data> on 2022-02-16 17:17:59.843223+00:00
[2022-02-16 17:18:01,941] {standard_task_runner.py:52} INFO - Started process 7433 to run task
[2022-02-16 17:18:01,959] {standard_task_runner.py:76} INFO - Running: ['***', 'tasks', 'run', 'demo_etl', 'Transform_Data', 'manual__2022-02-16T17:17:59.843223+00:00', '--job-id', '6', '--raw', '--subdir', 'DAGS_FOLDER/demo_etl.py', '--cfg-path', '/tmp/tmpk6fio6yx', '--error-file', '/tmp/tmp0vmf_bxc']
[2022-02-16 17:18:01,960] {standard_task_runner.py:77} INFO - Job 6: Subtask Transform_Data
[2022-02-16 17:18:02,159] {logging_mixin.py:109} INFO - Running <TaskInstance: demo_etl.Transform_Data manual__2022-02-16T17:17:59.843223+00:00 [running]> on host f8b49ae6ae82
[2022-02-16 17:18:02,250] {taskinstance.py:1426} INFO - Exporting the following env vars:
AIRFLOW_CTX_DAG_OWNER=***
AIRFLOW_CTX_DAG_ID=demo_etl
AIRFLOW_CTX_TASK_ID=Transform_Data
AIRFLOW_CTX_EXECUTION_DATE=2022-02-16T17:17:59.843223+00:00
AIRFLOW_CTX_DAG_RUN_ID=manual__2022-02-16T17:17:59.843223+00:00
[2022-02-16 17:18:02,258] {logging_mixin.py:109} WARNING - /home/***/.local/lib/python3.7/site-packages/***/utils/context.py:152 AirflowContextDeprecationWarning: Accessing 'execution_date' from the template is deprecated and will be removed in a future version. Please use 'data_interval_start' or 'logical_date' instead.
[2022-02-16 17:18:02,263] {logging_mixin.py:109} WARNING - /home/***/.local/lib/python3.7/site-packages/***/utils/context.py:152 AirflowContextDeprecationWarning: Accessing 'next_ds' from the template is deprecated and will be removed in a future version. Please use '{{ data_interval_end | ds }}' instead.
[2022-02-16 17:18:02,264] {logging_mixin.py:109} WARNING - /home/***/.local/lib/python3.7/site-packages/***/utils/context.py:152 AirflowContextDeprecationWarning: Accessing 'next_ds_nodash' from the template is deprecated and will be removed in a future version. Please use '{{ data_interval_end | ds_nodash }}' instead.
[2022-02-16 17:18:02,265] {logging_mixin.py:109} WARNING - /home/***/.local/lib/python3.7/site-packages/***/utils/context.py:152 AirflowContextDeprecationWarning: Accessing 'next_execution_date' from the template is deprecated and will be removed in a future version. Please use 'data_interval_end' instead.
[2022-02-16 17:18:02,266] {logging_mixin.py:109} WARNING - /home/***/.local/lib/python3.7/site-packages/***/utils/context.py:152 AirflowContextDeprecationWarning: Accessing 'prev_ds' from the template is deprecated and will be removed in a future version.
[2022-02-16 17:18:02,267] {logging_mixin.py:109} WARNING - /home/***/.local/lib/python3.7/site-packages/***/utils/context.py:152 AirflowContextDeprecationWarning: Accessing 'prev_ds_nodash' from the template is deprecated and will be removed in a future version.
[2022-02-16 17:18:02,267] {logging_mixin.py:109} WARNING - /home/***/.local/lib/python3.7/site-packages/***/utils/context.py:152 AirflowContextDeprecationWarning: Accessing 'prev_execution_date' from the template is deprecated and will be removed in a future version.
[2022-02-16 17:18:02,268] {logging_mixin.py:109} WARNING - /home/***/.local/lib/python3.7/site-packages/***/utils/context.py:152 AirflowContextDeprecationWarning: Accessing 'prev_execution_date_success' from the template is deprecated and will be removed in a future version. Please use 'prev_data_interval_start_success' instead.
[2022-02-16 17:18:02,269] {logging_mixin.py:109} WARNING - /home/***/.local/lib/python3.7/site-packages/***/utils/context.py:152 AirflowContextDeprecationWarning: Accessing 'tomorrow_ds' from the template is deprecated and will be removed in a future version.
[2022-02-16 17:18:02,270] {logging_mixin.py:109} WARNING - /home/***/.local/lib/python3.7/site-packages/***/utils/context.py:152 AirflowContextDeprecationWarning: Accessing 'tomorrow_ds_nodash' from the template is deprecated and will be removed in a future version.
[2022-02-16 17:18:02,271] {logging_mixin.py:109} WARNING - /home/***/.local/lib/python3.7/site-packages/***/utils/context.py:152 AirflowContextDeprecationWarning: Accessing 'yesterday_ds' from the template is deprecated and will be removed in a future version.
[2022-02-16 17:18:02,272] {logging_mixin.py:109} WARNING - /home/***/.local/lib/python3.7/site-packages/***/utils/context.py:152 AirflowContextDeprecationWarning: Accessing 'yesterday_ds_nodash' from the template is deprecated and will be removed in a future version.
[2022-02-16 17:18:02,272] {logging_mixin.py:109} INFO - test tranform
[2022-02-16 17:18:02,272] {python.py:175} INFO - Done. Returned value was: None
[2022-02-16 17:18:02,284] {taskinstance.py:1277} INFO - Marking task as SUCCESS. dag_id=demo_etl, task_id=Transform_Data, execution_date=20220216T171759, start_date=20220216T171801, end_date=20220216T171802
[2022-02-16 17:18:02,332] {local_task_job.py:154} INFO - Task exited with return code 0
[2022-02-16 17:18:02,375] {local_task_job.py:264} INFO - 2 downstream tasks scheduled from follow-on schedule check
