[2022-02-19 06:33:50,236] {taskinstance.py:1032} INFO - Dependencies all met for <TaskInstance: demo_etl.Extract_Data manual__2022-02-19T06:33:48.458432+00:00 [queued]>
[2022-02-19 06:33:50,252] {taskinstance.py:1032} INFO - Dependencies all met for <TaskInstance: demo_etl.Extract_Data manual__2022-02-19T06:33:48.458432+00:00 [queued]>
[2022-02-19 06:33:50,252] {taskinstance.py:1238} INFO - 
--------------------------------------------------------------------------------
[2022-02-19 06:33:50,253] {taskinstance.py:1239} INFO - Starting attempt 1 of 1
[2022-02-19 06:33:50,253] {taskinstance.py:1240} INFO - 
--------------------------------------------------------------------------------
[2022-02-19 06:33:50,269] {taskinstance.py:1259} INFO - Executing <Task(PythonOperator): Extract_Data> on 2022-02-19 06:33:48.458432+00:00
[2022-02-19 06:33:50,279] {standard_task_runner.py:52} INFO - Started process 34720 to run task
[2022-02-19 06:33:50,301] {standard_task_runner.py:76} INFO - Running: ['***', 'tasks', 'run', 'demo_etl', 'Extract_Data', 'manual__2022-02-19T06:33:48.458432+00:00', '--job-id', '266', '--raw', '--subdir', 'DAGS_FOLDER/demo_etl.py', '--cfg-path', '/tmp/tmpxzt008h4', '--error-file', '/tmp/tmpbinbexzp']
[2022-02-19 06:33:50,302] {standard_task_runner.py:77} INFO - Job 266: Subtask Extract_Data
[2022-02-19 06:33:50,431] {logging_mixin.py:109} INFO - Running <TaskInstance: demo_etl.Extract_Data manual__2022-02-19T06:33:48.458432+00:00 [running]> on host c39e331ab017
[2022-02-19 06:33:50,491] {taskinstance.py:1426} INFO - Exporting the following env vars:
AIRFLOW_CTX_DAG_OWNER=***
AIRFLOW_CTX_DAG_ID=demo_etl
AIRFLOW_CTX_TASK_ID=Extract_Data
AIRFLOW_CTX_EXECUTION_DATE=2022-02-19T06:33:48.458432+00:00
AIRFLOW_CTX_DAG_RUN_ID=manual__2022-02-19T06:33:48.458432+00:00
[2022-02-19 06:33:50,499] {logging_mixin.py:109} WARNING - /home/***/.local/lib/python3.7/site-packages/***/utils/context.py:152 AirflowContextDeprecationWarning: Accessing 'execution_date' from the template is deprecated and will be removed in a future version. Please use 'data_interval_start' or 'logical_date' instead.
[2022-02-19 06:33:50,500] {logging_mixin.py:109} WARNING - /home/***/.local/lib/python3.7/site-packages/***/utils/context.py:152 AirflowContextDeprecationWarning: Accessing 'next_ds' from the template is deprecated and will be removed in a future version. Please use '{{ data_interval_end | ds }}' instead.
[2022-02-19 06:33:50,501] {logging_mixin.py:109} WARNING - /home/***/.local/lib/python3.7/site-packages/***/utils/context.py:152 AirflowContextDeprecationWarning: Accessing 'next_ds_nodash' from the template is deprecated and will be removed in a future version. Please use '{{ data_interval_end | ds_nodash }}' instead.
[2022-02-19 06:33:50,502] {logging_mixin.py:109} WARNING - /home/***/.local/lib/python3.7/site-packages/***/utils/context.py:152 AirflowContextDeprecationWarning: Accessing 'next_execution_date' from the template is deprecated and will be removed in a future version. Please use 'data_interval_end' instead.
[2022-02-19 06:33:50,503] {logging_mixin.py:109} WARNING - /home/***/.local/lib/python3.7/site-packages/***/utils/context.py:152 AirflowContextDeprecationWarning: Accessing 'prev_ds' from the template is deprecated and will be removed in a future version.
[2022-02-19 06:33:50,504] {logging_mixin.py:109} WARNING - /home/***/.local/lib/python3.7/site-packages/***/utils/context.py:152 AirflowContextDeprecationWarning: Accessing 'prev_ds_nodash' from the template is deprecated and will be removed in a future version.
[2022-02-19 06:33:50,505] {logging_mixin.py:109} WARNING - /home/***/.local/lib/python3.7/site-packages/***/utils/context.py:152 AirflowContextDeprecationWarning: Accessing 'prev_execution_date' from the template is deprecated and will be removed in a future version.
[2022-02-19 06:33:50,506] {logging_mixin.py:109} WARNING - /home/***/.local/lib/python3.7/site-packages/***/utils/context.py:152 AirflowContextDeprecationWarning: Accessing 'prev_execution_date_success' from the template is deprecated and will be removed in a future version. Please use 'prev_data_interval_start_success' instead.
[2022-02-19 06:33:50,507] {logging_mixin.py:109} WARNING - /home/***/.local/lib/python3.7/site-packages/***/utils/context.py:152 AirflowContextDeprecationWarning: Accessing 'tomorrow_ds' from the template is deprecated and will be removed in a future version.
[2022-02-19 06:33:50,508] {logging_mixin.py:109} WARNING - /home/***/.local/lib/python3.7/site-packages/***/utils/context.py:152 AirflowContextDeprecationWarning: Accessing 'tomorrow_ds_nodash' from the template is deprecated and will be removed in a future version.
[2022-02-19 06:33:50,509] {logging_mixin.py:109} WARNING - /home/***/.local/lib/python3.7/site-packages/***/utils/context.py:152 AirflowContextDeprecationWarning: Accessing 'yesterday_ds' from the template is deprecated and will be removed in a future version.
[2022-02-19 06:33:50,510] {logging_mixin.py:109} WARNING - /home/***/.local/lib/python3.7/site-packages/***/utils/context.py:152 AirflowContextDeprecationWarning: Accessing 'yesterday_ds_nodash' from the template is deprecated and will be removed in a future version.
[2022-02-19 06:33:54,004] {logging_mixin.py:109} INFO - 1000
[2022-02-19 06:33:54,004] {logging_mixin.py:109} INFO - 1000
[2022-02-19 06:33:54,004] {logging_mixin.py:109} INFO - Extract Done !!
[2022-02-19 06:33:54,005] {python.py:175} INFO - Done. Returned value was: None
[2022-02-19 06:33:54,016] {taskinstance.py:1277} INFO - Marking task as SUCCESS. dag_id=demo_etl, task_id=Extract_Data, execution_date=20220219T063348, start_date=20220219T063350, end_date=20220219T063354
[2022-02-19 06:33:54,070] {local_task_job.py:154} INFO - Task exited with return code 0
[2022-02-19 06:33:54,123] {local_task_job.py:264} INFO - 1 downstream tasks scheduled from follow-on schedule check
