[2022-02-19 14:28:08,938] {taskinstance.py:1032} INFO - Dependencies all met for <TaskInstance: demo_etl.Send_Email manual__2022-02-19T14:27:52.738259+00:00 [queued]>
[2022-02-19 14:28:08,949] {taskinstance.py:1032} INFO - Dependencies all met for <TaskInstance: demo_etl.Send_Email manual__2022-02-19T14:27:52.738259+00:00 [queued]>
[2022-02-19 14:28:08,949] {taskinstance.py:1238} INFO - 
--------------------------------------------------------------------------------
[2022-02-19 14:28:08,949] {taskinstance.py:1239} INFO - Starting attempt 1 of 1
[2022-02-19 14:28:08,949] {taskinstance.py:1240} INFO - 
--------------------------------------------------------------------------------
[2022-02-19 14:28:08,962] {taskinstance.py:1259} INFO - Executing <Task(EmailOperator): Send_Email> on 2022-02-19 14:27:52.738259+00:00
[2022-02-19 14:28:08,967] {standard_task_runner.py:52} INFO - Started process 15832 to run task
[2022-02-19 14:28:08,972] {standard_task_runner.py:76} INFO - Running: ['***', 'tasks', 'run', 'demo_etl', 'Send_Email', 'manual__2022-02-19T14:27:52.738259+00:00', '--job-id', '370', '--raw', '--subdir', 'DAGS_FOLDER/demo_etl.py', '--cfg-path', '/tmp/tmpm3ar_cky', '--error-file', '/tmp/tmp831r32or']
[2022-02-19 14:28:08,973] {standard_task_runner.py:77} INFO - Job 370: Subtask Send_Email
[2022-02-19 14:28:09,040] {logging_mixin.py:109} INFO - Running <TaskInstance: demo_etl.Send_Email manual__2022-02-19T14:27:52.738259+00:00 [running]> on host d18a6d5a39bc
[2022-02-19 14:28:09,101] {taskinstance.py:1426} INFO - Exporting the following env vars:
AIRFLOW_CTX_DAG_OWNER=***
AIRFLOW_CTX_DAG_ID=demo_etl
AIRFLOW_CTX_TASK_ID=Send_Email
AIRFLOW_CTX_EXECUTION_DATE=2022-02-19T14:27:52.738259+00:00
AIRFLOW_CTX_DAG_RUN_ID=manual__2022-02-19T14:27:52.738259+00:00
[2022-02-19 14:28:09,123] {logging_mixin.py:109} WARNING - /home/***/.local/lib/python3.7/site-packages/***/utils/email.py:102 PendingDeprecationWarning: Fetching SMTP credentials from configuration variables will be deprecated in a future release. Please set credentials using a connection instead.
[2022-02-19 14:28:09,123] {configuration.py:381} WARNING - section/key [smtp/smtp_user] not found in config
[2022-02-19 14:28:09,123] {email.py:208} INFO - Email alerting: attempt 1
[2022-02-19 14:28:09,126] {email.py:220} INFO - Sent an alert email to ['test@mailhog.local']
[2022-02-19 14:28:09,265] {taskinstance.py:1277} INFO - Marking task as SUCCESS. dag_id=demo_etl, task_id=Send_Email, execution_date=20220219T142752, start_date=20220219T142808, end_date=20220219T142809
[2022-02-19 14:28:09,319] {local_task_job.py:154} INFO - Task exited with return code 0
[2022-02-19 14:28:09,356] {local_task_job.py:264} INFO - 1 downstream tasks scheduled from follow-on schedule check
