[2022-02-19 10:39:42,461] {taskinstance.py:1032} INFO - Dependencies all met for <TaskInstance: demo_etl.Extract_Data manual__2022-02-19T10:39:40.229352+00:00 [queued]>
[2022-02-19 10:39:42,475] {taskinstance.py:1032} INFO - Dependencies all met for <TaskInstance: demo_etl.Extract_Data manual__2022-02-19T10:39:40.229352+00:00 [queued]>
[2022-02-19 10:39:42,475] {taskinstance.py:1238} INFO - 
--------------------------------------------------------------------------------
[2022-02-19 10:39:42,475] {taskinstance.py:1239} INFO - Starting attempt 1 of 1
[2022-02-19 10:39:42,475] {taskinstance.py:1240} INFO - 
--------------------------------------------------------------------------------
[2022-02-19 10:39:42,493] {taskinstance.py:1259} INFO - Executing <Task(PythonOperator): Extract_Data> on 2022-02-19 10:39:40.229352+00:00
[2022-02-19 10:39:42,502] {standard_task_runner.py:52} INFO - Started process 11863 to run task
[2022-02-19 10:39:42,510] {standard_task_runner.py:76} INFO - Running: ['***', 'tasks', 'run', 'demo_etl', 'Extract_Data', 'manual__2022-02-19T10:39:40.229352+00:00', '--job-id', '316', '--raw', '--subdir', 'DAGS_FOLDER/demo_etl.py', '--cfg-path', '/tmp/tmp82sa859j', '--error-file', '/tmp/tmpw4uqueuq']
[2022-02-19 10:39:42,511] {standard_task_runner.py:77} INFO - Job 316: Subtask Extract_Data
[2022-02-19 10:39:42,619] {logging_mixin.py:109} INFO - Running <TaskInstance: demo_etl.Extract_Data manual__2022-02-19T10:39:40.229352+00:00 [running]> on host f05ae857766d
[2022-02-19 10:39:42,694] {taskinstance.py:1426} INFO - Exporting the following env vars:
AIRFLOW_CTX_DAG_OWNER=***
AIRFLOW_CTX_DAG_ID=demo_etl
AIRFLOW_CTX_TASK_ID=Extract_Data
AIRFLOW_CTX_EXECUTION_DATE=2022-02-19T10:39:40.229352+00:00
AIRFLOW_CTX_DAG_RUN_ID=manual__2022-02-19T10:39:40.229352+00:00
[2022-02-19 10:39:42,704] {logging_mixin.py:109} WARNING - /home/***/.local/lib/python3.7/site-packages/***/utils/context.py:152 AirflowContextDeprecationWarning: Accessing 'execution_date' from the template is deprecated and will be removed in a future version. Please use 'data_interval_start' or 'logical_date' instead.
[2022-02-19 10:39:42,705] {logging_mixin.py:109} WARNING - /home/***/.local/lib/python3.7/site-packages/***/utils/context.py:152 AirflowContextDeprecationWarning: Accessing 'next_ds' from the template is deprecated and will be removed in a future version. Please use '{{ data_interval_end | ds }}' instead.
[2022-02-19 10:39:42,706] {logging_mixin.py:109} WARNING - /home/***/.local/lib/python3.7/site-packages/***/utils/context.py:152 AirflowContextDeprecationWarning: Accessing 'next_ds_nodash' from the template is deprecated and will be removed in a future version. Please use '{{ data_interval_end | ds_nodash }}' instead.
[2022-02-19 10:39:42,707] {logging_mixin.py:109} WARNING - /home/***/.local/lib/python3.7/site-packages/***/utils/context.py:152 AirflowContextDeprecationWarning: Accessing 'next_execution_date' from the template is deprecated and will be removed in a future version. Please use 'data_interval_end' instead.
[2022-02-19 10:39:42,708] {logging_mixin.py:109} WARNING - /home/***/.local/lib/python3.7/site-packages/***/utils/context.py:152 AirflowContextDeprecationWarning: Accessing 'prev_ds' from the template is deprecated and will be removed in a future version.
[2022-02-19 10:39:42,709] {logging_mixin.py:109} WARNING - /home/***/.local/lib/python3.7/site-packages/***/utils/context.py:152 AirflowContextDeprecationWarning: Accessing 'prev_ds_nodash' from the template is deprecated and will be removed in a future version.
[2022-02-19 10:39:42,710] {logging_mixin.py:109} WARNING - /home/***/.local/lib/python3.7/site-packages/***/utils/context.py:152 AirflowContextDeprecationWarning: Accessing 'prev_execution_date' from the template is deprecated and will be removed in a future version.
[2022-02-19 10:39:42,711] {logging_mixin.py:109} WARNING - /home/***/.local/lib/python3.7/site-packages/***/utils/context.py:152 AirflowContextDeprecationWarning: Accessing 'prev_execution_date_success' from the template is deprecated and will be removed in a future version. Please use 'prev_data_interval_start_success' instead.
[2022-02-19 10:39:42,712] {logging_mixin.py:109} WARNING - /home/***/.local/lib/python3.7/site-packages/***/utils/context.py:152 AirflowContextDeprecationWarning: Accessing 'tomorrow_ds' from the template is deprecated and will be removed in a future version.
[2022-02-19 10:39:42,713] {logging_mixin.py:109} WARNING - /home/***/.local/lib/python3.7/site-packages/***/utils/context.py:152 AirflowContextDeprecationWarning: Accessing 'tomorrow_ds_nodash' from the template is deprecated and will be removed in a future version.
[2022-02-19 10:39:42,715] {logging_mixin.py:109} WARNING - /home/***/.local/lib/python3.7/site-packages/***/utils/context.py:152 AirflowContextDeprecationWarning: Accessing 'yesterday_ds' from the template is deprecated and will be removed in a future version.
[2022-02-19 10:39:42,717] {logging_mixin.py:109} WARNING - /home/***/.local/lib/python3.7/site-packages/***/utils/context.py:152 AirflowContextDeprecationWarning: Accessing 'yesterday_ds_nodash' from the template is deprecated and will be removed in a future version.
[2022-02-19 10:39:46,932] {logging_mixin.py:109} INFO - Extract Done !!
[2022-02-19 10:39:46,933] {python.py:175} INFO - Done. Returned value was: None
[2022-02-19 10:39:46,959] {taskinstance.py:1277} INFO - Marking task as SUCCESS. dag_id=demo_etl, task_id=Extract_Data, execution_date=20220219T103940, start_date=20220219T103942, end_date=20220219T103946
[2022-02-19 10:39:47,035] {local_task_job.py:154} INFO - Task exited with return code 0
[2022-02-19 10:39:47,092] {local_task_job.py:264} INFO - 1 downstream tasks scheduled from follow-on schedule check
