[2022-02-19 06:24:23,992] {taskinstance.py:1032} INFO - Dependencies all met for <TaskInstance: demo_etl.Extract_Data manual__2022-02-19T06:24:16.178511+00:00 [queued]>
[2022-02-19 06:24:24,003] {taskinstance.py:1032} INFO - Dependencies all met for <TaskInstance: demo_etl.Extract_Data manual__2022-02-19T06:24:16.178511+00:00 [queued]>
[2022-02-19 06:24:24,003] {taskinstance.py:1238} INFO - 
--------------------------------------------------------------------------------
[2022-02-19 06:24:24,003] {taskinstance.py:1239} INFO - Starting attempt 1 of 1
[2022-02-19 06:24:24,003] {taskinstance.py:1240} INFO - 
--------------------------------------------------------------------------------
[2022-02-19 06:24:24,014] {taskinstance.py:1259} INFO - Executing <Task(PythonOperator): Extract_Data> on 2022-02-19 06:24:16.178511+00:00
[2022-02-19 06:24:24,019] {standard_task_runner.py:52} INFO - Started process 31105 to run task
[2022-02-19 06:24:24,027] {standard_task_runner.py:76} INFO - Running: ['***', 'tasks', 'run', 'demo_etl', 'Extract_Data', 'manual__2022-02-19T06:24:16.178511+00:00', '--job-id', '261', '--raw', '--subdir', 'DAGS_FOLDER/demo_etl.py', '--cfg-path', '/tmp/tmplmcyku02', '--error-file', '/tmp/tmp1fkj1nae']
[2022-02-19 06:24:24,028] {standard_task_runner.py:77} INFO - Job 261: Subtask Extract_Data
[2022-02-19 06:24:24,091] {logging_mixin.py:109} INFO - Running <TaskInstance: demo_etl.Extract_Data manual__2022-02-19T06:24:16.178511+00:00 [running]> on host c39e331ab017
[2022-02-19 06:24:24,147] {taskinstance.py:1426} INFO - Exporting the following env vars:
AIRFLOW_CTX_DAG_OWNER=***
AIRFLOW_CTX_DAG_ID=demo_etl
AIRFLOW_CTX_TASK_ID=Extract_Data
AIRFLOW_CTX_EXECUTION_DATE=2022-02-19T06:24:16.178511+00:00
AIRFLOW_CTX_DAG_RUN_ID=manual__2022-02-19T06:24:16.178511+00:00
[2022-02-19 06:24:24,154] {logging_mixin.py:109} WARNING - /home/***/.local/lib/python3.7/site-packages/***/utils/context.py:152 AirflowContextDeprecationWarning: Accessing 'execution_date' from the template is deprecated and will be removed in a future version. Please use 'data_interval_start' or 'logical_date' instead.
[2022-02-19 06:24:24,155] {logging_mixin.py:109} WARNING - /home/***/.local/lib/python3.7/site-packages/***/utils/context.py:152 AirflowContextDeprecationWarning: Accessing 'next_ds' from the template is deprecated and will be removed in a future version. Please use '{{ data_interval_end | ds }}' instead.
[2022-02-19 06:24:24,156] {logging_mixin.py:109} WARNING - /home/***/.local/lib/python3.7/site-packages/***/utils/context.py:152 AirflowContextDeprecationWarning: Accessing 'next_ds_nodash' from the template is deprecated and will be removed in a future version. Please use '{{ data_interval_end | ds_nodash }}' instead.
[2022-02-19 06:24:24,157] {logging_mixin.py:109} WARNING - /home/***/.local/lib/python3.7/site-packages/***/utils/context.py:152 AirflowContextDeprecationWarning: Accessing 'next_execution_date' from the template is deprecated and will be removed in a future version. Please use 'data_interval_end' instead.
[2022-02-19 06:24:24,158] {logging_mixin.py:109} WARNING - /home/***/.local/lib/python3.7/site-packages/***/utils/context.py:152 AirflowContextDeprecationWarning: Accessing 'prev_ds' from the template is deprecated and will be removed in a future version.
[2022-02-19 06:24:24,159] {logging_mixin.py:109} WARNING - /home/***/.local/lib/python3.7/site-packages/***/utils/context.py:152 AirflowContextDeprecationWarning: Accessing 'prev_ds_nodash' from the template is deprecated and will be removed in a future version.
[2022-02-19 06:24:24,160] {logging_mixin.py:109} WARNING - /home/***/.local/lib/python3.7/site-packages/***/utils/context.py:152 AirflowContextDeprecationWarning: Accessing 'prev_execution_date' from the template is deprecated and will be removed in a future version.
[2022-02-19 06:24:24,161] {logging_mixin.py:109} WARNING - /home/***/.local/lib/python3.7/site-packages/***/utils/context.py:152 AirflowContextDeprecationWarning: Accessing 'prev_execution_date_success' from the template is deprecated and will be removed in a future version. Please use 'prev_data_interval_start_success' instead.
[2022-02-19 06:24:24,162] {logging_mixin.py:109} WARNING - /home/***/.local/lib/python3.7/site-packages/***/utils/context.py:152 AirflowContextDeprecationWarning: Accessing 'tomorrow_ds' from the template is deprecated and will be removed in a future version.
[2022-02-19 06:24:24,163] {logging_mixin.py:109} WARNING - /home/***/.local/lib/python3.7/site-packages/***/utils/context.py:152 AirflowContextDeprecationWarning: Accessing 'tomorrow_ds_nodash' from the template is deprecated and will be removed in a future version.
[2022-02-19 06:24:24,164] {logging_mixin.py:109} WARNING - /home/***/.local/lib/python3.7/site-packages/***/utils/context.py:152 AirflowContextDeprecationWarning: Accessing 'yesterday_ds' from the template is deprecated and will be removed in a future version.
[2022-02-19 06:24:24,164] {logging_mixin.py:109} WARNING - /home/***/.local/lib/python3.7/site-packages/***/utils/context.py:152 AirflowContextDeprecationWarning: Accessing 'yesterday_ds_nodash' from the template is deprecated and will be removed in a future version.
[2022-02-19 06:24:27,552] {logging_mixin.py:109} INFO -              lpep_pickup_datetime  ... congestion_surcharge
vendorid                           ...                     
2         2019-12-18T15:52:30.000  ...                    0

[1 rows x 18 columns]
[2022-02-19 06:24:27,575] {logging_mixin.py:109} INFO -              lpep_pickup_datetime  ... congestion_surcharge
vendorid                           ...                     
2         2021-01-01T00:15:56.000  ...                    0

[1 rows x 18 columns]
[2022-02-19 06:24:27,576] {logging_mixin.py:109} INFO - Extract Done !!
[2022-02-19 06:24:27,576] {python.py:175} INFO - Done. Returned value was: None
[2022-02-19 06:24:27,588] {taskinstance.py:1277} INFO - Marking task as SUCCESS. dag_id=demo_etl, task_id=Extract_Data, execution_date=20220219T062416, start_date=20220219T062423, end_date=20220219T062427
[2022-02-19 06:24:27,643] {local_task_job.py:154} INFO - Task exited with return code 0
[2022-02-19 06:24:27,690] {local_task_job.py:264} INFO - 1 downstream tasks scheduled from follow-on schedule check
