[2022-02-16 17:19:33,001] {taskinstance.py:1032} INFO - Dependencies all met for <TaskInstance: demo_etl.Extract_Data manual__2022-02-16T17:19:31.463590+00:00 [queued]>
[2022-02-16 17:19:33,014] {taskinstance.py:1032} INFO - Dependencies all met for <TaskInstance: demo_etl.Extract_Data manual__2022-02-16T17:19:31.463590+00:00 [queued]>
[2022-02-16 17:19:33,015] {taskinstance.py:1238} INFO - 
--------------------------------------------------------------------------------
[2022-02-16 17:19:33,015] {taskinstance.py:1239} INFO - Starting attempt 1 of 1
[2022-02-16 17:19:33,015] {taskinstance.py:1240} INFO - 
--------------------------------------------------------------------------------
[2022-02-16 17:19:33,029] {taskinstance.py:1259} INFO - Executing <Task(PythonOperator): Extract_Data> on 2022-02-16 17:19:31.463590+00:00
[2022-02-16 17:19:33,033] {standard_task_runner.py:52} INFO - Started process 8015 to run task
[2022-02-16 17:19:33,037] {standard_task_runner.py:76} INFO - Running: ['***', 'tasks', 'run', 'demo_etl', 'Extract_Data', 'manual__2022-02-16T17:19:31.463590+00:00', '--job-id', '10', '--raw', '--subdir', 'DAGS_FOLDER/demo_etl.py', '--cfg-path', '/tmp/tmplstl6n7s', '--error-file', '/tmp/tmpea2bo82l']
[2022-02-16 17:19:33,039] {standard_task_runner.py:77} INFO - Job 10: Subtask Extract_Data
[2022-02-16 17:19:33,111] {logging_mixin.py:109} INFO - Running <TaskInstance: demo_etl.Extract_Data manual__2022-02-16T17:19:31.463590+00:00 [running]> on host f8b49ae6ae82
[2022-02-16 17:19:33,175] {taskinstance.py:1426} INFO - Exporting the following env vars:
AIRFLOW_CTX_DAG_OWNER=***
AIRFLOW_CTX_DAG_ID=demo_etl
AIRFLOW_CTX_TASK_ID=Extract_Data
AIRFLOW_CTX_EXECUTION_DATE=2022-02-16T17:19:31.463590+00:00
AIRFLOW_CTX_DAG_RUN_ID=manual__2022-02-16T17:19:31.463590+00:00
[2022-02-16 17:19:33,183] {logging_mixin.py:109} WARNING - /home/***/.local/lib/python3.7/site-packages/***/utils/context.py:152 AirflowContextDeprecationWarning: Accessing 'execution_date' from the template is deprecated and will be removed in a future version. Please use 'data_interval_start' or 'logical_date' instead.
[2022-02-16 17:19:33,184] {logging_mixin.py:109} WARNING - /home/***/.local/lib/python3.7/site-packages/***/utils/context.py:152 AirflowContextDeprecationWarning: Accessing 'next_ds' from the template is deprecated and will be removed in a future version. Please use '{{ data_interval_end | ds }}' instead.
[2022-02-16 17:19:33,185] {logging_mixin.py:109} WARNING - /home/***/.local/lib/python3.7/site-packages/***/utils/context.py:152 AirflowContextDeprecationWarning: Accessing 'next_ds_nodash' from the template is deprecated and will be removed in a future version. Please use '{{ data_interval_end | ds_nodash }}' instead.
[2022-02-16 17:19:33,187] {logging_mixin.py:109} WARNING - /home/***/.local/lib/python3.7/site-packages/***/utils/context.py:152 AirflowContextDeprecationWarning: Accessing 'next_execution_date' from the template is deprecated and will be removed in a future version. Please use 'data_interval_end' instead.
[2022-02-16 17:19:33,188] {logging_mixin.py:109} WARNING - /home/***/.local/lib/python3.7/site-packages/***/utils/context.py:152 AirflowContextDeprecationWarning: Accessing 'prev_ds' from the template is deprecated and will be removed in a future version.
[2022-02-16 17:19:33,189] {logging_mixin.py:109} WARNING - /home/***/.local/lib/python3.7/site-packages/***/utils/context.py:152 AirflowContextDeprecationWarning: Accessing 'prev_ds_nodash' from the template is deprecated and will be removed in a future version.
[2022-02-16 17:19:33,190] {logging_mixin.py:109} WARNING - /home/***/.local/lib/python3.7/site-packages/***/utils/context.py:152 AirflowContextDeprecationWarning: Accessing 'prev_execution_date' from the template is deprecated and will be removed in a future version.
[2022-02-16 17:19:33,191] {logging_mixin.py:109} WARNING - /home/***/.local/lib/python3.7/site-packages/***/utils/context.py:152 AirflowContextDeprecationWarning: Accessing 'prev_execution_date_success' from the template is deprecated and will be removed in a future version. Please use 'prev_data_interval_start_success' instead.
[2022-02-16 17:19:33,192] {logging_mixin.py:109} WARNING - /home/***/.local/lib/python3.7/site-packages/***/utils/context.py:152 AirflowContextDeprecationWarning: Accessing 'tomorrow_ds' from the template is deprecated and will be removed in a future version.
[2022-02-16 17:19:33,193] {logging_mixin.py:109} WARNING - /home/***/.local/lib/python3.7/site-packages/***/utils/context.py:152 AirflowContextDeprecationWarning: Accessing 'tomorrow_ds_nodash' from the template is deprecated and will be removed in a future version.
[2022-02-16 17:19:33,193] {logging_mixin.py:109} WARNING - /home/***/.local/lib/python3.7/site-packages/***/utils/context.py:152 AirflowContextDeprecationWarning: Accessing 'yesterday_ds' from the template is deprecated and will be removed in a future version.
[2022-02-16 17:19:33,194] {logging_mixin.py:109} WARNING - /home/***/.local/lib/python3.7/site-packages/***/utils/context.py:152 AirflowContextDeprecationWarning: Accessing 'yesterday_ds_nodash' from the template is deprecated and will be removed in a future version.
[2022-02-16 17:19:33,194] {logging_mixin.py:109} INFO - test extract
[2022-02-16 17:19:33,195] {python.py:175} INFO - Done. Returned value was: None
[2022-02-16 17:19:33,207] {taskinstance.py:1277} INFO - Marking task as SUCCESS. dag_id=demo_etl, task_id=Extract_Data, execution_date=20220216T171931, start_date=20220216T171933, end_date=20220216T171933
[2022-02-16 17:19:33,255] {local_task_job.py:154} INFO - Task exited with return code 0
[2022-02-16 17:19:33,298] {local_task_job.py:264} INFO - 1 downstream tasks scheduled from follow-on schedule check
