[2022-02-18 15:29:20,518] {taskinstance.py:1032} INFO - Dependencies all met for <TaskInstance: demo_etl.Send_Email manual__2022-02-18T15:28:48.561790+00:00 [queued]>
[2022-02-18 15:29:20,540] {taskinstance.py:1032} INFO - Dependencies all met for <TaskInstance: demo_etl.Send_Email manual__2022-02-18T15:28:48.561790+00:00 [queued]>
[2022-02-18 15:29:20,541] {taskinstance.py:1238} INFO - 
--------------------------------------------------------------------------------
[2022-02-18 15:29:20,541] {taskinstance.py:1239} INFO - Starting attempt 1 of 1
[2022-02-18 15:29:20,542] {taskinstance.py:1240} INFO - 
--------------------------------------------------------------------------------
[2022-02-18 15:29:20,568] {taskinstance.py:1259} INFO - Executing <Task(PythonOperator): Send_Email> on 2022-02-18 15:28:48.561790+00:00
[2022-02-18 15:29:20,578] {standard_task_runner.py:52} INFO - Started process 4698 to run task
[2022-02-18 15:29:20,593] {standard_task_runner.py:76} INFO - Running: ['***', 'tasks', 'run', 'demo_etl', 'Send_Email', 'manual__2022-02-18T15:28:48.561790+00:00', '--job-id', '229', '--raw', '--subdir', 'DAGS_FOLDER/demo_etl.py', '--cfg-path', '/tmp/tmptq0oxgmv', '--error-file', '/tmp/tmp8lx6ajkb']
[2022-02-18 15:29:20,594] {standard_task_runner.py:77} INFO - Job 229: Subtask Send_Email
[2022-02-18 15:29:20,684] {logging_mixin.py:109} INFO - Running <TaskInstance: demo_etl.Send_Email manual__2022-02-18T15:28:48.561790+00:00 [running]> on host c39e331ab017
[2022-02-18 15:29:20,754] {taskinstance.py:1426} INFO - Exporting the following env vars:
AIRFLOW_CTX_DAG_OWNER=***
AIRFLOW_CTX_DAG_ID=demo_etl
AIRFLOW_CTX_TASK_ID=Send_Email
AIRFLOW_CTX_EXECUTION_DATE=2022-02-18T15:28:48.561790+00:00
AIRFLOW_CTX_DAG_RUN_ID=manual__2022-02-18T15:28:48.561790+00:00
[2022-02-18 15:29:20,761] {logging_mixin.py:109} WARNING - /home/***/.local/lib/python3.7/site-packages/***/utils/context.py:152 AirflowContextDeprecationWarning: Accessing 'execution_date' from the template is deprecated and will be removed in a future version. Please use 'data_interval_start' or 'logical_date' instead.
[2022-02-18 15:29:20,763] {logging_mixin.py:109} WARNING - /home/***/.local/lib/python3.7/site-packages/***/utils/context.py:152 AirflowContextDeprecationWarning: Accessing 'next_ds' from the template is deprecated and will be removed in a future version. Please use '{{ data_interval_end | ds }}' instead.
[2022-02-18 15:29:20,764] {logging_mixin.py:109} WARNING - /home/***/.local/lib/python3.7/site-packages/***/utils/context.py:152 AirflowContextDeprecationWarning: Accessing 'next_ds_nodash' from the template is deprecated and will be removed in a future version. Please use '{{ data_interval_end | ds_nodash }}' instead.
[2022-02-18 15:29:20,766] {logging_mixin.py:109} WARNING - /home/***/.local/lib/python3.7/site-packages/***/utils/context.py:152 AirflowContextDeprecationWarning: Accessing 'next_execution_date' from the template is deprecated and will be removed in a future version. Please use 'data_interval_end' instead.
[2022-02-18 15:29:20,767] {logging_mixin.py:109} WARNING - /home/***/.local/lib/python3.7/site-packages/***/utils/context.py:152 AirflowContextDeprecationWarning: Accessing 'prev_ds' from the template is deprecated and will be removed in a future version.
[2022-02-18 15:29:20,767] {logging_mixin.py:109} WARNING - /home/***/.local/lib/python3.7/site-packages/***/utils/context.py:152 AirflowContextDeprecationWarning: Accessing 'prev_ds_nodash' from the template is deprecated and will be removed in a future version.
[2022-02-18 15:29:20,768] {logging_mixin.py:109} WARNING - /home/***/.local/lib/python3.7/site-packages/***/utils/context.py:152 AirflowContextDeprecationWarning: Accessing 'prev_execution_date' from the template is deprecated and will be removed in a future version.
[2022-02-18 15:29:20,769] {logging_mixin.py:109} WARNING - /home/***/.local/lib/python3.7/site-packages/***/utils/context.py:152 AirflowContextDeprecationWarning: Accessing 'prev_execution_date_success' from the template is deprecated and will be removed in a future version. Please use 'prev_data_interval_start_success' instead.
[2022-02-18 15:29:20,770] {logging_mixin.py:109} WARNING - /home/***/.local/lib/python3.7/site-packages/***/utils/context.py:152 AirflowContextDeprecationWarning: Accessing 'tomorrow_ds' from the template is deprecated and will be removed in a future version.
[2022-02-18 15:29:20,771] {logging_mixin.py:109} WARNING - /home/***/.local/lib/python3.7/site-packages/***/utils/context.py:152 AirflowContextDeprecationWarning: Accessing 'tomorrow_ds_nodash' from the template is deprecated and will be removed in a future version.
[2022-02-18 15:29:20,772] {logging_mixin.py:109} WARNING - /home/***/.local/lib/python3.7/site-packages/***/utils/context.py:152 AirflowContextDeprecationWarning: Accessing 'yesterday_ds' from the template is deprecated and will be removed in a future version.
[2022-02-18 15:29:20,772] {logging_mixin.py:109} WARNING - /home/***/.local/lib/python3.7/site-packages/***/utils/context.py:152 AirflowContextDeprecationWarning: Accessing 'yesterday_ds_nodash' from the template is deprecated and will be removed in a future version.
[2022-02-18 15:29:20,773] {logging_mixin.py:109} INFO - Send E-mail Done !!
[2022-02-18 15:29:20,773] {python.py:175} INFO - Done. Returned value was: None
[2022-02-18 15:29:20,785] {taskinstance.py:1277} INFO - Marking task as SUCCESS. dag_id=demo_etl, task_id=Send_Email, execution_date=20220218T152848, start_date=20220218T152920, end_date=20220218T152920
[2022-02-18 15:29:20,807] {local_task_job.py:154} INFO - Task exited with return code 0
[2022-02-18 15:29:20,843] {local_task_job.py:264} INFO - 0 downstream tasks scheduled from follow-on schedule check
