[2022-02-19 10:20:43,746] {taskinstance.py:1032} INFO - Dependencies all met for <TaskInstance: demo_etl.Transform_Data manual__2022-02-19T10:20:36.376870+00:00 [queued]>
[2022-02-19 10:20:43,755] {taskinstance.py:1032} INFO - Dependencies all met for <TaskInstance: demo_etl.Transform_Data manual__2022-02-19T10:20:36.376870+00:00 [queued]>
[2022-02-19 10:20:43,756] {taskinstance.py:1238} INFO - 
--------------------------------------------------------------------------------
[2022-02-19 10:20:43,756] {taskinstance.py:1239} INFO - Starting attempt 1 of 1
[2022-02-19 10:20:43,756] {taskinstance.py:1240} INFO - 
--------------------------------------------------------------------------------
[2022-02-19 10:20:43,767] {taskinstance.py:1259} INFO - Executing <Task(PythonOperator): Transform_Data> on 2022-02-19 10:20:36.376870+00:00
[2022-02-19 10:20:43,772] {standard_task_runner.py:52} INFO - Started process 4377 to run task
[2022-02-19 10:20:43,777] {standard_task_runner.py:76} INFO - Running: ['***', 'tasks', 'run', 'demo_etl', 'Transform_Data', 'manual__2022-02-19T10:20:36.376870+00:00', '--job-id', '312', '--raw', '--subdir', 'DAGS_FOLDER/demo_etl.py', '--cfg-path', '/tmp/tmp1rp51pf5', '--error-file', '/tmp/tmpllvav7_7']
[2022-02-19 10:20:43,778] {standard_task_runner.py:77} INFO - Job 312: Subtask Transform_Data
[2022-02-19 10:20:43,844] {logging_mixin.py:109} INFO - Running <TaskInstance: demo_etl.Transform_Data manual__2022-02-19T10:20:36.376870+00:00 [running]> on host f05ae857766d
[2022-02-19 10:20:43,905] {taskinstance.py:1426} INFO - Exporting the following env vars:
AIRFLOW_CTX_DAG_OWNER=***
AIRFLOW_CTX_DAG_ID=demo_etl
AIRFLOW_CTX_TASK_ID=Transform_Data
AIRFLOW_CTX_EXECUTION_DATE=2022-02-19T10:20:36.376870+00:00
AIRFLOW_CTX_DAG_RUN_ID=manual__2022-02-19T10:20:36.376870+00:00
[2022-02-19 10:20:43,913] {logging_mixin.py:109} WARNING - /home/***/.local/lib/python3.7/site-packages/***/utils/context.py:152 AirflowContextDeprecationWarning: Accessing 'execution_date' from the template is deprecated and will be removed in a future version. Please use 'data_interval_start' or 'logical_date' instead.
[2022-02-19 10:20:43,914] {logging_mixin.py:109} WARNING - /home/***/.local/lib/python3.7/site-packages/***/utils/context.py:152 AirflowContextDeprecationWarning: Accessing 'next_ds' from the template is deprecated and will be removed in a future version. Please use '{{ data_interval_end | ds }}' instead.
[2022-02-19 10:20:43,915] {logging_mixin.py:109} WARNING - /home/***/.local/lib/python3.7/site-packages/***/utils/context.py:152 AirflowContextDeprecationWarning: Accessing 'next_ds_nodash' from the template is deprecated and will be removed in a future version. Please use '{{ data_interval_end | ds_nodash }}' instead.
[2022-02-19 10:20:43,916] {logging_mixin.py:109} WARNING - /home/***/.local/lib/python3.7/site-packages/***/utils/context.py:152 AirflowContextDeprecationWarning: Accessing 'next_execution_date' from the template is deprecated and will be removed in a future version. Please use 'data_interval_end' instead.
[2022-02-19 10:20:43,917] {logging_mixin.py:109} WARNING - /home/***/.local/lib/python3.7/site-packages/***/utils/context.py:152 AirflowContextDeprecationWarning: Accessing 'prev_ds' from the template is deprecated and will be removed in a future version.
[2022-02-19 10:20:43,918] {logging_mixin.py:109} WARNING - /home/***/.local/lib/python3.7/site-packages/***/utils/context.py:152 AirflowContextDeprecationWarning: Accessing 'prev_ds_nodash' from the template is deprecated and will be removed in a future version.
[2022-02-19 10:20:43,918] {logging_mixin.py:109} WARNING - /home/***/.local/lib/python3.7/site-packages/***/utils/context.py:152 AirflowContextDeprecationWarning: Accessing 'prev_execution_date' from the template is deprecated and will be removed in a future version.
[2022-02-19 10:20:43,920] {logging_mixin.py:109} WARNING - /home/***/.local/lib/python3.7/site-packages/***/utils/context.py:152 AirflowContextDeprecationWarning: Accessing 'prev_execution_date_success' from the template is deprecated and will be removed in a future version. Please use 'prev_data_interval_start_success' instead.
[2022-02-19 10:20:43,921] {logging_mixin.py:109} WARNING - /home/***/.local/lib/python3.7/site-packages/***/utils/context.py:152 AirflowContextDeprecationWarning: Accessing 'tomorrow_ds' from the template is deprecated and will be removed in a future version.
[2022-02-19 10:20:43,922] {logging_mixin.py:109} WARNING - /home/***/.local/lib/python3.7/site-packages/***/utils/context.py:152 AirflowContextDeprecationWarning: Accessing 'tomorrow_ds_nodash' from the template is deprecated and will be removed in a future version.
[2022-02-19 10:20:43,922] {logging_mixin.py:109} WARNING - /home/***/.local/lib/python3.7/site-packages/***/utils/context.py:152 AirflowContextDeprecationWarning: Accessing 'yesterday_ds' from the template is deprecated and will be removed in a future version.
[2022-02-19 10:20:43,923] {logging_mixin.py:109} WARNING - /home/***/.local/lib/python3.7/site-packages/***/utils/context.py:152 AirflowContextDeprecationWarning: Accessing 'yesterday_ds_nodash' from the template is deprecated and will be removed in a future version.
[2022-02-19 10:20:43,980] {logging_mixin.py:109} INFO - Transform Done !!
[2022-02-19 10:20:43,980] {python.py:175} INFO - Done. Returned value was: None
[2022-02-19 10:20:44,019] {taskinstance.py:1277} INFO - Marking task as SUCCESS. dag_id=demo_etl, task_id=Transform_Data, execution_date=20220219T102036, start_date=20220219T102043, end_date=20220219T102044
[2022-02-19 10:20:44,077] {local_task_job.py:154} INFO - Task exited with return code 0
[2022-02-19 10:20:44,123] {local_task_job.py:264} INFO - 2 downstream tasks scheduled from follow-on schedule check
