[2022-02-18 15:11:14,793] {taskinstance.py:1032} INFO - Dependencies all met for <TaskInstance: demo_etl.Load_Data.Save_to_csv manual__2022-02-18T15:11:04.258386+00:00 [queued]>
[2022-02-18 15:11:14,864] {taskinstance.py:1032} INFO - Dependencies all met for <TaskInstance: demo_etl.Load_Data.Save_to_csv manual__2022-02-18T15:11:04.258386+00:00 [queued]>
[2022-02-18 15:11:14,868] {taskinstance.py:1238} INFO - 
--------------------------------------------------------------------------------
[2022-02-18 15:11:14,868] {taskinstance.py:1239} INFO - Starting attempt 1 of 1
[2022-02-18 15:11:14,868] {taskinstance.py:1240} INFO - 
--------------------------------------------------------------------------------
[2022-02-18 15:11:15,234] {taskinstance.py:1259} INFO - Executing <Task(PythonOperator): Load_Data.Save_to_csv> on 2022-02-18 15:11:04.258386+00:00
[2022-02-18 15:11:15,350] {standard_task_runner.py:52} INFO - Started process 6121 to run task
[2022-02-18 15:11:15,874] {standard_task_runner.py:76} INFO - Running: ['***', 'tasks', 'run', 'demo_etl', 'Load_Data.Save_to_csv', 'manual__2022-02-18T15:11:04.258386+00:00', '--job-id', '222', '--raw', '--subdir', 'DAGS_FOLDER/demo_etl.py', '--cfg-path', '/tmp/tmpgflsvri1', '--error-file', '/tmp/tmpi91ax2ti']
[2022-02-18 15:11:15,874] {standard_task_runner.py:77} INFO - Job 222: Subtask Load_Data.Save_to_csv
[2022-02-18 15:11:17,901] {logging_mixin.py:109} INFO - Running <TaskInstance: demo_etl.Load_Data.Save_to_csv manual__2022-02-18T15:11:04.258386+00:00 [running]> on host f632764e66f6
[2022-02-18 15:11:18,547] {taskinstance.py:1426} INFO - Exporting the following env vars:
AIRFLOW_CTX_DAG_OWNER=***
AIRFLOW_CTX_DAG_ID=demo_etl
AIRFLOW_CTX_TASK_ID=Load_Data.Save_to_csv
AIRFLOW_CTX_EXECUTION_DATE=2022-02-18T15:11:04.258386+00:00
AIRFLOW_CTX_DAG_RUN_ID=manual__2022-02-18T15:11:04.258386+00:00
[2022-02-18 15:11:18,832] {logging_mixin.py:109} WARNING - /home/***/.local/lib/python3.7/site-packages/***/utils/context.py:152 AirflowContextDeprecationWarning: Accessing 'execution_date' from the template is deprecated and will be removed in a future version. Please use 'data_interval_start' or 'logical_date' instead.
[2022-02-18 15:11:18,833] {logging_mixin.py:109} WARNING - /home/***/.local/lib/python3.7/site-packages/***/utils/context.py:152 AirflowContextDeprecationWarning: Accessing 'next_ds' from the template is deprecated and will be removed in a future version. Please use '{{ data_interval_end | ds }}' instead.
[2022-02-18 15:11:18,835] {logging_mixin.py:109} WARNING - /home/***/.local/lib/python3.7/site-packages/***/utils/context.py:152 AirflowContextDeprecationWarning: Accessing 'next_ds_nodash' from the template is deprecated and will be removed in a future version. Please use '{{ data_interval_end | ds_nodash }}' instead.
[2022-02-18 15:11:18,836] {logging_mixin.py:109} WARNING - /home/***/.local/lib/python3.7/site-packages/***/utils/context.py:152 AirflowContextDeprecationWarning: Accessing 'next_execution_date' from the template is deprecated and will be removed in a future version. Please use 'data_interval_end' instead.
[2022-02-18 15:11:18,841] {logging_mixin.py:109} WARNING - /home/***/.local/lib/python3.7/site-packages/***/utils/context.py:152 AirflowContextDeprecationWarning: Accessing 'prev_ds' from the template is deprecated and will be removed in a future version.
[2022-02-18 15:11:18,842] {logging_mixin.py:109} WARNING - /home/***/.local/lib/python3.7/site-packages/***/utils/context.py:152 AirflowContextDeprecationWarning: Accessing 'prev_ds_nodash' from the template is deprecated and will be removed in a future version.
[2022-02-18 15:11:18,843] {logging_mixin.py:109} WARNING - /home/***/.local/lib/python3.7/site-packages/***/utils/context.py:152 AirflowContextDeprecationWarning: Accessing 'prev_execution_date' from the template is deprecated and will be removed in a future version.
[2022-02-18 15:11:18,905] {logging_mixin.py:109} WARNING - /home/***/.local/lib/python3.7/site-packages/***/utils/context.py:152 AirflowContextDeprecationWarning: Accessing 'prev_execution_date_success' from the template is deprecated and will be removed in a future version. Please use 'prev_data_interval_start_success' instead.
[2022-02-18 15:11:18,920] {logging_mixin.py:109} WARNING - /home/***/.local/lib/python3.7/site-packages/***/utils/context.py:152 AirflowContextDeprecationWarning: Accessing 'tomorrow_ds' from the template is deprecated and will be removed in a future version.
[2022-02-18 15:11:18,921] {logging_mixin.py:109} WARNING - /home/***/.local/lib/python3.7/site-packages/***/utils/context.py:152 AirflowContextDeprecationWarning: Accessing 'tomorrow_ds_nodash' from the template is deprecated and will be removed in a future version.
[2022-02-18 15:11:18,922] {logging_mixin.py:109} WARNING - /home/***/.local/lib/python3.7/site-packages/***/utils/context.py:152 AirflowContextDeprecationWarning: Accessing 'yesterday_ds' from the template is deprecated and will be removed in a future version.
[2022-02-18 15:11:18,922] {logging_mixin.py:109} WARNING - /home/***/.local/lib/python3.7/site-packages/***/utils/context.py:152 AirflowContextDeprecationWarning: Accessing 'yesterday_ds_nodash' from the template is deprecated and will be removed in a future version.
[2022-02-18 15:11:19,244] {logging_mixin.py:109} INFO - CSV to JSON Done !!
[2022-02-18 15:11:19,245] {python.py:175} INFO - Done. Returned value was: None
[2022-02-18 15:11:19,289] {taskinstance.py:1277} INFO - Marking task as SUCCESS. dag_id=demo_etl, task_id=Load_Data.Save_to_csv, execution_date=20220218T151104, start_date=20220218T151114, end_date=20220218T151119
[2022-02-18 15:11:19,389] {local_task_job.py:154} INFO - Task exited with return code 0
[2022-02-18 15:11:19,693] {local_task_job.py:264} INFO - 0 downstream tasks scheduled from follow-on schedule check
