[2022-02-16 17:19:36,676] {taskinstance.py:1032} INFO - Dependencies all met for <TaskInstance: demo_etl.Send_Email manual__2022-02-16T17:19:31.463590+00:00 [queued]>
[2022-02-16 17:19:36,686] {taskinstance.py:1032} INFO - Dependencies all met for <TaskInstance: demo_etl.Send_Email manual__2022-02-16T17:19:31.463590+00:00 [queued]>
[2022-02-16 17:19:36,687] {taskinstance.py:1238} INFO - 
--------------------------------------------------------------------------------
[2022-02-16 17:19:36,687] {taskinstance.py:1239} INFO - Starting attempt 1 of 1
[2022-02-16 17:19:36,687] {taskinstance.py:1240} INFO - 
--------------------------------------------------------------------------------
[2022-02-16 17:19:36,700] {taskinstance.py:1259} INFO - Executing <Task(PythonOperator): Send_Email> on 2022-02-16 17:19:31.463590+00:00
[2022-02-16 17:19:36,703] {standard_task_runner.py:52} INFO - Started process 8028 to run task
[2022-02-16 17:19:36,711] {standard_task_runner.py:76} INFO - Running: ['***', 'tasks', 'run', 'demo_etl', 'Send_Email', 'manual__2022-02-16T17:19:31.463590+00:00', '--job-id', '14', '--raw', '--subdir', 'DAGS_FOLDER/demo_etl.py', '--cfg-path', '/tmp/tmpq2f9_0s7', '--error-file', '/tmp/tmpsejopllt']
[2022-02-16 17:19:36,712] {standard_task_runner.py:77} INFO - Job 14: Subtask Send_Email
[2022-02-16 17:19:36,791] {logging_mixin.py:109} INFO - Running <TaskInstance: demo_etl.Send_Email manual__2022-02-16T17:19:31.463590+00:00 [running]> on host f8b49ae6ae82
[2022-02-16 17:19:36,875] {taskinstance.py:1426} INFO - Exporting the following env vars:
AIRFLOW_CTX_DAG_OWNER=***
AIRFLOW_CTX_DAG_ID=demo_etl
AIRFLOW_CTX_TASK_ID=Send_Email
AIRFLOW_CTX_EXECUTION_DATE=2022-02-16T17:19:31.463590+00:00
AIRFLOW_CTX_DAG_RUN_ID=manual__2022-02-16T17:19:31.463590+00:00
[2022-02-16 17:19:36,882] {logging_mixin.py:109} WARNING - /home/***/.local/lib/python3.7/site-packages/***/utils/context.py:152 AirflowContextDeprecationWarning: Accessing 'execution_date' from the template is deprecated and will be removed in a future version. Please use 'data_interval_start' or 'logical_date' instead.
[2022-02-16 17:19:36,893] {logging_mixin.py:109} WARNING - /home/***/.local/lib/python3.7/site-packages/***/utils/context.py:152 AirflowContextDeprecationWarning: Accessing 'next_ds' from the template is deprecated and will be removed in a future version. Please use '{{ data_interval_end | ds }}' instead.
[2022-02-16 17:19:36,895] {logging_mixin.py:109} WARNING - /home/***/.local/lib/python3.7/site-packages/***/utils/context.py:152 AirflowContextDeprecationWarning: Accessing 'next_ds_nodash' from the template is deprecated and will be removed in a future version. Please use '{{ data_interval_end | ds_nodash }}' instead.
[2022-02-16 17:19:36,895] {logging_mixin.py:109} WARNING - /home/***/.local/lib/python3.7/site-packages/***/utils/context.py:152 AirflowContextDeprecationWarning: Accessing 'next_execution_date' from the template is deprecated and will be removed in a future version. Please use 'data_interval_end' instead.
[2022-02-16 17:19:36,896] {logging_mixin.py:109} WARNING - /home/***/.local/lib/python3.7/site-packages/***/utils/context.py:152 AirflowContextDeprecationWarning: Accessing 'prev_ds' from the template is deprecated and will be removed in a future version.
[2022-02-16 17:19:36,897] {logging_mixin.py:109} WARNING - /home/***/.local/lib/python3.7/site-packages/***/utils/context.py:152 AirflowContextDeprecationWarning: Accessing 'prev_ds_nodash' from the template is deprecated and will be removed in a future version.
[2022-02-16 17:19:36,898] {logging_mixin.py:109} WARNING - /home/***/.local/lib/python3.7/site-packages/***/utils/context.py:152 AirflowContextDeprecationWarning: Accessing 'prev_execution_date' from the template is deprecated and will be removed in a future version.
[2022-02-16 17:19:36,899] {logging_mixin.py:109} WARNING - /home/***/.local/lib/python3.7/site-packages/***/utils/context.py:152 AirflowContextDeprecationWarning: Accessing 'prev_execution_date_success' from the template is deprecated and will be removed in a future version. Please use 'prev_data_interval_start_success' instead.
[2022-02-16 17:19:36,900] {logging_mixin.py:109} WARNING - /home/***/.local/lib/python3.7/site-packages/***/utils/context.py:152 AirflowContextDeprecationWarning: Accessing 'tomorrow_ds' from the template is deprecated and will be removed in a future version.
[2022-02-16 17:19:36,900] {logging_mixin.py:109} WARNING - /home/***/.local/lib/python3.7/site-packages/***/utils/context.py:152 AirflowContextDeprecationWarning: Accessing 'tomorrow_ds_nodash' from the template is deprecated and will be removed in a future version.
[2022-02-16 17:19:36,901] {logging_mixin.py:109} WARNING - /home/***/.local/lib/python3.7/site-packages/***/utils/context.py:152 AirflowContextDeprecationWarning: Accessing 'yesterday_ds' from the template is deprecated and will be removed in a future version.
[2022-02-16 17:19:36,902] {logging_mixin.py:109} WARNING - /home/***/.local/lib/python3.7/site-packages/***/utils/context.py:152 AirflowContextDeprecationWarning: Accessing 'yesterday_ds_nodash' from the template is deprecated and will be removed in a future version.
[2022-02-16 17:19:36,910] {logging_mixin.py:109} INFO - test email
[2022-02-16 17:19:36,911] {python.py:175} INFO - Done. Returned value was: None
[2022-02-16 17:19:36,923] {taskinstance.py:1277} INFO - Marking task as SUCCESS. dag_id=demo_etl, task_id=Send_Email, execution_date=20220216T171931, start_date=20220216T171936, end_date=20220216T171936
[2022-02-16 17:19:36,973] {local_task_job.py:154} INFO - Task exited with return code 0
[2022-02-16 17:19:37,028] {local_task_job.py:264} INFO - 0 downstream tasks scheduled from follow-on schedule check
