[2022-02-19 15:05:55,775] {taskinstance.py:1032} INFO - Dependencies all met for <TaskInstance: demo_etl.Load_Data.Save_to_JSON manual__2022-02-19T15:05:46.942408+00:00 [queued]>
[2022-02-19 15:05:55,788] {taskinstance.py:1032} INFO - Dependencies all met for <TaskInstance: demo_etl.Load_Data.Save_to_JSON manual__2022-02-19T15:05:46.942408+00:00 [queued]>
[2022-02-19 15:05:55,788] {taskinstance.py:1238} INFO - 
--------------------------------------------------------------------------------
[2022-02-19 15:05:55,788] {taskinstance.py:1239} INFO - Starting attempt 1 of 1
[2022-02-19 15:05:55,789] {taskinstance.py:1240} INFO - 
--------------------------------------------------------------------------------
[2022-02-19 15:05:55,801] {taskinstance.py:1259} INFO - Executing <Task(PythonOperator): Load_Data.Save_to_JSON> on 2022-02-19 15:05:46.942408+00:00
[2022-02-19 15:05:55,806] {standard_task_runner.py:52} INFO - Started process 13624 to run task
[2022-02-19 15:05:55,815] {standard_task_runner.py:76} INFO - Running: ['***', 'tasks', 'run', 'demo_etl', 'Load_Data.Save_to_JSON', 'manual__2022-02-19T15:05:46.942408+00:00', '--job-id', '399', '--raw', '--subdir', 'DAGS_FOLDER/demo_etl.py', '--cfg-path', '/tmp/tmp7bzyp1b3', '--error-file', '/tmp/tmpd69vmipc']
[2022-02-19 15:05:55,816] {standard_task_runner.py:77} INFO - Job 399: Subtask Load_Data.Save_to_JSON
[2022-02-19 15:05:55,885] {logging_mixin.py:109} INFO - Running <TaskInstance: demo_etl.Load_Data.Save_to_JSON manual__2022-02-19T15:05:46.942408+00:00 [running]> on host d18a6d5a39bc
[2022-02-19 15:05:55,968] {taskinstance.py:1426} INFO - Exporting the following env vars:
AIRFLOW_CTX_DAG_OWNER=***
AIRFLOW_CTX_DAG_ID=demo_etl
AIRFLOW_CTX_TASK_ID=Load_Data.Save_to_JSON
AIRFLOW_CTX_EXECUTION_DATE=2022-02-19T15:05:46.942408+00:00
AIRFLOW_CTX_DAG_RUN_ID=manual__2022-02-19T15:05:46.942408+00:00
[2022-02-19 15:05:55,978] {logging_mixin.py:109} WARNING - /home/***/.local/lib/python3.7/site-packages/***/utils/context.py:152 AirflowContextDeprecationWarning: Accessing 'execution_date' from the template is deprecated and will be removed in a future version. Please use 'data_interval_start' or 'logical_date' instead.
[2022-02-19 15:05:55,979] {logging_mixin.py:109} WARNING - /home/***/.local/lib/python3.7/site-packages/***/utils/context.py:152 AirflowContextDeprecationWarning: Accessing 'next_ds' from the template is deprecated and will be removed in a future version. Please use '{{ data_interval_end | ds }}' instead.
[2022-02-19 15:05:55,981] {logging_mixin.py:109} WARNING - /home/***/.local/lib/python3.7/site-packages/***/utils/context.py:152 AirflowContextDeprecationWarning: Accessing 'next_ds_nodash' from the template is deprecated and will be removed in a future version. Please use '{{ data_interval_end | ds_nodash }}' instead.
[2022-02-19 15:05:55,982] {logging_mixin.py:109} WARNING - /home/***/.local/lib/python3.7/site-packages/***/utils/context.py:152 AirflowContextDeprecationWarning: Accessing 'next_execution_date' from the template is deprecated and will be removed in a future version. Please use 'data_interval_end' instead.
[2022-02-19 15:05:55,983] {logging_mixin.py:109} WARNING - /home/***/.local/lib/python3.7/site-packages/***/utils/context.py:152 AirflowContextDeprecationWarning: Accessing 'prev_ds' from the template is deprecated and will be removed in a future version.
[2022-02-19 15:05:55,984] {logging_mixin.py:109} WARNING - /home/***/.local/lib/python3.7/site-packages/***/utils/context.py:152 AirflowContextDeprecationWarning: Accessing 'prev_ds_nodash' from the template is deprecated and will be removed in a future version.
[2022-02-19 15:05:55,985] {logging_mixin.py:109} WARNING - /home/***/.local/lib/python3.7/site-packages/***/utils/context.py:152 AirflowContextDeprecationWarning: Accessing 'prev_execution_date' from the template is deprecated and will be removed in a future version.
[2022-02-19 15:05:55,986] {logging_mixin.py:109} WARNING - /home/***/.local/lib/python3.7/site-packages/***/utils/context.py:152 AirflowContextDeprecationWarning: Accessing 'prev_execution_date_success' from the template is deprecated and will be removed in a future version. Please use 'prev_data_interval_start_success' instead.
[2022-02-19 15:05:55,987] {logging_mixin.py:109} WARNING - /home/***/.local/lib/python3.7/site-packages/***/utils/context.py:152 AirflowContextDeprecationWarning: Accessing 'tomorrow_ds' from the template is deprecated and will be removed in a future version.
[2022-02-19 15:05:55,988] {logging_mixin.py:109} WARNING - /home/***/.local/lib/python3.7/site-packages/***/utils/context.py:152 AirflowContextDeprecationWarning: Accessing 'tomorrow_ds_nodash' from the template is deprecated and will be removed in a future version.
[2022-02-19 15:05:55,989] {logging_mixin.py:109} WARNING - /home/***/.local/lib/python3.7/site-packages/***/utils/context.py:152 AirflowContextDeprecationWarning: Accessing 'yesterday_ds' from the template is deprecated and will be removed in a future version.
[2022-02-19 15:05:55,990] {logging_mixin.py:109} WARNING - /home/***/.local/lib/python3.7/site-packages/***/utils/context.py:152 AirflowContextDeprecationWarning: Accessing 'yesterday_ds_nodash' from the template is deprecated and will be removed in a future version.
[2022-02-19 15:05:56,012] {logging_mixin.py:109} INFO - CSV to JSON Done !!
[2022-02-19 15:05:56,012] {python.py:175} INFO - Done. Returned value was: None
[2022-02-19 15:05:56,025] {taskinstance.py:1277} INFO - Marking task as SUCCESS. dag_id=demo_etl, task_id=Load_Data.Save_to_JSON, execution_date=20220219T150546, start_date=20220219T150555, end_date=20220219T150556
[2022-02-19 15:05:56,070] {local_task_job.py:154} INFO - Task exited with return code 0
[2022-02-19 15:05:56,112] {local_task_job.py:264} INFO - 0 downstream tasks scheduled from follow-on schedule check
