[2022-02-16 17:18:05,504] {taskinstance.py:1032} INFO - Dependencies all met for <TaskInstance: demo_etl.Send_Email manual__2022-02-16T17:17:59.843223+00:00 [queued]>
[2022-02-16 17:18:05,525] {taskinstance.py:1032} INFO - Dependencies all met for <TaskInstance: demo_etl.Send_Email manual__2022-02-16T17:17:59.843223+00:00 [queued]>
[2022-02-16 17:18:05,525] {taskinstance.py:1238} INFO - 
--------------------------------------------------------------------------------
[2022-02-16 17:18:05,525] {taskinstance.py:1239} INFO - Starting attempt 1 of 1
[2022-02-16 17:18:05,525] {taskinstance.py:1240} INFO - 
--------------------------------------------------------------------------------
[2022-02-16 17:18:05,541] {taskinstance.py:1259} INFO - Executing <Task(PythonOperator): Send_Email> on 2022-02-16 17:17:59.843223+00:00
[2022-02-16 17:18:05,545] {standard_task_runner.py:52} INFO - Started process 7441 to run task
[2022-02-16 17:18:05,580] {standard_task_runner.py:76} INFO - Running: ['***', 'tasks', 'run', 'demo_etl', 'Send_Email', 'manual__2022-02-16T17:17:59.843223+00:00', '--job-id', '9', '--raw', '--subdir', 'DAGS_FOLDER/demo_etl.py', '--cfg-path', '/tmp/tmppul7s2xb', '--error-file', '/tmp/tmpimqui7_t']
[2022-02-16 17:18:05,581] {standard_task_runner.py:77} INFO - Job 9: Subtask Send_Email
[2022-02-16 17:18:05,676] {logging_mixin.py:109} INFO - Running <TaskInstance: demo_etl.Send_Email manual__2022-02-16T17:17:59.843223+00:00 [running]> on host f8b49ae6ae82
[2022-02-16 17:18:05,731] {taskinstance.py:1426} INFO - Exporting the following env vars:
AIRFLOW_CTX_DAG_OWNER=***
AIRFLOW_CTX_DAG_ID=demo_etl
AIRFLOW_CTX_TASK_ID=Send_Email
AIRFLOW_CTX_EXECUTION_DATE=2022-02-16T17:17:59.843223+00:00
AIRFLOW_CTX_DAG_RUN_ID=manual__2022-02-16T17:17:59.843223+00:00
[2022-02-16 17:18:05,758] {logging_mixin.py:109} WARNING - /home/***/.local/lib/python3.7/site-packages/***/utils/context.py:152 AirflowContextDeprecationWarning: Accessing 'execution_date' from the template is deprecated and will be removed in a future version. Please use 'data_interval_start' or 'logical_date' instead.
[2022-02-16 17:18:05,766] {logging_mixin.py:109} WARNING - /home/***/.local/lib/python3.7/site-packages/***/utils/context.py:152 AirflowContextDeprecationWarning: Accessing 'next_ds' from the template is deprecated and will be removed in a future version. Please use '{{ data_interval_end | ds }}' instead.
[2022-02-16 17:18:05,767] {logging_mixin.py:109} WARNING - /home/***/.local/lib/python3.7/site-packages/***/utils/context.py:152 AirflowContextDeprecationWarning: Accessing 'next_ds_nodash' from the template is deprecated and will be removed in a future version. Please use '{{ data_interval_end | ds_nodash }}' instead.
[2022-02-16 17:18:05,770] {logging_mixin.py:109} WARNING - /home/***/.local/lib/python3.7/site-packages/***/utils/context.py:152 AirflowContextDeprecationWarning: Accessing 'next_execution_date' from the template is deprecated and will be removed in a future version. Please use 'data_interval_end' instead.
[2022-02-16 17:18:05,771] {logging_mixin.py:109} WARNING - /home/***/.local/lib/python3.7/site-packages/***/utils/context.py:152 AirflowContextDeprecationWarning: Accessing 'prev_ds' from the template is deprecated and will be removed in a future version.
[2022-02-16 17:18:05,772] {logging_mixin.py:109} WARNING - /home/***/.local/lib/python3.7/site-packages/***/utils/context.py:152 AirflowContextDeprecationWarning: Accessing 'prev_ds_nodash' from the template is deprecated and will be removed in a future version.
[2022-02-16 17:18:05,773] {logging_mixin.py:109} WARNING - /home/***/.local/lib/python3.7/site-packages/***/utils/context.py:152 AirflowContextDeprecationWarning: Accessing 'prev_execution_date' from the template is deprecated and will be removed in a future version.
[2022-02-16 17:18:05,774] {logging_mixin.py:109} WARNING - /home/***/.local/lib/python3.7/site-packages/***/utils/context.py:152 AirflowContextDeprecationWarning: Accessing 'prev_execution_date_success' from the template is deprecated and will be removed in a future version. Please use 'prev_data_interval_start_success' instead.
[2022-02-16 17:18:05,775] {logging_mixin.py:109} WARNING - /home/***/.local/lib/python3.7/site-packages/***/utils/context.py:152 AirflowContextDeprecationWarning: Accessing 'tomorrow_ds' from the template is deprecated and will be removed in a future version.
[2022-02-16 17:18:05,776] {logging_mixin.py:109} WARNING - /home/***/.local/lib/python3.7/site-packages/***/utils/context.py:152 AirflowContextDeprecationWarning: Accessing 'tomorrow_ds_nodash' from the template is deprecated and will be removed in a future version.
[2022-02-16 17:18:05,776] {logging_mixin.py:109} WARNING - /home/***/.local/lib/python3.7/site-packages/***/utils/context.py:152 AirflowContextDeprecationWarning: Accessing 'yesterday_ds' from the template is deprecated and will be removed in a future version.
[2022-02-16 17:18:05,777] {logging_mixin.py:109} WARNING - /home/***/.local/lib/python3.7/site-packages/***/utils/context.py:152 AirflowContextDeprecationWarning: Accessing 'yesterday_ds_nodash' from the template is deprecated and will be removed in a future version.
[2022-02-16 17:18:05,777] {logging_mixin.py:109} INFO - test email
[2022-02-16 17:18:05,778] {python.py:175} INFO - Done. Returned value was: None
[2022-02-16 17:18:05,791] {taskinstance.py:1277} INFO - Marking task as SUCCESS. dag_id=demo_etl, task_id=Send_Email, execution_date=20220216T171759, start_date=20220216T171805, end_date=20220216T171805
[2022-02-16 17:18:05,847] {local_task_job.py:154} INFO - Task exited with return code 0
[2022-02-16 17:18:05,945] {local_task_job.py:264} INFO - 0 downstream tasks scheduled from follow-on schedule check
