[2022-02-16 17:19:35,804] {taskinstance.py:1032} INFO - Dependencies all met for <TaskInstance: demo_etl.Load_Data.Save_to_DB manual__2022-02-16T17:19:31.463590+00:00 [queued]>
[2022-02-16 17:19:35,816] {taskinstance.py:1032} INFO - Dependencies all met for <TaskInstance: demo_etl.Load_Data.Save_to_DB manual__2022-02-16T17:19:31.463590+00:00 [queued]>
[2022-02-16 17:19:35,817] {taskinstance.py:1238} INFO - 
--------------------------------------------------------------------------------
[2022-02-16 17:19:35,817] {taskinstance.py:1239} INFO - Starting attempt 1 of 1
[2022-02-16 17:19:35,817] {taskinstance.py:1240} INFO - 
--------------------------------------------------------------------------------
[2022-02-16 17:19:35,830] {taskinstance.py:1259} INFO - Executing <Task(PythonOperator): Load_Data.Save_to_DB> on 2022-02-16 17:19:31.463590+00:00
[2022-02-16 17:19:35,834] {standard_task_runner.py:52} INFO - Started process 8026 to run task
[2022-02-16 17:19:35,841] {standard_task_runner.py:76} INFO - Running: ['***', 'tasks', 'run', 'demo_etl', 'Load_Data.Save_to_DB', 'manual__2022-02-16T17:19:31.463590+00:00', '--job-id', '13', '--raw', '--subdir', 'DAGS_FOLDER/demo_etl.py', '--cfg-path', '/tmp/tmpigv29bff', '--error-file', '/tmp/tmpc_r0cq2u']
[2022-02-16 17:19:35,842] {standard_task_runner.py:77} INFO - Job 13: Subtask Load_Data.Save_to_DB
[2022-02-16 17:19:35,915] {logging_mixin.py:109} INFO - Running <TaskInstance: demo_etl.Load_Data.Save_to_DB manual__2022-02-16T17:19:31.463590+00:00 [running]> on host f8b49ae6ae82
[2022-02-16 17:19:35,981] {taskinstance.py:1426} INFO - Exporting the following env vars:
AIRFLOW_CTX_DAG_OWNER=***
AIRFLOW_CTX_DAG_ID=demo_etl
AIRFLOW_CTX_TASK_ID=Load_Data.Save_to_DB
AIRFLOW_CTX_EXECUTION_DATE=2022-02-16T17:19:31.463590+00:00
AIRFLOW_CTX_DAG_RUN_ID=manual__2022-02-16T17:19:31.463590+00:00
[2022-02-16 17:19:35,992] {logging_mixin.py:109} WARNING - /home/***/.local/lib/python3.7/site-packages/***/utils/context.py:152 AirflowContextDeprecationWarning: Accessing 'execution_date' from the template is deprecated and will be removed in a future version. Please use 'data_interval_start' or 'logical_date' instead.
[2022-02-16 17:19:35,994] {logging_mixin.py:109} WARNING - /home/***/.local/lib/python3.7/site-packages/***/utils/context.py:152 AirflowContextDeprecationWarning: Accessing 'next_ds' from the template is deprecated and will be removed in a future version. Please use '{{ data_interval_end | ds }}' instead.
[2022-02-16 17:19:35,995] {logging_mixin.py:109} WARNING - /home/***/.local/lib/python3.7/site-packages/***/utils/context.py:152 AirflowContextDeprecationWarning: Accessing 'next_ds_nodash' from the template is deprecated and will be removed in a future version. Please use '{{ data_interval_end | ds_nodash }}' instead.
[2022-02-16 17:19:35,996] {logging_mixin.py:109} WARNING - /home/***/.local/lib/python3.7/site-packages/***/utils/context.py:152 AirflowContextDeprecationWarning: Accessing 'next_execution_date' from the template is deprecated and will be removed in a future version. Please use 'data_interval_end' instead.
[2022-02-16 17:19:35,997] {logging_mixin.py:109} WARNING - /home/***/.local/lib/python3.7/site-packages/***/utils/context.py:152 AirflowContextDeprecationWarning: Accessing 'prev_ds' from the template is deprecated and will be removed in a future version.
[2022-02-16 17:19:35,998] {logging_mixin.py:109} WARNING - /home/***/.local/lib/python3.7/site-packages/***/utils/context.py:152 AirflowContextDeprecationWarning: Accessing 'prev_ds_nodash' from the template is deprecated and will be removed in a future version.
[2022-02-16 17:19:35,998] {logging_mixin.py:109} WARNING - /home/***/.local/lib/python3.7/site-packages/***/utils/context.py:152 AirflowContextDeprecationWarning: Accessing 'prev_execution_date' from the template is deprecated and will be removed in a future version.
[2022-02-16 17:19:35,999] {logging_mixin.py:109} WARNING - /home/***/.local/lib/python3.7/site-packages/***/utils/context.py:152 AirflowContextDeprecationWarning: Accessing 'prev_execution_date_success' from the template is deprecated and will be removed in a future version. Please use 'prev_data_interval_start_success' instead.
[2022-02-16 17:19:36,000] {logging_mixin.py:109} WARNING - /home/***/.local/lib/python3.7/site-packages/***/utils/context.py:152 AirflowContextDeprecationWarning: Accessing 'tomorrow_ds' from the template is deprecated and will be removed in a future version.
[2022-02-16 17:19:36,001] {logging_mixin.py:109} WARNING - /home/***/.local/lib/python3.7/site-packages/***/utils/context.py:152 AirflowContextDeprecationWarning: Accessing 'tomorrow_ds_nodash' from the template is deprecated and will be removed in a future version.
[2022-02-16 17:19:36,002] {logging_mixin.py:109} WARNING - /home/***/.local/lib/python3.7/site-packages/***/utils/context.py:152 AirflowContextDeprecationWarning: Accessing 'yesterday_ds' from the template is deprecated and will be removed in a future version.
[2022-02-16 17:19:36,003] {logging_mixin.py:109} WARNING - /home/***/.local/lib/python3.7/site-packages/***/utils/context.py:152 AirflowContextDeprecationWarning: Accessing 'yesterday_ds_nodash' from the template is deprecated and will be removed in a future version.
[2022-02-16 17:19:36,003] {logging_mixin.py:109} INFO - test db
[2022-02-16 17:19:36,003] {python.py:175} INFO - Done. Returned value was: None
[2022-02-16 17:19:36,021] {taskinstance.py:1277} INFO - Marking task as SUCCESS. dag_id=demo_etl, task_id=Load_Data.Save_to_DB, execution_date=20220216T171931, start_date=20220216T171935, end_date=20220216T171936
[2022-02-16 17:19:36,061] {local_task_job.py:154} INFO - Task exited with return code 0
[2022-02-16 17:19:36,104] {local_task_job.py:264} INFO - 1 downstream tasks scheduled from follow-on schedule check
