[2022-02-16 17:13:08,790] {processor.py:163} INFO - Started process (PID=5520) to work on /opt/airflow/dags/demo_etl.py
[2022-02-16 17:13:08,792] {processor.py:642} INFO - Processing file /opt/airflow/dags/demo_etl.py for tasks to queue
[2022-02-16 17:13:08,797] {logging_mixin.py:109} INFO - [2022-02-16 17:13:08,797] {dagbag.py:500} INFO - Filling up the DagBag from /opt/airflow/dags/demo_etl.py
[2022-02-16 17:13:08,918] {processor.py:654} INFO - DAG(s) dict_keys(['demo_etl']) retrieved from /opt/airflow/dags/demo_etl.py
[2022-02-16 17:13:13,030] {logging_mixin.py:109} INFO - [2022-02-16 17:13:13,030] {manager.py:496} INFO - Created Permission View: can read on DAG:demo_etl
[2022-02-16 17:13:13,038] {logging_mixin.py:109} INFO - [2022-02-16 17:13:13,038] {manager.py:496} INFO - Created Permission View: can edit on DAG:demo_etl
[2022-02-16 17:13:13,039] {logging_mixin.py:109} INFO - [2022-02-16 17:13:13,038] {dag.py:2396} INFO - Sync 1 DAGs
[2022-02-16 17:13:13,046] {logging_mixin.py:109} INFO - [2022-02-16 17:13:13,045] {dag.py:2415} INFO - Creating ORM DAG for demo_etl
[2022-02-16 17:13:13,054] {logging_mixin.py:109} INFO - [2022-02-16 17:13:13,054] {dag.py:2935} INFO - Setting next_dagrun for demo_etl to 2022-02-15 00:00:00+00:00
[2022-02-16 17:13:13,066] {processor.py:171} INFO - Processing /opt/airflow/dags/demo_etl.py took 4.281 seconds
[2022-02-16 17:13:43,184] {processor.py:163} INFO - Started process (PID=5767) to work on /opt/airflow/dags/demo_etl.py
[2022-02-16 17:13:43,186] {processor.py:642} INFO - Processing file /opt/airflow/dags/demo_etl.py for tasks to queue
[2022-02-16 17:13:43,186] {logging_mixin.py:109} INFO - [2022-02-16 17:13:43,186] {dagbag.py:500} INFO - Filling up the DagBag from /opt/airflow/dags/demo_etl.py
[2022-02-16 17:13:43,226] {processor.py:654} INFO - DAG(s) dict_keys(['demo_etl']) retrieved from /opt/airflow/dags/demo_etl.py
[2022-02-16 17:13:43,237] {logging_mixin.py:109} INFO - [2022-02-16 17:13:43,237] {dag.py:2396} INFO - Sync 1 DAGs
[2022-02-16 17:13:43,258] {logging_mixin.py:109} INFO - [2022-02-16 17:13:43,258] {dag.py:2935} INFO - Setting next_dagrun for demo_etl to 2022-02-15 00:00:00+00:00
[2022-02-16 17:13:43,269] {processor.py:171} INFO - Processing /opt/airflow/dags/demo_etl.py took 0.097 seconds
[2022-02-16 17:14:13,939] {processor.py:163} INFO - Started process (PID=5950) to work on /opt/airflow/dags/demo_etl.py
[2022-02-16 17:14:13,940] {processor.py:642} INFO - Processing file /opt/airflow/dags/demo_etl.py for tasks to queue
[2022-02-16 17:14:13,941] {logging_mixin.py:109} INFO - [2022-02-16 17:14:13,941] {dagbag.py:500} INFO - Filling up the DagBag from /opt/airflow/dags/demo_etl.py
[2022-02-16 17:14:13,979] {processor.py:654} INFO - DAG(s) dict_keys(['demo_etl']) retrieved from /opt/airflow/dags/demo_etl.py
[2022-02-16 17:14:13,990] {logging_mixin.py:109} INFO - [2022-02-16 17:14:13,990] {dag.py:2396} INFO - Sync 1 DAGs
[2022-02-16 17:14:14,014] {logging_mixin.py:109} INFO - [2022-02-16 17:14:14,014] {dag.py:2935} INFO - Setting next_dagrun for demo_etl to 2022-02-15 00:00:00+00:00
[2022-02-16 17:14:14,026] {processor.py:171} INFO - Processing /opt/airflow/dags/demo_etl.py took 0.092 seconds
[2022-02-16 17:14:44,256] {processor.py:163} INFO - Started process (PID=6154) to work on /opt/airflow/dags/demo_etl.py
[2022-02-16 17:14:44,259] {processor.py:642} INFO - Processing file /opt/airflow/dags/demo_etl.py for tasks to queue
[2022-02-16 17:14:44,260] {logging_mixin.py:109} INFO - [2022-02-16 17:14:44,260] {dagbag.py:500} INFO - Filling up the DagBag from /opt/airflow/dags/demo_etl.py
[2022-02-16 17:14:44,352] {processor.py:654} INFO - DAG(s) dict_keys(['demo_etl']) retrieved from /opt/airflow/dags/demo_etl.py
[2022-02-16 17:14:44,367] {logging_mixin.py:109} INFO - [2022-02-16 17:14:44,367] {dag.py:2396} INFO - Sync 1 DAGs
[2022-02-16 17:14:44,394] {logging_mixin.py:109} INFO - [2022-02-16 17:14:44,394] {dag.py:2935} INFO - Setting next_dagrun for demo_etl to 2022-02-15 00:00:00+00:00
[2022-02-16 17:14:44,404] {processor.py:171} INFO - Processing /opt/airflow/dags/demo_etl.py took 0.152 seconds
[2022-02-16 17:15:14,674] {processor.py:163} INFO - Started process (PID=6347) to work on /opt/airflow/dags/demo_etl.py
[2022-02-16 17:15:14,676] {processor.py:642} INFO - Processing file /opt/airflow/dags/demo_etl.py for tasks to queue
[2022-02-16 17:15:14,678] {logging_mixin.py:109} INFO - [2022-02-16 17:15:14,678] {dagbag.py:500} INFO - Filling up the DagBag from /opt/airflow/dags/demo_etl.py
[2022-02-16 17:15:14,829] {processor.py:654} INFO - DAG(s) dict_keys(['demo_etl']) retrieved from /opt/airflow/dags/demo_etl.py
[2022-02-16 17:15:14,859] {logging_mixin.py:109} INFO - [2022-02-16 17:15:14,859] {dag.py:2396} INFO - Sync 1 DAGs
[2022-02-16 17:15:14,878] {logging_mixin.py:109} INFO - [2022-02-16 17:15:14,878] {dag.py:2935} INFO - Setting next_dagrun for demo_etl to 2022-02-16T00:00:00+00:00
[2022-02-16 17:15:14,900] {processor.py:171} INFO - Processing /opt/airflow/dags/demo_etl.py took 0.241 seconds
[2022-02-16 17:15:45,134] {processor.py:163} INFO - Started process (PID=6543) to work on /opt/airflow/dags/demo_etl.py
[2022-02-16 17:15:45,136] {processor.py:642} INFO - Processing file /opt/airflow/dags/demo_etl.py for tasks to queue
[2022-02-16 17:15:45,141] {logging_mixin.py:109} INFO - [2022-02-16 17:15:45,141] {dagbag.py:500} INFO - Filling up the DagBag from /opt/airflow/dags/demo_etl.py
[2022-02-16 17:15:45,202] {processor.py:654} INFO - DAG(s) dict_keys(['demo_etl']) retrieved from /opt/airflow/dags/demo_etl.py
[2022-02-16 17:15:45,213] {logging_mixin.py:109} INFO - [2022-02-16 17:15:45,213] {dag.py:2396} INFO - Sync 1 DAGs
[2022-02-16 17:15:45,237] {logging_mixin.py:109} INFO - [2022-02-16 17:15:45,237] {dag.py:2935} INFO - Setting next_dagrun for demo_etl to 2022-02-16T00:00:00+00:00
[2022-02-16 17:15:45,249] {processor.py:171} INFO - Processing /opt/airflow/dags/demo_etl.py took 0.122 seconds
[2022-02-16 17:16:15,695] {processor.py:163} INFO - Started process (PID=6722) to work on /opt/airflow/dags/demo_etl.py
[2022-02-16 17:16:15,697] {processor.py:642} INFO - Processing file /opt/airflow/dags/demo_etl.py for tasks to queue
[2022-02-16 17:16:15,697] {logging_mixin.py:109} INFO - [2022-02-16 17:16:15,697] {dagbag.py:500} INFO - Filling up the DagBag from /opt/airflow/dags/demo_etl.py
[2022-02-16 17:16:15,740] {processor.py:654} INFO - DAG(s) dict_keys(['demo_etl']) retrieved from /opt/airflow/dags/demo_etl.py
[2022-02-16 17:16:15,754] {logging_mixin.py:109} INFO - [2022-02-16 17:16:15,754] {dag.py:2396} INFO - Sync 1 DAGs
[2022-02-16 17:16:15,775] {logging_mixin.py:109} INFO - [2022-02-16 17:16:15,775] {dag.py:2935} INFO - Setting next_dagrun for demo_etl to 2022-02-16T00:00:00+00:00
[2022-02-16 17:16:15,784] {processor.py:171} INFO - Processing /opt/airflow/dags/demo_etl.py took 0.093 seconds
[2022-02-16 17:16:45,823] {processor.py:163} INFO - Started process (PID=6888) to work on /opt/airflow/dags/demo_etl.py
[2022-02-16 17:16:45,824] {processor.py:642} INFO - Processing file /opt/airflow/dags/demo_etl.py for tasks to queue
[2022-02-16 17:16:45,827] {logging_mixin.py:109} INFO - [2022-02-16 17:16:45,827] {dagbag.py:500} INFO - Filling up the DagBag from /opt/airflow/dags/demo_etl.py
[2022-02-16 17:16:45,931] {processor.py:654} INFO - DAG(s) dict_keys(['demo_etl']) retrieved from /opt/airflow/dags/demo_etl.py
[2022-02-16 17:16:45,976] {logging_mixin.py:109} INFO - [2022-02-16 17:16:45,976] {dag.py:2396} INFO - Sync 1 DAGs
[2022-02-16 17:16:46,014] {logging_mixin.py:109} INFO - [2022-02-16 17:16:46,014] {dag.py:2935} INFO - Setting next_dagrun for demo_etl to 2022-02-16T00:00:00+00:00
[2022-02-16 17:16:46,037] {processor.py:171} INFO - Processing /opt/airflow/dags/demo_etl.py took 0.218 seconds
[2022-02-16 17:17:16,285] {processor.py:163} INFO - Started process (PID=7078) to work on /opt/airflow/dags/demo_etl.py
[2022-02-16 17:17:16,286] {processor.py:642} INFO - Processing file /opt/airflow/dags/demo_etl.py for tasks to queue
[2022-02-16 17:17:16,287] {logging_mixin.py:109} INFO - [2022-02-16 17:17:16,287] {dagbag.py:500} INFO - Filling up the DagBag from /opt/airflow/dags/demo_etl.py
[2022-02-16 17:17:16,325] {processor.py:654} INFO - DAG(s) dict_keys(['demo_etl']) retrieved from /opt/airflow/dags/demo_etl.py
[2022-02-16 17:17:16,338] {logging_mixin.py:109} INFO - [2022-02-16 17:17:16,338] {dag.py:2396} INFO - Sync 1 DAGs
[2022-02-16 17:17:16,359] {logging_mixin.py:109} INFO - [2022-02-16 17:17:16,359] {dag.py:2935} INFO - Setting next_dagrun for demo_etl to 2022-02-16T00:00:00+00:00
[2022-02-16 17:17:16,370] {processor.py:171} INFO - Processing /opt/airflow/dags/demo_etl.py took 0.089 seconds
[2022-02-16 17:17:46,542] {processor.py:163} INFO - Started process (PID=7268) to work on /opt/airflow/dags/demo_etl.py
[2022-02-16 17:17:46,543] {processor.py:642} INFO - Processing file /opt/airflow/dags/demo_etl.py for tasks to queue
[2022-02-16 17:17:46,544] {logging_mixin.py:109} INFO - [2022-02-16 17:17:46,544] {dagbag.py:500} INFO - Filling up the DagBag from /opt/airflow/dags/demo_etl.py
[2022-02-16 17:17:46,585] {processor.py:654} INFO - DAG(s) dict_keys(['demo_etl']) retrieved from /opt/airflow/dags/demo_etl.py
[2022-02-16 17:17:46,598] {logging_mixin.py:109} INFO - [2022-02-16 17:17:46,598] {dag.py:2396} INFO - Sync 1 DAGs
[2022-02-16 17:17:46,620] {logging_mixin.py:109} INFO - [2022-02-16 17:17:46,620] {dag.py:2935} INFO - Setting next_dagrun for demo_etl to 2022-02-16T00:00:00+00:00
[2022-02-16 17:17:46,630] {processor.py:171} INFO - Processing /opt/airflow/dags/demo_etl.py took 0.093 seconds
[2022-02-16 17:18:17,493] {processor.py:163} INFO - Started process (PID=7466) to work on /opt/airflow/dags/demo_etl.py
[2022-02-16 17:18:17,522] {processor.py:642} INFO - Processing file /opt/airflow/dags/demo_etl.py for tasks to queue
[2022-02-16 17:18:17,524] {logging_mixin.py:109} INFO - [2022-02-16 17:18:17,524] {dagbag.py:500} INFO - Filling up the DagBag from /opt/airflow/dags/demo_etl.py
[2022-02-16 17:18:17,627] {processor.py:654} INFO - DAG(s) dict_keys(['demo_etl']) retrieved from /opt/airflow/dags/demo_etl.py
[2022-02-16 17:18:17,643] {logging_mixin.py:109} INFO - [2022-02-16 17:18:17,642] {dag.py:2396} INFO - Sync 1 DAGs
[2022-02-16 17:18:17,669] {logging_mixin.py:109} INFO - [2022-02-16 17:18:17,669] {dag.py:2935} INFO - Setting next_dagrun for demo_etl to 2022-02-16T00:00:00+00:00
[2022-02-16 17:18:17,678] {processor.py:171} INFO - Processing /opt/airflow/dags/demo_etl.py took 0.270 seconds
[2022-02-16 17:18:47,807] {processor.py:163} INFO - Started process (PID=7665) to work on /opt/airflow/dags/demo_etl.py
[2022-02-16 17:18:47,809] {processor.py:642} INFO - Processing file /opt/airflow/dags/demo_etl.py for tasks to queue
[2022-02-16 17:18:47,810] {logging_mixin.py:109} INFO - [2022-02-16 17:18:47,810] {dagbag.py:500} INFO - Filling up the DagBag from /opt/airflow/dags/demo_etl.py
[2022-02-16 17:18:47,886] {processor.py:654} INFO - DAG(s) dict_keys(['demo_etl']) retrieved from /opt/airflow/dags/demo_etl.py
[2022-02-16 17:18:47,899] {logging_mixin.py:109} INFO - [2022-02-16 17:18:47,899] {dag.py:2396} INFO - Sync 1 DAGs
[2022-02-16 17:18:47,925] {logging_mixin.py:109} INFO - [2022-02-16 17:18:47,925] {dag.py:2935} INFO - Setting next_dagrun for demo_etl to 2022-02-16T00:00:00+00:00
[2022-02-16 17:18:47,942] {processor.py:171} INFO - Processing /opt/airflow/dags/demo_etl.py took 0.140 seconds
[2022-02-16 17:19:18,834] {processor.py:163} INFO - Started process (PID=7855) to work on /opt/airflow/dags/demo_etl.py
[2022-02-16 17:19:18,835] {processor.py:642} INFO - Processing file /opt/airflow/dags/demo_etl.py for tasks to queue
[2022-02-16 17:19:18,836] {logging_mixin.py:109} INFO - [2022-02-16 17:19:18,836] {dagbag.py:500} INFO - Filling up the DagBag from /opt/airflow/dags/demo_etl.py
[2022-02-16 17:19:18,873] {processor.py:654} INFO - DAG(s) dict_keys(['demo_etl']) retrieved from /opt/airflow/dags/demo_etl.py
[2022-02-16 17:19:18,885] {logging_mixin.py:109} INFO - [2022-02-16 17:19:18,885] {dag.py:2396} INFO - Sync 1 DAGs
[2022-02-16 17:19:18,904] {logging_mixin.py:109} INFO - [2022-02-16 17:19:18,903] {dag.py:2935} INFO - Setting next_dagrun for demo_etl to 2022-02-16T00:00:00+00:00
[2022-02-16 17:19:18,914] {processor.py:171} INFO - Processing /opt/airflow/dags/demo_etl.py took 0.084 seconds
[2022-02-16 17:19:49,149] {processor.py:163} INFO - Started process (PID=8054) to work on /opt/airflow/dags/demo_etl.py
[2022-02-16 17:19:49,151] {processor.py:642} INFO - Processing file /opt/airflow/dags/demo_etl.py for tasks to queue
[2022-02-16 17:19:49,152] {logging_mixin.py:109} INFO - [2022-02-16 17:19:49,152] {dagbag.py:500} INFO - Filling up the DagBag from /opt/airflow/dags/demo_etl.py
[2022-02-16 17:19:49,217] {processor.py:654} INFO - DAG(s) dict_keys(['demo_etl']) retrieved from /opt/airflow/dags/demo_etl.py
[2022-02-16 17:19:49,239] {logging_mixin.py:109} INFO - [2022-02-16 17:19:49,239] {dag.py:2396} INFO - Sync 1 DAGs
[2022-02-16 17:19:49,265] {logging_mixin.py:109} INFO - [2022-02-16 17:19:49,265] {dag.py:2935} INFO - Setting next_dagrun for demo_etl to 2022-02-16T00:00:00+00:00
[2022-02-16 17:19:49,279] {processor.py:171} INFO - Processing /opt/airflow/dags/demo_etl.py took 0.136 seconds
[2022-02-16 17:20:19,417] {processor.py:163} INFO - Started process (PID=8262) to work on /opt/airflow/dags/demo_etl.py
[2022-02-16 17:20:19,418] {processor.py:642} INFO - Processing file /opt/airflow/dags/demo_etl.py for tasks to queue
[2022-02-16 17:20:19,419] {logging_mixin.py:109} INFO - [2022-02-16 17:20:19,419] {dagbag.py:500} INFO - Filling up the DagBag from /opt/airflow/dags/demo_etl.py
[2022-02-16 17:20:19,456] {processor.py:654} INFO - DAG(s) dict_keys(['demo_etl']) retrieved from /opt/airflow/dags/demo_etl.py
[2022-02-16 17:20:19,468] {logging_mixin.py:109} INFO - [2022-02-16 17:20:19,468] {dag.py:2396} INFO - Sync 1 DAGs
[2022-02-16 17:20:19,489] {logging_mixin.py:109} INFO - [2022-02-16 17:20:19,488] {dag.py:2935} INFO - Setting next_dagrun for demo_etl to 2022-02-16T00:00:00+00:00
[2022-02-16 17:20:19,499] {processor.py:171} INFO - Processing /opt/airflow/dags/demo_etl.py took 0.086 seconds
[2022-02-16 17:20:49,770] {processor.py:163} INFO - Started process (PID=8452) to work on /opt/airflow/dags/demo_etl.py
[2022-02-16 17:20:49,772] {processor.py:642} INFO - Processing file /opt/airflow/dags/demo_etl.py for tasks to queue
[2022-02-16 17:20:49,773] {logging_mixin.py:109} INFO - [2022-02-16 17:20:49,773] {dagbag.py:500} INFO - Filling up the DagBag from /opt/airflow/dags/demo_etl.py
[2022-02-16 17:20:49,807] {processor.py:654} INFO - DAG(s) dict_keys(['demo_etl']) retrieved from /opt/airflow/dags/demo_etl.py
[2022-02-16 17:20:49,818] {logging_mixin.py:109} INFO - [2022-02-16 17:20:49,818] {dag.py:2396} INFO - Sync 1 DAGs
[2022-02-16 17:20:49,836] {logging_mixin.py:109} INFO - [2022-02-16 17:20:49,836] {dag.py:2935} INFO - Setting next_dagrun for demo_etl to 2022-02-16T00:00:00+00:00
[2022-02-16 17:20:49,845] {processor.py:171} INFO - Processing /opt/airflow/dags/demo_etl.py took 0.079 seconds
