[2022-02-16 17:13:08,572] {processor.py:163} INFO - Started process (PID=5513) to work on /opt/airflow/dags/my_dag2.py
[2022-02-16 17:13:08,573] {processor.py:642} INFO - Processing file /opt/airflow/dags/my_dag2.py for tasks to queue
[2022-02-16 17:13:08,576] {logging_mixin.py:109} INFO - [2022-02-16 17:13:08,576] {dagbag.py:500} INFO - Filling up the DagBag from /opt/airflow/dags/my_dag2.py
[2022-02-16 17:13:08,641] {processor.py:654} INFO - DAG(s) dict_keys(['my_dag']) retrieved from /opt/airflow/dags/my_dag2.py
[2022-02-16 17:13:09,600] {logging_mixin.py:109} INFO - [2022-02-16 17:13:09,600] {dag.py:2396} INFO - Sync 1 DAGs
[2022-02-16 17:13:09,616] {logging_mixin.py:109} INFO - [2022-02-16 17:13:09,616] {dag.py:2935} INFO - Setting next_dagrun for my_dag to 2022-02-16T00:00:00+00:00
[2022-02-16 17:13:09,627] {processor.py:171} INFO - Processing /opt/airflow/dags/my_dag2.py took 1.059 seconds
[2022-02-16 17:13:39,921] {processor.py:163} INFO - Started process (PID=5711) to work on /opt/airflow/dags/my_dag2.py
[2022-02-16 17:13:39,923] {processor.py:642} INFO - Processing file /opt/airflow/dags/my_dag2.py for tasks to queue
[2022-02-16 17:13:39,924] {logging_mixin.py:109} INFO - [2022-02-16 17:13:39,924] {dagbag.py:500} INFO - Filling up the DagBag from /opt/airflow/dags/my_dag2.py
[2022-02-16 17:13:39,956] {processor.py:654} INFO - DAG(s) dict_keys(['my_dag']) retrieved from /opt/airflow/dags/my_dag2.py
[2022-02-16 17:13:39,969] {logging_mixin.py:109} INFO - [2022-02-16 17:13:39,967] {dag.py:2396} INFO - Sync 1 DAGs
[2022-02-16 17:13:39,995] {logging_mixin.py:109} INFO - [2022-02-16 17:13:39,995] {dag.py:2935} INFO - Setting next_dagrun for my_dag to 2022-02-16T00:00:00+00:00
[2022-02-16 17:13:40,004] {processor.py:171} INFO - Processing /opt/airflow/dags/my_dag2.py took 0.087 seconds
[2022-02-16 17:14:10,182] {processor.py:163} INFO - Started process (PID=5893) to work on /opt/airflow/dags/my_dag2.py
[2022-02-16 17:14:10,183] {processor.py:642} INFO - Processing file /opt/airflow/dags/my_dag2.py for tasks to queue
[2022-02-16 17:14:10,184] {logging_mixin.py:109} INFO - [2022-02-16 17:14:10,184] {dagbag.py:500} INFO - Filling up the DagBag from /opt/airflow/dags/my_dag2.py
[2022-02-16 17:14:10,222] {processor.py:654} INFO - DAG(s) dict_keys(['my_dag']) retrieved from /opt/airflow/dags/my_dag2.py
[2022-02-16 17:14:10,227] {logging_mixin.py:109} INFO - [2022-02-16 17:14:10,226] {dag.py:2396} INFO - Sync 1 DAGs
[2022-02-16 17:14:10,248] {logging_mixin.py:109} INFO - [2022-02-16 17:14:10,248] {dag.py:2935} INFO - Setting next_dagrun for my_dag to 2022-02-16T00:00:00+00:00
[2022-02-16 17:14:10,265] {processor.py:171} INFO - Processing /opt/airflow/dags/my_dag2.py took 0.088 seconds
[2022-02-16 17:14:40,980] {processor.py:163} INFO - Started process (PID=6079) to work on /opt/airflow/dags/my_dag2.py
[2022-02-16 17:14:40,982] {processor.py:642} INFO - Processing file /opt/airflow/dags/my_dag2.py for tasks to queue
[2022-02-16 17:14:40,983] {logging_mixin.py:109} INFO - [2022-02-16 17:14:40,983] {dagbag.py:500} INFO - Filling up the DagBag from /opt/airflow/dags/my_dag2.py
[2022-02-16 17:14:41,022] {processor.py:654} INFO - DAG(s) dict_keys(['my_dag']) retrieved from /opt/airflow/dags/my_dag2.py
[2022-02-16 17:14:41,404] {logging_mixin.py:109} INFO - [2022-02-16 17:14:41,404] {dag.py:2396} INFO - Sync 1 DAGs
[2022-02-16 17:14:41,421] {logging_mixin.py:109} INFO - [2022-02-16 17:14:41,421] {dag.py:2935} INFO - Setting next_dagrun for my_dag to 2022-02-16T00:00:00+00:00
[2022-02-16 17:14:41,431] {processor.py:171} INFO - Processing /opt/airflow/dags/my_dag2.py took 0.455 seconds
[2022-02-16 17:15:11,606] {processor.py:163} INFO - Started process (PID=6287) to work on /opt/airflow/dags/my_dag2.py
[2022-02-16 17:15:11,620] {processor.py:642} INFO - Processing file /opt/airflow/dags/my_dag2.py for tasks to queue
[2022-02-16 17:15:11,621] {logging_mixin.py:109} INFO - [2022-02-16 17:15:11,621] {dagbag.py:500} INFO - Filling up the DagBag from /opt/airflow/dags/my_dag2.py
[2022-02-16 17:15:11,711] {processor.py:654} INFO - DAG(s) dict_keys(['my_dag']) retrieved from /opt/airflow/dags/my_dag2.py
[2022-02-16 17:15:11,737] {logging_mixin.py:109} INFO - [2022-02-16 17:15:11,737] {dag.py:2396} INFO - Sync 1 DAGs
[2022-02-16 17:15:11,800] {logging_mixin.py:109} INFO - [2022-02-16 17:15:11,800] {dag.py:2935} INFO - Setting next_dagrun for my_dag to 2022-02-16T00:00:00+00:00
[2022-02-16 17:15:11,839] {processor.py:171} INFO - Processing /opt/airflow/dags/my_dag2.py took 0.242 seconds
[2022-02-16 17:15:42,049] {processor.py:163} INFO - Started process (PID=6485) to work on /opt/airflow/dags/my_dag2.py
[2022-02-16 17:15:42,051] {processor.py:642} INFO - Processing file /opt/airflow/dags/my_dag2.py for tasks to queue
[2022-02-16 17:15:42,052] {logging_mixin.py:109} INFO - [2022-02-16 17:15:42,052] {dagbag.py:500} INFO - Filling up the DagBag from /opt/airflow/dags/my_dag2.py
[2022-02-16 17:15:42,090] {processor.py:654} INFO - DAG(s) dict_keys(['my_dag']) retrieved from /opt/airflow/dags/my_dag2.py
[2022-02-16 17:15:42,098] {logging_mixin.py:109} INFO - [2022-02-16 17:15:42,097] {dag.py:2396} INFO - Sync 1 DAGs
[2022-02-16 17:15:42,129] {logging_mixin.py:109} INFO - [2022-02-16 17:15:42,129] {dag.py:2935} INFO - Setting next_dagrun for my_dag to 2022-02-16T00:00:00+00:00
[2022-02-16 17:15:42,146] {processor.py:171} INFO - Processing /opt/airflow/dags/my_dag2.py took 0.101 seconds
