[2022-02-16 17:03:07,986] {processor.py:163} INFO - Started process (PID=1844) to work on /opt/airflow/dags/my_dag.py
[2022-02-16 17:03:07,989] {processor.py:642} INFO - Processing file /opt/airflow/dags/my_dag.py for tasks to queue
[2022-02-16 17:03:07,990] {logging_mixin.py:109} INFO - [2022-02-16 17:03:07,990] {dagbag.py:500} INFO - Filling up the DagBag from /opt/airflow/dags/my_dag.py
[2022-02-16 17:03:08,035] {logging_mixin.py:109} INFO - [2022-02-16 17:03:07,997] {dagbag.py:334} ERROR - Failed to import: /opt/airflow/dags/my_dag.py
Traceback (most recent call last):
  File "/home/airflow/.local/lib/python3.7/site-packages/airflow/models/dagbag.py", line 331, in _load_modules_from_file
    loader.exec_module(new_module)
  File "<frozen importlib._bootstrap_external>", line 728, in exec_module
  File "<frozen importlib._bootstrap>", line 219, in _call_with_frames_removed
  File "/opt/airflow/dags/my_dag.py", line 8, in <module>
    with DAG("my_dag",start_date=(2022, 1, 1), schedule_interval='@daily', catchup=False) as dag:
  File "/home/airflow/.local/lib/python3.7/site-packages/airflow/models/dag.py", line 396, in __init__
    if start_date and start_date.tzinfo:
AttributeError: 'tuple' object has no attribute 'tzinfo'
[2022-02-16 17:03:08,056] {processor.py:656} WARNING - No viable dags retrieved from /opt/airflow/dags/my_dag.py
[2022-02-16 17:03:08,066] {processor.py:171} INFO - Processing /opt/airflow/dags/my_dag.py took 0.084 seconds
[2022-02-16 17:03:38,160] {processor.py:163} INFO - Started process (PID=2029) to work on /opt/airflow/dags/my_dag.py
[2022-02-16 17:03:38,162] {processor.py:642} INFO - Processing file /opt/airflow/dags/my_dag.py for tasks to queue
[2022-02-16 17:03:38,162] {logging_mixin.py:109} INFO - [2022-02-16 17:03:38,162] {dagbag.py:500} INFO - Filling up the DagBag from /opt/airflow/dags/my_dag.py
[2022-02-16 17:03:38,172] {logging_mixin.py:109} INFO - [2022-02-16 17:03:38,170] {dagbag.py:334} ERROR - Failed to import: /opt/airflow/dags/my_dag.py
Traceback (most recent call last):
  File "/home/airflow/.local/lib/python3.7/site-packages/airflow/models/dagbag.py", line 331, in _load_modules_from_file
    loader.exec_module(new_module)
  File "<frozen importlib._bootstrap_external>", line 728, in exec_module
  File "<frozen importlib._bootstrap>", line 219, in _call_with_frames_removed
  File "/opt/airflow/dags/my_dag.py", line 8, in <module>
    with DAG("my_dag",start_date=(2022, 1, 1), schedule_interval='@daily', catchup=False) as dag:
  File "/home/airflow/.local/lib/python3.7/site-packages/airflow/models/dag.py", line 396, in __init__
    if start_date and start_date.tzinfo:
AttributeError: 'tuple' object has no attribute 'tzinfo'
[2022-02-16 17:03:38,191] {processor.py:656} WARNING - No viable dags retrieved from /opt/airflow/dags/my_dag.py
[2022-02-16 17:03:38,203] {processor.py:171} INFO - Processing /opt/airflow/dags/my_dag.py took 0.047 seconds
[2022-02-16 17:04:08,428] {processor.py:163} INFO - Started process (PID=2227) to work on /opt/airflow/dags/my_dag.py
[2022-02-16 17:04:08,429] {processor.py:642} INFO - Processing file /opt/airflow/dags/my_dag.py for tasks to queue
[2022-02-16 17:04:08,430] {logging_mixin.py:109} INFO - [2022-02-16 17:04:08,430] {dagbag.py:500} INFO - Filling up the DagBag from /opt/airflow/dags/my_dag.py
[2022-02-16 17:04:08,558] {processor.py:654} INFO - DAG(s) dict_keys(['my_dag']) retrieved from /opt/airflow/dags/my_dag.py
[2022-02-16 17:04:16,524] {logging_mixin.py:109} INFO - [2022-02-16 17:04:16,524] {manager.py:496} INFO - Created Permission View: can read on DAG:my_dag
[2022-02-16 17:04:16,544] {logging_mixin.py:109} INFO - [2022-02-16 17:04:16,543] {manager.py:496} INFO - Created Permission View: can edit on DAG:my_dag
[2022-02-16 17:04:16,545] {logging_mixin.py:109} INFO - [2022-02-16 17:04:16,544] {dag.py:2396} INFO - Sync 1 DAGs
[2022-02-16 17:04:16,555] {logging_mixin.py:109} INFO - [2022-02-16 17:04:16,555] {dag.py:2415} INFO - Creating ORM DAG for my_dag
[2022-02-16 17:04:16,567] {logging_mixin.py:109} INFO - [2022-02-16 17:04:16,567] {dag.py:2935} INFO - Setting next_dagrun for my_dag to 2022-02-15 00:00:00+00:00
[2022-02-16 17:04:16,579] {processor.py:171} INFO - Processing /opt/airflow/dags/my_dag.py took 8.165 seconds
[2022-02-16 17:04:47,413] {processor.py:163} INFO - Started process (PID=2463) to work on /opt/airflow/dags/my_dag.py
[2022-02-16 17:04:47,415] {processor.py:642} INFO - Processing file /opt/airflow/dags/my_dag.py for tasks to queue
[2022-02-16 17:04:47,416] {logging_mixin.py:109} INFO - [2022-02-16 17:04:47,416] {dagbag.py:500} INFO - Filling up the DagBag from /opt/airflow/dags/my_dag.py
[2022-02-16 17:04:47,460] {processor.py:654} INFO - DAG(s) dict_keys(['my_dag']) retrieved from /opt/airflow/dags/my_dag.py
[2022-02-16 17:04:47,471] {logging_mixin.py:109} INFO - [2022-02-16 17:04:47,471] {dag.py:2396} INFO - Sync 1 DAGs
[2022-02-16 17:04:47,502] {logging_mixin.py:109} INFO - [2022-02-16 17:04:47,502] {dag.py:2935} INFO - Setting next_dagrun for my_dag to 2022-02-16T00:00:00+00:00
[2022-02-16 17:04:47,535] {processor.py:171} INFO - Processing /opt/airflow/dags/my_dag.py took 0.127 seconds
[2022-02-16 17:05:17,884] {processor.py:163} INFO - Started process (PID=2660) to work on /opt/airflow/dags/my_dag.py
[2022-02-16 17:05:17,887] {processor.py:642} INFO - Processing file /opt/airflow/dags/my_dag.py for tasks to queue
[2022-02-16 17:05:17,888] {logging_mixin.py:109} INFO - [2022-02-16 17:05:17,888] {dagbag.py:500} INFO - Filling up the DagBag from /opt/airflow/dags/my_dag.py
[2022-02-16 17:05:17,968] {processor.py:654} INFO - DAG(s) dict_keys(['my_dag']) retrieved from /opt/airflow/dags/my_dag.py
[2022-02-16 17:05:17,984] {logging_mixin.py:109} INFO - [2022-02-16 17:05:17,984] {dag.py:2396} INFO - Sync 1 DAGs
[2022-02-16 17:05:18,013] {logging_mixin.py:109} INFO - [2022-02-16 17:05:18,013] {dag.py:2935} INFO - Setting next_dagrun for my_dag to 2022-02-16T00:00:00+00:00
[2022-02-16 17:05:18,035] {processor.py:171} INFO - Processing /opt/airflow/dags/my_dag.py took 0.158 seconds
[2022-02-16 17:05:48,212] {processor.py:163} INFO - Started process (PID=2844) to work on /opt/airflow/dags/my_dag.py
[2022-02-16 17:05:48,213] {processor.py:642} INFO - Processing file /opt/airflow/dags/my_dag.py for tasks to queue
[2022-02-16 17:05:48,214] {logging_mixin.py:109} INFO - [2022-02-16 17:05:48,214] {dagbag.py:500} INFO - Filling up the DagBag from /opt/airflow/dags/my_dag.py
[2022-02-16 17:05:48,247] {processor.py:654} INFO - DAG(s) dict_keys(['my_dag']) retrieved from /opt/airflow/dags/my_dag.py
[2022-02-16 17:05:48,258] {logging_mixin.py:109} INFO - [2022-02-16 17:05:48,258] {dag.py:2396} INFO - Sync 1 DAGs
[2022-02-16 17:05:48,278] {logging_mixin.py:109} INFO - [2022-02-16 17:05:48,278] {dag.py:2935} INFO - Setting next_dagrun for my_dag to 2022-02-16T00:00:00+00:00
[2022-02-16 17:05:48,287] {processor.py:171} INFO - Processing /opt/airflow/dags/my_dag.py took 0.080 seconds
[2022-02-16 17:06:18,643] {processor.py:163} INFO - Started process (PID=3029) to work on /opt/airflow/dags/my_dag.py
[2022-02-16 17:06:18,644] {processor.py:642} INFO - Processing file /opt/airflow/dags/my_dag.py for tasks to queue
[2022-02-16 17:06:18,645] {logging_mixin.py:109} INFO - [2022-02-16 17:06:18,645] {dagbag.py:500} INFO - Filling up the DagBag from /opt/airflow/dags/my_dag.py
[2022-02-16 17:06:18,677] {processor.py:654} INFO - DAG(s) dict_keys(['my_dag']) retrieved from /opt/airflow/dags/my_dag.py
[2022-02-16 17:06:18,688] {logging_mixin.py:109} INFO - [2022-02-16 17:06:18,688] {dag.py:2396} INFO - Sync 1 DAGs
[2022-02-16 17:06:18,708] {logging_mixin.py:109} INFO - [2022-02-16 17:06:18,707] {dag.py:2935} INFO - Setting next_dagrun for my_dag to 2022-02-16T00:00:00+00:00
[2022-02-16 17:06:18,717] {processor.py:171} INFO - Processing /opt/airflow/dags/my_dag.py took 0.079 seconds
[2022-02-16 17:06:48,934] {processor.py:163} INFO - Started process (PID=3212) to work on /opt/airflow/dags/my_dag.py
[2022-02-16 17:06:48,935] {processor.py:642} INFO - Processing file /opt/airflow/dags/my_dag.py for tasks to queue
[2022-02-16 17:06:48,936] {logging_mixin.py:109} INFO - [2022-02-16 17:06:48,936] {dagbag.py:500} INFO - Filling up the DagBag from /opt/airflow/dags/my_dag.py
[2022-02-16 17:06:48,971] {processor.py:654} INFO - DAG(s) dict_keys(['my_dag']) retrieved from /opt/airflow/dags/my_dag.py
[2022-02-16 17:06:48,983] {logging_mixin.py:109} INFO - [2022-02-16 17:06:48,982] {dag.py:2396} INFO - Sync 1 DAGs
[2022-02-16 17:06:49,003] {logging_mixin.py:109} INFO - [2022-02-16 17:06:49,003] {dag.py:2935} INFO - Setting next_dagrun for my_dag to 2022-02-16T00:00:00+00:00
[2022-02-16 17:06:49,013] {processor.py:171} INFO - Processing /opt/airflow/dags/my_dag.py took 0.084 seconds
[2022-02-16 17:07:19,899] {processor.py:163} INFO - Started process (PID=3404) to work on /opt/airflow/dags/my_dag.py
[2022-02-16 17:07:19,901] {processor.py:642} INFO - Processing file /opt/airflow/dags/my_dag.py for tasks to queue
[2022-02-16 17:07:19,904] {logging_mixin.py:109} INFO - [2022-02-16 17:07:19,904] {dagbag.py:500} INFO - Filling up the DagBag from /opt/airflow/dags/my_dag.py
[2022-02-16 17:07:19,957] {processor.py:654} INFO - DAG(s) dict_keys(['my_dag']) retrieved from /opt/airflow/dags/my_dag.py
[2022-02-16 17:07:19,976] {logging_mixin.py:109} INFO - [2022-02-16 17:07:19,976] {dag.py:2396} INFO - Sync 1 DAGs
[2022-02-16 17:07:20,004] {logging_mixin.py:109} INFO - [2022-02-16 17:07:20,003] {dag.py:2935} INFO - Setting next_dagrun for my_dag to 2022-02-16T00:00:00+00:00
[2022-02-16 17:07:20,018] {processor.py:171} INFO - Processing /opt/airflow/dags/my_dag.py took 0.124 seconds
[2022-02-16 17:07:50,996] {processor.py:163} INFO - Started process (PID=3589) to work on /opt/airflow/dags/my_dag.py
[2022-02-16 17:07:50,998] {processor.py:642} INFO - Processing file /opt/airflow/dags/my_dag.py for tasks to queue
[2022-02-16 17:07:50,999] {logging_mixin.py:109} INFO - [2022-02-16 17:07:50,999] {dagbag.py:500} INFO - Filling up the DagBag from /opt/airflow/dags/my_dag.py
[2022-02-16 17:07:51,036] {processor.py:654} INFO - DAG(s) dict_keys(['my_dag']) retrieved from /opt/airflow/dags/my_dag.py
[2022-02-16 17:07:51,046] {logging_mixin.py:109} INFO - [2022-02-16 17:07:51,046] {dag.py:2396} INFO - Sync 1 DAGs
[2022-02-16 17:07:51,066] {logging_mixin.py:109} INFO - [2022-02-16 17:07:51,066] {dag.py:2935} INFO - Setting next_dagrun for my_dag to 2022-02-16T00:00:00+00:00
[2022-02-16 17:07:51,078] {processor.py:171} INFO - Processing /opt/airflow/dags/my_dag.py took 0.087 seconds
[2022-02-16 17:08:21,256] {processor.py:163} INFO - Started process (PID=3774) to work on /opt/airflow/dags/my_dag.py
[2022-02-16 17:08:21,257] {processor.py:642} INFO - Processing file /opt/airflow/dags/my_dag.py for tasks to queue
[2022-02-16 17:08:21,258] {logging_mixin.py:109} INFO - [2022-02-16 17:08:21,258] {dagbag.py:500} INFO - Filling up the DagBag from /opt/airflow/dags/my_dag.py
[2022-02-16 17:08:21,299] {processor.py:654} INFO - DAG(s) dict_keys(['my_dag']) retrieved from /opt/airflow/dags/my_dag.py
[2022-02-16 17:08:21,312] {logging_mixin.py:109} INFO - [2022-02-16 17:08:21,312] {dag.py:2396} INFO - Sync 1 DAGs
[2022-02-16 17:08:21,332] {logging_mixin.py:109} INFO - [2022-02-16 17:08:21,332] {dag.py:2935} INFO - Setting next_dagrun for my_dag to 2022-02-16T00:00:00+00:00
[2022-02-16 17:08:21,348] {processor.py:171} INFO - Processing /opt/airflow/dags/my_dag.py took 0.096 seconds
[2022-02-16 17:08:51,910] {processor.py:163} INFO - Started process (PID=3967) to work on /opt/airflow/dags/my_dag.py
[2022-02-16 17:08:51,911] {processor.py:642} INFO - Processing file /opt/airflow/dags/my_dag.py for tasks to queue
[2022-02-16 17:08:51,912] {logging_mixin.py:109} INFO - [2022-02-16 17:08:51,912] {dagbag.py:500} INFO - Filling up the DagBag from /opt/airflow/dags/my_dag.py
[2022-02-16 17:08:51,944] {processor.py:654} INFO - DAG(s) dict_keys(['my_dag']) retrieved from /opt/airflow/dags/my_dag.py
[2022-02-16 17:08:51,954] {logging_mixin.py:109} INFO - [2022-02-16 17:08:51,954] {dag.py:2396} INFO - Sync 1 DAGs
[2022-02-16 17:08:51,973] {logging_mixin.py:109} INFO - [2022-02-16 17:08:51,973] {dag.py:2935} INFO - Setting next_dagrun for my_dag to 2022-02-16T00:00:00+00:00
[2022-02-16 17:08:51,982] {processor.py:171} INFO - Processing /opt/airflow/dags/my_dag.py took 0.076 seconds
[2022-02-16 17:09:22,675] {processor.py:163} INFO - Started process (PID=4150) to work on /opt/airflow/dags/my_dag.py
[2022-02-16 17:09:22,676] {processor.py:642} INFO - Processing file /opt/airflow/dags/my_dag.py for tasks to queue
[2022-02-16 17:09:22,677] {logging_mixin.py:109} INFO - [2022-02-16 17:09:22,676] {dagbag.py:500} INFO - Filling up the DagBag from /opt/airflow/dags/my_dag.py
[2022-02-16 17:09:22,708] {processor.py:654} INFO - DAG(s) dict_keys(['my_dag']) retrieved from /opt/airflow/dags/my_dag.py
[2022-02-16 17:09:22,719] {logging_mixin.py:109} INFO - [2022-02-16 17:09:22,719] {dag.py:2396} INFO - Sync 1 DAGs
[2022-02-16 17:09:22,737] {logging_mixin.py:109} INFO - [2022-02-16 17:09:22,737] {dag.py:2935} INFO - Setting next_dagrun for my_dag to 2022-02-16T00:00:00+00:00
[2022-02-16 17:09:22,748] {processor.py:171} INFO - Processing /opt/airflow/dags/my_dag.py took 0.077 seconds
[2022-02-16 17:09:53,469] {processor.py:163} INFO - Started process (PID=4333) to work on /opt/airflow/dags/my_dag.py
[2022-02-16 17:09:53,471] {processor.py:642} INFO - Processing file /opt/airflow/dags/my_dag.py for tasks to queue
[2022-02-16 17:09:53,472] {logging_mixin.py:109} INFO - [2022-02-16 17:09:53,471] {dagbag.py:500} INFO - Filling up the DagBag from /opt/airflow/dags/my_dag.py
[2022-02-16 17:09:53,540] {processor.py:654} INFO - DAG(s) dict_keys(['my_dag']) retrieved from /opt/airflow/dags/my_dag.py
[2022-02-16 17:09:53,575] {logging_mixin.py:109} INFO - [2022-02-16 17:09:53,564] {dag.py:2396} INFO - Sync 1 DAGs
[2022-02-16 17:09:53,597] {logging_mixin.py:109} INFO - [2022-02-16 17:09:53,597] {dag.py:2935} INFO - Setting next_dagrun for my_dag to 2022-02-16T00:00:00+00:00
[2022-02-16 17:09:53,609] {processor.py:171} INFO - Processing /opt/airflow/dags/my_dag.py took 0.144 seconds
[2022-02-16 17:10:23,647] {processor.py:163} INFO - Started process (PID=4519) to work on /opt/airflow/dags/my_dag.py
[2022-02-16 17:10:23,648] {processor.py:642} INFO - Processing file /opt/airflow/dags/my_dag.py for tasks to queue
[2022-02-16 17:10:23,649] {logging_mixin.py:109} INFO - [2022-02-16 17:10:23,649] {dagbag.py:500} INFO - Filling up the DagBag from /opt/airflow/dags/my_dag.py
[2022-02-16 17:10:23,683] {processor.py:654} INFO - DAG(s) dict_keys(['my_dag']) retrieved from /opt/airflow/dags/my_dag.py
[2022-02-16 17:10:23,695] {logging_mixin.py:109} INFO - [2022-02-16 17:10:23,695] {dag.py:2396} INFO - Sync 1 DAGs
[2022-02-16 17:10:23,718] {logging_mixin.py:109} INFO - [2022-02-16 17:10:23,718] {dag.py:2935} INFO - Setting next_dagrun for my_dag to 2022-02-16T00:00:00+00:00
[2022-02-16 17:10:23,731] {processor.py:171} INFO - Processing /opt/airflow/dags/my_dag.py took 0.088 seconds
[2022-02-16 17:10:54,689] {processor.py:163} INFO - Started process (PID=4714) to work on /opt/airflow/dags/my_dag.py
[2022-02-16 17:10:54,690] {processor.py:642} INFO - Processing file /opt/airflow/dags/my_dag.py for tasks to queue
[2022-02-16 17:10:54,691] {logging_mixin.py:109} INFO - [2022-02-16 17:10:54,691] {dagbag.py:500} INFO - Filling up the DagBag from /opt/airflow/dags/my_dag.py
[2022-02-16 17:10:54,722] {processor.py:654} INFO - DAG(s) dict_keys(['my_dag']) retrieved from /opt/airflow/dags/my_dag.py
[2022-02-16 17:10:54,733] {logging_mixin.py:109} INFO - [2022-02-16 17:10:54,733] {dag.py:2396} INFO - Sync 1 DAGs
[2022-02-16 17:10:54,754] {logging_mixin.py:109} INFO - [2022-02-16 17:10:54,754] {dag.py:2935} INFO - Setting next_dagrun for my_dag to 2022-02-16T00:00:00+00:00
[2022-02-16 17:10:54,763] {processor.py:171} INFO - Processing /opt/airflow/dags/my_dag.py took 0.079 seconds
[2022-02-16 17:11:24,789] {processor.py:163} INFO - Started process (PID=4897) to work on /opt/airflow/dags/my_dag.py
[2022-02-16 17:11:24,791] {processor.py:642} INFO - Processing file /opt/airflow/dags/my_dag.py for tasks to queue
[2022-02-16 17:11:24,792] {logging_mixin.py:109} INFO - [2022-02-16 17:11:24,792] {dagbag.py:500} INFO - Filling up the DagBag from /opt/airflow/dags/my_dag.py
[2022-02-16 17:11:24,842] {processor.py:654} INFO - DAG(s) dict_keys(['my_dag']) retrieved from /opt/airflow/dags/my_dag.py
[2022-02-16 17:11:24,861] {logging_mixin.py:109} INFO - [2022-02-16 17:11:24,861] {dag.py:2396} INFO - Sync 1 DAGs
[2022-02-16 17:11:24,888] {logging_mixin.py:109} INFO - [2022-02-16 17:11:24,888] {dag.py:2935} INFO - Setting next_dagrun for my_dag to 2022-02-16T00:00:00+00:00
[2022-02-16 17:11:24,900] {processor.py:171} INFO - Processing /opt/airflow/dags/my_dag.py took 0.116 seconds
[2022-02-16 17:11:55,242] {processor.py:163} INFO - Started process (PID=5082) to work on /opt/airflow/dags/my_dag.py
[2022-02-16 17:11:55,244] {processor.py:642} INFO - Processing file /opt/airflow/dags/my_dag.py for tasks to queue
[2022-02-16 17:11:55,244] {logging_mixin.py:109} INFO - [2022-02-16 17:11:55,244] {dagbag.py:500} INFO - Filling up the DagBag from /opt/airflow/dags/my_dag.py
[2022-02-16 17:11:55,276] {processor.py:654} INFO - DAG(s) dict_keys(['my_dag']) retrieved from /opt/airflow/dags/my_dag.py
[2022-02-16 17:11:55,291] {logging_mixin.py:109} INFO - [2022-02-16 17:11:55,291] {dag.py:2396} INFO - Sync 1 DAGs
[2022-02-16 17:11:55,316] {logging_mixin.py:109} INFO - [2022-02-16 17:11:55,316] {dag.py:2935} INFO - Setting next_dagrun for my_dag to 2022-02-16T00:00:00+00:00
[2022-02-16 17:11:55,326] {processor.py:171} INFO - Processing /opt/airflow/dags/my_dag.py took 0.088 seconds
[2022-02-16 17:12:25,453] {processor.py:163} INFO - Started process (PID=5274) to work on /opt/airflow/dags/my_dag.py
[2022-02-16 17:12:25,454] {processor.py:642} INFO - Processing file /opt/airflow/dags/my_dag.py for tasks to queue
[2022-02-16 17:12:25,455] {logging_mixin.py:109} INFO - [2022-02-16 17:12:25,455] {dagbag.py:500} INFO - Filling up the DagBag from /opt/airflow/dags/my_dag.py
[2022-02-16 17:12:25,486] {processor.py:654} INFO - DAG(s) dict_keys(['my_dag']) retrieved from /opt/airflow/dags/my_dag.py
[2022-02-16 17:12:25,497] {logging_mixin.py:109} INFO - [2022-02-16 17:12:25,497] {dag.py:2396} INFO - Sync 1 DAGs
[2022-02-16 17:12:25,516] {logging_mixin.py:109} INFO - [2022-02-16 17:12:25,515] {dag.py:2935} INFO - Setting next_dagrun for my_dag to 2022-02-16T00:00:00+00:00
[2022-02-16 17:12:25,527] {processor.py:171} INFO - Processing /opt/airflow/dags/my_dag.py took 0.077 seconds
[2022-02-16 17:12:56,258] {processor.py:163} INFO - Started process (PID=5472) to work on /opt/airflow/dags/my_dag.py
[2022-02-16 17:12:56,260] {processor.py:642} INFO - Processing file /opt/airflow/dags/my_dag.py for tasks to queue
[2022-02-16 17:12:56,261] {logging_mixin.py:109} INFO - [2022-02-16 17:12:56,260] {dagbag.py:500} INFO - Filling up the DagBag from /opt/airflow/dags/my_dag.py
[2022-02-16 17:12:56,298] {processor.py:654} INFO - DAG(s) dict_keys(['my_dag']) retrieved from /opt/airflow/dags/my_dag.py
[2022-02-16 17:12:56,310] {logging_mixin.py:109} INFO - [2022-02-16 17:12:56,310] {dag.py:2396} INFO - Sync 1 DAGs
[2022-02-16 17:12:56,330] {logging_mixin.py:109} INFO - [2022-02-16 17:12:56,330] {dag.py:2935} INFO - Setting next_dagrun for my_dag to 2022-02-16T00:00:00+00:00
[2022-02-16 17:12:56,341] {processor.py:171} INFO - Processing /opt/airflow/dags/my_dag.py took 0.088 seconds
[2022-02-16 17:13:26,753] {processor.py:163} INFO - Started process (PID=5669) to work on /opt/airflow/dags/my_dag.py
[2022-02-16 17:13:26,754] {processor.py:642} INFO - Processing file /opt/airflow/dags/my_dag.py for tasks to queue
[2022-02-16 17:13:26,755] {logging_mixin.py:109} INFO - [2022-02-16 17:13:26,755] {dagbag.py:500} INFO - Filling up the DagBag from /opt/airflow/dags/my_dag.py
[2022-02-16 17:13:26,787] {processor.py:654} INFO - DAG(s) dict_keys(['my_dag']) retrieved from /opt/airflow/dags/my_dag.py
[2022-02-16 17:13:26,791] {logging_mixin.py:109} INFO - [2022-02-16 17:13:26,791] {dag.py:2396} INFO - Sync 1 DAGs
[2022-02-16 17:13:26,811] {logging_mixin.py:109} INFO - [2022-02-16 17:13:26,811] {dag.py:2935} INFO - Setting next_dagrun for my_dag to 2022-02-16T00:00:00+00:00
[2022-02-16 17:13:26,820] {processor.py:171} INFO - Processing /opt/airflow/dags/my_dag.py took 0.071 seconds
[2022-02-16 17:13:57,287] {processor.py:163} INFO - Started process (PID=5865) to work on /opt/airflow/dags/my_dag.py
[2022-02-16 17:13:57,289] {processor.py:642} INFO - Processing file /opt/airflow/dags/my_dag.py for tasks to queue
[2022-02-16 17:13:57,290] {logging_mixin.py:109} INFO - [2022-02-16 17:13:57,290] {dagbag.py:500} INFO - Filling up the DagBag from /opt/airflow/dags/my_dag.py
[2022-02-16 17:13:57,321] {processor.py:654} INFO - DAG(s) dict_keys(['my_dag']) retrieved from /opt/airflow/dags/my_dag.py
[2022-02-16 17:13:57,614] {logging_mixin.py:109} INFO - [2022-02-16 17:13:57,613] {dag.py:2396} INFO - Sync 1 DAGs
[2022-02-16 17:13:57,630] {logging_mixin.py:109} INFO - [2022-02-16 17:13:57,629] {dag.py:2935} INFO - Setting next_dagrun for my_dag to 2022-02-16T00:00:00+00:00
[2022-02-16 17:13:57,639] {processor.py:171} INFO - Processing /opt/airflow/dags/my_dag.py took 0.356 seconds
[2022-02-16 17:14:27,836] {processor.py:163} INFO - Started process (PID=6060) to work on /opt/airflow/dags/my_dag.py
[2022-02-16 17:14:27,837] {processor.py:642} INFO - Processing file /opt/airflow/dags/my_dag.py for tasks to queue
[2022-02-16 17:14:27,838] {logging_mixin.py:109} INFO - [2022-02-16 17:14:27,838] {dagbag.py:500} INFO - Filling up the DagBag from /opt/airflow/dags/my_dag.py
[2022-02-16 17:14:27,874] {processor.py:654} INFO - DAG(s) dict_keys(['my_dag']) retrieved from /opt/airflow/dags/my_dag.py
[2022-02-16 17:14:27,886] {logging_mixin.py:109} INFO - [2022-02-16 17:14:27,886] {dag.py:2396} INFO - Sync 1 DAGs
[2022-02-16 17:14:27,904] {logging_mixin.py:109} INFO - [2022-02-16 17:14:27,904] {dag.py:2935} INFO - Setting next_dagrun for my_dag to 2022-02-16T00:00:00+00:00
[2022-02-16 17:14:27,912] {processor.py:171} INFO - Processing /opt/airflow/dags/my_dag.py took 0.084 seconds
[2022-02-16 17:14:58,429] {processor.py:163} INFO - Started process (PID=6265) to work on /opt/airflow/dags/my_dag.py
[2022-02-16 17:14:58,433] {processor.py:642} INFO - Processing file /opt/airflow/dags/my_dag.py for tasks to queue
[2022-02-16 17:14:58,434] {logging_mixin.py:109} INFO - [2022-02-16 17:14:58,434] {dagbag.py:500} INFO - Filling up the DagBag from /opt/airflow/dags/my_dag.py
[2022-02-16 17:14:58,467] {processor.py:654} INFO - DAG(s) dict_keys(['my_dag']) retrieved from /opt/airflow/dags/my_dag.py
[2022-02-16 17:14:58,471] {logging_mixin.py:109} INFO - [2022-02-16 17:14:58,471] {dag.py:2396} INFO - Sync 1 DAGs
[2022-02-16 17:14:58,491] {logging_mixin.py:109} INFO - [2022-02-16 17:14:58,491] {dag.py:2935} INFO - Setting next_dagrun for my_dag to 2022-02-16T00:00:00+00:00
[2022-02-16 17:14:58,500] {processor.py:171} INFO - Processing /opt/airflow/dags/my_dag.py took 0.077 seconds
[2022-02-16 17:15:28,600] {processor.py:163} INFO - Started process (PID=6466) to work on /opt/airflow/dags/my_dag.py
[2022-02-16 17:15:28,601] {processor.py:642} INFO - Processing file /opt/airflow/dags/my_dag.py for tasks to queue
[2022-02-16 17:15:28,602] {logging_mixin.py:109} INFO - [2022-02-16 17:15:28,602] {dagbag.py:500} INFO - Filling up the DagBag from /opt/airflow/dags/my_dag.py
[2022-02-16 17:15:28,636] {processor.py:654} INFO - DAG(s) dict_keys(['my_dag']) retrieved from /opt/airflow/dags/my_dag.py
[2022-02-16 17:15:28,935] {logging_mixin.py:109} INFO - [2022-02-16 17:15:28,935] {dag.py:2396} INFO - Sync 1 DAGs
[2022-02-16 17:15:28,956] {logging_mixin.py:109} INFO - [2022-02-16 17:15:28,956] {dag.py:2935} INFO - Setting next_dagrun for my_dag to 2022-02-16T00:00:00+00:00
[2022-02-16 17:15:28,966] {processor.py:171} INFO - Processing /opt/airflow/dags/my_dag.py took 0.370 seconds
[2022-02-16 17:15:53,741] {processor.py:163} INFO - Started process (PID=6618) to work on /opt/airflow/dags/my_dag.py
[2022-02-16 17:15:53,743] {processor.py:642} INFO - Processing file /opt/airflow/dags/my_dag.py for tasks to queue
[2022-02-16 17:15:53,744] {logging_mixin.py:109} INFO - [2022-02-16 17:15:53,744] {dagbag.py:500} INFO - Filling up the DagBag from /opt/airflow/dags/my_dag.py
[2022-02-16 17:15:53,817] {processor.py:654} INFO - DAG(s) dict_keys(['my_dag']) retrieved from /opt/airflow/dags/my_dag.py
[2022-02-16 17:15:53,829] {logging_mixin.py:109} INFO - [2022-02-16 17:15:53,829] {dag.py:2396} INFO - Sync 1 DAGs
[2022-02-16 17:15:53,864] {logging_mixin.py:109} INFO - [2022-02-16 17:15:53,863] {dag.py:2935} INFO - Setting next_dagrun for my_dag to 2022-02-16T00:00:00+00:00
[2022-02-16 17:15:53,894] {processor.py:171} INFO - Processing /opt/airflow/dags/my_dag.py took 0.162 seconds
[2022-02-16 17:16:24,870] {processor.py:163} INFO - Started process (PID=6809) to work on /opt/airflow/dags/my_dag.py
[2022-02-16 17:16:24,871] {processor.py:642} INFO - Processing file /opt/airflow/dags/my_dag.py for tasks to queue
[2022-02-16 17:16:24,873] {logging_mixin.py:109} INFO - [2022-02-16 17:16:24,873] {dagbag.py:500} INFO - Filling up the DagBag from /opt/airflow/dags/my_dag.py
[2022-02-16 17:16:24,905] {processor.py:654} INFO - DAG(s) dict_keys(['my_dag']) retrieved from /opt/airflow/dags/my_dag.py
[2022-02-16 17:16:24,915] {logging_mixin.py:109} INFO - [2022-02-16 17:16:24,915] {dag.py:2396} INFO - Sync 1 DAGs
[2022-02-16 17:16:24,934] {logging_mixin.py:109} INFO - [2022-02-16 17:16:24,934] {dag.py:2935} INFO - Setting next_dagrun for my_dag to 2022-02-16T00:00:00+00:00
[2022-02-16 17:16:24,946] {processor.py:171} INFO - Processing /opt/airflow/dags/my_dag.py took 0.080 seconds
[2022-02-16 17:16:55,098] {processor.py:163} INFO - Started process (PID=6998) to work on /opt/airflow/dags/my_dag.py
[2022-02-16 17:16:55,100] {processor.py:642} INFO - Processing file /opt/airflow/dags/my_dag.py for tasks to queue
[2022-02-16 17:16:55,101] {logging_mixin.py:109} INFO - [2022-02-16 17:16:55,101] {dagbag.py:500} INFO - Filling up the DagBag from /opt/airflow/dags/my_dag.py
[2022-02-16 17:16:55,137] {processor.py:654} INFO - DAG(s) dict_keys(['my_dag']) retrieved from /opt/airflow/dags/my_dag.py
[2022-02-16 17:16:55,147] {logging_mixin.py:109} INFO - [2022-02-16 17:16:55,147] {dag.py:2396} INFO - Sync 1 DAGs
[2022-02-16 17:16:55,166] {logging_mixin.py:109} INFO - [2022-02-16 17:16:55,166] {dag.py:2935} INFO - Setting next_dagrun for my_dag to 2022-02-16T00:00:00+00:00
[2022-02-16 17:16:55,174] {processor.py:171} INFO - Processing /opt/airflow/dags/my_dag.py took 0.080 seconds
[2022-02-16 17:17:25,705] {processor.py:163} INFO - Started process (PID=7197) to work on /opt/airflow/dags/my_dag.py
[2022-02-16 17:17:25,707] {processor.py:642} INFO - Processing file /opt/airflow/dags/my_dag.py for tasks to queue
[2022-02-16 17:17:25,708] {logging_mixin.py:109} INFO - [2022-02-16 17:17:25,707] {dagbag.py:500} INFO - Filling up the DagBag from /opt/airflow/dags/my_dag.py
[2022-02-16 17:17:25,746] {processor.py:654} INFO - DAG(s) dict_keys(['my_dag']) retrieved from /opt/airflow/dags/my_dag.py
[2022-02-16 17:17:25,766] {logging_mixin.py:109} INFO - [2022-02-16 17:17:25,765] {dag.py:2396} INFO - Sync 1 DAGs
[2022-02-16 17:17:25,812] {logging_mixin.py:109} INFO - [2022-02-16 17:17:25,812] {dag.py:2935} INFO - Setting next_dagrun for my_dag to 2022-02-16T00:00:00+00:00
[2022-02-16 17:17:25,833] {processor.py:171} INFO - Processing /opt/airflow/dags/my_dag.py took 0.136 seconds
[2022-02-16 17:17:55,939] {processor.py:163} INFO - Started process (PID=7387) to work on /opt/airflow/dags/my_dag.py
[2022-02-16 17:17:55,943] {processor.py:642} INFO - Processing file /opt/airflow/dags/my_dag.py for tasks to queue
[2022-02-16 17:17:55,944] {logging_mixin.py:109} INFO - [2022-02-16 17:17:55,944] {dagbag.py:500} INFO - Filling up the DagBag from /opt/airflow/dags/my_dag.py
[2022-02-16 17:17:55,979] {processor.py:654} INFO - DAG(s) dict_keys(['my_dag']) retrieved from /opt/airflow/dags/my_dag.py
[2022-02-16 17:17:55,990] {logging_mixin.py:109} INFO - [2022-02-16 17:17:55,989] {dag.py:2396} INFO - Sync 1 DAGs
[2022-02-16 17:17:56,010] {logging_mixin.py:109} INFO - [2022-02-16 17:17:56,010] {dag.py:2935} INFO - Setting next_dagrun for my_dag to 2022-02-16T00:00:00+00:00
[2022-02-16 17:17:56,021] {processor.py:171} INFO - Processing /opt/airflow/dags/my_dag.py took 0.087 seconds
[2022-02-16 17:18:26,587] {processor.py:163} INFO - Started process (PID=7586) to work on /opt/airflow/dags/my_dag.py
[2022-02-16 17:18:26,588] {processor.py:642} INFO - Processing file /opt/airflow/dags/my_dag.py for tasks to queue
[2022-02-16 17:18:26,589] {logging_mixin.py:109} INFO - [2022-02-16 17:18:26,589] {dagbag.py:500} INFO - Filling up the DagBag from /opt/airflow/dags/my_dag.py
[2022-02-16 17:18:26,624] {processor.py:654} INFO - DAG(s) dict_keys(['my_dag']) retrieved from /opt/airflow/dags/my_dag.py
[2022-02-16 17:18:26,637] {logging_mixin.py:109} INFO - [2022-02-16 17:18:26,637] {dag.py:2396} INFO - Sync 1 DAGs
[2022-02-16 17:18:26,657] {logging_mixin.py:109} INFO - [2022-02-16 17:18:26,657] {dag.py:2935} INFO - Setting next_dagrun for my_dag to 2022-02-16T00:00:00+00:00
[2022-02-16 17:18:26,667] {processor.py:171} INFO - Processing /opt/airflow/dags/my_dag.py took 0.084 seconds
[2022-02-16 17:18:57,096] {processor.py:163} INFO - Started process (PID=7775) to work on /opt/airflow/dags/my_dag.py
[2022-02-16 17:18:57,098] {processor.py:642} INFO - Processing file /opt/airflow/dags/my_dag.py for tasks to queue
[2022-02-16 17:18:57,099] {logging_mixin.py:109} INFO - [2022-02-16 17:18:57,099] {dagbag.py:500} INFO - Filling up the DagBag from /opt/airflow/dags/my_dag.py
[2022-02-16 17:18:57,131] {processor.py:654} INFO - DAG(s) dict_keys(['my_dag']) retrieved from /opt/airflow/dags/my_dag.py
[2022-02-16 17:18:57,143] {logging_mixin.py:109} INFO - [2022-02-16 17:18:57,143] {dag.py:2396} INFO - Sync 1 DAGs
[2022-02-16 17:18:57,163] {logging_mixin.py:109} INFO - [2022-02-16 17:18:57,163] {dag.py:2935} INFO - Setting next_dagrun for my_dag to 2022-02-16T00:00:00+00:00
[2022-02-16 17:18:57,172] {processor.py:171} INFO - Processing /opt/airflow/dags/my_dag.py took 0.080 seconds
[2022-02-16 17:19:27,326] {processor.py:163} INFO - Started process (PID=7967) to work on /opt/airflow/dags/my_dag.py
[2022-02-16 17:19:27,336] {processor.py:642} INFO - Processing file /opt/airflow/dags/my_dag.py for tasks to queue
[2022-02-16 17:19:27,338] {logging_mixin.py:109} INFO - [2022-02-16 17:19:27,337] {dagbag.py:500} INFO - Filling up the DagBag from /opt/airflow/dags/my_dag.py
[2022-02-16 17:19:27,441] {processor.py:654} INFO - DAG(s) dict_keys(['my_dag']) retrieved from /opt/airflow/dags/my_dag.py
[2022-02-16 17:19:27,469] {logging_mixin.py:109} INFO - [2022-02-16 17:19:27,469] {dag.py:2396} INFO - Sync 1 DAGs
[2022-02-16 17:19:27,499] {logging_mixin.py:109} INFO - [2022-02-16 17:19:27,499] {dag.py:2935} INFO - Setting next_dagrun for my_dag to 2022-02-16T00:00:00+00:00
[2022-02-16 17:19:27,512] {processor.py:171} INFO - Processing /opt/airflow/dags/my_dag.py took 0.207 seconds
[2022-02-16 17:19:57,896] {processor.py:163} INFO - Started process (PID=8160) to work on /opt/airflow/dags/my_dag.py
[2022-02-16 17:19:57,898] {processor.py:642} INFO - Processing file /opt/airflow/dags/my_dag.py for tasks to queue
[2022-02-16 17:19:57,900] {logging_mixin.py:109} INFO - [2022-02-16 17:19:57,899] {dagbag.py:500} INFO - Filling up the DagBag from /opt/airflow/dags/my_dag.py
[2022-02-16 17:19:58,060] {processor.py:654} INFO - DAG(s) dict_keys(['my_dag']) retrieved from /opt/airflow/dags/my_dag.py
[2022-02-16 17:19:58,087] {logging_mixin.py:109} INFO - [2022-02-16 17:19:58,087] {dag.py:2396} INFO - Sync 1 DAGs
[2022-02-16 17:19:58,109] {logging_mixin.py:109} INFO - [2022-02-16 17:19:58,109] {dag.py:2935} INFO - Setting next_dagrun for my_dag to 2022-02-16T00:00:00+00:00
[2022-02-16 17:19:58,119] {processor.py:171} INFO - Processing /opt/airflow/dags/my_dag.py took 0.228 seconds
[2022-02-16 17:20:28,917] {processor.py:163} INFO - Started process (PID=8357) to work on /opt/airflow/dags/my_dag.py
[2022-02-16 17:20:28,919] {processor.py:642} INFO - Processing file /opt/airflow/dags/my_dag.py for tasks to queue
[2022-02-16 17:20:28,919] {logging_mixin.py:109} INFO - [2022-02-16 17:20:28,919] {dagbag.py:500} INFO - Filling up the DagBag from /opt/airflow/dags/my_dag.py
[2022-02-16 17:20:28,975] {processor.py:654} INFO - DAG(s) dict_keys(['my_dag']) retrieved from /opt/airflow/dags/my_dag.py
[2022-02-16 17:20:28,988] {logging_mixin.py:109} INFO - [2022-02-16 17:20:28,988] {dag.py:2396} INFO - Sync 1 DAGs
[2022-02-16 17:20:29,008] {logging_mixin.py:109} INFO - [2022-02-16 17:20:29,007] {dag.py:2935} INFO - Setting next_dagrun for my_dag to 2022-02-16T00:00:00+00:00
[2022-02-16 17:20:29,022] {processor.py:171} INFO - Processing /opt/airflow/dags/my_dag.py took 0.114 seconds
[2022-02-16 17:20:59,167] {processor.py:163} INFO - Started process (PID=8559) to work on /opt/airflow/dags/my_dag.py
[2022-02-16 17:20:59,169] {processor.py:642} INFO - Processing file /opt/airflow/dags/my_dag.py for tasks to queue
[2022-02-16 17:20:59,170] {logging_mixin.py:109} INFO - [2022-02-16 17:20:59,170] {dagbag.py:500} INFO - Filling up the DagBag from /opt/airflow/dags/my_dag.py
[2022-02-16 17:20:59,213] {processor.py:654} INFO - DAG(s) dict_keys(['my_dag']) retrieved from /opt/airflow/dags/my_dag.py
[2022-02-16 17:20:59,233] {logging_mixin.py:109} INFO - [2022-02-16 17:20:59,233] {dag.py:2396} INFO - Sync 1 DAGs
[2022-02-16 17:20:59,267] {logging_mixin.py:109} INFO - [2022-02-16 17:20:59,260] {dag.py:2935} INFO - Setting next_dagrun for my_dag to 2022-02-16T00:00:00+00:00
[2022-02-16 17:20:59,283] {processor.py:171} INFO - Processing /opt/airflow/dags/my_dag.py took 0.119 seconds
