[2022-02-18 14:54:13,251] {taskinstance.py:1032} INFO - Dependencies all met for <TaskInstance: demo_etl.Send_Email manual__2022-02-18T14:53:52.376131+00:00 [queued]>
[2022-02-18 14:54:13,262] {taskinstance.py:1032} INFO - Dependencies all met for <TaskInstance: demo_etl.Send_Email manual__2022-02-18T14:53:52.376131+00:00 [queued]>
[2022-02-18 14:54:13,262] {taskinstance.py:1238} INFO - 
--------------------------------------------------------------------------------
[2022-02-18 14:54:13,262] {taskinstance.py:1239} INFO - Starting attempt 1 of 1
[2022-02-18 14:54:13,262] {taskinstance.py:1240} INFO - 
--------------------------------------------------------------------------------
[2022-02-18 14:54:13,274] {taskinstance.py:1259} INFO - Executing <Task(PythonOperator): Send_Email> on 2022-02-18 14:53:52.376131+00:00
[2022-02-18 14:54:13,279] {standard_task_runner.py:52} INFO - Started process 11713 to run task
[2022-02-18 14:54:13,284] {standard_task_runner.py:76} INFO - Running: ['***', 'tasks', 'run', 'demo_etl', 'Send_Email', 'manual__2022-02-18T14:53:52.376131+00:00', '--job-id', '207', '--raw', '--subdir', 'DAGS_FOLDER/demo_etl.py', '--cfg-path', '/tmp/tmpan5e3lvp', '--error-file', '/tmp/tmptgfn1dbn']
[2022-02-18 14:54:13,284] {standard_task_runner.py:77} INFO - Job 207: Subtask Send_Email
[2022-02-18 14:54:13,350] {logging_mixin.py:109} INFO - Running <TaskInstance: demo_etl.Send_Email manual__2022-02-18T14:53:52.376131+00:00 [running]> on host f632764e66f6
[2022-02-18 14:54:13,407] {taskinstance.py:1426} INFO - Exporting the following env vars:
AIRFLOW_CTX_DAG_OWNER=***
AIRFLOW_CTX_DAG_ID=demo_etl
AIRFLOW_CTX_TASK_ID=Send_Email
AIRFLOW_CTX_EXECUTION_DATE=2022-02-18T14:53:52.376131+00:00
AIRFLOW_CTX_DAG_RUN_ID=manual__2022-02-18T14:53:52.376131+00:00
[2022-02-18 14:54:13,415] {logging_mixin.py:109} WARNING - /home/***/.local/lib/python3.7/site-packages/***/utils/context.py:152 AirflowContextDeprecationWarning: Accessing 'execution_date' from the template is deprecated and will be removed in a future version. Please use 'data_interval_start' or 'logical_date' instead.
[2022-02-18 14:54:13,416] {logging_mixin.py:109} WARNING - /home/***/.local/lib/python3.7/site-packages/***/utils/context.py:152 AirflowContextDeprecationWarning: Accessing 'next_ds' from the template is deprecated and will be removed in a future version. Please use '{{ data_interval_end | ds }}' instead.
[2022-02-18 14:54:13,417] {logging_mixin.py:109} WARNING - /home/***/.local/lib/python3.7/site-packages/***/utils/context.py:152 AirflowContextDeprecationWarning: Accessing 'next_ds_nodash' from the template is deprecated and will be removed in a future version. Please use '{{ data_interval_end | ds_nodash }}' instead.
[2022-02-18 14:54:13,418] {logging_mixin.py:109} WARNING - /home/***/.local/lib/python3.7/site-packages/***/utils/context.py:152 AirflowContextDeprecationWarning: Accessing 'next_execution_date' from the template is deprecated and will be removed in a future version. Please use 'data_interval_end' instead.
[2022-02-18 14:54:13,419] {logging_mixin.py:109} WARNING - /home/***/.local/lib/python3.7/site-packages/***/utils/context.py:152 AirflowContextDeprecationWarning: Accessing 'prev_ds' from the template is deprecated and will be removed in a future version.
[2022-02-18 14:54:13,419] {logging_mixin.py:109} WARNING - /home/***/.local/lib/python3.7/site-packages/***/utils/context.py:152 AirflowContextDeprecationWarning: Accessing 'prev_ds_nodash' from the template is deprecated and will be removed in a future version.
[2022-02-18 14:54:13,420] {logging_mixin.py:109} WARNING - /home/***/.local/lib/python3.7/site-packages/***/utils/context.py:152 AirflowContextDeprecationWarning: Accessing 'prev_execution_date' from the template is deprecated and will be removed in a future version.
[2022-02-18 14:54:13,421] {logging_mixin.py:109} WARNING - /home/***/.local/lib/python3.7/site-packages/***/utils/context.py:152 AirflowContextDeprecationWarning: Accessing 'prev_execution_date_success' from the template is deprecated and will be removed in a future version. Please use 'prev_data_interval_start_success' instead.
[2022-02-18 14:54:13,422] {logging_mixin.py:109} WARNING - /home/***/.local/lib/python3.7/site-packages/***/utils/context.py:152 AirflowContextDeprecationWarning: Accessing 'tomorrow_ds' from the template is deprecated and will be removed in a future version.
[2022-02-18 14:54:13,423] {logging_mixin.py:109} WARNING - /home/***/.local/lib/python3.7/site-packages/***/utils/context.py:152 AirflowContextDeprecationWarning: Accessing 'tomorrow_ds_nodash' from the template is deprecated and will be removed in a future version.
[2022-02-18 14:54:13,424] {logging_mixin.py:109} WARNING - /home/***/.local/lib/python3.7/site-packages/***/utils/context.py:152 AirflowContextDeprecationWarning: Accessing 'yesterday_ds' from the template is deprecated and will be removed in a future version.
[2022-02-18 14:54:13,425] {logging_mixin.py:109} WARNING - /home/***/.local/lib/python3.7/site-packages/***/utils/context.py:152 AirflowContextDeprecationWarning: Accessing 'yesterday_ds_nodash' from the template is deprecated and will be removed in a future version.
[2022-02-18 14:54:13,425] {logging_mixin.py:109} INFO - Send E-mail Done !!
[2022-02-18 14:54:13,425] {python.py:175} INFO - Done. Returned value was: None
[2022-02-18 14:54:13,437] {taskinstance.py:1277} INFO - Marking task as SUCCESS. dag_id=demo_etl, task_id=Send_Email, execution_date=20220218T145352, start_date=20220218T145413, end_date=20220218T145413
[2022-02-18 14:54:13,461] {local_task_job.py:154} INFO - Task exited with return code 0
[2022-02-18 14:54:13,492] {local_task_job.py:264} INFO - 0 downstream tasks scheduled from follow-on schedule check
