[2022-02-17 14:28:28,410] {taskinstance.py:1032} INFO - Dependencies all met for <TaskInstance: demo_etl.Transform_Data manual__2022-02-17T14:28:23.221383+00:00 [queued]>
[2022-02-17 14:28:28,420] {taskinstance.py:1032} INFO - Dependencies all met for <TaskInstance: demo_etl.Transform_Data manual__2022-02-17T14:28:23.221383+00:00 [queued]>
[2022-02-17 14:28:28,420] {taskinstance.py:1238} INFO - 
--------------------------------------------------------------------------------
[2022-02-17 14:28:28,420] {taskinstance.py:1239} INFO - Starting attempt 1 of 1
[2022-02-17 14:28:28,420] {taskinstance.py:1240} INFO - 
--------------------------------------------------------------------------------
[2022-02-17 14:28:28,431] {taskinstance.py:1259} INFO - Executing <Task(PythonOperator): Transform_Data> on 2022-02-17 14:28:23.221383+00:00
[2022-02-17 14:28:28,436] {standard_task_runner.py:52} INFO - Started process 18682 to run task
[2022-02-17 14:28:28,440] {standard_task_runner.py:76} INFO - Running: ['***', 'tasks', 'run', 'demo_etl', 'Transform_Data', 'manual__2022-02-17T14:28:23.221383+00:00', '--job-id', '60', '--raw', '--subdir', 'DAGS_FOLDER/demo_etl.py', '--cfg-path', '/tmp/tmpt9bn0na2', '--error-file', '/tmp/tmpil3vg9na']
[2022-02-17 14:28:28,441] {standard_task_runner.py:77} INFO - Job 60: Subtask Transform_Data
[2022-02-17 14:28:28,511] {logging_mixin.py:109} INFO - Running <TaskInstance: demo_etl.Transform_Data manual__2022-02-17T14:28:23.221383+00:00 [running]> on host f8b49ae6ae82
[2022-02-17 14:28:28,572] {taskinstance.py:1426} INFO - Exporting the following env vars:
AIRFLOW_CTX_DAG_OWNER=***
AIRFLOW_CTX_DAG_ID=demo_etl
AIRFLOW_CTX_TASK_ID=Transform_Data
AIRFLOW_CTX_EXECUTION_DATE=2022-02-17T14:28:23.221383+00:00
AIRFLOW_CTX_DAG_RUN_ID=manual__2022-02-17T14:28:23.221383+00:00
[2022-02-17 14:28:28,579] {logging_mixin.py:109} WARNING - /home/***/.local/lib/python3.7/site-packages/***/utils/context.py:152 AirflowContextDeprecationWarning: Accessing 'execution_date' from the template is deprecated and will be removed in a future version. Please use 'data_interval_start' or 'logical_date' instead.
[2022-02-17 14:28:28,580] {logging_mixin.py:109} WARNING - /home/***/.local/lib/python3.7/site-packages/***/utils/context.py:152 AirflowContextDeprecationWarning: Accessing 'next_ds' from the template is deprecated and will be removed in a future version. Please use '{{ data_interval_end | ds }}' instead.
[2022-02-17 14:28:28,581] {logging_mixin.py:109} WARNING - /home/***/.local/lib/python3.7/site-packages/***/utils/context.py:152 AirflowContextDeprecationWarning: Accessing 'next_ds_nodash' from the template is deprecated and will be removed in a future version. Please use '{{ data_interval_end | ds_nodash }}' instead.
[2022-02-17 14:28:28,582] {logging_mixin.py:109} WARNING - /home/***/.local/lib/python3.7/site-packages/***/utils/context.py:152 AirflowContextDeprecationWarning: Accessing 'next_execution_date' from the template is deprecated and will be removed in a future version. Please use 'data_interval_end' instead.
[2022-02-17 14:28:28,583] {logging_mixin.py:109} WARNING - /home/***/.local/lib/python3.7/site-packages/***/utils/context.py:152 AirflowContextDeprecationWarning: Accessing 'prev_ds' from the template is deprecated and will be removed in a future version.
[2022-02-17 14:28:28,584] {logging_mixin.py:109} WARNING - /home/***/.local/lib/python3.7/site-packages/***/utils/context.py:152 AirflowContextDeprecationWarning: Accessing 'prev_ds_nodash' from the template is deprecated and will be removed in a future version.
[2022-02-17 14:28:28,585] {logging_mixin.py:109} WARNING - /home/***/.local/lib/python3.7/site-packages/***/utils/context.py:152 AirflowContextDeprecationWarning: Accessing 'prev_execution_date' from the template is deprecated and will be removed in a future version.
[2022-02-17 14:28:28,586] {logging_mixin.py:109} WARNING - /home/***/.local/lib/python3.7/site-packages/***/utils/context.py:152 AirflowContextDeprecationWarning: Accessing 'prev_execution_date_success' from the template is deprecated and will be removed in a future version. Please use 'prev_data_interval_start_success' instead.
[2022-02-17 14:28:28,587] {logging_mixin.py:109} WARNING - /home/***/.local/lib/python3.7/site-packages/***/utils/context.py:152 AirflowContextDeprecationWarning: Accessing 'tomorrow_ds' from the template is deprecated and will be removed in a future version.
[2022-02-17 14:28:28,588] {logging_mixin.py:109} WARNING - /home/***/.local/lib/python3.7/site-packages/***/utils/context.py:152 AirflowContextDeprecationWarning: Accessing 'tomorrow_ds_nodash' from the template is deprecated and will be removed in a future version.
[2022-02-17 14:28:28,589] {logging_mixin.py:109} WARNING - /home/***/.local/lib/python3.7/site-packages/***/utils/context.py:152 AirflowContextDeprecationWarning: Accessing 'yesterday_ds' from the template is deprecated and will be removed in a future version.
[2022-02-17 14:28:28,590] {logging_mixin.py:109} WARNING - /home/***/.local/lib/python3.7/site-packages/***/utils/context.py:152 AirflowContextDeprecationWarning: Accessing 'yesterday_ds_nodash' from the template is deprecated and will be removed in a future version.
[2022-02-17 14:28:28,608] {logging_mixin.py:109} INFO - Transform Done !!
[2022-02-17 14:28:28,608] {python.py:175} INFO - Done. Returned value was: None
[2022-02-17 14:28:28,619] {taskinstance.py:1277} INFO - Marking task as SUCCESS. dag_id=demo_etl, task_id=Transform_Data, execution_date=20220217T142823, start_date=20220217T142828, end_date=20220217T142828
[2022-02-17 14:28:28,658] {local_task_job.py:154} INFO - Task exited with return code 0
[2022-02-17 14:28:28,698] {local_task_job.py:264} INFO - 2 downstream tasks scheduled from follow-on schedule check
