[2022-02-17 16:29:55,884] {taskinstance.py:1032} INFO - Dependencies all met for <TaskInstance: demo_etl.Extract_Data manual__2022-02-17T16:29:53.503205+00:00 [queued]>
[2022-02-17 16:29:55,895] {taskinstance.py:1032} INFO - Dependencies all met for <TaskInstance: demo_etl.Extract_Data manual__2022-02-17T16:29:53.503205+00:00 [queued]>
[2022-02-17 16:29:55,895] {taskinstance.py:1238} INFO - 
--------------------------------------------------------------------------------
[2022-02-17 16:29:55,895] {taskinstance.py:1239} INFO - Starting attempt 1 of 1
[2022-02-17 16:29:55,895] {taskinstance.py:1240} INFO - 
--------------------------------------------------------------------------------
[2022-02-17 16:29:55,906] {taskinstance.py:1259} INFO - Executing <Task(PythonOperator): Extract_Data> on 2022-02-17 16:29:53.503205+00:00
[2022-02-17 16:29:55,912] {standard_task_runner.py:52} INFO - Started process 19810 to run task
[2022-02-17 16:29:55,916] {standard_task_runner.py:76} INFO - Running: ['***', 'tasks', 'run', 'demo_etl', 'Extract_Data', 'manual__2022-02-17T16:29:53.503205+00:00', '--job-id', '162', '--raw', '--subdir', 'DAGS_FOLDER/demo_etl.py', '--cfg-path', '/tmp/tmpkhqzyy5e', '--error-file', '/tmp/tmpxp1hzo8f']
[2022-02-17 16:29:55,917] {standard_task_runner.py:77} INFO - Job 162: Subtask Extract_Data
[2022-02-17 16:29:55,983] {logging_mixin.py:109} INFO - Running <TaskInstance: demo_etl.Extract_Data manual__2022-02-17T16:29:53.503205+00:00 [running]> on host 025baa70c69a
[2022-02-17 16:29:56,061] {taskinstance.py:1426} INFO - Exporting the following env vars:
AIRFLOW_CTX_DAG_OWNER=***
AIRFLOW_CTX_DAG_ID=demo_etl
AIRFLOW_CTX_TASK_ID=Extract_Data
AIRFLOW_CTX_EXECUTION_DATE=2022-02-17T16:29:53.503205+00:00
AIRFLOW_CTX_DAG_RUN_ID=manual__2022-02-17T16:29:53.503205+00:00
[2022-02-17 16:29:56,068] {logging_mixin.py:109} WARNING - /home/***/.local/lib/python3.7/site-packages/***/utils/context.py:152 AirflowContextDeprecationWarning: Accessing 'execution_date' from the template is deprecated and will be removed in a future version. Please use 'data_interval_start' or 'logical_date' instead.
[2022-02-17 16:29:56,069] {logging_mixin.py:109} WARNING - /home/***/.local/lib/python3.7/site-packages/***/utils/context.py:152 AirflowContextDeprecationWarning: Accessing 'next_ds' from the template is deprecated and will be removed in a future version. Please use '{{ data_interval_end | ds }}' instead.
[2022-02-17 16:29:56,070] {logging_mixin.py:109} WARNING - /home/***/.local/lib/python3.7/site-packages/***/utils/context.py:152 AirflowContextDeprecationWarning: Accessing 'next_ds_nodash' from the template is deprecated and will be removed in a future version. Please use '{{ data_interval_end | ds_nodash }}' instead.
[2022-02-17 16:29:56,072] {logging_mixin.py:109} WARNING - /home/***/.local/lib/python3.7/site-packages/***/utils/context.py:152 AirflowContextDeprecationWarning: Accessing 'next_execution_date' from the template is deprecated and will be removed in a future version. Please use 'data_interval_end' instead.
[2022-02-17 16:29:56,072] {logging_mixin.py:109} WARNING - /home/***/.local/lib/python3.7/site-packages/***/utils/context.py:152 AirflowContextDeprecationWarning: Accessing 'prev_ds' from the template is deprecated and will be removed in a future version.
[2022-02-17 16:29:56,073] {logging_mixin.py:109} WARNING - /home/***/.local/lib/python3.7/site-packages/***/utils/context.py:152 AirflowContextDeprecationWarning: Accessing 'prev_ds_nodash' from the template is deprecated and will be removed in a future version.
[2022-02-17 16:29:56,074] {logging_mixin.py:109} WARNING - /home/***/.local/lib/python3.7/site-packages/***/utils/context.py:152 AirflowContextDeprecationWarning: Accessing 'prev_execution_date' from the template is deprecated and will be removed in a future version.
[2022-02-17 16:29:56,075] {logging_mixin.py:109} WARNING - /home/***/.local/lib/python3.7/site-packages/***/utils/context.py:152 AirflowContextDeprecationWarning: Accessing 'prev_execution_date_success' from the template is deprecated and will be removed in a future version. Please use 'prev_data_interval_start_success' instead.
[2022-02-17 16:29:56,076] {logging_mixin.py:109} WARNING - /home/***/.local/lib/python3.7/site-packages/***/utils/context.py:152 AirflowContextDeprecationWarning: Accessing 'tomorrow_ds' from the template is deprecated and will be removed in a future version.
[2022-02-17 16:29:56,077] {logging_mixin.py:109} WARNING - /home/***/.local/lib/python3.7/site-packages/***/utils/context.py:152 AirflowContextDeprecationWarning: Accessing 'tomorrow_ds_nodash' from the template is deprecated and will be removed in a future version.
[2022-02-17 16:29:56,077] {logging_mixin.py:109} WARNING - /home/***/.local/lib/python3.7/site-packages/***/utils/context.py:152 AirflowContextDeprecationWarning: Accessing 'yesterday_ds' from the template is deprecated and will be removed in a future version.
[2022-02-17 16:29:56,078] {logging_mixin.py:109} WARNING - /home/***/.local/lib/python3.7/site-packages/***/utils/context.py:152 AirflowContextDeprecationWarning: Accessing 'yesterday_ds_nodash' from the template is deprecated and will be removed in a future version.
[2022-02-17 16:29:56,445] {logging_mixin.py:109} INFO - Extract Done !!
[2022-02-17 16:29:56,446] {python.py:175} INFO - Done. Returned value was: None
[2022-02-17 16:29:56,460] {taskinstance.py:1277} INFO - Marking task as SUCCESS. dag_id=demo_etl, task_id=Extract_Data, execution_date=20220217T162953, start_date=20220217T162955, end_date=20220217T162956
[2022-02-17 16:29:56,501] {local_task_job.py:154} INFO - Task exited with return code 0
[2022-02-17 16:29:56,561] {local_task_job.py:264} INFO - 1 downstream tasks scheduled from follow-on schedule check
