[2022-02-17 13:46:10,947] {taskinstance.py:1032} INFO - Dependencies all met for <TaskInstance: my_dag.task_a scheduled__2022-02-16T00:00:00+00:00 [queued]>
[2022-02-17 13:46:11,015] {taskinstance.py:1032} INFO - Dependencies all met for <TaskInstance: my_dag.task_a scheduled__2022-02-16T00:00:00+00:00 [queued]>
[2022-02-17 13:46:11,015] {taskinstance.py:1238} INFO - 
--------------------------------------------------------------------------------
[2022-02-17 13:46:11,015] {taskinstance.py:1239} INFO - Starting attempt 1 of 1
[2022-02-17 13:46:11,015] {taskinstance.py:1240} INFO - 
--------------------------------------------------------------------------------
[2022-02-17 13:46:11,116] {taskinstance.py:1259} INFO - Executing <Task(BashOperator): task_a> on 2022-02-16 00:00:00+00:00
[2022-02-17 13:46:11,140] {standard_task_runner.py:52} INFO - Started process 2459 to run task
[2022-02-17 13:46:11,157] {standard_task_runner.py:76} INFO - Running: ['***', 'tasks', 'run', 'my_dag', 'task_a', 'scheduled__2022-02-16T00:00:00+00:00', '--job-id', '33', '--raw', '--subdir', 'DAGS_FOLDER/my_dag.py', '--cfg-path', '/tmp/tmp3bqb43te', '--error-file', '/tmp/tmpgtb4qbgo']
[2022-02-17 13:46:11,174] {standard_task_runner.py:77} INFO - Job 33: Subtask task_a
[2022-02-17 13:46:11,482] {logging_mixin.py:109} INFO - Running <TaskInstance: my_dag.task_a scheduled__2022-02-16T00:00:00+00:00 [running]> on host f8b49ae6ae82
[2022-02-17 13:46:12,000] {taskinstance.py:1426} INFO - Exporting the following env vars:
AIRFLOW_CTX_DAG_OWNER=***
AIRFLOW_CTX_DAG_ID=my_dag
AIRFLOW_CTX_TASK_ID=task_a
AIRFLOW_CTX_EXECUTION_DATE=2022-02-16T00:00:00+00:00
AIRFLOW_CTX_DAG_RUN_ID=scheduled__2022-02-16T00:00:00+00:00
[2022-02-17 13:46:12,013] {subprocess.py:62} INFO - Tmp dir root location: 
 /tmp
[2022-02-17 13:46:12,033] {subprocess.py:74} INFO - Running command: ['bash', '-c', 'pwd']
[2022-02-17 13:46:12,202] {subprocess.py:85} INFO - Output:
[2022-02-17 13:46:12,226] {subprocess.py:89} INFO - /tmp/***tmp4tga_hbh
[2022-02-17 13:46:12,226] {subprocess.py:93} INFO - Command exited with return code 0
[2022-02-17 13:46:12,301] {taskinstance.py:1277} INFO - Marking task as SUCCESS. dag_id=my_dag, task_id=task_a, execution_date=20220216T000000, start_date=20220217T134610, end_date=20220217T134612
[2022-02-17 13:46:12,387] {local_task_job.py:154} INFO - Task exited with return code 0
[2022-02-17 13:46:12,471] {local_task_job.py:264} INFO - 0 downstream tasks scheduled from follow-on schedule check
