[2022-02-16 16:58:59,038] {processor.py:163} INFO - Started process (PID=365) to work on /home/airflow/.local/lib/python3.7/site-packages/airflow/example_dags/example_bash_operator.py
[2022-02-16 16:58:59,047] {processor.py:642} INFO - Processing file /home/airflow/.local/lib/python3.7/site-packages/airflow/example_dags/example_bash_operator.py for tasks to queue
[2022-02-16 16:58:59,048] {logging_mixin.py:109} INFO - [2022-02-16 16:58:59,048] {dagbag.py:500} INFO - Filling up the DagBag from /home/airflow/.local/lib/python3.7/site-packages/airflow/example_dags/example_bash_operator.py
[2022-02-16 16:58:59,113] {processor.py:654} INFO - DAG(s) dict_keys(['example_bash_operator']) retrieved from /home/airflow/.local/lib/python3.7/site-packages/airflow/example_dags/example_bash_operator.py
[2022-02-16 16:59:01,602] {logging_mixin.py:109} INFO - [2022-02-16 16:59:01,601] {manager.py:496} INFO - Created Permission View: can read on DAG:example_bash_operator
[2022-02-16 16:59:01,609] {logging_mixin.py:109} INFO - [2022-02-16 16:59:01,609] {manager.py:496} INFO - Created Permission View: can edit on DAG:example_bash_operator
[2022-02-16 16:59:01,609] {logging_mixin.py:109} INFO - [2022-02-16 16:59:01,609] {dag.py:2396} INFO - Sync 1 DAGs
[2022-02-16 16:59:01,616] {logging_mixin.py:109} INFO - [2022-02-16 16:59:01,616] {dag.py:2415} INFO - Creating ORM DAG for example_bash_operator
[2022-02-16 16:59:01,626] {logging_mixin.py:109} INFO - [2022-02-16 16:59:01,626] {dag.py:2935} INFO - Setting next_dagrun for example_bash_operator to 2022-02-15 00:00:00+00:00
[2022-02-16 16:59:01,637] {processor.py:171} INFO - Processing /home/airflow/.local/lib/python3.7/site-packages/airflow/example_dags/example_bash_operator.py took 2.603 seconds
[2022-02-16 16:59:32,590] {processor.py:163} INFO - Started process (PID=566) to work on /home/airflow/.local/lib/python3.7/site-packages/airflow/example_dags/example_bash_operator.py
[2022-02-16 16:59:32,591] {processor.py:642} INFO - Processing file /home/airflow/.local/lib/python3.7/site-packages/airflow/example_dags/example_bash_operator.py for tasks to queue
[2022-02-16 16:59:32,592] {logging_mixin.py:109} INFO - [2022-02-16 16:59:32,592] {dagbag.py:500} INFO - Filling up the DagBag from /home/airflow/.local/lib/python3.7/site-packages/airflow/example_dags/example_bash_operator.py
[2022-02-16 16:59:32,630] {processor.py:654} INFO - DAG(s) dict_keys(['example_bash_operator']) retrieved from /home/airflow/.local/lib/python3.7/site-packages/airflow/example_dags/example_bash_operator.py
[2022-02-16 16:59:32,642] {logging_mixin.py:109} INFO - [2022-02-16 16:59:32,642] {dag.py:2396} INFO - Sync 1 DAGs
[2022-02-16 16:59:32,661] {logging_mixin.py:109} INFO - [2022-02-16 16:59:32,661] {dag.py:2935} INFO - Setting next_dagrun for example_bash_operator to 2022-02-15 00:00:00+00:00
[2022-02-16 16:59:32,671] {processor.py:171} INFO - Processing /home/airflow/.local/lib/python3.7/site-packages/airflow/example_dags/example_bash_operator.py took 0.086 seconds
[2022-02-16 17:00:03,423] {processor.py:163} INFO - Started process (PID=746) to work on /home/airflow/.local/lib/python3.7/site-packages/airflow/example_dags/example_bash_operator.py
[2022-02-16 17:00:03,424] {processor.py:642} INFO - Processing file /home/airflow/.local/lib/python3.7/site-packages/airflow/example_dags/example_bash_operator.py for tasks to queue
[2022-02-16 17:00:03,425] {logging_mixin.py:109} INFO - [2022-02-16 17:00:03,425] {dagbag.py:500} INFO - Filling up the DagBag from /home/airflow/.local/lib/python3.7/site-packages/airflow/example_dags/example_bash_operator.py
[2022-02-16 17:00:03,466] {processor.py:654} INFO - DAG(s) dict_keys(['example_bash_operator']) retrieved from /home/airflow/.local/lib/python3.7/site-packages/airflow/example_dags/example_bash_operator.py
[2022-02-16 17:00:03,490] {logging_mixin.py:109} INFO - [2022-02-16 17:00:03,490] {dag.py:2396} INFO - Sync 1 DAGs
[2022-02-16 17:00:03,512] {logging_mixin.py:109} INFO - [2022-02-16 17:00:03,512] {dag.py:2935} INFO - Setting next_dagrun for example_bash_operator to 2022-02-15 00:00:00+00:00
[2022-02-16 17:00:03,523] {processor.py:171} INFO - Processing /home/airflow/.local/lib/python3.7/site-packages/airflow/example_dags/example_bash_operator.py took 0.105 seconds
[2022-02-16 17:00:33,638] {processor.py:163} INFO - Started process (PID=928) to work on /home/airflow/.local/lib/python3.7/site-packages/airflow/example_dags/example_bash_operator.py
[2022-02-16 17:00:33,644] {processor.py:642} INFO - Processing file /home/airflow/.local/lib/python3.7/site-packages/airflow/example_dags/example_bash_operator.py for tasks to queue
[2022-02-16 17:00:33,644] {logging_mixin.py:109} INFO - [2022-02-16 17:00:33,644] {dagbag.py:500} INFO - Filling up the DagBag from /home/airflow/.local/lib/python3.7/site-packages/airflow/example_dags/example_bash_operator.py
[2022-02-16 17:00:33,695] {processor.py:654} INFO - DAG(s) dict_keys(['example_bash_operator']) retrieved from /home/airflow/.local/lib/python3.7/site-packages/airflow/example_dags/example_bash_operator.py
[2022-02-16 17:00:33,709] {logging_mixin.py:109} INFO - [2022-02-16 17:00:33,709] {dag.py:2396} INFO - Sync 1 DAGs
[2022-02-16 17:00:33,734] {logging_mixin.py:109} INFO - [2022-02-16 17:00:33,734] {dag.py:2935} INFO - Setting next_dagrun for example_bash_operator to 2022-02-15 00:00:00+00:00
[2022-02-16 17:00:33,746] {processor.py:171} INFO - Processing /home/airflow/.local/lib/python3.7/site-packages/airflow/example_dags/example_bash_operator.py took 0.117 seconds
[2022-02-16 17:01:03,962] {processor.py:163} INFO - Started process (PID=1107) to work on /home/airflow/.local/lib/python3.7/site-packages/airflow/example_dags/example_bash_operator.py
[2022-02-16 17:01:03,963] {processor.py:642} INFO - Processing file /home/airflow/.local/lib/python3.7/site-packages/airflow/example_dags/example_bash_operator.py for tasks to queue
[2022-02-16 17:01:03,964] {logging_mixin.py:109} INFO - [2022-02-16 17:01:03,964] {dagbag.py:500} INFO - Filling up the DagBag from /home/airflow/.local/lib/python3.7/site-packages/airflow/example_dags/example_bash_operator.py
[2022-02-16 17:01:03,997] {processor.py:654} INFO - DAG(s) dict_keys(['example_bash_operator']) retrieved from /home/airflow/.local/lib/python3.7/site-packages/airflow/example_dags/example_bash_operator.py
[2022-02-16 17:01:04,010] {logging_mixin.py:109} INFO - [2022-02-16 17:01:04,009] {dag.py:2396} INFO - Sync 1 DAGs
[2022-02-16 17:01:04,028] {logging_mixin.py:109} INFO - [2022-02-16 17:01:04,028] {dag.py:2935} INFO - Setting next_dagrun for example_bash_operator to 2022-02-15 00:00:00+00:00
[2022-02-16 17:01:04,040] {processor.py:171} INFO - Processing /home/airflow/.local/lib/python3.7/site-packages/airflow/example_dags/example_bash_operator.py took 0.082 seconds
[2022-02-16 17:01:34,328] {processor.py:163} INFO - Started process (PID=1287) to work on /home/airflow/.local/lib/python3.7/site-packages/airflow/example_dags/example_bash_operator.py
[2022-02-16 17:01:34,329] {processor.py:642} INFO - Processing file /home/airflow/.local/lib/python3.7/site-packages/airflow/example_dags/example_bash_operator.py for tasks to queue
[2022-02-16 17:01:34,330] {logging_mixin.py:109} INFO - [2022-02-16 17:01:34,330] {dagbag.py:500} INFO - Filling up the DagBag from /home/airflow/.local/lib/python3.7/site-packages/airflow/example_dags/example_bash_operator.py
[2022-02-16 17:01:34,366] {processor.py:654} INFO - DAG(s) dict_keys(['example_bash_operator']) retrieved from /home/airflow/.local/lib/python3.7/site-packages/airflow/example_dags/example_bash_operator.py
[2022-02-16 17:01:34,377] {logging_mixin.py:109} INFO - [2022-02-16 17:01:34,377] {dag.py:2396} INFO - Sync 1 DAGs
[2022-02-16 17:01:34,396] {logging_mixin.py:109} INFO - [2022-02-16 17:01:34,396] {dag.py:2935} INFO - Setting next_dagrun for example_bash_operator to 2022-02-15 00:00:00+00:00
[2022-02-16 17:01:34,408] {processor.py:171} INFO - Processing /home/airflow/.local/lib/python3.7/site-packages/airflow/example_dags/example_bash_operator.py took 0.085 seconds
[2022-02-16 17:02:05,096] {processor.py:163} INFO - Started process (PID=1473) to work on /home/airflow/.local/lib/python3.7/site-packages/airflow/example_dags/example_bash_operator.py
[2022-02-16 17:02:05,103] {processor.py:642} INFO - Processing file /home/airflow/.local/lib/python3.7/site-packages/airflow/example_dags/example_bash_operator.py for tasks to queue
[2022-02-16 17:02:05,103] {logging_mixin.py:109} INFO - [2022-02-16 17:02:05,103] {dagbag.py:500} INFO - Filling up the DagBag from /home/airflow/.local/lib/python3.7/site-packages/airflow/example_dags/example_bash_operator.py
[2022-02-16 17:02:05,271] {processor.py:654} INFO - DAG(s) dict_keys(['example_bash_operator']) retrieved from /home/airflow/.local/lib/python3.7/site-packages/airflow/example_dags/example_bash_operator.py
[2022-02-16 17:02:05,340] {logging_mixin.py:109} INFO - [2022-02-16 17:02:05,340] {dag.py:2396} INFO - Sync 1 DAGs
[2022-02-16 17:02:05,393] {logging_mixin.py:109} INFO - [2022-02-16 17:02:05,393] {dag.py:2935} INFO - Setting next_dagrun for example_bash_operator to 2022-02-15 00:00:00+00:00
[2022-02-16 17:02:05,417] {processor.py:171} INFO - Processing /home/airflow/.local/lib/python3.7/site-packages/airflow/example_dags/example_bash_operator.py took 0.330 seconds
[2022-02-16 17:02:35,493] {processor.py:163} INFO - Started process (PID=1653) to work on /home/airflow/.local/lib/python3.7/site-packages/airflow/example_dags/example_bash_operator.py
[2022-02-16 17:02:35,494] {processor.py:642} INFO - Processing file /home/airflow/.local/lib/python3.7/site-packages/airflow/example_dags/example_bash_operator.py for tasks to queue
[2022-02-16 17:02:35,495] {logging_mixin.py:109} INFO - [2022-02-16 17:02:35,495] {dagbag.py:500} INFO - Filling up the DagBag from /home/airflow/.local/lib/python3.7/site-packages/airflow/example_dags/example_bash_operator.py
[2022-02-16 17:02:35,531] {processor.py:654} INFO - DAG(s) dict_keys(['example_bash_operator']) retrieved from /home/airflow/.local/lib/python3.7/site-packages/airflow/example_dags/example_bash_operator.py
[2022-02-16 17:02:35,543] {logging_mixin.py:109} INFO - [2022-02-16 17:02:35,542] {dag.py:2396} INFO - Sync 1 DAGs
[2022-02-16 17:02:35,562] {logging_mixin.py:109} INFO - [2022-02-16 17:02:35,562] {dag.py:2935} INFO - Setting next_dagrun for example_bash_operator to 2022-02-15 00:00:00+00:00
[2022-02-16 17:02:35,574] {processor.py:171} INFO - Processing /home/airflow/.local/lib/python3.7/site-packages/airflow/example_dags/example_bash_operator.py took 0.085 seconds
[2022-02-16 17:03:05,724] {processor.py:163} INFO - Started process (PID=1831) to work on /home/airflow/.local/lib/python3.7/site-packages/airflow/example_dags/example_bash_operator.py
[2022-02-16 17:03:05,726] {processor.py:642} INFO - Processing file /home/airflow/.local/lib/python3.7/site-packages/airflow/example_dags/example_bash_operator.py for tasks to queue
[2022-02-16 17:03:05,727] {logging_mixin.py:109} INFO - [2022-02-16 17:03:05,727] {dagbag.py:500} INFO - Filling up the DagBag from /home/airflow/.local/lib/python3.7/site-packages/airflow/example_dags/example_bash_operator.py
[2022-02-16 17:03:05,769] {processor.py:654} INFO - DAG(s) dict_keys(['example_bash_operator']) retrieved from /home/airflow/.local/lib/python3.7/site-packages/airflow/example_dags/example_bash_operator.py
[2022-02-16 17:03:05,783] {logging_mixin.py:109} INFO - [2022-02-16 17:03:05,783] {dag.py:2396} INFO - Sync 1 DAGs
[2022-02-16 17:03:05,804] {logging_mixin.py:109} INFO - [2022-02-16 17:03:05,804] {dag.py:2935} INFO - Setting next_dagrun for example_bash_operator to 2022-02-15 00:00:00+00:00
[2022-02-16 17:03:05,817] {processor.py:171} INFO - Processing /home/airflow/.local/lib/python3.7/site-packages/airflow/example_dags/example_bash_operator.py took 0.099 seconds
[2022-02-16 17:03:35,924] {processor.py:163} INFO - Started process (PID=2016) to work on /home/airflow/.local/lib/python3.7/site-packages/airflow/example_dags/example_bash_operator.py
[2022-02-16 17:03:35,925] {processor.py:642} INFO - Processing file /home/airflow/.local/lib/python3.7/site-packages/airflow/example_dags/example_bash_operator.py for tasks to queue
[2022-02-16 17:03:35,925] {logging_mixin.py:109} INFO - [2022-02-16 17:03:35,925] {dagbag.py:500} INFO - Filling up the DagBag from /home/airflow/.local/lib/python3.7/site-packages/airflow/example_dags/example_bash_operator.py
[2022-02-16 17:03:35,978] {processor.py:654} INFO - DAG(s) dict_keys(['example_bash_operator']) retrieved from /home/airflow/.local/lib/python3.7/site-packages/airflow/example_dags/example_bash_operator.py
[2022-02-16 17:03:35,993] {logging_mixin.py:109} INFO - [2022-02-16 17:03:35,992] {dag.py:2396} INFO - Sync 1 DAGs
[2022-02-16 17:03:36,016] {logging_mixin.py:109} INFO - [2022-02-16 17:03:36,016] {dag.py:2935} INFO - Setting next_dagrun for example_bash_operator to 2022-02-15 00:00:00+00:00
[2022-02-16 17:03:36,026] {processor.py:171} INFO - Processing /home/airflow/.local/lib/python3.7/site-packages/airflow/example_dags/example_bash_operator.py took 0.107 seconds
[2022-02-16 17:04:06,166] {processor.py:163} INFO - Started process (PID=2212) to work on /home/airflow/.local/lib/python3.7/site-packages/airflow/example_dags/example_bash_operator.py
[2022-02-16 17:04:06,187] {processor.py:642} INFO - Processing file /home/airflow/.local/lib/python3.7/site-packages/airflow/example_dags/example_bash_operator.py for tasks to queue
[2022-02-16 17:04:06,188] {logging_mixin.py:109} INFO - [2022-02-16 17:04:06,188] {dagbag.py:500} INFO - Filling up the DagBag from /home/airflow/.local/lib/python3.7/site-packages/airflow/example_dags/example_bash_operator.py
[2022-02-16 17:04:06,317] {processor.py:654} INFO - DAG(s) dict_keys(['example_bash_operator']) retrieved from /home/airflow/.local/lib/python3.7/site-packages/airflow/example_dags/example_bash_operator.py
[2022-02-16 17:04:06,335] {logging_mixin.py:109} INFO - [2022-02-16 17:04:06,335] {dag.py:2396} INFO - Sync 1 DAGs
[2022-02-16 17:04:06,353] {logging_mixin.py:109} INFO - [2022-02-16 17:04:06,353] {dag.py:2935} INFO - Setting next_dagrun for example_bash_operator to 2022-02-15 00:00:00+00:00
[2022-02-16 17:04:06,362] {processor.py:171} INFO - Processing /home/airflow/.local/lib/python3.7/site-packages/airflow/example_dags/example_bash_operator.py took 0.201 seconds
[2022-02-16 17:04:36,593] {processor.py:163} INFO - Started process (PID=2405) to work on /home/airflow/.local/lib/python3.7/site-packages/airflow/example_dags/example_bash_operator.py
[2022-02-16 17:04:36,595] {processor.py:642} INFO - Processing file /home/airflow/.local/lib/python3.7/site-packages/airflow/example_dags/example_bash_operator.py for tasks to queue
[2022-02-16 17:04:36,596] {logging_mixin.py:109} INFO - [2022-02-16 17:04:36,595] {dagbag.py:500} INFO - Filling up the DagBag from /home/airflow/.local/lib/python3.7/site-packages/airflow/example_dags/example_bash_operator.py
[2022-02-16 17:04:36,631] {processor.py:654} INFO - DAG(s) dict_keys(['example_bash_operator']) retrieved from /home/airflow/.local/lib/python3.7/site-packages/airflow/example_dags/example_bash_operator.py
[2022-02-16 17:04:36,666] {logging_mixin.py:109} INFO - [2022-02-16 17:04:36,666] {dag.py:2396} INFO - Sync 1 DAGs
[2022-02-16 17:04:36,711] {logging_mixin.py:109} INFO - [2022-02-16 17:04:36,711] {dag.py:2935} INFO - Setting next_dagrun for example_bash_operator to 2022-02-15 00:00:00+00:00
[2022-02-16 17:04:36,747] {processor.py:171} INFO - Processing /home/airflow/.local/lib/python3.7/site-packages/airflow/example_dags/example_bash_operator.py took 0.158 seconds
[2022-02-16 17:05:06,799] {processor.py:163} INFO - Started process (PID=2587) to work on /home/airflow/.local/lib/python3.7/site-packages/airflow/example_dags/example_bash_operator.py
[2022-02-16 17:05:06,801] {processor.py:642} INFO - Processing file /home/airflow/.local/lib/python3.7/site-packages/airflow/example_dags/example_bash_operator.py for tasks to queue
[2022-02-16 17:05:06,802] {logging_mixin.py:109} INFO - [2022-02-16 17:05:06,802] {dagbag.py:500} INFO - Filling up the DagBag from /home/airflow/.local/lib/python3.7/site-packages/airflow/example_dags/example_bash_operator.py
[2022-02-16 17:05:06,852] {processor.py:654} INFO - DAG(s) dict_keys(['example_bash_operator']) retrieved from /home/airflow/.local/lib/python3.7/site-packages/airflow/example_dags/example_bash_operator.py
[2022-02-16 17:05:06,867] {logging_mixin.py:109} INFO - [2022-02-16 17:05:06,867] {dag.py:2396} INFO - Sync 1 DAGs
[2022-02-16 17:05:06,895] {logging_mixin.py:109} INFO - [2022-02-16 17:05:06,895] {dag.py:2935} INFO - Setting next_dagrun for example_bash_operator to 2022-02-15 00:00:00+00:00
[2022-02-16 17:05:06,911] {processor.py:171} INFO - Processing /home/airflow/.local/lib/python3.7/site-packages/airflow/example_dags/example_bash_operator.py took 0.116 seconds
[2022-02-16 17:05:37,012] {processor.py:163} INFO - Started process (PID=2770) to work on /home/airflow/.local/lib/python3.7/site-packages/airflow/example_dags/example_bash_operator.py
[2022-02-16 17:05:37,014] {processor.py:642} INFO - Processing file /home/airflow/.local/lib/python3.7/site-packages/airflow/example_dags/example_bash_operator.py for tasks to queue
[2022-02-16 17:05:37,015] {logging_mixin.py:109} INFO - [2022-02-16 17:05:37,015] {dagbag.py:500} INFO - Filling up the DagBag from /home/airflow/.local/lib/python3.7/site-packages/airflow/example_dags/example_bash_operator.py
[2022-02-16 17:05:37,107] {processor.py:654} INFO - DAG(s) dict_keys(['example_bash_operator']) retrieved from /home/airflow/.local/lib/python3.7/site-packages/airflow/example_dags/example_bash_operator.py
[2022-02-16 17:05:37,144] {logging_mixin.py:109} INFO - [2022-02-16 17:05:37,144] {dag.py:2396} INFO - Sync 1 DAGs
[2022-02-16 17:05:37,176] {logging_mixin.py:109} INFO - [2022-02-16 17:05:37,176] {dag.py:2935} INFO - Setting next_dagrun for example_bash_operator to 2022-02-15 00:00:00+00:00
[2022-02-16 17:05:37,198] {processor.py:171} INFO - Processing /home/airflow/.local/lib/python3.7/site-packages/airflow/example_dags/example_bash_operator.py took 0.190 seconds
[2022-02-16 17:06:07,282] {processor.py:163} INFO - Started process (PID=2954) to work on /home/airflow/.local/lib/python3.7/site-packages/airflow/example_dags/example_bash_operator.py
[2022-02-16 17:06:07,284] {processor.py:642} INFO - Processing file /home/airflow/.local/lib/python3.7/site-packages/airflow/example_dags/example_bash_operator.py for tasks to queue
[2022-02-16 17:06:07,284] {logging_mixin.py:109} INFO - [2022-02-16 17:06:07,284] {dagbag.py:500} INFO - Filling up the DagBag from /home/airflow/.local/lib/python3.7/site-packages/airflow/example_dags/example_bash_operator.py
[2022-02-16 17:06:07,320] {processor.py:654} INFO - DAG(s) dict_keys(['example_bash_operator']) retrieved from /home/airflow/.local/lib/python3.7/site-packages/airflow/example_dags/example_bash_operator.py
[2022-02-16 17:06:07,331] {logging_mixin.py:109} INFO - [2022-02-16 17:06:07,331] {dag.py:2396} INFO - Sync 1 DAGs
[2022-02-16 17:06:07,350] {logging_mixin.py:109} INFO - [2022-02-16 17:06:07,350] {dag.py:2935} INFO - Setting next_dagrun for example_bash_operator to 2022-02-15 00:00:00+00:00
[2022-02-16 17:06:07,359] {processor.py:171} INFO - Processing /home/airflow/.local/lib/python3.7/site-packages/airflow/example_dags/example_bash_operator.py took 0.082 seconds
[2022-02-16 17:06:37,836] {processor.py:163} INFO - Started process (PID=3148) to work on /home/airflow/.local/lib/python3.7/site-packages/airflow/example_dags/example_bash_operator.py
[2022-02-16 17:06:37,837] {processor.py:642} INFO - Processing file /home/airflow/.local/lib/python3.7/site-packages/airflow/example_dags/example_bash_operator.py for tasks to queue
[2022-02-16 17:06:37,838] {logging_mixin.py:109} INFO - [2022-02-16 17:06:37,838] {dagbag.py:500} INFO - Filling up the DagBag from /home/airflow/.local/lib/python3.7/site-packages/airflow/example_dags/example_bash_operator.py
[2022-02-16 17:06:37,939] {processor.py:654} INFO - DAG(s) dict_keys(['example_bash_operator']) retrieved from /home/airflow/.local/lib/python3.7/site-packages/airflow/example_dags/example_bash_operator.py
[2022-02-16 17:06:37,967] {logging_mixin.py:109} INFO - [2022-02-16 17:06:37,967] {dag.py:2396} INFO - Sync 1 DAGs
[2022-02-16 17:06:37,996] {logging_mixin.py:109} INFO - [2022-02-16 17:06:37,996] {dag.py:2935} INFO - Setting next_dagrun for example_bash_operator to 2022-02-15 00:00:00+00:00
[2022-02-16 17:06:38,010] {processor.py:171} INFO - Processing /home/airflow/.local/lib/python3.7/site-packages/airflow/example_dags/example_bash_operator.py took 0.177 seconds
[2022-02-16 17:07:08,535] {processor.py:163} INFO - Started process (PID=3332) to work on /home/airflow/.local/lib/python3.7/site-packages/airflow/example_dags/example_bash_operator.py
[2022-02-16 17:07:08,537] {processor.py:642} INFO - Processing file /home/airflow/.local/lib/python3.7/site-packages/airflow/example_dags/example_bash_operator.py for tasks to queue
[2022-02-16 17:07:08,538] {logging_mixin.py:109} INFO - [2022-02-16 17:07:08,538] {dagbag.py:500} INFO - Filling up the DagBag from /home/airflow/.local/lib/python3.7/site-packages/airflow/example_dags/example_bash_operator.py
[2022-02-16 17:07:08,588] {processor.py:654} INFO - DAG(s) dict_keys(['example_bash_operator']) retrieved from /home/airflow/.local/lib/python3.7/site-packages/airflow/example_dags/example_bash_operator.py
[2022-02-16 17:07:08,620] {logging_mixin.py:109} INFO - [2022-02-16 17:07:08,620] {dag.py:2396} INFO - Sync 1 DAGs
[2022-02-16 17:07:08,647] {logging_mixin.py:109} INFO - [2022-02-16 17:07:08,647] {dag.py:2935} INFO - Setting next_dagrun for example_bash_operator to 2022-02-15 00:00:00+00:00
[2022-02-16 17:07:08,657] {processor.py:171} INFO - Processing /home/airflow/.local/lib/python3.7/site-packages/airflow/example_dags/example_bash_operator.py took 0.127 seconds
[2022-02-16 17:07:38,877] {processor.py:163} INFO - Started process (PID=3516) to work on /home/airflow/.local/lib/python3.7/site-packages/airflow/example_dags/example_bash_operator.py
[2022-02-16 17:07:38,879] {processor.py:642} INFO - Processing file /home/airflow/.local/lib/python3.7/site-packages/airflow/example_dags/example_bash_operator.py for tasks to queue
[2022-02-16 17:07:38,880] {logging_mixin.py:109} INFO - [2022-02-16 17:07:38,880] {dagbag.py:500} INFO - Filling up the DagBag from /home/airflow/.local/lib/python3.7/site-packages/airflow/example_dags/example_bash_operator.py
[2022-02-16 17:07:38,953] {processor.py:654} INFO - DAG(s) dict_keys(['example_bash_operator']) retrieved from /home/airflow/.local/lib/python3.7/site-packages/airflow/example_dags/example_bash_operator.py
[2022-02-16 17:07:38,976] {logging_mixin.py:109} INFO - [2022-02-16 17:07:38,975] {dag.py:2396} INFO - Sync 1 DAGs
[2022-02-16 17:07:39,009] {logging_mixin.py:109} INFO - [2022-02-16 17:07:39,008] {dag.py:2935} INFO - Setting next_dagrun for example_bash_operator to 2022-02-15 00:00:00+00:00
[2022-02-16 17:07:39,031] {processor.py:171} INFO - Processing /home/airflow/.local/lib/python3.7/site-packages/airflow/example_dags/example_bash_operator.py took 0.158 seconds
[2022-02-16 17:08:09,541] {processor.py:163} INFO - Started process (PID=3708) to work on /home/airflow/.local/lib/python3.7/site-packages/airflow/example_dags/example_bash_operator.py
[2022-02-16 17:08:09,550] {processor.py:642} INFO - Processing file /home/airflow/.local/lib/python3.7/site-packages/airflow/example_dags/example_bash_operator.py for tasks to queue
[2022-02-16 17:08:09,551] {logging_mixin.py:109} INFO - [2022-02-16 17:08:09,551] {dagbag.py:500} INFO - Filling up the DagBag from /home/airflow/.local/lib/python3.7/site-packages/airflow/example_dags/example_bash_operator.py
[2022-02-16 17:08:09,694] {processor.py:654} INFO - DAG(s) dict_keys(['example_bash_operator']) retrieved from /home/airflow/.local/lib/python3.7/site-packages/airflow/example_dags/example_bash_operator.py
[2022-02-16 17:08:09,732] {logging_mixin.py:109} INFO - [2022-02-16 17:08:09,731] {dag.py:2396} INFO - Sync 1 DAGs
[2022-02-16 17:08:09,825] {logging_mixin.py:109} INFO - [2022-02-16 17:08:09,824] {dag.py:2935} INFO - Setting next_dagrun for example_bash_operator to 2022-02-15 00:00:00+00:00
[2022-02-16 17:08:09,859] {processor.py:171} INFO - Processing /home/airflow/.local/lib/python3.7/site-packages/airflow/example_dags/example_bash_operator.py took 0.330 seconds
[2022-02-16 17:08:40,475] {processor.py:163} INFO - Started process (PID=3893) to work on /home/airflow/.local/lib/python3.7/site-packages/airflow/example_dags/example_bash_operator.py
[2022-02-16 17:08:40,484] {processor.py:642} INFO - Processing file /home/airflow/.local/lib/python3.7/site-packages/airflow/example_dags/example_bash_operator.py for tasks to queue
[2022-02-16 17:08:40,486] {logging_mixin.py:109} INFO - [2022-02-16 17:08:40,486] {dagbag.py:500} INFO - Filling up the DagBag from /home/airflow/.local/lib/python3.7/site-packages/airflow/example_dags/example_bash_operator.py
[2022-02-16 17:08:40,617] {processor.py:654} INFO - DAG(s) dict_keys(['example_bash_operator']) retrieved from /home/airflow/.local/lib/python3.7/site-packages/airflow/example_dags/example_bash_operator.py
[2022-02-16 17:08:40,650] {logging_mixin.py:109} INFO - [2022-02-16 17:08:40,650] {dag.py:2396} INFO - Sync 1 DAGs
[2022-02-16 17:08:40,726] {logging_mixin.py:109} INFO - [2022-02-16 17:08:40,726] {dag.py:2935} INFO - Setting next_dagrun for example_bash_operator to 2022-02-15 00:00:00+00:00
[2022-02-16 17:08:40,770] {processor.py:171} INFO - Processing /home/airflow/.local/lib/python3.7/site-packages/airflow/example_dags/example_bash_operator.py took 0.302 seconds
[2022-02-16 17:09:10,861] {processor.py:163} INFO - Started process (PID=4080) to work on /home/airflow/.local/lib/python3.7/site-packages/airflow/example_dags/example_bash_operator.py
[2022-02-16 17:09:10,876] {processor.py:642} INFO - Processing file /home/airflow/.local/lib/python3.7/site-packages/airflow/example_dags/example_bash_operator.py for tasks to queue
[2022-02-16 17:09:10,890] {logging_mixin.py:109} INFO - [2022-02-16 17:09:10,890] {dagbag.py:500} INFO - Filling up the DagBag from /home/airflow/.local/lib/python3.7/site-packages/airflow/example_dags/example_bash_operator.py
[2022-02-16 17:09:10,987] {processor.py:654} INFO - DAG(s) dict_keys(['example_bash_operator']) retrieved from /home/airflow/.local/lib/python3.7/site-packages/airflow/example_dags/example_bash_operator.py
[2022-02-16 17:09:11,002] {logging_mixin.py:109} INFO - [2022-02-16 17:09:11,001] {dag.py:2396} INFO - Sync 1 DAGs
[2022-02-16 17:09:11,029] {logging_mixin.py:109} INFO - [2022-02-16 17:09:11,029] {dag.py:2935} INFO - Setting next_dagrun for example_bash_operator to 2022-02-15 00:00:00+00:00
[2022-02-16 17:09:11,060] {processor.py:171} INFO - Processing /home/airflow/.local/lib/python3.7/site-packages/airflow/example_dags/example_bash_operator.py took 0.216 seconds
[2022-02-16 17:09:41,380] {processor.py:163} INFO - Started process (PID=4260) to work on /home/airflow/.local/lib/python3.7/site-packages/airflow/example_dags/example_bash_operator.py
[2022-02-16 17:09:41,383] {processor.py:642} INFO - Processing file /home/airflow/.local/lib/python3.7/site-packages/airflow/example_dags/example_bash_operator.py for tasks to queue
[2022-02-16 17:09:41,384] {logging_mixin.py:109} INFO - [2022-02-16 17:09:41,384] {dagbag.py:500} INFO - Filling up the DagBag from /home/airflow/.local/lib/python3.7/site-packages/airflow/example_dags/example_bash_operator.py
[2022-02-16 17:09:41,426] {processor.py:654} INFO - DAG(s) dict_keys(['example_bash_operator']) retrieved from /home/airflow/.local/lib/python3.7/site-packages/airflow/example_dags/example_bash_operator.py
[2022-02-16 17:09:41,446] {logging_mixin.py:109} INFO - [2022-02-16 17:09:41,446] {dag.py:2396} INFO - Sync 1 DAGs
[2022-02-16 17:09:41,509] {logging_mixin.py:109} INFO - [2022-02-16 17:09:41,509] {dag.py:2935} INFO - Setting next_dagrun for example_bash_operator to 2022-02-15 00:00:00+00:00
[2022-02-16 17:09:41,529] {processor.py:171} INFO - Processing /home/airflow/.local/lib/python3.7/site-packages/airflow/example_dags/example_bash_operator.py took 0.153 seconds
[2022-02-16 17:10:11,780] {processor.py:163} INFO - Started process (PID=4446) to work on /home/airflow/.local/lib/python3.7/site-packages/airflow/example_dags/example_bash_operator.py
[2022-02-16 17:10:11,782] {processor.py:642} INFO - Processing file /home/airflow/.local/lib/python3.7/site-packages/airflow/example_dags/example_bash_operator.py for tasks to queue
[2022-02-16 17:10:11,782] {logging_mixin.py:109} INFO - [2022-02-16 17:10:11,782] {dagbag.py:500} INFO - Filling up the DagBag from /home/airflow/.local/lib/python3.7/site-packages/airflow/example_dags/example_bash_operator.py
[2022-02-16 17:10:11,816] {processor.py:654} INFO - DAG(s) dict_keys(['example_bash_operator']) retrieved from /home/airflow/.local/lib/python3.7/site-packages/airflow/example_dags/example_bash_operator.py
[2022-02-16 17:10:11,828] {logging_mixin.py:109} INFO - [2022-02-16 17:10:11,828] {dag.py:2396} INFO - Sync 1 DAGs
[2022-02-16 17:10:11,848] {logging_mixin.py:109} INFO - [2022-02-16 17:10:11,848] {dag.py:2935} INFO - Setting next_dagrun for example_bash_operator to 2022-02-15 00:00:00+00:00
[2022-02-16 17:10:11,863] {processor.py:171} INFO - Processing /home/airflow/.local/lib/python3.7/site-packages/airflow/example_dags/example_bash_operator.py took 0.086 seconds
[2022-02-16 17:10:42,383] {processor.py:163} INFO - Started process (PID=4642) to work on /home/airflow/.local/lib/python3.7/site-packages/airflow/example_dags/example_bash_operator.py
[2022-02-16 17:10:42,387] {processor.py:642} INFO - Processing file /home/airflow/.local/lib/python3.7/site-packages/airflow/example_dags/example_bash_operator.py for tasks to queue
[2022-02-16 17:10:42,387] {logging_mixin.py:109} INFO - [2022-02-16 17:10:42,387] {dagbag.py:500} INFO - Filling up the DagBag from /home/airflow/.local/lib/python3.7/site-packages/airflow/example_dags/example_bash_operator.py
[2022-02-16 17:10:42,565] {processor.py:654} INFO - DAG(s) dict_keys(['example_bash_operator']) retrieved from /home/airflow/.local/lib/python3.7/site-packages/airflow/example_dags/example_bash_operator.py
[2022-02-16 17:10:42,642] {logging_mixin.py:109} INFO - [2022-02-16 17:10:42,642] {dag.py:2396} INFO - Sync 1 DAGs
[2022-02-16 17:10:42,705] {logging_mixin.py:109} INFO - [2022-02-16 17:10:42,705] {dag.py:2935} INFO - Setting next_dagrun for example_bash_operator to 2022-02-15 00:00:00+00:00
[2022-02-16 17:10:42,723] {processor.py:171} INFO - Processing /home/airflow/.local/lib/python3.7/site-packages/airflow/example_dags/example_bash_operator.py took 0.345 seconds
[2022-02-16 17:11:12,934] {processor.py:163} INFO - Started process (PID=4826) to work on /home/airflow/.local/lib/python3.7/site-packages/airflow/example_dags/example_bash_operator.py
[2022-02-16 17:11:12,936] {processor.py:642} INFO - Processing file /home/airflow/.local/lib/python3.7/site-packages/airflow/example_dags/example_bash_operator.py for tasks to queue
[2022-02-16 17:11:12,937] {logging_mixin.py:109} INFO - [2022-02-16 17:11:12,937] {dagbag.py:500} INFO - Filling up the DagBag from /home/airflow/.local/lib/python3.7/site-packages/airflow/example_dags/example_bash_operator.py
[2022-02-16 17:11:12,994] {processor.py:654} INFO - DAG(s) dict_keys(['example_bash_operator']) retrieved from /home/airflow/.local/lib/python3.7/site-packages/airflow/example_dags/example_bash_operator.py
[2022-02-16 17:11:13,006] {logging_mixin.py:109} INFO - [2022-02-16 17:11:13,006] {dag.py:2396} INFO - Sync 1 DAGs
[2022-02-16 17:11:13,029] {logging_mixin.py:109} INFO - [2022-02-16 17:11:13,029] {dag.py:2935} INFO - Setting next_dagrun for example_bash_operator to 2022-02-15 00:00:00+00:00
[2022-02-16 17:11:13,041] {processor.py:171} INFO - Processing /home/airflow/.local/lib/python3.7/site-packages/airflow/example_dags/example_bash_operator.py took 0.112 seconds
[2022-02-16 17:11:43,932] {processor.py:163} INFO - Started process (PID=5009) to work on /home/airflow/.local/lib/python3.7/site-packages/airflow/example_dags/example_bash_operator.py
[2022-02-16 17:11:43,933] {processor.py:642} INFO - Processing file /home/airflow/.local/lib/python3.7/site-packages/airflow/example_dags/example_bash_operator.py for tasks to queue
[2022-02-16 17:11:43,934] {logging_mixin.py:109} INFO - [2022-02-16 17:11:43,934] {dagbag.py:500} INFO - Filling up the DagBag from /home/airflow/.local/lib/python3.7/site-packages/airflow/example_dags/example_bash_operator.py
[2022-02-16 17:11:43,970] {processor.py:654} INFO - DAG(s) dict_keys(['example_bash_operator']) retrieved from /home/airflow/.local/lib/python3.7/site-packages/airflow/example_dags/example_bash_operator.py
[2022-02-16 17:11:43,982] {logging_mixin.py:109} INFO - [2022-02-16 17:11:43,982] {dag.py:2396} INFO - Sync 1 DAGs
[2022-02-16 17:11:44,001] {logging_mixin.py:109} INFO - [2022-02-16 17:11:44,001] {dag.py:2935} INFO - Setting next_dagrun for example_bash_operator to 2022-02-15 00:00:00+00:00
[2022-02-16 17:11:44,011] {processor.py:171} INFO - Processing /home/airflow/.local/lib/python3.7/site-packages/airflow/example_dags/example_bash_operator.py took 0.083 seconds
[2022-02-16 17:12:14,559] {processor.py:163} INFO - Started process (PID=5201) to work on /home/airflow/.local/lib/python3.7/site-packages/airflow/example_dags/example_bash_operator.py
[2022-02-16 17:12:14,561] {processor.py:642} INFO - Processing file /home/airflow/.local/lib/python3.7/site-packages/airflow/example_dags/example_bash_operator.py for tasks to queue
[2022-02-16 17:12:14,562] {logging_mixin.py:109} INFO - [2022-02-16 17:12:14,562] {dagbag.py:500} INFO - Filling up the DagBag from /home/airflow/.local/lib/python3.7/site-packages/airflow/example_dags/example_bash_operator.py
[2022-02-16 17:12:14,598] {processor.py:654} INFO - DAG(s) dict_keys(['example_bash_operator']) retrieved from /home/airflow/.local/lib/python3.7/site-packages/airflow/example_dags/example_bash_operator.py
[2022-02-16 17:12:14,610] {logging_mixin.py:109} INFO - [2022-02-16 17:12:14,609] {dag.py:2396} INFO - Sync 1 DAGs
[2022-02-16 17:12:14,629] {logging_mixin.py:109} INFO - [2022-02-16 17:12:14,629] {dag.py:2935} INFO - Setting next_dagrun for example_bash_operator to 2022-02-15 00:00:00+00:00
[2022-02-16 17:12:14,639] {processor.py:171} INFO - Processing /home/airflow/.local/lib/python3.7/site-packages/airflow/example_dags/example_bash_operator.py took 0.083 seconds
[2022-02-16 17:12:45,277] {processor.py:163} INFO - Started process (PID=5399) to work on /home/airflow/.local/lib/python3.7/site-packages/airflow/example_dags/example_bash_operator.py
[2022-02-16 17:12:45,278] {processor.py:642} INFO - Processing file /home/airflow/.local/lib/python3.7/site-packages/airflow/example_dags/example_bash_operator.py for tasks to queue
[2022-02-16 17:12:45,279] {logging_mixin.py:109} INFO - [2022-02-16 17:12:45,278] {dagbag.py:500} INFO - Filling up the DagBag from /home/airflow/.local/lib/python3.7/site-packages/airflow/example_dags/example_bash_operator.py
[2022-02-16 17:12:45,312] {processor.py:654} INFO - DAG(s) dict_keys(['example_bash_operator']) retrieved from /home/airflow/.local/lib/python3.7/site-packages/airflow/example_dags/example_bash_operator.py
[2022-02-16 17:12:45,322] {logging_mixin.py:109} INFO - [2022-02-16 17:12:45,322] {dag.py:2396} INFO - Sync 1 DAGs
[2022-02-16 17:12:45,341] {logging_mixin.py:109} INFO - [2022-02-16 17:12:45,341] {dag.py:2935} INFO - Setting next_dagrun for example_bash_operator to 2022-02-15 00:00:00+00:00
[2022-02-16 17:12:45,350] {processor.py:171} INFO - Processing /home/airflow/.local/lib/python3.7/site-packages/airflow/example_dags/example_bash_operator.py took 0.077 seconds
[2022-02-16 17:13:16,335] {processor.py:163} INFO - Started process (PID=5597) to work on /home/airflow/.local/lib/python3.7/site-packages/airflow/example_dags/example_bash_operator.py
[2022-02-16 17:13:16,337] {processor.py:642} INFO - Processing file /home/airflow/.local/lib/python3.7/site-packages/airflow/example_dags/example_bash_operator.py for tasks to queue
[2022-02-16 17:13:16,338] {logging_mixin.py:109} INFO - [2022-02-16 17:13:16,338] {dagbag.py:500} INFO - Filling up the DagBag from /home/airflow/.local/lib/python3.7/site-packages/airflow/example_dags/example_bash_operator.py
[2022-02-16 17:13:16,375] {processor.py:654} INFO - DAG(s) dict_keys(['example_bash_operator']) retrieved from /home/airflow/.local/lib/python3.7/site-packages/airflow/example_dags/example_bash_operator.py
[2022-02-16 17:13:16,387] {logging_mixin.py:109} INFO - [2022-02-16 17:13:16,387] {dag.py:2396} INFO - Sync 1 DAGs
[2022-02-16 17:13:16,406] {logging_mixin.py:109} INFO - [2022-02-16 17:13:16,406] {dag.py:2935} INFO - Setting next_dagrun for example_bash_operator to 2022-02-15 00:00:00+00:00
[2022-02-16 17:13:16,415] {processor.py:171} INFO - Processing /home/airflow/.local/lib/python3.7/site-packages/airflow/example_dags/example_bash_operator.py took 0.085 seconds
[2022-02-16 17:13:46,523] {processor.py:163} INFO - Started process (PID=5789) to work on /home/airflow/.local/lib/python3.7/site-packages/airflow/example_dags/example_bash_operator.py
[2022-02-16 17:13:46,524] {processor.py:642} INFO - Processing file /home/airflow/.local/lib/python3.7/site-packages/airflow/example_dags/example_bash_operator.py for tasks to queue
[2022-02-16 17:13:46,525] {logging_mixin.py:109} INFO - [2022-02-16 17:13:46,525] {dagbag.py:500} INFO - Filling up the DagBag from /home/airflow/.local/lib/python3.7/site-packages/airflow/example_dags/example_bash_operator.py
[2022-02-16 17:13:46,583] {processor.py:654} INFO - DAG(s) dict_keys(['example_bash_operator']) retrieved from /home/airflow/.local/lib/python3.7/site-packages/airflow/example_dags/example_bash_operator.py
[2022-02-16 17:13:46,609] {logging_mixin.py:109} INFO - [2022-02-16 17:13:46,609] {dag.py:2396} INFO - Sync 1 DAGs
[2022-02-16 17:13:46,674] {logging_mixin.py:109} INFO - [2022-02-16 17:13:46,674] {dag.py:2935} INFO - Setting next_dagrun for example_bash_operator to 2022-02-15 00:00:00+00:00
[2022-02-16 17:13:46,700] {processor.py:171} INFO - Processing /home/airflow/.local/lib/python3.7/site-packages/airflow/example_dags/example_bash_operator.py took 0.182 seconds
[2022-02-16 17:14:16,799] {processor.py:163} INFO - Started process (PID=5995) to work on /home/airflow/.local/lib/python3.7/site-packages/airflow/example_dags/example_bash_operator.py
[2022-02-16 17:14:16,801] {processor.py:642} INFO - Processing file /home/airflow/.local/lib/python3.7/site-packages/airflow/example_dags/example_bash_operator.py for tasks to queue
[2022-02-16 17:14:16,802] {logging_mixin.py:109} INFO - [2022-02-16 17:14:16,802] {dagbag.py:500} INFO - Filling up the DagBag from /home/airflow/.local/lib/python3.7/site-packages/airflow/example_dags/example_bash_operator.py
[2022-02-16 17:14:16,837] {processor.py:654} INFO - DAG(s) dict_keys(['example_bash_operator']) retrieved from /home/airflow/.local/lib/python3.7/site-packages/airflow/example_dags/example_bash_operator.py
[2022-02-16 17:14:16,848] {logging_mixin.py:109} INFO - [2022-02-16 17:14:16,848] {dag.py:2396} INFO - Sync 1 DAGs
[2022-02-16 17:14:16,868] {logging_mixin.py:109} INFO - [2022-02-16 17:14:16,868] {dag.py:2935} INFO - Setting next_dagrun for example_bash_operator to 2022-02-15 00:00:00+00:00
[2022-02-16 17:14:16,880] {processor.py:171} INFO - Processing /home/airflow/.local/lib/python3.7/site-packages/airflow/example_dags/example_bash_operator.py took 0.084 seconds
[2022-02-16 17:14:47,134] {processor.py:163} INFO - Started process (PID=6186) to work on /home/airflow/.local/lib/python3.7/site-packages/airflow/example_dags/example_bash_operator.py
[2022-02-16 17:14:47,136] {processor.py:642} INFO - Processing file /home/airflow/.local/lib/python3.7/site-packages/airflow/example_dags/example_bash_operator.py for tasks to queue
[2022-02-16 17:14:47,137] {logging_mixin.py:109} INFO - [2022-02-16 17:14:47,137] {dagbag.py:500} INFO - Filling up the DagBag from /home/airflow/.local/lib/python3.7/site-packages/airflow/example_dags/example_bash_operator.py
[2022-02-16 17:14:47,208] {processor.py:654} INFO - DAG(s) dict_keys(['example_bash_operator']) retrieved from /home/airflow/.local/lib/python3.7/site-packages/airflow/example_dags/example_bash_operator.py
[2022-02-16 17:14:47,223] {logging_mixin.py:109} INFO - [2022-02-16 17:14:47,223] {dag.py:2396} INFO - Sync 1 DAGs
[2022-02-16 17:14:47,251] {logging_mixin.py:109} INFO - [2022-02-16 17:14:47,251] {dag.py:2935} INFO - Setting next_dagrun for example_bash_operator to 2022-02-15 00:00:00+00:00
[2022-02-16 17:14:47,264] {processor.py:171} INFO - Processing /home/airflow/.local/lib/python3.7/site-packages/airflow/example_dags/example_bash_operator.py took 0.137 seconds
[2022-02-16 17:15:17,832] {processor.py:163} INFO - Started process (PID=6387) to work on /home/airflow/.local/lib/python3.7/site-packages/airflow/example_dags/example_bash_operator.py
[2022-02-16 17:15:17,833] {processor.py:642} INFO - Processing file /home/airflow/.local/lib/python3.7/site-packages/airflow/example_dags/example_bash_operator.py for tasks to queue
[2022-02-16 17:15:17,834] {logging_mixin.py:109} INFO - [2022-02-16 17:15:17,834] {dagbag.py:500} INFO - Filling up the DagBag from /home/airflow/.local/lib/python3.7/site-packages/airflow/example_dags/example_bash_operator.py
[2022-02-16 17:15:17,878] {processor.py:654} INFO - DAG(s) dict_keys(['example_bash_operator']) retrieved from /home/airflow/.local/lib/python3.7/site-packages/airflow/example_dags/example_bash_operator.py
[2022-02-16 17:15:17,895] {logging_mixin.py:109} INFO - [2022-02-16 17:15:17,895] {dag.py:2396} INFO - Sync 1 DAGs
[2022-02-16 17:15:17,920] {logging_mixin.py:109} INFO - [2022-02-16 17:15:17,920] {dag.py:2935} INFO - Setting next_dagrun for example_bash_operator to 2022-02-15 00:00:00+00:00
[2022-02-16 17:15:17,933] {processor.py:171} INFO - Processing /home/airflow/.local/lib/python3.7/site-packages/airflow/example_dags/example_bash_operator.py took 0.105 seconds
[2022-02-16 17:15:48,408] {processor.py:163} INFO - Started process (PID=6585) to work on /home/airflow/.local/lib/python3.7/site-packages/airflow/example_dags/example_bash_operator.py
[2022-02-16 17:15:48,409] {processor.py:642} INFO - Processing file /home/airflow/.local/lib/python3.7/site-packages/airflow/example_dags/example_bash_operator.py for tasks to queue
[2022-02-16 17:15:48,410] {logging_mixin.py:109} INFO - [2022-02-16 17:15:48,410] {dagbag.py:500} INFO - Filling up the DagBag from /home/airflow/.local/lib/python3.7/site-packages/airflow/example_dags/example_bash_operator.py
[2022-02-16 17:15:48,454] {processor.py:654} INFO - DAG(s) dict_keys(['example_bash_operator']) retrieved from /home/airflow/.local/lib/python3.7/site-packages/airflow/example_dags/example_bash_operator.py
[2022-02-16 17:15:48,468] {logging_mixin.py:109} INFO - [2022-02-16 17:15:48,468] {dag.py:2396} INFO - Sync 1 DAGs
[2022-02-16 17:15:48,494] {logging_mixin.py:109} INFO - [2022-02-16 17:15:48,494] {dag.py:2935} INFO - Setting next_dagrun for example_bash_operator to 2022-02-15 00:00:00+00:00
[2022-02-16 17:15:48,508] {processor.py:171} INFO - Processing /home/airflow/.local/lib/python3.7/site-packages/airflow/example_dags/example_bash_operator.py took 0.105 seconds
[2022-02-16 17:16:19,189] {processor.py:163} INFO - Started process (PID=6770) to work on /home/airflow/.local/lib/python3.7/site-packages/airflow/example_dags/example_bash_operator.py
[2022-02-16 17:16:19,191] {processor.py:642} INFO - Processing file /home/airflow/.local/lib/python3.7/site-packages/airflow/example_dags/example_bash_operator.py for tasks to queue
[2022-02-16 17:16:19,192] {logging_mixin.py:109} INFO - [2022-02-16 17:16:19,192] {dagbag.py:500} INFO - Filling up the DagBag from /home/airflow/.local/lib/python3.7/site-packages/airflow/example_dags/example_bash_operator.py
[2022-02-16 17:16:19,256] {processor.py:654} INFO - DAG(s) dict_keys(['example_bash_operator']) retrieved from /home/airflow/.local/lib/python3.7/site-packages/airflow/example_dags/example_bash_operator.py
[2022-02-16 17:16:19,279] {logging_mixin.py:109} INFO - [2022-02-16 17:16:19,279] {dag.py:2396} INFO - Sync 1 DAGs
[2022-02-16 17:16:19,321] {logging_mixin.py:109} INFO - [2022-02-16 17:16:19,321] {dag.py:2935} INFO - Setting next_dagrun for example_bash_operator to 2022-02-15 00:00:00+00:00
[2022-02-16 17:16:19,350] {processor.py:171} INFO - Processing /home/airflow/.local/lib/python3.7/site-packages/airflow/example_dags/example_bash_operator.py took 0.165 seconds
[2022-02-16 17:16:49,722] {processor.py:163} INFO - Started process (PID=6960) to work on /home/airflow/.local/lib/python3.7/site-packages/airflow/example_dags/example_bash_operator.py
[2022-02-16 17:16:49,723] {processor.py:642} INFO - Processing file /home/airflow/.local/lib/python3.7/site-packages/airflow/example_dags/example_bash_operator.py for tasks to queue
[2022-02-16 17:16:49,724] {logging_mixin.py:109} INFO - [2022-02-16 17:16:49,724] {dagbag.py:500} INFO - Filling up the DagBag from /home/airflow/.local/lib/python3.7/site-packages/airflow/example_dags/example_bash_operator.py
[2022-02-16 17:16:49,761] {processor.py:654} INFO - DAG(s) dict_keys(['example_bash_operator']) retrieved from /home/airflow/.local/lib/python3.7/site-packages/airflow/example_dags/example_bash_operator.py
[2022-02-16 17:16:49,773] {logging_mixin.py:109} INFO - [2022-02-16 17:16:49,773] {dag.py:2396} INFO - Sync 1 DAGs
[2022-02-16 17:16:49,796] {logging_mixin.py:109} INFO - [2022-02-16 17:16:49,796] {dag.py:2935} INFO - Setting next_dagrun for example_bash_operator to 2022-02-15 00:00:00+00:00
[2022-02-16 17:16:49,808] {processor.py:171} INFO - Processing /home/airflow/.local/lib/python3.7/site-packages/airflow/example_dags/example_bash_operator.py took 0.090 seconds
[2022-02-16 17:17:19,917] {processor.py:163} INFO - Started process (PID=7149) to work on /home/airflow/.local/lib/python3.7/site-packages/airflow/example_dags/example_bash_operator.py
[2022-02-16 17:17:19,918] {processor.py:642} INFO - Processing file /home/airflow/.local/lib/python3.7/site-packages/airflow/example_dags/example_bash_operator.py for tasks to queue
[2022-02-16 17:17:19,919] {logging_mixin.py:109} INFO - [2022-02-16 17:17:19,919] {dagbag.py:500} INFO - Filling up the DagBag from /home/airflow/.local/lib/python3.7/site-packages/airflow/example_dags/example_bash_operator.py
[2022-02-16 17:17:19,967] {processor.py:654} INFO - DAG(s) dict_keys(['example_bash_operator']) retrieved from /home/airflow/.local/lib/python3.7/site-packages/airflow/example_dags/example_bash_operator.py
[2022-02-16 17:17:19,980] {logging_mixin.py:109} INFO - [2022-02-16 17:17:19,979] {dag.py:2396} INFO - Sync 1 DAGs
[2022-02-16 17:17:20,003] {logging_mixin.py:109} INFO - [2022-02-16 17:17:20,003] {dag.py:2935} INFO - Setting next_dagrun for example_bash_operator to 2022-02-15 00:00:00+00:00
[2022-02-16 17:17:20,015] {processor.py:171} INFO - Processing /home/airflow/.local/lib/python3.7/site-packages/airflow/example_dags/example_bash_operator.py took 0.103 seconds
[2022-02-16 17:17:51,063] {processor.py:163} INFO - Started process (PID=7348) to work on /home/airflow/.local/lib/python3.7/site-packages/airflow/example_dags/example_bash_operator.py
[2022-02-16 17:17:51,066] {processor.py:642} INFO - Processing file /home/airflow/.local/lib/python3.7/site-packages/airflow/example_dags/example_bash_operator.py for tasks to queue
[2022-02-16 17:17:51,069] {logging_mixin.py:109} INFO - [2022-02-16 17:17:51,069] {dagbag.py:500} INFO - Filling up the DagBag from /home/airflow/.local/lib/python3.7/site-packages/airflow/example_dags/example_bash_operator.py
[2022-02-16 17:17:51,191] {processor.py:654} INFO - DAG(s) dict_keys(['example_bash_operator']) retrieved from /home/airflow/.local/lib/python3.7/site-packages/airflow/example_dags/example_bash_operator.py
[2022-02-16 17:17:51,230] {logging_mixin.py:109} INFO - [2022-02-16 17:17:51,229] {dag.py:2396} INFO - Sync 1 DAGs
[2022-02-16 17:17:51,344] {logging_mixin.py:109} INFO - [2022-02-16 17:17:51,344] {dag.py:2935} INFO - Setting next_dagrun for example_bash_operator to 2022-02-15 00:00:00+00:00
[2022-02-16 17:17:51,372] {processor.py:171} INFO - Processing /home/airflow/.local/lib/python3.7/site-packages/airflow/example_dags/example_bash_operator.py took 0.326 seconds
[2022-02-16 17:18:22,337] {processor.py:163} INFO - Started process (PID=7548) to work on /home/airflow/.local/lib/python3.7/site-packages/airflow/example_dags/example_bash_operator.py
[2022-02-16 17:18:22,338] {processor.py:642} INFO - Processing file /home/airflow/.local/lib/python3.7/site-packages/airflow/example_dags/example_bash_operator.py for tasks to queue
[2022-02-16 17:18:22,340] {logging_mixin.py:109} INFO - [2022-02-16 17:18:22,340] {dagbag.py:500} INFO - Filling up the DagBag from /home/airflow/.local/lib/python3.7/site-packages/airflow/example_dags/example_bash_operator.py
[2022-02-16 17:18:22,389] {processor.py:654} INFO - DAG(s) dict_keys(['example_bash_operator']) retrieved from /home/airflow/.local/lib/python3.7/site-packages/airflow/example_dags/example_bash_operator.py
[2022-02-16 17:18:22,406] {logging_mixin.py:109} INFO - [2022-02-16 17:18:22,405] {dag.py:2396} INFO - Sync 1 DAGs
[2022-02-16 17:18:22,435] {logging_mixin.py:109} INFO - [2022-02-16 17:18:22,435] {dag.py:2935} INFO - Setting next_dagrun for example_bash_operator to 2022-02-15 00:00:00+00:00
[2022-02-16 17:18:22,448] {processor.py:171} INFO - Processing /home/airflow/.local/lib/python3.7/site-packages/airflow/example_dags/example_bash_operator.py took 0.115 seconds
[2022-02-16 17:18:52,804] {processor.py:163} INFO - Started process (PID=7737) to work on /home/airflow/.local/lib/python3.7/site-packages/airflow/example_dags/example_bash_operator.py
[2022-02-16 17:18:52,806] {processor.py:642} INFO - Processing file /home/airflow/.local/lib/python3.7/site-packages/airflow/example_dags/example_bash_operator.py for tasks to queue
[2022-02-16 17:18:52,807] {logging_mixin.py:109} INFO - [2022-02-16 17:18:52,807] {dagbag.py:500} INFO - Filling up the DagBag from /home/airflow/.local/lib/python3.7/site-packages/airflow/example_dags/example_bash_operator.py
[2022-02-16 17:18:52,840] {processor.py:654} INFO - DAG(s) dict_keys(['example_bash_operator']) retrieved from /home/airflow/.local/lib/python3.7/site-packages/airflow/example_dags/example_bash_operator.py
[2022-02-16 17:18:52,851] {logging_mixin.py:109} INFO - [2022-02-16 17:18:52,851] {dag.py:2396} INFO - Sync 1 DAGs
[2022-02-16 17:18:52,870] {logging_mixin.py:109} INFO - [2022-02-16 17:18:52,870] {dag.py:2935} INFO - Setting next_dagrun for example_bash_operator to 2022-02-15 00:00:00+00:00
[2022-02-16 17:18:52,880] {processor.py:171} INFO - Processing /home/airflow/.local/lib/python3.7/site-packages/airflow/example_dags/example_bash_operator.py took 0.080 seconds
[2022-02-16 17:19:23,045] {processor.py:163} INFO - Started process (PID=7928) to work on /home/airflow/.local/lib/python3.7/site-packages/airflow/example_dags/example_bash_operator.py
[2022-02-16 17:19:23,046] {processor.py:642} INFO - Processing file /home/airflow/.local/lib/python3.7/site-packages/airflow/example_dags/example_bash_operator.py for tasks to queue
[2022-02-16 17:19:23,047] {logging_mixin.py:109} INFO - [2022-02-16 17:19:23,047] {dagbag.py:500} INFO - Filling up the DagBag from /home/airflow/.local/lib/python3.7/site-packages/airflow/example_dags/example_bash_operator.py
[2022-02-16 17:19:23,086] {processor.py:654} INFO - DAG(s) dict_keys(['example_bash_operator']) retrieved from /home/airflow/.local/lib/python3.7/site-packages/airflow/example_dags/example_bash_operator.py
[2022-02-16 17:19:23,099] {logging_mixin.py:109} INFO - [2022-02-16 17:19:23,098] {dag.py:2396} INFO - Sync 1 DAGs
[2022-02-16 17:19:23,119] {logging_mixin.py:109} INFO - [2022-02-16 17:19:23,119] {dag.py:2935} INFO - Setting next_dagrun for example_bash_operator to 2022-02-15 00:00:00+00:00
[2022-02-16 17:19:23,129] {processor.py:171} INFO - Processing /home/airflow/.local/lib/python3.7/site-packages/airflow/example_dags/example_bash_operator.py took 0.088 seconds
[2022-02-16 17:19:54,710] {processor.py:163} INFO - Started process (PID=8138) to work on /home/airflow/.local/lib/python3.7/site-packages/airflow/example_dags/example_bash_operator.py
[2022-02-16 17:19:54,719] {processor.py:642} INFO - Processing file /home/airflow/.local/lib/python3.7/site-packages/airflow/example_dags/example_bash_operator.py for tasks to queue
[2022-02-16 17:19:54,720] {logging_mixin.py:109} INFO - [2022-02-16 17:19:54,720] {dagbag.py:500} INFO - Filling up the DagBag from /home/airflow/.local/lib/python3.7/site-packages/airflow/example_dags/example_bash_operator.py
[2022-02-16 17:19:54,779] {processor.py:654} INFO - DAG(s) dict_keys(['example_bash_operator']) retrieved from /home/airflow/.local/lib/python3.7/site-packages/airflow/example_dags/example_bash_operator.py
[2022-02-16 17:19:54,804] {logging_mixin.py:109} INFO - [2022-02-16 17:19:54,803] {dag.py:2396} INFO - Sync 1 DAGs
[2022-02-16 17:19:54,829] {logging_mixin.py:109} INFO - [2022-02-16 17:19:54,829] {dag.py:2935} INFO - Setting next_dagrun for example_bash_operator to 2022-02-15 00:00:00+00:00
[2022-02-16 17:19:54,840] {processor.py:171} INFO - Processing /home/airflow/.local/lib/python3.7/site-packages/airflow/example_dags/example_bash_operator.py took 0.134 seconds
[2022-02-16 17:20:25,618] {processor.py:163} INFO - Started process (PID=8335) to work on /home/airflow/.local/lib/python3.7/site-packages/airflow/example_dags/example_bash_operator.py
[2022-02-16 17:20:25,620] {processor.py:642} INFO - Processing file /home/airflow/.local/lib/python3.7/site-packages/airflow/example_dags/example_bash_operator.py for tasks to queue
[2022-02-16 17:20:25,622] {logging_mixin.py:109} INFO - [2022-02-16 17:20:25,621] {dagbag.py:500} INFO - Filling up the DagBag from /home/airflow/.local/lib/python3.7/site-packages/airflow/example_dags/example_bash_operator.py
[2022-02-16 17:20:25,673] {processor.py:654} INFO - DAG(s) dict_keys(['example_bash_operator']) retrieved from /home/airflow/.local/lib/python3.7/site-packages/airflow/example_dags/example_bash_operator.py
[2022-02-16 17:20:25,691] {logging_mixin.py:109} INFO - [2022-02-16 17:20:25,691] {dag.py:2396} INFO - Sync 1 DAGs
[2022-02-16 17:20:25,720] {logging_mixin.py:109} INFO - [2022-02-16 17:20:25,720] {dag.py:2935} INFO - Setting next_dagrun for example_bash_operator to 2022-02-15 00:00:00+00:00
[2022-02-16 17:20:25,730] {processor.py:171} INFO - Processing /home/airflow/.local/lib/python3.7/site-packages/airflow/example_dags/example_bash_operator.py took 0.123 seconds
[2022-02-16 17:20:55,896] {processor.py:163} INFO - Started process (PID=8527) to work on /home/airflow/.local/lib/python3.7/site-packages/airflow/example_dags/example_bash_operator.py
[2022-02-16 17:20:55,898] {processor.py:642} INFO - Processing file /home/airflow/.local/lib/python3.7/site-packages/airflow/example_dags/example_bash_operator.py for tasks to queue
[2022-02-16 17:20:55,898] {logging_mixin.py:109} INFO - [2022-02-16 17:20:55,898] {dagbag.py:500} INFO - Filling up the DagBag from /home/airflow/.local/lib/python3.7/site-packages/airflow/example_dags/example_bash_operator.py
[2022-02-16 17:20:55,933] {processor.py:654} INFO - DAG(s) dict_keys(['example_bash_operator']) retrieved from /home/airflow/.local/lib/python3.7/site-packages/airflow/example_dags/example_bash_operator.py
[2022-02-16 17:20:55,944] {logging_mixin.py:109} INFO - [2022-02-16 17:20:55,944] {dag.py:2396} INFO - Sync 1 DAGs
[2022-02-16 17:20:55,962] {logging_mixin.py:109} INFO - [2022-02-16 17:20:55,962] {dag.py:2935} INFO - Setting next_dagrun for example_bash_operator to 2022-02-15 00:00:00+00:00
[2022-02-16 17:20:55,971] {processor.py:171} INFO - Processing /home/airflow/.local/lib/python3.7/site-packages/airflow/example_dags/example_bash_operator.py took 0.079 seconds
