[2022-02-16 16:58:36,311] {processor.py:163} INFO - Started process (PID=229) to work on /home/airflow/.local/lib/python3.7/site-packages/airflow/example_dags/example_branch_labels.py
[2022-02-16 16:58:36,312] {processor.py:642} INFO - Processing file /home/airflow/.local/lib/python3.7/site-packages/airflow/example_dags/example_branch_labels.py for tasks to queue
[2022-02-16 16:58:36,313] {logging_mixin.py:109} INFO - [2022-02-16 16:58:36,313] {dagbag.py:500} INFO - Filling up the DagBag from /home/airflow/.local/lib/python3.7/site-packages/airflow/example_dags/example_branch_labels.py
[2022-02-16 16:58:36,448] {processor.py:654} INFO - DAG(s) dict_keys(['example_branch_labels']) retrieved from /home/airflow/.local/lib/python3.7/site-packages/airflow/example_dags/example_branch_labels.py
[2022-02-16 16:58:40,337] {logging_mixin.py:109} INFO - [2022-02-16 16:58:40,337] {manager.py:496} INFO - Created Permission View: can read on DAG:example_branch_labels
[2022-02-16 16:58:40,344] {logging_mixin.py:109} INFO - [2022-02-16 16:58:40,344] {manager.py:496} INFO - Created Permission View: can edit on DAG:example_branch_labels
[2022-02-16 16:58:40,345] {logging_mixin.py:109} INFO - [2022-02-16 16:58:40,344] {dag.py:2396} INFO - Sync 1 DAGs
[2022-02-16 16:58:40,365] {logging_mixin.py:109} INFO - [2022-02-16 16:58:40,364] {dag.py:2415} INFO - Creating ORM DAG for example_branch_labels
[2022-02-16 16:58:40,374] {logging_mixin.py:109} INFO - [2022-02-16 16:58:40,374] {dag.py:2935} INFO - Setting next_dagrun for example_branch_labels to 2022-02-15 00:00:00+00:00
[2022-02-16 16:58:40,433] {processor.py:171} INFO - Processing /home/airflow/.local/lib/python3.7/site-packages/airflow/example_dags/example_branch_labels.py took 4.151 seconds
[2022-02-16 16:59:10,637] {processor.py:163} INFO - Started process (PID=467) to work on /home/airflow/.local/lib/python3.7/site-packages/airflow/example_dags/example_branch_labels.py
[2022-02-16 16:59:10,638] {processor.py:642} INFO - Processing file /home/airflow/.local/lib/python3.7/site-packages/airflow/example_dags/example_branch_labels.py for tasks to queue
[2022-02-16 16:59:10,639] {logging_mixin.py:109} INFO - [2022-02-16 16:59:10,639] {dagbag.py:500} INFO - Filling up the DagBag from /home/airflow/.local/lib/python3.7/site-packages/airflow/example_dags/example_branch_labels.py
[2022-02-16 16:59:10,672] {processor.py:654} INFO - DAG(s) dict_keys(['example_branch_labels']) retrieved from /home/airflow/.local/lib/python3.7/site-packages/airflow/example_dags/example_branch_labels.py
[2022-02-16 16:59:10,683] {logging_mixin.py:109} INFO - [2022-02-16 16:59:10,683] {dag.py:2396} INFO - Sync 1 DAGs
[2022-02-16 16:59:10,702] {logging_mixin.py:109} INFO - [2022-02-16 16:59:10,702] {dag.py:2935} INFO - Setting next_dagrun for example_branch_labels to 2022-02-15 00:00:00+00:00
[2022-02-16 16:59:10,711] {processor.py:171} INFO - Processing /home/airflow/.local/lib/python3.7/site-packages/airflow/example_dags/example_branch_labels.py took 0.078 seconds
[2022-02-16 16:59:40,767] {processor.py:163} INFO - Started process (PID=651) to work on /home/airflow/.local/lib/python3.7/site-packages/airflow/example_dags/example_branch_labels.py
[2022-02-16 16:59:40,769] {processor.py:642} INFO - Processing file /home/airflow/.local/lib/python3.7/site-packages/airflow/example_dags/example_branch_labels.py for tasks to queue
[2022-02-16 16:59:40,770] {logging_mixin.py:109} INFO - [2022-02-16 16:59:40,769] {dagbag.py:500} INFO - Filling up the DagBag from /home/airflow/.local/lib/python3.7/site-packages/airflow/example_dags/example_branch_labels.py
[2022-02-16 16:59:40,802] {processor.py:654} INFO - DAG(s) dict_keys(['example_branch_labels']) retrieved from /home/airflow/.local/lib/python3.7/site-packages/airflow/example_dags/example_branch_labels.py
[2022-02-16 16:59:40,814] {logging_mixin.py:109} INFO - [2022-02-16 16:59:40,814] {dag.py:2396} INFO - Sync 1 DAGs
[2022-02-16 16:59:40,834] {logging_mixin.py:109} INFO - [2022-02-16 16:59:40,834] {dag.py:2935} INFO - Setting next_dagrun for example_branch_labels to 2022-02-15 00:00:00+00:00
[2022-02-16 16:59:40,843] {processor.py:171} INFO - Processing /home/airflow/.local/lib/python3.7/site-packages/airflow/example_dags/example_branch_labels.py took 0.080 seconds
[2022-02-16 17:00:11,258] {processor.py:163} INFO - Started process (PID=832) to work on /home/airflow/.local/lib/python3.7/site-packages/airflow/example_dags/example_branch_labels.py
[2022-02-16 17:00:11,259] {processor.py:642} INFO - Processing file /home/airflow/.local/lib/python3.7/site-packages/airflow/example_dags/example_branch_labels.py for tasks to queue
[2022-02-16 17:00:11,260] {logging_mixin.py:109} INFO - [2022-02-16 17:00:11,260] {dagbag.py:500} INFO - Filling up the DagBag from /home/airflow/.local/lib/python3.7/site-packages/airflow/example_dags/example_branch_labels.py
[2022-02-16 17:00:11,306] {processor.py:654} INFO - DAG(s) dict_keys(['example_branch_labels']) retrieved from /home/airflow/.local/lib/python3.7/site-packages/airflow/example_dags/example_branch_labels.py
[2022-02-16 17:00:11,321] {logging_mixin.py:109} INFO - [2022-02-16 17:00:11,321] {dag.py:2396} INFO - Sync 1 DAGs
[2022-02-16 17:00:11,374] {logging_mixin.py:109} INFO - [2022-02-16 17:00:11,374] {dag.py:2935} INFO - Setting next_dagrun for example_branch_labels to 2022-02-15 00:00:00+00:00
[2022-02-16 17:00:11,400] {processor.py:171} INFO - Processing /home/airflow/.local/lib/python3.7/site-packages/airflow/example_dags/example_branch_labels.py took 0.146 seconds
[2022-02-16 17:00:42,189] {processor.py:163} INFO - Started process (PID=996) to work on /home/airflow/.local/lib/python3.7/site-packages/airflow/example_dags/example_branch_labels.py
[2022-02-16 17:00:42,190] {processor.py:642} INFO - Processing file /home/airflow/.local/lib/python3.7/site-packages/airflow/example_dags/example_branch_labels.py for tasks to queue
[2022-02-16 17:00:42,191] {logging_mixin.py:109} INFO - [2022-02-16 17:00:42,191] {dagbag.py:500} INFO - Filling up the DagBag from /home/airflow/.local/lib/python3.7/site-packages/airflow/example_dags/example_branch_labels.py
[2022-02-16 17:00:42,226] {processor.py:654} INFO - DAG(s) dict_keys(['example_branch_labels']) retrieved from /home/airflow/.local/lib/python3.7/site-packages/airflow/example_dags/example_branch_labels.py
[2022-02-16 17:00:42,237] {logging_mixin.py:109} INFO - [2022-02-16 17:00:42,237] {dag.py:2396} INFO - Sync 1 DAGs
[2022-02-16 17:00:42,256] {logging_mixin.py:109} INFO - [2022-02-16 17:00:42,256] {dag.py:2935} INFO - Setting next_dagrun for example_branch_labels to 2022-02-15 00:00:00+00:00
[2022-02-16 17:00:42,265] {processor.py:171} INFO - Processing /home/airflow/.local/lib/python3.7/site-packages/airflow/example_dags/example_branch_labels.py took 0.080 seconds
[2022-02-16 17:01:13,305] {processor.py:163} INFO - Started process (PID=1192) to work on /home/airflow/.local/lib/python3.7/site-packages/airflow/example_dags/example_branch_labels.py
[2022-02-16 17:01:13,306] {processor.py:642} INFO - Processing file /home/airflow/.local/lib/python3.7/site-packages/airflow/example_dags/example_branch_labels.py for tasks to queue
[2022-02-16 17:01:13,307] {logging_mixin.py:109} INFO - [2022-02-16 17:01:13,307] {dagbag.py:500} INFO - Filling up the DagBag from /home/airflow/.local/lib/python3.7/site-packages/airflow/example_dags/example_branch_labels.py
[2022-02-16 17:01:13,351] {processor.py:654} INFO - DAG(s) dict_keys(['example_branch_labels']) retrieved from /home/airflow/.local/lib/python3.7/site-packages/airflow/example_dags/example_branch_labels.py
[2022-02-16 17:01:13,364] {logging_mixin.py:109} INFO - [2022-02-16 17:01:13,364] {dag.py:2396} INFO - Sync 1 DAGs
[2022-02-16 17:01:13,390] {logging_mixin.py:109} INFO - [2022-02-16 17:01:13,389] {dag.py:2935} INFO - Setting next_dagrun for example_branch_labels to 2022-02-15 00:00:00+00:00
[2022-02-16 17:01:13,399] {processor.py:171} INFO - Processing /home/airflow/.local/lib/python3.7/site-packages/airflow/example_dags/example_branch_labels.py took 0.099 seconds
[2022-02-16 17:01:44,287] {processor.py:163} INFO - Started process (PID=1375) to work on /home/airflow/.local/lib/python3.7/site-packages/airflow/example_dags/example_branch_labels.py
[2022-02-16 17:01:44,288] {processor.py:642} INFO - Processing file /home/airflow/.local/lib/python3.7/site-packages/airflow/example_dags/example_branch_labels.py for tasks to queue
[2022-02-16 17:01:44,290] {logging_mixin.py:109} INFO - [2022-02-16 17:01:44,290] {dagbag.py:500} INFO - Filling up the DagBag from /home/airflow/.local/lib/python3.7/site-packages/airflow/example_dags/example_branch_labels.py
[2022-02-16 17:01:44,324] {processor.py:654} INFO - DAG(s) dict_keys(['example_branch_labels']) retrieved from /home/airflow/.local/lib/python3.7/site-packages/airflow/example_dags/example_branch_labels.py
[2022-02-16 17:01:44,336] {logging_mixin.py:109} INFO - [2022-02-16 17:01:44,336] {dag.py:2396} INFO - Sync 1 DAGs
[2022-02-16 17:01:44,356] {logging_mixin.py:109} INFO - [2022-02-16 17:01:44,356] {dag.py:2935} INFO - Setting next_dagrun for example_branch_labels to 2022-02-15 00:00:00+00:00
[2022-02-16 17:01:44,367] {processor.py:171} INFO - Processing /home/airflow/.local/lib/python3.7/site-packages/airflow/example_dags/example_branch_labels.py took 0.084 seconds
[2022-02-16 17:02:14,969] {processor.py:163} INFO - Started process (PID=1549) to work on /home/airflow/.local/lib/python3.7/site-packages/airflow/example_dags/example_branch_labels.py
[2022-02-16 17:02:14,971] {processor.py:642} INFO - Processing file /home/airflow/.local/lib/python3.7/site-packages/airflow/example_dags/example_branch_labels.py for tasks to queue
[2022-02-16 17:02:14,972] {logging_mixin.py:109} INFO - [2022-02-16 17:02:14,972] {dagbag.py:500} INFO - Filling up the DagBag from /home/airflow/.local/lib/python3.7/site-packages/airflow/example_dags/example_branch_labels.py
[2022-02-16 17:02:15,005] {processor.py:654} INFO - DAG(s) dict_keys(['example_branch_labels']) retrieved from /home/airflow/.local/lib/python3.7/site-packages/airflow/example_dags/example_branch_labels.py
[2022-02-16 17:02:15,016] {logging_mixin.py:109} INFO - [2022-02-16 17:02:15,016] {dag.py:2396} INFO - Sync 1 DAGs
[2022-02-16 17:02:15,036] {logging_mixin.py:109} INFO - [2022-02-16 17:02:15,035] {dag.py:2935} INFO - Setting next_dagrun for example_branch_labels to 2022-02-15 00:00:00+00:00
[2022-02-16 17:02:15,044] {processor.py:171} INFO - Processing /home/airflow/.local/lib/python3.7/site-packages/airflow/example_dags/example_branch_labels.py took 0.079 seconds
[2022-02-16 17:02:46,042] {processor.py:163} INFO - Started process (PID=1732) to work on /home/airflow/.local/lib/python3.7/site-packages/airflow/example_dags/example_branch_labels.py
[2022-02-16 17:02:46,044] {processor.py:642} INFO - Processing file /home/airflow/.local/lib/python3.7/site-packages/airflow/example_dags/example_branch_labels.py for tasks to queue
[2022-02-16 17:02:46,046] {logging_mixin.py:109} INFO - [2022-02-16 17:02:46,045] {dagbag.py:500} INFO - Filling up the DagBag from /home/airflow/.local/lib/python3.7/site-packages/airflow/example_dags/example_branch_labels.py
[2022-02-16 17:02:46,108] {processor.py:654} INFO - DAG(s) dict_keys(['example_branch_labels']) retrieved from /home/airflow/.local/lib/python3.7/site-packages/airflow/example_dags/example_branch_labels.py
[2022-02-16 17:02:46,129] {logging_mixin.py:109} INFO - [2022-02-16 17:02:46,129] {dag.py:2396} INFO - Sync 1 DAGs
[2022-02-16 17:02:46,164] {logging_mixin.py:109} INFO - [2022-02-16 17:02:46,164] {dag.py:2935} INFO - Setting next_dagrun for example_branch_labels to 2022-02-15 00:00:00+00:00
[2022-02-16 17:02:46,176] {processor.py:171} INFO - Processing /home/airflow/.local/lib/python3.7/site-packages/airflow/example_dags/example_branch_labels.py took 0.138 seconds
[2022-02-16 17:03:17,100] {processor.py:163} INFO - Started process (PID=1920) to work on /home/airflow/.local/lib/python3.7/site-packages/airflow/example_dags/example_branch_labels.py
[2022-02-16 17:03:17,101] {processor.py:642} INFO - Processing file /home/airflow/.local/lib/python3.7/site-packages/airflow/example_dags/example_branch_labels.py for tasks to queue
[2022-02-16 17:03:17,102] {logging_mixin.py:109} INFO - [2022-02-16 17:03:17,102] {dagbag.py:500} INFO - Filling up the DagBag from /home/airflow/.local/lib/python3.7/site-packages/airflow/example_dags/example_branch_labels.py
[2022-02-16 17:03:17,135] {processor.py:654} INFO - DAG(s) dict_keys(['example_branch_labels']) retrieved from /home/airflow/.local/lib/python3.7/site-packages/airflow/example_dags/example_branch_labels.py
[2022-02-16 17:03:17,147] {logging_mixin.py:109} INFO - [2022-02-16 17:03:17,147] {dag.py:2396} INFO - Sync 1 DAGs
[2022-02-16 17:03:17,165] {logging_mixin.py:109} INFO - [2022-02-16 17:03:17,165] {dag.py:2935} INFO - Setting next_dagrun for example_branch_labels to 2022-02-15 00:00:00+00:00
[2022-02-16 17:03:17,175] {processor.py:171} INFO - Processing /home/airflow/.local/lib/python3.7/site-packages/airflow/example_dags/example_branch_labels.py took 0.079 seconds
[2022-02-16 17:03:48,570] {processor.py:163} INFO - Started process (PID=2101) to work on /home/airflow/.local/lib/python3.7/site-packages/airflow/example_dags/example_branch_labels.py
[2022-02-16 17:03:48,572] {processor.py:642} INFO - Processing file /home/airflow/.local/lib/python3.7/site-packages/airflow/example_dags/example_branch_labels.py for tasks to queue
[2022-02-16 17:03:48,573] {logging_mixin.py:109} INFO - [2022-02-16 17:03:48,572] {dagbag.py:500} INFO - Filling up the DagBag from /home/airflow/.local/lib/python3.7/site-packages/airflow/example_dags/example_branch_labels.py
[2022-02-16 17:03:48,680] {processor.py:654} INFO - DAG(s) dict_keys(['example_branch_labels']) retrieved from /home/airflow/.local/lib/python3.7/site-packages/airflow/example_dags/example_branch_labels.py
[2022-02-16 17:03:48,703] {logging_mixin.py:109} INFO - [2022-02-16 17:03:48,703] {dag.py:2396} INFO - Sync 1 DAGs
[2022-02-16 17:03:48,730] {logging_mixin.py:109} INFO - [2022-02-16 17:03:48,730] {dag.py:2935} INFO - Setting next_dagrun for example_branch_labels to 2022-02-15 00:00:00+00:00
[2022-02-16 17:03:48,744] {processor.py:171} INFO - Processing /home/airflow/.local/lib/python3.7/site-packages/airflow/example_dags/example_branch_labels.py took 0.183 seconds
[2022-02-16 17:04:19,324] {processor.py:163} INFO - Started process (PID=2294) to work on /home/airflow/.local/lib/python3.7/site-packages/airflow/example_dags/example_branch_labels.py
[2022-02-16 17:04:19,325] {processor.py:642} INFO - Processing file /home/airflow/.local/lib/python3.7/site-packages/airflow/example_dags/example_branch_labels.py for tasks to queue
[2022-02-16 17:04:19,326] {logging_mixin.py:109} INFO - [2022-02-16 17:04:19,326] {dagbag.py:500} INFO - Filling up the DagBag from /home/airflow/.local/lib/python3.7/site-packages/airflow/example_dags/example_branch_labels.py
[2022-02-16 17:04:19,365] {processor.py:654} INFO - DAG(s) dict_keys(['example_branch_labels']) retrieved from /home/airflow/.local/lib/python3.7/site-packages/airflow/example_dags/example_branch_labels.py
[2022-02-16 17:04:19,376] {logging_mixin.py:109} INFO - [2022-02-16 17:04:19,376] {dag.py:2396} INFO - Sync 1 DAGs
[2022-02-16 17:04:19,401] {logging_mixin.py:109} INFO - [2022-02-16 17:04:19,401] {dag.py:2935} INFO - Setting next_dagrun for example_branch_labels to 2022-02-15 00:00:00+00:00
[2022-02-16 17:04:19,411] {processor.py:171} INFO - Processing /home/airflow/.local/lib/python3.7/site-packages/airflow/example_dags/example_branch_labels.py took 0.091 seconds
[2022-02-16 17:04:50,553] {processor.py:163} INFO - Started process (PID=2490) to work on /home/airflow/.local/lib/python3.7/site-packages/airflow/example_dags/example_branch_labels.py
[2022-02-16 17:04:50,554] {processor.py:642} INFO - Processing file /home/airflow/.local/lib/python3.7/site-packages/airflow/example_dags/example_branch_labels.py for tasks to queue
[2022-02-16 17:04:50,555] {logging_mixin.py:109} INFO - [2022-02-16 17:04:50,555] {dagbag.py:500} INFO - Filling up the DagBag from /home/airflow/.local/lib/python3.7/site-packages/airflow/example_dags/example_branch_labels.py
[2022-02-16 17:04:50,602] {processor.py:654} INFO - DAG(s) dict_keys(['example_branch_labels']) retrieved from /home/airflow/.local/lib/python3.7/site-packages/airflow/example_dags/example_branch_labels.py
[2022-02-16 17:04:50,629] {logging_mixin.py:109} INFO - [2022-02-16 17:04:50,629] {dag.py:2396} INFO - Sync 1 DAGs
[2022-02-16 17:04:50,670] {logging_mixin.py:109} INFO - [2022-02-16 17:04:50,670] {dag.py:2935} INFO - Setting next_dagrun for example_branch_labels to 2022-02-15 00:00:00+00:00
[2022-02-16 17:04:50,686] {processor.py:171} INFO - Processing /home/airflow/.local/lib/python3.7/site-packages/airflow/example_dags/example_branch_labels.py took 0.137 seconds
[2022-02-16 17:05:21,451] {processor.py:163} INFO - Started process (PID=2678) to work on /home/airflow/.local/lib/python3.7/site-packages/airflow/example_dags/example_branch_labels.py
[2022-02-16 17:05:21,453] {processor.py:642} INFO - Processing file /home/airflow/.local/lib/python3.7/site-packages/airflow/example_dags/example_branch_labels.py for tasks to queue
[2022-02-16 17:05:21,454] {logging_mixin.py:109} INFO - [2022-02-16 17:05:21,454] {dagbag.py:500} INFO - Filling up the DagBag from /home/airflow/.local/lib/python3.7/site-packages/airflow/example_dags/example_branch_labels.py
[2022-02-16 17:05:21,491] {processor.py:654} INFO - DAG(s) dict_keys(['example_branch_labels']) retrieved from /home/airflow/.local/lib/python3.7/site-packages/airflow/example_dags/example_branch_labels.py
[2022-02-16 17:05:21,502] {logging_mixin.py:109} INFO - [2022-02-16 17:05:21,502] {dag.py:2396} INFO - Sync 1 DAGs
[2022-02-16 17:05:21,521] {logging_mixin.py:109} INFO - [2022-02-16 17:05:21,521] {dag.py:2935} INFO - Setting next_dagrun for example_branch_labels to 2022-02-15 00:00:00+00:00
[2022-02-16 17:05:21,537] {processor.py:171} INFO - Processing /home/airflow/.local/lib/python3.7/site-packages/airflow/example_dags/example_branch_labels.py took 0.090 seconds
[2022-02-16 17:05:52,822] {processor.py:163} INFO - Started process (PID=2864) to work on /home/airflow/.local/lib/python3.7/site-packages/airflow/example_dags/example_branch_labels.py
[2022-02-16 17:05:52,823] {processor.py:642} INFO - Processing file /home/airflow/.local/lib/python3.7/site-packages/airflow/example_dags/example_branch_labels.py for tasks to queue
[2022-02-16 17:05:52,824] {logging_mixin.py:109} INFO - [2022-02-16 17:05:52,824] {dagbag.py:500} INFO - Filling up the DagBag from /home/airflow/.local/lib/python3.7/site-packages/airflow/example_dags/example_branch_labels.py
[2022-02-16 17:05:52,857] {processor.py:654} INFO - DAG(s) dict_keys(['example_branch_labels']) retrieved from /home/airflow/.local/lib/python3.7/site-packages/airflow/example_dags/example_branch_labels.py
[2022-02-16 17:05:52,869] {logging_mixin.py:109} INFO - [2022-02-16 17:05:52,869] {dag.py:2396} INFO - Sync 1 DAGs
[2022-02-16 17:05:52,888] {logging_mixin.py:109} INFO - [2022-02-16 17:05:52,888] {dag.py:2935} INFO - Setting next_dagrun for example_branch_labels to 2022-02-15 00:00:00+00:00
[2022-02-16 17:05:52,897] {processor.py:171} INFO - Processing /home/airflow/.local/lib/python3.7/site-packages/airflow/example_dags/example_branch_labels.py took 0.080 seconds
[2022-02-16 17:06:23,373] {processor.py:163} INFO - Started process (PID=3054) to work on /home/airflow/.local/lib/python3.7/site-packages/airflow/example_dags/example_branch_labels.py
[2022-02-16 17:06:23,376] {processor.py:642} INFO - Processing file /home/airflow/.local/lib/python3.7/site-packages/airflow/example_dags/example_branch_labels.py for tasks to queue
[2022-02-16 17:06:23,377] {logging_mixin.py:109} INFO - [2022-02-16 17:06:23,377] {dagbag.py:500} INFO - Filling up the DagBag from /home/airflow/.local/lib/python3.7/site-packages/airflow/example_dags/example_branch_labels.py
[2022-02-16 17:06:23,445] {processor.py:654} INFO - DAG(s) dict_keys(['example_branch_labels']) retrieved from /home/airflow/.local/lib/python3.7/site-packages/airflow/example_dags/example_branch_labels.py
[2022-02-16 17:06:23,458] {logging_mixin.py:109} INFO - [2022-02-16 17:06:23,458] {dag.py:2396} INFO - Sync 1 DAGs
[2022-02-16 17:06:23,478] {logging_mixin.py:109} INFO - [2022-02-16 17:06:23,478] {dag.py:2935} INFO - Setting next_dagrun for example_branch_labels to 2022-02-15 00:00:00+00:00
[2022-02-16 17:06:23,495] {processor.py:171} INFO - Processing /home/airflow/.local/lib/python3.7/site-packages/airflow/example_dags/example_branch_labels.py took 0.132 seconds
[2022-02-16 17:06:54,189] {processor.py:163} INFO - Started process (PID=3240) to work on /home/airflow/.local/lib/python3.7/site-packages/airflow/example_dags/example_branch_labels.py
[2022-02-16 17:06:54,191] {processor.py:642} INFO - Processing file /home/airflow/.local/lib/python3.7/site-packages/airflow/example_dags/example_branch_labels.py for tasks to queue
[2022-02-16 17:06:54,192] {logging_mixin.py:109} INFO - [2022-02-16 17:06:54,192] {dagbag.py:500} INFO - Filling up the DagBag from /home/airflow/.local/lib/python3.7/site-packages/airflow/example_dags/example_branch_labels.py
[2022-02-16 17:06:54,231] {processor.py:654} INFO - DAG(s) dict_keys(['example_branch_labels']) retrieved from /home/airflow/.local/lib/python3.7/site-packages/airflow/example_dags/example_branch_labels.py
[2022-02-16 17:06:54,244] {logging_mixin.py:109} INFO - [2022-02-16 17:06:54,244] {dag.py:2396} INFO - Sync 1 DAGs
[2022-02-16 17:06:54,267] {logging_mixin.py:109} INFO - [2022-02-16 17:06:54,267] {dag.py:2935} INFO - Setting next_dagrun for example_branch_labels to 2022-02-15 00:00:00+00:00
[2022-02-16 17:06:54,279] {processor.py:171} INFO - Processing /home/airflow/.local/lib/python3.7/site-packages/airflow/example_dags/example_branch_labels.py took 0.093 seconds
[2022-02-16 17:07:25,331] {processor.py:163} INFO - Started process (PID=3422) to work on /home/airflow/.local/lib/python3.7/site-packages/airflow/example_dags/example_branch_labels.py
[2022-02-16 17:07:25,333] {processor.py:642} INFO - Processing file /home/airflow/.local/lib/python3.7/site-packages/airflow/example_dags/example_branch_labels.py for tasks to queue
[2022-02-16 17:07:25,334] {logging_mixin.py:109} INFO - [2022-02-16 17:07:25,333] {dagbag.py:500} INFO - Filling up the DagBag from /home/airflow/.local/lib/python3.7/site-packages/airflow/example_dags/example_branch_labels.py
[2022-02-16 17:07:25,364] {processor.py:654} INFO - DAG(s) dict_keys(['example_branch_labels']) retrieved from /home/airflow/.local/lib/python3.7/site-packages/airflow/example_dags/example_branch_labels.py
[2022-02-16 17:07:25,375] {logging_mixin.py:109} INFO - [2022-02-16 17:07:25,375] {dag.py:2396} INFO - Sync 1 DAGs
[2022-02-16 17:07:25,394] {logging_mixin.py:109} INFO - [2022-02-16 17:07:25,393] {dag.py:2935} INFO - Setting next_dagrun for example_branch_labels to 2022-02-15 00:00:00+00:00
[2022-02-16 17:07:25,404] {processor.py:171} INFO - Processing /home/airflow/.local/lib/python3.7/site-packages/airflow/example_dags/example_branch_labels.py took 0.077 seconds
[2022-02-16 17:07:56,873] {processor.py:163} INFO - Started process (PID=3618) to work on /home/airflow/.local/lib/python3.7/site-packages/airflow/example_dags/example_branch_labels.py
[2022-02-16 17:07:56,884] {processor.py:642} INFO - Processing file /home/airflow/.local/lib/python3.7/site-packages/airflow/example_dags/example_branch_labels.py for tasks to queue
[2022-02-16 17:07:56,885] {logging_mixin.py:109} INFO - [2022-02-16 17:07:56,884] {dagbag.py:500} INFO - Filling up the DagBag from /home/airflow/.local/lib/python3.7/site-packages/airflow/example_dags/example_branch_labels.py
[2022-02-16 17:07:56,939] {processor.py:654} INFO - DAG(s) dict_keys(['example_branch_labels']) retrieved from /home/airflow/.local/lib/python3.7/site-packages/airflow/example_dags/example_branch_labels.py
[2022-02-16 17:07:56,953] {logging_mixin.py:109} INFO - [2022-02-16 17:07:56,953] {dag.py:2396} INFO - Sync 1 DAGs
[2022-02-16 17:07:56,973] {logging_mixin.py:109} INFO - [2022-02-16 17:07:56,973] {dag.py:2935} INFO - Setting next_dagrun for example_branch_labels to 2022-02-15 00:00:00+00:00
[2022-02-16 17:07:56,995] {processor.py:171} INFO - Processing /home/airflow/.local/lib/python3.7/site-packages/airflow/example_dags/example_branch_labels.py took 0.125 seconds
[2022-02-16 17:08:28,048] {processor.py:163} INFO - Started process (PID=3800) to work on /home/airflow/.local/lib/python3.7/site-packages/airflow/example_dags/example_branch_labels.py
[2022-02-16 17:08:28,049] {processor.py:642} INFO - Processing file /home/airflow/.local/lib/python3.7/site-packages/airflow/example_dags/example_branch_labels.py for tasks to queue
[2022-02-16 17:08:28,052] {logging_mixin.py:109} INFO - [2022-02-16 17:08:28,052] {dagbag.py:500} INFO - Filling up the DagBag from /home/airflow/.local/lib/python3.7/site-packages/airflow/example_dags/example_branch_labels.py
[2022-02-16 17:08:28,099] {processor.py:654} INFO - DAG(s) dict_keys(['example_branch_labels']) retrieved from /home/airflow/.local/lib/python3.7/site-packages/airflow/example_dags/example_branch_labels.py
[2022-02-16 17:08:28,114] {logging_mixin.py:109} INFO - [2022-02-16 17:08:28,114] {dag.py:2396} INFO - Sync 1 DAGs
[2022-02-16 17:08:28,146] {logging_mixin.py:109} INFO - [2022-02-16 17:08:28,146] {dag.py:2935} INFO - Setting next_dagrun for example_branch_labels to 2022-02-15 00:00:00+00:00
[2022-02-16 17:08:28,161] {processor.py:171} INFO - Processing /home/airflow/.local/lib/python3.7/site-packages/airflow/example_dags/example_branch_labels.py took 0.117 seconds
[2022-02-16 17:08:59,430] {processor.py:163} INFO - Started process (PID=3985) to work on /home/airflow/.local/lib/python3.7/site-packages/airflow/example_dags/example_branch_labels.py
[2022-02-16 17:08:59,432] {processor.py:642} INFO - Processing file /home/airflow/.local/lib/python3.7/site-packages/airflow/example_dags/example_branch_labels.py for tasks to queue
[2022-02-16 17:08:59,433] {logging_mixin.py:109} INFO - [2022-02-16 17:08:59,433] {dagbag.py:500} INFO - Filling up the DagBag from /home/airflow/.local/lib/python3.7/site-packages/airflow/example_dags/example_branch_labels.py
[2022-02-16 17:08:59,475] {processor.py:654} INFO - DAG(s) dict_keys(['example_branch_labels']) retrieved from /home/airflow/.local/lib/python3.7/site-packages/airflow/example_dags/example_branch_labels.py
[2022-02-16 17:08:59,491] {logging_mixin.py:109} INFO - [2022-02-16 17:08:59,491] {dag.py:2396} INFO - Sync 1 DAGs
[2022-02-16 17:08:59,524] {logging_mixin.py:109} INFO - [2022-02-16 17:08:59,524] {dag.py:2935} INFO - Setting next_dagrun for example_branch_labels to 2022-02-15 00:00:00+00:00
[2022-02-16 17:08:59,541] {processor.py:171} INFO - Processing /home/airflow/.local/lib/python3.7/site-packages/airflow/example_dags/example_branch_labels.py took 0.116 seconds
[2022-02-16 17:09:30,344] {processor.py:163} INFO - Started process (PID=4168) to work on /home/airflow/.local/lib/python3.7/site-packages/airflow/example_dags/example_branch_labels.py
[2022-02-16 17:09:30,350] {processor.py:642} INFO - Processing file /home/airflow/.local/lib/python3.7/site-packages/airflow/example_dags/example_branch_labels.py for tasks to queue
[2022-02-16 17:09:30,353] {logging_mixin.py:109} INFO - [2022-02-16 17:09:30,353] {dagbag.py:500} INFO - Filling up the DagBag from /home/airflow/.local/lib/python3.7/site-packages/airflow/example_dags/example_branch_labels.py
[2022-02-16 17:09:30,423] {processor.py:654} INFO - DAG(s) dict_keys(['example_branch_labels']) retrieved from /home/airflow/.local/lib/python3.7/site-packages/airflow/example_dags/example_branch_labels.py
[2022-02-16 17:09:30,441] {logging_mixin.py:109} INFO - [2022-02-16 17:09:30,441] {dag.py:2396} INFO - Sync 1 DAGs
[2022-02-16 17:09:30,468] {logging_mixin.py:109} INFO - [2022-02-16 17:09:30,468] {dag.py:2935} INFO - Setting next_dagrun for example_branch_labels to 2022-02-15 00:00:00+00:00
[2022-02-16 17:09:30,479] {processor.py:171} INFO - Processing /home/airflow/.local/lib/python3.7/site-packages/airflow/example_dags/example_branch_labels.py took 0.140 seconds
[2022-02-16 17:10:01,212] {processor.py:163} INFO - Started process (PID=4361) to work on /home/airflow/.local/lib/python3.7/site-packages/airflow/example_dags/example_branch_labels.py
[2022-02-16 17:10:01,214] {processor.py:642} INFO - Processing file /home/airflow/.local/lib/python3.7/site-packages/airflow/example_dags/example_branch_labels.py for tasks to queue
[2022-02-16 17:10:01,214] {logging_mixin.py:109} INFO - [2022-02-16 17:10:01,214] {dagbag.py:500} INFO - Filling up the DagBag from /home/airflow/.local/lib/python3.7/site-packages/airflow/example_dags/example_branch_labels.py
[2022-02-16 17:10:01,273] {processor.py:654} INFO - DAG(s) dict_keys(['example_branch_labels']) retrieved from /home/airflow/.local/lib/python3.7/site-packages/airflow/example_dags/example_branch_labels.py
[2022-02-16 17:10:01,308] {logging_mixin.py:109} INFO - [2022-02-16 17:10:01,308] {dag.py:2396} INFO - Sync 1 DAGs
[2022-02-16 17:10:01,346] {logging_mixin.py:109} INFO - [2022-02-16 17:10:01,346] {dag.py:2935} INFO - Setting next_dagrun for example_branch_labels to 2022-02-15 00:00:00+00:00
[2022-02-16 17:10:01,370] {processor.py:171} INFO - Processing /home/airflow/.local/lib/python3.7/site-packages/airflow/example_dags/example_branch_labels.py took 0.162 seconds
[2022-02-16 17:10:32,502] {processor.py:163} INFO - Started process (PID=4547) to work on /home/airflow/.local/lib/python3.7/site-packages/airflow/example_dags/example_branch_labels.py
[2022-02-16 17:10:32,503] {processor.py:642} INFO - Processing file /home/airflow/.local/lib/python3.7/site-packages/airflow/example_dags/example_branch_labels.py for tasks to queue
[2022-02-16 17:10:32,504] {logging_mixin.py:109} INFO - [2022-02-16 17:10:32,504] {dagbag.py:500} INFO - Filling up the DagBag from /home/airflow/.local/lib/python3.7/site-packages/airflow/example_dags/example_branch_labels.py
[2022-02-16 17:10:32,588] {processor.py:654} INFO - DAG(s) dict_keys(['example_branch_labels']) retrieved from /home/airflow/.local/lib/python3.7/site-packages/airflow/example_dags/example_branch_labels.py
[2022-02-16 17:10:32,605] {logging_mixin.py:109} INFO - [2022-02-16 17:10:32,604] {dag.py:2396} INFO - Sync 1 DAGs
[2022-02-16 17:10:32,629] {logging_mixin.py:109} INFO - [2022-02-16 17:10:32,629] {dag.py:2935} INFO - Setting next_dagrun for example_branch_labels to 2022-02-15 00:00:00+00:00
[2022-02-16 17:10:32,642] {processor.py:171} INFO - Processing /home/airflow/.local/lib/python3.7/site-packages/airflow/example_dags/example_branch_labels.py took 0.151 seconds
[2022-02-16 17:11:03,512] {processor.py:163} INFO - Started process (PID=4732) to work on /home/airflow/.local/lib/python3.7/site-packages/airflow/example_dags/example_branch_labels.py
[2022-02-16 17:11:03,518] {processor.py:642} INFO - Processing file /home/airflow/.local/lib/python3.7/site-packages/airflow/example_dags/example_branch_labels.py for tasks to queue
[2022-02-16 17:11:03,519] {logging_mixin.py:109} INFO - [2022-02-16 17:11:03,519] {dagbag.py:500} INFO - Filling up the DagBag from /home/airflow/.local/lib/python3.7/site-packages/airflow/example_dags/example_branch_labels.py
[2022-02-16 17:11:03,567] {processor.py:654} INFO - DAG(s) dict_keys(['example_branch_labels']) retrieved from /home/airflow/.local/lib/python3.7/site-packages/airflow/example_dags/example_branch_labels.py
[2022-02-16 17:11:03,581] {logging_mixin.py:109} INFO - [2022-02-16 17:11:03,581] {dag.py:2396} INFO - Sync 1 DAGs
[2022-02-16 17:11:03,609] {logging_mixin.py:109} INFO - [2022-02-16 17:11:03,609] {dag.py:2935} INFO - Setting next_dagrun for example_branch_labels to 2022-02-15 00:00:00+00:00
[2022-02-16 17:11:03,618] {processor.py:171} INFO - Processing /home/airflow/.local/lib/python3.7/site-packages/airflow/example_dags/example_branch_labels.py took 0.111 seconds
[2022-02-16 17:11:35,100] {processor.py:163} INFO - Started process (PID=4922) to work on /home/airflow/.local/lib/python3.7/site-packages/airflow/example_dags/example_branch_labels.py
[2022-02-16 17:11:35,104] {processor.py:642} INFO - Processing file /home/airflow/.local/lib/python3.7/site-packages/airflow/example_dags/example_branch_labels.py for tasks to queue
[2022-02-16 17:11:35,110] {logging_mixin.py:109} INFO - [2022-02-16 17:11:35,110] {dagbag.py:500} INFO - Filling up the DagBag from /home/airflow/.local/lib/python3.7/site-packages/airflow/example_dags/example_branch_labels.py
[2022-02-16 17:11:35,188] {processor.py:654} INFO - DAG(s) dict_keys(['example_branch_labels']) retrieved from /home/airflow/.local/lib/python3.7/site-packages/airflow/example_dags/example_branch_labels.py
[2022-02-16 17:11:35,210] {logging_mixin.py:109} INFO - [2022-02-16 17:11:35,210] {dag.py:2396} INFO - Sync 1 DAGs
[2022-02-16 17:11:35,250] {logging_mixin.py:109} INFO - [2022-02-16 17:11:35,250] {dag.py:2935} INFO - Setting next_dagrun for example_branch_labels to 2022-02-15 00:00:00+00:00
[2022-02-16 17:11:35,282] {processor.py:171} INFO - Processing /home/airflow/.local/lib/python3.7/site-packages/airflow/example_dags/example_branch_labels.py took 0.187 seconds
[2022-02-16 17:12:06,051] {processor.py:163} INFO - Started process (PID=5116) to work on /home/airflow/.local/lib/python3.7/site-packages/airflow/example_dags/example_branch_labels.py
[2022-02-16 17:12:06,052] {processor.py:642} INFO - Processing file /home/airflow/.local/lib/python3.7/site-packages/airflow/example_dags/example_branch_labels.py for tasks to queue
[2022-02-16 17:12:06,053] {logging_mixin.py:109} INFO - [2022-02-16 17:12:06,053] {dagbag.py:500} INFO - Filling up the DagBag from /home/airflow/.local/lib/python3.7/site-packages/airflow/example_dags/example_branch_labels.py
[2022-02-16 17:12:06,084] {processor.py:654} INFO - DAG(s) dict_keys(['example_branch_labels']) retrieved from /home/airflow/.local/lib/python3.7/site-packages/airflow/example_dags/example_branch_labels.py
[2022-02-16 17:12:06,096] {logging_mixin.py:109} INFO - [2022-02-16 17:12:06,095] {dag.py:2396} INFO - Sync 1 DAGs
[2022-02-16 17:12:06,115] {logging_mixin.py:109} INFO - [2022-02-16 17:12:06,115] {dag.py:2935} INFO - Setting next_dagrun for example_branch_labels to 2022-02-15 00:00:00+00:00
[2022-02-16 17:12:06,124] {processor.py:171} INFO - Processing /home/airflow/.local/lib/python3.7/site-packages/airflow/example_dags/example_branch_labels.py took 0.077 seconds
[2022-02-16 17:12:36,766] {processor.py:163} INFO - Started process (PID=5302) to work on /home/airflow/.local/lib/python3.7/site-packages/airflow/example_dags/example_branch_labels.py
[2022-02-16 17:12:36,768] {processor.py:642} INFO - Processing file /home/airflow/.local/lib/python3.7/site-packages/airflow/example_dags/example_branch_labels.py for tasks to queue
[2022-02-16 17:12:36,769] {logging_mixin.py:109} INFO - [2022-02-16 17:12:36,769] {dagbag.py:500} INFO - Filling up the DagBag from /home/airflow/.local/lib/python3.7/site-packages/airflow/example_dags/example_branch_labels.py
[2022-02-16 17:12:36,808] {processor.py:654} INFO - DAG(s) dict_keys(['example_branch_labels']) retrieved from /home/airflow/.local/lib/python3.7/site-packages/airflow/example_dags/example_branch_labels.py
[2022-02-16 17:12:36,821] {logging_mixin.py:109} INFO - [2022-02-16 17:12:36,821] {dag.py:2396} INFO - Sync 1 DAGs
[2022-02-16 17:12:36,843] {logging_mixin.py:109} INFO - [2022-02-16 17:12:36,843] {dag.py:2935} INFO - Setting next_dagrun for example_branch_labels to 2022-02-15 00:00:00+00:00
[2022-02-16 17:12:36,852] {processor.py:171} INFO - Processing /home/airflow/.local/lib/python3.7/site-packages/airflow/example_dags/example_branch_labels.py took 0.092 seconds
[2022-02-16 17:13:08,317] {processor.py:163} INFO - Started process (PID=5498) to work on /home/airflow/.local/lib/python3.7/site-packages/airflow/example_dags/example_branch_labels.py
[2022-02-16 17:13:08,319] {processor.py:642} INFO - Processing file /home/airflow/.local/lib/python3.7/site-packages/airflow/example_dags/example_branch_labels.py for tasks to queue
[2022-02-16 17:13:08,322] {logging_mixin.py:109} INFO - [2022-02-16 17:13:08,320] {dagbag.py:500} INFO - Filling up the DagBag from /home/airflow/.local/lib/python3.7/site-packages/airflow/example_dags/example_branch_labels.py
[2022-02-16 17:13:08,376] {processor.py:654} INFO - DAG(s) dict_keys(['example_branch_labels']) retrieved from /home/airflow/.local/lib/python3.7/site-packages/airflow/example_dags/example_branch_labels.py
[2022-02-16 17:13:08,389] {logging_mixin.py:109} INFO - [2022-02-16 17:13:08,389] {dag.py:2396} INFO - Sync 1 DAGs
[2022-02-16 17:13:08,411] {logging_mixin.py:109} INFO - [2022-02-16 17:13:08,411] {dag.py:2935} INFO - Setting next_dagrun for example_branch_labels to 2022-02-15 00:00:00+00:00
[2022-02-16 17:13:08,422] {processor.py:171} INFO - Processing /home/airflow/.local/lib/python3.7/site-packages/airflow/example_dags/example_branch_labels.py took 0.109 seconds
[2022-02-16 17:13:39,717] {processor.py:163} INFO - Started process (PID=5697) to work on /home/airflow/.local/lib/python3.7/site-packages/airflow/example_dags/example_branch_labels.py
[2022-02-16 17:13:39,721] {processor.py:642} INFO - Processing file /home/airflow/.local/lib/python3.7/site-packages/airflow/example_dags/example_branch_labels.py for tasks to queue
[2022-02-16 17:13:39,722] {logging_mixin.py:109} INFO - [2022-02-16 17:13:39,722] {dagbag.py:500} INFO - Filling up the DagBag from /home/airflow/.local/lib/python3.7/site-packages/airflow/example_dags/example_branch_labels.py
[2022-02-16 17:13:39,787] {processor.py:654} INFO - DAG(s) dict_keys(['example_branch_labels']) retrieved from /home/airflow/.local/lib/python3.7/site-packages/airflow/example_dags/example_branch_labels.py
[2022-02-16 17:13:39,807] {logging_mixin.py:109} INFO - [2022-02-16 17:13:39,807] {dag.py:2396} INFO - Sync 1 DAGs
[2022-02-16 17:13:39,853] {logging_mixin.py:109} INFO - [2022-02-16 17:13:39,853] {dag.py:2935} INFO - Setting next_dagrun for example_branch_labels to 2022-02-15 00:00:00+00:00
[2022-02-16 17:13:39,872] {processor.py:171} INFO - Processing /home/airflow/.local/lib/python3.7/site-packages/airflow/example_dags/example_branch_labels.py took 0.168 seconds
[2022-02-16 17:14:10,273] {processor.py:163} INFO - Started process (PID=5898) to work on /home/airflow/.local/lib/python3.7/site-packages/airflow/example_dags/example_branch_labels.py
[2022-02-16 17:14:10,274] {processor.py:642} INFO - Processing file /home/airflow/.local/lib/python3.7/site-packages/airflow/example_dags/example_branch_labels.py for tasks to queue
[2022-02-16 17:14:10,275] {logging_mixin.py:109} INFO - [2022-02-16 17:14:10,275] {dagbag.py:500} INFO - Filling up the DagBag from /home/airflow/.local/lib/python3.7/site-packages/airflow/example_dags/example_branch_labels.py
[2022-02-16 17:14:10,310] {processor.py:654} INFO - DAG(s) dict_keys(['example_branch_labels']) retrieved from /home/airflow/.local/lib/python3.7/site-packages/airflow/example_dags/example_branch_labels.py
[2022-02-16 17:14:10,323] {logging_mixin.py:109} INFO - [2022-02-16 17:14:10,323] {dag.py:2396} INFO - Sync 1 DAGs
[2022-02-16 17:14:10,348] {logging_mixin.py:109} INFO - [2022-02-16 17:14:10,348] {dag.py:2935} INFO - Setting next_dagrun for example_branch_labels to 2022-02-15 00:00:00+00:00
[2022-02-16 17:14:10,358] {processor.py:171} INFO - Processing /home/airflow/.local/lib/python3.7/site-packages/airflow/example_dags/example_branch_labels.py took 0.089 seconds
[2022-02-16 17:14:41,488] {processor.py:163} INFO - Started process (PID=6092) to work on /home/airflow/.local/lib/python3.7/site-packages/airflow/example_dags/example_branch_labels.py
[2022-02-16 17:14:41,490] {processor.py:642} INFO - Processing file /home/airflow/.local/lib/python3.7/site-packages/airflow/example_dags/example_branch_labels.py for tasks to queue
[2022-02-16 17:14:41,490] {logging_mixin.py:109} INFO - [2022-02-16 17:14:41,490] {dagbag.py:500} INFO - Filling up the DagBag from /home/airflow/.local/lib/python3.7/site-packages/airflow/example_dags/example_branch_labels.py
[2022-02-16 17:14:41,521] {processor.py:654} INFO - DAG(s) dict_keys(['example_branch_labels']) retrieved from /home/airflow/.local/lib/python3.7/site-packages/airflow/example_dags/example_branch_labels.py
[2022-02-16 17:14:41,533] {logging_mixin.py:109} INFO - [2022-02-16 17:14:41,533] {dag.py:2396} INFO - Sync 1 DAGs
[2022-02-16 17:14:41,552] {logging_mixin.py:109} INFO - [2022-02-16 17:14:41,552] {dag.py:2935} INFO - Setting next_dagrun for example_branch_labels to 2022-02-15 00:00:00+00:00
[2022-02-16 17:14:41,561] {processor.py:171} INFO - Processing /home/airflow/.local/lib/python3.7/site-packages/airflow/example_dags/example_branch_labels.py took 0.077 seconds
[2022-02-16 17:15:11,896] {processor.py:163} INFO - Started process (PID=6295) to work on /home/airflow/.local/lib/python3.7/site-packages/airflow/example_dags/example_branch_labels.py
[2022-02-16 17:15:11,903] {processor.py:642} INFO - Processing file /home/airflow/.local/lib/python3.7/site-packages/airflow/example_dags/example_branch_labels.py for tasks to queue
[2022-02-16 17:15:11,904] {logging_mixin.py:109} INFO - [2022-02-16 17:15:11,904] {dagbag.py:500} INFO - Filling up the DagBag from /home/airflow/.local/lib/python3.7/site-packages/airflow/example_dags/example_branch_labels.py
[2022-02-16 17:15:11,999] {processor.py:654} INFO - DAG(s) dict_keys(['example_branch_labels']) retrieved from /home/airflow/.local/lib/python3.7/site-packages/airflow/example_dags/example_branch_labels.py
[2022-02-16 17:15:12,037] {logging_mixin.py:109} INFO - [2022-02-16 17:15:12,036] {dag.py:2396} INFO - Sync 1 DAGs
[2022-02-16 17:15:12,092] {logging_mixin.py:109} INFO - [2022-02-16 17:15:12,092] {dag.py:2935} INFO - Setting next_dagrun for example_branch_labels to 2022-02-15 00:00:00+00:00
[2022-02-16 17:15:12,131] {processor.py:171} INFO - Processing /home/airflow/.local/lib/python3.7/site-packages/airflow/example_dags/example_branch_labels.py took 0.244 seconds
[2022-02-16 17:15:42,183] {processor.py:163} INFO - Started process (PID=6490) to work on /home/airflow/.local/lib/python3.7/site-packages/airflow/example_dags/example_branch_labels.py
[2022-02-16 17:15:42,185] {processor.py:642} INFO - Processing file /home/airflow/.local/lib/python3.7/site-packages/airflow/example_dags/example_branch_labels.py for tasks to queue
[2022-02-16 17:15:42,186] {logging_mixin.py:109} INFO - [2022-02-16 17:15:42,186] {dagbag.py:500} INFO - Filling up the DagBag from /home/airflow/.local/lib/python3.7/site-packages/airflow/example_dags/example_branch_labels.py
[2022-02-16 17:15:42,236] {processor.py:654} INFO - DAG(s) dict_keys(['example_branch_labels']) retrieved from /home/airflow/.local/lib/python3.7/site-packages/airflow/example_dags/example_branch_labels.py
[2022-02-16 17:15:42,254] {logging_mixin.py:109} INFO - [2022-02-16 17:15:42,252] {dag.py:2396} INFO - Sync 1 DAGs
[2022-02-16 17:15:42,283] {logging_mixin.py:109} INFO - [2022-02-16 17:15:42,282] {dag.py:2935} INFO - Setting next_dagrun for example_branch_labels to 2022-02-15 00:00:00+00:00
[2022-02-16 17:15:42,295] {processor.py:171} INFO - Processing /home/airflow/.local/lib/python3.7/site-packages/airflow/example_dags/example_branch_labels.py took 0.118 seconds
[2022-02-16 17:16:12,896] {processor.py:163} INFO - Started process (PID=6677) to work on /home/airflow/.local/lib/python3.7/site-packages/airflow/example_dags/example_branch_labels.py
[2022-02-16 17:16:12,897] {processor.py:642} INFO - Processing file /home/airflow/.local/lib/python3.7/site-packages/airflow/example_dags/example_branch_labels.py for tasks to queue
[2022-02-16 17:16:12,898] {logging_mixin.py:109} INFO - [2022-02-16 17:16:12,898] {dagbag.py:500} INFO - Filling up the DagBag from /home/airflow/.local/lib/python3.7/site-packages/airflow/example_dags/example_branch_labels.py
[2022-02-16 17:16:12,928] {processor.py:654} INFO - DAG(s) dict_keys(['example_branch_labels']) retrieved from /home/airflow/.local/lib/python3.7/site-packages/airflow/example_dags/example_branch_labels.py
[2022-02-16 17:16:12,940] {logging_mixin.py:109} INFO - [2022-02-16 17:16:12,939] {dag.py:2396} INFO - Sync 1 DAGs
[2022-02-16 17:16:12,957] {logging_mixin.py:109} INFO - [2022-02-16 17:16:12,957] {dag.py:2935} INFO - Setting next_dagrun for example_branch_labels to 2022-02-15 00:00:00+00:00
[2022-02-16 17:16:12,965] {processor.py:171} INFO - Processing /home/airflow/.local/lib/python3.7/site-packages/airflow/example_dags/example_branch_labels.py took 0.073 seconds
[2022-02-16 17:16:43,697] {processor.py:163} INFO - Started process (PID=6868) to work on /home/airflow/.local/lib/python3.7/site-packages/airflow/example_dags/example_branch_labels.py
[2022-02-16 17:16:43,699] {processor.py:642} INFO - Processing file /home/airflow/.local/lib/python3.7/site-packages/airflow/example_dags/example_branch_labels.py for tasks to queue
[2022-02-16 17:16:43,700] {logging_mixin.py:109} INFO - [2022-02-16 17:16:43,699] {dagbag.py:500} INFO - Filling up the DagBag from /home/airflow/.local/lib/python3.7/site-packages/airflow/example_dags/example_branch_labels.py
[2022-02-16 17:16:43,740] {processor.py:654} INFO - DAG(s) dict_keys(['example_branch_labels']) retrieved from /home/airflow/.local/lib/python3.7/site-packages/airflow/example_dags/example_branch_labels.py
[2022-02-16 17:16:43,751] {logging_mixin.py:109} INFO - [2022-02-16 17:16:43,751] {dag.py:2396} INFO - Sync 1 DAGs
[2022-02-16 17:16:43,771] {logging_mixin.py:109} INFO - [2022-02-16 17:16:43,771] {dag.py:2935} INFO - Setting next_dagrun for example_branch_labels to 2022-02-15 00:00:00+00:00
[2022-02-16 17:16:43,782] {processor.py:171} INFO - Processing /home/airflow/.local/lib/python3.7/site-packages/airflow/example_dags/example_branch_labels.py took 0.089 seconds
[2022-02-16 17:17:14,172] {processor.py:163} INFO - Started process (PID=7068) to work on /home/airflow/.local/lib/python3.7/site-packages/airflow/example_dags/example_branch_labels.py
[2022-02-16 17:17:14,174] {processor.py:642} INFO - Processing file /home/airflow/.local/lib/python3.7/site-packages/airflow/example_dags/example_branch_labels.py for tasks to queue
[2022-02-16 17:17:14,175] {logging_mixin.py:109} INFO - [2022-02-16 17:17:14,174] {dagbag.py:500} INFO - Filling up the DagBag from /home/airflow/.local/lib/python3.7/site-packages/airflow/example_dags/example_branch_labels.py
[2022-02-16 17:17:14,207] {processor.py:654} INFO - DAG(s) dict_keys(['example_branch_labels']) retrieved from /home/airflow/.local/lib/python3.7/site-packages/airflow/example_dags/example_branch_labels.py
[2022-02-16 17:17:14,219] {logging_mixin.py:109} INFO - [2022-02-16 17:17:14,219] {dag.py:2396} INFO - Sync 1 DAGs
[2022-02-16 17:17:14,239] {logging_mixin.py:109} INFO - [2022-02-16 17:17:14,239] {dag.py:2935} INFO - Setting next_dagrun for example_branch_labels to 2022-02-15 00:00:00+00:00
[2022-02-16 17:17:14,249] {processor.py:171} INFO - Processing /home/airflow/.local/lib/python3.7/site-packages/airflow/example_dags/example_branch_labels.py took 0.082 seconds
[2022-02-16 17:17:44,439] {processor.py:163} INFO - Started process (PID=7258) to work on /home/airflow/.local/lib/python3.7/site-packages/airflow/example_dags/example_branch_labels.py
[2022-02-16 17:17:44,440] {processor.py:642} INFO - Processing file /home/airflow/.local/lib/python3.7/site-packages/airflow/example_dags/example_branch_labels.py for tasks to queue
[2022-02-16 17:17:44,441] {logging_mixin.py:109} INFO - [2022-02-16 17:17:44,441] {dagbag.py:500} INFO - Filling up the DagBag from /home/airflow/.local/lib/python3.7/site-packages/airflow/example_dags/example_branch_labels.py
[2022-02-16 17:17:44,473] {processor.py:654} INFO - DAG(s) dict_keys(['example_branch_labels']) retrieved from /home/airflow/.local/lib/python3.7/site-packages/airflow/example_dags/example_branch_labels.py
[2022-02-16 17:17:44,484] {logging_mixin.py:109} INFO - [2022-02-16 17:17:44,484] {dag.py:2396} INFO - Sync 1 DAGs
[2022-02-16 17:17:44,502] {logging_mixin.py:109} INFO - [2022-02-16 17:17:44,502] {dag.py:2935} INFO - Setting next_dagrun for example_branch_labels to 2022-02-15 00:00:00+00:00
[2022-02-16 17:17:44,511] {processor.py:171} INFO - Processing /home/airflow/.local/lib/python3.7/site-packages/airflow/example_dags/example_branch_labels.py took 0.077 seconds
[2022-02-16 17:18:15,232] {processor.py:163} INFO - Started process (PID=7456) to work on /home/airflow/.local/lib/python3.7/site-packages/airflow/example_dags/example_branch_labels.py
[2022-02-16 17:18:15,233] {processor.py:642} INFO - Processing file /home/airflow/.local/lib/python3.7/site-packages/airflow/example_dags/example_branch_labels.py for tasks to queue
[2022-02-16 17:18:15,234] {logging_mixin.py:109} INFO - [2022-02-16 17:18:15,234] {dagbag.py:500} INFO - Filling up the DagBag from /home/airflow/.local/lib/python3.7/site-packages/airflow/example_dags/example_branch_labels.py
[2022-02-16 17:18:15,266] {processor.py:654} INFO - DAG(s) dict_keys(['example_branch_labels']) retrieved from /home/airflow/.local/lib/python3.7/site-packages/airflow/example_dags/example_branch_labels.py
[2022-02-16 17:18:15,277] {logging_mixin.py:109} INFO - [2022-02-16 17:18:15,277] {dag.py:2396} INFO - Sync 1 DAGs
[2022-02-16 17:18:15,296] {logging_mixin.py:109} INFO - [2022-02-16 17:18:15,296] {dag.py:2935} INFO - Setting next_dagrun for example_branch_labels to 2022-02-15 00:00:00+00:00
[2022-02-16 17:18:15,308] {processor.py:171} INFO - Processing /home/airflow/.local/lib/python3.7/site-packages/airflow/example_dags/example_branch_labels.py took 0.081 seconds
[2022-02-16 17:18:45,421] {processor.py:163} INFO - Started process (PID=7645) to work on /home/airflow/.local/lib/python3.7/site-packages/airflow/example_dags/example_branch_labels.py
[2022-02-16 17:18:45,423] {processor.py:642} INFO - Processing file /home/airflow/.local/lib/python3.7/site-packages/airflow/example_dags/example_branch_labels.py for tasks to queue
[2022-02-16 17:18:45,424] {logging_mixin.py:109} INFO - [2022-02-16 17:18:45,424] {dagbag.py:500} INFO - Filling up the DagBag from /home/airflow/.local/lib/python3.7/site-packages/airflow/example_dags/example_branch_labels.py
[2022-02-16 17:18:45,465] {processor.py:654} INFO - DAG(s) dict_keys(['example_branch_labels']) retrieved from /home/airflow/.local/lib/python3.7/site-packages/airflow/example_dags/example_branch_labels.py
[2022-02-16 17:18:45,483] {logging_mixin.py:109} INFO - [2022-02-16 17:18:45,483] {dag.py:2396} INFO - Sync 1 DAGs
[2022-02-16 17:18:45,531] {logging_mixin.py:109} INFO - [2022-02-16 17:18:45,531] {dag.py:2935} INFO - Setting next_dagrun for example_branch_labels to 2022-02-15 00:00:00+00:00
[2022-02-16 17:18:45,546] {processor.py:171} INFO - Processing /home/airflow/.local/lib/python3.7/site-packages/airflow/example_dags/example_branch_labels.py took 0.130 seconds
[2022-02-16 17:19:15,822] {processor.py:163} INFO - Started process (PID=7845) to work on /home/airflow/.local/lib/python3.7/site-packages/airflow/example_dags/example_branch_labels.py
[2022-02-16 17:19:15,823] {processor.py:642} INFO - Processing file /home/airflow/.local/lib/python3.7/site-packages/airflow/example_dags/example_branch_labels.py for tasks to queue
[2022-02-16 17:19:15,824] {logging_mixin.py:109} INFO - [2022-02-16 17:19:15,824] {dagbag.py:500} INFO - Filling up the DagBag from /home/airflow/.local/lib/python3.7/site-packages/airflow/example_dags/example_branch_labels.py
[2022-02-16 17:19:15,870] {processor.py:654} INFO - DAG(s) dict_keys(['example_branch_labels']) retrieved from /home/airflow/.local/lib/python3.7/site-packages/airflow/example_dags/example_branch_labels.py
[2022-02-16 17:19:15,887] {logging_mixin.py:109} INFO - [2022-02-16 17:19:15,886] {dag.py:2396} INFO - Sync 1 DAGs
[2022-02-16 17:19:15,914] {logging_mixin.py:109} INFO - [2022-02-16 17:19:15,914] {dag.py:2935} INFO - Setting next_dagrun for example_branch_labels to 2022-02-15 00:00:00+00:00
[2022-02-16 17:19:15,927] {processor.py:171} INFO - Processing /home/airflow/.local/lib/python3.7/site-packages/airflow/example_dags/example_branch_labels.py took 0.110 seconds
[2022-02-16 17:19:46,038] {processor.py:163} INFO - Started process (PID=8044) to work on /home/airflow/.local/lib/python3.7/site-packages/airflow/example_dags/example_branch_labels.py
[2022-02-16 17:19:46,040] {processor.py:642} INFO - Processing file /home/airflow/.local/lib/python3.7/site-packages/airflow/example_dags/example_branch_labels.py for tasks to queue
[2022-02-16 17:19:46,040] {logging_mixin.py:109} INFO - [2022-02-16 17:19:46,040] {dagbag.py:500} INFO - Filling up the DagBag from /home/airflow/.local/lib/python3.7/site-packages/airflow/example_dags/example_branch_labels.py
[2022-02-16 17:19:46,073] {processor.py:654} INFO - DAG(s) dict_keys(['example_branch_labels']) retrieved from /home/airflow/.local/lib/python3.7/site-packages/airflow/example_dags/example_branch_labels.py
[2022-02-16 17:19:46,084] {logging_mixin.py:109} INFO - [2022-02-16 17:19:46,083] {dag.py:2396} INFO - Sync 1 DAGs
[2022-02-16 17:19:46,102] {logging_mixin.py:109} INFO - [2022-02-16 17:19:46,102] {dag.py:2935} INFO - Setting next_dagrun for example_branch_labels to 2022-02-15 00:00:00+00:00
[2022-02-16 17:19:46,112] {processor.py:171} INFO - Processing /home/airflow/.local/lib/python3.7/site-packages/airflow/example_dags/example_branch_labels.py took 0.078 seconds
[2022-02-16 17:20:16,302] {processor.py:163} INFO - Started process (PID=8237) to work on /home/airflow/.local/lib/python3.7/site-packages/airflow/example_dags/example_branch_labels.py
[2022-02-16 17:20:16,303] {processor.py:642} INFO - Processing file /home/airflow/.local/lib/python3.7/site-packages/airflow/example_dags/example_branch_labels.py for tasks to queue
[2022-02-16 17:20:16,304] {logging_mixin.py:109} INFO - [2022-02-16 17:20:16,304] {dagbag.py:500} INFO - Filling up the DagBag from /home/airflow/.local/lib/python3.7/site-packages/airflow/example_dags/example_branch_labels.py
[2022-02-16 17:20:16,337] {processor.py:654} INFO - DAG(s) dict_keys(['example_branch_labels']) retrieved from /home/airflow/.local/lib/python3.7/site-packages/airflow/example_dags/example_branch_labels.py
[2022-02-16 17:20:16,350] {logging_mixin.py:109} INFO - [2022-02-16 17:20:16,350] {dag.py:2396} INFO - Sync 1 DAGs
[2022-02-16 17:20:16,369] {logging_mixin.py:109} INFO - [2022-02-16 17:20:16,369] {dag.py:2935} INFO - Setting next_dagrun for example_branch_labels to 2022-02-15 00:00:00+00:00
[2022-02-16 17:20:16,380] {processor.py:171} INFO - Processing /home/airflow/.local/lib/python3.7/site-packages/airflow/example_dags/example_branch_labels.py took 0.082 seconds
[2022-02-16 17:20:46,664] {processor.py:163} INFO - Started process (PID=8442) to work on /home/airflow/.local/lib/python3.7/site-packages/airflow/example_dags/example_branch_labels.py
[2022-02-16 17:20:46,665] {processor.py:642} INFO - Processing file /home/airflow/.local/lib/python3.7/site-packages/airflow/example_dags/example_branch_labels.py for tasks to queue
[2022-02-16 17:20:46,666] {logging_mixin.py:109} INFO - [2022-02-16 17:20:46,666] {dagbag.py:500} INFO - Filling up the DagBag from /home/airflow/.local/lib/python3.7/site-packages/airflow/example_dags/example_branch_labels.py
[2022-02-16 17:20:46,696] {processor.py:654} INFO - DAG(s) dict_keys(['example_branch_labels']) retrieved from /home/airflow/.local/lib/python3.7/site-packages/airflow/example_dags/example_branch_labels.py
[2022-02-16 17:20:46,707] {logging_mixin.py:109} INFO - [2022-02-16 17:20:46,707] {dag.py:2396} INFO - Sync 1 DAGs
[2022-02-16 17:20:46,725] {logging_mixin.py:109} INFO - [2022-02-16 17:20:46,725] {dag.py:2935} INFO - Setting next_dagrun for example_branch_labels to 2022-02-15 00:00:00+00:00
[2022-02-16 17:20:46,734] {processor.py:171} INFO - Processing /home/airflow/.local/lib/python3.7/site-packages/airflow/example_dags/example_branch_labels.py took 0.074 seconds
[2022-02-16 17:21:16,828] {processor.py:163} INFO - Started process (PID=8635) to work on /home/airflow/.local/lib/python3.7/site-packages/airflow/example_dags/example_branch_labels.py
[2022-02-16 17:21:16,830] {processor.py:642} INFO - Processing file /home/airflow/.local/lib/python3.7/site-packages/airflow/example_dags/example_branch_labels.py for tasks to queue
[2022-02-16 17:21:16,831] {logging_mixin.py:109} INFO - [2022-02-16 17:21:16,830] {dagbag.py:500} INFO - Filling up the DagBag from /home/airflow/.local/lib/python3.7/site-packages/airflow/example_dags/example_branch_labels.py
[2022-02-16 17:21:16,877] {processor.py:654} INFO - DAG(s) dict_keys(['example_branch_labels']) retrieved from /home/airflow/.local/lib/python3.7/site-packages/airflow/example_dags/example_branch_labels.py
[2022-02-16 17:21:16,890] {logging_mixin.py:109} INFO - [2022-02-16 17:21:16,890] {dag.py:2396} INFO - Sync 1 DAGs
[2022-02-16 17:21:16,914] {logging_mixin.py:109} INFO - [2022-02-16 17:21:16,914] {dag.py:2935} INFO - Setting next_dagrun for example_branch_labels to 2022-02-15 00:00:00+00:00
[2022-02-16 17:21:16,926] {processor.py:171} INFO - Processing /home/airflow/.local/lib/python3.7/site-packages/airflow/example_dags/example_branch_labels.py took 0.102 seconds
