[2022-02-16 16:58:44,191] {processor.py:163} INFO - Started process (PID=268) to work on /home/airflow/.local/lib/python3.7/site-packages/airflow/example_dags/example_branch_datetime_operator.py
[2022-02-16 16:58:44,192] {processor.py:642} INFO - Processing file /home/airflow/.local/lib/python3.7/site-packages/airflow/example_dags/example_branch_datetime_operator.py for tasks to queue
[2022-02-16 16:58:44,193] {logging_mixin.py:109} INFO - [2022-02-16 16:58:44,193] {dagbag.py:500} INFO - Filling up the DagBag from /home/airflow/.local/lib/python3.7/site-packages/airflow/example_dags/example_branch_datetime_operator.py
[2022-02-16 16:58:44,342] {processor.py:654} INFO - DAG(s) dict_keys(['example_branch_datetime_operator_2']) retrieved from /home/airflow/.local/lib/python3.7/site-packages/airflow/example_dags/example_branch_datetime_operator.py
[2022-02-16 16:58:46,753] {logging_mixin.py:109} INFO - [2022-02-16 16:58:46,753] {manager.py:496} INFO - Created Permission View: can read on DAG:example_branch_datetime_operator_2
[2022-02-16 16:58:46,763] {logging_mixin.py:109} INFO - [2022-02-16 16:58:46,763] {manager.py:496} INFO - Created Permission View: can edit on DAG:example_branch_datetime_operator_2
[2022-02-16 16:58:46,764] {logging_mixin.py:109} INFO - [2022-02-16 16:58:46,763] {dag.py:2396} INFO - Sync 1 DAGs
[2022-02-16 16:58:46,772] {logging_mixin.py:109} INFO - [2022-02-16 16:58:46,772] {dag.py:2415} INFO - Creating ORM DAG for example_branch_datetime_operator_2
[2022-02-16 16:58:46,783] {logging_mixin.py:109} INFO - [2022-02-16 16:58:46,783] {dag.py:2935} INFO - Setting next_dagrun for example_branch_datetime_operator_2 to 2022-02-15 00:00:00+00:00
[2022-02-16 16:58:46,800] {processor.py:171} INFO - Processing /home/airflow/.local/lib/python3.7/site-packages/airflow/example_dags/example_branch_datetime_operator.py took 2.613 seconds
[2022-02-16 16:59:17,065] {processor.py:163} INFO - Started process (PID=489) to work on /home/airflow/.local/lib/python3.7/site-packages/airflow/example_dags/example_branch_datetime_operator.py
[2022-02-16 16:59:17,083] {processor.py:642} INFO - Processing file /home/airflow/.local/lib/python3.7/site-packages/airflow/example_dags/example_branch_datetime_operator.py for tasks to queue
[2022-02-16 16:59:17,084] {logging_mixin.py:109} INFO - [2022-02-16 16:59:17,084] {dagbag.py:500} INFO - Filling up the DagBag from /home/airflow/.local/lib/python3.7/site-packages/airflow/example_dags/example_branch_datetime_operator.py
[2022-02-16 16:59:17,138] {processor.py:654} INFO - DAG(s) dict_keys(['example_branch_datetime_operator_2']) retrieved from /home/airflow/.local/lib/python3.7/site-packages/airflow/example_dags/example_branch_datetime_operator.py
[2022-02-16 16:59:17,152] {logging_mixin.py:109} INFO - [2022-02-16 16:59:17,152] {dag.py:2396} INFO - Sync 1 DAGs
[2022-02-16 16:59:17,184] {logging_mixin.py:109} INFO - [2022-02-16 16:59:17,184] {dag.py:2935} INFO - Setting next_dagrun for example_branch_datetime_operator_2 to 2022-02-15 00:00:00+00:00
[2022-02-16 16:59:17,196] {processor.py:171} INFO - Processing /home/airflow/.local/lib/python3.7/site-packages/airflow/example_dags/example_branch_datetime_operator.py took 0.136 seconds
[2022-02-16 16:59:48,011] {processor.py:163} INFO - Started process (PID=671) to work on /home/airflow/.local/lib/python3.7/site-packages/airflow/example_dags/example_branch_datetime_operator.py
[2022-02-16 16:59:48,013] {processor.py:642} INFO - Processing file /home/airflow/.local/lib/python3.7/site-packages/airflow/example_dags/example_branch_datetime_operator.py for tasks to queue
[2022-02-16 16:59:48,014] {logging_mixin.py:109} INFO - [2022-02-16 16:59:48,014] {dagbag.py:500} INFO - Filling up the DagBag from /home/airflow/.local/lib/python3.7/site-packages/airflow/example_dags/example_branch_datetime_operator.py
[2022-02-16 16:59:48,051] {processor.py:654} INFO - DAG(s) dict_keys(['example_branch_datetime_operator_2']) retrieved from /home/airflow/.local/lib/python3.7/site-packages/airflow/example_dags/example_branch_datetime_operator.py
[2022-02-16 16:59:48,070] {logging_mixin.py:109} INFO - [2022-02-16 16:59:48,069] {dag.py:2396} INFO - Sync 1 DAGs
[2022-02-16 16:59:48,096] {logging_mixin.py:109} INFO - [2022-02-16 16:59:48,096] {dag.py:2935} INFO - Setting next_dagrun for example_branch_datetime_operator_2 to 2022-02-15 00:00:00+00:00
[2022-02-16 16:59:48,106] {processor.py:171} INFO - Processing /home/airflow/.local/lib/python3.7/site-packages/airflow/example_dags/example_branch_datetime_operator.py took 0.099 seconds
[2022-02-16 17:00:19,331] {processor.py:163} INFO - Started process (PID=854) to work on /home/airflow/.local/lib/python3.7/site-packages/airflow/example_dags/example_branch_datetime_operator.py
[2022-02-16 17:00:19,333] {processor.py:642} INFO - Processing file /home/airflow/.local/lib/python3.7/site-packages/airflow/example_dags/example_branch_datetime_operator.py for tasks to queue
[2022-02-16 17:00:19,334] {logging_mixin.py:109} INFO - [2022-02-16 17:00:19,334] {dagbag.py:500} INFO - Filling up the DagBag from /home/airflow/.local/lib/python3.7/site-packages/airflow/example_dags/example_branch_datetime_operator.py
[2022-02-16 17:00:21,771] {processor.py:654} INFO - DAG(s) dict_keys(['example_branch_datetime_operator_2']) retrieved from /home/airflow/.local/lib/python3.7/site-packages/airflow/example_dags/example_branch_datetime_operator.py
[2022-02-16 17:00:22,052] {logging_mixin.py:109} INFO - [2022-02-16 17:00:22,052] {dag.py:2396} INFO - Sync 1 DAGs
[2022-02-16 17:00:22,095] {logging_mixin.py:109} INFO - [2022-02-16 17:00:22,095] {dag.py:2935} INFO - Setting next_dagrun for example_branch_datetime_operator_2 to 2022-02-15 00:00:00+00:00
[2022-02-16 17:00:22,108] {processor.py:171} INFO - Processing /home/airflow/.local/lib/python3.7/site-packages/airflow/example_dags/example_branch_datetime_operator.py took 2.781 seconds
[2022-02-16 17:00:52,768] {processor.py:163} INFO - Started process (PID=1035) to work on /home/airflow/.local/lib/python3.7/site-packages/airflow/example_dags/example_branch_datetime_operator.py
[2022-02-16 17:00:52,773] {processor.py:642} INFO - Processing file /home/airflow/.local/lib/python3.7/site-packages/airflow/example_dags/example_branch_datetime_operator.py for tasks to queue
[2022-02-16 17:00:52,773] {logging_mixin.py:109} INFO - [2022-02-16 17:00:52,773] {dagbag.py:500} INFO - Filling up the DagBag from /home/airflow/.local/lib/python3.7/site-packages/airflow/example_dags/example_branch_datetime_operator.py
[2022-02-16 17:00:52,807] {processor.py:654} INFO - DAG(s) dict_keys(['example_branch_datetime_operator_2']) retrieved from /home/airflow/.local/lib/python3.7/site-packages/airflow/example_dags/example_branch_datetime_operator.py
[2022-02-16 17:00:52,817] {logging_mixin.py:109} INFO - [2022-02-16 17:00:52,817] {dag.py:2396} INFO - Sync 1 DAGs
[2022-02-16 17:00:52,852] {logging_mixin.py:109} INFO - [2022-02-16 17:00:52,852] {dag.py:2935} INFO - Setting next_dagrun for example_branch_datetime_operator_2 to 2022-02-15 00:00:00+00:00
[2022-02-16 17:00:52,871] {processor.py:171} INFO - Processing /home/airflow/.local/lib/python3.7/site-packages/airflow/example_dags/example_branch_datetime_operator.py took 0.107 seconds
[2022-02-16 17:01:22,944] {processor.py:163} INFO - Started process (PID=1225) to work on /home/airflow/.local/lib/python3.7/site-packages/airflow/example_dags/example_branch_datetime_operator.py
[2022-02-16 17:01:22,945] {processor.py:642} INFO - Processing file /home/airflow/.local/lib/python3.7/site-packages/airflow/example_dags/example_branch_datetime_operator.py for tasks to queue
[2022-02-16 17:01:22,946] {logging_mixin.py:109} INFO - [2022-02-16 17:01:22,946] {dagbag.py:500} INFO - Filling up the DagBag from /home/airflow/.local/lib/python3.7/site-packages/airflow/example_dags/example_branch_datetime_operator.py
[2022-02-16 17:01:22,981] {processor.py:654} INFO - DAG(s) dict_keys(['example_branch_datetime_operator_2']) retrieved from /home/airflow/.local/lib/python3.7/site-packages/airflow/example_dags/example_branch_datetime_operator.py
[2022-02-16 17:01:22,991] {logging_mixin.py:109} INFO - [2022-02-16 17:01:22,991] {dag.py:2396} INFO - Sync 1 DAGs
[2022-02-16 17:01:23,010] {logging_mixin.py:109} INFO - [2022-02-16 17:01:23,010] {dag.py:2935} INFO - Setting next_dagrun for example_branch_datetime_operator_2 to 2022-02-15 00:00:00+00:00
[2022-02-16 17:01:23,024] {processor.py:171} INFO - Processing /home/airflow/.local/lib/python3.7/site-packages/airflow/example_dags/example_branch_datetime_operator.py took 0.084 seconds
[2022-02-16 17:01:53,767] {processor.py:163} INFO - Started process (PID=1403) to work on /home/airflow/.local/lib/python3.7/site-packages/airflow/example_dags/example_branch_datetime_operator.py
[2022-02-16 17:01:53,772] {processor.py:642} INFO - Processing file /home/airflow/.local/lib/python3.7/site-packages/airflow/example_dags/example_branch_datetime_operator.py for tasks to queue
[2022-02-16 17:01:53,772] {logging_mixin.py:109} INFO - [2022-02-16 17:01:53,772] {dagbag.py:500} INFO - Filling up the DagBag from /home/airflow/.local/lib/python3.7/site-packages/airflow/example_dags/example_branch_datetime_operator.py
[2022-02-16 17:01:53,907] {processor.py:654} INFO - DAG(s) dict_keys(['example_branch_datetime_operator_2']) retrieved from /home/airflow/.local/lib/python3.7/site-packages/airflow/example_dags/example_branch_datetime_operator.py
[2022-02-16 17:01:53,940] {logging_mixin.py:109} INFO - [2022-02-16 17:01:53,939] {dag.py:2396} INFO - Sync 1 DAGs
[2022-02-16 17:01:53,968] {logging_mixin.py:109} INFO - [2022-02-16 17:01:53,968] {dag.py:2935} INFO - Setting next_dagrun for example_branch_datetime_operator_2 to 2022-02-15 00:00:00+00:00
[2022-02-16 17:01:53,987] {processor.py:171} INFO - Processing /home/airflow/.local/lib/python3.7/site-packages/airflow/example_dags/example_branch_datetime_operator.py took 0.233 seconds
[2022-02-16 17:02:24,613] {processor.py:163} INFO - Started process (PID=1581) to work on /home/airflow/.local/lib/python3.7/site-packages/airflow/example_dags/example_branch_datetime_operator.py
[2022-02-16 17:02:24,614] {processor.py:642} INFO - Processing file /home/airflow/.local/lib/python3.7/site-packages/airflow/example_dags/example_branch_datetime_operator.py for tasks to queue
[2022-02-16 17:02:24,615] {logging_mixin.py:109} INFO - [2022-02-16 17:02:24,615] {dagbag.py:500} INFO - Filling up the DagBag from /home/airflow/.local/lib/python3.7/site-packages/airflow/example_dags/example_branch_datetime_operator.py
[2022-02-16 17:02:24,647] {processor.py:654} INFO - DAG(s) dict_keys(['example_branch_datetime_operator_2']) retrieved from /home/airflow/.local/lib/python3.7/site-packages/airflow/example_dags/example_branch_datetime_operator.py
[2022-02-16 17:02:24,658] {logging_mixin.py:109} INFO - [2022-02-16 17:02:24,658] {dag.py:2396} INFO - Sync 1 DAGs
[2022-02-16 17:02:24,678] {logging_mixin.py:109} INFO - [2022-02-16 17:02:24,678] {dag.py:2935} INFO - Setting next_dagrun for example_branch_datetime_operator_2 to 2022-02-15 00:00:00+00:00
[2022-02-16 17:02:24,687] {processor.py:171} INFO - Processing /home/airflow/.local/lib/python3.7/site-packages/airflow/example_dags/example_branch_datetime_operator.py took 0.078 seconds
[2022-02-16 17:02:54,991] {processor.py:163} INFO - Started process (PID=1759) to work on /home/airflow/.local/lib/python3.7/site-packages/airflow/example_dags/example_branch_datetime_operator.py
[2022-02-16 17:02:54,993] {processor.py:642} INFO - Processing file /home/airflow/.local/lib/python3.7/site-packages/airflow/example_dags/example_branch_datetime_operator.py for tasks to queue
[2022-02-16 17:02:54,993] {logging_mixin.py:109} INFO - [2022-02-16 17:02:54,993] {dagbag.py:500} INFO - Filling up the DagBag from /home/airflow/.local/lib/python3.7/site-packages/airflow/example_dags/example_branch_datetime_operator.py
[2022-02-16 17:02:55,024] {processor.py:654} INFO - DAG(s) dict_keys(['example_branch_datetime_operator_2']) retrieved from /home/airflow/.local/lib/python3.7/site-packages/airflow/example_dags/example_branch_datetime_operator.py
[2022-02-16 17:02:55,035] {logging_mixin.py:109} INFO - [2022-02-16 17:02:55,035] {dag.py:2396} INFO - Sync 1 DAGs
[2022-02-16 17:02:55,054] {logging_mixin.py:109} INFO - [2022-02-16 17:02:55,054] {dag.py:2935} INFO - Setting next_dagrun for example_branch_datetime_operator_2 to 2022-02-15 00:00:00+00:00
[2022-02-16 17:02:55,064] {processor.py:171} INFO - Processing /home/airflow/.local/lib/python3.7/site-packages/airflow/example_dags/example_branch_datetime_operator.py took 0.076 seconds
[2022-02-16 17:03:25,347] {processor.py:163} INFO - Started process (PID=1945) to work on /home/airflow/.local/lib/python3.7/site-packages/airflow/example_dags/example_branch_datetime_operator.py
[2022-02-16 17:03:25,348] {processor.py:642} INFO - Processing file /home/airflow/.local/lib/python3.7/site-packages/airflow/example_dags/example_branch_datetime_operator.py for tasks to queue
[2022-02-16 17:03:25,349] {logging_mixin.py:109} INFO - [2022-02-16 17:03:25,349] {dagbag.py:500} INFO - Filling up the DagBag from /home/airflow/.local/lib/python3.7/site-packages/airflow/example_dags/example_branch_datetime_operator.py
[2022-02-16 17:03:25,382] {processor.py:654} INFO - DAG(s) dict_keys(['example_branch_datetime_operator_2']) retrieved from /home/airflow/.local/lib/python3.7/site-packages/airflow/example_dags/example_branch_datetime_operator.py
[2022-02-16 17:03:25,393] {logging_mixin.py:109} INFO - [2022-02-16 17:03:25,392] {dag.py:2396} INFO - Sync 1 DAGs
[2022-02-16 17:03:25,421] {logging_mixin.py:109} INFO - [2022-02-16 17:03:25,421] {dag.py:2935} INFO - Setting next_dagrun for example_branch_datetime_operator_2 to 2022-02-15 00:00:00+00:00
[2022-02-16 17:03:25,433] {processor.py:171} INFO - Processing /home/airflow/.local/lib/python3.7/site-packages/airflow/example_dags/example_branch_datetime_operator.py took 0.090 seconds
[2022-02-16 17:03:55,823] {processor.py:163} INFO - Started process (PID=2139) to work on /home/airflow/.local/lib/python3.7/site-packages/airflow/example_dags/example_branch_datetime_operator.py
[2022-02-16 17:03:55,824] {processor.py:642} INFO - Processing file /home/airflow/.local/lib/python3.7/site-packages/airflow/example_dags/example_branch_datetime_operator.py for tasks to queue
[2022-02-16 17:03:55,825] {logging_mixin.py:109} INFO - [2022-02-16 17:03:55,825] {dagbag.py:500} INFO - Filling up the DagBag from /home/airflow/.local/lib/python3.7/site-packages/airflow/example_dags/example_branch_datetime_operator.py
[2022-02-16 17:03:55,877] {processor.py:654} INFO - DAG(s) dict_keys(['example_branch_datetime_operator_2']) retrieved from /home/airflow/.local/lib/python3.7/site-packages/airflow/example_dags/example_branch_datetime_operator.py
[2022-02-16 17:03:55,888] {logging_mixin.py:109} INFO - [2022-02-16 17:03:55,888] {dag.py:2396} INFO - Sync 1 DAGs
[2022-02-16 17:03:55,909] {logging_mixin.py:109} INFO - [2022-02-16 17:03:55,909] {dag.py:2935} INFO - Setting next_dagrun for example_branch_datetime_operator_2 to 2022-02-15 00:00:00+00:00
[2022-02-16 17:03:55,920] {processor.py:171} INFO - Processing /home/airflow/.local/lib/python3.7/site-packages/airflow/example_dags/example_branch_datetime_operator.py took 0.110 seconds
[2022-02-16 17:04:26,415] {processor.py:163} INFO - Started process (PID=2330) to work on /home/airflow/.local/lib/python3.7/site-packages/airflow/example_dags/example_branch_datetime_operator.py
[2022-02-16 17:04:26,417] {processor.py:642} INFO - Processing file /home/airflow/.local/lib/python3.7/site-packages/airflow/example_dags/example_branch_datetime_operator.py for tasks to queue
[2022-02-16 17:04:26,418] {logging_mixin.py:109} INFO - [2022-02-16 17:04:26,417] {dagbag.py:500} INFO - Filling up the DagBag from /home/airflow/.local/lib/python3.7/site-packages/airflow/example_dags/example_branch_datetime_operator.py
[2022-02-16 17:04:26,482] {processor.py:654} INFO - DAG(s) dict_keys(['example_branch_datetime_operator_2']) retrieved from /home/airflow/.local/lib/python3.7/site-packages/airflow/example_dags/example_branch_datetime_operator.py
[2022-02-16 17:04:26,496] {logging_mixin.py:109} INFO - [2022-02-16 17:04:26,495] {dag.py:2396} INFO - Sync 1 DAGs
[2022-02-16 17:04:26,523] {logging_mixin.py:109} INFO - [2022-02-16 17:04:26,523] {dag.py:2935} INFO - Setting next_dagrun for example_branch_datetime_operator_2 to 2022-02-15 00:00:00+00:00
[2022-02-16 17:04:26,564] {processor.py:171} INFO - Processing /home/airflow/.local/lib/python3.7/site-packages/airflow/example_dags/example_branch_datetime_operator.py took 0.154 seconds
[2022-02-16 17:04:57,387] {processor.py:163} INFO - Started process (PID=2519) to work on /home/airflow/.local/lib/python3.7/site-packages/airflow/example_dags/example_branch_datetime_operator.py
[2022-02-16 17:04:57,393] {processor.py:642} INFO - Processing file /home/airflow/.local/lib/python3.7/site-packages/airflow/example_dags/example_branch_datetime_operator.py for tasks to queue
[2022-02-16 17:04:57,395] {logging_mixin.py:109} INFO - [2022-02-16 17:04:57,394] {dagbag.py:500} INFO - Filling up the DagBag from /home/airflow/.local/lib/python3.7/site-packages/airflow/example_dags/example_branch_datetime_operator.py
[2022-02-16 17:04:57,434] {processor.py:654} INFO - DAG(s) dict_keys(['example_branch_datetime_operator_2']) retrieved from /home/airflow/.local/lib/python3.7/site-packages/airflow/example_dags/example_branch_datetime_operator.py
[2022-02-16 17:04:57,450] {logging_mixin.py:109} INFO - [2022-02-16 17:04:57,449] {dag.py:2396} INFO - Sync 1 DAGs
[2022-02-16 17:04:57,476] {logging_mixin.py:109} INFO - [2022-02-16 17:04:57,475] {dag.py:2935} INFO - Setting next_dagrun for example_branch_datetime_operator_2 to 2022-02-15 00:00:00+00:00
[2022-02-16 17:04:57,485] {processor.py:171} INFO - Processing /home/airflow/.local/lib/python3.7/site-packages/airflow/example_dags/example_branch_datetime_operator.py took 0.103 seconds
[2022-02-16 17:05:28,433] {processor.py:163} INFO - Started process (PID=2705) to work on /home/airflow/.local/lib/python3.7/site-packages/airflow/example_dags/example_branch_datetime_operator.py
[2022-02-16 17:05:28,437] {processor.py:642} INFO - Processing file /home/airflow/.local/lib/python3.7/site-packages/airflow/example_dags/example_branch_datetime_operator.py for tasks to queue
[2022-02-16 17:05:28,438] {logging_mixin.py:109} INFO - [2022-02-16 17:05:28,438] {dagbag.py:500} INFO - Filling up the DagBag from /home/airflow/.local/lib/python3.7/site-packages/airflow/example_dags/example_branch_datetime_operator.py
[2022-02-16 17:05:28,492] {processor.py:654} INFO - DAG(s) dict_keys(['example_branch_datetime_operator_2']) retrieved from /home/airflow/.local/lib/python3.7/site-packages/airflow/example_dags/example_branch_datetime_operator.py
[2022-02-16 17:05:28,508] {logging_mixin.py:109} INFO - [2022-02-16 17:05:28,508] {dag.py:2396} INFO - Sync 1 DAGs
[2022-02-16 17:05:28,538] {logging_mixin.py:109} INFO - [2022-02-16 17:05:28,538] {dag.py:2935} INFO - Setting next_dagrun for example_branch_datetime_operator_2 to 2022-02-15 00:00:00+00:00
[2022-02-16 17:05:28,562] {processor.py:171} INFO - Processing /home/airflow/.local/lib/python3.7/site-packages/airflow/example_dags/example_branch_datetime_operator.py took 0.135 seconds
[2022-02-16 17:05:59,567] {processor.py:163} INFO - Started process (PID=2898) to work on /home/airflow/.local/lib/python3.7/site-packages/airflow/example_dags/example_branch_datetime_operator.py
[2022-02-16 17:05:59,568] {processor.py:642} INFO - Processing file /home/airflow/.local/lib/python3.7/site-packages/airflow/example_dags/example_branch_datetime_operator.py for tasks to queue
[2022-02-16 17:05:59,569] {logging_mixin.py:109} INFO - [2022-02-16 17:05:59,569] {dagbag.py:500} INFO - Filling up the DagBag from /home/airflow/.local/lib/python3.7/site-packages/airflow/example_dags/example_branch_datetime_operator.py
[2022-02-16 17:05:59,635] {processor.py:654} INFO - DAG(s) dict_keys(['example_branch_datetime_operator_2']) retrieved from /home/airflow/.local/lib/python3.7/site-packages/airflow/example_dags/example_branch_datetime_operator.py
[2022-02-16 17:05:59,659] {logging_mixin.py:109} INFO - [2022-02-16 17:05:59,659] {dag.py:2396} INFO - Sync 1 DAGs
[2022-02-16 17:05:59,690] {logging_mixin.py:109} INFO - [2022-02-16 17:05:59,690] {dag.py:2935} INFO - Setting next_dagrun for example_branch_datetime_operator_2 to 2022-02-15 00:00:00+00:00
[2022-02-16 17:05:59,713] {processor.py:171} INFO - Processing /home/airflow/.local/lib/python3.7/site-packages/airflow/example_dags/example_branch_datetime_operator.py took 0.149 seconds
[2022-02-16 17:06:30,175] {processor.py:163} INFO - Started process (PID=3083) to work on /home/airflow/.local/lib/python3.7/site-packages/airflow/example_dags/example_branch_datetime_operator.py
[2022-02-16 17:06:30,179] {processor.py:642} INFO - Processing file /home/airflow/.local/lib/python3.7/site-packages/airflow/example_dags/example_branch_datetime_operator.py for tasks to queue
[2022-02-16 17:06:30,183] {logging_mixin.py:109} INFO - [2022-02-16 17:06:30,183] {dagbag.py:500} INFO - Filling up the DagBag from /home/airflow/.local/lib/python3.7/site-packages/airflow/example_dags/example_branch_datetime_operator.py
[2022-02-16 17:06:30,233] {processor.py:654} INFO - DAG(s) dict_keys(['example_branch_datetime_operator_2']) retrieved from /home/airflow/.local/lib/python3.7/site-packages/airflow/example_dags/example_branch_datetime_operator.py
[2022-02-16 17:06:30,243] {logging_mixin.py:109} INFO - [2022-02-16 17:06:30,243] {dag.py:2396} INFO - Sync 1 DAGs
[2022-02-16 17:06:30,263] {logging_mixin.py:109} INFO - [2022-02-16 17:06:30,263] {dag.py:2935} INFO - Setting next_dagrun for example_branch_datetime_operator_2 to 2022-02-15 00:00:00+00:00
[2022-02-16 17:06:30,276] {processor.py:171} INFO - Processing /home/airflow/.local/lib/python3.7/site-packages/airflow/example_dags/example_branch_datetime_operator.py took 0.111 seconds
[2022-02-16 17:07:00,633] {processor.py:163} INFO - Started process (PID=3267) to work on /home/airflow/.local/lib/python3.7/site-packages/airflow/example_dags/example_branch_datetime_operator.py
[2022-02-16 17:07:00,639] {processor.py:642} INFO - Processing file /home/airflow/.local/lib/python3.7/site-packages/airflow/example_dags/example_branch_datetime_operator.py for tasks to queue
[2022-02-16 17:07:00,640] {logging_mixin.py:109} INFO - [2022-02-16 17:07:00,640] {dagbag.py:500} INFO - Filling up the DagBag from /home/airflow/.local/lib/python3.7/site-packages/airflow/example_dags/example_branch_datetime_operator.py
[2022-02-16 17:07:00,698] {processor.py:654} INFO - DAG(s) dict_keys(['example_branch_datetime_operator_2']) retrieved from /home/airflow/.local/lib/python3.7/site-packages/airflow/example_dags/example_branch_datetime_operator.py
[2022-02-16 17:07:00,715] {logging_mixin.py:109} INFO - [2022-02-16 17:07:00,715] {dag.py:2396} INFO - Sync 1 DAGs
[2022-02-16 17:07:00,747] {logging_mixin.py:109} INFO - [2022-02-16 17:07:00,747] {dag.py:2935} INFO - Setting next_dagrun for example_branch_datetime_operator_2 to 2022-02-15 00:00:00+00:00
[2022-02-16 17:07:00,766] {processor.py:171} INFO - Processing /home/airflow/.local/lib/python3.7/site-packages/airflow/example_dags/example_branch_datetime_operator.py took 0.140 seconds
[2022-02-16 17:07:31,049] {processor.py:163} INFO - Started process (PID=3460) to work on /home/airflow/.local/lib/python3.7/site-packages/airflow/example_dags/example_branch_datetime_operator.py
[2022-02-16 17:07:31,050] {processor.py:642} INFO - Processing file /home/airflow/.local/lib/python3.7/site-packages/airflow/example_dags/example_branch_datetime_operator.py for tasks to queue
[2022-02-16 17:07:31,051] {logging_mixin.py:109} INFO - [2022-02-16 17:07:31,051] {dagbag.py:500} INFO - Filling up the DagBag from /home/airflow/.local/lib/python3.7/site-packages/airflow/example_dags/example_branch_datetime_operator.py
[2022-02-16 17:07:31,085] {processor.py:654} INFO - DAG(s) dict_keys(['example_branch_datetime_operator_2']) retrieved from /home/airflow/.local/lib/python3.7/site-packages/airflow/example_dags/example_branch_datetime_operator.py
[2022-02-16 17:07:31,096] {logging_mixin.py:109} INFO - [2022-02-16 17:07:31,096] {dag.py:2396} INFO - Sync 1 DAGs
[2022-02-16 17:07:31,117] {logging_mixin.py:109} INFO - [2022-02-16 17:07:31,117] {dag.py:2935} INFO - Setting next_dagrun for example_branch_datetime_operator_2 to 2022-02-15 00:00:00+00:00
[2022-02-16 17:07:31,129] {processor.py:171} INFO - Processing /home/airflow/.local/lib/python3.7/site-packages/airflow/example_dags/example_branch_datetime_operator.py took 0.084 seconds
[2022-02-16 17:08:01,886] {processor.py:163} INFO - Started process (PID=3645) to work on /home/airflow/.local/lib/python3.7/site-packages/airflow/example_dags/example_branch_datetime_operator.py
[2022-02-16 17:08:01,888] {processor.py:642} INFO - Processing file /home/airflow/.local/lib/python3.7/site-packages/airflow/example_dags/example_branch_datetime_operator.py for tasks to queue
[2022-02-16 17:08:01,889] {logging_mixin.py:109} INFO - [2022-02-16 17:08:01,888] {dagbag.py:500} INFO - Filling up the DagBag from /home/airflow/.local/lib/python3.7/site-packages/airflow/example_dags/example_branch_datetime_operator.py
[2022-02-16 17:08:01,922] {processor.py:654} INFO - DAG(s) dict_keys(['example_branch_datetime_operator_2']) retrieved from /home/airflow/.local/lib/python3.7/site-packages/airflow/example_dags/example_branch_datetime_operator.py
[2022-02-16 17:08:01,933] {logging_mixin.py:109} INFO - [2022-02-16 17:08:01,933] {dag.py:2396} INFO - Sync 1 DAGs
[2022-02-16 17:08:01,952] {logging_mixin.py:109} INFO - [2022-02-16 17:08:01,952] {dag.py:2935} INFO - Setting next_dagrun for example_branch_datetime_operator_2 to 2022-02-15 00:00:00+00:00
[2022-02-16 17:08:01,961] {processor.py:171} INFO - Processing /home/airflow/.local/lib/python3.7/site-packages/airflow/example_dags/example_branch_datetime_operator.py took 0.079 seconds
[2022-02-16 17:08:32,161] {processor.py:163} INFO - Started process (PID=3827) to work on /home/airflow/.local/lib/python3.7/site-packages/airflow/example_dags/example_branch_datetime_operator.py
[2022-02-16 17:08:32,163] {processor.py:642} INFO - Processing file /home/airflow/.local/lib/python3.7/site-packages/airflow/example_dags/example_branch_datetime_operator.py for tasks to queue
[2022-02-16 17:08:32,164] {logging_mixin.py:109} INFO - [2022-02-16 17:08:32,164] {dagbag.py:500} INFO - Filling up the DagBag from /home/airflow/.local/lib/python3.7/site-packages/airflow/example_dags/example_branch_datetime_operator.py
[2022-02-16 17:08:32,230] {processor.py:654} INFO - DAG(s) dict_keys(['example_branch_datetime_operator_2']) retrieved from /home/airflow/.local/lib/python3.7/site-packages/airflow/example_dags/example_branch_datetime_operator.py
[2022-02-16 17:08:32,247] {logging_mixin.py:109} INFO - [2022-02-16 17:08:32,247] {dag.py:2396} INFO - Sync 1 DAGs
[2022-02-16 17:08:32,281] {logging_mixin.py:109} INFO - [2022-02-16 17:08:32,281] {dag.py:2935} INFO - Setting next_dagrun for example_branch_datetime_operator_2 to 2022-02-15 00:00:00+00:00
[2022-02-16 17:08:32,301] {processor.py:171} INFO - Processing /home/airflow/.local/lib/python3.7/site-packages/airflow/example_dags/example_branch_datetime_operator.py took 0.148 seconds
[2022-02-16 17:09:03,280] {processor.py:163} INFO - Started process (PID=4012) to work on /home/airflow/.local/lib/python3.7/site-packages/airflow/example_dags/example_branch_datetime_operator.py
[2022-02-16 17:09:03,288] {processor.py:642} INFO - Processing file /home/airflow/.local/lib/python3.7/site-packages/airflow/example_dags/example_branch_datetime_operator.py for tasks to queue
[2022-02-16 17:09:03,289] {logging_mixin.py:109} INFO - [2022-02-16 17:09:03,288] {dagbag.py:500} INFO - Filling up the DagBag from /home/airflow/.local/lib/python3.7/site-packages/airflow/example_dags/example_branch_datetime_operator.py
[2022-02-16 17:09:03,409] {processor.py:654} INFO - DAG(s) dict_keys(['example_branch_datetime_operator_2']) retrieved from /home/airflow/.local/lib/python3.7/site-packages/airflow/example_dags/example_branch_datetime_operator.py
[2022-02-16 17:09:03,438] {logging_mixin.py:109} INFO - [2022-02-16 17:09:03,436] {dag.py:2396} INFO - Sync 1 DAGs
[2022-02-16 17:09:03,480] {logging_mixin.py:109} INFO - [2022-02-16 17:09:03,480] {dag.py:2935} INFO - Setting next_dagrun for example_branch_datetime_operator_2 to 2022-02-15 00:00:00+00:00
[2022-02-16 17:09:03,496] {processor.py:171} INFO - Processing /home/airflow/.local/lib/python3.7/site-packages/airflow/example_dags/example_branch_datetime_operator.py took 0.234 seconds
[2022-02-16 17:09:33,713] {processor.py:163} INFO - Started process (PID=4203) to work on /home/airflow/.local/lib/python3.7/site-packages/airflow/example_dags/example_branch_datetime_operator.py
[2022-02-16 17:09:33,715] {processor.py:642} INFO - Processing file /home/airflow/.local/lib/python3.7/site-packages/airflow/example_dags/example_branch_datetime_operator.py for tasks to queue
[2022-02-16 17:09:33,716] {logging_mixin.py:109} INFO - [2022-02-16 17:09:33,716] {dagbag.py:500} INFO - Filling up the DagBag from /home/airflow/.local/lib/python3.7/site-packages/airflow/example_dags/example_branch_datetime_operator.py
[2022-02-16 17:09:33,869] {processor.py:654} INFO - DAG(s) dict_keys(['example_branch_datetime_operator_2']) retrieved from /home/airflow/.local/lib/python3.7/site-packages/airflow/example_dags/example_branch_datetime_operator.py
[2022-02-16 17:09:33,887] {logging_mixin.py:109} INFO - [2022-02-16 17:09:33,887] {dag.py:2396} INFO - Sync 1 DAGs
[2022-02-16 17:09:33,916] {logging_mixin.py:109} INFO - [2022-02-16 17:09:33,916] {dag.py:2935} INFO - Setting next_dagrun for example_branch_datetime_operator_2 to 2022-02-15 00:00:00+00:00
[2022-02-16 17:09:33,932] {processor.py:171} INFO - Processing /home/airflow/.local/lib/python3.7/site-packages/airflow/example_dags/example_branch_datetime_operator.py took 0.247 seconds
[2022-02-16 17:10:04,656] {processor.py:163} INFO - Started process (PID=4389) to work on /home/airflow/.local/lib/python3.7/site-packages/airflow/example_dags/example_branch_datetime_operator.py
[2022-02-16 17:10:04,658] {processor.py:642} INFO - Processing file /home/airflow/.local/lib/python3.7/site-packages/airflow/example_dags/example_branch_datetime_operator.py for tasks to queue
[2022-02-16 17:10:04,659] {logging_mixin.py:109} INFO - [2022-02-16 17:10:04,659] {dagbag.py:500} INFO - Filling up the DagBag from /home/airflow/.local/lib/python3.7/site-packages/airflow/example_dags/example_branch_datetime_operator.py
[2022-02-16 17:10:04,733] {processor.py:654} INFO - DAG(s) dict_keys(['example_branch_datetime_operator_2']) retrieved from /home/airflow/.local/lib/python3.7/site-packages/airflow/example_dags/example_branch_datetime_operator.py
[2022-02-16 17:10:04,767] {logging_mixin.py:109} INFO - [2022-02-16 17:10:04,767] {dag.py:2396} INFO - Sync 1 DAGs
[2022-02-16 17:10:04,830] {logging_mixin.py:109} INFO - [2022-02-16 17:10:04,830] {dag.py:2935} INFO - Setting next_dagrun for example_branch_datetime_operator_2 to 2022-02-15 00:00:00+00:00
[2022-02-16 17:10:04,861] {processor.py:171} INFO - Processing /home/airflow/.local/lib/python3.7/site-packages/airflow/example_dags/example_branch_datetime_operator.py took 0.208 seconds
[2022-02-16 17:10:35,281] {processor.py:163} INFO - Started process (PID=4574) to work on /home/airflow/.local/lib/python3.7/site-packages/airflow/example_dags/example_branch_datetime_operator.py
[2022-02-16 17:10:35,282] {processor.py:642} INFO - Processing file /home/airflow/.local/lib/python3.7/site-packages/airflow/example_dags/example_branch_datetime_operator.py for tasks to queue
[2022-02-16 17:10:35,283] {logging_mixin.py:109} INFO - [2022-02-16 17:10:35,283] {dagbag.py:500} INFO - Filling up the DagBag from /home/airflow/.local/lib/python3.7/site-packages/airflow/example_dags/example_branch_datetime_operator.py
[2022-02-16 17:10:35,318] {processor.py:654} INFO - DAG(s) dict_keys(['example_branch_datetime_operator_2']) retrieved from /home/airflow/.local/lib/python3.7/site-packages/airflow/example_dags/example_branch_datetime_operator.py
[2022-02-16 17:10:35,329] {logging_mixin.py:109} INFO - [2022-02-16 17:10:35,329] {dag.py:2396} INFO - Sync 1 DAGs
[2022-02-16 17:10:35,348] {logging_mixin.py:109} INFO - [2022-02-16 17:10:35,348] {dag.py:2935} INFO - Setting next_dagrun for example_branch_datetime_operator_2 to 2022-02-15 00:00:00+00:00
[2022-02-16 17:10:35,356] {processor.py:171} INFO - Processing /home/airflow/.local/lib/python3.7/site-packages/airflow/example_dags/example_branch_datetime_operator.py took 0.079 seconds
[2022-02-16 17:11:05,683] {processor.py:163} INFO - Started process (PID=4758) to work on /home/airflow/.local/lib/python3.7/site-packages/airflow/example_dags/example_branch_datetime_operator.py
[2022-02-16 17:11:05,692] {processor.py:642} INFO - Processing file /home/airflow/.local/lib/python3.7/site-packages/airflow/example_dags/example_branch_datetime_operator.py for tasks to queue
[2022-02-16 17:11:05,693] {logging_mixin.py:109} INFO - [2022-02-16 17:11:05,693] {dagbag.py:500} INFO - Filling up the DagBag from /home/airflow/.local/lib/python3.7/site-packages/airflow/example_dags/example_branch_datetime_operator.py
[2022-02-16 17:11:06,168] {processor.py:654} INFO - DAG(s) dict_keys(['example_branch_datetime_operator_2']) retrieved from /home/airflow/.local/lib/python3.7/site-packages/airflow/example_dags/example_branch_datetime_operator.py
[2022-02-16 17:11:06,263] {logging_mixin.py:109} INFO - [2022-02-16 17:11:06,263] {dag.py:2396} INFO - Sync 1 DAGs
[2022-02-16 17:11:06,518] {logging_mixin.py:109} INFO - [2022-02-16 17:11:06,482] {dag.py:2935} INFO - Setting next_dagrun for example_branch_datetime_operator_2 to 2022-02-15 00:00:00+00:00
[2022-02-16 17:11:06,818] {processor.py:171} INFO - Processing /home/airflow/.local/lib/python3.7/site-packages/airflow/example_dags/example_branch_datetime_operator.py took 1.190 seconds
[2022-02-16 17:11:37,188] {processor.py:163} INFO - Started process (PID=4949) to work on /home/airflow/.local/lib/python3.7/site-packages/airflow/example_dags/example_branch_datetime_operator.py
[2022-02-16 17:11:37,198] {processor.py:642} INFO - Processing file /home/airflow/.local/lib/python3.7/site-packages/airflow/example_dags/example_branch_datetime_operator.py for tasks to queue
[2022-02-16 17:11:37,199] {logging_mixin.py:109} INFO - [2022-02-16 17:11:37,199] {dagbag.py:500} INFO - Filling up the DagBag from /home/airflow/.local/lib/python3.7/site-packages/airflow/example_dags/example_branch_datetime_operator.py
[2022-02-16 17:11:37,263] {processor.py:654} INFO - DAG(s) dict_keys(['example_branch_datetime_operator_2']) retrieved from /home/airflow/.local/lib/python3.7/site-packages/airflow/example_dags/example_branch_datetime_operator.py
[2022-02-16 17:11:37,296] {logging_mixin.py:109} INFO - [2022-02-16 17:11:37,296] {dag.py:2396} INFO - Sync 1 DAGs
[2022-02-16 17:11:37,338] {logging_mixin.py:109} INFO - [2022-02-16 17:11:37,338] {dag.py:2935} INFO - Setting next_dagrun for example_branch_datetime_operator_2 to 2022-02-15 00:00:00+00:00
[2022-02-16 17:11:37,360] {processor.py:171} INFO - Processing /home/airflow/.local/lib/python3.7/site-packages/airflow/example_dags/example_branch_datetime_operator.py took 0.176 seconds
[2022-02-16 17:12:07,818] {processor.py:163} INFO - Started process (PID=5142) to work on /home/airflow/.local/lib/python3.7/site-packages/airflow/example_dags/example_branch_datetime_operator.py
[2022-02-16 17:12:07,819] {processor.py:642} INFO - Processing file /home/airflow/.local/lib/python3.7/site-packages/airflow/example_dags/example_branch_datetime_operator.py for tasks to queue
[2022-02-16 17:12:07,820] {logging_mixin.py:109} INFO - [2022-02-16 17:12:07,820] {dagbag.py:500} INFO - Filling up the DagBag from /home/airflow/.local/lib/python3.7/site-packages/airflow/example_dags/example_branch_datetime_operator.py
[2022-02-16 17:12:07,858] {processor.py:654} INFO - DAG(s) dict_keys(['example_branch_datetime_operator_2']) retrieved from /home/airflow/.local/lib/python3.7/site-packages/airflow/example_dags/example_branch_datetime_operator.py
[2022-02-16 17:12:07,870] {logging_mixin.py:109} INFO - [2022-02-16 17:12:07,870] {dag.py:2396} INFO - Sync 1 DAGs
[2022-02-16 17:12:07,891] {logging_mixin.py:109} INFO - [2022-02-16 17:12:07,891] {dag.py:2935} INFO - Setting next_dagrun for example_branch_datetime_operator_2 to 2022-02-15 00:00:00+00:00
[2022-02-16 17:12:07,906] {processor.py:171} INFO - Processing /home/airflow/.local/lib/python3.7/site-packages/airflow/example_dags/example_branch_datetime_operator.py took 0.093 seconds
[2022-02-16 17:12:38,025] {processor.py:163} INFO - Started process (PID=5319) to work on /home/airflow/.local/lib/python3.7/site-packages/airflow/example_dags/example_branch_datetime_operator.py
[2022-02-16 17:12:38,030] {processor.py:642} INFO - Processing file /home/airflow/.local/lib/python3.7/site-packages/airflow/example_dags/example_branch_datetime_operator.py for tasks to queue
[2022-02-16 17:12:38,031] {logging_mixin.py:109} INFO - [2022-02-16 17:12:38,031] {dagbag.py:500} INFO - Filling up the DagBag from /home/airflow/.local/lib/python3.7/site-packages/airflow/example_dags/example_branch_datetime_operator.py
[2022-02-16 17:12:38,083] {processor.py:654} INFO - DAG(s) dict_keys(['example_branch_datetime_operator_2']) retrieved from /home/airflow/.local/lib/python3.7/site-packages/airflow/example_dags/example_branch_datetime_operator.py
[2022-02-16 17:12:38,094] {logging_mixin.py:109} INFO - [2022-02-16 17:12:38,094] {dag.py:2396} INFO - Sync 1 DAGs
[2022-02-16 17:12:38,114] {logging_mixin.py:109} INFO - [2022-02-16 17:12:38,114] {dag.py:2935} INFO - Setting next_dagrun for example_branch_datetime_operator_2 to 2022-02-15 00:00:00+00:00
[2022-02-16 17:12:38,124] {processor.py:171} INFO - Processing /home/airflow/.local/lib/python3.7/site-packages/airflow/example_dags/example_branch_datetime_operator.py took 0.121 seconds
[2022-02-16 17:13:09,693] {processor.py:163} INFO - Started process (PID=5525) to work on /home/airflow/.local/lib/python3.7/site-packages/airflow/example_dags/example_branch_datetime_operator.py
[2022-02-16 17:13:09,703] {processor.py:642} INFO - Processing file /home/airflow/.local/lib/python3.7/site-packages/airflow/example_dags/example_branch_datetime_operator.py for tasks to queue
[2022-02-16 17:13:09,704] {logging_mixin.py:109} INFO - [2022-02-16 17:13:09,704] {dagbag.py:500} INFO - Filling up the DagBag from /home/airflow/.local/lib/python3.7/site-packages/airflow/example_dags/example_branch_datetime_operator.py
[2022-02-16 17:13:09,750] {processor.py:654} INFO - DAG(s) dict_keys(['example_branch_datetime_operator_2']) retrieved from /home/airflow/.local/lib/python3.7/site-packages/airflow/example_dags/example_branch_datetime_operator.py
[2022-02-16 17:13:09,760] {logging_mixin.py:109} INFO - [2022-02-16 17:13:09,760] {dag.py:2396} INFO - Sync 1 DAGs
[2022-02-16 17:13:09,779] {logging_mixin.py:109} INFO - [2022-02-16 17:13:09,779] {dag.py:2935} INFO - Setting next_dagrun for example_branch_datetime_operator_2 to 2022-02-15 00:00:00+00:00
[2022-02-16 17:13:09,788] {processor.py:171} INFO - Processing /home/airflow/.local/lib/python3.7/site-packages/airflow/example_dags/example_branch_datetime_operator.py took 0.099 seconds
[2022-02-16 17:13:40,078] {processor.py:163} INFO - Started process (PID=5717) to work on /home/airflow/.local/lib/python3.7/site-packages/airflow/example_dags/example_branch_datetime_operator.py
[2022-02-16 17:13:40,079] {processor.py:642} INFO - Processing file /home/airflow/.local/lib/python3.7/site-packages/airflow/example_dags/example_branch_datetime_operator.py for tasks to queue
[2022-02-16 17:13:40,080] {logging_mixin.py:109} INFO - [2022-02-16 17:13:40,080] {dagbag.py:500} INFO - Filling up the DagBag from /home/airflow/.local/lib/python3.7/site-packages/airflow/example_dags/example_branch_datetime_operator.py
[2022-02-16 17:13:40,131] {processor.py:654} INFO - DAG(s) dict_keys(['example_branch_datetime_operator_2']) retrieved from /home/airflow/.local/lib/python3.7/site-packages/airflow/example_dags/example_branch_datetime_operator.py
[2022-02-16 17:13:40,151] {logging_mixin.py:109} INFO - [2022-02-16 17:13:40,151] {dag.py:2396} INFO - Sync 1 DAGs
[2022-02-16 17:13:40,189] {logging_mixin.py:109} INFO - [2022-02-16 17:13:40,189] {dag.py:2935} INFO - Setting next_dagrun for example_branch_datetime_operator_2 to 2022-02-15 00:00:00+00:00
[2022-02-16 17:13:40,212] {processor.py:171} INFO - Processing /home/airflow/.local/lib/python3.7/site-packages/airflow/example_dags/example_branch_datetime_operator.py took 0.138 seconds
[2022-02-16 17:14:10,498] {processor.py:163} INFO - Started process (PID=5913) to work on /home/airflow/.local/lib/python3.7/site-packages/airflow/example_dags/example_branch_datetime_operator.py
[2022-02-16 17:14:10,501] {processor.py:642} INFO - Processing file /home/airflow/.local/lib/python3.7/site-packages/airflow/example_dags/example_branch_datetime_operator.py for tasks to queue
[2022-02-16 17:14:10,502] {logging_mixin.py:109} INFO - [2022-02-16 17:14:10,502] {dagbag.py:500} INFO - Filling up the DagBag from /home/airflow/.local/lib/python3.7/site-packages/airflow/example_dags/example_branch_datetime_operator.py
[2022-02-16 17:14:10,576] {processor.py:654} INFO - DAG(s) dict_keys(['example_branch_datetime_operator_2']) retrieved from /home/airflow/.local/lib/python3.7/site-packages/airflow/example_dags/example_branch_datetime_operator.py
[2022-02-16 17:14:10,589] {logging_mixin.py:109} INFO - [2022-02-16 17:14:10,589] {dag.py:2396} INFO - Sync 1 DAGs
[2022-02-16 17:14:10,611] {logging_mixin.py:109} INFO - [2022-02-16 17:14:10,611] {dag.py:2935} INFO - Setting next_dagrun for example_branch_datetime_operator_2 to 2022-02-15 00:00:00+00:00
[2022-02-16 17:14:10,629] {processor.py:171} INFO - Processing /home/airflow/.local/lib/python3.7/site-packages/airflow/example_dags/example_branch_datetime_operator.py took 0.145 seconds
[2022-02-16 17:14:41,793] {processor.py:163} INFO - Started process (PID=6107) to work on /home/airflow/.local/lib/python3.7/site-packages/airflow/example_dags/example_branch_datetime_operator.py
[2022-02-16 17:14:41,794] {processor.py:642} INFO - Processing file /home/airflow/.local/lib/python3.7/site-packages/airflow/example_dags/example_branch_datetime_operator.py for tasks to queue
[2022-02-16 17:14:41,795] {logging_mixin.py:109} INFO - [2022-02-16 17:14:41,795] {dagbag.py:500} INFO - Filling up the DagBag from /home/airflow/.local/lib/python3.7/site-packages/airflow/example_dags/example_branch_datetime_operator.py
[2022-02-16 17:14:41,827] {processor.py:654} INFO - DAG(s) dict_keys(['example_branch_datetime_operator_2']) retrieved from /home/airflow/.local/lib/python3.7/site-packages/airflow/example_dags/example_branch_datetime_operator.py
[2022-02-16 17:14:41,838] {logging_mixin.py:109} INFO - [2022-02-16 17:14:41,838] {dag.py:2396} INFO - Sync 1 DAGs
[2022-02-16 17:14:41,859] {logging_mixin.py:109} INFO - [2022-02-16 17:14:41,858] {dag.py:2935} INFO - Setting next_dagrun for example_branch_datetime_operator_2 to 2022-02-15 00:00:00+00:00
[2022-02-16 17:14:41,873] {processor.py:171} INFO - Processing /home/airflow/.local/lib/python3.7/site-packages/airflow/example_dags/example_branch_datetime_operator.py took 0.085 seconds
[2022-02-16 17:15:13,890] {processor.py:163} INFO - Started process (PID=6316) to work on /home/airflow/.local/lib/python3.7/site-packages/airflow/example_dags/example_branch_datetime_operator.py
[2022-02-16 17:15:13,893] {processor.py:642} INFO - Processing file /home/airflow/.local/lib/python3.7/site-packages/airflow/example_dags/example_branch_datetime_operator.py for tasks to queue
[2022-02-16 17:15:13,905] {logging_mixin.py:109} INFO - [2022-02-16 17:15:13,905] {dagbag.py:500} INFO - Filling up the DagBag from /home/airflow/.local/lib/python3.7/site-packages/airflow/example_dags/example_branch_datetime_operator.py
[2022-02-16 17:15:14,000] {processor.py:654} INFO - DAG(s) dict_keys(['example_branch_datetime_operator_2']) retrieved from /home/airflow/.local/lib/python3.7/site-packages/airflow/example_dags/example_branch_datetime_operator.py
[2022-02-16 17:15:14,086] {logging_mixin.py:109} INFO - [2022-02-16 17:15:14,086] {dag.py:2396} INFO - Sync 1 DAGs
[2022-02-16 17:15:14,161] {logging_mixin.py:109} INFO - [2022-02-16 17:15:14,160] {dag.py:2935} INFO - Setting next_dagrun for example_branch_datetime_operator_2 to 2022-02-15 00:00:00+00:00
[2022-02-16 17:15:14,194] {processor.py:171} INFO - Processing /home/airflow/.local/lib/python3.7/site-packages/airflow/example_dags/example_branch_datetime_operator.py took 0.311 seconds
[2022-02-16 17:15:44,733] {processor.py:163} INFO - Started process (PID=6513) to work on /home/airflow/.local/lib/python3.7/site-packages/airflow/example_dags/example_branch_datetime_operator.py
[2022-02-16 17:15:44,735] {processor.py:642} INFO - Processing file /home/airflow/.local/lib/python3.7/site-packages/airflow/example_dags/example_branch_datetime_operator.py for tasks to queue
[2022-02-16 17:15:44,737] {logging_mixin.py:109} INFO - [2022-02-16 17:15:44,736] {dagbag.py:500} INFO - Filling up the DagBag from /home/airflow/.local/lib/python3.7/site-packages/airflow/example_dags/example_branch_datetime_operator.py
[2022-02-16 17:15:44,777] {processor.py:654} INFO - DAG(s) dict_keys(['example_branch_datetime_operator_2']) retrieved from /home/airflow/.local/lib/python3.7/site-packages/airflow/example_dags/example_branch_datetime_operator.py
[2022-02-16 17:15:44,789] {logging_mixin.py:109} INFO - [2022-02-16 17:15:44,789] {dag.py:2396} INFO - Sync 1 DAGs
[2022-02-16 17:15:44,810] {logging_mixin.py:109} INFO - [2022-02-16 17:15:44,809] {dag.py:2935} INFO - Setting next_dagrun for example_branch_datetime_operator_2 to 2022-02-15 00:00:00+00:00
[2022-02-16 17:15:44,821] {processor.py:171} INFO - Processing /home/airflow/.local/lib/python3.7/site-packages/airflow/example_dags/example_branch_datetime_operator.py took 0.093 seconds
[2022-02-16 17:16:15,483] {processor.py:163} INFO - Started process (PID=6702) to work on /home/airflow/.local/lib/python3.7/site-packages/airflow/example_dags/example_branch_datetime_operator.py
[2022-02-16 17:16:15,484] {processor.py:642} INFO - Processing file /home/airflow/.local/lib/python3.7/site-packages/airflow/example_dags/example_branch_datetime_operator.py for tasks to queue
[2022-02-16 17:16:15,485] {logging_mixin.py:109} INFO - [2022-02-16 17:16:15,485] {dagbag.py:500} INFO - Filling up the DagBag from /home/airflow/.local/lib/python3.7/site-packages/airflow/example_dags/example_branch_datetime_operator.py
[2022-02-16 17:16:15,518] {processor.py:654} INFO - DAG(s) dict_keys(['example_branch_datetime_operator_2']) retrieved from /home/airflow/.local/lib/python3.7/site-packages/airflow/example_dags/example_branch_datetime_operator.py
[2022-02-16 17:16:15,529] {logging_mixin.py:109} INFO - [2022-02-16 17:16:15,529] {dag.py:2396} INFO - Sync 1 DAGs
[2022-02-16 17:16:15,549] {logging_mixin.py:109} INFO - [2022-02-16 17:16:15,548] {dag.py:2935} INFO - Setting next_dagrun for example_branch_datetime_operator_2 to 2022-02-15 00:00:00+00:00
[2022-02-16 17:16:15,559] {processor.py:171} INFO - Processing /home/airflow/.local/lib/python3.7/site-packages/airflow/example_dags/example_branch_datetime_operator.py took 0.080 seconds
[2022-02-16 17:16:46,905] {processor.py:163} INFO - Started process (PID=6906) to work on /home/airflow/.local/lib/python3.7/site-packages/airflow/example_dags/example_branch_datetime_operator.py
[2022-02-16 17:16:46,906] {processor.py:642} INFO - Processing file /home/airflow/.local/lib/python3.7/site-packages/airflow/example_dags/example_branch_datetime_operator.py for tasks to queue
[2022-02-16 17:16:46,915] {logging_mixin.py:109} INFO - [2022-02-16 17:16:46,915] {dagbag.py:500} INFO - Filling up the DagBag from /home/airflow/.local/lib/python3.7/site-packages/airflow/example_dags/example_branch_datetime_operator.py
[2022-02-16 17:16:46,977] {processor.py:654} INFO - DAG(s) dict_keys(['example_branch_datetime_operator_2']) retrieved from /home/airflow/.local/lib/python3.7/site-packages/airflow/example_dags/example_branch_datetime_operator.py
[2022-02-16 17:16:46,997] {logging_mixin.py:109} INFO - [2022-02-16 17:16:46,997] {dag.py:2396} INFO - Sync 1 DAGs
[2022-02-16 17:16:47,019] {logging_mixin.py:109} INFO - [2022-02-16 17:16:47,019] {dag.py:2935} INFO - Setting next_dagrun for example_branch_datetime_operator_2 to 2022-02-15 00:00:00+00:00
[2022-02-16 17:16:47,045] {processor.py:171} INFO - Processing /home/airflow/.local/lib/python3.7/site-packages/airflow/example_dags/example_branch_datetime_operator.py took 0.152 seconds
[2022-02-16 17:17:18,062] {processor.py:163} INFO - Started process (PID=7096) to work on /home/airflow/.local/lib/python3.7/site-packages/airflow/example_dags/example_branch_datetime_operator.py
[2022-02-16 17:17:18,064] {processor.py:642} INFO - Processing file /home/airflow/.local/lib/python3.7/site-packages/airflow/example_dags/example_branch_datetime_operator.py for tasks to queue
[2022-02-16 17:17:18,065] {logging_mixin.py:109} INFO - [2022-02-16 17:17:18,064] {dagbag.py:500} INFO - Filling up the DagBag from /home/airflow/.local/lib/python3.7/site-packages/airflow/example_dags/example_branch_datetime_operator.py
[2022-02-16 17:17:18,098] {processor.py:654} INFO - DAG(s) dict_keys(['example_branch_datetime_operator_2']) retrieved from /home/airflow/.local/lib/python3.7/site-packages/airflow/example_dags/example_branch_datetime_operator.py
[2022-02-16 17:17:18,110] {logging_mixin.py:109} INFO - [2022-02-16 17:17:18,110] {dag.py:2396} INFO - Sync 1 DAGs
[2022-02-16 17:17:18,131] {logging_mixin.py:109} INFO - [2022-02-16 17:17:18,130] {dag.py:2935} INFO - Setting next_dagrun for example_branch_datetime_operator_2 to 2022-02-15 00:00:00+00:00
[2022-02-16 17:17:18,167] {processor.py:171} INFO - Processing /home/airflow/.local/lib/python3.7/site-packages/airflow/example_dags/example_branch_datetime_operator.py took 0.109 seconds
[2022-02-16 17:17:49,168] {processor.py:163} INFO - Started process (PID=7286) to work on /home/airflow/.local/lib/python3.7/site-packages/airflow/example_dags/example_branch_datetime_operator.py
[2022-02-16 17:17:49,170] {processor.py:642} INFO - Processing file /home/airflow/.local/lib/python3.7/site-packages/airflow/example_dags/example_branch_datetime_operator.py for tasks to queue
[2022-02-16 17:17:49,171] {logging_mixin.py:109} INFO - [2022-02-16 17:17:49,171] {dagbag.py:500} INFO - Filling up the DagBag from /home/airflow/.local/lib/python3.7/site-packages/airflow/example_dags/example_branch_datetime_operator.py
[2022-02-16 17:17:49,209] {processor.py:654} INFO - DAG(s) dict_keys(['example_branch_datetime_operator_2']) retrieved from /home/airflow/.local/lib/python3.7/site-packages/airflow/example_dags/example_branch_datetime_operator.py
[2022-02-16 17:17:49,222] {logging_mixin.py:109} INFO - [2022-02-16 17:17:49,222] {dag.py:2396} INFO - Sync 1 DAGs
[2022-02-16 17:17:49,258] {logging_mixin.py:109} INFO - [2022-02-16 17:17:49,258] {dag.py:2935} INFO - Setting next_dagrun for example_branch_datetime_operator_2 to 2022-02-15 00:00:00+00:00
[2022-02-16 17:17:49,272] {processor.py:171} INFO - Processing /home/airflow/.local/lib/python3.7/site-packages/airflow/example_dags/example_branch_datetime_operator.py took 0.111 seconds
[2022-02-16 17:18:20,510] {processor.py:163} INFO - Started process (PID=7494) to work on /home/airflow/.local/lib/python3.7/site-packages/airflow/example_dags/example_branch_datetime_operator.py
[2022-02-16 17:18:20,511] {processor.py:642} INFO - Processing file /home/airflow/.local/lib/python3.7/site-packages/airflow/example_dags/example_branch_datetime_operator.py for tasks to queue
[2022-02-16 17:18:20,512] {logging_mixin.py:109} INFO - [2022-02-16 17:18:20,512] {dagbag.py:500} INFO - Filling up the DagBag from /home/airflow/.local/lib/python3.7/site-packages/airflow/example_dags/example_branch_datetime_operator.py
[2022-02-16 17:18:20,545] {processor.py:654} INFO - DAG(s) dict_keys(['example_branch_datetime_operator_2']) retrieved from /home/airflow/.local/lib/python3.7/site-packages/airflow/example_dags/example_branch_datetime_operator.py
[2022-02-16 17:18:20,556] {logging_mixin.py:109} INFO - [2022-02-16 17:18:20,556] {dag.py:2396} INFO - Sync 1 DAGs
[2022-02-16 17:18:20,575] {logging_mixin.py:109} INFO - [2022-02-16 17:18:20,575] {dag.py:2935} INFO - Setting next_dagrun for example_branch_datetime_operator_2 to 2022-02-15 00:00:00+00:00
[2022-02-16 17:18:20,594] {processor.py:171} INFO - Processing /home/airflow/.local/lib/python3.7/site-packages/airflow/example_dags/example_branch_datetime_operator.py took 0.095 seconds
[2022-02-16 17:18:51,274] {processor.py:163} INFO - Started process (PID=7683) to work on /home/airflow/.local/lib/python3.7/site-packages/airflow/example_dags/example_branch_datetime_operator.py
[2022-02-16 17:18:51,276] {processor.py:642} INFO - Processing file /home/airflow/.local/lib/python3.7/site-packages/airflow/example_dags/example_branch_datetime_operator.py for tasks to queue
[2022-02-16 17:18:51,277] {logging_mixin.py:109} INFO - [2022-02-16 17:18:51,277] {dagbag.py:500} INFO - Filling up the DagBag from /home/airflow/.local/lib/python3.7/site-packages/airflow/example_dags/example_branch_datetime_operator.py
[2022-02-16 17:18:51,308] {processor.py:654} INFO - DAG(s) dict_keys(['example_branch_datetime_operator_2']) retrieved from /home/airflow/.local/lib/python3.7/site-packages/airflow/example_dags/example_branch_datetime_operator.py
[2022-02-16 17:18:51,319] {logging_mixin.py:109} INFO - [2022-02-16 17:18:51,319] {dag.py:2396} INFO - Sync 1 DAGs
[2022-02-16 17:18:51,339] {logging_mixin.py:109} INFO - [2022-02-16 17:18:51,338] {dag.py:2935} INFO - Setting next_dagrun for example_branch_datetime_operator_2 to 2022-02-15 00:00:00+00:00
[2022-02-16 17:18:51,348] {processor.py:171} INFO - Processing /home/airflow/.local/lib/python3.7/site-packages/airflow/example_dags/example_branch_datetime_operator.py took 0.077 seconds
[2022-02-16 17:19:22,360] {processor.py:163} INFO - Started process (PID=7873) to work on /home/airflow/.local/lib/python3.7/site-packages/airflow/example_dags/example_branch_datetime_operator.py
[2022-02-16 17:19:22,362] {processor.py:642} INFO - Processing file /home/airflow/.local/lib/python3.7/site-packages/airflow/example_dags/example_branch_datetime_operator.py for tasks to queue
[2022-02-16 17:19:22,363] {logging_mixin.py:109} INFO - [2022-02-16 17:19:22,363] {dagbag.py:500} INFO - Filling up the DagBag from /home/airflow/.local/lib/python3.7/site-packages/airflow/example_dags/example_branch_datetime_operator.py
[2022-02-16 17:19:22,412] {processor.py:654} INFO - DAG(s) dict_keys(['example_branch_datetime_operator_2']) retrieved from /home/airflow/.local/lib/python3.7/site-packages/airflow/example_dags/example_branch_datetime_operator.py
[2022-02-16 17:19:22,425] {logging_mixin.py:109} INFO - [2022-02-16 17:19:22,425] {dag.py:2396} INFO - Sync 1 DAGs
[2022-02-16 17:19:22,445] {logging_mixin.py:109} INFO - [2022-02-16 17:19:22,445] {dag.py:2935} INFO - Setting next_dagrun for example_branch_datetime_operator_2 to 2022-02-15 00:00:00+00:00
[2022-02-16 17:19:22,455] {processor.py:171} INFO - Processing /home/airflow/.local/lib/python3.7/site-packages/airflow/example_dags/example_branch_datetime_operator.py took 0.099 seconds
[2022-02-16 17:19:53,215] {processor.py:163} INFO - Started process (PID=8083) to work on /home/airflow/.local/lib/python3.7/site-packages/airflow/example_dags/example_branch_datetime_operator.py
[2022-02-16 17:19:53,224] {processor.py:642} INFO - Processing file /home/airflow/.local/lib/python3.7/site-packages/airflow/example_dags/example_branch_datetime_operator.py for tasks to queue
[2022-02-16 17:19:53,224] {logging_mixin.py:109} INFO - [2022-02-16 17:19:53,224] {dagbag.py:500} INFO - Filling up the DagBag from /home/airflow/.local/lib/python3.7/site-packages/airflow/example_dags/example_branch_datetime_operator.py
[2022-02-16 17:19:53,303] {processor.py:654} INFO - DAG(s) dict_keys(['example_branch_datetime_operator_2']) retrieved from /home/airflow/.local/lib/python3.7/site-packages/airflow/example_dags/example_branch_datetime_operator.py
[2022-02-16 17:19:53,320] {logging_mixin.py:109} INFO - [2022-02-16 17:19:53,320] {dag.py:2396} INFO - Sync 1 DAGs
[2022-02-16 17:19:53,356] {logging_mixin.py:109} INFO - [2022-02-16 17:19:53,356] {dag.py:2935} INFO - Setting next_dagrun for example_branch_datetime_operator_2 to 2022-02-15 00:00:00+00:00
[2022-02-16 17:19:53,389] {processor.py:171} INFO - Processing /home/airflow/.local/lib/python3.7/site-packages/airflow/example_dags/example_branch_datetime_operator.py took 0.181 seconds
[2022-02-16 17:20:23,584] {processor.py:163} INFO - Started process (PID=8275) to work on /home/airflow/.local/lib/python3.7/site-packages/airflow/example_dags/example_branch_datetime_operator.py
[2022-02-16 17:20:23,587] {processor.py:642} INFO - Processing file /home/airflow/.local/lib/python3.7/site-packages/airflow/example_dags/example_branch_datetime_operator.py for tasks to queue
[2022-02-16 17:20:23,588] {logging_mixin.py:109} INFO - [2022-02-16 17:20:23,587] {dagbag.py:500} INFO - Filling up the DagBag from /home/airflow/.local/lib/python3.7/site-packages/airflow/example_dags/example_branch_datetime_operator.py
[2022-02-16 17:20:23,633] {processor.py:654} INFO - DAG(s) dict_keys(['example_branch_datetime_operator_2']) retrieved from /home/airflow/.local/lib/python3.7/site-packages/airflow/example_dags/example_branch_datetime_operator.py
[2022-02-16 17:20:23,658] {logging_mixin.py:109} INFO - [2022-02-16 17:20:23,658] {dag.py:2396} INFO - Sync 1 DAGs
[2022-02-16 17:20:23,722] {logging_mixin.py:109} INFO - [2022-02-16 17:20:23,722] {dag.py:2935} INFO - Setting next_dagrun for example_branch_datetime_operator_2 to 2022-02-15 00:00:00+00:00
[2022-02-16 17:20:23,746] {processor.py:171} INFO - Processing /home/airflow/.local/lib/python3.7/site-packages/airflow/example_dags/example_branch_datetime_operator.py took 0.166 seconds
[2022-02-16 17:20:53,818] {processor.py:163} INFO - Started process (PID=8459) to work on /home/airflow/.local/lib/python3.7/site-packages/airflow/example_dags/example_branch_datetime_operator.py
[2022-02-16 17:20:53,819] {processor.py:642} INFO - Processing file /home/airflow/.local/lib/python3.7/site-packages/airflow/example_dags/example_branch_datetime_operator.py for tasks to queue
[2022-02-16 17:20:53,820] {logging_mixin.py:109} INFO - [2022-02-16 17:20:53,820] {dagbag.py:500} INFO - Filling up the DagBag from /home/airflow/.local/lib/python3.7/site-packages/airflow/example_dags/example_branch_datetime_operator.py
[2022-02-16 17:20:53,854] {processor.py:654} INFO - DAG(s) dict_keys(['example_branch_datetime_operator_2']) retrieved from /home/airflow/.local/lib/python3.7/site-packages/airflow/example_dags/example_branch_datetime_operator.py
[2022-02-16 17:20:53,865] {logging_mixin.py:109} INFO - [2022-02-16 17:20:53,865] {dag.py:2396} INFO - Sync 1 DAGs
[2022-02-16 17:20:53,886] {logging_mixin.py:109} INFO - [2022-02-16 17:20:53,886] {dag.py:2935} INFO - Setting next_dagrun for example_branch_datetime_operator_2 to 2022-02-15 00:00:00+00:00
[2022-02-16 17:20:53,896] {processor.py:171} INFO - Processing /home/airflow/.local/lib/python3.7/site-packages/airflow/example_dags/example_branch_datetime_operator.py took 0.082 seconds
