[2022-02-16 16:58:58,191] {processor.py:163} INFO - Started process (PID=359) to work on /home/airflow/.local/lib/python3.7/site-packages/airflow/example_dags/example_latest_only_with_trigger.py
[2022-02-16 16:58:58,192] {processor.py:642} INFO - Processing file /home/airflow/.local/lib/python3.7/site-packages/airflow/example_dags/example_latest_only_with_trigger.py for tasks to queue
[2022-02-16 16:58:58,193] {logging_mixin.py:109} INFO - [2022-02-16 16:58:58,193] {dagbag.py:500} INFO - Filling up the DagBag from /home/airflow/.local/lib/python3.7/site-packages/airflow/example_dags/example_latest_only_with_trigger.py
[2022-02-16 16:58:58,356] {processor.py:654} INFO - DAG(s) dict_keys(['latest_only_with_trigger']) retrieved from /home/airflow/.local/lib/python3.7/site-packages/airflow/example_dags/example_latest_only_with_trigger.py
[2022-02-16 16:59:00,871] {logging_mixin.py:109} INFO - [2022-02-16 16:59:00,870] {manager.py:496} INFO - Created Permission View: can read on DAG:latest_only_with_trigger
[2022-02-16 16:59:00,879] {logging_mixin.py:109} INFO - [2022-02-16 16:59:00,879] {manager.py:496} INFO - Created Permission View: can edit on DAG:latest_only_with_trigger
[2022-02-16 16:59:00,880] {logging_mixin.py:109} INFO - [2022-02-16 16:59:00,880] {dag.py:2396} INFO - Sync 1 DAGs
[2022-02-16 16:59:00,891] {logging_mixin.py:109} INFO - [2022-02-16 16:59:00,890] {dag.py:2415} INFO - Creating ORM DAG for latest_only_with_trigger
[2022-02-16 16:59:00,900] {logging_mixin.py:109} INFO - [2022-02-16 16:59:00,899] {dag.py:2935} INFO - Setting next_dagrun for latest_only_with_trigger to 2022-02-16T12:59:00.899670+00:00
[2022-02-16 16:59:00,911] {processor.py:171} INFO - Processing /home/airflow/.local/lib/python3.7/site-packages/airflow/example_dags/example_latest_only_with_trigger.py took 2.725 seconds
[2022-02-16 16:59:31,496] {processor.py:163} INFO - Started process (PID=561) to work on /home/airflow/.local/lib/python3.7/site-packages/airflow/example_dags/example_latest_only_with_trigger.py
[2022-02-16 16:59:31,498] {processor.py:642} INFO - Processing file /home/airflow/.local/lib/python3.7/site-packages/airflow/example_dags/example_latest_only_with_trigger.py for tasks to queue
[2022-02-16 16:59:31,499] {logging_mixin.py:109} INFO - [2022-02-16 16:59:31,499] {dagbag.py:500} INFO - Filling up the DagBag from /home/airflow/.local/lib/python3.7/site-packages/airflow/example_dags/example_latest_only_with_trigger.py
[2022-02-16 16:59:31,582] {processor.py:654} INFO - DAG(s) dict_keys(['latest_only_with_trigger']) retrieved from /home/airflow/.local/lib/python3.7/site-packages/airflow/example_dags/example_latest_only_with_trigger.py
[2022-02-16 16:59:31,595] {logging_mixin.py:109} INFO - [2022-02-16 16:59:31,595] {dag.py:2396} INFO - Sync 1 DAGs
[2022-02-16 16:59:31,615] {logging_mixin.py:109} INFO - [2022-02-16 16:59:31,615] {dag.py:2935} INFO - Setting next_dagrun for latest_only_with_trigger to 2022-02-16T12:59:31.615373+00:00
[2022-02-16 16:59:31,634] {processor.py:171} INFO - Processing /home/airflow/.local/lib/python3.7/site-packages/airflow/example_dags/example_latest_only_with_trigger.py took 0.143 seconds
[2022-02-16 17:00:02,409] {processor.py:163} INFO - Started process (PID=741) to work on /home/airflow/.local/lib/python3.7/site-packages/airflow/example_dags/example_latest_only_with_trigger.py
[2022-02-16 17:00:02,410] {processor.py:642} INFO - Processing file /home/airflow/.local/lib/python3.7/site-packages/airflow/example_dags/example_latest_only_with_trigger.py for tasks to queue
[2022-02-16 17:00:02,411] {logging_mixin.py:109} INFO - [2022-02-16 17:00:02,411] {dagbag.py:500} INFO - Filling up the DagBag from /home/airflow/.local/lib/python3.7/site-packages/airflow/example_dags/example_latest_only_with_trigger.py
[2022-02-16 17:00:02,441] {processor.py:654} INFO - DAG(s) dict_keys(['latest_only_with_trigger']) retrieved from /home/airflow/.local/lib/python3.7/site-packages/airflow/example_dags/example_latest_only_with_trigger.py
[2022-02-16 17:00:02,452] {logging_mixin.py:109} INFO - [2022-02-16 17:00:02,452] {dag.py:2396} INFO - Sync 1 DAGs
[2022-02-16 17:00:02,470] {logging_mixin.py:109} INFO - [2022-02-16 17:00:02,470] {dag.py:2935} INFO - Setting next_dagrun for latest_only_with_trigger to 2022-02-16T13:00:02.470017+00:00
[2022-02-16 17:00:02,480] {processor.py:171} INFO - Processing /home/airflow/.local/lib/python3.7/site-packages/airflow/example_dags/example_latest_only_with_trigger.py took 0.075 seconds
[2022-02-16 17:00:33,436] {processor.py:163} INFO - Started process (PID=923) to work on /home/airflow/.local/lib/python3.7/site-packages/airflow/example_dags/example_latest_only_with_trigger.py
[2022-02-16 17:00:33,441] {processor.py:642} INFO - Processing file /home/airflow/.local/lib/python3.7/site-packages/airflow/example_dags/example_latest_only_with_trigger.py for tasks to queue
[2022-02-16 17:00:33,444] {logging_mixin.py:109} INFO - [2022-02-16 17:00:33,444] {dagbag.py:500} INFO - Filling up the DagBag from /home/airflow/.local/lib/python3.7/site-packages/airflow/example_dags/example_latest_only_with_trigger.py
[2022-02-16 17:00:33,497] {processor.py:654} INFO - DAG(s) dict_keys(['latest_only_with_trigger']) retrieved from /home/airflow/.local/lib/python3.7/site-packages/airflow/example_dags/example_latest_only_with_trigger.py
[2022-02-16 17:00:33,509] {logging_mixin.py:109} INFO - [2022-02-16 17:00:33,509] {dag.py:2396} INFO - Sync 1 DAGs
[2022-02-16 17:00:33,535] {logging_mixin.py:109} INFO - [2022-02-16 17:00:33,535] {dag.py:2935} INFO - Setting next_dagrun for latest_only_with_trigger to 2022-02-16T13:00:33.534803+00:00
[2022-02-16 17:00:33,556] {processor.py:171} INFO - Processing /home/airflow/.local/lib/python3.7/site-packages/airflow/example_dags/example_latest_only_with_trigger.py took 0.162 seconds
[2022-02-16 17:01:03,955] {processor.py:163} INFO - Started process (PID=1104) to work on /home/airflow/.local/lib/python3.7/site-packages/airflow/example_dags/example_latest_only_with_trigger.py
[2022-02-16 17:01:03,956] {processor.py:642} INFO - Processing file /home/airflow/.local/lib/python3.7/site-packages/airflow/example_dags/example_latest_only_with_trigger.py for tasks to queue
[2022-02-16 17:01:03,957] {logging_mixin.py:109} INFO - [2022-02-16 17:01:03,957] {dagbag.py:500} INFO - Filling up the DagBag from /home/airflow/.local/lib/python3.7/site-packages/airflow/example_dags/example_latest_only_with_trigger.py
[2022-02-16 17:01:03,987] {processor.py:654} INFO - DAG(s) dict_keys(['latest_only_with_trigger']) retrieved from /home/airflow/.local/lib/python3.7/site-packages/airflow/example_dags/example_latest_only_with_trigger.py
[2022-02-16 17:01:03,999] {logging_mixin.py:109} INFO - [2022-02-16 17:01:03,999] {dag.py:2396} INFO - Sync 1 DAGs
[2022-02-16 17:01:04,016] {logging_mixin.py:109} INFO - [2022-02-16 17:01:04,016] {dag.py:2935} INFO - Setting next_dagrun for latest_only_with_trigger to 2022-02-16T13:01:04.016355+00:00
[2022-02-16 17:01:04,026] {processor.py:171} INFO - Processing /home/airflow/.local/lib/python3.7/site-packages/airflow/example_dags/example_latest_only_with_trigger.py took 0.075 seconds
[2022-02-16 17:01:34,322] {processor.py:163} INFO - Started process (PID=1285) to work on /home/airflow/.local/lib/python3.7/site-packages/airflow/example_dags/example_latest_only_with_trigger.py
[2022-02-16 17:01:34,324] {processor.py:642} INFO - Processing file /home/airflow/.local/lib/python3.7/site-packages/airflow/example_dags/example_latest_only_with_trigger.py for tasks to queue
[2022-02-16 17:01:34,325] {logging_mixin.py:109} INFO - [2022-02-16 17:01:34,325] {dagbag.py:500} INFO - Filling up the DagBag from /home/airflow/.local/lib/python3.7/site-packages/airflow/example_dags/example_latest_only_with_trigger.py
[2022-02-16 17:01:34,356] {processor.py:654} INFO - DAG(s) dict_keys(['latest_only_with_trigger']) retrieved from /home/airflow/.local/lib/python3.7/site-packages/airflow/example_dags/example_latest_only_with_trigger.py
[2022-02-16 17:01:34,369] {logging_mixin.py:109} INFO - [2022-02-16 17:01:34,368] {dag.py:2396} INFO - Sync 1 DAGs
[2022-02-16 17:01:34,386] {logging_mixin.py:109} INFO - [2022-02-16 17:01:34,386] {dag.py:2935} INFO - Setting next_dagrun for latest_only_with_trigger to 2022-02-16T13:01:34.386242+00:00
[2022-02-16 17:01:34,396] {processor.py:171} INFO - Processing /home/airflow/.local/lib/python3.7/site-packages/airflow/example_dags/example_latest_only_with_trigger.py took 0.078 seconds
[2022-02-16 17:02:05,059] {processor.py:163} INFO - Started process (PID=1471) to work on /home/airflow/.local/lib/python3.7/site-packages/airflow/example_dags/example_latest_only_with_trigger.py
[2022-02-16 17:02:05,060] {processor.py:642} INFO - Processing file /home/airflow/.local/lib/python3.7/site-packages/airflow/example_dags/example_latest_only_with_trigger.py for tasks to queue
[2022-02-16 17:02:05,063] {logging_mixin.py:109} INFO - [2022-02-16 17:02:05,063] {dagbag.py:500} INFO - Filling up the DagBag from /home/airflow/.local/lib/python3.7/site-packages/airflow/example_dags/example_latest_only_with_trigger.py
[2022-02-16 17:02:05,188] {processor.py:654} INFO - DAG(s) dict_keys(['latest_only_with_trigger']) retrieved from /home/airflow/.local/lib/python3.7/site-packages/airflow/example_dags/example_latest_only_with_trigger.py
[2022-02-16 17:02:05,251] {logging_mixin.py:109} INFO - [2022-02-16 17:02:05,250] {dag.py:2396} INFO - Sync 1 DAGs
[2022-02-16 17:02:05,335] {logging_mixin.py:109} INFO - [2022-02-16 17:02:05,335] {dag.py:2935} INFO - Setting next_dagrun for latest_only_with_trigger to 2022-02-16T13:02:05.335429+00:00
[2022-02-16 17:02:05,363] {processor.py:171} INFO - Processing /home/airflow/.local/lib/python3.7/site-packages/airflow/example_dags/example_latest_only_with_trigger.py took 0.309 seconds
[2022-02-16 17:02:35,486] {processor.py:163} INFO - Started process (PID=1650) to work on /home/airflow/.local/lib/python3.7/site-packages/airflow/example_dags/example_latest_only_with_trigger.py
[2022-02-16 17:02:35,488] {processor.py:642} INFO - Processing file /home/airflow/.local/lib/python3.7/site-packages/airflow/example_dags/example_latest_only_with_trigger.py for tasks to queue
[2022-02-16 17:02:35,489] {logging_mixin.py:109} INFO - [2022-02-16 17:02:35,489] {dagbag.py:500} INFO - Filling up the DagBag from /home/airflow/.local/lib/python3.7/site-packages/airflow/example_dags/example_latest_only_with_trigger.py
[2022-02-16 17:02:35,520] {processor.py:654} INFO - DAG(s) dict_keys(['latest_only_with_trigger']) retrieved from /home/airflow/.local/lib/python3.7/site-packages/airflow/example_dags/example_latest_only_with_trigger.py
[2022-02-16 17:02:35,532] {logging_mixin.py:109} INFO - [2022-02-16 17:02:35,532] {dag.py:2396} INFO - Sync 1 DAGs
[2022-02-16 17:02:35,551] {logging_mixin.py:109} INFO - [2022-02-16 17:02:35,551] {dag.py:2935} INFO - Setting next_dagrun for latest_only_with_trigger to 2022-02-16T13:02:35.550700+00:00
[2022-02-16 17:02:35,561] {processor.py:171} INFO - Processing /home/airflow/.local/lib/python3.7/site-packages/airflow/example_dags/example_latest_only_with_trigger.py took 0.079 seconds
[2022-02-16 17:03:05,717] {processor.py:163} INFO - Started process (PID=1829) to work on /home/airflow/.local/lib/python3.7/site-packages/airflow/example_dags/example_latest_only_with_trigger.py
[2022-02-16 17:03:05,719] {processor.py:642} INFO - Processing file /home/airflow/.local/lib/python3.7/site-packages/airflow/example_dags/example_latest_only_with_trigger.py for tasks to queue
[2022-02-16 17:03:05,720] {logging_mixin.py:109} INFO - [2022-02-16 17:03:05,719] {dagbag.py:500} INFO - Filling up the DagBag from /home/airflow/.local/lib/python3.7/site-packages/airflow/example_dags/example_latest_only_with_trigger.py
[2022-02-16 17:03:05,760] {processor.py:654} INFO - DAG(s) dict_keys(['latest_only_with_trigger']) retrieved from /home/airflow/.local/lib/python3.7/site-packages/airflow/example_dags/example_latest_only_with_trigger.py
[2022-02-16 17:03:05,775] {logging_mixin.py:109} INFO - [2022-02-16 17:03:05,774] {dag.py:2396} INFO - Sync 1 DAGs
[2022-02-16 17:03:05,795] {logging_mixin.py:109} INFO - [2022-02-16 17:03:05,795] {dag.py:2935} INFO - Setting next_dagrun for latest_only_with_trigger to 2022-02-16T13:03:05.794746+00:00
[2022-02-16 17:03:05,805] {processor.py:171} INFO - Processing /home/airflow/.local/lib/python3.7/site-packages/airflow/example_dags/example_latest_only_with_trigger.py took 0.093 seconds
[2022-02-16 17:03:35,921] {processor.py:163} INFO - Started process (PID=2014) to work on /home/airflow/.local/lib/python3.7/site-packages/airflow/example_dags/example_latest_only_with_trigger.py
[2022-02-16 17:03:35,922] {processor.py:642} INFO - Processing file /home/airflow/.local/lib/python3.7/site-packages/airflow/example_dags/example_latest_only_with_trigger.py for tasks to queue
[2022-02-16 17:03:35,923] {logging_mixin.py:109} INFO - [2022-02-16 17:03:35,923] {dagbag.py:500} INFO - Filling up the DagBag from /home/airflow/.local/lib/python3.7/site-packages/airflow/example_dags/example_latest_only_with_trigger.py
[2022-02-16 17:03:35,955] {processor.py:654} INFO - DAG(s) dict_keys(['latest_only_with_trigger']) retrieved from /home/airflow/.local/lib/python3.7/site-packages/airflow/example_dags/example_latest_only_with_trigger.py
[2022-02-16 17:03:35,981] {logging_mixin.py:109} INFO - [2022-02-16 17:03:35,981] {dag.py:2396} INFO - Sync 1 DAGs
[2022-02-16 17:03:36,000] {logging_mixin.py:109} INFO - [2022-02-16 17:03:36,000] {dag.py:2935} INFO - Setting next_dagrun for latest_only_with_trigger to 2022-02-16T13:03:36.000037+00:00
[2022-02-16 17:03:36,010] {processor.py:171} INFO - Processing /home/airflow/.local/lib/python3.7/site-packages/airflow/example_dags/example_latest_only_with_trigger.py took 0.093 seconds
[2022-02-16 17:04:06,149] {processor.py:163} INFO - Started process (PID=2210) to work on /home/airflow/.local/lib/python3.7/site-packages/airflow/example_dags/example_latest_only_with_trigger.py
[2022-02-16 17:04:06,151] {processor.py:642} INFO - Processing file /home/airflow/.local/lib/python3.7/site-packages/airflow/example_dags/example_latest_only_with_trigger.py for tasks to queue
[2022-02-16 17:04:06,151] {logging_mixin.py:109} INFO - [2022-02-16 17:04:06,151] {dagbag.py:500} INFO - Filling up the DagBag from /home/airflow/.local/lib/python3.7/site-packages/airflow/example_dags/example_latest_only_with_trigger.py
[2022-02-16 17:04:06,185] {processor.py:654} INFO - DAG(s) dict_keys(['latest_only_with_trigger']) retrieved from /home/airflow/.local/lib/python3.7/site-packages/airflow/example_dags/example_latest_only_with_trigger.py
[2022-02-16 17:04:06,198] {logging_mixin.py:109} INFO - [2022-02-16 17:04:06,198] {dag.py:2396} INFO - Sync 1 DAGs
[2022-02-16 17:04:06,263] {logging_mixin.py:109} INFO - [2022-02-16 17:04:06,263] {dag.py:2935} INFO - Setting next_dagrun for latest_only_with_trigger to 2022-02-16T13:04:06.262822+00:00
[2022-02-16 17:04:06,280] {processor.py:171} INFO - Processing /home/airflow/.local/lib/python3.7/site-packages/airflow/example_dags/example_latest_only_with_trigger.py took 0.135 seconds
[2022-02-16 17:04:36,456] {processor.py:163} INFO - Started process (PID=2398) to work on /home/airflow/.local/lib/python3.7/site-packages/airflow/example_dags/example_latest_only_with_trigger.py
[2022-02-16 17:04:36,460] {processor.py:642} INFO - Processing file /home/airflow/.local/lib/python3.7/site-packages/airflow/example_dags/example_latest_only_with_trigger.py for tasks to queue
[2022-02-16 17:04:36,461] {logging_mixin.py:109} INFO - [2022-02-16 17:04:36,461] {dagbag.py:500} INFO - Filling up the DagBag from /home/airflow/.local/lib/python3.7/site-packages/airflow/example_dags/example_latest_only_with_trigger.py
[2022-02-16 17:04:36,524] {processor.py:654} INFO - DAG(s) dict_keys(['latest_only_with_trigger']) retrieved from /home/airflow/.local/lib/python3.7/site-packages/airflow/example_dags/example_latest_only_with_trigger.py
[2022-02-16 17:04:36,536] {logging_mixin.py:109} INFO - [2022-02-16 17:04:36,536] {dag.py:2396} INFO - Sync 1 DAGs
[2022-02-16 17:04:36,558] {logging_mixin.py:109} INFO - [2022-02-16 17:04:36,558] {dag.py:2935} INFO - Setting next_dagrun for latest_only_with_trigger to 2022-02-16T13:04:36.557524+00:00
[2022-02-16 17:04:36,568] {processor.py:171} INFO - Processing /home/airflow/.local/lib/python3.7/site-packages/airflow/example_dags/example_latest_only_with_trigger.py took 0.124 seconds
[2022-02-16 17:05:06,792] {processor.py:163} INFO - Started process (PID=2585) to work on /home/airflow/.local/lib/python3.7/site-packages/airflow/example_dags/example_latest_only_with_trigger.py
[2022-02-16 17:05:06,794] {processor.py:642} INFO - Processing file /home/airflow/.local/lib/python3.7/site-packages/airflow/example_dags/example_latest_only_with_trigger.py for tasks to queue
[2022-02-16 17:05:06,795] {logging_mixin.py:109} INFO - [2022-02-16 17:05:06,794] {dagbag.py:500} INFO - Filling up the DagBag from /home/airflow/.local/lib/python3.7/site-packages/airflow/example_dags/example_latest_only_with_trigger.py
[2022-02-16 17:05:06,844] {processor.py:654} INFO - DAG(s) dict_keys(['latest_only_with_trigger']) retrieved from /home/airflow/.local/lib/python3.7/site-packages/airflow/example_dags/example_latest_only_with_trigger.py
[2022-02-16 17:05:06,860] {logging_mixin.py:109} INFO - [2022-02-16 17:05:06,859] {dag.py:2396} INFO - Sync 1 DAGs
[2022-02-16 17:05:06,883] {logging_mixin.py:109} INFO - [2022-02-16 17:05:06,883] {dag.py:2935} INFO - Setting next_dagrun for latest_only_with_trigger to 2022-02-16T13:05:06.883139+00:00
[2022-02-16 17:05:06,897] {processor.py:171} INFO - Processing /home/airflow/.local/lib/python3.7/site-packages/airflow/example_dags/example_latest_only_with_trigger.py took 0.112 seconds
[2022-02-16 17:05:37,012] {processor.py:163} INFO - Started process (PID=2769) to work on /home/airflow/.local/lib/python3.7/site-packages/airflow/example_dags/example_latest_only_with_trigger.py
[2022-02-16 17:05:37,014] {processor.py:642} INFO - Processing file /home/airflow/.local/lib/python3.7/site-packages/airflow/example_dags/example_latest_only_with_trigger.py for tasks to queue
[2022-02-16 17:05:37,015] {logging_mixin.py:109} INFO - [2022-02-16 17:05:37,015] {dagbag.py:500} INFO - Filling up the DagBag from /home/airflow/.local/lib/python3.7/site-packages/airflow/example_dags/example_latest_only_with_trigger.py
[2022-02-16 17:05:37,093] {processor.py:654} INFO - DAG(s) dict_keys(['latest_only_with_trigger']) retrieved from /home/airflow/.local/lib/python3.7/site-packages/airflow/example_dags/example_latest_only_with_trigger.py
[2022-02-16 17:05:37,119] {logging_mixin.py:109} INFO - [2022-02-16 17:05:37,119] {dag.py:2396} INFO - Sync 1 DAGs
[2022-02-16 17:05:37,163] {logging_mixin.py:109} INFO - [2022-02-16 17:05:37,163] {dag.py:2935} INFO - Setting next_dagrun for latest_only_with_trigger to 2022-02-16T13:05:37.163076+00:00
[2022-02-16 17:05:37,177] {processor.py:171} INFO - Processing /home/airflow/.local/lib/python3.7/site-packages/airflow/example_dags/example_latest_only_with_trigger.py took 0.169 seconds
[2022-02-16 17:06:07,287] {processor.py:163} INFO - Started process (PID=2953) to work on /home/airflow/.local/lib/python3.7/site-packages/airflow/example_dags/example_latest_only_with_trigger.py
[2022-02-16 17:06:07,288] {processor.py:642} INFO - Processing file /home/airflow/.local/lib/python3.7/site-packages/airflow/example_dags/example_latest_only_with_trigger.py for tasks to queue
[2022-02-16 17:06:07,289] {logging_mixin.py:109} INFO - [2022-02-16 17:06:07,289] {dagbag.py:500} INFO - Filling up the DagBag from /home/airflow/.local/lib/python3.7/site-packages/airflow/example_dags/example_latest_only_with_trigger.py
[2022-02-16 17:06:07,321] {processor.py:654} INFO - DAG(s) dict_keys(['latest_only_with_trigger']) retrieved from /home/airflow/.local/lib/python3.7/site-packages/airflow/example_dags/example_latest_only_with_trigger.py
[2022-02-16 17:06:07,333] {logging_mixin.py:109} INFO - [2022-02-16 17:06:07,333] {dag.py:2396} INFO - Sync 1 DAGs
[2022-02-16 17:06:07,350] {logging_mixin.py:109} INFO - [2022-02-16 17:06:07,350] {dag.py:2935} INFO - Setting next_dagrun for latest_only_with_trigger to 2022-02-16T13:06:07.350316+00:00
[2022-02-16 17:06:07,362] {processor.py:171} INFO - Processing /home/airflow/.local/lib/python3.7/site-packages/airflow/example_dags/example_latest_only_with_trigger.py took 0.078 seconds
[2022-02-16 17:06:37,844] {processor.py:163} INFO - Started process (PID=3147) to work on /home/airflow/.local/lib/python3.7/site-packages/airflow/example_dags/example_latest_only_with_trigger.py
[2022-02-16 17:06:37,846] {processor.py:642} INFO - Processing file /home/airflow/.local/lib/python3.7/site-packages/airflow/example_dags/example_latest_only_with_trigger.py for tasks to queue
[2022-02-16 17:06:37,859] {logging_mixin.py:109} INFO - [2022-02-16 17:06:37,846] {dagbag.py:500} INFO - Filling up the DagBag from /home/airflow/.local/lib/python3.7/site-packages/airflow/example_dags/example_latest_only_with_trigger.py
[2022-02-16 17:06:37,944] {processor.py:654} INFO - DAG(s) dict_keys(['latest_only_with_trigger']) retrieved from /home/airflow/.local/lib/python3.7/site-packages/airflow/example_dags/example_latest_only_with_trigger.py
[2022-02-16 17:06:37,956] {logging_mixin.py:109} INFO - [2022-02-16 17:06:37,955] {dag.py:2396} INFO - Sync 1 DAGs
[2022-02-16 17:06:37,977] {logging_mixin.py:109} INFO - [2022-02-16 17:06:37,977] {dag.py:2935} INFO - Setting next_dagrun for latest_only_with_trigger to 2022-02-16T13:06:37.976999+00:00
[2022-02-16 17:06:37,989] {processor.py:171} INFO - Processing /home/airflow/.local/lib/python3.7/site-packages/airflow/example_dags/example_latest_only_with_trigger.py took 0.149 seconds
[2022-02-16 17:07:08,528] {processor.py:163} INFO - Started process (PID=3330) to work on /home/airflow/.local/lib/python3.7/site-packages/airflow/example_dags/example_latest_only_with_trigger.py
[2022-02-16 17:07:08,530] {processor.py:642} INFO - Processing file /home/airflow/.local/lib/python3.7/site-packages/airflow/example_dags/example_latest_only_with_trigger.py for tasks to queue
[2022-02-16 17:07:08,530] {logging_mixin.py:109} INFO - [2022-02-16 17:07:08,530] {dagbag.py:500} INFO - Filling up the DagBag from /home/airflow/.local/lib/python3.7/site-packages/airflow/example_dags/example_latest_only_with_trigger.py
[2022-02-16 17:07:08,564] {processor.py:654} INFO - DAG(s) dict_keys(['latest_only_with_trigger']) retrieved from /home/airflow/.local/lib/python3.7/site-packages/airflow/example_dags/example_latest_only_with_trigger.py
[2022-02-16 17:07:08,581] {logging_mixin.py:109} INFO - [2022-02-16 17:07:08,580] {dag.py:2396} INFO - Sync 1 DAGs
[2022-02-16 17:07:08,603] {logging_mixin.py:109} INFO - [2022-02-16 17:07:08,603] {dag.py:2935} INFO - Setting next_dagrun for latest_only_with_trigger to 2022-02-16T13:07:08.602613+00:00
[2022-02-16 17:07:08,612] {processor.py:171} INFO - Processing /home/airflow/.local/lib/python3.7/site-packages/airflow/example_dags/example_latest_only_with_trigger.py took 0.090 seconds
[2022-02-16 17:07:38,878] {processor.py:163} INFO - Started process (PID=3515) to work on /home/airflow/.local/lib/python3.7/site-packages/airflow/example_dags/example_latest_only_with_trigger.py
[2022-02-16 17:07:38,879] {processor.py:642} INFO - Processing file /home/airflow/.local/lib/python3.7/site-packages/airflow/example_dags/example_latest_only_with_trigger.py for tasks to queue
[2022-02-16 17:07:38,880] {logging_mixin.py:109} INFO - [2022-02-16 17:07:38,880] {dagbag.py:500} INFO - Filling up the DagBag from /home/airflow/.local/lib/python3.7/site-packages/airflow/example_dags/example_latest_only_with_trigger.py
[2022-02-16 17:07:38,930] {processor.py:654} INFO - DAG(s) dict_keys(['latest_only_with_trigger']) retrieved from /home/airflow/.local/lib/python3.7/site-packages/airflow/example_dags/example_latest_only_with_trigger.py
[2022-02-16 17:07:38,953] {logging_mixin.py:109} INFO - [2022-02-16 17:07:38,953] {dag.py:2396} INFO - Sync 1 DAGs
[2022-02-16 17:07:38,988] {logging_mixin.py:109} INFO - [2022-02-16 17:07:38,979] {dag.py:2935} INFO - Setting next_dagrun for latest_only_with_trigger to 2022-02-16T13:07:38.979228+00:00
[2022-02-16 17:07:39,022] {processor.py:171} INFO - Processing /home/airflow/.local/lib/python3.7/site-packages/airflow/example_dags/example_latest_only_with_trigger.py took 0.150 seconds
[2022-02-16 17:08:09,473] {processor.py:163} INFO - Started process (PID=3707) to work on /home/airflow/.local/lib/python3.7/site-packages/airflow/example_dags/example_latest_only_with_trigger.py
[2022-02-16 17:08:09,479] {processor.py:642} INFO - Processing file /home/airflow/.local/lib/python3.7/site-packages/airflow/example_dags/example_latest_only_with_trigger.py for tasks to queue
[2022-02-16 17:08:09,480] {logging_mixin.py:109} INFO - [2022-02-16 17:08:09,480] {dagbag.py:500} INFO - Filling up the DagBag from /home/airflow/.local/lib/python3.7/site-packages/airflow/example_dags/example_latest_only_with_trigger.py
[2022-02-16 17:08:09,635] {processor.py:654} INFO - DAG(s) dict_keys(['latest_only_with_trigger']) retrieved from /home/airflow/.local/lib/python3.7/site-packages/airflow/example_dags/example_latest_only_with_trigger.py
[2022-02-16 17:08:09,674] {logging_mixin.py:109} INFO - [2022-02-16 17:08:09,674] {dag.py:2396} INFO - Sync 1 DAGs
[2022-02-16 17:08:09,750] {logging_mixin.py:109} INFO - [2022-02-16 17:08:09,750] {dag.py:2935} INFO - Setting next_dagrun for latest_only_with_trigger to 2022-02-16T13:08:09.747663+00:00
[2022-02-16 17:08:09,796] {processor.py:171} INFO - Processing /home/airflow/.local/lib/python3.7/site-packages/airflow/example_dags/example_latest_only_with_trigger.py took 0.329 seconds
[2022-02-16 17:08:40,457] {processor.py:163} INFO - Started process (PID=3891) to work on /home/airflow/.local/lib/python3.7/site-packages/airflow/example_dags/example_latest_only_with_trigger.py
[2022-02-16 17:08:40,470] {processor.py:642} INFO - Processing file /home/airflow/.local/lib/python3.7/site-packages/airflow/example_dags/example_latest_only_with_trigger.py for tasks to queue
[2022-02-16 17:08:40,476] {logging_mixin.py:109} INFO - [2022-02-16 17:08:40,476] {dagbag.py:500} INFO - Filling up the DagBag from /home/airflow/.local/lib/python3.7/site-packages/airflow/example_dags/example_latest_only_with_trigger.py
[2022-02-16 17:08:40,596] {processor.py:654} INFO - DAG(s) dict_keys(['latest_only_with_trigger']) retrieved from /home/airflow/.local/lib/python3.7/site-packages/airflow/example_dags/example_latest_only_with_trigger.py
[2022-02-16 17:08:40,635] {logging_mixin.py:109} INFO - [2022-02-16 17:08:40,635] {dag.py:2396} INFO - Sync 1 DAGs
[2022-02-16 17:08:40,677] {logging_mixin.py:109} INFO - [2022-02-16 17:08:40,677] {dag.py:2935} INFO - Setting next_dagrun for latest_only_with_trigger to 2022-02-16T13:08:40.677343+00:00
[2022-02-16 17:08:40,709] {processor.py:171} INFO - Processing /home/airflow/.local/lib/python3.7/site-packages/airflow/example_dags/example_latest_only_with_trigger.py took 0.265 seconds
[2022-02-16 17:09:10,777] {processor.py:163} INFO - Started process (PID=4077) to work on /home/airflow/.local/lib/python3.7/site-packages/airflow/example_dags/example_latest_only_with_trigger.py
[2022-02-16 17:09:10,778] {processor.py:642} INFO - Processing file /home/airflow/.local/lib/python3.7/site-packages/airflow/example_dags/example_latest_only_with_trigger.py for tasks to queue
[2022-02-16 17:09:10,779] {logging_mixin.py:109} INFO - [2022-02-16 17:09:10,779] {dagbag.py:500} INFO - Filling up the DagBag from /home/airflow/.local/lib/python3.7/site-packages/airflow/example_dags/example_latest_only_with_trigger.py
[2022-02-16 17:09:10,947] {processor.py:654} INFO - DAG(s) dict_keys(['latest_only_with_trigger']) retrieved from /home/airflow/.local/lib/python3.7/site-packages/airflow/example_dags/example_latest_only_with_trigger.py
[2022-02-16 17:09:10,972] {logging_mixin.py:109} INFO - [2022-02-16 17:09:10,971] {dag.py:2396} INFO - Sync 1 DAGs
[2022-02-16 17:09:11,009] {logging_mixin.py:109} INFO - [2022-02-16 17:09:11,009] {dag.py:2935} INFO - Setting next_dagrun for latest_only_with_trigger to 2022-02-16T13:09:11.009061+00:00
[2022-02-16 17:09:11,062] {processor.py:171} INFO - Processing /home/airflow/.local/lib/python3.7/site-packages/airflow/example_dags/example_latest_only_with_trigger.py took 0.295 seconds
[2022-02-16 17:09:41,374] {processor.py:163} INFO - Started process (PID=4258) to work on /home/airflow/.local/lib/python3.7/site-packages/airflow/example_dags/example_latest_only_with_trigger.py
[2022-02-16 17:09:41,376] {processor.py:642} INFO - Processing file /home/airflow/.local/lib/python3.7/site-packages/airflow/example_dags/example_latest_only_with_trigger.py for tasks to queue
[2022-02-16 17:09:41,376] {logging_mixin.py:109} INFO - [2022-02-16 17:09:41,376] {dagbag.py:500} INFO - Filling up the DagBag from /home/airflow/.local/lib/python3.7/site-packages/airflow/example_dags/example_latest_only_with_trigger.py
[2022-02-16 17:09:41,414] {processor.py:654} INFO - DAG(s) dict_keys(['latest_only_with_trigger']) retrieved from /home/airflow/.local/lib/python3.7/site-packages/airflow/example_dags/example_latest_only_with_trigger.py
[2022-02-16 17:09:41,430] {logging_mixin.py:109} INFO - [2022-02-16 17:09:41,430] {dag.py:2396} INFO - Sync 1 DAGs
[2022-02-16 17:09:41,488] {logging_mixin.py:109} INFO - [2022-02-16 17:09:41,488] {dag.py:2935} INFO - Setting next_dagrun for latest_only_with_trigger to 2022-02-16T13:09:41.488152+00:00
[2022-02-16 17:09:41,510] {processor.py:171} INFO - Processing /home/airflow/.local/lib/python3.7/site-packages/airflow/example_dags/example_latest_only_with_trigger.py took 0.140 seconds
[2022-02-16 17:10:11,775] {processor.py:163} INFO - Started process (PID=4444) to work on /home/airflow/.local/lib/python3.7/site-packages/airflow/example_dags/example_latest_only_with_trigger.py
[2022-02-16 17:10:11,777] {processor.py:642} INFO - Processing file /home/airflow/.local/lib/python3.7/site-packages/airflow/example_dags/example_latest_only_with_trigger.py for tasks to queue
[2022-02-16 17:10:11,777] {logging_mixin.py:109} INFO - [2022-02-16 17:10:11,777] {dagbag.py:500} INFO - Filling up the DagBag from /home/airflow/.local/lib/python3.7/site-packages/airflow/example_dags/example_latest_only_with_trigger.py
[2022-02-16 17:10:11,808] {processor.py:654} INFO - DAG(s) dict_keys(['latest_only_with_trigger']) retrieved from /home/airflow/.local/lib/python3.7/site-packages/airflow/example_dags/example_latest_only_with_trigger.py
[2022-02-16 17:10:11,819] {logging_mixin.py:109} INFO - [2022-02-16 17:10:11,819] {dag.py:2396} INFO - Sync 1 DAGs
[2022-02-16 17:10:11,837] {logging_mixin.py:109} INFO - [2022-02-16 17:10:11,837] {dag.py:2935} INFO - Setting next_dagrun for latest_only_with_trigger to 2022-02-16T13:10:11.837370+00:00
[2022-02-16 17:10:11,847] {processor.py:171} INFO - Processing /home/airflow/.local/lib/python3.7/site-packages/airflow/example_dags/example_latest_only_with_trigger.py took 0.076 seconds
[2022-02-16 17:10:42,373] {processor.py:163} INFO - Started process (PID=4640) to work on /home/airflow/.local/lib/python3.7/site-packages/airflow/example_dags/example_latest_only_with_trigger.py
[2022-02-16 17:10:42,374] {processor.py:642} INFO - Processing file /home/airflow/.local/lib/python3.7/site-packages/airflow/example_dags/example_latest_only_with_trigger.py for tasks to queue
[2022-02-16 17:10:42,384] {logging_mixin.py:109} INFO - [2022-02-16 17:10:42,382] {dagbag.py:500} INFO - Filling up the DagBag from /home/airflow/.local/lib/python3.7/site-packages/airflow/example_dags/example_latest_only_with_trigger.py
[2022-02-16 17:10:42,500] {processor.py:654} INFO - DAG(s) dict_keys(['latest_only_with_trigger']) retrieved from /home/airflow/.local/lib/python3.7/site-packages/airflow/example_dags/example_latest_only_with_trigger.py
[2022-02-16 17:10:42,547] {logging_mixin.py:109} INFO - [2022-02-16 17:10:42,547] {dag.py:2396} INFO - Sync 1 DAGs
[2022-02-16 17:10:42,596] {logging_mixin.py:109} INFO - [2022-02-16 17:10:42,596] {dag.py:2935} INFO - Setting next_dagrun for latest_only_with_trigger to 2022-02-16T13:10:42.596414+00:00
[2022-02-16 17:10:42,631] {processor.py:171} INFO - Processing /home/airflow/.local/lib/python3.7/site-packages/airflow/example_dags/example_latest_only_with_trigger.py took 0.265 seconds
[2022-02-16 17:11:12,706] {processor.py:163} INFO - Started process (PID=4821) to work on /home/airflow/.local/lib/python3.7/site-packages/airflow/example_dags/example_latest_only_with_trigger.py
[2022-02-16 17:11:12,708] {processor.py:642} INFO - Processing file /home/airflow/.local/lib/python3.7/site-packages/airflow/example_dags/example_latest_only_with_trigger.py for tasks to queue
[2022-02-16 17:11:12,709] {logging_mixin.py:109} INFO - [2022-02-16 17:11:12,709] {dagbag.py:500} INFO - Filling up the DagBag from /home/airflow/.local/lib/python3.7/site-packages/airflow/example_dags/example_latest_only_with_trigger.py
[2022-02-16 17:11:12,810] {processor.py:654} INFO - DAG(s) dict_keys(['latest_only_with_trigger']) retrieved from /home/airflow/.local/lib/python3.7/site-packages/airflow/example_dags/example_latest_only_with_trigger.py
[2022-02-16 17:11:12,831] {logging_mixin.py:109} INFO - [2022-02-16 17:11:12,831] {dag.py:2396} INFO - Sync 1 DAGs
[2022-02-16 17:11:12,880] {logging_mixin.py:109} INFO - [2022-02-16 17:11:12,880] {dag.py:2935} INFO - Setting next_dagrun for latest_only_with_trigger to 2022-02-16T13:11:12.880033+00:00
[2022-02-16 17:11:12,903] {processor.py:171} INFO - Processing /home/airflow/.local/lib/python3.7/site-packages/airflow/example_dags/example_latest_only_with_trigger.py took 0.204 seconds
[2022-02-16 17:11:43,819] {processor.py:163} INFO - Started process (PID=5003) to work on /home/airflow/.local/lib/python3.7/site-packages/airflow/example_dags/example_latest_only_with_trigger.py
[2022-02-16 17:11:43,820] {processor.py:642} INFO - Processing file /home/airflow/.local/lib/python3.7/site-packages/airflow/example_dags/example_latest_only_with_trigger.py for tasks to queue
[2022-02-16 17:11:43,821] {logging_mixin.py:109} INFO - [2022-02-16 17:11:43,821] {dagbag.py:500} INFO - Filling up the DagBag from /home/airflow/.local/lib/python3.7/site-packages/airflow/example_dags/example_latest_only_with_trigger.py
[2022-02-16 17:11:43,856] {processor.py:654} INFO - DAG(s) dict_keys(['latest_only_with_trigger']) retrieved from /home/airflow/.local/lib/python3.7/site-packages/airflow/example_dags/example_latest_only_with_trigger.py
[2022-02-16 17:11:43,871] {logging_mixin.py:109} INFO - [2022-02-16 17:11:43,870] {dag.py:2396} INFO - Sync 1 DAGs
[2022-02-16 17:11:43,889] {logging_mixin.py:109} INFO - [2022-02-16 17:11:43,889] {dag.py:2935} INFO - Setting next_dagrun for latest_only_with_trigger to 2022-02-16T13:11:43.889161+00:00
[2022-02-16 17:11:43,898] {processor.py:171} INFO - Processing /home/airflow/.local/lib/python3.7/site-packages/airflow/example_dags/example_latest_only_with_trigger.py took 0.083 seconds
[2022-02-16 17:12:14,458] {processor.py:163} INFO - Started process (PID=5195) to work on /home/airflow/.local/lib/python3.7/site-packages/airflow/example_dags/example_latest_only_with_trigger.py
[2022-02-16 17:12:14,459] {processor.py:642} INFO - Processing file /home/airflow/.local/lib/python3.7/site-packages/airflow/example_dags/example_latest_only_with_trigger.py for tasks to queue
[2022-02-16 17:12:14,460] {logging_mixin.py:109} INFO - [2022-02-16 17:12:14,459] {dagbag.py:500} INFO - Filling up the DagBag from /home/airflow/.local/lib/python3.7/site-packages/airflow/example_dags/example_latest_only_with_trigger.py
[2022-02-16 17:12:14,493] {processor.py:654} INFO - DAG(s) dict_keys(['latest_only_with_trigger']) retrieved from /home/airflow/.local/lib/python3.7/site-packages/airflow/example_dags/example_latest_only_with_trigger.py
[2022-02-16 17:12:14,506] {logging_mixin.py:109} INFO - [2022-02-16 17:12:14,505] {dag.py:2396} INFO - Sync 1 DAGs
[2022-02-16 17:12:14,525] {logging_mixin.py:109} INFO - [2022-02-16 17:12:14,524] {dag.py:2935} INFO - Setting next_dagrun for latest_only_with_trigger to 2022-02-16T13:12:14.524615+00:00
[2022-02-16 17:12:14,534] {processor.py:171} INFO - Processing /home/airflow/.local/lib/python3.7/site-packages/airflow/example_dags/example_latest_only_with_trigger.py took 0.081 seconds
[2022-02-16 17:12:45,090] {processor.py:163} INFO - Started process (PID=5393) to work on /home/airflow/.local/lib/python3.7/site-packages/airflow/example_dags/example_latest_only_with_trigger.py
[2022-02-16 17:12:45,091] {processor.py:642} INFO - Processing file /home/airflow/.local/lib/python3.7/site-packages/airflow/example_dags/example_latest_only_with_trigger.py for tasks to queue
[2022-02-16 17:12:45,092] {logging_mixin.py:109} INFO - [2022-02-16 17:12:45,092] {dagbag.py:500} INFO - Filling up the DagBag from /home/airflow/.local/lib/python3.7/site-packages/airflow/example_dags/example_latest_only_with_trigger.py
[2022-02-16 17:12:45,160] {processor.py:654} INFO - DAG(s) dict_keys(['latest_only_with_trigger']) retrieved from /home/airflow/.local/lib/python3.7/site-packages/airflow/example_dags/example_latest_only_with_trigger.py
[2022-02-16 17:12:45,185] {logging_mixin.py:109} INFO - [2022-02-16 17:12:45,185] {dag.py:2396} INFO - Sync 1 DAGs
[2022-02-16 17:12:45,225] {logging_mixin.py:109} INFO - [2022-02-16 17:12:45,225] {dag.py:2935} INFO - Setting next_dagrun for latest_only_with_trigger to 2022-02-16T13:12:45.225168+00:00
[2022-02-16 17:12:45,255] {processor.py:171} INFO - Processing /home/airflow/.local/lib/python3.7/site-packages/airflow/example_dags/example_latest_only_with_trigger.py took 0.169 seconds
[2022-02-16 17:13:16,217] {processor.py:163} INFO - Started process (PID=5591) to work on /home/airflow/.local/lib/python3.7/site-packages/airflow/example_dags/example_latest_only_with_trigger.py
[2022-02-16 17:13:16,218] {processor.py:642} INFO - Processing file /home/airflow/.local/lib/python3.7/site-packages/airflow/example_dags/example_latest_only_with_trigger.py for tasks to queue
[2022-02-16 17:13:16,219] {logging_mixin.py:109} INFO - [2022-02-16 17:13:16,219] {dagbag.py:500} INFO - Filling up the DagBag from /home/airflow/.local/lib/python3.7/site-packages/airflow/example_dags/example_latest_only_with_trigger.py
[2022-02-16 17:13:16,250] {processor.py:654} INFO - DAG(s) dict_keys(['latest_only_with_trigger']) retrieved from /home/airflow/.local/lib/python3.7/site-packages/airflow/example_dags/example_latest_only_with_trigger.py
[2022-02-16 17:13:16,262] {logging_mixin.py:109} INFO - [2022-02-16 17:13:16,261] {dag.py:2396} INFO - Sync 1 DAGs
[2022-02-16 17:13:16,279] {logging_mixin.py:109} INFO - [2022-02-16 17:13:16,279] {dag.py:2935} INFO - Setting next_dagrun for latest_only_with_trigger to 2022-02-16T13:13:16.279428+00:00
[2022-02-16 17:13:16,301] {processor.py:171} INFO - Processing /home/airflow/.local/lib/python3.7/site-packages/airflow/example_dags/example_latest_only_with_trigger.py took 0.089 seconds
[2022-02-16 17:13:46,407] {processor.py:163} INFO - Started process (PID=5784) to work on /home/airflow/.local/lib/python3.7/site-packages/airflow/example_dags/example_latest_only_with_trigger.py
[2022-02-16 17:13:46,409] {processor.py:642} INFO - Processing file /home/airflow/.local/lib/python3.7/site-packages/airflow/example_dags/example_latest_only_with_trigger.py for tasks to queue
[2022-02-16 17:13:46,410] {logging_mixin.py:109} INFO - [2022-02-16 17:13:46,410] {dagbag.py:500} INFO - Filling up the DagBag from /home/airflow/.local/lib/python3.7/site-packages/airflow/example_dags/example_latest_only_with_trigger.py
[2022-02-16 17:13:46,452] {processor.py:654} INFO - DAG(s) dict_keys(['latest_only_with_trigger']) retrieved from /home/airflow/.local/lib/python3.7/site-packages/airflow/example_dags/example_latest_only_with_trigger.py
[2022-02-16 17:13:46,464] {logging_mixin.py:109} INFO - [2022-02-16 17:13:46,463] {dag.py:2396} INFO - Sync 1 DAGs
[2022-02-16 17:13:46,484] {logging_mixin.py:109} INFO - [2022-02-16 17:13:46,484] {dag.py:2935} INFO - Setting next_dagrun for latest_only_with_trigger to 2022-02-16T13:13:46.484169+00:00
[2022-02-16 17:13:46,495] {processor.py:171} INFO - Processing /home/airflow/.local/lib/python3.7/site-packages/airflow/example_dags/example_latest_only_with_trigger.py took 0.092 seconds
[2022-02-16 17:14:16,626] {processor.py:163} INFO - Started process (PID=5990) to work on /home/airflow/.local/lib/python3.7/site-packages/airflow/example_dags/example_latest_only_with_trigger.py
[2022-02-16 17:14:16,627] {processor.py:642} INFO - Processing file /home/airflow/.local/lib/python3.7/site-packages/airflow/example_dags/example_latest_only_with_trigger.py for tasks to queue
[2022-02-16 17:14:16,630] {logging_mixin.py:109} INFO - [2022-02-16 17:14:16,629] {dagbag.py:500} INFO - Filling up the DagBag from /home/airflow/.local/lib/python3.7/site-packages/airflow/example_dags/example_latest_only_with_trigger.py
[2022-02-16 17:14:16,688] {processor.py:654} INFO - DAG(s) dict_keys(['latest_only_with_trigger']) retrieved from /home/airflow/.local/lib/python3.7/site-packages/airflow/example_dags/example_latest_only_with_trigger.py
[2022-02-16 17:14:16,708] {logging_mixin.py:109} INFO - [2022-02-16 17:14:16,708] {dag.py:2396} INFO - Sync 1 DAGs
[2022-02-16 17:14:16,746] {logging_mixin.py:109} INFO - [2022-02-16 17:14:16,746] {dag.py:2935} INFO - Setting next_dagrun for latest_only_with_trigger to 2022-02-16T13:14:16.746416+00:00
[2022-02-16 17:14:16,757] {processor.py:171} INFO - Processing /home/airflow/.local/lib/python3.7/site-packages/airflow/example_dags/example_latest_only_with_trigger.py took 0.135 seconds
[2022-02-16 17:14:47,120] {processor.py:163} INFO - Started process (PID=6184) to work on /home/airflow/.local/lib/python3.7/site-packages/airflow/example_dags/example_latest_only_with_trigger.py
[2022-02-16 17:14:47,128] {processor.py:642} INFO - Processing file /home/airflow/.local/lib/python3.7/site-packages/airflow/example_dags/example_latest_only_with_trigger.py for tasks to queue
[2022-02-16 17:14:47,129] {logging_mixin.py:109} INFO - [2022-02-16 17:14:47,129] {dagbag.py:500} INFO - Filling up the DagBag from /home/airflow/.local/lib/python3.7/site-packages/airflow/example_dags/example_latest_only_with_trigger.py
[2022-02-16 17:14:47,186] {processor.py:654} INFO - DAG(s) dict_keys(['latest_only_with_trigger']) retrieved from /home/airflow/.local/lib/python3.7/site-packages/airflow/example_dags/example_latest_only_with_trigger.py
[2022-02-16 17:14:47,204] {logging_mixin.py:109} INFO - [2022-02-16 17:14:47,204] {dag.py:2396} INFO - Sync 1 DAGs
[2022-02-16 17:14:47,232] {logging_mixin.py:109} INFO - [2022-02-16 17:14:47,232] {dag.py:2935} INFO - Setting next_dagrun for latest_only_with_trigger to 2022-02-16T13:14:47.231742+00:00
[2022-02-16 17:14:47,244] {processor.py:171} INFO - Processing /home/airflow/.local/lib/python3.7/site-packages/airflow/example_dags/example_latest_only_with_trigger.py took 0.129 seconds
[2022-02-16 17:15:17,824] {processor.py:163} INFO - Started process (PID=6384) to work on /home/airflow/.local/lib/python3.7/site-packages/airflow/example_dags/example_latest_only_with_trigger.py
[2022-02-16 17:15:17,825] {processor.py:642} INFO - Processing file /home/airflow/.local/lib/python3.7/site-packages/airflow/example_dags/example_latest_only_with_trigger.py for tasks to queue
[2022-02-16 17:15:17,826] {logging_mixin.py:109} INFO - [2022-02-16 17:15:17,826] {dagbag.py:500} INFO - Filling up the DagBag from /home/airflow/.local/lib/python3.7/site-packages/airflow/example_dags/example_latest_only_with_trigger.py
[2022-02-16 17:15:17,866] {processor.py:654} INFO - DAG(s) dict_keys(['latest_only_with_trigger']) retrieved from /home/airflow/.local/lib/python3.7/site-packages/airflow/example_dags/example_latest_only_with_trigger.py
[2022-02-16 17:15:17,881] {logging_mixin.py:109} INFO - [2022-02-16 17:15:17,881] {dag.py:2396} INFO - Sync 1 DAGs
[2022-02-16 17:15:17,906] {logging_mixin.py:109} INFO - [2022-02-16 17:15:17,906] {dag.py:2935} INFO - Setting next_dagrun for latest_only_with_trigger to 2022-02-16T13:15:17.905896+00:00
[2022-02-16 17:15:17,918] {processor.py:171} INFO - Processing /home/airflow/.local/lib/python3.7/site-packages/airflow/example_dags/example_latest_only_with_trigger.py took 0.099 seconds
[2022-02-16 17:15:48,296] {processor.py:163} INFO - Started process (PID=6580) to work on /home/airflow/.local/lib/python3.7/site-packages/airflow/example_dags/example_latest_only_with_trigger.py
[2022-02-16 17:15:48,298] {processor.py:642} INFO - Processing file /home/airflow/.local/lib/python3.7/site-packages/airflow/example_dags/example_latest_only_with_trigger.py for tasks to queue
[2022-02-16 17:15:48,298] {logging_mixin.py:109} INFO - [2022-02-16 17:15:48,298] {dagbag.py:500} INFO - Filling up the DagBag from /home/airflow/.local/lib/python3.7/site-packages/airflow/example_dags/example_latest_only_with_trigger.py
[2022-02-16 17:15:48,330] {processor.py:654} INFO - DAG(s) dict_keys(['latest_only_with_trigger']) retrieved from /home/airflow/.local/lib/python3.7/site-packages/airflow/example_dags/example_latest_only_with_trigger.py
[2022-02-16 17:15:48,345] {logging_mixin.py:109} INFO - [2022-02-16 17:15:48,345] {dag.py:2396} INFO - Sync 1 DAGs
[2022-02-16 17:15:48,366] {logging_mixin.py:109} INFO - [2022-02-16 17:15:48,365] {dag.py:2935} INFO - Setting next_dagrun for latest_only_with_trigger to 2022-02-16T13:15:48.365458+00:00
[2022-02-16 17:15:48,378] {processor.py:171} INFO - Processing /home/airflow/.local/lib/python3.7/site-packages/airflow/example_dags/example_latest_only_with_trigger.py took 0.086 seconds
[2022-02-16 17:16:19,181] {processor.py:163} INFO - Started process (PID=6769) to work on /home/airflow/.local/lib/python3.7/site-packages/airflow/example_dags/example_latest_only_with_trigger.py
[2022-02-16 17:16:19,190] {processor.py:642} INFO - Processing file /home/airflow/.local/lib/python3.7/site-packages/airflow/example_dags/example_latest_only_with_trigger.py for tasks to queue
[2022-02-16 17:16:19,192] {logging_mixin.py:109} INFO - [2022-02-16 17:16:19,192] {dagbag.py:500} INFO - Filling up the DagBag from /home/airflow/.local/lib/python3.7/site-packages/airflow/example_dags/example_latest_only_with_trigger.py
[2022-02-16 17:16:19,249] {processor.py:654} INFO - DAG(s) dict_keys(['latest_only_with_trigger']) retrieved from /home/airflow/.local/lib/python3.7/site-packages/airflow/example_dags/example_latest_only_with_trigger.py
[2022-02-16 17:16:19,275] {logging_mixin.py:109} INFO - [2022-02-16 17:16:19,275] {dag.py:2396} INFO - Sync 1 DAGs
[2022-02-16 17:16:19,312] {logging_mixin.py:109} INFO - [2022-02-16 17:16:19,312] {dag.py:2935} INFO - Setting next_dagrun for latest_only_with_trigger to 2022-02-16T13:16:19.311792+00:00
[2022-02-16 17:16:19,331] {processor.py:171} INFO - Processing /home/airflow/.local/lib/python3.7/site-packages/airflow/example_dags/example_latest_only_with_trigger.py took 0.154 seconds
[2022-02-16 17:16:49,716] {processor.py:163} INFO - Started process (PID=6958) to work on /home/airflow/.local/lib/python3.7/site-packages/airflow/example_dags/example_latest_only_with_trigger.py
[2022-02-16 17:16:49,718] {processor.py:642} INFO - Processing file /home/airflow/.local/lib/python3.7/site-packages/airflow/example_dags/example_latest_only_with_trigger.py for tasks to queue
[2022-02-16 17:16:49,719] {logging_mixin.py:109} INFO - [2022-02-16 17:16:49,719] {dagbag.py:500} INFO - Filling up the DagBag from /home/airflow/.local/lib/python3.7/site-packages/airflow/example_dags/example_latest_only_with_trigger.py
[2022-02-16 17:16:49,756] {processor.py:654} INFO - DAG(s) dict_keys(['latest_only_with_trigger']) retrieved from /home/airflow/.local/lib/python3.7/site-packages/airflow/example_dags/example_latest_only_with_trigger.py
[2022-02-16 17:16:49,767] {logging_mixin.py:109} INFO - [2022-02-16 17:16:49,767] {dag.py:2396} INFO - Sync 1 DAGs
[2022-02-16 17:16:49,788] {logging_mixin.py:109} INFO - [2022-02-16 17:16:49,788] {dag.py:2935} INFO - Setting next_dagrun for latest_only_with_trigger to 2022-02-16T13:16:49.787373+00:00
[2022-02-16 17:16:49,802] {processor.py:171} INFO - Processing /home/airflow/.local/lib/python3.7/site-packages/airflow/example_dags/example_latest_only_with_trigger.py took 0.092 seconds
[2022-02-16 17:17:19,916] {processor.py:163} INFO - Started process (PID=7148) to work on /home/airflow/.local/lib/python3.7/site-packages/airflow/example_dags/example_latest_only_with_trigger.py
[2022-02-16 17:17:19,918] {processor.py:642} INFO - Processing file /home/airflow/.local/lib/python3.7/site-packages/airflow/example_dags/example_latest_only_with_trigger.py for tasks to queue
[2022-02-16 17:17:19,918] {logging_mixin.py:109} INFO - [2022-02-16 17:17:19,918] {dagbag.py:500} INFO - Filling up the DagBag from /home/airflow/.local/lib/python3.7/site-packages/airflow/example_dags/example_latest_only_with_trigger.py
[2022-02-16 17:17:19,958] {processor.py:654} INFO - DAG(s) dict_keys(['latest_only_with_trigger']) retrieved from /home/airflow/.local/lib/python3.7/site-packages/airflow/example_dags/example_latest_only_with_trigger.py
[2022-02-16 17:17:19,971] {logging_mixin.py:109} INFO - [2022-02-16 17:17:19,971] {dag.py:2396} INFO - Sync 1 DAGs
[2022-02-16 17:17:19,990] {logging_mixin.py:109} INFO - [2022-02-16 17:17:19,990] {dag.py:2935} INFO - Setting next_dagrun for latest_only_with_trigger to 2022-02-16T13:17:19.990000+00:00
[2022-02-16 17:17:20,000] {processor.py:171} INFO - Processing /home/airflow/.local/lib/python3.7/site-packages/airflow/example_dags/example_latest_only_with_trigger.py took 0.088 seconds
[2022-02-16 17:17:51,131] {processor.py:163} INFO - Started process (PID=7347) to work on /home/airflow/.local/lib/python3.7/site-packages/airflow/example_dags/example_latest_only_with_trigger.py
[2022-02-16 17:17:51,136] {processor.py:642} INFO - Processing file /home/airflow/.local/lib/python3.7/site-packages/airflow/example_dags/example_latest_only_with_trigger.py for tasks to queue
[2022-02-16 17:17:51,143] {logging_mixin.py:109} INFO - [2022-02-16 17:17:51,143] {dagbag.py:500} INFO - Filling up the DagBag from /home/airflow/.local/lib/python3.7/site-packages/airflow/example_dags/example_latest_only_with_trigger.py
[2022-02-16 17:17:51,323] {processor.py:654} INFO - DAG(s) dict_keys(['latest_only_with_trigger']) retrieved from /home/airflow/.local/lib/python3.7/site-packages/airflow/example_dags/example_latest_only_with_trigger.py
[2022-02-16 17:17:51,337] {logging_mixin.py:109} INFO - [2022-02-16 17:17:51,337] {dag.py:2396} INFO - Sync 1 DAGs
[2022-02-16 17:17:51,360] {logging_mixin.py:109} INFO - [2022-02-16 17:17:51,360] {dag.py:2935} INFO - Setting next_dagrun for latest_only_with_trigger to 2022-02-16T13:17:51.359609+00:00
[2022-02-16 17:17:51,374] {processor.py:171} INFO - Processing /home/airflow/.local/lib/python3.7/site-packages/airflow/example_dags/example_latest_only_with_trigger.py took 0.263 seconds
[2022-02-16 17:18:22,333] {processor.py:163} INFO - Started process (PID=7546) to work on /home/airflow/.local/lib/python3.7/site-packages/airflow/example_dags/example_latest_only_with_trigger.py
[2022-02-16 17:18:22,334] {processor.py:642} INFO - Processing file /home/airflow/.local/lib/python3.7/site-packages/airflow/example_dags/example_latest_only_with_trigger.py for tasks to queue
[2022-02-16 17:18:22,335] {logging_mixin.py:109} INFO - [2022-02-16 17:18:22,335] {dagbag.py:500} INFO - Filling up the DagBag from /home/airflow/.local/lib/python3.7/site-packages/airflow/example_dags/example_latest_only_with_trigger.py
[2022-02-16 17:18:22,386] {processor.py:654} INFO - DAG(s) dict_keys(['latest_only_with_trigger']) retrieved from /home/airflow/.local/lib/python3.7/site-packages/airflow/example_dags/example_latest_only_with_trigger.py
[2022-02-16 17:18:22,403] {logging_mixin.py:109} INFO - [2022-02-16 17:18:22,403] {dag.py:2396} INFO - Sync 1 DAGs
[2022-02-16 17:18:22,432] {logging_mixin.py:109} INFO - [2022-02-16 17:18:22,432] {dag.py:2935} INFO - Setting next_dagrun for latest_only_with_trigger to 2022-02-16T13:18:22.431565+00:00
[2022-02-16 17:18:22,449] {processor.py:171} INFO - Processing /home/airflow/.local/lib/python3.7/site-packages/airflow/example_dags/example_latest_only_with_trigger.py took 0.122 seconds
[2022-02-16 17:18:52,799] {processor.py:163} INFO - Started process (PID=7735) to work on /home/airflow/.local/lib/python3.7/site-packages/airflow/example_dags/example_latest_only_with_trigger.py
[2022-02-16 17:18:52,800] {processor.py:642} INFO - Processing file /home/airflow/.local/lib/python3.7/site-packages/airflow/example_dags/example_latest_only_with_trigger.py for tasks to queue
[2022-02-16 17:18:52,801] {logging_mixin.py:109} INFO - [2022-02-16 17:18:52,801] {dagbag.py:500} INFO - Filling up the DagBag from /home/airflow/.local/lib/python3.7/site-packages/airflow/example_dags/example_latest_only_with_trigger.py
[2022-02-16 17:18:52,832] {processor.py:654} INFO - DAG(s) dict_keys(['latest_only_with_trigger']) retrieved from /home/airflow/.local/lib/python3.7/site-packages/airflow/example_dags/example_latest_only_with_trigger.py
[2022-02-16 17:18:52,843] {logging_mixin.py:109} INFO - [2022-02-16 17:18:52,843] {dag.py:2396} INFO - Sync 1 DAGs
[2022-02-16 17:18:52,860] {logging_mixin.py:109} INFO - [2022-02-16 17:18:52,860] {dag.py:2935} INFO - Setting next_dagrun for latest_only_with_trigger to 2022-02-16T13:18:52.859937+00:00
[2022-02-16 17:18:52,869] {processor.py:171} INFO - Processing /home/airflow/.local/lib/python3.7/site-packages/airflow/example_dags/example_latest_only_with_trigger.py took 0.075 seconds
[2022-02-16 17:19:22,990] {processor.py:163} INFO - Started process (PID=7923) to work on /home/airflow/.local/lib/python3.7/site-packages/airflow/example_dags/example_latest_only_with_trigger.py
[2022-02-16 17:19:22,991] {processor.py:642} INFO - Processing file /home/airflow/.local/lib/python3.7/site-packages/airflow/example_dags/example_latest_only_with_trigger.py for tasks to queue
[2022-02-16 17:19:22,992] {logging_mixin.py:109} INFO - [2022-02-16 17:19:22,992] {dagbag.py:500} INFO - Filling up the DagBag from /home/airflow/.local/lib/python3.7/site-packages/airflow/example_dags/example_latest_only_with_trigger.py
[2022-02-16 17:19:23,031] {processor.py:654} INFO - DAG(s) dict_keys(['latest_only_with_trigger']) retrieved from /home/airflow/.local/lib/python3.7/site-packages/airflow/example_dags/example_latest_only_with_trigger.py
[2022-02-16 17:19:23,043] {logging_mixin.py:109} INFO - [2022-02-16 17:19:23,043] {dag.py:2396} INFO - Sync 1 DAGs
[2022-02-16 17:19:23,062] {logging_mixin.py:109} INFO - [2022-02-16 17:19:23,062] {dag.py:2935} INFO - Setting next_dagrun for latest_only_with_trigger to 2022-02-16T13:19:23.062220+00:00
[2022-02-16 17:19:23,073] {processor.py:171} INFO - Processing /home/airflow/.local/lib/python3.7/site-packages/airflow/example_dags/example_latest_only_with_trigger.py took 0.088 seconds
[2022-02-16 17:19:54,532] {processor.py:163} INFO - Started process (PID=8132) to work on /home/airflow/.local/lib/python3.7/site-packages/airflow/example_dags/example_latest_only_with_trigger.py
[2022-02-16 17:19:54,533] {processor.py:642} INFO - Processing file /home/airflow/.local/lib/python3.7/site-packages/airflow/example_dags/example_latest_only_with_trigger.py for tasks to queue
[2022-02-16 17:19:54,534] {logging_mixin.py:109} INFO - [2022-02-16 17:19:54,534] {dagbag.py:500} INFO - Filling up the DagBag from /home/airflow/.local/lib/python3.7/site-packages/airflow/example_dags/example_latest_only_with_trigger.py
[2022-02-16 17:19:54,590] {processor.py:654} INFO - DAG(s) dict_keys(['latest_only_with_trigger']) retrieved from /home/airflow/.local/lib/python3.7/site-packages/airflow/example_dags/example_latest_only_with_trigger.py
[2022-02-16 17:19:54,602] {logging_mixin.py:109} INFO - [2022-02-16 17:19:54,602] {dag.py:2396} INFO - Sync 1 DAGs
[2022-02-16 17:19:54,640] {logging_mixin.py:109} INFO - [2022-02-16 17:19:54,639] {dag.py:2935} INFO - Setting next_dagrun for latest_only_with_trigger to 2022-02-16T13:19:54.639624+00:00
[2022-02-16 17:19:54,659] {processor.py:171} INFO - Processing /home/airflow/.local/lib/python3.7/site-packages/airflow/example_dags/example_latest_only_with_trigger.py took 0.132 seconds
[2022-02-16 17:20:25,584] {processor.py:163} INFO - Started process (PID=8330) to work on /home/airflow/.local/lib/python3.7/site-packages/airflow/example_dags/example_latest_only_with_trigger.py
[2022-02-16 17:20:25,586] {processor.py:642} INFO - Processing file /home/airflow/.local/lib/python3.7/site-packages/airflow/example_dags/example_latest_only_with_trigger.py for tasks to queue
[2022-02-16 17:20:25,587] {logging_mixin.py:109} INFO - [2022-02-16 17:20:25,587] {dagbag.py:500} INFO - Filling up the DagBag from /home/airflow/.local/lib/python3.7/site-packages/airflow/example_dags/example_latest_only_with_trigger.py
[2022-02-16 17:20:25,626] {processor.py:654} INFO - DAG(s) dict_keys(['latest_only_with_trigger']) retrieved from /home/airflow/.local/lib/python3.7/site-packages/airflow/example_dags/example_latest_only_with_trigger.py
[2022-02-16 17:20:25,642] {logging_mixin.py:109} INFO - [2022-02-16 17:20:25,642] {dag.py:2396} INFO - Sync 1 DAGs
[2022-02-16 17:20:25,667] {logging_mixin.py:109} INFO - [2022-02-16 17:20:25,666] {dag.py:2935} INFO - Setting next_dagrun for latest_only_with_trigger to 2022-02-16T13:20:25.666438+00:00
[2022-02-16 17:20:25,678] {processor.py:171} INFO - Processing /home/airflow/.local/lib/python3.7/site-packages/airflow/example_dags/example_latest_only_with_trigger.py took 0.098 seconds
[2022-02-16 17:20:55,788] {processor.py:163} INFO - Started process (PID=8520) to work on /home/airflow/.local/lib/python3.7/site-packages/airflow/example_dags/example_latest_only_with_trigger.py
[2022-02-16 17:20:55,790] {processor.py:642} INFO - Processing file /home/airflow/.local/lib/python3.7/site-packages/airflow/example_dags/example_latest_only_with_trigger.py for tasks to queue
[2022-02-16 17:20:55,791] {logging_mixin.py:109} INFO - [2022-02-16 17:20:55,791] {dagbag.py:500} INFO - Filling up the DagBag from /home/airflow/.local/lib/python3.7/site-packages/airflow/example_dags/example_latest_only_with_trigger.py
[2022-02-16 17:20:55,822] {processor.py:654} INFO - DAG(s) dict_keys(['latest_only_with_trigger']) retrieved from /home/airflow/.local/lib/python3.7/site-packages/airflow/example_dags/example_latest_only_with_trigger.py
[2022-02-16 17:20:55,834] {logging_mixin.py:109} INFO - [2022-02-16 17:20:55,834] {dag.py:2396} INFO - Sync 1 DAGs
[2022-02-16 17:20:55,857] {logging_mixin.py:109} INFO - [2022-02-16 17:20:55,857] {dag.py:2935} INFO - Setting next_dagrun for latest_only_with_trigger to 2022-02-16T13:20:55.857304+00:00
[2022-02-16 17:20:55,869] {processor.py:171} INFO - Processing /home/airflow/.local/lib/python3.7/site-packages/airflow/example_dags/example_latest_only_with_trigger.py took 0.085 seconds
