[2022-02-16 16:58:30,710] {processor.py:163} INFO - Started process (PID=214) to work on /home/airflow/.local/lib/python3.7/site-packages/airflow/example_dags/example_xcomargs.py
[2022-02-16 16:58:30,722] {processor.py:642} INFO - Processing file /home/airflow/.local/lib/python3.7/site-packages/airflow/example_dags/example_xcomargs.py for tasks to queue
[2022-02-16 16:58:30,723] {logging_mixin.py:109} INFO - [2022-02-16 16:58:30,723] {dagbag.py:500} INFO - Filling up the DagBag from /home/airflow/.local/lib/python3.7/site-packages/airflow/example_dags/example_xcomargs.py
[2022-02-16 16:58:30,964] {processor.py:654} INFO - DAG(s) dict_keys(['example_xcom_args', 'example_xcom_args_with_operators']) retrieved from /home/airflow/.local/lib/python3.7/site-packages/airflow/example_dags/example_xcomargs.py
[2022-02-16 16:58:35,815] {logging_mixin.py:109} INFO - [2022-02-16 16:58:35,815] {manager.py:496} INFO - Created Permission View: can read on DAG:example_xcom_args
[2022-02-16 16:58:35,833] {logging_mixin.py:109} INFO - [2022-02-16 16:58:35,832] {manager.py:496} INFO - Created Permission View: can edit on DAG:example_xcom_args
[2022-02-16 16:58:35,865] {logging_mixin.py:109} INFO - [2022-02-16 16:58:35,865] {manager.py:496} INFO - Created Permission View: can read on DAG:example_xcom_args_with_operators
[2022-02-16 16:58:35,880] {logging_mixin.py:109} INFO - [2022-02-16 16:58:35,880] {manager.py:496} INFO - Created Permission View: can edit on DAG:example_xcom_args_with_operators
[2022-02-16 16:58:35,881] {logging_mixin.py:109} INFO - [2022-02-16 16:58:35,880] {dag.py:2396} INFO - Sync 2 DAGs
[2022-02-16 16:58:35,893] {logging_mixin.py:109} INFO - [2022-02-16 16:58:35,893] {dag.py:2415} INFO - Creating ORM DAG for example_xcom_args_with_operators
[2022-02-16 16:58:35,897] {logging_mixin.py:109} INFO - [2022-02-16 16:58:35,897] {dag.py:2415} INFO - Creating ORM DAG for example_xcom_args
[2022-02-16 16:58:35,912] {logging_mixin.py:109} INFO - [2022-02-16 16:58:35,912] {dag.py:2935} INFO - Setting next_dagrun for example_xcom_args to None
[2022-02-16 16:58:35,912] {logging_mixin.py:109} INFO - [2022-02-16 16:58:35,912] {dag.py:2935} INFO - Setting next_dagrun for example_xcom_args_with_operators to None
[2022-02-16 16:58:35,954] {processor.py:171} INFO - Processing /home/airflow/.local/lib/python3.7/site-packages/airflow/example_dags/example_xcomargs.py took 5.253 seconds
[2022-02-16 16:59:08,231] {processor.py:163} INFO - Started process (PID=450) to work on /home/airflow/.local/lib/python3.7/site-packages/airflow/example_dags/example_xcomargs.py
[2022-02-16 16:59:08,232] {processor.py:642} INFO - Processing file /home/airflow/.local/lib/python3.7/site-packages/airflow/example_dags/example_xcomargs.py for tasks to queue
[2022-02-16 16:59:08,233] {logging_mixin.py:109} INFO - [2022-02-16 16:59:08,233] {dagbag.py:500} INFO - Filling up the DagBag from /home/airflow/.local/lib/python3.7/site-packages/airflow/example_dags/example_xcomargs.py
[2022-02-16 16:59:08,278] {processor.py:654} INFO - DAG(s) dict_keys(['example_xcom_args', 'example_xcom_args_with_operators']) retrieved from /home/airflow/.local/lib/python3.7/site-packages/airflow/example_dags/example_xcomargs.py
[2022-02-16 16:59:08,687] {logging_mixin.py:109} INFO - [2022-02-16 16:59:08,687] {dag.py:2396} INFO - Sync 2 DAGs
[2022-02-16 16:59:08,704] {logging_mixin.py:109} INFO - [2022-02-16 16:59:08,703] {dag.py:2935} INFO - Setting next_dagrun for example_xcom_args to None
[2022-02-16 16:59:08,704] {logging_mixin.py:109} INFO - [2022-02-16 16:59:08,704] {dag.py:2935} INFO - Setting next_dagrun for example_xcom_args_with_operators to None
[2022-02-16 16:59:08,726] {processor.py:171} INFO - Processing /home/airflow/.local/lib/python3.7/site-packages/airflow/example_dags/example_xcomargs.py took 0.499 seconds
[2022-02-16 16:59:39,094] {processor.py:163} INFO - Started process (PID=643) to work on /home/airflow/.local/lib/python3.7/site-packages/airflow/example_dags/example_xcomargs.py
[2022-02-16 16:59:39,103] {processor.py:642} INFO - Processing file /home/airflow/.local/lib/python3.7/site-packages/airflow/example_dags/example_xcomargs.py for tasks to queue
[2022-02-16 16:59:39,104] {logging_mixin.py:109} INFO - [2022-02-16 16:59:39,104] {dagbag.py:500} INFO - Filling up the DagBag from /home/airflow/.local/lib/python3.7/site-packages/airflow/example_dags/example_xcomargs.py
[2022-02-16 16:59:39,184] {processor.py:654} INFO - DAG(s) dict_keys(['example_xcom_args', 'example_xcom_args_with_operators']) retrieved from /home/airflow/.local/lib/python3.7/site-packages/airflow/example_dags/example_xcomargs.py
[2022-02-16 16:59:39,667] {logging_mixin.py:109} INFO - [2022-02-16 16:59:39,666] {dag.py:2396} INFO - Sync 2 DAGs
[2022-02-16 16:59:39,683] {logging_mixin.py:109} INFO - [2022-02-16 16:59:39,683] {dag.py:2935} INFO - Setting next_dagrun for example_xcom_args to None
[2022-02-16 16:59:39,684] {logging_mixin.py:109} INFO - [2022-02-16 16:59:39,684] {dag.py:2935} INFO - Setting next_dagrun for example_xcom_args_with_operators to None
[2022-02-16 16:59:39,704] {processor.py:171} INFO - Processing /home/airflow/.local/lib/python3.7/site-packages/airflow/example_dags/example_xcomargs.py took 0.614 seconds
[2022-02-16 17:00:10,390] {processor.py:163} INFO - Started process (PID=822) to work on /home/airflow/.local/lib/python3.7/site-packages/airflow/example_dags/example_xcomargs.py
[2022-02-16 17:00:10,394] {processor.py:642} INFO - Processing file /home/airflow/.local/lib/python3.7/site-packages/airflow/example_dags/example_xcomargs.py for tasks to queue
[2022-02-16 17:00:10,395] {logging_mixin.py:109} INFO - [2022-02-16 17:00:10,395] {dagbag.py:500} INFO - Filling up the DagBag from /home/airflow/.local/lib/python3.7/site-packages/airflow/example_dags/example_xcomargs.py
[2022-02-16 17:00:10,451] {processor.py:654} INFO - DAG(s) dict_keys(['example_xcom_args', 'example_xcom_args_with_operators']) retrieved from /home/airflow/.local/lib/python3.7/site-packages/airflow/example_dags/example_xcomargs.py
[2022-02-16 17:00:11,139] {logging_mixin.py:109} INFO - [2022-02-16 17:00:11,139] {dag.py:2396} INFO - Sync 2 DAGs
[2022-02-16 17:00:11,158] {logging_mixin.py:109} INFO - [2022-02-16 17:00:11,158] {dag.py:2935} INFO - Setting next_dagrun for example_xcom_args to None
[2022-02-16 17:00:11,159] {logging_mixin.py:109} INFO - [2022-02-16 17:00:11,159] {dag.py:2935} INFO - Setting next_dagrun for example_xcom_args_with_operators to None
[2022-02-16 17:00:11,194] {processor.py:171} INFO - Processing /home/airflow/.local/lib/python3.7/site-packages/airflow/example_dags/example_xcomargs.py took 0.811 seconds
[2022-02-16 17:00:41,726] {processor.py:163} INFO - Started process (PID=990) to work on /home/airflow/.local/lib/python3.7/site-packages/airflow/example_dags/example_xcomargs.py
[2022-02-16 17:00:41,728] {processor.py:642} INFO - Processing file /home/airflow/.local/lib/python3.7/site-packages/airflow/example_dags/example_xcomargs.py for tasks to queue
[2022-02-16 17:00:41,728] {logging_mixin.py:109} INFO - [2022-02-16 17:00:41,728] {dagbag.py:500} INFO - Filling up the DagBag from /home/airflow/.local/lib/python3.7/site-packages/airflow/example_dags/example_xcomargs.py
[2022-02-16 17:00:41,770] {processor.py:654} INFO - DAG(s) dict_keys(['example_xcom_args', 'example_xcom_args_with_operators']) retrieved from /home/airflow/.local/lib/python3.7/site-packages/airflow/example_dags/example_xcomargs.py
[2022-02-16 17:00:42,158] {logging_mixin.py:109} INFO - [2022-02-16 17:00:42,158] {dag.py:2396} INFO - Sync 2 DAGs
[2022-02-16 17:00:42,178] {logging_mixin.py:109} INFO - [2022-02-16 17:00:42,177] {dag.py:2935} INFO - Setting next_dagrun for example_xcom_args to None
[2022-02-16 17:00:42,179] {logging_mixin.py:109} INFO - [2022-02-16 17:00:42,179] {dag.py:2935} INFO - Setting next_dagrun for example_xcom_args_with_operators to None
[2022-02-16 17:00:42,189] {processor.py:171} INFO - Processing /home/airflow/.local/lib/python3.7/site-packages/airflow/example_dags/example_xcomargs.py took 0.467 seconds
[2022-02-16 17:01:12,799] {processor.py:163} INFO - Started process (PID=1181) to work on /home/airflow/.local/lib/python3.7/site-packages/airflow/example_dags/example_xcomargs.py
[2022-02-16 17:01:12,802] {processor.py:642} INFO - Processing file /home/airflow/.local/lib/python3.7/site-packages/airflow/example_dags/example_xcomargs.py for tasks to queue
[2022-02-16 17:01:12,803] {logging_mixin.py:109} INFO - [2022-02-16 17:01:12,803] {dagbag.py:500} INFO - Filling up the DagBag from /home/airflow/.local/lib/python3.7/site-packages/airflow/example_dags/example_xcomargs.py
[2022-02-16 17:01:12,875] {processor.py:654} INFO - DAG(s) dict_keys(['example_xcom_args', 'example_xcom_args_with_operators']) retrieved from /home/airflow/.local/lib/python3.7/site-packages/airflow/example_dags/example_xcomargs.py
[2022-02-16 17:01:13,220] {logging_mixin.py:109} INFO - [2022-02-16 17:01:13,219] {dag.py:2396} INFO - Sync 2 DAGs
[2022-02-16 17:01:13,234] {logging_mixin.py:109} INFO - [2022-02-16 17:01:13,234] {dag.py:2935} INFO - Setting next_dagrun for example_xcom_args to None
[2022-02-16 17:01:13,234] {logging_mixin.py:109} INFO - [2022-02-16 17:01:13,234] {dag.py:2935} INFO - Setting next_dagrun for example_xcom_args_with_operators to None
[2022-02-16 17:01:13,245] {processor.py:171} INFO - Processing /home/airflow/.local/lib/python3.7/site-packages/airflow/example_dags/example_xcomargs.py took 0.451 seconds
[2022-02-16 17:01:43,605] {processor.py:163} INFO - Started process (PID=1363) to work on /home/airflow/.local/lib/python3.7/site-packages/airflow/example_dags/example_xcomargs.py
[2022-02-16 17:01:43,611] {processor.py:642} INFO - Processing file /home/airflow/.local/lib/python3.7/site-packages/airflow/example_dags/example_xcomargs.py for tasks to queue
[2022-02-16 17:01:43,613] {logging_mixin.py:109} INFO - [2022-02-16 17:01:43,613] {dagbag.py:500} INFO - Filling up the DagBag from /home/airflow/.local/lib/python3.7/site-packages/airflow/example_dags/example_xcomargs.py
[2022-02-16 17:01:43,685] {processor.py:654} INFO - DAG(s) dict_keys(['example_xcom_args', 'example_xcom_args_with_operators']) retrieved from /home/airflow/.local/lib/python3.7/site-packages/airflow/example_dags/example_xcomargs.py
[2022-02-16 17:01:44,129] {logging_mixin.py:109} INFO - [2022-02-16 17:01:44,129] {dag.py:2396} INFO - Sync 2 DAGs
[2022-02-16 17:01:44,145] {logging_mixin.py:109} INFO - [2022-02-16 17:01:44,145] {dag.py:2935} INFO - Setting next_dagrun for example_xcom_args to None
[2022-02-16 17:01:44,146] {logging_mixin.py:109} INFO - [2022-02-16 17:01:44,146] {dag.py:2935} INFO - Setting next_dagrun for example_xcom_args_with_operators to None
[2022-02-16 17:01:44,157] {processor.py:171} INFO - Processing /home/airflow/.local/lib/python3.7/site-packages/airflow/example_dags/example_xcomargs.py took 0.556 seconds
[2022-02-16 17:02:14,336] {processor.py:163} INFO - Started process (PID=1534) to work on /home/airflow/.local/lib/python3.7/site-packages/airflow/example_dags/example_xcomargs.py
[2022-02-16 17:02:14,337] {processor.py:642} INFO - Processing file /home/airflow/.local/lib/python3.7/site-packages/airflow/example_dags/example_xcomargs.py for tasks to queue
[2022-02-16 17:02:14,338] {logging_mixin.py:109} INFO - [2022-02-16 17:02:14,338] {dagbag.py:500} INFO - Filling up the DagBag from /home/airflow/.local/lib/python3.7/site-packages/airflow/example_dags/example_xcomargs.py
[2022-02-16 17:02:14,390] {processor.py:654} INFO - DAG(s) dict_keys(['example_xcom_args', 'example_xcom_args_with_operators']) retrieved from /home/airflow/.local/lib/python3.7/site-packages/airflow/example_dags/example_xcomargs.py
[2022-02-16 17:02:14,815] {logging_mixin.py:109} INFO - [2022-02-16 17:02:14,815] {dag.py:2396} INFO - Sync 2 DAGs
[2022-02-16 17:02:14,835] {logging_mixin.py:109} INFO - [2022-02-16 17:02:14,835] {dag.py:2935} INFO - Setting next_dagrun for example_xcom_args to None
[2022-02-16 17:02:14,836] {logging_mixin.py:109} INFO - [2022-02-16 17:02:14,835] {dag.py:2935} INFO - Setting next_dagrun for example_xcom_args_with_operators to None
[2022-02-16 17:02:14,847] {processor.py:171} INFO - Processing /home/airflow/.local/lib/python3.7/site-packages/airflow/example_dags/example_xcomargs.py took 0.515 seconds
[2022-02-16 17:02:45,252] {processor.py:163} INFO - Started process (PID=1717) to work on /home/airflow/.local/lib/python3.7/site-packages/airflow/example_dags/example_xcomargs.py
[2022-02-16 17:02:45,263] {processor.py:642} INFO - Processing file /home/airflow/.local/lib/python3.7/site-packages/airflow/example_dags/example_xcomargs.py for tasks to queue
[2022-02-16 17:02:45,265] {logging_mixin.py:109} INFO - [2022-02-16 17:02:45,265] {dagbag.py:500} INFO - Filling up the DagBag from /home/airflow/.local/lib/python3.7/site-packages/airflow/example_dags/example_xcomargs.py
[2022-02-16 17:02:45,347] {processor.py:654} INFO - DAG(s) dict_keys(['example_xcom_args', 'example_xcom_args_with_operators']) retrieved from /home/airflow/.local/lib/python3.7/site-packages/airflow/example_dags/example_xcomargs.py
[2022-02-16 17:02:45,891] {logging_mixin.py:109} INFO - [2022-02-16 17:02:45,891] {dag.py:2396} INFO - Sync 2 DAGs
[2022-02-16 17:02:45,905] {logging_mixin.py:109} INFO - [2022-02-16 17:02:45,905] {dag.py:2935} INFO - Setting next_dagrun for example_xcom_args to None
[2022-02-16 17:02:45,905] {logging_mixin.py:109} INFO - [2022-02-16 17:02:45,905] {dag.py:2935} INFO - Setting next_dagrun for example_xcom_args_with_operators to None
[2022-02-16 17:02:45,915] {processor.py:171} INFO - Processing /home/airflow/.local/lib/python3.7/site-packages/airflow/example_dags/example_xcomargs.py took 0.670 seconds
[2022-02-16 17:03:16,579] {processor.py:163} INFO - Started process (PID=1906) to work on /home/airflow/.local/lib/python3.7/site-packages/airflow/example_dags/example_xcomargs.py
[2022-02-16 17:03:16,584] {processor.py:642} INFO - Processing file /home/airflow/.local/lib/python3.7/site-packages/airflow/example_dags/example_xcomargs.py for tasks to queue
[2022-02-16 17:03:16,585] {logging_mixin.py:109} INFO - [2022-02-16 17:03:16,585] {dagbag.py:500} INFO - Filling up the DagBag from /home/airflow/.local/lib/python3.7/site-packages/airflow/example_dags/example_xcomargs.py
[2022-02-16 17:03:16,627] {processor.py:654} INFO - DAG(s) dict_keys(['example_xcom_args', 'example_xcom_args_with_operators']) retrieved from /home/airflow/.local/lib/python3.7/site-packages/airflow/example_dags/example_xcomargs.py
[2022-02-16 17:03:16,941] {logging_mixin.py:109} INFO - [2022-02-16 17:03:16,941] {dag.py:2396} INFO - Sync 2 DAGs
[2022-02-16 17:03:16,955] {logging_mixin.py:109} INFO - [2022-02-16 17:03:16,955] {dag.py:2935} INFO - Setting next_dagrun for example_xcom_args to None
[2022-02-16 17:03:16,955] {logging_mixin.py:109} INFO - [2022-02-16 17:03:16,955] {dag.py:2935} INFO - Setting next_dagrun for example_xcom_args_with_operators to None
[2022-02-16 17:03:16,966] {processor.py:171} INFO - Processing /home/airflow/.local/lib/python3.7/site-packages/airflow/example_dags/example_xcomargs.py took 0.392 seconds
[2022-02-16 17:03:47,744] {processor.py:163} INFO - Started process (PID=2092) to work on /home/airflow/.local/lib/python3.7/site-packages/airflow/example_dags/example_xcomargs.py
[2022-02-16 17:03:47,747] {processor.py:642} INFO - Processing file /home/airflow/.local/lib/python3.7/site-packages/airflow/example_dags/example_xcomargs.py for tasks to queue
[2022-02-16 17:03:47,748] {logging_mixin.py:109} INFO - [2022-02-16 17:03:47,747] {dagbag.py:500} INFO - Filling up the DagBag from /home/airflow/.local/lib/python3.7/site-packages/airflow/example_dags/example_xcomargs.py
[2022-02-16 17:03:47,798] {processor.py:654} INFO - DAG(s) dict_keys(['example_xcom_args', 'example_xcom_args_with_operators']) retrieved from /home/airflow/.local/lib/python3.7/site-packages/airflow/example_dags/example_xcomargs.py
[2022-02-16 17:03:48,245] {logging_mixin.py:109} INFO - [2022-02-16 17:03:48,245] {dag.py:2396} INFO - Sync 2 DAGs
[2022-02-16 17:03:48,293] {logging_mixin.py:109} INFO - [2022-02-16 17:03:48,293] {dag.py:2935} INFO - Setting next_dagrun for example_xcom_args to None
[2022-02-16 17:03:48,294] {logging_mixin.py:109} INFO - [2022-02-16 17:03:48,294] {dag.py:2935} INFO - Setting next_dagrun for example_xcom_args_with_operators to None
[2022-02-16 17:03:48,329] {processor.py:171} INFO - Processing /home/airflow/.local/lib/python3.7/site-packages/airflow/example_dags/example_xcomargs.py took 0.590 seconds
[2022-02-16 17:04:18,623] {processor.py:163} INFO - Started process (PID=2281) to work on /home/airflow/.local/lib/python3.7/site-packages/airflow/example_dags/example_xcomargs.py
[2022-02-16 17:04:18,625] {processor.py:642} INFO - Processing file /home/airflow/.local/lib/python3.7/site-packages/airflow/example_dags/example_xcomargs.py for tasks to queue
[2022-02-16 17:04:18,626] {logging_mixin.py:109} INFO - [2022-02-16 17:04:18,625] {dagbag.py:500} INFO - Filling up the DagBag from /home/airflow/.local/lib/python3.7/site-packages/airflow/example_dags/example_xcomargs.py
[2022-02-16 17:04:18,678] {processor.py:654} INFO - DAG(s) dict_keys(['example_xcom_args', 'example_xcom_args_with_operators']) retrieved from /home/airflow/.local/lib/python3.7/site-packages/airflow/example_dags/example_xcomargs.py
[2022-02-16 17:04:19,081] {logging_mixin.py:109} INFO - [2022-02-16 17:04:19,081] {dag.py:2396} INFO - Sync 2 DAGs
[2022-02-16 17:04:19,103] {logging_mixin.py:109} INFO - [2022-02-16 17:04:19,103] {dag.py:2935} INFO - Setting next_dagrun for example_xcom_args to None
[2022-02-16 17:04:19,104] {logging_mixin.py:109} INFO - [2022-02-16 17:04:19,104] {dag.py:2935} INFO - Setting next_dagrun for example_xcom_args_with_operators to None
[2022-02-16 17:04:19,117] {processor.py:171} INFO - Processing /home/airflow/.local/lib/python3.7/site-packages/airflow/example_dags/example_xcomargs.py took 0.498 seconds
[2022-02-16 17:04:49,565] {processor.py:163} INFO - Started process (PID=2480) to work on /home/airflow/.local/lib/python3.7/site-packages/airflow/example_dags/example_xcomargs.py
[2022-02-16 17:04:49,567] {processor.py:642} INFO - Processing file /home/airflow/.local/lib/python3.7/site-packages/airflow/example_dags/example_xcomargs.py for tasks to queue
[2022-02-16 17:04:49,569] {logging_mixin.py:109} INFO - [2022-02-16 17:04:49,569] {dagbag.py:500} INFO - Filling up the DagBag from /home/airflow/.local/lib/python3.7/site-packages/airflow/example_dags/example_xcomargs.py
[2022-02-16 17:04:49,681] {processor.py:654} INFO - DAG(s) dict_keys(['example_xcom_args', 'example_xcom_args_with_operators']) retrieved from /home/airflow/.local/lib/python3.7/site-packages/airflow/example_dags/example_xcomargs.py
[2022-02-16 17:04:50,398] {logging_mixin.py:109} INFO - [2022-02-16 17:04:50,398] {dag.py:2396} INFO - Sync 2 DAGs
[2022-02-16 17:04:50,412] {logging_mixin.py:109} INFO - [2022-02-16 17:04:50,412] {dag.py:2935} INFO - Setting next_dagrun for example_xcom_args to None
[2022-02-16 17:04:50,413] {logging_mixin.py:109} INFO - [2022-02-16 17:04:50,412] {dag.py:2935} INFO - Setting next_dagrun for example_xcom_args_with_operators to None
[2022-02-16 17:04:50,512] {processor.py:171} INFO - Processing /home/airflow/.local/lib/python3.7/site-packages/airflow/example_dags/example_xcomargs.py took 0.962 seconds
[2022-02-16 17:05:20,912] {processor.py:163} INFO - Started process (PID=2667) to work on /home/airflow/.local/lib/python3.7/site-packages/airflow/example_dags/example_xcomargs.py
[2022-02-16 17:05:20,914] {processor.py:642} INFO - Processing file /home/airflow/.local/lib/python3.7/site-packages/airflow/example_dags/example_xcomargs.py for tasks to queue
[2022-02-16 17:05:20,917] {logging_mixin.py:109} INFO - [2022-02-16 17:05:20,916] {dagbag.py:500} INFO - Filling up the DagBag from /home/airflow/.local/lib/python3.7/site-packages/airflow/example_dags/example_xcomargs.py
[2022-02-16 17:05:20,997] {processor.py:654} INFO - DAG(s) dict_keys(['example_xcom_args', 'example_xcom_args_with_operators']) retrieved from /home/airflow/.local/lib/python3.7/site-packages/airflow/example_dags/example_xcomargs.py
[2022-02-16 17:05:21,393] {logging_mixin.py:109} INFO - [2022-02-16 17:05:21,393] {dag.py:2396} INFO - Sync 2 DAGs
[2022-02-16 17:05:21,409] {logging_mixin.py:109} INFO - [2022-02-16 17:05:21,409] {dag.py:2935} INFO - Setting next_dagrun for example_xcom_args to None
[2022-02-16 17:05:21,410] {logging_mixin.py:109} INFO - [2022-02-16 17:05:21,410] {dag.py:2935} INFO - Setting next_dagrun for example_xcom_args_with_operators to None
[2022-02-16 17:05:21,421] {processor.py:171} INFO - Processing /home/airflow/.local/lib/python3.7/site-packages/airflow/example_dags/example_xcomargs.py took 0.515 seconds
[2022-02-16 17:05:52,298] {processor.py:163} INFO - Started process (PID=2851) to work on /home/airflow/.local/lib/python3.7/site-packages/airflow/example_dags/example_xcomargs.py
[2022-02-16 17:05:52,299] {processor.py:642} INFO - Processing file /home/airflow/.local/lib/python3.7/site-packages/airflow/example_dags/example_xcomargs.py for tasks to queue
[2022-02-16 17:05:52,300] {logging_mixin.py:109} INFO - [2022-02-16 17:05:52,300] {dagbag.py:500} INFO - Filling up the DagBag from /home/airflow/.local/lib/python3.7/site-packages/airflow/example_dags/example_xcomargs.py
[2022-02-16 17:05:52,337] {processor.py:654} INFO - DAG(s) dict_keys(['example_xcom_args', 'example_xcom_args_with_operators']) retrieved from /home/airflow/.local/lib/python3.7/site-packages/airflow/example_dags/example_xcomargs.py
[2022-02-16 17:05:52,657] {logging_mixin.py:109} INFO - [2022-02-16 17:05:52,657] {dag.py:2396} INFO - Sync 2 DAGs
[2022-02-16 17:05:52,671] {logging_mixin.py:109} INFO - [2022-02-16 17:05:52,671] {dag.py:2935} INFO - Setting next_dagrun for example_xcom_args to None
[2022-02-16 17:05:52,672] {logging_mixin.py:109} INFO - [2022-02-16 17:05:52,672] {dag.py:2935} INFO - Setting next_dagrun for example_xcom_args_with_operators to None
[2022-02-16 17:05:52,682] {processor.py:171} INFO - Processing /home/airflow/.local/lib/python3.7/site-packages/airflow/example_dags/example_xcomargs.py took 0.388 seconds
[2022-02-16 17:06:22,756] {processor.py:163} INFO - Started process (PID=3036) to work on /home/airflow/.local/lib/python3.7/site-packages/airflow/example_dags/example_xcomargs.py
[2022-02-16 17:06:22,757] {processor.py:642} INFO - Processing file /home/airflow/.local/lib/python3.7/site-packages/airflow/example_dags/example_xcomargs.py for tasks to queue
[2022-02-16 17:06:22,758] {logging_mixin.py:109} INFO - [2022-02-16 17:06:22,758] {dagbag.py:500} INFO - Filling up the DagBag from /home/airflow/.local/lib/python3.7/site-packages/airflow/example_dags/example_xcomargs.py
[2022-02-16 17:06:22,795] {processor.py:654} INFO - DAG(s) dict_keys(['example_xcom_args', 'example_xcom_args_with_operators']) retrieved from /home/airflow/.local/lib/python3.7/site-packages/airflow/example_dags/example_xcomargs.py
[2022-02-16 17:06:23,273] {logging_mixin.py:109} INFO - [2022-02-16 17:06:23,273] {dag.py:2396} INFO - Sync 2 DAGs
[2022-02-16 17:06:23,292] {logging_mixin.py:109} INFO - [2022-02-16 17:06:23,292] {dag.py:2935} INFO - Setting next_dagrun for example_xcom_args to None
[2022-02-16 17:06:23,293] {logging_mixin.py:109} INFO - [2022-02-16 17:06:23,293] {dag.py:2935} INFO - Setting next_dagrun for example_xcom_args_with_operators to None
[2022-02-16 17:06:23,317] {processor.py:171} INFO - Processing /home/airflow/.local/lib/python3.7/site-packages/airflow/example_dags/example_xcomargs.py took 0.565 seconds
[2022-02-16 17:06:53,962] {processor.py:163} INFO - Started process (PID=3230) to work on /home/airflow/.local/lib/python3.7/site-packages/airflow/example_dags/example_xcomargs.py
[2022-02-16 17:06:53,963] {processor.py:642} INFO - Processing file /home/airflow/.local/lib/python3.7/site-packages/airflow/example_dags/example_xcomargs.py for tasks to queue
[2022-02-16 17:06:53,964] {logging_mixin.py:109} INFO - [2022-02-16 17:06:53,964] {dagbag.py:500} INFO - Filling up the DagBag from /home/airflow/.local/lib/python3.7/site-packages/airflow/example_dags/example_xcomargs.py
[2022-02-16 17:06:54,010] {processor.py:654} INFO - DAG(s) dict_keys(['example_xcom_args', 'example_xcom_args_with_operators']) retrieved from /home/airflow/.local/lib/python3.7/site-packages/airflow/example_dags/example_xcomargs.py
[2022-02-16 17:06:54,027] {logging_mixin.py:109} INFO - [2022-02-16 17:06:54,027] {dag.py:2396} INFO - Sync 2 DAGs
[2022-02-16 17:06:54,046] {logging_mixin.py:109} INFO - [2022-02-16 17:06:54,046] {dag.py:2935} INFO - Setting next_dagrun for example_xcom_args to None
[2022-02-16 17:06:54,047] {logging_mixin.py:109} INFO - [2022-02-16 17:06:54,047] {dag.py:2935} INFO - Setting next_dagrun for example_xcom_args_with_operators to None
[2022-02-16 17:06:54,058] {processor.py:171} INFO - Processing /home/airflow/.local/lib/python3.7/site-packages/airflow/example_dags/example_xcomargs.py took 0.100 seconds
[2022-02-16 17:07:24,923] {processor.py:163} INFO - Started process (PID=3411) to work on /home/airflow/.local/lib/python3.7/site-packages/airflow/example_dags/example_xcomargs.py
[2022-02-16 17:07:24,925] {processor.py:642} INFO - Processing file /home/airflow/.local/lib/python3.7/site-packages/airflow/example_dags/example_xcomargs.py for tasks to queue
[2022-02-16 17:07:24,925] {logging_mixin.py:109} INFO - [2022-02-16 17:07:24,925] {dagbag.py:500} INFO - Filling up the DagBag from /home/airflow/.local/lib/python3.7/site-packages/airflow/example_dags/example_xcomargs.py
[2022-02-16 17:07:24,963] {processor.py:654} INFO - DAG(s) dict_keys(['example_xcom_args', 'example_xcom_args_with_operators']) retrieved from /home/airflow/.local/lib/python3.7/site-packages/airflow/example_dags/example_xcomargs.py
[2022-02-16 17:07:25,271] {logging_mixin.py:109} INFO - [2022-02-16 17:07:25,271] {dag.py:2396} INFO - Sync 2 DAGs
[2022-02-16 17:07:25,285] {logging_mixin.py:109} INFO - [2022-02-16 17:07:25,285] {dag.py:2935} INFO - Setting next_dagrun for example_xcom_args to None
[2022-02-16 17:07:25,286] {logging_mixin.py:109} INFO - [2022-02-16 17:07:25,286] {dag.py:2935} INFO - Setting next_dagrun for example_xcom_args_with_operators to None
[2022-02-16 17:07:25,297] {processor.py:171} INFO - Processing /home/airflow/.local/lib/python3.7/site-packages/airflow/example_dags/example_xcomargs.py took 0.379 seconds
[2022-02-16 17:07:56,052] {processor.py:163} INFO - Started process (PID=3606) to work on /home/airflow/.local/lib/python3.7/site-packages/airflow/example_dags/example_xcomargs.py
[2022-02-16 17:07:56,053] {processor.py:642} INFO - Processing file /home/airflow/.local/lib/python3.7/site-packages/airflow/example_dags/example_xcomargs.py for tasks to queue
[2022-02-16 17:07:56,054] {logging_mixin.py:109} INFO - [2022-02-16 17:07:56,054] {dagbag.py:500} INFO - Filling up the DagBag from /home/airflow/.local/lib/python3.7/site-packages/airflow/example_dags/example_xcomargs.py
[2022-02-16 17:07:56,171] {processor.py:654} INFO - DAG(s) dict_keys(['example_xcom_args', 'example_xcom_args_with_operators']) retrieved from /home/airflow/.local/lib/python3.7/site-packages/airflow/example_dags/example_xcomargs.py
[2022-02-16 17:07:56,747] {logging_mixin.py:109} INFO - [2022-02-16 17:07:56,747] {dag.py:2396} INFO - Sync 2 DAGs
[2022-02-16 17:07:56,767] {logging_mixin.py:109} INFO - [2022-02-16 17:07:56,767] {dag.py:2935} INFO - Setting next_dagrun for example_xcom_args to None
[2022-02-16 17:07:56,767] {logging_mixin.py:109} INFO - [2022-02-16 17:07:56,767] {dag.py:2935} INFO - Setting next_dagrun for example_xcom_args_with_operators to None
[2022-02-16 17:07:56,811] {processor.py:171} INFO - Processing /home/airflow/.local/lib/python3.7/site-packages/airflow/example_dags/example_xcomargs.py took 0.764 seconds
[2022-02-16 17:08:27,301] {processor.py:163} INFO - Started process (PID=3788) to work on /home/airflow/.local/lib/python3.7/site-packages/airflow/example_dags/example_xcomargs.py
[2022-02-16 17:08:27,304] {processor.py:642} INFO - Processing file /home/airflow/.local/lib/python3.7/site-packages/airflow/example_dags/example_xcomargs.py for tasks to queue
[2022-02-16 17:08:27,306] {logging_mixin.py:109} INFO - [2022-02-16 17:08:27,305] {dagbag.py:500} INFO - Filling up the DagBag from /home/airflow/.local/lib/python3.7/site-packages/airflow/example_dags/example_xcomargs.py
[2022-02-16 17:08:27,377] {processor.py:654} INFO - DAG(s) dict_keys(['example_xcom_args', 'example_xcom_args_with_operators']) retrieved from /home/airflow/.local/lib/python3.7/site-packages/airflow/example_dags/example_xcomargs.py
[2022-02-16 17:08:27,966] {logging_mixin.py:109} INFO - [2022-02-16 17:08:27,966] {dag.py:2396} INFO - Sync 2 DAGs
[2022-02-16 17:08:27,988] {logging_mixin.py:109} INFO - [2022-02-16 17:08:27,988] {dag.py:2935} INFO - Setting next_dagrun for example_xcom_args to None
[2022-02-16 17:08:27,988] {logging_mixin.py:109} INFO - [2022-02-16 17:08:27,988] {dag.py:2935} INFO - Setting next_dagrun for example_xcom_args_with_operators to None
[2022-02-16 17:08:28,005] {processor.py:171} INFO - Processing /home/airflow/.local/lib/python3.7/site-packages/airflow/example_dags/example_xcomargs.py took 0.713 seconds
[2022-02-16 17:08:58,969] {processor.py:163} INFO - Started process (PID=3975) to work on /home/airflow/.local/lib/python3.7/site-packages/airflow/example_dags/example_xcomargs.py
[2022-02-16 17:08:58,971] {processor.py:642} INFO - Processing file /home/airflow/.local/lib/python3.7/site-packages/airflow/example_dags/example_xcomargs.py for tasks to queue
[2022-02-16 17:08:58,972] {logging_mixin.py:109} INFO - [2022-02-16 17:08:58,972] {dagbag.py:500} INFO - Filling up the DagBag from /home/airflow/.local/lib/python3.7/site-packages/airflow/example_dags/example_xcomargs.py
[2022-02-16 17:08:59,018] {processor.py:654} INFO - DAG(s) dict_keys(['example_xcom_args', 'example_xcom_args_with_operators']) retrieved from /home/airflow/.local/lib/python3.7/site-packages/airflow/example_dags/example_xcomargs.py
[2022-02-16 17:08:59,356] {logging_mixin.py:109} INFO - [2022-02-16 17:08:59,356] {dag.py:2396} INFO - Sync 2 DAGs
[2022-02-16 17:08:59,370] {logging_mixin.py:109} INFO - [2022-02-16 17:08:59,370] {dag.py:2935} INFO - Setting next_dagrun for example_xcom_args to None
[2022-02-16 17:08:59,371] {logging_mixin.py:109} INFO - [2022-02-16 17:08:59,370] {dag.py:2935} INFO - Setting next_dagrun for example_xcom_args_with_operators to None
[2022-02-16 17:08:59,382] {processor.py:171} INFO - Processing /home/airflow/.local/lib/python3.7/site-packages/airflow/example_dags/example_xcomargs.py took 0.417 seconds
[2022-02-16 17:09:29,765] {processor.py:163} INFO - Started process (PID=4157) to work on /home/airflow/.local/lib/python3.7/site-packages/airflow/example_dags/example_xcomargs.py
[2022-02-16 17:09:29,766] {processor.py:642} INFO - Processing file /home/airflow/.local/lib/python3.7/site-packages/airflow/example_dags/example_xcomargs.py for tasks to queue
[2022-02-16 17:09:29,767] {logging_mixin.py:109} INFO - [2022-02-16 17:09:29,767] {dagbag.py:500} INFO - Filling up the DagBag from /home/airflow/.local/lib/python3.7/site-packages/airflow/example_dags/example_xcomargs.py
[2022-02-16 17:09:29,807] {processor.py:654} INFO - DAG(s) dict_keys(['example_xcom_args', 'example_xcom_args_with_operators']) retrieved from /home/airflow/.local/lib/python3.7/site-packages/airflow/example_dags/example_xcomargs.py
[2022-02-16 17:09:30,254] {logging_mixin.py:109} INFO - [2022-02-16 17:09:30,254] {dag.py:2396} INFO - Sync 2 DAGs
[2022-02-16 17:09:30,281] {logging_mixin.py:109} INFO - [2022-02-16 17:09:30,281] {dag.py:2935} INFO - Setting next_dagrun for example_xcom_args to None
[2022-02-16 17:09:30,281] {logging_mixin.py:109} INFO - [2022-02-16 17:09:30,281] {dag.py:2935} INFO - Setting next_dagrun for example_xcom_args_with_operators to None
[2022-02-16 17:09:30,296] {processor.py:171} INFO - Processing /home/airflow/.local/lib/python3.7/site-packages/airflow/example_dags/example_xcomargs.py took 0.535 seconds
[2022-02-16 17:10:00,534] {processor.py:163} INFO - Started process (PID=4350) to work on /home/airflow/.local/lib/python3.7/site-packages/airflow/example_dags/example_xcomargs.py
[2022-02-16 17:10:00,535] {processor.py:642} INFO - Processing file /home/airflow/.local/lib/python3.7/site-packages/airflow/example_dags/example_xcomargs.py for tasks to queue
[2022-02-16 17:10:00,536] {logging_mixin.py:109} INFO - [2022-02-16 17:10:00,536] {dagbag.py:500} INFO - Filling up the DagBag from /home/airflow/.local/lib/python3.7/site-packages/airflow/example_dags/example_xcomargs.py
[2022-02-16 17:10:00,608] {processor.py:654} INFO - DAG(s) dict_keys(['example_xcom_args', 'example_xcom_args_with_operators']) retrieved from /home/airflow/.local/lib/python3.7/site-packages/airflow/example_dags/example_xcomargs.py
[2022-02-16 17:10:01,095] {logging_mixin.py:109} INFO - [2022-02-16 17:10:01,095] {dag.py:2396} INFO - Sync 2 DAGs
[2022-02-16 17:10:01,123] {logging_mixin.py:109} INFO - [2022-02-16 17:10:01,123] {dag.py:2935} INFO - Setting next_dagrun for example_xcom_args to None
[2022-02-16 17:10:01,124] {logging_mixin.py:109} INFO - [2022-02-16 17:10:01,124] {dag.py:2935} INFO - Setting next_dagrun for example_xcom_args_with_operators to None
[2022-02-16 17:10:01,142] {processor.py:171} INFO - Processing /home/airflow/.local/lib/python3.7/site-packages/airflow/example_dags/example_xcomargs.py took 0.613 seconds
[2022-02-16 17:10:31,715] {processor.py:163} INFO - Started process (PID=4535) to work on /home/airflow/.local/lib/python3.7/site-packages/airflow/example_dags/example_xcomargs.py
[2022-02-16 17:10:31,716] {processor.py:642} INFO - Processing file /home/airflow/.local/lib/python3.7/site-packages/airflow/example_dags/example_xcomargs.py for tasks to queue
[2022-02-16 17:10:31,717] {logging_mixin.py:109} INFO - [2022-02-16 17:10:31,717] {dagbag.py:500} INFO - Filling up the DagBag from /home/airflow/.local/lib/python3.7/site-packages/airflow/example_dags/example_xcomargs.py
[2022-02-16 17:10:31,812] {processor.py:654} INFO - DAG(s) dict_keys(['example_xcom_args', 'example_xcom_args_with_operators']) retrieved from /home/airflow/.local/lib/python3.7/site-packages/airflow/example_dags/example_xcomargs.py
[2022-02-16 17:10:32,388] {logging_mixin.py:109} INFO - [2022-02-16 17:10:32,388] {dag.py:2396} INFO - Sync 2 DAGs
[2022-02-16 17:10:32,422] {logging_mixin.py:109} INFO - [2022-02-16 17:10:32,421] {dag.py:2935} INFO - Setting next_dagrun for example_xcom_args to None
[2022-02-16 17:10:32,422] {logging_mixin.py:109} INFO - [2022-02-16 17:10:32,422] {dag.py:2935} INFO - Setting next_dagrun for example_xcom_args_with_operators to None
[2022-02-16 17:10:32,446] {processor.py:171} INFO - Processing /home/airflow/.local/lib/python3.7/site-packages/airflow/example_dags/example_xcomargs.py took 0.737 seconds
[2022-02-16 17:11:02,792] {processor.py:163} INFO - Started process (PID=4721) to work on /home/airflow/.local/lib/python3.7/site-packages/airflow/example_dags/example_xcomargs.py
[2022-02-16 17:11:02,794] {processor.py:642} INFO - Processing file /home/airflow/.local/lib/python3.7/site-packages/airflow/example_dags/example_xcomargs.py for tasks to queue
[2022-02-16 17:11:02,795] {logging_mixin.py:109} INFO - [2022-02-16 17:11:02,795] {dagbag.py:500} INFO - Filling up the DagBag from /home/airflow/.local/lib/python3.7/site-packages/airflow/example_dags/example_xcomargs.py
[2022-02-16 17:11:02,861] {processor.py:654} INFO - DAG(s) dict_keys(['example_xcom_args', 'example_xcom_args_with_operators']) retrieved from /home/airflow/.local/lib/python3.7/site-packages/airflow/example_dags/example_xcomargs.py
[2022-02-16 17:11:03,327] {logging_mixin.py:109} INFO - [2022-02-16 17:11:03,327] {dag.py:2396} INFO - Sync 2 DAGs
[2022-02-16 17:11:03,382] {logging_mixin.py:109} INFO - [2022-02-16 17:11:03,382] {dag.py:2935} INFO - Setting next_dagrun for example_xcom_args to None
[2022-02-16 17:11:03,385] {logging_mixin.py:109} INFO - [2022-02-16 17:11:03,385] {dag.py:2935} INFO - Setting next_dagrun for example_xcom_args_with_operators to None
[2022-02-16 17:11:03,415] {processor.py:171} INFO - Processing /home/airflow/.local/lib/python3.7/site-packages/airflow/example_dags/example_xcomargs.py took 0.629 seconds
[2022-02-16 17:11:33,981] {processor.py:163} INFO - Started process (PID=4904) to work on /home/airflow/.local/lib/python3.7/site-packages/airflow/example_dags/example_xcomargs.py
[2022-02-16 17:11:33,997] {processor.py:642} INFO - Processing file /home/airflow/.local/lib/python3.7/site-packages/airflow/example_dags/example_xcomargs.py for tasks to queue
[2022-02-16 17:11:33,999] {logging_mixin.py:109} INFO - [2022-02-16 17:11:33,999] {dagbag.py:500} INFO - Filling up the DagBag from /home/airflow/.local/lib/python3.7/site-packages/airflow/example_dags/example_xcomargs.py
[2022-02-16 17:11:34,374] {processor.py:654} INFO - DAG(s) dict_keys(['example_xcom_args', 'example_xcom_args_with_operators']) retrieved from /home/airflow/.local/lib/python3.7/site-packages/airflow/example_dags/example_xcomargs.py
[2022-02-16 17:11:34,983] {logging_mixin.py:109} INFO - [2022-02-16 17:11:34,983] {dag.py:2396} INFO - Sync 2 DAGs
[2022-02-16 17:11:35,012] {logging_mixin.py:109} INFO - [2022-02-16 17:11:35,012] {dag.py:2935} INFO - Setting next_dagrun for example_xcom_args to None
[2022-02-16 17:11:35,012] {logging_mixin.py:109} INFO - [2022-02-16 17:11:35,012] {dag.py:2935} INFO - Setting next_dagrun for example_xcom_args_with_operators to None
[2022-02-16 17:11:35,029] {processor.py:171} INFO - Processing /home/airflow/.local/lib/python3.7/site-packages/airflow/example_dags/example_xcomargs.py took 1.066 seconds
[2022-02-16 17:12:05,330] {processor.py:163} INFO - Started process (PID=5104) to work on /home/airflow/.local/lib/python3.7/site-packages/airflow/example_dags/example_xcomargs.py
[2022-02-16 17:12:05,332] {processor.py:642} INFO - Processing file /home/airflow/.local/lib/python3.7/site-packages/airflow/example_dags/example_xcomargs.py for tasks to queue
[2022-02-16 17:12:05,333] {logging_mixin.py:109} INFO - [2022-02-16 17:12:05,333] {dagbag.py:500} INFO - Filling up the DagBag from /home/airflow/.local/lib/python3.7/site-packages/airflow/example_dags/example_xcomargs.py
[2022-02-16 17:12:05,413] {processor.py:654} INFO - DAG(s) dict_keys(['example_xcom_args', 'example_xcom_args_with_operators']) retrieved from /home/airflow/.local/lib/python3.7/site-packages/airflow/example_dags/example_xcomargs.py
[2022-02-16 17:12:05,952] {logging_mixin.py:109} INFO - [2022-02-16 17:12:05,952] {dag.py:2396} INFO - Sync 2 DAGs
[2022-02-16 17:12:05,981] {logging_mixin.py:109} INFO - [2022-02-16 17:12:05,980] {dag.py:2935} INFO - Setting next_dagrun for example_xcom_args to None
[2022-02-16 17:12:05,981] {logging_mixin.py:109} INFO - [2022-02-16 17:12:05,981] {dag.py:2935} INFO - Setting next_dagrun for example_xcom_args_with_operators to None
[2022-02-16 17:12:05,996] {processor.py:171} INFO - Processing /home/airflow/.local/lib/python3.7/site-packages/airflow/example_dags/example_xcomargs.py took 0.670 seconds
[2022-02-16 17:12:36,512] {processor.py:163} INFO - Started process (PID=5292) to work on /home/airflow/.local/lib/python3.7/site-packages/airflow/example_dags/example_xcomargs.py
[2022-02-16 17:12:36,513] {processor.py:642} INFO - Processing file /home/airflow/.local/lib/python3.7/site-packages/airflow/example_dags/example_xcomargs.py for tasks to queue
[2022-02-16 17:12:36,514] {logging_mixin.py:109} INFO - [2022-02-16 17:12:36,514] {dagbag.py:500} INFO - Filling up the DagBag from /home/airflow/.local/lib/python3.7/site-packages/airflow/example_dags/example_xcomargs.py
[2022-02-16 17:12:36,562] {processor.py:654} INFO - DAG(s) dict_keys(['example_xcom_args', 'example_xcom_args_with_operators']) retrieved from /home/airflow/.local/lib/python3.7/site-packages/airflow/example_dags/example_xcomargs.py
[2022-02-16 17:12:36,579] {logging_mixin.py:109} INFO - [2022-02-16 17:12:36,579] {dag.py:2396} INFO - Sync 2 DAGs
[2022-02-16 17:12:36,601] {logging_mixin.py:109} INFO - [2022-02-16 17:12:36,601] {dag.py:2935} INFO - Setting next_dagrun for example_xcom_args to None
[2022-02-16 17:12:36,602] {logging_mixin.py:109} INFO - [2022-02-16 17:12:36,601] {dag.py:2935} INFO - Setting next_dagrun for example_xcom_args_with_operators to None
[2022-02-16 17:12:36,612] {processor.py:171} INFO - Processing /home/airflow/.local/lib/python3.7/site-packages/airflow/example_dags/example_xcomargs.py took 0.106 seconds
[2022-02-16 17:13:07,355] {processor.py:163} INFO - Started process (PID=5478) to work on /home/airflow/.local/lib/python3.7/site-packages/airflow/example_dags/example_xcomargs.py
[2022-02-16 17:13:07,356] {processor.py:642} INFO - Processing file /home/airflow/.local/lib/python3.7/site-packages/airflow/example_dags/example_xcomargs.py for tasks to queue
[2022-02-16 17:13:07,365] {logging_mixin.py:109} INFO - [2022-02-16 17:13:07,362] {dagbag.py:500} INFO - Filling up the DagBag from /home/airflow/.local/lib/python3.7/site-packages/airflow/example_dags/example_xcomargs.py
[2022-02-16 17:13:07,473] {processor.py:654} INFO - DAG(s) dict_keys(['example_xcom_args', 'example_xcom_args_with_operators']) retrieved from /home/airflow/.local/lib/python3.7/site-packages/airflow/example_dags/example_xcomargs.py
[2022-02-16 17:13:08,195] {logging_mixin.py:109} INFO - [2022-02-16 17:13:08,195] {dag.py:2396} INFO - Sync 2 DAGs
[2022-02-16 17:13:08,239] {logging_mixin.py:109} INFO - [2022-02-16 17:13:08,239] {dag.py:2935} INFO - Setting next_dagrun for example_xcom_args to None
[2022-02-16 17:13:08,240] {logging_mixin.py:109} INFO - [2022-02-16 17:13:08,240] {dag.py:2935} INFO - Setting next_dagrun for example_xcom_args_with_operators to None
[2022-02-16 17:13:08,271] {processor.py:171} INFO - Processing /home/airflow/.local/lib/python3.7/site-packages/airflow/example_dags/example_xcomargs.py took 0.929 seconds
[2022-02-16 17:13:38,892] {processor.py:163} INFO - Started process (PID=5685) to work on /home/airflow/.local/lib/python3.7/site-packages/airflow/example_dags/example_xcomargs.py
[2022-02-16 17:13:38,909] {processor.py:642} INFO - Processing file /home/airflow/.local/lib/python3.7/site-packages/airflow/example_dags/example_xcomargs.py for tasks to queue
[2022-02-16 17:13:38,910] {logging_mixin.py:109} INFO - [2022-02-16 17:13:38,910] {dagbag.py:500} INFO - Filling up the DagBag from /home/airflow/.local/lib/python3.7/site-packages/airflow/example_dags/example_xcomargs.py
[2022-02-16 17:13:38,957] {processor.py:654} INFO - DAG(s) dict_keys(['example_xcom_args', 'example_xcom_args_with_operators']) retrieved from /home/airflow/.local/lib/python3.7/site-packages/airflow/example_dags/example_xcomargs.py
[2022-02-16 17:13:39,441] {logging_mixin.py:109} INFO - [2022-02-16 17:13:39,441] {dag.py:2396} INFO - Sync 2 DAGs
[2022-02-16 17:13:39,457] {logging_mixin.py:109} INFO - [2022-02-16 17:13:39,456] {dag.py:2935} INFO - Setting next_dagrun for example_xcom_args to None
[2022-02-16 17:13:39,457] {logging_mixin.py:109} INFO - [2022-02-16 17:13:39,457] {dag.py:2935} INFO - Setting next_dagrun for example_xcom_args_with_operators to None
[2022-02-16 17:13:39,468] {processor.py:171} INFO - Processing /home/airflow/.local/lib/python3.7/site-packages/airflow/example_dags/example_xcomargs.py took 0.587 seconds
[2022-02-16 17:14:09,705] {processor.py:163} INFO - Started process (PID=5880) to work on /home/airflow/.local/lib/python3.7/site-packages/airflow/example_dags/example_xcomargs.py
[2022-02-16 17:14:09,706] {processor.py:642} INFO - Processing file /home/airflow/.local/lib/python3.7/site-packages/airflow/example_dags/example_xcomargs.py for tasks to queue
[2022-02-16 17:14:09,707] {logging_mixin.py:109} INFO - [2022-02-16 17:14:09,707] {dagbag.py:500} INFO - Filling up the DagBag from /home/airflow/.local/lib/python3.7/site-packages/airflow/example_dags/example_xcomargs.py
[2022-02-16 17:14:09,747] {processor.py:654} INFO - DAG(s) dict_keys(['example_xcom_args', 'example_xcom_args_with_operators']) retrieved from /home/airflow/.local/lib/python3.7/site-packages/airflow/example_dags/example_xcomargs.py
[2022-02-16 17:14:10,117] {logging_mixin.py:109} INFO - [2022-02-16 17:14:10,117] {dag.py:2396} INFO - Sync 2 DAGs
[2022-02-16 17:14:10,132] {logging_mixin.py:109} INFO - [2022-02-16 17:14:10,132] {dag.py:2935} INFO - Setting next_dagrun for example_xcom_args to None
[2022-02-16 17:14:10,133] {logging_mixin.py:109} INFO - [2022-02-16 17:14:10,132] {dag.py:2935} INFO - Setting next_dagrun for example_xcom_args_with_operators to None
[2022-02-16 17:14:10,143] {processor.py:171} INFO - Processing /home/airflow/.local/lib/python3.7/site-packages/airflow/example_dags/example_xcomargs.py took 0.442 seconds
[2022-02-16 17:14:41,461] {processor.py:163} INFO - Started process (PID=6087) to work on /home/airflow/.local/lib/python3.7/site-packages/airflow/example_dags/example_xcomargs.py
[2022-02-16 17:14:41,463] {processor.py:642} INFO - Processing file /home/airflow/.local/lib/python3.7/site-packages/airflow/example_dags/example_xcomargs.py for tasks to queue
[2022-02-16 17:14:41,464] {logging_mixin.py:109} INFO - [2022-02-16 17:14:41,463] {dagbag.py:500} INFO - Filling up the DagBag from /home/airflow/.local/lib/python3.7/site-packages/airflow/example_dags/example_xcomargs.py
[2022-02-16 17:14:41,505] {processor.py:654} INFO - DAG(s) dict_keys(['example_xcom_args', 'example_xcom_args_with_operators']) retrieved from /home/airflow/.local/lib/python3.7/site-packages/airflow/example_dags/example_xcomargs.py
[2022-02-16 17:14:41,828] {logging_mixin.py:109} INFO - [2022-02-16 17:14:41,827] {dag.py:2396} INFO - Sync 2 DAGs
[2022-02-16 17:14:41,842] {logging_mixin.py:109} INFO - [2022-02-16 17:14:41,842] {dag.py:2935} INFO - Setting next_dagrun for example_xcom_args to None
[2022-02-16 17:14:41,843] {logging_mixin.py:109} INFO - [2022-02-16 17:14:41,843] {dag.py:2935} INFO - Setting next_dagrun for example_xcom_args_with_operators to None
[2022-02-16 17:14:41,852] {processor.py:171} INFO - Processing /home/airflow/.local/lib/python3.7/site-packages/airflow/example_dags/example_xcomargs.py took 0.396 seconds
[2022-02-16 17:15:12,674] {processor.py:163} INFO - Started process (PID=6306) to work on /home/airflow/.local/lib/python3.7/site-packages/airflow/example_dags/example_xcomargs.py
[2022-02-16 17:15:12,696] {processor.py:642} INFO - Processing file /home/airflow/.local/lib/python3.7/site-packages/airflow/example_dags/example_xcomargs.py for tasks to queue
[2022-02-16 17:15:12,697] {logging_mixin.py:109} INFO - [2022-02-16 17:15:12,697] {dagbag.py:500} INFO - Filling up the DagBag from /home/airflow/.local/lib/python3.7/site-packages/airflow/example_dags/example_xcomargs.py
[2022-02-16 17:15:12,896] {processor.py:654} INFO - DAG(s) dict_keys(['example_xcom_args', 'example_xcom_args_with_operators']) retrieved from /home/airflow/.local/lib/python3.7/site-packages/airflow/example_dags/example_xcomargs.py
[2022-02-16 17:15:13,985] {logging_mixin.py:109} INFO - [2022-02-16 17:15:13,985] {dag.py:2396} INFO - Sync 2 DAGs
[2022-02-16 17:15:14,056] {logging_mixin.py:109} INFO - [2022-02-16 17:15:14,056] {dag.py:2935} INFO - Setting next_dagrun for example_xcom_args to None
[2022-02-16 17:15:14,056] {logging_mixin.py:109} INFO - [2022-02-16 17:15:14,056] {dag.py:2935} INFO - Setting next_dagrun for example_xcom_args_with_operators to None
[2022-02-16 17:15:14,131] {processor.py:171} INFO - Processing /home/airflow/.local/lib/python3.7/site-packages/airflow/example_dags/example_xcomargs.py took 1.474 seconds
[2022-02-16 17:15:44,212] {processor.py:163} INFO - Started process (PID=6503) to work on /home/airflow/.local/lib/python3.7/site-packages/airflow/example_dags/example_xcomargs.py
[2022-02-16 17:15:44,214] {processor.py:642} INFO - Processing file /home/airflow/.local/lib/python3.7/site-packages/airflow/example_dags/example_xcomargs.py for tasks to queue
[2022-02-16 17:15:44,225] {logging_mixin.py:109} INFO - [2022-02-16 17:15:44,224] {dagbag.py:500} INFO - Filling up the DagBag from /home/airflow/.local/lib/python3.7/site-packages/airflow/example_dags/example_xcomargs.py
[2022-02-16 17:15:44,333] {processor.py:654} INFO - DAG(s) dict_keys(['example_xcom_args', 'example_xcom_args_with_operators']) retrieved from /home/airflow/.local/lib/python3.7/site-packages/airflow/example_dags/example_xcomargs.py
[2022-02-16 17:15:44,671] {logging_mixin.py:109} INFO - [2022-02-16 17:15:44,671] {dag.py:2396} INFO - Sync 2 DAGs
[2022-02-16 17:15:44,687] {logging_mixin.py:109} INFO - [2022-02-16 17:15:44,687] {dag.py:2935} INFO - Setting next_dagrun for example_xcom_args to None
[2022-02-16 17:15:44,687] {logging_mixin.py:109} INFO - [2022-02-16 17:15:44,687] {dag.py:2935} INFO - Setting next_dagrun for example_xcom_args_with_operators to None
[2022-02-16 17:15:44,697] {processor.py:171} INFO - Processing /home/airflow/.local/lib/python3.7/site-packages/airflow/example_dags/example_xcomargs.py took 0.490 seconds
[2022-02-16 17:16:15,001] {processor.py:163} INFO - Started process (PID=6689) to work on /home/airflow/.local/lib/python3.7/site-packages/airflow/example_dags/example_xcomargs.py
[2022-02-16 17:16:15,002] {processor.py:642} INFO - Processing file /home/airflow/.local/lib/python3.7/site-packages/airflow/example_dags/example_xcomargs.py for tasks to queue
[2022-02-16 17:16:15,003] {logging_mixin.py:109} INFO - [2022-02-16 17:16:15,002] {dagbag.py:500} INFO - Filling up the DagBag from /home/airflow/.local/lib/python3.7/site-packages/airflow/example_dags/example_xcomargs.py
[2022-02-16 17:16:15,039] {processor.py:654} INFO - DAG(s) dict_keys(['example_xcom_args', 'example_xcom_args_with_operators']) retrieved from /home/airflow/.local/lib/python3.7/site-packages/airflow/example_dags/example_xcomargs.py
[2022-02-16 17:16:15,345] {logging_mixin.py:109} INFO - [2022-02-16 17:16:15,345] {dag.py:2396} INFO - Sync 2 DAGs
[2022-02-16 17:16:15,358] {logging_mixin.py:109} INFO - [2022-02-16 17:16:15,358] {dag.py:2935} INFO - Setting next_dagrun for example_xcom_args to None
[2022-02-16 17:16:15,359] {logging_mixin.py:109} INFO - [2022-02-16 17:16:15,359] {dag.py:2935} INFO - Setting next_dagrun for example_xcom_args_with_operators to None
[2022-02-16 17:16:15,369] {processor.py:171} INFO - Processing /home/airflow/.local/lib/python3.7/site-packages/airflow/example_dags/example_xcomargs.py took 0.372 seconds
[2022-02-16 17:16:46,093] {processor.py:163} INFO - Started process (PID=6896) to work on /home/airflow/.local/lib/python3.7/site-packages/airflow/example_dags/example_xcomargs.py
[2022-02-16 17:16:46,094] {processor.py:642} INFO - Processing file /home/airflow/.local/lib/python3.7/site-packages/airflow/example_dags/example_xcomargs.py for tasks to queue
[2022-02-16 17:16:46,099] {logging_mixin.py:109} INFO - [2022-02-16 17:16:46,099] {dagbag.py:500} INFO - Filling up the DagBag from /home/airflow/.local/lib/python3.7/site-packages/airflow/example_dags/example_xcomargs.py
[2022-02-16 17:16:46,190] {processor.py:654} INFO - DAG(s) dict_keys(['example_xcom_args', 'example_xcom_args_with_operators']) retrieved from /home/airflow/.local/lib/python3.7/site-packages/airflow/example_dags/example_xcomargs.py
[2022-02-16 17:16:46,760] {logging_mixin.py:109} INFO - [2022-02-16 17:16:46,760] {dag.py:2396} INFO - Sync 2 DAGs
[2022-02-16 17:16:46,787] {logging_mixin.py:109} INFO - [2022-02-16 17:16:46,787] {dag.py:2935} INFO - Setting next_dagrun for example_xcom_args to None
[2022-02-16 17:16:46,787] {logging_mixin.py:109} INFO - [2022-02-16 17:16:46,787] {dag.py:2935} INFO - Setting next_dagrun for example_xcom_args_with_operators to None
[2022-02-16 17:16:46,823] {processor.py:171} INFO - Processing /home/airflow/.local/lib/python3.7/site-packages/airflow/example_dags/example_xcomargs.py took 0.737 seconds
[2022-02-16 17:17:17,355] {processor.py:163} INFO - Started process (PID=7085) to work on /home/airflow/.local/lib/python3.7/site-packages/airflow/example_dags/example_xcomargs.py
[2022-02-16 17:17:17,357] {processor.py:642} INFO - Processing file /home/airflow/.local/lib/python3.7/site-packages/airflow/example_dags/example_xcomargs.py for tasks to queue
[2022-02-16 17:17:17,358] {logging_mixin.py:109} INFO - [2022-02-16 17:17:17,357] {dagbag.py:500} INFO - Filling up the DagBag from /home/airflow/.local/lib/python3.7/site-packages/airflow/example_dags/example_xcomargs.py
[2022-02-16 17:17:17,399] {processor.py:654} INFO - DAG(s) dict_keys(['example_xcom_args', 'example_xcom_args_with_operators']) retrieved from /home/airflow/.local/lib/python3.7/site-packages/airflow/example_dags/example_xcomargs.py
[2022-02-16 17:17:17,994] {logging_mixin.py:109} INFO - [2022-02-16 17:17:17,993] {dag.py:2396} INFO - Sync 2 DAGs
[2022-02-16 17:17:18,009] {logging_mixin.py:109} INFO - [2022-02-16 17:17:18,008] {dag.py:2935} INFO - Setting next_dagrun for example_xcom_args to None
[2022-02-16 17:17:18,009] {logging_mixin.py:109} INFO - [2022-02-16 17:17:18,009] {dag.py:2935} INFO - Setting next_dagrun for example_xcom_args_with_operators to None
[2022-02-16 17:17:18,020] {processor.py:171} INFO - Processing /home/airflow/.local/lib/python3.7/site-packages/airflow/example_dags/example_xcomargs.py took 0.670 seconds
[2022-02-16 17:17:48,586] {processor.py:163} INFO - Started process (PID=7276) to work on /home/airflow/.local/lib/python3.7/site-packages/airflow/example_dags/example_xcomargs.py
[2022-02-16 17:17:48,588] {processor.py:642} INFO - Processing file /home/airflow/.local/lib/python3.7/site-packages/airflow/example_dags/example_xcomargs.py for tasks to queue
[2022-02-16 17:17:48,589] {logging_mixin.py:109} INFO - [2022-02-16 17:17:48,589] {dagbag.py:500} INFO - Filling up the DagBag from /home/airflow/.local/lib/python3.7/site-packages/airflow/example_dags/example_xcomargs.py
[2022-02-16 17:17:48,670] {processor.py:654} INFO - DAG(s) dict_keys(['example_xcom_args', 'example_xcom_args_with_operators']) retrieved from /home/airflow/.local/lib/python3.7/site-packages/airflow/example_dags/example_xcomargs.py
[2022-02-16 17:17:49,098] {logging_mixin.py:109} INFO - [2022-02-16 17:17:49,098] {dag.py:2396} INFO - Sync 2 DAGs
[2022-02-16 17:17:49,115] {logging_mixin.py:109} INFO - [2022-02-16 17:17:49,115] {dag.py:2935} INFO - Setting next_dagrun for example_xcom_args to None
[2022-02-16 17:17:49,115] {logging_mixin.py:109} INFO - [2022-02-16 17:17:49,115] {dag.py:2935} INFO - Setting next_dagrun for example_xcom_args_with_operators to None
[2022-02-16 17:17:49,129] {processor.py:171} INFO - Processing /home/airflow/.local/lib/python3.7/site-packages/airflow/example_dags/example_xcomargs.py took 0.547 seconds
[2022-02-16 17:18:19,576] {processor.py:163} INFO - Started process (PID=7482) to work on /home/airflow/.local/lib/python3.7/site-packages/airflow/example_dags/example_xcomargs.py
[2022-02-16 17:18:19,578] {processor.py:642} INFO - Processing file /home/airflow/.local/lib/python3.7/site-packages/airflow/example_dags/example_xcomargs.py for tasks to queue
[2022-02-16 17:18:19,579] {logging_mixin.py:109} INFO - [2022-02-16 17:18:19,579] {dagbag.py:500} INFO - Filling up the DagBag from /home/airflow/.local/lib/python3.7/site-packages/airflow/example_dags/example_xcomargs.py
[2022-02-16 17:18:19,722] {processor.py:654} INFO - DAG(s) dict_keys(['example_xcom_args', 'example_xcom_args_with_operators']) retrieved from /home/airflow/.local/lib/python3.7/site-packages/airflow/example_dags/example_xcomargs.py
[2022-02-16 17:18:20,341] {logging_mixin.py:109} INFO - [2022-02-16 17:18:20,341] {dag.py:2396} INFO - Sync 2 DAGs
[2022-02-16 17:18:20,354] {logging_mixin.py:109} INFO - [2022-02-16 17:18:20,354] {dag.py:2935} INFO - Setting next_dagrun for example_xcom_args to None
[2022-02-16 17:18:20,355] {logging_mixin.py:109} INFO - [2022-02-16 17:18:20,355] {dag.py:2935} INFO - Setting next_dagrun for example_xcom_args_with_operators to None
[2022-02-16 17:18:20,364] {processor.py:171} INFO - Processing /home/airflow/.local/lib/python3.7/site-packages/airflow/example_dags/example_xcomargs.py took 0.801 seconds
[2022-02-16 17:18:50,840] {processor.py:163} INFO - Started process (PID=7672) to work on /home/airflow/.local/lib/python3.7/site-packages/airflow/example_dags/example_xcomargs.py
[2022-02-16 17:18:50,841] {processor.py:642} INFO - Processing file /home/airflow/.local/lib/python3.7/site-packages/airflow/example_dags/example_xcomargs.py for tasks to queue
[2022-02-16 17:18:50,842] {logging_mixin.py:109} INFO - [2022-02-16 17:18:50,842] {dagbag.py:500} INFO - Filling up the DagBag from /home/airflow/.local/lib/python3.7/site-packages/airflow/example_dags/example_xcomargs.py
[2022-02-16 17:18:50,879] {processor.py:654} INFO - DAG(s) dict_keys(['example_xcom_args', 'example_xcom_args_with_operators']) retrieved from /home/airflow/.local/lib/python3.7/site-packages/airflow/example_dags/example_xcomargs.py
[2022-02-16 17:18:51,210] {logging_mixin.py:109} INFO - [2022-02-16 17:18:51,210] {dag.py:2396} INFO - Sync 2 DAGs
[2022-02-16 17:18:51,227] {logging_mixin.py:109} INFO - [2022-02-16 17:18:51,227] {dag.py:2935} INFO - Setting next_dagrun for example_xcom_args to None
[2022-02-16 17:18:51,228] {logging_mixin.py:109} INFO - [2022-02-16 17:18:51,228] {dag.py:2935} INFO - Setting next_dagrun for example_xcom_args_with_operators to None
[2022-02-16 17:18:51,238] {processor.py:171} INFO - Processing /home/airflow/.local/lib/python3.7/site-packages/airflow/example_dags/example_xcomargs.py took 0.403 seconds
[2022-02-16 17:19:21,860] {processor.py:163} INFO - Started process (PID=7862) to work on /home/airflow/.local/lib/python3.7/site-packages/airflow/example_dags/example_xcomargs.py
[2022-02-16 17:19:21,862] {processor.py:642} INFO - Processing file /home/airflow/.local/lib/python3.7/site-packages/airflow/example_dags/example_xcomargs.py for tasks to queue
[2022-02-16 17:19:21,863] {logging_mixin.py:109} INFO - [2022-02-16 17:19:21,862] {dagbag.py:500} INFO - Filling up the DagBag from /home/airflow/.local/lib/python3.7/site-packages/airflow/example_dags/example_xcomargs.py
[2022-02-16 17:19:21,901] {processor.py:654} INFO - DAG(s) dict_keys(['example_xcom_args', 'example_xcom_args_with_operators']) retrieved from /home/airflow/.local/lib/python3.7/site-packages/airflow/example_dags/example_xcomargs.py
[2022-02-16 17:19:22,286] {logging_mixin.py:109} INFO - [2022-02-16 17:19:22,285] {dag.py:2396} INFO - Sync 2 DAGs
[2022-02-16 17:19:22,314] {logging_mixin.py:109} INFO - [2022-02-16 17:19:22,314] {dag.py:2935} INFO - Setting next_dagrun for example_xcom_args to None
[2022-02-16 17:19:22,314] {logging_mixin.py:109} INFO - [2022-02-16 17:19:22,314] {dag.py:2935} INFO - Setting next_dagrun for example_xcom_args_with_operators to None
[2022-02-16 17:19:22,325] {processor.py:171} INFO - Processing /home/airflow/.local/lib/python3.7/site-packages/airflow/example_dags/example_xcomargs.py took 0.468 seconds
[2022-02-16 17:19:53,000] {processor.py:163} INFO - Started process (PID=8075) to work on /home/airflow/.local/lib/python3.7/site-packages/airflow/example_dags/example_xcomargs.py
[2022-02-16 17:19:53,004] {processor.py:642} INFO - Processing file /home/airflow/.local/lib/python3.7/site-packages/airflow/example_dags/example_xcomargs.py for tasks to queue
[2022-02-16 17:19:53,011] {logging_mixin.py:109} INFO - [2022-02-16 17:19:53,011] {dagbag.py:500} INFO - Filling up the DagBag from /home/airflow/.local/lib/python3.7/site-packages/airflow/example_dags/example_xcomargs.py
[2022-02-16 17:19:53,090] {processor.py:654} INFO - DAG(s) dict_keys(['example_xcom_args', 'example_xcom_args_with_operators']) retrieved from /home/airflow/.local/lib/python3.7/site-packages/airflow/example_dags/example_xcomargs.py
[2022-02-16 17:19:53,853] {logging_mixin.py:109} INFO - [2022-02-16 17:19:53,853] {dag.py:2396} INFO - Sync 2 DAGs
[2022-02-16 17:19:53,907] {logging_mixin.py:109} INFO - [2022-02-16 17:19:53,907] {dag.py:2935} INFO - Setting next_dagrun for example_xcom_args to None
[2022-02-16 17:19:53,909] {logging_mixin.py:109} INFO - [2022-02-16 17:19:53,909] {dag.py:2935} INFO - Setting next_dagrun for example_xcom_args_with_operators to None
[2022-02-16 17:19:53,948] {processor.py:171} INFO - Processing /home/airflow/.local/lib/python3.7/site-packages/airflow/example_dags/example_xcomargs.py took 0.951 seconds
[2022-02-16 17:20:24,009] {processor.py:163} INFO - Started process (PID=8285) to work on /home/airflow/.local/lib/python3.7/site-packages/airflow/example_dags/example_xcomargs.py
[2022-02-16 17:20:24,011] {processor.py:642} INFO - Processing file /home/airflow/.local/lib/python3.7/site-packages/airflow/example_dags/example_xcomargs.py for tasks to queue
[2022-02-16 17:20:24,012] {logging_mixin.py:109} INFO - [2022-02-16 17:20:24,011] {dagbag.py:500} INFO - Filling up the DagBag from /home/airflow/.local/lib/python3.7/site-packages/airflow/example_dags/example_xcomargs.py
[2022-02-16 17:20:24,056] {processor.py:654} INFO - DAG(s) dict_keys(['example_xcom_args', 'example_xcom_args_with_operators']) retrieved from /home/airflow/.local/lib/python3.7/site-packages/airflow/example_dags/example_xcomargs.py
[2022-02-16 17:20:24,694] {logging_mixin.py:109} INFO - [2022-02-16 17:20:24,693] {dag.py:2396} INFO - Sync 2 DAGs
[2022-02-16 17:20:24,730] {logging_mixin.py:109} INFO - [2022-02-16 17:20:24,730] {dag.py:2935} INFO - Setting next_dagrun for example_xcom_args to None
[2022-02-16 17:20:24,731] {logging_mixin.py:109} INFO - [2022-02-16 17:20:24,731] {dag.py:2935} INFO - Setting next_dagrun for example_xcom_args_with_operators to None
[2022-02-16 17:20:24,754] {processor.py:171} INFO - Processing /home/airflow/.local/lib/python3.7/site-packages/airflow/example_dags/example_xcomargs.py took 0.750 seconds
[2022-02-16 17:20:55,238] {processor.py:163} INFO - Started process (PID=8485) to work on /home/airflow/.local/lib/python3.7/site-packages/airflow/example_dags/example_xcomargs.py
[2022-02-16 17:20:55,240] {processor.py:642} INFO - Processing file /home/airflow/.local/lib/python3.7/site-packages/airflow/example_dags/example_xcomargs.py for tasks to queue
[2022-02-16 17:20:55,241] {logging_mixin.py:109} INFO - [2022-02-16 17:20:55,240] {dagbag.py:500} INFO - Filling up the DagBag from /home/airflow/.local/lib/python3.7/site-packages/airflow/example_dags/example_xcomargs.py
[2022-02-16 17:20:55,278] {processor.py:654} INFO - DAG(s) dict_keys(['example_xcom_args', 'example_xcom_args_with_operators']) retrieved from /home/airflow/.local/lib/python3.7/site-packages/airflow/example_dags/example_xcomargs.py
[2022-02-16 17:20:55,608] {logging_mixin.py:109} INFO - [2022-02-16 17:20:55,608] {dag.py:2396} INFO - Sync 2 DAGs
[2022-02-16 17:20:55,623] {logging_mixin.py:109} INFO - [2022-02-16 17:20:55,623] {dag.py:2935} INFO - Setting next_dagrun for example_xcom_args to None
[2022-02-16 17:20:55,623] {logging_mixin.py:109} INFO - [2022-02-16 17:20:55,623] {dag.py:2935} INFO - Setting next_dagrun for example_xcom_args_with_operators to None
[2022-02-16 17:20:55,634] {processor.py:171} INFO - Processing /home/airflow/.local/lib/python3.7/site-packages/airflow/example_dags/example_xcomargs.py took 0.400 seconds
