[2022-02-16 16:58:55,720] {processor.py:163} INFO - Started process (PID=348) to work on /home/airflow/.local/lib/python3.7/site-packages/airflow/example_dags/example_skip_dag.py
[2022-02-16 16:58:55,721] {processor.py:642} INFO - Processing file /home/airflow/.local/lib/python3.7/site-packages/airflow/example_dags/example_skip_dag.py for tasks to queue
[2022-02-16 16:58:55,722] {logging_mixin.py:109} INFO - [2022-02-16 16:58:55,722] {dagbag.py:500} INFO - Filling up the DagBag from /home/airflow/.local/lib/python3.7/site-packages/airflow/example_dags/example_skip_dag.py
[2022-02-16 16:58:55,787] {processor.py:654} INFO - DAG(s) dict_keys(['example_skip_dag']) retrieved from /home/airflow/.local/lib/python3.7/site-packages/airflow/example_dags/example_skip_dag.py
[2022-02-16 16:58:58,893] {logging_mixin.py:109} INFO - [2022-02-16 16:58:58,893] {manager.py:496} INFO - Created Permission View: can read on DAG:example_skip_dag
[2022-02-16 16:58:58,910] {logging_mixin.py:109} INFO - [2022-02-16 16:58:58,910] {manager.py:496} INFO - Created Permission View: can edit on DAG:example_skip_dag
[2022-02-16 16:58:58,911] {logging_mixin.py:109} INFO - [2022-02-16 16:58:58,910] {dag.py:2396} INFO - Sync 1 DAGs
[2022-02-16 16:58:58,918] {logging_mixin.py:109} INFO - [2022-02-16 16:58:58,918] {dag.py:2415} INFO - Creating ORM DAG for example_skip_dag
[2022-02-16 16:58:58,934] {logging_mixin.py:109} INFO - [2022-02-16 16:58:58,934] {dag.py:2935} INFO - Setting next_dagrun for example_skip_dag to 2022-02-15T16:58:58.934152+00:00
[2022-02-16 16:58:58,955] {processor.py:171} INFO - Processing /home/airflow/.local/lib/python3.7/site-packages/airflow/example_dags/example_skip_dag.py took 3.240 seconds
[2022-02-16 16:59:29,469] {processor.py:163} INFO - Started process (PID=556) to work on /home/airflow/.local/lib/python3.7/site-packages/airflow/example_dags/example_skip_dag.py
[2022-02-16 16:59:29,470] {processor.py:642} INFO - Processing file /home/airflow/.local/lib/python3.7/site-packages/airflow/example_dags/example_skip_dag.py for tasks to queue
[2022-02-16 16:59:29,471] {logging_mixin.py:109} INFO - [2022-02-16 16:59:29,471] {dagbag.py:500} INFO - Filling up the DagBag from /home/airflow/.local/lib/python3.7/site-packages/airflow/example_dags/example_skip_dag.py
[2022-02-16 16:59:29,509] {processor.py:654} INFO - DAG(s) dict_keys(['example_skip_dag']) retrieved from /home/airflow/.local/lib/python3.7/site-packages/airflow/example_dags/example_skip_dag.py
[2022-02-16 16:59:29,523] {logging_mixin.py:109} INFO - [2022-02-16 16:59:29,523] {dag.py:2396} INFO - Sync 1 DAGs
[2022-02-16 16:59:29,541] {logging_mixin.py:109} INFO - [2022-02-16 16:59:29,541] {dag.py:2935} INFO - Setting next_dagrun for example_skip_dag to 2022-02-15T16:59:29.541514+00:00
[2022-02-16 16:59:29,552] {processor.py:171} INFO - Processing /home/airflow/.local/lib/python3.7/site-packages/airflow/example_dags/example_skip_dag.py took 0.087 seconds
[2022-02-16 17:00:00,299] {processor.py:163} INFO - Started process (PID=736) to work on /home/airflow/.local/lib/python3.7/site-packages/airflow/example_dags/example_skip_dag.py
[2022-02-16 17:00:00,300] {processor.py:642} INFO - Processing file /home/airflow/.local/lib/python3.7/site-packages/airflow/example_dags/example_skip_dag.py for tasks to queue
[2022-02-16 17:00:00,301] {logging_mixin.py:109} INFO - [2022-02-16 17:00:00,301] {dagbag.py:500} INFO - Filling up the DagBag from /home/airflow/.local/lib/python3.7/site-packages/airflow/example_dags/example_skip_dag.py
[2022-02-16 17:00:00,333] {processor.py:654} INFO - DAG(s) dict_keys(['example_skip_dag']) retrieved from /home/airflow/.local/lib/python3.7/site-packages/airflow/example_dags/example_skip_dag.py
[2022-02-16 17:00:00,345] {logging_mixin.py:109} INFO - [2022-02-16 17:00:00,345] {dag.py:2396} INFO - Sync 1 DAGs
[2022-02-16 17:00:00,363] {logging_mixin.py:109} INFO - [2022-02-16 17:00:00,362] {dag.py:2935} INFO - Setting next_dagrun for example_skip_dag to 2022-02-15T17:00:00.362514+00:00
[2022-02-16 17:00:00,373] {processor.py:171} INFO - Processing /home/airflow/.local/lib/python3.7/site-packages/airflow/example_dags/example_skip_dag.py took 0.078 seconds
[2022-02-16 17:00:31,350] {processor.py:163} INFO - Started process (PID=918) to work on /home/airflow/.local/lib/python3.7/site-packages/airflow/example_dags/example_skip_dag.py
[2022-02-16 17:00:31,352] {processor.py:642} INFO - Processing file /home/airflow/.local/lib/python3.7/site-packages/airflow/example_dags/example_skip_dag.py for tasks to queue
[2022-02-16 17:00:31,352] {logging_mixin.py:109} INFO - [2022-02-16 17:00:31,352] {dagbag.py:500} INFO - Filling up the DagBag from /home/airflow/.local/lib/python3.7/site-packages/airflow/example_dags/example_skip_dag.py
[2022-02-16 17:00:31,385] {processor.py:654} INFO - DAG(s) dict_keys(['example_skip_dag']) retrieved from /home/airflow/.local/lib/python3.7/site-packages/airflow/example_dags/example_skip_dag.py
[2022-02-16 17:00:31,401] {logging_mixin.py:109} INFO - [2022-02-16 17:00:31,401] {dag.py:2396} INFO - Sync 1 DAGs
[2022-02-16 17:00:31,420] {logging_mixin.py:109} INFO - [2022-02-16 17:00:31,420] {dag.py:2935} INFO - Setting next_dagrun for example_skip_dag to 2022-02-15T17:00:31.420246+00:00
[2022-02-16 17:00:31,431] {processor.py:171} INFO - Processing /home/airflow/.local/lib/python3.7/site-packages/airflow/example_dags/example_skip_dag.py took 0.086 seconds
[2022-02-16 17:01:01,926] {processor.py:163} INFO - Started process (PID=1099) to work on /home/airflow/.local/lib/python3.7/site-packages/airflow/example_dags/example_skip_dag.py
[2022-02-16 17:01:01,927] {processor.py:642} INFO - Processing file /home/airflow/.local/lib/python3.7/site-packages/airflow/example_dags/example_skip_dag.py for tasks to queue
[2022-02-16 17:01:01,928] {logging_mixin.py:109} INFO - [2022-02-16 17:01:01,927] {dagbag.py:500} INFO - Filling up the DagBag from /home/airflow/.local/lib/python3.7/site-packages/airflow/example_dags/example_skip_dag.py
[2022-02-16 17:01:01,957] {processor.py:654} INFO - DAG(s) dict_keys(['example_skip_dag']) retrieved from /home/airflow/.local/lib/python3.7/site-packages/airflow/example_dags/example_skip_dag.py
[2022-02-16 17:01:01,969] {logging_mixin.py:109} INFO - [2022-02-16 17:01:01,968] {dag.py:2396} INFO - Sync 1 DAGs
[2022-02-16 17:01:01,984] {logging_mixin.py:109} INFO - [2022-02-16 17:01:01,984] {dag.py:2935} INFO - Setting next_dagrun for example_skip_dag to 2022-02-15T17:01:01.984358+00:00
[2022-02-16 17:01:01,994] {processor.py:171} INFO - Processing /home/airflow/.local/lib/python3.7/site-packages/airflow/example_dags/example_skip_dag.py took 0.072 seconds
[2022-02-16 17:01:32,203] {processor.py:163} INFO - Started process (PID=1280) to work on /home/airflow/.local/lib/python3.7/site-packages/airflow/example_dags/example_skip_dag.py
[2022-02-16 17:01:32,211] {processor.py:642} INFO - Processing file /home/airflow/.local/lib/python3.7/site-packages/airflow/example_dags/example_skip_dag.py for tasks to queue
[2022-02-16 17:01:32,212] {logging_mixin.py:109} INFO - [2022-02-16 17:01:32,212] {dagbag.py:500} INFO - Filling up the DagBag from /home/airflow/.local/lib/python3.7/site-packages/airflow/example_dags/example_skip_dag.py
[2022-02-16 17:01:32,254] {processor.py:654} INFO - DAG(s) dict_keys(['example_skip_dag']) retrieved from /home/airflow/.local/lib/python3.7/site-packages/airflow/example_dags/example_skip_dag.py
[2022-02-16 17:01:32,272] {logging_mixin.py:109} INFO - [2022-02-16 17:01:32,272] {dag.py:2396} INFO - Sync 1 DAGs
[2022-02-16 17:01:32,294] {logging_mixin.py:109} INFO - [2022-02-16 17:01:32,294] {dag.py:2935} INFO - Setting next_dagrun for example_skip_dag to 2022-02-15T17:01:32.293623+00:00
[2022-02-16 17:01:32,316] {processor.py:171} INFO - Processing /home/airflow/.local/lib/python3.7/site-packages/airflow/example_dags/example_skip_dag.py took 0.120 seconds
[2022-02-16 17:02:02,770] {processor.py:163} INFO - Started process (PID=1458) to work on /home/airflow/.local/lib/python3.7/site-packages/airflow/example_dags/example_skip_dag.py
[2022-02-16 17:02:02,772] {processor.py:642} INFO - Processing file /home/airflow/.local/lib/python3.7/site-packages/airflow/example_dags/example_skip_dag.py for tasks to queue
[2022-02-16 17:02:02,773] {logging_mixin.py:109} INFO - [2022-02-16 17:02:02,773] {dagbag.py:500} INFO - Filling up the DagBag from /home/airflow/.local/lib/python3.7/site-packages/airflow/example_dags/example_skip_dag.py
[2022-02-16 17:02:02,809] {processor.py:654} INFO - DAG(s) dict_keys(['example_skip_dag']) retrieved from /home/airflow/.local/lib/python3.7/site-packages/airflow/example_dags/example_skip_dag.py
[2022-02-16 17:02:02,835] {logging_mixin.py:109} INFO - [2022-02-16 17:02:02,835] {dag.py:2396} INFO - Sync 1 DAGs
[2022-02-16 17:02:02,875] {logging_mixin.py:109} INFO - [2022-02-16 17:02:02,875] {dag.py:2935} INFO - Setting next_dagrun for example_skip_dag to 2022-02-15T17:02:02.875416+00:00
[2022-02-16 17:02:02,891] {processor.py:171} INFO - Processing /home/airflow/.local/lib/python3.7/site-packages/airflow/example_dags/example_skip_dag.py took 0.125 seconds
[2022-02-16 17:02:33,379] {processor.py:163} INFO - Started process (PID=1645) to work on /home/airflow/.local/lib/python3.7/site-packages/airflow/example_dags/example_skip_dag.py
[2022-02-16 17:02:33,381] {processor.py:642} INFO - Processing file /home/airflow/.local/lib/python3.7/site-packages/airflow/example_dags/example_skip_dag.py for tasks to queue
[2022-02-16 17:02:33,383] {logging_mixin.py:109} INFO - [2022-02-16 17:02:33,383] {dagbag.py:500} INFO - Filling up the DagBag from /home/airflow/.local/lib/python3.7/site-packages/airflow/example_dags/example_skip_dag.py
[2022-02-16 17:02:33,413] {processor.py:654} INFO - DAG(s) dict_keys(['example_skip_dag']) retrieved from /home/airflow/.local/lib/python3.7/site-packages/airflow/example_dags/example_skip_dag.py
[2022-02-16 17:02:33,424] {logging_mixin.py:109} INFO - [2022-02-16 17:02:33,424] {dag.py:2396} INFO - Sync 1 DAGs
[2022-02-16 17:02:33,442] {logging_mixin.py:109} INFO - [2022-02-16 17:02:33,442] {dag.py:2935} INFO - Setting next_dagrun for example_skip_dag to 2022-02-15T17:02:33.442171+00:00
[2022-02-16 17:02:33,452] {processor.py:171} INFO - Processing /home/airflow/.local/lib/python3.7/site-packages/airflow/example_dags/example_skip_dag.py took 0.080 seconds
[2022-02-16 17:03:03,600] {processor.py:163} INFO - Started process (PID=1822) to work on /home/airflow/.local/lib/python3.7/site-packages/airflow/example_dags/example_skip_dag.py
[2022-02-16 17:03:03,602] {processor.py:642} INFO - Processing file /home/airflow/.local/lib/python3.7/site-packages/airflow/example_dags/example_skip_dag.py for tasks to queue
[2022-02-16 17:03:03,603] {logging_mixin.py:109} INFO - [2022-02-16 17:03:03,602] {dagbag.py:500} INFO - Filling up the DagBag from /home/airflow/.local/lib/python3.7/site-packages/airflow/example_dags/example_skip_dag.py
[2022-02-16 17:03:03,641] {processor.py:654} INFO - DAG(s) dict_keys(['example_skip_dag']) retrieved from /home/airflow/.local/lib/python3.7/site-packages/airflow/example_dags/example_skip_dag.py
[2022-02-16 17:03:03,653] {logging_mixin.py:109} INFO - [2022-02-16 17:03:03,653] {dag.py:2396} INFO - Sync 1 DAGs
[2022-02-16 17:03:03,674] {logging_mixin.py:109} INFO - [2022-02-16 17:03:03,674] {dag.py:2935} INFO - Setting next_dagrun for example_skip_dag to 2022-02-15T17:03:03.674419+00:00
[2022-02-16 17:03:03,684] {processor.py:171} INFO - Processing /home/airflow/.local/lib/python3.7/site-packages/airflow/example_dags/example_skip_dag.py took 0.088 seconds
[2022-02-16 17:03:33,813] {processor.py:163} INFO - Started process (PID=2004) to work on /home/airflow/.local/lib/python3.7/site-packages/airflow/example_dags/example_skip_dag.py
[2022-02-16 17:03:33,814] {processor.py:642} INFO - Processing file /home/airflow/.local/lib/python3.7/site-packages/airflow/example_dags/example_skip_dag.py for tasks to queue
[2022-02-16 17:03:33,815] {logging_mixin.py:109} INFO - [2022-02-16 17:03:33,815] {dagbag.py:500} INFO - Filling up the DagBag from /home/airflow/.local/lib/python3.7/site-packages/airflow/example_dags/example_skip_dag.py
[2022-02-16 17:03:33,845] {processor.py:654} INFO - DAG(s) dict_keys(['example_skip_dag']) retrieved from /home/airflow/.local/lib/python3.7/site-packages/airflow/example_dags/example_skip_dag.py
[2022-02-16 17:03:33,857] {logging_mixin.py:109} INFO - [2022-02-16 17:03:33,857] {dag.py:2396} INFO - Sync 1 DAGs
[2022-02-16 17:03:33,875] {logging_mixin.py:109} INFO - [2022-02-16 17:03:33,875] {dag.py:2935} INFO - Setting next_dagrun for example_skip_dag to 2022-02-15T17:03:33.874951+00:00
[2022-02-16 17:03:33,885] {processor.py:171} INFO - Processing /home/airflow/.local/lib/python3.7/site-packages/airflow/example_dags/example_skip_dag.py took 0.076 seconds
[2022-02-16 17:04:04,527] {processor.py:163} INFO - Started process (PID=2189) to work on /home/airflow/.local/lib/python3.7/site-packages/airflow/example_dags/example_skip_dag.py
[2022-02-16 17:04:04,528] {processor.py:642} INFO - Processing file /home/airflow/.local/lib/python3.7/site-packages/airflow/example_dags/example_skip_dag.py for tasks to queue
[2022-02-16 17:04:04,529] {logging_mixin.py:109} INFO - [2022-02-16 17:04:04,529] {dagbag.py:500} INFO - Filling up the DagBag from /home/airflow/.local/lib/python3.7/site-packages/airflow/example_dags/example_skip_dag.py
[2022-02-16 17:04:04,564] {processor.py:654} INFO - DAG(s) dict_keys(['example_skip_dag']) retrieved from /home/airflow/.local/lib/python3.7/site-packages/airflow/example_dags/example_skip_dag.py
[2022-02-16 17:04:04,578] {logging_mixin.py:109} INFO - [2022-02-16 17:04:04,578] {dag.py:2396} INFO - Sync 1 DAGs
[2022-02-16 17:04:04,597] {logging_mixin.py:109} INFO - [2022-02-16 17:04:04,597] {dag.py:2935} INFO - Setting next_dagrun for example_skip_dag to 2022-02-15T17:04:04.597042+00:00
[2022-02-16 17:04:04,608] {processor.py:171} INFO - Processing /home/airflow/.local/lib/python3.7/site-packages/airflow/example_dags/example_skip_dag.py took 0.085 seconds
[2022-02-16 17:04:35,319] {processor.py:163} INFO - Started process (PID=2392) to work on /home/airflow/.local/lib/python3.7/site-packages/airflow/example_dags/example_skip_dag.py
[2022-02-16 17:04:35,322] {processor.py:642} INFO - Processing file /home/airflow/.local/lib/python3.7/site-packages/airflow/example_dags/example_skip_dag.py for tasks to queue
[2022-02-16 17:04:35,323] {logging_mixin.py:109} INFO - [2022-02-16 17:04:35,323] {dagbag.py:500} INFO - Filling up the DagBag from /home/airflow/.local/lib/python3.7/site-packages/airflow/example_dags/example_skip_dag.py
[2022-02-16 17:04:35,415] {processor.py:654} INFO - DAG(s) dict_keys(['example_skip_dag']) retrieved from /home/airflow/.local/lib/python3.7/site-packages/airflow/example_dags/example_skip_dag.py
[2022-02-16 17:04:35,431] {logging_mixin.py:109} INFO - [2022-02-16 17:04:35,431] {dag.py:2396} INFO - Sync 1 DAGs
[2022-02-16 17:04:35,460] {logging_mixin.py:109} INFO - [2022-02-16 17:04:35,460] {dag.py:2935} INFO - Setting next_dagrun for example_skip_dag to 2022-02-15T17:04:35.460029+00:00
[2022-02-16 17:04:35,481] {processor.py:171} INFO - Processing /home/airflow/.local/lib/python3.7/site-packages/airflow/example_dags/example_skip_dag.py took 0.193 seconds
[2022-02-16 17:05:05,628] {processor.py:163} INFO - Started process (PID=2580) to work on /home/airflow/.local/lib/python3.7/site-packages/airflow/example_dags/example_skip_dag.py
[2022-02-16 17:05:05,635] {processor.py:642} INFO - Processing file /home/airflow/.local/lib/python3.7/site-packages/airflow/example_dags/example_skip_dag.py for tasks to queue
[2022-02-16 17:05:05,636] {logging_mixin.py:109} INFO - [2022-02-16 17:05:05,636] {dagbag.py:500} INFO - Filling up the DagBag from /home/airflow/.local/lib/python3.7/site-packages/airflow/example_dags/example_skip_dag.py
[2022-02-16 17:05:05,828] {processor.py:654} INFO - DAG(s) dict_keys(['example_skip_dag']) retrieved from /home/airflow/.local/lib/python3.7/site-packages/airflow/example_dags/example_skip_dag.py
[2022-02-16 17:05:05,844] {logging_mixin.py:109} INFO - [2022-02-16 17:05:05,844] {dag.py:2396} INFO - Sync 1 DAGs
[2022-02-16 17:05:05,869] {logging_mixin.py:109} INFO - [2022-02-16 17:05:05,869] {dag.py:2935} INFO - Setting next_dagrun for example_skip_dag to 2022-02-15T17:05:05.869265+00:00
[2022-02-16 17:05:05,885] {processor.py:171} INFO - Processing /home/airflow/.local/lib/python3.7/site-packages/airflow/example_dags/example_skip_dag.py took 0.275 seconds
[2022-02-16 17:05:35,996] {processor.py:163} INFO - Started process (PID=2764) to work on /home/airflow/.local/lib/python3.7/site-packages/airflow/example_dags/example_skip_dag.py
[2022-02-16 17:05:35,997] {processor.py:642} INFO - Processing file /home/airflow/.local/lib/python3.7/site-packages/airflow/example_dags/example_skip_dag.py for tasks to queue
[2022-02-16 17:05:35,998] {logging_mixin.py:109} INFO - [2022-02-16 17:05:35,997] {dagbag.py:500} INFO - Filling up the DagBag from /home/airflow/.local/lib/python3.7/site-packages/airflow/example_dags/example_skip_dag.py
[2022-02-16 17:05:36,045] {processor.py:654} INFO - DAG(s) dict_keys(['example_skip_dag']) retrieved from /home/airflow/.local/lib/python3.7/site-packages/airflow/example_dags/example_skip_dag.py
[2022-02-16 17:05:36,085] {logging_mixin.py:109} INFO - [2022-02-16 17:05:36,085] {dag.py:2396} INFO - Sync 1 DAGs
[2022-02-16 17:05:36,132] {logging_mixin.py:109} INFO - [2022-02-16 17:05:36,131] {dag.py:2935} INFO - Setting next_dagrun for example_skip_dag to 2022-02-15T17:05:36.131572+00:00
[2022-02-16 17:05:36,188] {processor.py:171} INFO - Processing /home/airflow/.local/lib/python3.7/site-packages/airflow/example_dags/example_skip_dag.py took 0.196 seconds
[2022-02-16 17:06:06,272] {processor.py:163} INFO - Started process (PID=2948) to work on /home/airflow/.local/lib/python3.7/site-packages/airflow/example_dags/example_skip_dag.py
[2022-02-16 17:06:06,274] {processor.py:642} INFO - Processing file /home/airflow/.local/lib/python3.7/site-packages/airflow/example_dags/example_skip_dag.py for tasks to queue
[2022-02-16 17:06:06,274] {logging_mixin.py:109} INFO - [2022-02-16 17:06:06,274] {dagbag.py:500} INFO - Filling up the DagBag from /home/airflow/.local/lib/python3.7/site-packages/airflow/example_dags/example_skip_dag.py
[2022-02-16 17:06:06,306] {processor.py:654} INFO - DAG(s) dict_keys(['example_skip_dag']) retrieved from /home/airflow/.local/lib/python3.7/site-packages/airflow/example_dags/example_skip_dag.py
[2022-02-16 17:06:06,319] {logging_mixin.py:109} INFO - [2022-02-16 17:06:06,319] {dag.py:2396} INFO - Sync 1 DAGs
[2022-02-16 17:06:06,337] {logging_mixin.py:109} INFO - [2022-02-16 17:06:06,337] {dag.py:2935} INFO - Setting next_dagrun for example_skip_dag to 2022-02-15T17:06:06.337282+00:00
[2022-02-16 17:06:06,348] {processor.py:171} INFO - Processing /home/airflow/.local/lib/python3.7/site-packages/airflow/example_dags/example_skip_dag.py took 0.080 seconds
[2022-02-16 17:06:36,758] {processor.py:163} INFO - Started process (PID=3142) to work on /home/airflow/.local/lib/python3.7/site-packages/airflow/example_dags/example_skip_dag.py
[2022-02-16 17:06:36,760] {processor.py:642} INFO - Processing file /home/airflow/.local/lib/python3.7/site-packages/airflow/example_dags/example_skip_dag.py for tasks to queue
[2022-02-16 17:06:36,761] {logging_mixin.py:109} INFO - [2022-02-16 17:06:36,760] {dagbag.py:500} INFO - Filling up the DagBag from /home/airflow/.local/lib/python3.7/site-packages/airflow/example_dags/example_skip_dag.py
[2022-02-16 17:06:36,817] {processor.py:654} INFO - DAG(s) dict_keys(['example_skip_dag']) retrieved from /home/airflow/.local/lib/python3.7/site-packages/airflow/example_dags/example_skip_dag.py
[2022-02-16 17:06:36,830] {logging_mixin.py:109} INFO - [2022-02-16 17:06:36,830] {dag.py:2396} INFO - Sync 1 DAGs
[2022-02-16 17:06:36,850] {logging_mixin.py:109} INFO - [2022-02-16 17:06:36,850] {dag.py:2935} INFO - Setting next_dagrun for example_skip_dag to 2022-02-15T17:06:36.850067+00:00
[2022-02-16 17:06:36,862] {processor.py:171} INFO - Processing /home/airflow/.local/lib/python3.7/site-packages/airflow/example_dags/example_skip_dag.py took 0.110 seconds
[2022-02-16 17:07:07,520] {processor.py:163} INFO - Started process (PID=3325) to work on /home/airflow/.local/lib/python3.7/site-packages/airflow/example_dags/example_skip_dag.py
[2022-02-16 17:07:07,522] {processor.py:642} INFO - Processing file /home/airflow/.local/lib/python3.7/site-packages/airflow/example_dags/example_skip_dag.py for tasks to queue
[2022-02-16 17:07:07,523] {logging_mixin.py:109} INFO - [2022-02-16 17:07:07,523] {dagbag.py:500} INFO - Filling up the DagBag from /home/airflow/.local/lib/python3.7/site-packages/airflow/example_dags/example_skip_dag.py
[2022-02-16 17:07:07,552] {processor.py:654} INFO - DAG(s) dict_keys(['example_skip_dag']) retrieved from /home/airflow/.local/lib/python3.7/site-packages/airflow/example_dags/example_skip_dag.py
[2022-02-16 17:07:07,564] {logging_mixin.py:109} INFO - [2022-02-16 17:07:07,564] {dag.py:2396} INFO - Sync 1 DAGs
[2022-02-16 17:07:07,581] {logging_mixin.py:109} INFO - [2022-02-16 17:07:07,581] {dag.py:2935} INFO - Setting next_dagrun for example_skip_dag to 2022-02-15T17:07:07.581419+00:00
[2022-02-16 17:07:07,592] {processor.py:171} INFO - Processing /home/airflow/.local/lib/python3.7/site-packages/airflow/example_dags/example_skip_dag.py took 0.076 seconds
[2022-02-16 17:07:37,761] {processor.py:163} INFO - Started process (PID=3510) to work on /home/airflow/.local/lib/python3.7/site-packages/airflow/example_dags/example_skip_dag.py
[2022-02-16 17:07:37,763] {processor.py:642} INFO - Processing file /home/airflow/.local/lib/python3.7/site-packages/airflow/example_dags/example_skip_dag.py for tasks to queue
[2022-02-16 17:07:37,764] {logging_mixin.py:109} INFO - [2022-02-16 17:07:37,763] {dagbag.py:500} INFO - Filling up the DagBag from /home/airflow/.local/lib/python3.7/site-packages/airflow/example_dags/example_skip_dag.py
[2022-02-16 17:07:37,794] {processor.py:654} INFO - DAG(s) dict_keys(['example_skip_dag']) retrieved from /home/airflow/.local/lib/python3.7/site-packages/airflow/example_dags/example_skip_dag.py
[2022-02-16 17:07:37,807] {logging_mixin.py:109} INFO - [2022-02-16 17:07:37,807] {dag.py:2396} INFO - Sync 1 DAGs
[2022-02-16 17:07:37,832] {logging_mixin.py:109} INFO - [2022-02-16 17:07:37,832] {dag.py:2935} INFO - Setting next_dagrun for example_skip_dag to 2022-02-15T17:07:37.831681+00:00
[2022-02-16 17:07:37,847] {processor.py:171} INFO - Processing /home/airflow/.local/lib/python3.7/site-packages/airflow/example_dags/example_skip_dag.py took 0.090 seconds
[2022-02-16 17:08:08,439] {processor.py:163} INFO - Started process (PID=3695) to work on /home/airflow/.local/lib/python3.7/site-packages/airflow/example_dags/example_skip_dag.py
[2022-02-16 17:08:08,440] {processor.py:642} INFO - Processing file /home/airflow/.local/lib/python3.7/site-packages/airflow/example_dags/example_skip_dag.py for tasks to queue
[2022-02-16 17:08:08,441] {logging_mixin.py:109} INFO - [2022-02-16 17:08:08,441] {dagbag.py:500} INFO - Filling up the DagBag from /home/airflow/.local/lib/python3.7/site-packages/airflow/example_dags/example_skip_dag.py
[2022-02-16 17:08:08,471] {processor.py:654} INFO - DAG(s) dict_keys(['example_skip_dag']) retrieved from /home/airflow/.local/lib/python3.7/site-packages/airflow/example_dags/example_skip_dag.py
[2022-02-16 17:08:08,484] {logging_mixin.py:109} INFO - [2022-02-16 17:08:08,484] {dag.py:2396} INFO - Sync 1 DAGs
[2022-02-16 17:08:08,502] {logging_mixin.py:109} INFO - [2022-02-16 17:08:08,502] {dag.py:2935} INFO - Setting next_dagrun for example_skip_dag to 2022-02-15T17:08:08.501749+00:00
[2022-02-16 17:08:08,513] {processor.py:171} INFO - Processing /home/airflow/.local/lib/python3.7/site-packages/airflow/example_dags/example_skip_dag.py took 0.078 seconds
[2022-02-16 17:08:39,349] {processor.py:163} INFO - Started process (PID=3886) to work on /home/airflow/.local/lib/python3.7/site-packages/airflow/example_dags/example_skip_dag.py
[2022-02-16 17:08:39,350] {processor.py:642} INFO - Processing file /home/airflow/.local/lib/python3.7/site-packages/airflow/example_dags/example_skip_dag.py for tasks to queue
[2022-02-16 17:08:39,351] {logging_mixin.py:109} INFO - [2022-02-16 17:08:39,351] {dagbag.py:500} INFO - Filling up the DagBag from /home/airflow/.local/lib/python3.7/site-packages/airflow/example_dags/example_skip_dag.py
[2022-02-16 17:08:39,453] {processor.py:654} INFO - DAG(s) dict_keys(['example_skip_dag']) retrieved from /home/airflow/.local/lib/python3.7/site-packages/airflow/example_dags/example_skip_dag.py
[2022-02-16 17:08:39,496] {logging_mixin.py:109} INFO - [2022-02-16 17:08:39,496] {dag.py:2396} INFO - Sync 1 DAGs
[2022-02-16 17:08:39,544] {logging_mixin.py:109} INFO - [2022-02-16 17:08:39,544] {dag.py:2935} INFO - Setting next_dagrun for example_skip_dag to 2022-02-15T17:08:39.544177+00:00
[2022-02-16 17:08:39,578] {processor.py:171} INFO - Processing /home/airflow/.local/lib/python3.7/site-packages/airflow/example_dags/example_skip_dag.py took 0.246 seconds
[2022-02-16 17:09:09,657] {processor.py:163} INFO - Started process (PID=4072) to work on /home/airflow/.local/lib/python3.7/site-packages/airflow/example_dags/example_skip_dag.py
[2022-02-16 17:09:09,665] {processor.py:642} INFO - Processing file /home/airflow/.local/lib/python3.7/site-packages/airflow/example_dags/example_skip_dag.py for tasks to queue
[2022-02-16 17:09:09,666] {logging_mixin.py:109} INFO - [2022-02-16 17:09:09,666] {dagbag.py:500} INFO - Filling up the DagBag from /home/airflow/.local/lib/python3.7/site-packages/airflow/example_dags/example_skip_dag.py
[2022-02-16 17:09:09,727] {processor.py:654} INFO - DAG(s) dict_keys(['example_skip_dag']) retrieved from /home/airflow/.local/lib/python3.7/site-packages/airflow/example_dags/example_skip_dag.py
[2022-02-16 17:09:09,746] {logging_mixin.py:109} INFO - [2022-02-16 17:09:09,746] {dag.py:2396} INFO - Sync 1 DAGs
[2022-02-16 17:09:09,775] {logging_mixin.py:109} INFO - [2022-02-16 17:09:09,775] {dag.py:2935} INFO - Setting next_dagrun for example_skip_dag to 2022-02-15T17:09:09.775041+00:00
[2022-02-16 17:09:09,788] {processor.py:171} INFO - Processing /home/airflow/.local/lib/python3.7/site-packages/airflow/example_dags/example_skip_dag.py took 0.142 seconds
[2022-02-16 17:09:39,904] {processor.py:163} INFO - Started process (PID=4251) to work on /home/airflow/.local/lib/python3.7/site-packages/airflow/example_dags/example_skip_dag.py
[2022-02-16 17:09:39,905] {processor.py:642} INFO - Processing file /home/airflow/.local/lib/python3.7/site-packages/airflow/example_dags/example_skip_dag.py for tasks to queue
[2022-02-16 17:09:39,906] {logging_mixin.py:109} INFO - [2022-02-16 17:09:39,906] {dagbag.py:500} INFO - Filling up the DagBag from /home/airflow/.local/lib/python3.7/site-packages/airflow/example_dags/example_skip_dag.py
[2022-02-16 17:09:39,959] {processor.py:654} INFO - DAG(s) dict_keys(['example_skip_dag']) retrieved from /home/airflow/.local/lib/python3.7/site-packages/airflow/example_dags/example_skip_dag.py
[2022-02-16 17:09:39,991] {logging_mixin.py:109} INFO - [2022-02-16 17:09:39,991] {dag.py:2396} INFO - Sync 1 DAGs
[2022-02-16 17:09:40,019] {logging_mixin.py:109} INFO - [2022-02-16 17:09:40,019] {dag.py:2935} INFO - Setting next_dagrun for example_skip_dag to 2022-02-15T17:09:40.018842+00:00
[2022-02-16 17:09:40,036] {processor.py:171} INFO - Processing /home/airflow/.local/lib/python3.7/site-packages/airflow/example_dags/example_skip_dag.py took 0.139 seconds
[2022-02-16 17:10:10,285] {processor.py:163} INFO - Started process (PID=4432) to work on /home/airflow/.local/lib/python3.7/site-packages/airflow/example_dags/example_skip_dag.py
[2022-02-16 17:10:10,287] {processor.py:642} INFO - Processing file /home/airflow/.local/lib/python3.7/site-packages/airflow/example_dags/example_skip_dag.py for tasks to queue
[2022-02-16 17:10:10,287] {logging_mixin.py:109} INFO - [2022-02-16 17:10:10,287] {dagbag.py:500} INFO - Filling up the DagBag from /home/airflow/.local/lib/python3.7/site-packages/airflow/example_dags/example_skip_dag.py
[2022-02-16 17:10:10,318] {processor.py:654} INFO - DAG(s) dict_keys(['example_skip_dag']) retrieved from /home/airflow/.local/lib/python3.7/site-packages/airflow/example_dags/example_skip_dag.py
[2022-02-16 17:10:10,330] {logging_mixin.py:109} INFO - [2022-02-16 17:10:10,330] {dag.py:2396} INFO - Sync 1 DAGs
[2022-02-16 17:10:10,348] {logging_mixin.py:109} INFO - [2022-02-16 17:10:10,348] {dag.py:2935} INFO - Setting next_dagrun for example_skip_dag to 2022-02-15T17:10:10.348432+00:00
[2022-02-16 17:10:10,359] {processor.py:171} INFO - Processing /home/airflow/.local/lib/python3.7/site-packages/airflow/example_dags/example_skip_dag.py took 0.077 seconds
[2022-02-16 17:10:41,128] {processor.py:163} INFO - Started process (PID=4633) to work on /home/airflow/.local/lib/python3.7/site-packages/airflow/example_dags/example_skip_dag.py
[2022-02-16 17:10:41,129] {processor.py:642} INFO - Processing file /home/airflow/.local/lib/python3.7/site-packages/airflow/example_dags/example_skip_dag.py for tasks to queue
[2022-02-16 17:10:41,130] {logging_mixin.py:109} INFO - [2022-02-16 17:10:41,130] {dagbag.py:500} INFO - Filling up the DagBag from /home/airflow/.local/lib/python3.7/site-packages/airflow/example_dags/example_skip_dag.py
[2022-02-16 17:10:41,198] {processor.py:654} INFO - DAG(s) dict_keys(['example_skip_dag']) retrieved from /home/airflow/.local/lib/python3.7/site-packages/airflow/example_dags/example_skip_dag.py
[2022-02-16 17:10:41,238] {logging_mixin.py:109} INFO - [2022-02-16 17:10:41,237] {dag.py:2396} INFO - Sync 1 DAGs
[2022-02-16 17:10:41,291] {logging_mixin.py:109} INFO - [2022-02-16 17:10:41,291] {dag.py:2935} INFO - Setting next_dagrun for example_skip_dag to 2022-02-15T17:10:41.290877+00:00
[2022-02-16 17:10:41,332] {processor.py:171} INFO - Processing /home/airflow/.local/lib/python3.7/site-packages/airflow/example_dags/example_skip_dag.py took 0.220 seconds
[2022-02-16 17:11:11,526] {processor.py:163} INFO - Started process (PID=4813) to work on /home/airflow/.local/lib/python3.7/site-packages/airflow/example_dags/example_skip_dag.py
[2022-02-16 17:11:11,528] {processor.py:642} INFO - Processing file /home/airflow/.local/lib/python3.7/site-packages/airflow/example_dags/example_skip_dag.py for tasks to queue
[2022-02-16 17:11:11,529] {logging_mixin.py:109} INFO - [2022-02-16 17:11:11,529] {dagbag.py:500} INFO - Filling up the DagBag from /home/airflow/.local/lib/python3.7/site-packages/airflow/example_dags/example_skip_dag.py
[2022-02-16 17:11:11,568] {processor.py:654} INFO - DAG(s) dict_keys(['example_skip_dag']) retrieved from /home/airflow/.local/lib/python3.7/site-packages/airflow/example_dags/example_skip_dag.py
[2022-02-16 17:11:11,588] {logging_mixin.py:109} INFO - [2022-02-16 17:11:11,588] {dag.py:2396} INFO - Sync 1 DAGs
[2022-02-16 17:11:11,623] {logging_mixin.py:109} INFO - [2022-02-16 17:11:11,623] {dag.py:2935} INFO - Setting next_dagrun for example_skip_dag to 2022-02-15T17:11:11.623079+00:00
[2022-02-16 17:11:11,641] {processor.py:171} INFO - Processing /home/airflow/.local/lib/python3.7/site-packages/airflow/example_dags/example_skip_dag.py took 0.121 seconds
[2022-02-16 17:11:41,719] {processor.py:163} INFO - Started process (PID=4993) to work on /home/airflow/.local/lib/python3.7/site-packages/airflow/example_dags/example_skip_dag.py
[2022-02-16 17:11:41,720] {processor.py:642} INFO - Processing file /home/airflow/.local/lib/python3.7/site-packages/airflow/example_dags/example_skip_dag.py for tasks to queue
[2022-02-16 17:11:41,721] {logging_mixin.py:109} INFO - [2022-02-16 17:11:41,721] {dagbag.py:500} INFO - Filling up the DagBag from /home/airflow/.local/lib/python3.7/site-packages/airflow/example_dags/example_skip_dag.py
[2022-02-16 17:11:41,752] {processor.py:654} INFO - DAG(s) dict_keys(['example_skip_dag']) retrieved from /home/airflow/.local/lib/python3.7/site-packages/airflow/example_dags/example_skip_dag.py
[2022-02-16 17:11:41,765] {logging_mixin.py:109} INFO - [2022-02-16 17:11:41,765] {dag.py:2396} INFO - Sync 1 DAGs
[2022-02-16 17:11:41,784] {logging_mixin.py:109} INFO - [2022-02-16 17:11:41,784] {dag.py:2935} INFO - Setting next_dagrun for example_skip_dag to 2022-02-15T17:11:41.783946+00:00
[2022-02-16 17:11:41,796] {processor.py:171} INFO - Processing /home/airflow/.local/lib/python3.7/site-packages/airflow/example_dags/example_skip_dag.py took 0.080 seconds
[2022-02-16 17:12:12,274] {processor.py:163} INFO - Started process (PID=5185) to work on /home/airflow/.local/lib/python3.7/site-packages/airflow/example_dags/example_skip_dag.py
[2022-02-16 17:12:12,276] {processor.py:642} INFO - Processing file /home/airflow/.local/lib/python3.7/site-packages/airflow/example_dags/example_skip_dag.py for tasks to queue
[2022-02-16 17:12:12,276] {logging_mixin.py:109} INFO - [2022-02-16 17:12:12,276] {dagbag.py:500} INFO - Filling up the DagBag from /home/airflow/.local/lib/python3.7/site-packages/airflow/example_dags/example_skip_dag.py
[2022-02-16 17:12:12,331] {processor.py:654} INFO - DAG(s) dict_keys(['example_skip_dag']) retrieved from /home/airflow/.local/lib/python3.7/site-packages/airflow/example_dags/example_skip_dag.py
[2022-02-16 17:12:12,350] {logging_mixin.py:109} INFO - [2022-02-16 17:12:12,350] {dag.py:2396} INFO - Sync 1 DAGs
[2022-02-16 17:12:12,384] {logging_mixin.py:109} INFO - [2022-02-16 17:12:12,383] {dag.py:2935} INFO - Setting next_dagrun for example_skip_dag to 2022-02-15T17:12:12.383513+00:00
[2022-02-16 17:12:12,403] {processor.py:171} INFO - Processing /home/airflow/.local/lib/python3.7/site-packages/airflow/example_dags/example_skip_dag.py took 0.132 seconds
[2022-02-16 17:12:42,929] {processor.py:163} INFO - Started process (PID=5382) to work on /home/airflow/.local/lib/python3.7/site-packages/airflow/example_dags/example_skip_dag.py
[2022-02-16 17:12:42,938] {processor.py:642} INFO - Processing file /home/airflow/.local/lib/python3.7/site-packages/airflow/example_dags/example_skip_dag.py for tasks to queue
[2022-02-16 17:12:42,938] {logging_mixin.py:109} INFO - [2022-02-16 17:12:42,938] {dagbag.py:500} INFO - Filling up the DagBag from /home/airflow/.local/lib/python3.7/site-packages/airflow/example_dags/example_skip_dag.py
[2022-02-16 17:12:42,996] {processor.py:654} INFO - DAG(s) dict_keys(['example_skip_dag']) retrieved from /home/airflow/.local/lib/python3.7/site-packages/airflow/example_dags/example_skip_dag.py
[2022-02-16 17:12:43,008] {logging_mixin.py:109} INFO - [2022-02-16 17:12:43,008] {dag.py:2396} INFO - Sync 1 DAGs
[2022-02-16 17:12:43,027] {logging_mixin.py:109} INFO - [2022-02-16 17:12:43,027] {dag.py:2935} INFO - Setting next_dagrun for example_skip_dag to 2022-02-15T17:12:43.026832+00:00
[2022-02-16 17:12:43,043] {processor.py:171} INFO - Processing /home/airflow/.local/lib/python3.7/site-packages/airflow/example_dags/example_skip_dag.py took 0.118 seconds
[2022-02-16 17:13:13,105] {processor.py:163} INFO - Started process (PID=5581) to work on /home/airflow/.local/lib/python3.7/site-packages/airflow/example_dags/example_skip_dag.py
[2022-02-16 17:13:13,107] {processor.py:642} INFO - Processing file /home/airflow/.local/lib/python3.7/site-packages/airflow/example_dags/example_skip_dag.py for tasks to queue
[2022-02-16 17:13:13,107] {logging_mixin.py:109} INFO - [2022-02-16 17:13:13,107] {dagbag.py:500} INFO - Filling up the DagBag from /home/airflow/.local/lib/python3.7/site-packages/airflow/example_dags/example_skip_dag.py
[2022-02-16 17:13:13,157] {processor.py:654} INFO - DAG(s) dict_keys(['example_skip_dag']) retrieved from /home/airflow/.local/lib/python3.7/site-packages/airflow/example_dags/example_skip_dag.py
[2022-02-16 17:13:13,176] {logging_mixin.py:109} INFO - [2022-02-16 17:13:13,176] {dag.py:2396} INFO - Sync 1 DAGs
[2022-02-16 17:13:13,194] {logging_mixin.py:109} INFO - [2022-02-16 17:13:13,194] {dag.py:2935} INFO - Setting next_dagrun for example_skip_dag to 2022-02-15T17:13:13.193816+00:00
[2022-02-16 17:13:13,203] {processor.py:171} INFO - Processing /home/airflow/.local/lib/python3.7/site-packages/airflow/example_dags/example_skip_dag.py took 0.102 seconds
[2022-02-16 17:13:43,296] {processor.py:163} INFO - Started process (PID=5777) to work on /home/airflow/.local/lib/python3.7/site-packages/airflow/example_dags/example_skip_dag.py
[2022-02-16 17:13:43,297] {processor.py:642} INFO - Processing file /home/airflow/.local/lib/python3.7/site-packages/airflow/example_dags/example_skip_dag.py for tasks to queue
[2022-02-16 17:13:43,299] {logging_mixin.py:109} INFO - [2022-02-16 17:13:43,299] {dagbag.py:500} INFO - Filling up the DagBag from /home/airflow/.local/lib/python3.7/site-packages/airflow/example_dags/example_skip_dag.py
[2022-02-16 17:13:43,331] {processor.py:654} INFO - DAG(s) dict_keys(['example_skip_dag']) retrieved from /home/airflow/.local/lib/python3.7/site-packages/airflow/example_dags/example_skip_dag.py
[2022-02-16 17:13:43,343] {logging_mixin.py:109} INFO - [2022-02-16 17:13:43,343] {dag.py:2396} INFO - Sync 1 DAGs
[2022-02-16 17:13:43,362] {logging_mixin.py:109} INFO - [2022-02-16 17:13:43,362] {dag.py:2935} INFO - Setting next_dagrun for example_skip_dag to 2022-02-15T17:13:43.361907+00:00
[2022-02-16 17:13:43,376] {processor.py:171} INFO - Processing /home/airflow/.local/lib/python3.7/site-packages/airflow/example_dags/example_skip_dag.py took 0.084 seconds
[2022-02-16 17:14:14,066] {processor.py:163} INFO - Started process (PID=5963) to work on /home/airflow/.local/lib/python3.7/site-packages/airflow/example_dags/example_skip_dag.py
[2022-02-16 17:14:14,068] {processor.py:642} INFO - Processing file /home/airflow/.local/lib/python3.7/site-packages/airflow/example_dags/example_skip_dag.py for tasks to queue
[2022-02-16 17:14:14,068] {logging_mixin.py:109} INFO - [2022-02-16 17:14:14,068] {dagbag.py:500} INFO - Filling up the DagBag from /home/airflow/.local/lib/python3.7/site-packages/airflow/example_dags/example_skip_dag.py
[2022-02-16 17:14:14,103] {processor.py:654} INFO - DAG(s) dict_keys(['example_skip_dag']) retrieved from /home/airflow/.local/lib/python3.7/site-packages/airflow/example_dags/example_skip_dag.py
[2022-02-16 17:14:14,118] {logging_mixin.py:109} INFO - [2022-02-16 17:14:14,118] {dag.py:2396} INFO - Sync 1 DAGs
[2022-02-16 17:14:14,138] {logging_mixin.py:109} INFO - [2022-02-16 17:14:14,138] {dag.py:2935} INFO - Setting next_dagrun for example_skip_dag to 2022-02-15T17:14:14.138347+00:00
[2022-02-16 17:14:14,156] {processor.py:171} INFO - Processing /home/airflow/.local/lib/python3.7/site-packages/airflow/example_dags/example_skip_dag.py took 0.098 seconds
[2022-02-16 17:14:44,465] {processor.py:163} INFO - Started process (PID=6167) to work on /home/airflow/.local/lib/python3.7/site-packages/airflow/example_dags/example_skip_dag.py
[2022-02-16 17:14:44,469] {processor.py:642} INFO - Processing file /home/airflow/.local/lib/python3.7/site-packages/airflow/example_dags/example_skip_dag.py for tasks to queue
[2022-02-16 17:14:44,469] {logging_mixin.py:109} INFO - [2022-02-16 17:14:44,469] {dagbag.py:500} INFO - Filling up the DagBag from /home/airflow/.local/lib/python3.7/site-packages/airflow/example_dags/example_skip_dag.py
[2022-02-16 17:14:44,514] {processor.py:654} INFO - DAG(s) dict_keys(['example_skip_dag']) retrieved from /home/airflow/.local/lib/python3.7/site-packages/airflow/example_dags/example_skip_dag.py
[2022-02-16 17:14:44,529] {logging_mixin.py:109} INFO - [2022-02-16 17:14:44,527] {dag.py:2396} INFO - Sync 1 DAGs
[2022-02-16 17:14:44,547] {logging_mixin.py:109} INFO - [2022-02-16 17:14:44,547] {dag.py:2935} INFO - Setting next_dagrun for example_skip_dag to 2022-02-15T17:14:44.546630+00:00
[2022-02-16 17:14:44,556] {processor.py:171} INFO - Processing /home/airflow/.local/lib/python3.7/site-packages/airflow/example_dags/example_skip_dag.py took 0.096 seconds
[2022-02-16 17:15:15,097] {processor.py:163} INFO - Started process (PID=6366) to work on /home/airflow/.local/lib/python3.7/site-packages/airflow/example_dags/example_skip_dag.py
[2022-02-16 17:15:15,099] {processor.py:642} INFO - Processing file /home/airflow/.local/lib/python3.7/site-packages/airflow/example_dags/example_skip_dag.py for tasks to queue
[2022-02-16 17:15:15,099] {logging_mixin.py:109} INFO - [2022-02-16 17:15:15,099] {dagbag.py:500} INFO - Filling up the DagBag from /home/airflow/.local/lib/python3.7/site-packages/airflow/example_dags/example_skip_dag.py
[2022-02-16 17:15:15,172] {processor.py:654} INFO - DAG(s) dict_keys(['example_skip_dag']) retrieved from /home/airflow/.local/lib/python3.7/site-packages/airflow/example_dags/example_skip_dag.py
[2022-02-16 17:15:15,185] {logging_mixin.py:109} INFO - [2022-02-16 17:15:15,184] {dag.py:2396} INFO - Sync 1 DAGs
[2022-02-16 17:15:15,203] {logging_mixin.py:109} INFO - [2022-02-16 17:15:15,203] {dag.py:2935} INFO - Setting next_dagrun for example_skip_dag to 2022-02-15T17:15:15.203179+00:00
[2022-02-16 17:15:15,213] {processor.py:171} INFO - Processing /home/airflow/.local/lib/python3.7/site-packages/airflow/example_dags/example_skip_dag.py took 0.120 seconds
[2022-02-16 17:15:45,417] {processor.py:163} INFO - Started process (PID=6565) to work on /home/airflow/.local/lib/python3.7/site-packages/airflow/example_dags/example_skip_dag.py
[2022-02-16 17:15:45,418] {processor.py:642} INFO - Processing file /home/airflow/.local/lib/python3.7/site-packages/airflow/example_dags/example_skip_dag.py for tasks to queue
[2022-02-16 17:15:45,419] {logging_mixin.py:109} INFO - [2022-02-16 17:15:45,419] {dagbag.py:500} INFO - Filling up the DagBag from /home/airflow/.local/lib/python3.7/site-packages/airflow/example_dags/example_skip_dag.py
[2022-02-16 17:15:45,448] {processor.py:654} INFO - DAG(s) dict_keys(['example_skip_dag']) retrieved from /home/airflow/.local/lib/python3.7/site-packages/airflow/example_dags/example_skip_dag.py
[2022-02-16 17:15:45,470] {logging_mixin.py:109} INFO - [2022-02-16 17:15:45,470] {dag.py:2396} INFO - Sync 1 DAGs
[2022-02-16 17:15:45,492] {logging_mixin.py:109} INFO - [2022-02-16 17:15:45,492] {dag.py:2935} INFO - Setting next_dagrun for example_skip_dag to 2022-02-15T17:15:45.492002+00:00
[2022-02-16 17:15:45,502] {processor.py:171} INFO - Processing /home/airflow/.local/lib/python3.7/site-packages/airflow/example_dags/example_skip_dag.py took 0.089 seconds
[2022-02-16 17:16:16,099] {processor.py:163} INFO - Started process (PID=6750) to work on /home/airflow/.local/lib/python3.7/site-packages/airflow/example_dags/example_skip_dag.py
[2022-02-16 17:16:16,100] {processor.py:642} INFO - Processing file /home/airflow/.local/lib/python3.7/site-packages/airflow/example_dags/example_skip_dag.py for tasks to queue
[2022-02-16 17:16:16,101] {logging_mixin.py:109} INFO - [2022-02-16 17:16:16,101] {dagbag.py:500} INFO - Filling up the DagBag from /home/airflow/.local/lib/python3.7/site-packages/airflow/example_dags/example_skip_dag.py
[2022-02-16 17:16:16,130] {processor.py:654} INFO - DAG(s) dict_keys(['example_skip_dag']) retrieved from /home/airflow/.local/lib/python3.7/site-packages/airflow/example_dags/example_skip_dag.py
[2022-02-16 17:16:16,142] {logging_mixin.py:109} INFO - [2022-02-16 17:16:16,142] {dag.py:2396} INFO - Sync 1 DAGs
[2022-02-16 17:16:16,159] {logging_mixin.py:109} INFO - [2022-02-16 17:16:16,159] {dag.py:2935} INFO - Setting next_dagrun for example_skip_dag to 2022-02-15T17:16:16.158882+00:00
[2022-02-16 17:16:16,168] {processor.py:171} INFO - Processing /home/airflow/.local/lib/python3.7/site-packages/airflow/example_dags/example_skip_dag.py took 0.074 seconds
[2022-02-16 17:16:47,695] {processor.py:163} INFO - Started process (PID=6950) to work on /home/airflow/.local/lib/python3.7/site-packages/airflow/example_dags/example_skip_dag.py
[2022-02-16 17:16:47,696] {processor.py:642} INFO - Processing file /home/airflow/.local/lib/python3.7/site-packages/airflow/example_dags/example_skip_dag.py for tasks to queue
[2022-02-16 17:16:47,697] {logging_mixin.py:109} INFO - [2022-02-16 17:16:47,697] {dagbag.py:500} INFO - Filling up the DagBag from /home/airflow/.local/lib/python3.7/site-packages/airflow/example_dags/example_skip_dag.py
[2022-02-16 17:16:47,728] {processor.py:654} INFO - DAG(s) dict_keys(['example_skip_dag']) retrieved from /home/airflow/.local/lib/python3.7/site-packages/airflow/example_dags/example_skip_dag.py
[2022-02-16 17:16:47,740] {logging_mixin.py:109} INFO - [2022-02-16 17:16:47,740] {dag.py:2396} INFO - Sync 1 DAGs
[2022-02-16 17:16:47,758] {logging_mixin.py:109} INFO - [2022-02-16 17:16:47,758] {dag.py:2935} INFO - Setting next_dagrun for example_skip_dag to 2022-02-15T17:16:47.757851+00:00
[2022-02-16 17:16:47,768] {processor.py:171} INFO - Processing /home/airflow/.local/lib/python3.7/site-packages/airflow/example_dags/example_skip_dag.py took 0.078 seconds
[2022-02-16 17:17:18,815] {processor.py:163} INFO - Started process (PID=7141) to work on /home/airflow/.local/lib/python3.7/site-packages/airflow/example_dags/example_skip_dag.py
[2022-02-16 17:17:18,816] {processor.py:642} INFO - Processing file /home/airflow/.local/lib/python3.7/site-packages/airflow/example_dags/example_skip_dag.py for tasks to queue
[2022-02-16 17:17:18,817] {logging_mixin.py:109} INFO - [2022-02-16 17:17:18,817] {dagbag.py:500} INFO - Filling up the DagBag from /home/airflow/.local/lib/python3.7/site-packages/airflow/example_dags/example_skip_dag.py
[2022-02-16 17:17:18,851] {processor.py:654} INFO - DAG(s) dict_keys(['example_skip_dag']) retrieved from /home/airflow/.local/lib/python3.7/site-packages/airflow/example_dags/example_skip_dag.py
[2022-02-16 17:17:18,877] {logging_mixin.py:109} INFO - [2022-02-16 17:17:18,877] {dag.py:2396} INFO - Sync 1 DAGs
[2022-02-16 17:17:18,901] {logging_mixin.py:109} INFO - [2022-02-16 17:17:18,901] {dag.py:2935} INFO - Setting next_dagrun for example_skip_dag to 2022-02-15T17:17:18.901179+00:00
[2022-02-16 17:17:18,918] {processor.py:171} INFO - Processing /home/airflow/.local/lib/python3.7/site-packages/airflow/example_dags/example_skip_dag.py took 0.108 seconds
[2022-02-16 17:17:49,889] {processor.py:163} INFO - Started process (PID=7333) to work on /home/airflow/.local/lib/python3.7/site-packages/airflow/example_dags/example_skip_dag.py
[2022-02-16 17:17:49,891] {processor.py:642} INFO - Processing file /home/airflow/.local/lib/python3.7/site-packages/airflow/example_dags/example_skip_dag.py for tasks to queue
[2022-02-16 17:17:49,891] {logging_mixin.py:109} INFO - [2022-02-16 17:17:49,891] {dagbag.py:500} INFO - Filling up the DagBag from /home/airflow/.local/lib/python3.7/site-packages/airflow/example_dags/example_skip_dag.py
[2022-02-16 17:17:49,922] {processor.py:654} INFO - DAG(s) dict_keys(['example_skip_dag']) retrieved from /home/airflow/.local/lib/python3.7/site-packages/airflow/example_dags/example_skip_dag.py
[2022-02-16 17:17:49,936] {logging_mixin.py:109} INFO - [2022-02-16 17:17:49,936] {dag.py:2396} INFO - Sync 1 DAGs
[2022-02-16 17:17:49,957] {logging_mixin.py:109} INFO - [2022-02-16 17:17:49,957] {dag.py:2935} INFO - Setting next_dagrun for example_skip_dag to 2022-02-15T17:17:49.956714+00:00
[2022-02-16 17:17:49,970] {processor.py:171} INFO - Processing /home/airflow/.local/lib/python3.7/site-packages/airflow/example_dags/example_skip_dag.py took 0.084 seconds
[2022-02-16 17:18:21,258] {processor.py:163} INFO - Started process (PID=7539) to work on /home/airflow/.local/lib/python3.7/site-packages/airflow/example_dags/example_skip_dag.py
[2022-02-16 17:18:21,259] {processor.py:642} INFO - Processing file /home/airflow/.local/lib/python3.7/site-packages/airflow/example_dags/example_skip_dag.py for tasks to queue
[2022-02-16 17:18:21,262] {logging_mixin.py:109} INFO - [2022-02-16 17:18:21,262] {dagbag.py:500} INFO - Filling up the DagBag from /home/airflow/.local/lib/python3.7/site-packages/airflow/example_dags/example_skip_dag.py
[2022-02-16 17:18:21,305] {processor.py:654} INFO - DAG(s) dict_keys(['example_skip_dag']) retrieved from /home/airflow/.local/lib/python3.7/site-packages/airflow/example_dags/example_skip_dag.py
[2022-02-16 17:18:21,317] {logging_mixin.py:109} INFO - [2022-02-16 17:18:21,317] {dag.py:2396} INFO - Sync 1 DAGs
[2022-02-16 17:18:21,338] {logging_mixin.py:109} INFO - [2022-02-16 17:18:21,338] {dag.py:2935} INFO - Setting next_dagrun for example_skip_dag to 2022-02-15T17:18:21.338247+00:00
[2022-02-16 17:18:21,350] {processor.py:171} INFO - Processing /home/airflow/.local/lib/python3.7/site-packages/airflow/example_dags/example_skip_dag.py took 0.097 seconds
[2022-02-16 17:18:51,788] {processor.py:163} INFO - Started process (PID=7728) to work on /home/airflow/.local/lib/python3.7/site-packages/airflow/example_dags/example_skip_dag.py
[2022-02-16 17:18:51,789] {processor.py:642} INFO - Processing file /home/airflow/.local/lib/python3.7/site-packages/airflow/example_dags/example_skip_dag.py for tasks to queue
[2022-02-16 17:18:51,789] {logging_mixin.py:109} INFO - [2022-02-16 17:18:51,789] {dagbag.py:500} INFO - Filling up the DagBag from /home/airflow/.local/lib/python3.7/site-packages/airflow/example_dags/example_skip_dag.py
[2022-02-16 17:18:51,818] {processor.py:654} INFO - DAG(s) dict_keys(['example_skip_dag']) retrieved from /home/airflow/.local/lib/python3.7/site-packages/airflow/example_dags/example_skip_dag.py
[2022-02-16 17:18:51,829] {logging_mixin.py:109} INFO - [2022-02-16 17:18:51,829] {dag.py:2396} INFO - Sync 1 DAGs
[2022-02-16 17:18:51,846] {logging_mixin.py:109} INFO - [2022-02-16 17:18:51,846] {dag.py:2935} INFO - Setting next_dagrun for example_skip_dag to 2022-02-15T17:18:51.846045+00:00
[2022-02-16 17:18:51,856] {processor.py:171} INFO - Processing /home/airflow/.local/lib/python3.7/site-packages/airflow/example_dags/example_skip_dag.py took 0.072 seconds
[2022-02-16 17:19:22,936] {processor.py:163} INFO - Started process (PID=7918) to work on /home/airflow/.local/lib/python3.7/site-packages/airflow/example_dags/example_skip_dag.py
[2022-02-16 17:19:22,938] {processor.py:642} INFO - Processing file /home/airflow/.local/lib/python3.7/site-packages/airflow/example_dags/example_skip_dag.py for tasks to queue
[2022-02-16 17:19:22,939] {logging_mixin.py:109} INFO - [2022-02-16 17:19:22,939] {dagbag.py:500} INFO - Filling up the DagBag from /home/airflow/.local/lib/python3.7/site-packages/airflow/example_dags/example_skip_dag.py
[2022-02-16 17:19:22,974] {processor.py:654} INFO - DAG(s) dict_keys(['example_skip_dag']) retrieved from /home/airflow/.local/lib/python3.7/site-packages/airflow/example_dags/example_skip_dag.py
[2022-02-16 17:19:22,987] {logging_mixin.py:109} INFO - [2022-02-16 17:19:22,987] {dag.py:2396} INFO - Sync 1 DAGs
[2022-02-16 17:19:23,006] {logging_mixin.py:109} INFO - [2022-02-16 17:19:23,006] {dag.py:2935} INFO - Setting next_dagrun for example_skip_dag to 2022-02-15T17:19:23.006335+00:00
[2022-02-16 17:19:23,016] {processor.py:171} INFO - Processing /home/airflow/.local/lib/python3.7/site-packages/airflow/example_dags/example_skip_dag.py took 0.087 seconds
[2022-02-16 17:19:54,548] {processor.py:163} INFO - Started process (PID=8128) to work on /home/airflow/.local/lib/python3.7/site-packages/airflow/example_dags/example_skip_dag.py
[2022-02-16 17:19:54,550] {processor.py:642} INFO - Processing file /home/airflow/.local/lib/python3.7/site-packages/airflow/example_dags/example_skip_dag.py for tasks to queue
[2022-02-16 17:19:54,555] {logging_mixin.py:109} INFO - [2022-02-16 17:19:54,555] {dagbag.py:500} INFO - Filling up the DagBag from /home/airflow/.local/lib/python3.7/site-packages/airflow/example_dags/example_skip_dag.py
[2022-02-16 17:19:54,612] {processor.py:654} INFO - DAG(s) dict_keys(['example_skip_dag']) retrieved from /home/airflow/.local/lib/python3.7/site-packages/airflow/example_dags/example_skip_dag.py
[2022-02-16 17:19:54,636] {logging_mixin.py:109} INFO - [2022-02-16 17:19:54,636] {dag.py:2396} INFO - Sync 1 DAGs
[2022-02-16 17:19:54,666] {logging_mixin.py:109} INFO - [2022-02-16 17:19:54,666] {dag.py:2935} INFO - Setting next_dagrun for example_skip_dag to 2022-02-15T17:19:54.666332+00:00
[2022-02-16 17:19:54,687] {processor.py:171} INFO - Processing /home/airflow/.local/lib/python3.7/site-packages/airflow/example_dags/example_skip_dag.py took 0.143 seconds
[2022-02-16 17:20:25,479] {processor.py:163} INFO - Started process (PID=8324) to work on /home/airflow/.local/lib/python3.7/site-packages/airflow/example_dags/example_skip_dag.py
[2022-02-16 17:20:25,480] {processor.py:642} INFO - Processing file /home/airflow/.local/lib/python3.7/site-packages/airflow/example_dags/example_skip_dag.py for tasks to queue
[2022-02-16 17:20:25,481] {logging_mixin.py:109} INFO - [2022-02-16 17:20:25,481] {dagbag.py:500} INFO - Filling up the DagBag from /home/airflow/.local/lib/python3.7/site-packages/airflow/example_dags/example_skip_dag.py
[2022-02-16 17:20:25,513] {processor.py:654} INFO - DAG(s) dict_keys(['example_skip_dag']) retrieved from /home/airflow/.local/lib/python3.7/site-packages/airflow/example_dags/example_skip_dag.py
[2022-02-16 17:20:25,526] {logging_mixin.py:109} INFO - [2022-02-16 17:20:25,526] {dag.py:2396} INFO - Sync 1 DAGs
[2022-02-16 17:20:25,546] {logging_mixin.py:109} INFO - [2022-02-16 17:20:25,546] {dag.py:2935} INFO - Setting next_dagrun for example_skip_dag to 2022-02-15T17:20:25.546147+00:00
[2022-02-16 17:20:25,556] {processor.py:171} INFO - Processing /home/airflow/.local/lib/python3.7/site-packages/airflow/example_dags/example_skip_dag.py took 0.082 seconds
[2022-02-16 17:20:55,773] {processor.py:163} INFO - Started process (PID=8517) to work on /home/airflow/.local/lib/python3.7/site-packages/airflow/example_dags/example_skip_dag.py
[2022-02-16 17:20:55,774] {processor.py:642} INFO - Processing file /home/airflow/.local/lib/python3.7/site-packages/airflow/example_dags/example_skip_dag.py for tasks to queue
[2022-02-16 17:20:55,775] {logging_mixin.py:109} INFO - [2022-02-16 17:20:55,775] {dagbag.py:500} INFO - Filling up the DagBag from /home/airflow/.local/lib/python3.7/site-packages/airflow/example_dags/example_skip_dag.py
[2022-02-16 17:20:55,804] {processor.py:654} INFO - DAG(s) dict_keys(['example_skip_dag']) retrieved from /home/airflow/.local/lib/python3.7/site-packages/airflow/example_dags/example_skip_dag.py
[2022-02-16 17:20:55,816] {logging_mixin.py:109} INFO - [2022-02-16 17:20:55,816] {dag.py:2396} INFO - Sync 1 DAGs
[2022-02-16 17:20:55,834] {logging_mixin.py:109} INFO - [2022-02-16 17:20:55,834] {dag.py:2935} INFO - Setting next_dagrun for example_skip_dag to 2022-02-15T17:20:55.834294+00:00
[2022-02-16 17:20:55,855] {processor.py:171} INFO - Processing /home/airflow/.local/lib/python3.7/site-packages/airflow/example_dags/example_skip_dag.py took 0.085 seconds
