[2022-02-16 16:58:55,635] {processor.py:163} INFO - Started process (PID=343) to work on /home/airflow/.local/lib/python3.7/site-packages/airflow/example_dags/example_time_delta_sensor_async.py
[2022-02-16 16:58:55,637] {processor.py:642} INFO - Processing file /home/airflow/.local/lib/python3.7/site-packages/airflow/example_dags/example_time_delta_sensor_async.py for tasks to queue
[2022-02-16 16:58:55,638] {logging_mixin.py:109} INFO - [2022-02-16 16:58:55,637] {dagbag.py:500} INFO - Filling up the DagBag from /home/airflow/.local/lib/python3.7/site-packages/airflow/example_dags/example_time_delta_sensor_async.py
[2022-02-16 16:58:55,711] {processor.py:654} INFO - DAG(s) dict_keys(['example_time_delta_sensor_async']) retrieved from /home/airflow/.local/lib/python3.7/site-packages/airflow/example_dags/example_time_delta_sensor_async.py
[2022-02-16 16:58:58,042] {logging_mixin.py:109} INFO - [2022-02-16 16:58:58,042] {manager.py:496} INFO - Created Permission View: can read on DAG:example_time_delta_sensor_async
[2022-02-16 16:58:58,059] {logging_mixin.py:109} INFO - [2022-02-16 16:58:58,059] {manager.py:496} INFO - Created Permission View: can edit on DAG:example_time_delta_sensor_async
[2022-02-16 16:58:58,060] {logging_mixin.py:109} INFO - [2022-02-16 16:58:58,059] {dag.py:2396} INFO - Sync 1 DAGs
[2022-02-16 16:58:58,066] {logging_mixin.py:109} INFO - [2022-02-16 16:58:58,066] {dag.py:2415} INFO - Creating ORM DAG for example_time_delta_sensor_async
[2022-02-16 16:58:58,080] {logging_mixin.py:109} INFO - [2022-02-16 16:58:58,080] {dag.py:2935} INFO - Setting next_dagrun for example_time_delta_sensor_async to None
[2022-02-16 16:58:58,099] {processor.py:171} INFO - Processing /home/airflow/.local/lib/python3.7/site-packages/airflow/example_dags/example_time_delta_sensor_async.py took 2.468 seconds
[2022-02-16 16:59:28,456] {processor.py:163} INFO - Started process (PID=551) to work on /home/airflow/.local/lib/python3.7/site-packages/airflow/example_dags/example_time_delta_sensor_async.py
[2022-02-16 16:59:28,458] {processor.py:642} INFO - Processing file /home/airflow/.local/lib/python3.7/site-packages/airflow/example_dags/example_time_delta_sensor_async.py for tasks to queue
[2022-02-16 16:59:28,459] {logging_mixin.py:109} INFO - [2022-02-16 16:59:28,459] {dagbag.py:500} INFO - Filling up the DagBag from /home/airflow/.local/lib/python3.7/site-packages/airflow/example_dags/example_time_delta_sensor_async.py
[2022-02-16 16:59:28,501] {processor.py:654} INFO - DAG(s) dict_keys(['example_time_delta_sensor_async']) retrieved from /home/airflow/.local/lib/python3.7/site-packages/airflow/example_dags/example_time_delta_sensor_async.py
[2022-02-16 16:59:28,513] {logging_mixin.py:109} INFO - [2022-02-16 16:59:28,513] {dag.py:2396} INFO - Sync 1 DAGs
[2022-02-16 16:59:28,534] {logging_mixin.py:109} INFO - [2022-02-16 16:59:28,534] {dag.py:2935} INFO - Setting next_dagrun for example_time_delta_sensor_async to None
[2022-02-16 16:59:28,547] {processor.py:171} INFO - Processing /home/airflow/.local/lib/python3.7/site-packages/airflow/example_dags/example_time_delta_sensor_async.py took 0.098 seconds
[2022-02-16 16:59:59,288] {processor.py:163} INFO - Started process (PID=731) to work on /home/airflow/.local/lib/python3.7/site-packages/airflow/example_dags/example_time_delta_sensor_async.py
[2022-02-16 16:59:59,289] {processor.py:642} INFO - Processing file /home/airflow/.local/lib/python3.7/site-packages/airflow/example_dags/example_time_delta_sensor_async.py for tasks to queue
[2022-02-16 16:59:59,289] {logging_mixin.py:109} INFO - [2022-02-16 16:59:59,289] {dagbag.py:500} INFO - Filling up the DagBag from /home/airflow/.local/lib/python3.7/site-packages/airflow/example_dags/example_time_delta_sensor_async.py
[2022-02-16 16:59:59,321] {processor.py:654} INFO - DAG(s) dict_keys(['example_time_delta_sensor_async']) retrieved from /home/airflow/.local/lib/python3.7/site-packages/airflow/example_dags/example_time_delta_sensor_async.py
[2022-02-16 16:59:59,332] {logging_mixin.py:109} INFO - [2022-02-16 16:59:59,332] {dag.py:2396} INFO - Sync 1 DAGs
[2022-02-16 16:59:59,357] {logging_mixin.py:109} INFO - [2022-02-16 16:59:59,357] {dag.py:2935} INFO - Setting next_dagrun for example_time_delta_sensor_async to None
[2022-02-16 16:59:59,368] {processor.py:171} INFO - Processing /home/airflow/.local/lib/python3.7/site-packages/airflow/example_dags/example_time_delta_sensor_async.py took 0.084 seconds
[2022-02-16 17:00:30,250] {processor.py:163} INFO - Started process (PID=912) to work on /home/airflow/.local/lib/python3.7/site-packages/airflow/example_dags/example_time_delta_sensor_async.py
[2022-02-16 17:00:30,251] {processor.py:642} INFO - Processing file /home/airflow/.local/lib/python3.7/site-packages/airflow/example_dags/example_time_delta_sensor_async.py for tasks to queue
[2022-02-16 17:00:30,252] {logging_mixin.py:109} INFO - [2022-02-16 17:00:30,252] {dagbag.py:500} INFO - Filling up the DagBag from /home/airflow/.local/lib/python3.7/site-packages/airflow/example_dags/example_time_delta_sensor_async.py
[2022-02-16 17:00:30,286] {processor.py:654} INFO - DAG(s) dict_keys(['example_time_delta_sensor_async']) retrieved from /home/airflow/.local/lib/python3.7/site-packages/airflow/example_dags/example_time_delta_sensor_async.py
[2022-02-16 17:00:30,298] {logging_mixin.py:109} INFO - [2022-02-16 17:00:30,298] {dag.py:2396} INFO - Sync 1 DAGs
[2022-02-16 17:00:30,315] {logging_mixin.py:109} INFO - [2022-02-16 17:00:30,315] {dag.py:2935} INFO - Setting next_dagrun for example_time_delta_sensor_async to None
[2022-02-16 17:00:30,327] {processor.py:171} INFO - Processing /home/airflow/.local/lib/python3.7/site-packages/airflow/example_dags/example_time_delta_sensor_async.py took 0.081 seconds
[2022-02-16 17:01:00,848] {processor.py:163} INFO - Started process (PID=1094) to work on /home/airflow/.local/lib/python3.7/site-packages/airflow/example_dags/example_time_delta_sensor_async.py
[2022-02-16 17:01:00,849] {processor.py:642} INFO - Processing file /home/airflow/.local/lib/python3.7/site-packages/airflow/example_dags/example_time_delta_sensor_async.py for tasks to queue
[2022-02-16 17:01:00,850] {logging_mixin.py:109} INFO - [2022-02-16 17:01:00,850] {dagbag.py:500} INFO - Filling up the DagBag from /home/airflow/.local/lib/python3.7/site-packages/airflow/example_dags/example_time_delta_sensor_async.py
[2022-02-16 17:01:00,879] {processor.py:654} INFO - DAG(s) dict_keys(['example_time_delta_sensor_async']) retrieved from /home/airflow/.local/lib/python3.7/site-packages/airflow/example_dags/example_time_delta_sensor_async.py
[2022-02-16 17:01:00,889] {logging_mixin.py:109} INFO - [2022-02-16 17:01:00,888] {dag.py:2396} INFO - Sync 1 DAGs
[2022-02-16 17:01:00,904] {logging_mixin.py:109} INFO - [2022-02-16 17:01:00,904] {dag.py:2935} INFO - Setting next_dagrun for example_time_delta_sensor_async to None
[2022-02-16 17:01:00,914] {processor.py:171} INFO - Processing /home/airflow/.local/lib/python3.7/site-packages/airflow/example_dags/example_time_delta_sensor_async.py took 0.069 seconds
[2022-02-16 17:01:31,193] {processor.py:163} INFO - Started process (PID=1275) to work on /home/airflow/.local/lib/python3.7/site-packages/airflow/example_dags/example_time_delta_sensor_async.py
[2022-02-16 17:01:31,195] {processor.py:642} INFO - Processing file /home/airflow/.local/lib/python3.7/site-packages/airflow/example_dags/example_time_delta_sensor_async.py for tasks to queue
[2022-02-16 17:01:31,196] {logging_mixin.py:109} INFO - [2022-02-16 17:01:31,196] {dagbag.py:500} INFO - Filling up the DagBag from /home/airflow/.local/lib/python3.7/site-packages/airflow/example_dags/example_time_delta_sensor_async.py
[2022-02-16 17:01:31,228] {processor.py:654} INFO - DAG(s) dict_keys(['example_time_delta_sensor_async']) retrieved from /home/airflow/.local/lib/python3.7/site-packages/airflow/example_dags/example_time_delta_sensor_async.py
[2022-02-16 17:01:31,239] {logging_mixin.py:109} INFO - [2022-02-16 17:01:31,239] {dag.py:2396} INFO - Sync 1 DAGs
[2022-02-16 17:01:31,258] {logging_mixin.py:109} INFO - [2022-02-16 17:01:31,258] {dag.py:2935} INFO - Setting next_dagrun for example_time_delta_sensor_async to None
[2022-02-16 17:01:31,271] {processor.py:171} INFO - Processing /home/airflow/.local/lib/python3.7/site-packages/airflow/example_dags/example_time_delta_sensor_async.py took 0.082 seconds
[2022-02-16 17:02:01,762] {processor.py:163} INFO - Started process (PID=1453) to work on /home/airflow/.local/lib/python3.7/site-packages/airflow/example_dags/example_time_delta_sensor_async.py
[2022-02-16 17:02:01,765] {processor.py:642} INFO - Processing file /home/airflow/.local/lib/python3.7/site-packages/airflow/example_dags/example_time_delta_sensor_async.py for tasks to queue
[2022-02-16 17:02:01,766] {logging_mixin.py:109} INFO - [2022-02-16 17:02:01,765] {dagbag.py:500} INFO - Filling up the DagBag from /home/airflow/.local/lib/python3.7/site-packages/airflow/example_dags/example_time_delta_sensor_async.py
[2022-02-16 17:02:01,805] {processor.py:654} INFO - DAG(s) dict_keys(['example_time_delta_sensor_async']) retrieved from /home/airflow/.local/lib/python3.7/site-packages/airflow/example_dags/example_time_delta_sensor_async.py
[2022-02-16 17:02:01,822] {logging_mixin.py:109} INFO - [2022-02-16 17:02:01,822] {dag.py:2396} INFO - Sync 1 DAGs
[2022-02-16 17:02:01,842] {logging_mixin.py:109} INFO - [2022-02-16 17:02:01,842] {dag.py:2935} INFO - Setting next_dagrun for example_time_delta_sensor_async to None
[2022-02-16 17:02:01,868] {processor.py:171} INFO - Processing /home/airflow/.local/lib/python3.7/site-packages/airflow/example_dags/example_time_delta_sensor_async.py took 0.111 seconds
[2022-02-16 17:02:32,199] {processor.py:163} INFO - Started process (PID=1628) to work on /home/airflow/.local/lib/python3.7/site-packages/airflow/example_dags/example_time_delta_sensor_async.py
[2022-02-16 17:02:32,200] {processor.py:642} INFO - Processing file /home/airflow/.local/lib/python3.7/site-packages/airflow/example_dags/example_time_delta_sensor_async.py for tasks to queue
[2022-02-16 17:02:32,201] {logging_mixin.py:109} INFO - [2022-02-16 17:02:32,201] {dagbag.py:500} INFO - Filling up the DagBag from /home/airflow/.local/lib/python3.7/site-packages/airflow/example_dags/example_time_delta_sensor_async.py
[2022-02-16 17:02:32,231] {processor.py:654} INFO - DAG(s) dict_keys(['example_time_delta_sensor_async']) retrieved from /home/airflow/.local/lib/python3.7/site-packages/airflow/example_dags/example_time_delta_sensor_async.py
[2022-02-16 17:02:32,242] {logging_mixin.py:109} INFO - [2022-02-16 17:02:32,242] {dag.py:2396} INFO - Sync 1 DAGs
[2022-02-16 17:02:32,287] {logging_mixin.py:109} INFO - [2022-02-16 17:02:32,287] {dag.py:2935} INFO - Setting next_dagrun for example_time_delta_sensor_async to None
[2022-02-16 17:02:32,311] {processor.py:171} INFO - Processing /home/airflow/.local/lib/python3.7/site-packages/airflow/example_dags/example_time_delta_sensor_async.py took 0.118 seconds
[2022-02-16 17:03:02,467] {processor.py:163} INFO - Started process (PID=1814) to work on /home/airflow/.local/lib/python3.7/site-packages/airflow/example_dags/example_time_delta_sensor_async.py
[2022-02-16 17:03:02,469] {processor.py:642} INFO - Processing file /home/airflow/.local/lib/python3.7/site-packages/airflow/example_dags/example_time_delta_sensor_async.py for tasks to queue
[2022-02-16 17:03:02,470] {logging_mixin.py:109} INFO - [2022-02-16 17:03:02,470] {dagbag.py:500} INFO - Filling up the DagBag from /home/airflow/.local/lib/python3.7/site-packages/airflow/example_dags/example_time_delta_sensor_async.py
[2022-02-16 17:03:02,512] {processor.py:654} INFO - DAG(s) dict_keys(['example_time_delta_sensor_async']) retrieved from /home/airflow/.local/lib/python3.7/site-packages/airflow/example_dags/example_time_delta_sensor_async.py
[2022-02-16 17:03:02,527] {logging_mixin.py:109} INFO - [2022-02-16 17:03:02,526] {dag.py:2396} INFO - Sync 1 DAGs
[2022-02-16 17:03:02,548] {logging_mixin.py:109} INFO - [2022-02-16 17:03:02,548] {dag.py:2935} INFO - Setting next_dagrun for example_time_delta_sensor_async to None
[2022-02-16 17:03:02,560] {processor.py:171} INFO - Processing /home/airflow/.local/lib/python3.7/site-packages/airflow/example_dags/example_time_delta_sensor_async.py took 0.097 seconds
[2022-02-16 17:03:32,805] {processor.py:163} INFO - Started process (PID=1999) to work on /home/airflow/.local/lib/python3.7/site-packages/airflow/example_dags/example_time_delta_sensor_async.py
[2022-02-16 17:03:32,807] {processor.py:642} INFO - Processing file /home/airflow/.local/lib/python3.7/site-packages/airflow/example_dags/example_time_delta_sensor_async.py for tasks to queue
[2022-02-16 17:03:32,807] {logging_mixin.py:109} INFO - [2022-02-16 17:03:32,807] {dagbag.py:500} INFO - Filling up the DagBag from /home/airflow/.local/lib/python3.7/site-packages/airflow/example_dags/example_time_delta_sensor_async.py
[2022-02-16 17:03:32,839] {processor.py:654} INFO - DAG(s) dict_keys(['example_time_delta_sensor_async']) retrieved from /home/airflow/.local/lib/python3.7/site-packages/airflow/example_dags/example_time_delta_sensor_async.py
[2022-02-16 17:03:32,851] {logging_mixin.py:109} INFO - [2022-02-16 17:03:32,850] {dag.py:2396} INFO - Sync 1 DAGs
[2022-02-16 17:03:32,868] {logging_mixin.py:109} INFO - [2022-02-16 17:03:32,868] {dag.py:2935} INFO - Setting next_dagrun for example_time_delta_sensor_async to None
[2022-02-16 17:03:32,879] {processor.py:171} INFO - Processing /home/airflow/.local/lib/python3.7/site-packages/airflow/example_dags/example_time_delta_sensor_async.py took 0.078 seconds
[2022-02-16 17:04:03,408] {processor.py:163} INFO - Started process (PID=2184) to work on /home/airflow/.local/lib/python3.7/site-packages/airflow/example_dags/example_time_delta_sensor_async.py
[2022-02-16 17:04:03,410] {processor.py:642} INFO - Processing file /home/airflow/.local/lib/python3.7/site-packages/airflow/example_dags/example_time_delta_sensor_async.py for tasks to queue
[2022-02-16 17:04:03,411] {logging_mixin.py:109} INFO - [2022-02-16 17:04:03,411] {dagbag.py:500} INFO - Filling up the DagBag from /home/airflow/.local/lib/python3.7/site-packages/airflow/example_dags/example_time_delta_sensor_async.py
[2022-02-16 17:04:03,501] {processor.py:654} INFO - DAG(s) dict_keys(['example_time_delta_sensor_async']) retrieved from /home/airflow/.local/lib/python3.7/site-packages/airflow/example_dags/example_time_delta_sensor_async.py
[2022-02-16 17:04:03,523] {logging_mixin.py:109} INFO - [2022-02-16 17:04:03,523] {dag.py:2396} INFO - Sync 1 DAGs
[2022-02-16 17:04:03,552] {logging_mixin.py:109} INFO - [2022-02-16 17:04:03,552] {dag.py:2935} INFO - Setting next_dagrun for example_time_delta_sensor_async to None
[2022-02-16 17:04:03,570] {processor.py:171} INFO - Processing /home/airflow/.local/lib/python3.7/site-packages/airflow/example_dags/example_time_delta_sensor_async.py took 0.167 seconds
[2022-02-16 17:04:34,258] {processor.py:163} INFO - Started process (PID=2386) to work on /home/airflow/.local/lib/python3.7/site-packages/airflow/example_dags/example_time_delta_sensor_async.py
[2022-02-16 17:04:34,260] {processor.py:642} INFO - Processing file /home/airflow/.local/lib/python3.7/site-packages/airflow/example_dags/example_time_delta_sensor_async.py for tasks to queue
[2022-02-16 17:04:34,261] {logging_mixin.py:109} INFO - [2022-02-16 17:04:34,260] {dagbag.py:500} INFO - Filling up the DagBag from /home/airflow/.local/lib/python3.7/site-packages/airflow/example_dags/example_time_delta_sensor_async.py
[2022-02-16 17:04:34,319] {processor.py:654} INFO - DAG(s) dict_keys(['example_time_delta_sensor_async']) retrieved from /home/airflow/.local/lib/python3.7/site-packages/airflow/example_dags/example_time_delta_sensor_async.py
[2022-02-16 17:04:34,332] {logging_mixin.py:109} INFO - [2022-02-16 17:04:34,331] {dag.py:2396} INFO - Sync 1 DAGs
[2022-02-16 17:04:34,351] {logging_mixin.py:109} INFO - [2022-02-16 17:04:34,351] {dag.py:2935} INFO - Setting next_dagrun for example_time_delta_sensor_async to None
[2022-02-16 17:04:34,374] {processor.py:171} INFO - Processing /home/airflow/.local/lib/python3.7/site-packages/airflow/example_dags/example_time_delta_sensor_async.py took 0.120 seconds
[2022-02-16 17:05:04,492] {processor.py:163} INFO - Started process (PID=2575) to work on /home/airflow/.local/lib/python3.7/site-packages/airflow/example_dags/example_time_delta_sensor_async.py
[2022-02-16 17:05:04,494] {processor.py:642} INFO - Processing file /home/airflow/.local/lib/python3.7/site-packages/airflow/example_dags/example_time_delta_sensor_async.py for tasks to queue
[2022-02-16 17:05:04,494] {logging_mixin.py:109} INFO - [2022-02-16 17:05:04,494] {dagbag.py:500} INFO - Filling up the DagBag from /home/airflow/.local/lib/python3.7/site-packages/airflow/example_dags/example_time_delta_sensor_async.py
[2022-02-16 17:05:04,592] {processor.py:654} INFO - DAG(s) dict_keys(['example_time_delta_sensor_async']) retrieved from /home/airflow/.local/lib/python3.7/site-packages/airflow/example_dags/example_time_delta_sensor_async.py
[2022-02-16 17:05:04,629] {logging_mixin.py:109} INFO - [2022-02-16 17:05:04,629] {dag.py:2396} INFO - Sync 1 DAGs
[2022-02-16 17:05:04,739] {logging_mixin.py:109} INFO - [2022-02-16 17:05:04,739] {dag.py:2935} INFO - Setting next_dagrun for example_time_delta_sensor_async to None
[2022-02-16 17:05:04,753] {processor.py:171} INFO - Processing /home/airflow/.local/lib/python3.7/site-packages/airflow/example_dags/example_time_delta_sensor_async.py took 0.267 seconds
[2022-02-16 17:05:34,894] {processor.py:163} INFO - Started process (PID=2759) to work on /home/airflow/.local/lib/python3.7/site-packages/airflow/example_dags/example_time_delta_sensor_async.py
[2022-02-16 17:05:34,895] {processor.py:642} INFO - Processing file /home/airflow/.local/lib/python3.7/site-packages/airflow/example_dags/example_time_delta_sensor_async.py for tasks to queue
[2022-02-16 17:05:34,896] {logging_mixin.py:109} INFO - [2022-02-16 17:05:34,896] {dagbag.py:500} INFO - Filling up the DagBag from /home/airflow/.local/lib/python3.7/site-packages/airflow/example_dags/example_time_delta_sensor_async.py
[2022-02-16 17:05:34,929] {processor.py:654} INFO - DAG(s) dict_keys(['example_time_delta_sensor_async']) retrieved from /home/airflow/.local/lib/python3.7/site-packages/airflow/example_dags/example_time_delta_sensor_async.py
[2022-02-16 17:05:34,941] {logging_mixin.py:109} INFO - [2022-02-16 17:05:34,941] {dag.py:2396} INFO - Sync 1 DAGs
[2022-02-16 17:05:34,960] {logging_mixin.py:109} INFO - [2022-02-16 17:05:34,959] {dag.py:2935} INFO - Setting next_dagrun for example_time_delta_sensor_async to None
[2022-02-16 17:05:34,970] {processor.py:171} INFO - Processing /home/airflow/.local/lib/python3.7/site-packages/airflow/example_dags/example_time_delta_sensor_async.py took 0.080 seconds
[2022-02-16 17:06:05,281] {processor.py:163} INFO - Started process (PID=2943) to work on /home/airflow/.local/lib/python3.7/site-packages/airflow/example_dags/example_time_delta_sensor_async.py
[2022-02-16 17:06:05,284] {processor.py:642} INFO - Processing file /home/airflow/.local/lib/python3.7/site-packages/airflow/example_dags/example_time_delta_sensor_async.py for tasks to queue
[2022-02-16 17:06:05,285] {logging_mixin.py:109} INFO - [2022-02-16 17:06:05,284] {dagbag.py:500} INFO - Filling up the DagBag from /home/airflow/.local/lib/python3.7/site-packages/airflow/example_dags/example_time_delta_sensor_async.py
[2022-02-16 17:06:05,333] {processor.py:654} INFO - DAG(s) dict_keys(['example_time_delta_sensor_async']) retrieved from /home/airflow/.local/lib/python3.7/site-packages/airflow/example_dags/example_time_delta_sensor_async.py
[2022-02-16 17:06:05,346] {logging_mixin.py:109} INFO - [2022-02-16 17:06:05,345] {dag.py:2396} INFO - Sync 1 DAGs
[2022-02-16 17:06:05,363] {logging_mixin.py:109} INFO - [2022-02-16 17:06:05,363] {dag.py:2935} INFO - Setting next_dagrun for example_time_delta_sensor_async to None
[2022-02-16 17:06:05,373] {processor.py:171} INFO - Processing /home/airflow/.local/lib/python3.7/site-packages/airflow/example_dags/example_time_delta_sensor_async.py took 0.111 seconds
[2022-02-16 17:06:35,732] {processor.py:163} INFO - Started process (PID=3128) to work on /home/airflow/.local/lib/python3.7/site-packages/airflow/example_dags/example_time_delta_sensor_async.py
[2022-02-16 17:06:35,734] {processor.py:642} INFO - Processing file /home/airflow/.local/lib/python3.7/site-packages/airflow/example_dags/example_time_delta_sensor_async.py for tasks to queue
[2022-02-16 17:06:35,734] {logging_mixin.py:109} INFO - [2022-02-16 17:06:35,734] {dagbag.py:500} INFO - Filling up the DagBag from /home/airflow/.local/lib/python3.7/site-packages/airflow/example_dags/example_time_delta_sensor_async.py
[2022-02-16 17:06:35,764] {processor.py:654} INFO - DAG(s) dict_keys(['example_time_delta_sensor_async']) retrieved from /home/airflow/.local/lib/python3.7/site-packages/airflow/example_dags/example_time_delta_sensor_async.py
[2022-02-16 17:06:35,774] {logging_mixin.py:109} INFO - [2022-02-16 17:06:35,774] {dag.py:2396} INFO - Sync 1 DAGs
[2022-02-16 17:06:35,790] {logging_mixin.py:109} INFO - [2022-02-16 17:06:35,790] {dag.py:2935} INFO - Setting next_dagrun for example_time_delta_sensor_async to None
[2022-02-16 17:06:35,799] {processor.py:171} INFO - Processing /home/airflow/.local/lib/python3.7/site-packages/airflow/example_dags/example_time_delta_sensor_async.py took 0.071 seconds
[2022-02-16 17:07:06,514] {processor.py:163} INFO - Started process (PID=3320) to work on /home/airflow/.local/lib/python3.7/site-packages/airflow/example_dags/example_time_delta_sensor_async.py
[2022-02-16 17:07:06,516] {processor.py:642} INFO - Processing file /home/airflow/.local/lib/python3.7/site-packages/airflow/example_dags/example_time_delta_sensor_async.py for tasks to queue
[2022-02-16 17:07:06,517] {logging_mixin.py:109} INFO - [2022-02-16 17:07:06,516] {dagbag.py:500} INFO - Filling up the DagBag from /home/airflow/.local/lib/python3.7/site-packages/airflow/example_dags/example_time_delta_sensor_async.py
[2022-02-16 17:07:06,548] {processor.py:654} INFO - DAG(s) dict_keys(['example_time_delta_sensor_async']) retrieved from /home/airflow/.local/lib/python3.7/site-packages/airflow/example_dags/example_time_delta_sensor_async.py
[2022-02-16 17:07:06,560] {logging_mixin.py:109} INFO - [2022-02-16 17:07:06,560] {dag.py:2396} INFO - Sync 1 DAGs
[2022-02-16 17:07:06,578] {logging_mixin.py:109} INFO - [2022-02-16 17:07:06,578] {dag.py:2935} INFO - Setting next_dagrun for example_time_delta_sensor_async to None
[2022-02-16 17:07:06,587] {processor.py:171} INFO - Processing /home/airflow/.local/lib/python3.7/site-packages/airflow/example_dags/example_time_delta_sensor_async.py took 0.077 seconds
[2022-02-16 17:07:36,756] {processor.py:163} INFO - Started process (PID=3505) to work on /home/airflow/.local/lib/python3.7/site-packages/airflow/example_dags/example_time_delta_sensor_async.py
[2022-02-16 17:07:36,757] {processor.py:642} INFO - Processing file /home/airflow/.local/lib/python3.7/site-packages/airflow/example_dags/example_time_delta_sensor_async.py for tasks to queue
[2022-02-16 17:07:36,758] {logging_mixin.py:109} INFO - [2022-02-16 17:07:36,757] {dagbag.py:500} INFO - Filling up the DagBag from /home/airflow/.local/lib/python3.7/site-packages/airflow/example_dags/example_time_delta_sensor_async.py
[2022-02-16 17:07:36,787] {processor.py:654} INFO - DAG(s) dict_keys(['example_time_delta_sensor_async']) retrieved from /home/airflow/.local/lib/python3.7/site-packages/airflow/example_dags/example_time_delta_sensor_async.py
[2022-02-16 17:07:36,797] {logging_mixin.py:109} INFO - [2022-02-16 17:07:36,797] {dag.py:2396} INFO - Sync 1 DAGs
[2022-02-16 17:07:36,812] {logging_mixin.py:109} INFO - [2022-02-16 17:07:36,812] {dag.py:2935} INFO - Setting next_dagrun for example_time_delta_sensor_async to None
[2022-02-16 17:07:36,821] {processor.py:171} INFO - Processing /home/airflow/.local/lib/python3.7/site-packages/airflow/example_dags/example_time_delta_sensor_async.py took 0.070 seconds
[2022-02-16 17:08:07,404] {processor.py:163} INFO - Started process (PID=3690) to work on /home/airflow/.local/lib/python3.7/site-packages/airflow/example_dags/example_time_delta_sensor_async.py
[2022-02-16 17:08:07,407] {processor.py:642} INFO - Processing file /home/airflow/.local/lib/python3.7/site-packages/airflow/example_dags/example_time_delta_sensor_async.py for tasks to queue
[2022-02-16 17:08:07,408] {logging_mixin.py:109} INFO - [2022-02-16 17:08:07,407] {dagbag.py:500} INFO - Filling up the DagBag from /home/airflow/.local/lib/python3.7/site-packages/airflow/example_dags/example_time_delta_sensor_async.py
[2022-02-16 17:08:07,456] {processor.py:654} INFO - DAG(s) dict_keys(['example_time_delta_sensor_async']) retrieved from /home/airflow/.local/lib/python3.7/site-packages/airflow/example_dags/example_time_delta_sensor_async.py
[2022-02-16 17:08:07,470] {logging_mixin.py:109} INFO - [2022-02-16 17:08:07,470] {dag.py:2396} INFO - Sync 1 DAGs
[2022-02-16 17:08:07,491] {logging_mixin.py:109} INFO - [2022-02-16 17:08:07,490] {dag.py:2935} INFO - Setting next_dagrun for example_time_delta_sensor_async to None
[2022-02-16 17:08:07,505] {processor.py:171} INFO - Processing /home/airflow/.local/lib/python3.7/site-packages/airflow/example_dags/example_time_delta_sensor_async.py took 0.106 seconds
[2022-02-16 17:08:38,284] {processor.py:163} INFO - Started process (PID=3881) to work on /home/airflow/.local/lib/python3.7/site-packages/airflow/example_dags/example_time_delta_sensor_async.py
[2022-02-16 17:08:38,285] {processor.py:642} INFO - Processing file /home/airflow/.local/lib/python3.7/site-packages/airflow/example_dags/example_time_delta_sensor_async.py for tasks to queue
[2022-02-16 17:08:38,286] {logging_mixin.py:109} INFO - [2022-02-16 17:08:38,286] {dagbag.py:500} INFO - Filling up the DagBag from /home/airflow/.local/lib/python3.7/site-packages/airflow/example_dags/example_time_delta_sensor_async.py
[2022-02-16 17:08:38,328] {processor.py:654} INFO - DAG(s) dict_keys(['example_time_delta_sensor_async']) retrieved from /home/airflow/.local/lib/python3.7/site-packages/airflow/example_dags/example_time_delta_sensor_async.py
[2022-02-16 17:08:38,342] {logging_mixin.py:109} INFO - [2022-02-16 17:08:38,341] {dag.py:2396} INFO - Sync 1 DAGs
[2022-02-16 17:08:38,369] {logging_mixin.py:109} INFO - [2022-02-16 17:08:38,368] {dag.py:2935} INFO - Setting next_dagrun for example_time_delta_sensor_async to None
[2022-02-16 17:08:38,382] {processor.py:171} INFO - Processing /home/airflow/.local/lib/python3.7/site-packages/airflow/example_dags/example_time_delta_sensor_async.py took 0.103 seconds
[2022-02-16 17:09:08,635] {processor.py:163} INFO - Started process (PID=4067) to work on /home/airflow/.local/lib/python3.7/site-packages/airflow/example_dags/example_time_delta_sensor_async.py
[2022-02-16 17:09:08,636] {processor.py:642} INFO - Processing file /home/airflow/.local/lib/python3.7/site-packages/airflow/example_dags/example_time_delta_sensor_async.py for tasks to queue
[2022-02-16 17:09:08,643] {logging_mixin.py:109} INFO - [2022-02-16 17:09:08,643] {dagbag.py:500} INFO - Filling up the DagBag from /home/airflow/.local/lib/python3.7/site-packages/airflow/example_dags/example_time_delta_sensor_async.py
[2022-02-16 17:09:08,676] {processor.py:654} INFO - DAG(s) dict_keys(['example_time_delta_sensor_async']) retrieved from /home/airflow/.local/lib/python3.7/site-packages/airflow/example_dags/example_time_delta_sensor_async.py
[2022-02-16 17:09:08,688] {logging_mixin.py:109} INFO - [2022-02-16 17:09:08,688] {dag.py:2396} INFO - Sync 1 DAGs
[2022-02-16 17:09:08,711] {logging_mixin.py:109} INFO - [2022-02-16 17:09:08,711] {dag.py:2935} INFO - Setting next_dagrun for example_time_delta_sensor_async to None
[2022-02-16 17:09:08,722] {processor.py:171} INFO - Processing /home/airflow/.local/lib/python3.7/site-packages/airflow/example_dags/example_time_delta_sensor_async.py took 0.092 seconds
[2022-02-16 17:09:39,595] {processor.py:163} INFO - Started process (PID=4245) to work on /home/airflow/.local/lib/python3.7/site-packages/airflow/example_dags/example_time_delta_sensor_async.py
[2022-02-16 17:09:39,597] {processor.py:642} INFO - Processing file /home/airflow/.local/lib/python3.7/site-packages/airflow/example_dags/example_time_delta_sensor_async.py for tasks to queue
[2022-02-16 17:09:39,602] {logging_mixin.py:109} INFO - [2022-02-16 17:09:39,602] {dagbag.py:500} INFO - Filling up the DagBag from /home/airflow/.local/lib/python3.7/site-packages/airflow/example_dags/example_time_delta_sensor_async.py
[2022-02-16 17:09:39,739] {processor.py:654} INFO - DAG(s) dict_keys(['example_time_delta_sensor_async']) retrieved from /home/airflow/.local/lib/python3.7/site-packages/airflow/example_dags/example_time_delta_sensor_async.py
[2022-02-16 17:09:39,779] {logging_mixin.py:109} INFO - [2022-02-16 17:09:39,779] {dag.py:2396} INFO - Sync 1 DAGs
[2022-02-16 17:09:39,833] {logging_mixin.py:109} INFO - [2022-02-16 17:09:39,832] {dag.py:2935} INFO - Setting next_dagrun for example_time_delta_sensor_async to None
[2022-02-16 17:09:39,855] {processor.py:171} INFO - Processing /home/airflow/.local/lib/python3.7/site-packages/airflow/example_dags/example_time_delta_sensor_async.py took 0.277 seconds
[2022-02-16 17:10:10,278] {processor.py:163} INFO - Started process (PID=4429) to work on /home/airflow/.local/lib/python3.7/site-packages/airflow/example_dags/example_time_delta_sensor_async.py
[2022-02-16 17:10:10,279] {processor.py:642} INFO - Processing file /home/airflow/.local/lib/python3.7/site-packages/airflow/example_dags/example_time_delta_sensor_async.py for tasks to queue
[2022-02-16 17:10:10,280] {logging_mixin.py:109} INFO - [2022-02-16 17:10:10,280] {dagbag.py:500} INFO - Filling up the DagBag from /home/airflow/.local/lib/python3.7/site-packages/airflow/example_dags/example_time_delta_sensor_async.py
[2022-02-16 17:10:10,310] {processor.py:654} INFO - DAG(s) dict_keys(['example_time_delta_sensor_async']) retrieved from /home/airflow/.local/lib/python3.7/site-packages/airflow/example_dags/example_time_delta_sensor_async.py
[2022-02-16 17:10:10,333] {logging_mixin.py:109} INFO - [2022-02-16 17:10:10,333] {dag.py:2396} INFO - Sync 1 DAGs
[2022-02-16 17:10:10,363] {logging_mixin.py:109} INFO - [2022-02-16 17:10:10,363] {dag.py:2935} INFO - Setting next_dagrun for example_time_delta_sensor_async to None
[2022-02-16 17:10:10,373] {processor.py:171} INFO - Processing /home/airflow/.local/lib/python3.7/site-packages/airflow/example_dags/example_time_delta_sensor_async.py took 0.099 seconds
[2022-02-16 17:10:40,897] {processor.py:163} INFO - Started process (PID=4626) to work on /home/airflow/.local/lib/python3.7/site-packages/airflow/example_dags/example_time_delta_sensor_async.py
[2022-02-16 17:10:40,901] {processor.py:642} INFO - Processing file /home/airflow/.local/lib/python3.7/site-packages/airflow/example_dags/example_time_delta_sensor_async.py for tasks to queue
[2022-02-16 17:10:40,902] {logging_mixin.py:109} INFO - [2022-02-16 17:10:40,902] {dagbag.py:500} INFO - Filling up the DagBag from /home/airflow/.local/lib/python3.7/site-packages/airflow/example_dags/example_time_delta_sensor_async.py
[2022-02-16 17:10:40,960] {processor.py:654} INFO - DAG(s) dict_keys(['example_time_delta_sensor_async']) retrieved from /home/airflow/.local/lib/python3.7/site-packages/airflow/example_dags/example_time_delta_sensor_async.py
[2022-02-16 17:10:41,000] {logging_mixin.py:109} INFO - [2022-02-16 17:10:41,000] {dag.py:2396} INFO - Sync 1 DAGs
[2022-02-16 17:10:41,038] {logging_mixin.py:109} INFO - [2022-02-16 17:10:41,038] {dag.py:2935} INFO - Setting next_dagrun for example_time_delta_sensor_async to None
[2022-02-16 17:10:41,057] {processor.py:171} INFO - Processing /home/airflow/.local/lib/python3.7/site-packages/airflow/example_dags/example_time_delta_sensor_async.py took 0.175 seconds
[2022-02-16 17:11:11,357] {processor.py:163} INFO - Started process (PID=4808) to work on /home/airflow/.local/lib/python3.7/site-packages/airflow/example_dags/example_time_delta_sensor_async.py
[2022-02-16 17:11:11,387] {processor.py:642} INFO - Processing file /home/airflow/.local/lib/python3.7/site-packages/airflow/example_dags/example_time_delta_sensor_async.py for tasks to queue
[2022-02-16 17:11:11,388] {logging_mixin.py:109} INFO - [2022-02-16 17:11:11,388] {dagbag.py:500} INFO - Filling up the DagBag from /home/airflow/.local/lib/python3.7/site-packages/airflow/example_dags/example_time_delta_sensor_async.py
[2022-02-16 17:11:11,442] {processor.py:654} INFO - DAG(s) dict_keys(['example_time_delta_sensor_async']) retrieved from /home/airflow/.local/lib/python3.7/site-packages/airflow/example_dags/example_time_delta_sensor_async.py
[2022-02-16 17:11:11,462] {logging_mixin.py:109} INFO - [2022-02-16 17:11:11,462] {dag.py:2396} INFO - Sync 1 DAGs
[2022-02-16 17:11:11,485] {logging_mixin.py:109} INFO - [2022-02-16 17:11:11,485] {dag.py:2935} INFO - Setting next_dagrun for example_time_delta_sensor_async to None
[2022-02-16 17:11:11,497] {processor.py:171} INFO - Processing /home/airflow/.local/lib/python3.7/site-packages/airflow/example_dags/example_time_delta_sensor_async.py took 0.147 seconds
[2022-02-16 17:11:41,711] {processor.py:163} INFO - Started process (PID=4991) to work on /home/airflow/.local/lib/python3.7/site-packages/airflow/example_dags/example_time_delta_sensor_async.py
[2022-02-16 17:11:41,712] {processor.py:642} INFO - Processing file /home/airflow/.local/lib/python3.7/site-packages/airflow/example_dags/example_time_delta_sensor_async.py for tasks to queue
[2022-02-16 17:11:41,713] {logging_mixin.py:109} INFO - [2022-02-16 17:11:41,713] {dagbag.py:500} INFO - Filling up the DagBag from /home/airflow/.local/lib/python3.7/site-packages/airflow/example_dags/example_time_delta_sensor_async.py
[2022-02-16 17:11:41,743] {processor.py:654} INFO - DAG(s) dict_keys(['example_time_delta_sensor_async']) retrieved from /home/airflow/.local/lib/python3.7/site-packages/airflow/example_dags/example_time_delta_sensor_async.py
[2022-02-16 17:11:41,754] {logging_mixin.py:109} INFO - [2022-02-16 17:11:41,754] {dag.py:2396} INFO - Sync 1 DAGs
[2022-02-16 17:11:41,772] {logging_mixin.py:109} INFO - [2022-02-16 17:11:41,772] {dag.py:2935} INFO - Setting next_dagrun for example_time_delta_sensor_async to None
[2022-02-16 17:11:41,781] {processor.py:171} INFO - Processing /home/airflow/.local/lib/python3.7/site-packages/airflow/example_dags/example_time_delta_sensor_async.py took 0.074 seconds
[2022-02-16 17:12:12,267] {processor.py:163} INFO - Started process (PID=5183) to work on /home/airflow/.local/lib/python3.7/site-packages/airflow/example_dags/example_time_delta_sensor_async.py
[2022-02-16 17:12:12,269] {processor.py:642} INFO - Processing file /home/airflow/.local/lib/python3.7/site-packages/airflow/example_dags/example_time_delta_sensor_async.py for tasks to queue
[2022-02-16 17:12:12,270] {logging_mixin.py:109} INFO - [2022-02-16 17:12:12,269] {dagbag.py:500} INFO - Filling up the DagBag from /home/airflow/.local/lib/python3.7/site-packages/airflow/example_dags/example_time_delta_sensor_async.py
[2022-02-16 17:12:12,331] {processor.py:654} INFO - DAG(s) dict_keys(['example_time_delta_sensor_async']) retrieved from /home/airflow/.local/lib/python3.7/site-packages/airflow/example_dags/example_time_delta_sensor_async.py
[2022-02-16 17:12:12,359] {logging_mixin.py:109} INFO - [2022-02-16 17:12:12,358] {dag.py:2396} INFO - Sync 1 DAGs
[2022-02-16 17:12:12,400] {logging_mixin.py:109} INFO - [2022-02-16 17:12:12,400] {dag.py:2935} INFO - Setting next_dagrun for example_time_delta_sensor_async to None
[2022-02-16 17:12:12,418] {processor.py:171} INFO - Processing /home/airflow/.local/lib/python3.7/site-packages/airflow/example_dags/example_time_delta_sensor_async.py took 0.155 seconds
[2022-02-16 17:12:42,936] {processor.py:163} INFO - Started process (PID=5381) to work on /home/airflow/.local/lib/python3.7/site-packages/airflow/example_dags/example_time_delta_sensor_async.py
[2022-02-16 17:12:42,947] {processor.py:642} INFO - Processing file /home/airflow/.local/lib/python3.7/site-packages/airflow/example_dags/example_time_delta_sensor_async.py for tasks to queue
[2022-02-16 17:12:42,948] {logging_mixin.py:109} INFO - [2022-02-16 17:12:42,948] {dagbag.py:500} INFO - Filling up the DagBag from /home/airflow/.local/lib/python3.7/site-packages/airflow/example_dags/example_time_delta_sensor_async.py
[2022-02-16 17:12:42,987] {processor.py:654} INFO - DAG(s) dict_keys(['example_time_delta_sensor_async']) retrieved from /home/airflow/.local/lib/python3.7/site-packages/airflow/example_dags/example_time_delta_sensor_async.py
[2022-02-16 17:12:43,007] {logging_mixin.py:109} INFO - [2022-02-16 17:12:43,007] {dag.py:2396} INFO - Sync 1 DAGs
[2022-02-16 17:12:43,036] {logging_mixin.py:109} INFO - [2022-02-16 17:12:43,036] {dag.py:2935} INFO - Setting next_dagrun for example_time_delta_sensor_async to None
[2022-02-16 17:12:43,054] {processor.py:171} INFO - Processing /home/airflow/.local/lib/python3.7/site-packages/airflow/example_dags/example_time_delta_sensor_async.py took 0.122 seconds
[2022-02-16 17:13:13,099] {processor.py:163} INFO - Started process (PID=5579) to work on /home/airflow/.local/lib/python3.7/site-packages/airflow/example_dags/example_time_delta_sensor_async.py
[2022-02-16 17:13:13,100] {processor.py:642} INFO - Processing file /home/airflow/.local/lib/python3.7/site-packages/airflow/example_dags/example_time_delta_sensor_async.py for tasks to queue
[2022-02-16 17:13:13,101] {logging_mixin.py:109} INFO - [2022-02-16 17:13:13,101] {dagbag.py:500} INFO - Filling up the DagBag from /home/airflow/.local/lib/python3.7/site-packages/airflow/example_dags/example_time_delta_sensor_async.py
[2022-02-16 17:13:13,131] {processor.py:654} INFO - DAG(s) dict_keys(['example_time_delta_sensor_async']) retrieved from /home/airflow/.local/lib/python3.7/site-packages/airflow/example_dags/example_time_delta_sensor_async.py
[2022-02-16 17:13:13,143] {logging_mixin.py:109} INFO - [2022-02-16 17:13:13,143] {dag.py:2396} INFO - Sync 1 DAGs
[2022-02-16 17:13:13,160] {logging_mixin.py:109} INFO - [2022-02-16 17:13:13,160] {dag.py:2935} INFO - Setting next_dagrun for example_time_delta_sensor_async to None
[2022-02-16 17:13:13,174] {processor.py:171} INFO - Processing /home/airflow/.local/lib/python3.7/site-packages/airflow/example_dags/example_time_delta_sensor_async.py took 0.079 seconds
[2022-02-16 17:13:43,290] {processor.py:163} INFO - Started process (PID=5774) to work on /home/airflow/.local/lib/python3.7/site-packages/airflow/example_dags/example_time_delta_sensor_async.py
[2022-02-16 17:13:43,292] {processor.py:642} INFO - Processing file /home/airflow/.local/lib/python3.7/site-packages/airflow/example_dags/example_time_delta_sensor_async.py for tasks to queue
[2022-02-16 17:13:43,293] {logging_mixin.py:109} INFO - [2022-02-16 17:13:43,292] {dagbag.py:500} INFO - Filling up the DagBag from /home/airflow/.local/lib/python3.7/site-packages/airflow/example_dags/example_time_delta_sensor_async.py
[2022-02-16 17:13:43,326] {processor.py:654} INFO - DAG(s) dict_keys(['example_time_delta_sensor_async']) retrieved from /home/airflow/.local/lib/python3.7/site-packages/airflow/example_dags/example_time_delta_sensor_async.py
[2022-02-16 17:13:43,337] {logging_mixin.py:109} INFO - [2022-02-16 17:13:43,337] {dag.py:2396} INFO - Sync 1 DAGs
[2022-02-16 17:13:43,355] {logging_mixin.py:109} INFO - [2022-02-16 17:13:43,355] {dag.py:2935} INFO - Setting next_dagrun for example_time_delta_sensor_async to None
[2022-02-16 17:13:43,364] {processor.py:171} INFO - Processing /home/airflow/.local/lib/python3.7/site-packages/airflow/example_dags/example_time_delta_sensor_async.py took 0.078 seconds
[2022-02-16 17:14:14,054] {processor.py:163} INFO - Started process (PID=5960) to work on /home/airflow/.local/lib/python3.7/site-packages/airflow/example_dags/example_time_delta_sensor_async.py
[2022-02-16 17:14:14,056] {processor.py:642} INFO - Processing file /home/airflow/.local/lib/python3.7/site-packages/airflow/example_dags/example_time_delta_sensor_async.py for tasks to queue
[2022-02-16 17:14:14,056] {logging_mixin.py:109} INFO - [2022-02-16 17:14:14,056] {dagbag.py:500} INFO - Filling up the DagBag from /home/airflow/.local/lib/python3.7/site-packages/airflow/example_dags/example_time_delta_sensor_async.py
[2022-02-16 17:14:14,092] {processor.py:654} INFO - DAG(s) dict_keys(['example_time_delta_sensor_async']) retrieved from /home/airflow/.local/lib/python3.7/site-packages/airflow/example_dags/example_time_delta_sensor_async.py
[2022-02-16 17:14:14,105] {logging_mixin.py:109} INFO - [2022-02-16 17:14:14,105] {dag.py:2396} INFO - Sync 1 DAGs
[2022-02-16 17:14:14,127] {logging_mixin.py:109} INFO - [2022-02-16 17:14:14,127] {dag.py:2935} INFO - Setting next_dagrun for example_time_delta_sensor_async to None
[2022-02-16 17:14:14,139] {processor.py:171} INFO - Processing /home/airflow/.local/lib/python3.7/site-packages/airflow/example_dags/example_time_delta_sensor_async.py took 0.088 seconds
[2022-02-16 17:14:44,414] {processor.py:163} INFO - Started process (PID=6162) to work on /home/airflow/.local/lib/python3.7/site-packages/airflow/example_dags/example_time_delta_sensor_async.py
[2022-02-16 17:14:44,417] {processor.py:642} INFO - Processing file /home/airflow/.local/lib/python3.7/site-packages/airflow/example_dags/example_time_delta_sensor_async.py for tasks to queue
[2022-02-16 17:14:44,418] {logging_mixin.py:109} INFO - [2022-02-16 17:14:44,418] {dagbag.py:500} INFO - Filling up the DagBag from /home/airflow/.local/lib/python3.7/site-packages/airflow/example_dags/example_time_delta_sensor_async.py
[2022-02-16 17:14:44,461] {processor.py:654} INFO - DAG(s) dict_keys(['example_time_delta_sensor_async']) retrieved from /home/airflow/.local/lib/python3.7/site-packages/airflow/example_dags/example_time_delta_sensor_async.py
[2022-02-16 17:14:44,472] {logging_mixin.py:109} INFO - [2022-02-16 17:14:44,472] {dag.py:2396} INFO - Sync 1 DAGs
[2022-02-16 17:14:44,489] {logging_mixin.py:109} INFO - [2022-02-16 17:14:44,489] {dag.py:2935} INFO - Setting next_dagrun for example_time_delta_sensor_async to None
[2022-02-16 17:14:44,503] {processor.py:171} INFO - Processing /home/airflow/.local/lib/python3.7/site-packages/airflow/example_dags/example_time_delta_sensor_async.py took 0.093 seconds
[2022-02-16 17:15:15,084] {processor.py:163} INFO - Started process (PID=6364) to work on /home/airflow/.local/lib/python3.7/site-packages/airflow/example_dags/example_time_delta_sensor_async.py
[2022-02-16 17:15:15,085] {processor.py:642} INFO - Processing file /home/airflow/.local/lib/python3.7/site-packages/airflow/example_dags/example_time_delta_sensor_async.py for tasks to queue
[2022-02-16 17:15:15,086] {logging_mixin.py:109} INFO - [2022-02-16 17:15:15,086] {dagbag.py:500} INFO - Filling up the DagBag from /home/airflow/.local/lib/python3.7/site-packages/airflow/example_dags/example_time_delta_sensor_async.py
[2022-02-16 17:15:15,147] {processor.py:654} INFO - DAG(s) dict_keys(['example_time_delta_sensor_async']) retrieved from /home/airflow/.local/lib/python3.7/site-packages/airflow/example_dags/example_time_delta_sensor_async.py
[2022-02-16 17:15:15,203] {logging_mixin.py:109} INFO - [2022-02-16 17:15:15,203] {dag.py:2396} INFO - Sync 1 DAGs
[2022-02-16 17:15:15,246] {logging_mixin.py:109} INFO - [2022-02-16 17:15:15,246] {dag.py:2935} INFO - Setting next_dagrun for example_time_delta_sensor_async to None
[2022-02-16 17:15:15,259] {processor.py:171} INFO - Processing /home/airflow/.local/lib/python3.7/site-packages/airflow/example_dags/example_time_delta_sensor_async.py took 0.181 seconds
[2022-02-16 17:15:45,300] {processor.py:163} INFO - Started process (PID=6558) to work on /home/airflow/.local/lib/python3.7/site-packages/airflow/example_dags/example_time_delta_sensor_async.py
[2022-02-16 17:15:45,302] {processor.py:642} INFO - Processing file /home/airflow/.local/lib/python3.7/site-packages/airflow/example_dags/example_time_delta_sensor_async.py for tasks to queue
[2022-02-16 17:15:45,303] {logging_mixin.py:109} INFO - [2022-02-16 17:15:45,303] {dagbag.py:500} INFO - Filling up the DagBag from /home/airflow/.local/lib/python3.7/site-packages/airflow/example_dags/example_time_delta_sensor_async.py
[2022-02-16 17:15:45,335] {processor.py:654} INFO - DAG(s) dict_keys(['example_time_delta_sensor_async']) retrieved from /home/airflow/.local/lib/python3.7/site-packages/airflow/example_dags/example_time_delta_sensor_async.py
[2022-02-16 17:15:45,348] {logging_mixin.py:109} INFO - [2022-02-16 17:15:45,348] {dag.py:2396} INFO - Sync 1 DAGs
[2022-02-16 17:15:45,372] {logging_mixin.py:109} INFO - [2022-02-16 17:15:45,372] {dag.py:2935} INFO - Setting next_dagrun for example_time_delta_sensor_async to None
[2022-02-16 17:15:45,388] {processor.py:171} INFO - Processing /home/airflow/.local/lib/python3.7/site-packages/airflow/example_dags/example_time_delta_sensor_async.py took 0.091 seconds
[2022-02-16 17:16:16,013] {processor.py:163} INFO - Started process (PID=6745) to work on /home/airflow/.local/lib/python3.7/site-packages/airflow/example_dags/example_time_delta_sensor_async.py
[2022-02-16 17:16:16,017] {processor.py:642} INFO - Processing file /home/airflow/.local/lib/python3.7/site-packages/airflow/example_dags/example_time_delta_sensor_async.py for tasks to queue
[2022-02-16 17:16:16,018] {logging_mixin.py:109} INFO - [2022-02-16 17:16:16,018] {dagbag.py:500} INFO - Filling up the DagBag from /home/airflow/.local/lib/python3.7/site-packages/airflow/example_dags/example_time_delta_sensor_async.py
[2022-02-16 17:16:16,090] {processor.py:654} INFO - DAG(s) dict_keys(['example_time_delta_sensor_async']) retrieved from /home/airflow/.local/lib/python3.7/site-packages/airflow/example_dags/example_time_delta_sensor_async.py
[2022-02-16 17:16:16,101] {logging_mixin.py:109} INFO - [2022-02-16 17:16:16,101] {dag.py:2396} INFO - Sync 1 DAGs
[2022-02-16 17:16:16,118] {logging_mixin.py:109} INFO - [2022-02-16 17:16:16,117] {dag.py:2935} INFO - Setting next_dagrun for example_time_delta_sensor_async to None
[2022-02-16 17:16:16,127] {processor.py:171} INFO - Processing /home/airflow/.local/lib/python3.7/site-packages/airflow/example_dags/example_time_delta_sensor_async.py took 0.122 seconds
[2022-02-16 17:16:47,689] {processor.py:163} INFO - Started process (PID=6948) to work on /home/airflow/.local/lib/python3.7/site-packages/airflow/example_dags/example_time_delta_sensor_async.py
[2022-02-16 17:16:47,691] {processor.py:642} INFO - Processing file /home/airflow/.local/lib/python3.7/site-packages/airflow/example_dags/example_time_delta_sensor_async.py for tasks to queue
[2022-02-16 17:16:47,691] {logging_mixin.py:109} INFO - [2022-02-16 17:16:47,691] {dagbag.py:500} INFO - Filling up the DagBag from /home/airflow/.local/lib/python3.7/site-packages/airflow/example_dags/example_time_delta_sensor_async.py
[2022-02-16 17:16:47,722] {processor.py:654} INFO - DAG(s) dict_keys(['example_time_delta_sensor_async']) retrieved from /home/airflow/.local/lib/python3.7/site-packages/airflow/example_dags/example_time_delta_sensor_async.py
[2022-02-16 17:16:47,733] {logging_mixin.py:109} INFO - [2022-02-16 17:16:47,733] {dag.py:2396} INFO - Sync 1 DAGs
[2022-02-16 17:16:47,751] {logging_mixin.py:109} INFO - [2022-02-16 17:16:47,751] {dag.py:2935} INFO - Setting next_dagrun for example_time_delta_sensor_async to None
[2022-02-16 17:16:47,760] {processor.py:171} INFO - Processing /home/airflow/.local/lib/python3.7/site-packages/airflow/example_dags/example_time_delta_sensor_async.py took 0.075 seconds
[2022-02-16 17:17:18,640] {processor.py:163} INFO - Started process (PID=7136) to work on /home/airflow/.local/lib/python3.7/site-packages/airflow/example_dags/example_time_delta_sensor_async.py
[2022-02-16 17:17:18,642] {processor.py:642} INFO - Processing file /home/airflow/.local/lib/python3.7/site-packages/airflow/example_dags/example_time_delta_sensor_async.py for tasks to queue
[2022-02-16 17:17:18,647] {logging_mixin.py:109} INFO - [2022-02-16 17:17:18,642] {dagbag.py:500} INFO - Filling up the DagBag from /home/airflow/.local/lib/python3.7/site-packages/airflow/example_dags/example_time_delta_sensor_async.py
[2022-02-16 17:17:18,789] {processor.py:654} INFO - DAG(s) dict_keys(['example_time_delta_sensor_async']) retrieved from /home/airflow/.local/lib/python3.7/site-packages/airflow/example_dags/example_time_delta_sensor_async.py
[2022-02-16 17:17:18,806] {logging_mixin.py:109} INFO - [2022-02-16 17:17:18,806] {dag.py:2396} INFO - Sync 1 DAGs
[2022-02-16 17:17:18,826] {logging_mixin.py:109} INFO - [2022-02-16 17:17:18,826] {dag.py:2935} INFO - Setting next_dagrun for example_time_delta_sensor_async to None
[2022-02-16 17:17:18,850] {processor.py:171} INFO - Processing /home/airflow/.local/lib/python3.7/site-packages/airflow/example_dags/example_time_delta_sensor_async.py took 0.236 seconds
[2022-02-16 17:17:49,785] {processor.py:163} INFO - Started process (PID=7326) to work on /home/airflow/.local/lib/python3.7/site-packages/airflow/example_dags/example_time_delta_sensor_async.py
[2022-02-16 17:17:49,788] {processor.py:642} INFO - Processing file /home/airflow/.local/lib/python3.7/site-packages/airflow/example_dags/example_time_delta_sensor_async.py for tasks to queue
[2022-02-16 17:17:49,789] {logging_mixin.py:109} INFO - [2022-02-16 17:17:49,789] {dagbag.py:500} INFO - Filling up the DagBag from /home/airflow/.local/lib/python3.7/site-packages/airflow/example_dags/example_time_delta_sensor_async.py
[2022-02-16 17:17:49,827] {processor.py:654} INFO - DAG(s) dict_keys(['example_time_delta_sensor_async']) retrieved from /home/airflow/.local/lib/python3.7/site-packages/airflow/example_dags/example_time_delta_sensor_async.py
[2022-02-16 17:17:49,841] {logging_mixin.py:109} INFO - [2022-02-16 17:17:49,840] {dag.py:2396} INFO - Sync 1 DAGs
[2022-02-16 17:17:49,860] {logging_mixin.py:109} INFO - [2022-02-16 17:17:49,859] {dag.py:2935} INFO - Setting next_dagrun for example_time_delta_sensor_async to None
[2022-02-16 17:17:49,872] {processor.py:171} INFO - Processing /home/airflow/.local/lib/python3.7/site-packages/airflow/example_dags/example_time_delta_sensor_async.py took 0.093 seconds
[2022-02-16 17:18:21,162] {processor.py:163} INFO - Started process (PID=7534) to work on /home/airflow/.local/lib/python3.7/site-packages/airflow/example_dags/example_time_delta_sensor_async.py
[2022-02-16 17:18:21,164] {processor.py:642} INFO - Processing file /home/airflow/.local/lib/python3.7/site-packages/airflow/example_dags/example_time_delta_sensor_async.py for tasks to queue
[2022-02-16 17:18:21,165] {logging_mixin.py:109} INFO - [2022-02-16 17:18:21,165] {dagbag.py:500} INFO - Filling up the DagBag from /home/airflow/.local/lib/python3.7/site-packages/airflow/example_dags/example_time_delta_sensor_async.py
[2022-02-16 17:18:21,221] {processor.py:654} INFO - DAG(s) dict_keys(['example_time_delta_sensor_async']) retrieved from /home/airflow/.local/lib/python3.7/site-packages/airflow/example_dags/example_time_delta_sensor_async.py
[2022-02-16 17:18:21,237] {logging_mixin.py:109} INFO - [2022-02-16 17:18:21,237] {dag.py:2396} INFO - Sync 1 DAGs
[2022-02-16 17:18:21,254] {logging_mixin.py:109} INFO - [2022-02-16 17:18:21,254] {dag.py:2935} INFO - Setting next_dagrun for example_time_delta_sensor_async to None
[2022-02-16 17:18:21,273] {processor.py:171} INFO - Processing /home/airflow/.local/lib/python3.7/site-packages/airflow/example_dags/example_time_delta_sensor_async.py took 0.114 seconds
[2022-02-16 17:18:51,699] {processor.py:163} INFO - Started process (PID=7723) to work on /home/airflow/.local/lib/python3.7/site-packages/airflow/example_dags/example_time_delta_sensor_async.py
[2022-02-16 17:18:51,701] {processor.py:642} INFO - Processing file /home/airflow/.local/lib/python3.7/site-packages/airflow/example_dags/example_time_delta_sensor_async.py for tasks to queue
[2022-02-16 17:18:51,702] {logging_mixin.py:109} INFO - [2022-02-16 17:18:51,701] {dagbag.py:500} INFO - Filling up the DagBag from /home/airflow/.local/lib/python3.7/site-packages/airflow/example_dags/example_time_delta_sensor_async.py
[2022-02-16 17:18:51,731] {processor.py:654} INFO - DAG(s) dict_keys(['example_time_delta_sensor_async']) retrieved from /home/airflow/.local/lib/python3.7/site-packages/airflow/example_dags/example_time_delta_sensor_async.py
[2022-02-16 17:18:51,741] {logging_mixin.py:109} INFO - [2022-02-16 17:18:51,741] {dag.py:2396} INFO - Sync 1 DAGs
[2022-02-16 17:18:51,758] {logging_mixin.py:109} INFO - [2022-02-16 17:18:51,758] {dag.py:2935} INFO - Setting next_dagrun for example_time_delta_sensor_async to None
[2022-02-16 17:18:51,769] {processor.py:171} INFO - Processing /home/airflow/.local/lib/python3.7/site-packages/airflow/example_dags/example_time_delta_sensor_async.py took 0.074 seconds
[2022-02-16 17:19:22,858] {processor.py:163} INFO - Started process (PID=7913) to work on /home/airflow/.local/lib/python3.7/site-packages/airflow/example_dags/example_time_delta_sensor_async.py
[2022-02-16 17:19:22,860] {processor.py:642} INFO - Processing file /home/airflow/.local/lib/python3.7/site-packages/airflow/example_dags/example_time_delta_sensor_async.py for tasks to queue
[2022-02-16 17:19:22,861] {logging_mixin.py:109} INFO - [2022-02-16 17:19:22,861] {dagbag.py:500} INFO - Filling up the DagBag from /home/airflow/.local/lib/python3.7/site-packages/airflow/example_dags/example_time_delta_sensor_async.py
[2022-02-16 17:19:22,901] {processor.py:654} INFO - DAG(s) dict_keys(['example_time_delta_sensor_async']) retrieved from /home/airflow/.local/lib/python3.7/site-packages/airflow/example_dags/example_time_delta_sensor_async.py
[2022-02-16 17:19:22,915] {logging_mixin.py:109} INFO - [2022-02-16 17:19:22,915] {dag.py:2396} INFO - Sync 1 DAGs
[2022-02-16 17:19:22,941] {logging_mixin.py:109} INFO - [2022-02-16 17:19:22,941] {dag.py:2935} INFO - Setting next_dagrun for example_time_delta_sensor_async to None
[2022-02-16 17:19:22,951] {processor.py:171} INFO - Processing /home/airflow/.local/lib/python3.7/site-packages/airflow/example_dags/example_time_delta_sensor_async.py took 0.099 seconds
[2022-02-16 17:19:54,374] {processor.py:163} INFO - Started process (PID=8122) to work on /home/airflow/.local/lib/python3.7/site-packages/airflow/example_dags/example_time_delta_sensor_async.py
[2022-02-16 17:19:54,375] {processor.py:642} INFO - Processing file /home/airflow/.local/lib/python3.7/site-packages/airflow/example_dags/example_time_delta_sensor_async.py for tasks to queue
[2022-02-16 17:19:54,376] {logging_mixin.py:109} INFO - [2022-02-16 17:19:54,375] {dagbag.py:500} INFO - Filling up the DagBag from /home/airflow/.local/lib/python3.7/site-packages/airflow/example_dags/example_time_delta_sensor_async.py
[2022-02-16 17:19:54,407] {processor.py:654} INFO - DAG(s) dict_keys(['example_time_delta_sensor_async']) retrieved from /home/airflow/.local/lib/python3.7/site-packages/airflow/example_dags/example_time_delta_sensor_async.py
[2022-02-16 17:19:54,425] {logging_mixin.py:109} INFO - [2022-02-16 17:19:54,425] {dag.py:2396} INFO - Sync 1 DAGs
[2022-02-16 17:19:54,454] {logging_mixin.py:109} INFO - [2022-02-16 17:19:54,454] {dag.py:2935} INFO - Setting next_dagrun for example_time_delta_sensor_async to None
[2022-02-16 17:19:54,476] {processor.py:171} INFO - Processing /home/airflow/.local/lib/python3.7/site-packages/airflow/example_dags/example_time_delta_sensor_async.py took 0.106 seconds
[2022-02-16 17:20:25,473] {processor.py:163} INFO - Started process (PID=8322) to work on /home/airflow/.local/lib/python3.7/site-packages/airflow/example_dags/example_time_delta_sensor_async.py
[2022-02-16 17:20:25,474] {processor.py:642} INFO - Processing file /home/airflow/.local/lib/python3.7/site-packages/airflow/example_dags/example_time_delta_sensor_async.py for tasks to queue
[2022-02-16 17:20:25,475] {logging_mixin.py:109} INFO - [2022-02-16 17:20:25,475] {dagbag.py:500} INFO - Filling up the DagBag from /home/airflow/.local/lib/python3.7/site-packages/airflow/example_dags/example_time_delta_sensor_async.py
[2022-02-16 17:20:25,508] {processor.py:654} INFO - DAG(s) dict_keys(['example_time_delta_sensor_async']) retrieved from /home/airflow/.local/lib/python3.7/site-packages/airflow/example_dags/example_time_delta_sensor_async.py
[2022-02-16 17:20:25,521] {logging_mixin.py:109} INFO - [2022-02-16 17:20:25,520] {dag.py:2396} INFO - Sync 1 DAGs
[2022-02-16 17:20:25,553] {logging_mixin.py:109} INFO - [2022-02-16 17:20:25,553] {dag.py:2935} INFO - Setting next_dagrun for example_time_delta_sensor_async to None
[2022-02-16 17:20:25,576] {processor.py:171} INFO - Processing /home/airflow/.local/lib/python3.7/site-packages/airflow/example_dags/example_time_delta_sensor_async.py took 0.108 seconds
[2022-02-16 17:20:55,679] {processor.py:163} INFO - Started process (PID=8510) to work on /home/airflow/.local/lib/python3.7/site-packages/airflow/example_dags/example_time_delta_sensor_async.py
[2022-02-16 17:20:55,680] {processor.py:642} INFO - Processing file /home/airflow/.local/lib/python3.7/site-packages/airflow/example_dags/example_time_delta_sensor_async.py for tasks to queue
[2022-02-16 17:20:55,681] {logging_mixin.py:109} INFO - [2022-02-16 17:20:55,681] {dagbag.py:500} INFO - Filling up the DagBag from /home/airflow/.local/lib/python3.7/site-packages/airflow/example_dags/example_time_delta_sensor_async.py
[2022-02-16 17:20:55,711] {processor.py:654} INFO - DAG(s) dict_keys(['example_time_delta_sensor_async']) retrieved from /home/airflow/.local/lib/python3.7/site-packages/airflow/example_dags/example_time_delta_sensor_async.py
[2022-02-16 17:20:55,721] {logging_mixin.py:109} INFO - [2022-02-16 17:20:55,721] {dag.py:2396} INFO - Sync 1 DAGs
[2022-02-16 17:20:55,738] {logging_mixin.py:109} INFO - [2022-02-16 17:20:55,738] {dag.py:2935} INFO - Setting next_dagrun for example_time_delta_sensor_async to None
[2022-02-16 17:20:55,748] {processor.py:171} INFO - Processing /home/airflow/.local/lib/python3.7/site-packages/airflow/example_dags/example_time_delta_sensor_async.py took 0.072 seconds
