[2022-02-16 16:58:53,521] {processor.py:163} INFO - Started process (PID=322) to work on /home/airflow/.local/lib/python3.7/site-packages/airflow/example_dags/example_branch_operator.py
[2022-02-16 16:58:53,522] {processor.py:642} INFO - Processing file /home/airflow/.local/lib/python3.7/site-packages/airflow/example_dags/example_branch_operator.py for tasks to queue
[2022-02-16 16:58:53,523] {logging_mixin.py:109} INFO - [2022-02-16 16:58:53,523] {dagbag.py:500} INFO - Filling up the DagBag from /home/airflow/.local/lib/python3.7/site-packages/airflow/example_dags/example_branch_operator.py
[2022-02-16 16:58:53,579] {processor.py:654} INFO - DAG(s) dict_keys(['example_branch_operator']) retrieved from /home/airflow/.local/lib/python3.7/site-packages/airflow/example_dags/example_branch_operator.py
[2022-02-16 16:58:55,606] {logging_mixin.py:109} INFO - [2022-02-16 16:58:55,605] {manager.py:496} INFO - Created Permission View: can read on DAG:example_branch_operator
[2022-02-16 16:58:55,613] {logging_mixin.py:109} INFO - [2022-02-16 16:58:55,613] {manager.py:496} INFO - Created Permission View: can edit on DAG:example_branch_operator
[2022-02-16 16:58:55,614] {logging_mixin.py:109} INFO - [2022-02-16 16:58:55,614] {dag.py:2396} INFO - Sync 1 DAGs
[2022-02-16 16:58:55,621] {logging_mixin.py:109} INFO - [2022-02-16 16:58:55,621] {dag.py:2415} INFO - Creating ORM DAG for example_branch_operator
[2022-02-16 16:58:55,640] {logging_mixin.py:109} INFO - [2022-02-16 16:58:55,640] {dag.py:2935} INFO - Setting next_dagrun for example_branch_operator to 2022-02-15 00:00:00+00:00
[2022-02-16 16:58:55,667] {processor.py:171} INFO - Processing /home/airflow/.local/lib/python3.7/site-packages/airflow/example_dags/example_branch_operator.py took 2.152 seconds
[2022-02-16 16:59:25,825] {processor.py:163} INFO - Started process (PID=541) to work on /home/airflow/.local/lib/python3.7/site-packages/airflow/example_dags/example_branch_operator.py
[2022-02-16 16:59:25,826] {processor.py:642} INFO - Processing file /home/airflow/.local/lib/python3.7/site-packages/airflow/example_dags/example_branch_operator.py for tasks to queue
[2022-02-16 16:59:25,839] {logging_mixin.py:109} INFO - [2022-02-16 16:59:25,839] {dagbag.py:500} INFO - Filling up the DagBag from /home/airflow/.local/lib/python3.7/site-packages/airflow/example_dags/example_branch_operator.py
[2022-02-16 16:59:26,291] {processor.py:654} INFO - DAG(s) dict_keys(['example_branch_operator']) retrieved from /home/airflow/.local/lib/python3.7/site-packages/airflow/example_dags/example_branch_operator.py
[2022-02-16 16:59:26,314] {logging_mixin.py:109} INFO - [2022-02-16 16:59:26,314] {dag.py:2396} INFO - Sync 1 DAGs
[2022-02-16 16:59:26,360] {logging_mixin.py:109} INFO - [2022-02-16 16:59:26,360] {dag.py:2935} INFO - Setting next_dagrun for example_branch_operator to 2022-02-15 00:00:00+00:00
[2022-02-16 16:59:26,375] {processor.py:171} INFO - Processing /home/airflow/.local/lib/python3.7/site-packages/airflow/example_dags/example_branch_operator.py took 0.559 seconds
[2022-02-16 16:59:57,005] {processor.py:163} INFO - Started process (PID=721) to work on /home/airflow/.local/lib/python3.7/site-packages/airflow/example_dags/example_branch_operator.py
[2022-02-16 16:59:57,010] {processor.py:642} INFO - Processing file /home/airflow/.local/lib/python3.7/site-packages/airflow/example_dags/example_branch_operator.py for tasks to queue
[2022-02-16 16:59:57,011] {logging_mixin.py:109} INFO - [2022-02-16 16:59:57,011] {dagbag.py:500} INFO - Filling up the DagBag from /home/airflow/.local/lib/python3.7/site-packages/airflow/example_dags/example_branch_operator.py
[2022-02-16 16:59:57,115] {processor.py:654} INFO - DAG(s) dict_keys(['example_branch_operator']) retrieved from /home/airflow/.local/lib/python3.7/site-packages/airflow/example_dags/example_branch_operator.py
[2022-02-16 16:59:57,143] {logging_mixin.py:109} INFO - [2022-02-16 16:59:57,143] {dag.py:2396} INFO - Sync 1 DAGs
[2022-02-16 16:59:57,205] {logging_mixin.py:109} INFO - [2022-02-16 16:59:57,205] {dag.py:2935} INFO - Setting next_dagrun for example_branch_operator to 2022-02-15 00:00:00+00:00
[2022-02-16 16:59:57,244] {processor.py:171} INFO - Processing /home/airflow/.local/lib/python3.7/site-packages/airflow/example_dags/example_branch_operator.py took 0.246 seconds
[2022-02-16 17:00:28,074] {processor.py:163} INFO - Started process (PID=899) to work on /home/airflow/.local/lib/python3.7/site-packages/airflow/example_dags/example_branch_operator.py
[2022-02-16 17:00:28,086] {processor.py:642} INFO - Processing file /home/airflow/.local/lib/python3.7/site-packages/airflow/example_dags/example_branch_operator.py for tasks to queue
[2022-02-16 17:00:28,087] {logging_mixin.py:109} INFO - [2022-02-16 17:00:28,086] {dagbag.py:500} INFO - Filling up the DagBag from /home/airflow/.local/lib/python3.7/site-packages/airflow/example_dags/example_branch_operator.py
[2022-02-16 17:00:28,156] {processor.py:654} INFO - DAG(s) dict_keys(['example_branch_operator']) retrieved from /home/airflow/.local/lib/python3.7/site-packages/airflow/example_dags/example_branch_operator.py
[2022-02-16 17:00:28,169] {logging_mixin.py:109} INFO - [2022-02-16 17:00:28,169] {dag.py:2396} INFO - Sync 1 DAGs
[2022-02-16 17:00:28,192] {logging_mixin.py:109} INFO - [2022-02-16 17:00:28,191] {dag.py:2935} INFO - Setting next_dagrun for example_branch_operator to 2022-02-15 00:00:00+00:00
[2022-02-16 17:00:28,212] {processor.py:171} INFO - Processing /home/airflow/.local/lib/python3.7/site-packages/airflow/example_dags/example_branch_operator.py took 0.142 seconds
[2022-02-16 17:00:58,426] {processor.py:163} INFO - Started process (PID=1080) to work on /home/airflow/.local/lib/python3.7/site-packages/airflow/example_dags/example_branch_operator.py
[2022-02-16 17:00:58,430] {processor.py:642} INFO - Processing file /home/airflow/.local/lib/python3.7/site-packages/airflow/example_dags/example_branch_operator.py for tasks to queue
[2022-02-16 17:00:58,439] {logging_mixin.py:109} INFO - [2022-02-16 17:00:58,439] {dagbag.py:500} INFO - Filling up the DagBag from /home/airflow/.local/lib/python3.7/site-packages/airflow/example_dags/example_branch_operator.py
[2022-02-16 17:00:58,503] {processor.py:654} INFO - DAG(s) dict_keys(['example_branch_operator']) retrieved from /home/airflow/.local/lib/python3.7/site-packages/airflow/example_dags/example_branch_operator.py
[2022-02-16 17:00:58,526] {logging_mixin.py:109} INFO - [2022-02-16 17:00:58,526] {dag.py:2396} INFO - Sync 1 DAGs
[2022-02-16 17:00:58,568] {logging_mixin.py:109} INFO - [2022-02-16 17:00:58,568] {dag.py:2935} INFO - Setting next_dagrun for example_branch_operator to 2022-02-15 00:00:00+00:00
[2022-02-16 17:00:58,580] {processor.py:171} INFO - Processing /home/airflow/.local/lib/python3.7/site-packages/airflow/example_dags/example_branch_operator.py took 0.158 seconds
[2022-02-16 17:01:28,668] {processor.py:163} INFO - Started process (PID=1260) to work on /home/airflow/.local/lib/python3.7/site-packages/airflow/example_dags/example_branch_operator.py
[2022-02-16 17:01:28,671] {processor.py:642} INFO - Processing file /home/airflow/.local/lib/python3.7/site-packages/airflow/example_dags/example_branch_operator.py for tasks to queue
[2022-02-16 17:01:28,672] {logging_mixin.py:109} INFO - [2022-02-16 17:01:28,672] {dagbag.py:500} INFO - Filling up the DagBag from /home/airflow/.local/lib/python3.7/site-packages/airflow/example_dags/example_branch_operator.py
[2022-02-16 17:01:28,709] {processor.py:654} INFO - DAG(s) dict_keys(['example_branch_operator']) retrieved from /home/airflow/.local/lib/python3.7/site-packages/airflow/example_dags/example_branch_operator.py
[2022-02-16 17:01:28,722] {logging_mixin.py:109} INFO - [2022-02-16 17:01:28,722] {dag.py:2396} INFO - Sync 1 DAGs
[2022-02-16 17:01:28,742] {logging_mixin.py:109} INFO - [2022-02-16 17:01:28,742] {dag.py:2935} INFO - Setting next_dagrun for example_branch_operator to 2022-02-15 00:00:00+00:00
[2022-02-16 17:01:28,753] {processor.py:171} INFO - Processing /home/airflow/.local/lib/python3.7/site-packages/airflow/example_dags/example_branch_operator.py took 0.090 seconds
[2022-02-16 17:01:59,516] {processor.py:163} INFO - Started process (PID=1438) to work on /home/airflow/.local/lib/python3.7/site-packages/airflow/example_dags/example_branch_operator.py
[2022-02-16 17:01:59,518] {processor.py:642} INFO - Processing file /home/airflow/.local/lib/python3.7/site-packages/airflow/example_dags/example_branch_operator.py for tasks to queue
[2022-02-16 17:01:59,519] {logging_mixin.py:109} INFO - [2022-02-16 17:01:59,519] {dagbag.py:500} INFO - Filling up the DagBag from /home/airflow/.local/lib/python3.7/site-packages/airflow/example_dags/example_branch_operator.py
[2022-02-16 17:01:59,592] {processor.py:654} INFO - DAG(s) dict_keys(['example_branch_operator']) retrieved from /home/airflow/.local/lib/python3.7/site-packages/airflow/example_dags/example_branch_operator.py
[2022-02-16 17:01:59,611] {logging_mixin.py:109} INFO - [2022-02-16 17:01:59,611] {dag.py:2396} INFO - Sync 1 DAGs
[2022-02-16 17:01:59,637] {logging_mixin.py:109} INFO - [2022-02-16 17:01:59,637] {dag.py:2935} INFO - Setting next_dagrun for example_branch_operator to 2022-02-15 00:00:00+00:00
[2022-02-16 17:01:59,655] {processor.py:171} INFO - Processing /home/airflow/.local/lib/python3.7/site-packages/airflow/example_dags/example_branch_operator.py took 0.145 seconds
[2022-02-16 17:02:30,078] {processor.py:163} INFO - Started process (PID=1616) to work on /home/airflow/.local/lib/python3.7/site-packages/airflow/example_dags/example_branch_operator.py
[2022-02-16 17:02:30,080] {processor.py:642} INFO - Processing file /home/airflow/.local/lib/python3.7/site-packages/airflow/example_dags/example_branch_operator.py for tasks to queue
[2022-02-16 17:02:30,081] {logging_mixin.py:109} INFO - [2022-02-16 17:02:30,081] {dagbag.py:500} INFO - Filling up the DagBag from /home/airflow/.local/lib/python3.7/site-packages/airflow/example_dags/example_branch_operator.py
[2022-02-16 17:02:30,119] {processor.py:654} INFO - DAG(s) dict_keys(['example_branch_operator']) retrieved from /home/airflow/.local/lib/python3.7/site-packages/airflow/example_dags/example_branch_operator.py
[2022-02-16 17:02:30,133] {logging_mixin.py:109} INFO - [2022-02-16 17:02:30,133] {dag.py:2396} INFO - Sync 1 DAGs
[2022-02-16 17:02:30,153] {logging_mixin.py:109} INFO - [2022-02-16 17:02:30,152] {dag.py:2935} INFO - Setting next_dagrun for example_branch_operator to 2022-02-15 00:00:00+00:00
[2022-02-16 17:02:30,163] {processor.py:171} INFO - Processing /home/airflow/.local/lib/python3.7/site-packages/airflow/example_dags/example_branch_operator.py took 0.090 seconds
[2022-02-16 17:03:00,344] {processor.py:163} INFO - Started process (PID=1804) to work on /home/airflow/.local/lib/python3.7/site-packages/airflow/example_dags/example_branch_operator.py
[2022-02-16 17:03:00,345] {processor.py:642} INFO - Processing file /home/airflow/.local/lib/python3.7/site-packages/airflow/example_dags/example_branch_operator.py for tasks to queue
[2022-02-16 17:03:00,346] {logging_mixin.py:109} INFO - [2022-02-16 17:03:00,346] {dagbag.py:500} INFO - Filling up the DagBag from /home/airflow/.local/lib/python3.7/site-packages/airflow/example_dags/example_branch_operator.py
[2022-02-16 17:03:00,386] {processor.py:654} INFO - DAG(s) dict_keys(['example_branch_operator']) retrieved from /home/airflow/.local/lib/python3.7/site-packages/airflow/example_dags/example_branch_operator.py
[2022-02-16 17:03:00,402] {logging_mixin.py:109} INFO - [2022-02-16 17:03:00,401] {dag.py:2396} INFO - Sync 1 DAGs
[2022-02-16 17:03:00,424] {logging_mixin.py:109} INFO - [2022-02-16 17:03:00,424] {dag.py:2935} INFO - Setting next_dagrun for example_branch_operator to 2022-02-15 00:00:00+00:00
[2022-02-16 17:03:00,434] {processor.py:171} INFO - Processing /home/airflow/.local/lib/python3.7/site-packages/airflow/example_dags/example_branch_operator.py took 0.097 seconds
[2022-02-16 17:03:30,792] {processor.py:163} INFO - Started process (PID=1989) to work on /home/airflow/.local/lib/python3.7/site-packages/airflow/example_dags/example_branch_operator.py
[2022-02-16 17:03:30,794] {processor.py:642} INFO - Processing file /home/airflow/.local/lib/python3.7/site-packages/airflow/example_dags/example_branch_operator.py for tasks to queue
[2022-02-16 17:03:30,795] {logging_mixin.py:109} INFO - [2022-02-16 17:03:30,794] {dagbag.py:500} INFO - Filling up the DagBag from /home/airflow/.local/lib/python3.7/site-packages/airflow/example_dags/example_branch_operator.py
[2022-02-16 17:03:30,835] {processor.py:654} INFO - DAG(s) dict_keys(['example_branch_operator']) retrieved from /home/airflow/.local/lib/python3.7/site-packages/airflow/example_dags/example_branch_operator.py
[2022-02-16 17:03:30,850] {logging_mixin.py:109} INFO - [2022-02-16 17:03:30,849] {dag.py:2396} INFO - Sync 1 DAGs
[2022-02-16 17:03:30,871] {logging_mixin.py:109} INFO - [2022-02-16 17:03:30,871] {dag.py:2935} INFO - Setting next_dagrun for example_branch_operator to 2022-02-15 00:00:00+00:00
[2022-02-16 17:03:30,882] {processor.py:171} INFO - Processing /home/airflow/.local/lib/python3.7/site-packages/airflow/example_dags/example_branch_operator.py took 0.094 seconds
[2022-02-16 17:04:01,399] {processor.py:163} INFO - Started process (PID=2174) to work on /home/airflow/.local/lib/python3.7/site-packages/airflow/example_dags/example_branch_operator.py
[2022-02-16 17:04:01,400] {processor.py:642} INFO - Processing file /home/airflow/.local/lib/python3.7/site-packages/airflow/example_dags/example_branch_operator.py for tasks to queue
[2022-02-16 17:04:01,404] {logging_mixin.py:109} INFO - [2022-02-16 17:04:01,404] {dagbag.py:500} INFO - Filling up the DagBag from /home/airflow/.local/lib/python3.7/site-packages/airflow/example_dags/example_branch_operator.py
[2022-02-16 17:04:01,448] {processor.py:654} INFO - DAG(s) dict_keys(['example_branch_operator']) retrieved from /home/airflow/.local/lib/python3.7/site-packages/airflow/example_dags/example_branch_operator.py
[2022-02-16 17:04:01,466] {logging_mixin.py:109} INFO - [2022-02-16 17:04:01,466] {dag.py:2396} INFO - Sync 1 DAGs
[2022-02-16 17:04:01,494] {logging_mixin.py:109} INFO - [2022-02-16 17:04:01,494] {dag.py:2935} INFO - Setting next_dagrun for example_branch_operator to 2022-02-15 00:00:00+00:00
[2022-02-16 17:04:01,507] {processor.py:171} INFO - Processing /home/airflow/.local/lib/python3.7/site-packages/airflow/example_dags/example_branch_operator.py took 0.116 seconds
[2022-02-16 17:04:32,147] {processor.py:163} INFO - Started process (PID=2365) to work on /home/airflow/.local/lib/python3.7/site-packages/airflow/example_dags/example_branch_operator.py
[2022-02-16 17:04:32,149] {processor.py:642} INFO - Processing file /home/airflow/.local/lib/python3.7/site-packages/airflow/example_dags/example_branch_operator.py for tasks to queue
[2022-02-16 17:04:32,150] {logging_mixin.py:109} INFO - [2022-02-16 17:04:32,150] {dagbag.py:500} INFO - Filling up the DagBag from /home/airflow/.local/lib/python3.7/site-packages/airflow/example_dags/example_branch_operator.py
[2022-02-16 17:04:32,188] {processor.py:654} INFO - DAG(s) dict_keys(['example_branch_operator']) retrieved from /home/airflow/.local/lib/python3.7/site-packages/airflow/example_dags/example_branch_operator.py
[2022-02-16 17:04:32,201] {logging_mixin.py:109} INFO - [2022-02-16 17:04:32,200] {dag.py:2396} INFO - Sync 1 DAGs
[2022-02-16 17:04:32,219] {logging_mixin.py:109} INFO - [2022-02-16 17:04:32,219] {dag.py:2935} INFO - Setting next_dagrun for example_branch_operator to 2022-02-15 00:00:00+00:00
[2022-02-16 17:04:32,228] {processor.py:171} INFO - Processing /home/airflow/.local/lib/python3.7/site-packages/airflow/example_dags/example_branch_operator.py took 0.086 seconds
[2022-02-16 17:05:02,349] {processor.py:163} INFO - Started process (PID=2565) to work on /home/airflow/.local/lib/python3.7/site-packages/airflow/example_dags/example_branch_operator.py
[2022-02-16 17:05:02,350] {processor.py:642} INFO - Processing file /home/airflow/.local/lib/python3.7/site-packages/airflow/example_dags/example_branch_operator.py for tasks to queue
[2022-02-16 17:05:02,351] {logging_mixin.py:109} INFO - [2022-02-16 17:05:02,351] {dagbag.py:500} INFO - Filling up the DagBag from /home/airflow/.local/lib/python3.7/site-packages/airflow/example_dags/example_branch_operator.py
[2022-02-16 17:05:02,397] {processor.py:654} INFO - DAG(s) dict_keys(['example_branch_operator']) retrieved from /home/airflow/.local/lib/python3.7/site-packages/airflow/example_dags/example_branch_operator.py
[2022-02-16 17:05:02,414] {logging_mixin.py:109} INFO - [2022-02-16 17:05:02,414] {dag.py:2396} INFO - Sync 1 DAGs
[2022-02-16 17:05:02,441] {logging_mixin.py:109} INFO - [2022-02-16 17:05:02,441] {dag.py:2935} INFO - Setting next_dagrun for example_branch_operator to 2022-02-15 00:00:00+00:00
[2022-02-16 17:05:02,452] {processor.py:171} INFO - Processing /home/airflow/.local/lib/python3.7/site-packages/airflow/example_dags/example_branch_operator.py took 0.108 seconds
[2022-02-16 17:05:33,171] {processor.py:163} INFO - Started process (PID=2745) to work on /home/airflow/.local/lib/python3.7/site-packages/airflow/example_dags/example_branch_operator.py
[2022-02-16 17:05:33,172] {processor.py:642} INFO - Processing file /home/airflow/.local/lib/python3.7/site-packages/airflow/example_dags/example_branch_operator.py for tasks to queue
[2022-02-16 17:05:33,173] {logging_mixin.py:109} INFO - [2022-02-16 17:05:33,173] {dagbag.py:500} INFO - Filling up the DagBag from /home/airflow/.local/lib/python3.7/site-packages/airflow/example_dags/example_branch_operator.py
[2022-02-16 17:05:33,224] {processor.py:654} INFO - DAG(s) dict_keys(['example_branch_operator']) retrieved from /home/airflow/.local/lib/python3.7/site-packages/airflow/example_dags/example_branch_operator.py
[2022-02-16 17:05:33,245] {logging_mixin.py:109} INFO - [2022-02-16 17:05:33,245] {dag.py:2396} INFO - Sync 1 DAGs
[2022-02-16 17:05:33,276] {logging_mixin.py:109} INFO - [2022-02-16 17:05:33,276] {dag.py:2935} INFO - Setting next_dagrun for example_branch_operator to 2022-02-15 00:00:00+00:00
[2022-02-16 17:05:33,293] {processor.py:171} INFO - Processing /home/airflow/.local/lib/python3.7/site-packages/airflow/example_dags/example_branch_operator.py took 0.127 seconds
[2022-02-16 17:06:04,022] {processor.py:163} INFO - Started process (PID=2929) to work on /home/airflow/.local/lib/python3.7/site-packages/airflow/example_dags/example_branch_operator.py
[2022-02-16 17:06:04,024] {processor.py:642} INFO - Processing file /home/airflow/.local/lib/python3.7/site-packages/airflow/example_dags/example_branch_operator.py for tasks to queue
[2022-02-16 17:06:04,024] {logging_mixin.py:109} INFO - [2022-02-16 17:06:04,024] {dagbag.py:500} INFO - Filling up the DagBag from /home/airflow/.local/lib/python3.7/site-packages/airflow/example_dags/example_branch_operator.py
[2022-02-16 17:06:04,059] {processor.py:654} INFO - DAG(s) dict_keys(['example_branch_operator']) retrieved from /home/airflow/.local/lib/python3.7/site-packages/airflow/example_dags/example_branch_operator.py
[2022-02-16 17:06:04,073] {logging_mixin.py:109} INFO - [2022-02-16 17:06:04,073] {dag.py:2396} INFO - Sync 1 DAGs
[2022-02-16 17:06:04,108] {logging_mixin.py:109} INFO - [2022-02-16 17:06:04,108] {dag.py:2935} INFO - Setting next_dagrun for example_branch_operator to 2022-02-15 00:00:00+00:00
[2022-02-16 17:06:04,124] {processor.py:171} INFO - Processing /home/airflow/.local/lib/python3.7/site-packages/airflow/example_dags/example_branch_operator.py took 0.107 seconds
[2022-02-16 17:06:34,529] {processor.py:163} INFO - Started process (PID=3115) to work on /home/airflow/.local/lib/python3.7/site-packages/airflow/example_dags/example_branch_operator.py
[2022-02-16 17:06:34,530] {processor.py:642} INFO - Processing file /home/airflow/.local/lib/python3.7/site-packages/airflow/example_dags/example_branch_operator.py for tasks to queue
[2022-02-16 17:06:34,531] {logging_mixin.py:109} INFO - [2022-02-16 17:06:34,531] {dagbag.py:500} INFO - Filling up the DagBag from /home/airflow/.local/lib/python3.7/site-packages/airflow/example_dags/example_branch_operator.py
[2022-02-16 17:06:34,565] {processor.py:654} INFO - DAG(s) dict_keys(['example_branch_operator']) retrieved from /home/airflow/.local/lib/python3.7/site-packages/airflow/example_dags/example_branch_operator.py
[2022-02-16 17:06:34,577] {logging_mixin.py:109} INFO - [2022-02-16 17:06:34,577] {dag.py:2396} INFO - Sync 1 DAGs
[2022-02-16 17:06:34,595] {logging_mixin.py:109} INFO - [2022-02-16 17:06:34,595] {dag.py:2935} INFO - Setting next_dagrun for example_branch_operator to 2022-02-15 00:00:00+00:00
[2022-02-16 17:06:34,603] {processor.py:171} INFO - Processing /home/airflow/.local/lib/python3.7/site-packages/airflow/example_dags/example_branch_operator.py took 0.078 seconds
[2022-02-16 17:07:05,235] {processor.py:163} INFO - Started process (PID=3307) to work on /home/airflow/.local/lib/python3.7/site-packages/airflow/example_dags/example_branch_operator.py
[2022-02-16 17:07:05,237] {processor.py:642} INFO - Processing file /home/airflow/.local/lib/python3.7/site-packages/airflow/example_dags/example_branch_operator.py for tasks to queue
[2022-02-16 17:07:05,238] {logging_mixin.py:109} INFO - [2022-02-16 17:07:05,238] {dagbag.py:500} INFO - Filling up the DagBag from /home/airflow/.local/lib/python3.7/site-packages/airflow/example_dags/example_branch_operator.py
[2022-02-16 17:07:05,282] {processor.py:654} INFO - DAG(s) dict_keys(['example_branch_operator']) retrieved from /home/airflow/.local/lib/python3.7/site-packages/airflow/example_dags/example_branch_operator.py
[2022-02-16 17:07:05,299] {logging_mixin.py:109} INFO - [2022-02-16 17:07:05,299] {dag.py:2396} INFO - Sync 1 DAGs
[2022-02-16 17:07:05,324] {logging_mixin.py:109} INFO - [2022-02-16 17:07:05,324] {dag.py:2935} INFO - Setting next_dagrun for example_branch_operator to 2022-02-15 00:00:00+00:00
[2022-02-16 17:07:05,335] {processor.py:171} INFO - Processing /home/airflow/.local/lib/python3.7/site-packages/airflow/example_dags/example_branch_operator.py took 0.105 seconds
[2022-02-16 17:07:35,633] {processor.py:163} INFO - Started process (PID=3490) to work on /home/airflow/.local/lib/python3.7/site-packages/airflow/example_dags/example_branch_operator.py
[2022-02-16 17:07:35,635] {processor.py:642} INFO - Processing file /home/airflow/.local/lib/python3.7/site-packages/airflow/example_dags/example_branch_operator.py for tasks to queue
[2022-02-16 17:07:35,636] {logging_mixin.py:109} INFO - [2022-02-16 17:07:35,636] {dagbag.py:500} INFO - Filling up the DagBag from /home/airflow/.local/lib/python3.7/site-packages/airflow/example_dags/example_branch_operator.py
[2022-02-16 17:07:35,673] {processor.py:654} INFO - DAG(s) dict_keys(['example_branch_operator']) retrieved from /home/airflow/.local/lib/python3.7/site-packages/airflow/example_dags/example_branch_operator.py
[2022-02-16 17:07:35,687] {logging_mixin.py:109} INFO - [2022-02-16 17:07:35,687] {dag.py:2396} INFO - Sync 1 DAGs
[2022-02-16 17:07:35,708] {logging_mixin.py:109} INFO - [2022-02-16 17:07:35,708] {dag.py:2935} INFO - Setting next_dagrun for example_branch_operator to 2022-02-15 00:00:00+00:00
[2022-02-16 17:07:35,719] {processor.py:171} INFO - Processing /home/airflow/.local/lib/python3.7/site-packages/airflow/example_dags/example_branch_operator.py took 0.089 seconds
[2022-02-16 17:08:06,203] {processor.py:163} INFO - Started process (PID=3677) to work on /home/airflow/.local/lib/python3.7/site-packages/airflow/example_dags/example_branch_operator.py
[2022-02-16 17:08:06,204] {processor.py:642} INFO - Processing file /home/airflow/.local/lib/python3.7/site-packages/airflow/example_dags/example_branch_operator.py for tasks to queue
[2022-02-16 17:08:06,205] {logging_mixin.py:109} INFO - [2022-02-16 17:08:06,205] {dagbag.py:500} INFO - Filling up the DagBag from /home/airflow/.local/lib/python3.7/site-packages/airflow/example_dags/example_branch_operator.py
[2022-02-16 17:08:06,239] {processor.py:654} INFO - DAG(s) dict_keys(['example_branch_operator']) retrieved from /home/airflow/.local/lib/python3.7/site-packages/airflow/example_dags/example_branch_operator.py
[2022-02-16 17:08:06,251] {logging_mixin.py:109} INFO - [2022-02-16 17:08:06,251] {dag.py:2396} INFO - Sync 1 DAGs
[2022-02-16 17:08:06,270] {logging_mixin.py:109} INFO - [2022-02-16 17:08:06,269] {dag.py:2935} INFO - Setting next_dagrun for example_branch_operator to 2022-02-15 00:00:00+00:00
[2022-02-16 17:08:06,278] {processor.py:171} INFO - Processing /home/airflow/.local/lib/python3.7/site-packages/airflow/example_dags/example_branch_operator.py took 0.079 seconds
[2022-02-16 17:08:36,686] {processor.py:163} INFO - Started process (PID=3867) to work on /home/airflow/.local/lib/python3.7/site-packages/airflow/example_dags/example_branch_operator.py
[2022-02-16 17:08:36,688] {processor.py:642} INFO - Processing file /home/airflow/.local/lib/python3.7/site-packages/airflow/example_dags/example_branch_operator.py for tasks to queue
[2022-02-16 17:08:36,689] {logging_mixin.py:109} INFO - [2022-02-16 17:08:36,688] {dagbag.py:500} INFO - Filling up the DagBag from /home/airflow/.local/lib/python3.7/site-packages/airflow/example_dags/example_branch_operator.py
[2022-02-16 17:08:36,922] {processor.py:654} INFO - DAG(s) dict_keys(['example_branch_operator']) retrieved from /home/airflow/.local/lib/python3.7/site-packages/airflow/example_dags/example_branch_operator.py
[2022-02-16 17:08:36,976] {logging_mixin.py:109} INFO - [2022-02-16 17:08:36,976] {dag.py:2396} INFO - Sync 1 DAGs
[2022-02-16 17:08:37,014] {logging_mixin.py:109} INFO - [2022-02-16 17:08:37,014] {dag.py:2935} INFO - Setting next_dagrun for example_branch_operator to 2022-02-15 00:00:00+00:00
[2022-02-16 17:08:37,040] {processor.py:171} INFO - Processing /home/airflow/.local/lib/python3.7/site-packages/airflow/example_dags/example_branch_operator.py took 0.359 seconds
[2022-02-16 17:09:07,853] {processor.py:163} INFO - Started process (PID=4054) to work on /home/airflow/.local/lib/python3.7/site-packages/airflow/example_dags/example_branch_operator.py
[2022-02-16 17:09:07,867] {processor.py:642} INFO - Processing file /home/airflow/.local/lib/python3.7/site-packages/airflow/example_dags/example_branch_operator.py for tasks to queue
[2022-02-16 17:09:07,867] {logging_mixin.py:109} INFO - [2022-02-16 17:09:07,867] {dagbag.py:500} INFO - Filling up the DagBag from /home/airflow/.local/lib/python3.7/site-packages/airflow/example_dags/example_branch_operator.py
[2022-02-16 17:09:07,917] {processor.py:654} INFO - DAG(s) dict_keys(['example_branch_operator']) retrieved from /home/airflow/.local/lib/python3.7/site-packages/airflow/example_dags/example_branch_operator.py
[2022-02-16 17:09:07,932] {logging_mixin.py:109} INFO - [2022-02-16 17:09:07,930] {dag.py:2396} INFO - Sync 1 DAGs
[2022-02-16 17:09:07,952] {logging_mixin.py:109} INFO - [2022-02-16 17:09:07,952] {dag.py:2935} INFO - Setting next_dagrun for example_branch_operator to 2022-02-15 00:00:00+00:00
[2022-02-16 17:09:07,975] {processor.py:171} INFO - Processing /home/airflow/.local/lib/python3.7/site-packages/airflow/example_dags/example_branch_operator.py took 0.126 seconds
[2022-02-16 17:09:38,310] {processor.py:163} INFO - Started process (PID=4233) to work on /home/airflow/.local/lib/python3.7/site-packages/airflow/example_dags/example_branch_operator.py
[2022-02-16 17:09:38,312] {processor.py:642} INFO - Processing file /home/airflow/.local/lib/python3.7/site-packages/airflow/example_dags/example_branch_operator.py for tasks to queue
[2022-02-16 17:09:38,312] {logging_mixin.py:109} INFO - [2022-02-16 17:09:38,312] {dagbag.py:500} INFO - Filling up the DagBag from /home/airflow/.local/lib/python3.7/site-packages/airflow/example_dags/example_branch_operator.py
[2022-02-16 17:09:38,377] {processor.py:654} INFO - DAG(s) dict_keys(['example_branch_operator']) retrieved from /home/airflow/.local/lib/python3.7/site-packages/airflow/example_dags/example_branch_operator.py
[2022-02-16 17:09:38,401] {logging_mixin.py:109} INFO - [2022-02-16 17:09:38,401] {dag.py:2396} INFO - Sync 1 DAGs
[2022-02-16 17:09:38,435] {logging_mixin.py:109} INFO - [2022-02-16 17:09:38,435] {dag.py:2935} INFO - Setting next_dagrun for example_branch_operator to 2022-02-15 00:00:00+00:00
[2022-02-16 17:09:38,452] {processor.py:171} INFO - Processing /home/airflow/.local/lib/python3.7/site-packages/airflow/example_dags/example_branch_operator.py took 0.146 seconds
[2022-02-16 17:10:09,166] {processor.py:163} INFO - Started process (PID=4419) to work on /home/airflow/.local/lib/python3.7/site-packages/airflow/example_dags/example_branch_operator.py
[2022-02-16 17:10:09,168] {processor.py:642} INFO - Processing file /home/airflow/.local/lib/python3.7/site-packages/airflow/example_dags/example_branch_operator.py for tasks to queue
[2022-02-16 17:10:09,169] {logging_mixin.py:109} INFO - [2022-02-16 17:10:09,169] {dagbag.py:500} INFO - Filling up the DagBag from /home/airflow/.local/lib/python3.7/site-packages/airflow/example_dags/example_branch_operator.py
[2022-02-16 17:10:09,208] {processor.py:654} INFO - DAG(s) dict_keys(['example_branch_operator']) retrieved from /home/airflow/.local/lib/python3.7/site-packages/airflow/example_dags/example_branch_operator.py
[2022-02-16 17:10:09,220] {logging_mixin.py:109} INFO - [2022-02-16 17:10:09,220] {dag.py:2396} INFO - Sync 1 DAGs
[2022-02-16 17:10:09,242] {logging_mixin.py:109} INFO - [2022-02-16 17:10:09,242] {dag.py:2935} INFO - Setting next_dagrun for example_branch_operator to 2022-02-15 00:00:00+00:00
[2022-02-16 17:10:09,253] {processor.py:171} INFO - Processing /home/airflow/.local/lib/python3.7/site-packages/airflow/example_dags/example_branch_operator.py took 0.090 seconds
[2022-02-16 17:10:39,665] {processor.py:163} INFO - Started process (PID=4615) to work on /home/airflow/.local/lib/python3.7/site-packages/airflow/example_dags/example_branch_operator.py
[2022-02-16 17:10:39,676] {processor.py:642} INFO - Processing file /home/airflow/.local/lib/python3.7/site-packages/airflow/example_dags/example_branch_operator.py for tasks to queue
[2022-02-16 17:10:39,678] {logging_mixin.py:109} INFO - [2022-02-16 17:10:39,678] {dagbag.py:500} INFO - Filling up the DagBag from /home/airflow/.local/lib/python3.7/site-packages/airflow/example_dags/example_branch_operator.py
[2022-02-16 17:10:39,740] {processor.py:654} INFO - DAG(s) dict_keys(['example_branch_operator']) retrieved from /home/airflow/.local/lib/python3.7/site-packages/airflow/example_dags/example_branch_operator.py
[2022-02-16 17:10:39,768] {logging_mixin.py:109} INFO - [2022-02-16 17:10:39,768] {dag.py:2396} INFO - Sync 1 DAGs
[2022-02-16 17:10:39,811] {logging_mixin.py:109} INFO - [2022-02-16 17:10:39,811] {dag.py:2935} INFO - Setting next_dagrun for example_branch_operator to 2022-02-15 00:00:00+00:00
[2022-02-16 17:10:39,829] {processor.py:171} INFO - Processing /home/airflow/.local/lib/python3.7/site-packages/airflow/example_dags/example_branch_operator.py took 0.169 seconds
[2022-02-16 17:11:10,078] {processor.py:163} INFO - Started process (PID=4798) to work on /home/airflow/.local/lib/python3.7/site-packages/airflow/example_dags/example_branch_operator.py
[2022-02-16 17:11:10,083] {processor.py:642} INFO - Processing file /home/airflow/.local/lib/python3.7/site-packages/airflow/example_dags/example_branch_operator.py for tasks to queue
[2022-02-16 17:11:10,085] {logging_mixin.py:109} INFO - [2022-02-16 17:11:10,084] {dagbag.py:500} INFO - Filling up the DagBag from /home/airflow/.local/lib/python3.7/site-packages/airflow/example_dags/example_branch_operator.py
[2022-02-16 17:11:10,243] {processor.py:654} INFO - DAG(s) dict_keys(['example_branch_operator']) retrieved from /home/airflow/.local/lib/python3.7/site-packages/airflow/example_dags/example_branch_operator.py
[2022-02-16 17:11:10,276] {logging_mixin.py:109} INFO - [2022-02-16 17:11:10,275] {dag.py:2396} INFO - Sync 1 DAGs
[2022-02-16 17:11:10,316] {logging_mixin.py:109} INFO - [2022-02-16 17:11:10,315] {dag.py:2935} INFO - Setting next_dagrun for example_branch_operator to 2022-02-15 00:00:00+00:00
[2022-02-16 17:11:10,334] {processor.py:171} INFO - Processing /home/airflow/.local/lib/python3.7/site-packages/airflow/example_dags/example_branch_operator.py took 0.260 seconds
[2022-02-16 17:11:40,606] {processor.py:163} INFO - Started process (PID=4981) to work on /home/airflow/.local/lib/python3.7/site-packages/airflow/example_dags/example_branch_operator.py
[2022-02-16 17:11:40,608] {processor.py:642} INFO - Processing file /home/airflow/.local/lib/python3.7/site-packages/airflow/example_dags/example_branch_operator.py for tasks to queue
[2022-02-16 17:11:40,609] {logging_mixin.py:109} INFO - [2022-02-16 17:11:40,609] {dagbag.py:500} INFO - Filling up the DagBag from /home/airflow/.local/lib/python3.7/site-packages/airflow/example_dags/example_branch_operator.py
[2022-02-16 17:11:40,646] {processor.py:654} INFO - DAG(s) dict_keys(['example_branch_operator']) retrieved from /home/airflow/.local/lib/python3.7/site-packages/airflow/example_dags/example_branch_operator.py
[2022-02-16 17:11:40,659] {logging_mixin.py:109} INFO - [2022-02-16 17:11:40,659] {dag.py:2396} INFO - Sync 1 DAGs
[2022-02-16 17:11:40,678] {logging_mixin.py:109} INFO - [2022-02-16 17:11:40,678] {dag.py:2935} INFO - Setting next_dagrun for example_branch_operator to 2022-02-15 00:00:00+00:00
[2022-02-16 17:11:40,688] {processor.py:171} INFO - Processing /home/airflow/.local/lib/python3.7/site-packages/airflow/example_dags/example_branch_operator.py took 0.086 seconds
[2022-02-16 17:12:11,110] {processor.py:163} INFO - Started process (PID=5173) to work on /home/airflow/.local/lib/python3.7/site-packages/airflow/example_dags/example_branch_operator.py
[2022-02-16 17:12:11,112] {processor.py:642} INFO - Processing file /home/airflow/.local/lib/python3.7/site-packages/airflow/example_dags/example_branch_operator.py for tasks to queue
[2022-02-16 17:12:11,113] {logging_mixin.py:109} INFO - [2022-02-16 17:12:11,113] {dagbag.py:500} INFO - Filling up the DagBag from /home/airflow/.local/lib/python3.7/site-packages/airflow/example_dags/example_branch_operator.py
[2022-02-16 17:12:11,164] {processor.py:654} INFO - DAG(s) dict_keys(['example_branch_operator']) retrieved from /home/airflow/.local/lib/python3.7/site-packages/airflow/example_dags/example_branch_operator.py
[2022-02-16 17:12:11,181] {logging_mixin.py:109} INFO - [2022-02-16 17:12:11,181] {dag.py:2396} INFO - Sync 1 DAGs
[2022-02-16 17:12:11,210] {logging_mixin.py:109} INFO - [2022-02-16 17:12:11,210] {dag.py:2935} INFO - Setting next_dagrun for example_branch_operator to 2022-02-15 00:00:00+00:00
[2022-02-16 17:12:11,229] {processor.py:171} INFO - Processing /home/airflow/.local/lib/python3.7/site-packages/airflow/example_dags/example_branch_operator.py took 0.124 seconds
[2022-02-16 17:12:41,825] {processor.py:163} INFO - Started process (PID=5371) to work on /home/airflow/.local/lib/python3.7/site-packages/airflow/example_dags/example_branch_operator.py
[2022-02-16 17:12:41,832] {processor.py:642} INFO - Processing file /home/airflow/.local/lib/python3.7/site-packages/airflow/example_dags/example_branch_operator.py for tasks to queue
[2022-02-16 17:12:41,833] {logging_mixin.py:109} INFO - [2022-02-16 17:12:41,833] {dagbag.py:500} INFO - Filling up the DagBag from /home/airflow/.local/lib/python3.7/site-packages/airflow/example_dags/example_branch_operator.py
[2022-02-16 17:12:41,899] {processor.py:654} INFO - DAG(s) dict_keys(['example_branch_operator']) retrieved from /home/airflow/.local/lib/python3.7/site-packages/airflow/example_dags/example_branch_operator.py
[2022-02-16 17:12:41,917] {logging_mixin.py:109} INFO - [2022-02-16 17:12:41,917] {dag.py:2396} INFO - Sync 1 DAGs
[2022-02-16 17:12:41,944] {logging_mixin.py:109} INFO - [2022-02-16 17:12:41,944] {dag.py:2935} INFO - Setting next_dagrun for example_branch_operator to 2022-02-15 00:00:00+00:00
[2022-02-16 17:12:41,954] {processor.py:171} INFO - Processing /home/airflow/.local/lib/python3.7/site-packages/airflow/example_dags/example_branch_operator.py took 0.132 seconds
[2022-02-16 17:13:12,370] {processor.py:163} INFO - Started process (PID=5567) to work on /home/airflow/.local/lib/python3.7/site-packages/airflow/example_dags/example_branch_operator.py
[2022-02-16 17:13:12,372] {processor.py:642} INFO - Processing file /home/airflow/.local/lib/python3.7/site-packages/airflow/example_dags/example_branch_operator.py for tasks to queue
[2022-02-16 17:13:12,373] {logging_mixin.py:109} INFO - [2022-02-16 17:13:12,372] {dagbag.py:500} INFO - Filling up the DagBag from /home/airflow/.local/lib/python3.7/site-packages/airflow/example_dags/example_branch_operator.py
[2022-02-16 17:13:12,407] {processor.py:654} INFO - DAG(s) dict_keys(['example_branch_operator']) retrieved from /home/airflow/.local/lib/python3.7/site-packages/airflow/example_dags/example_branch_operator.py
[2022-02-16 17:13:12,421] {logging_mixin.py:109} INFO - [2022-02-16 17:13:12,420] {dag.py:2396} INFO - Sync 1 DAGs
[2022-02-16 17:13:12,440] {logging_mixin.py:109} INFO - [2022-02-16 17:13:12,440] {dag.py:2935} INFO - Setting next_dagrun for example_branch_operator to 2022-02-15 00:00:00+00:00
[2022-02-16 17:13:12,457] {processor.py:171} INFO - Processing /home/airflow/.local/lib/python3.7/site-packages/airflow/example_dags/example_branch_operator.py took 0.091 seconds
[2022-02-16 17:13:42,611] {processor.py:163} INFO - Started process (PID=5749) to work on /home/airflow/.local/lib/python3.7/site-packages/airflow/example_dags/example_branch_operator.py
[2022-02-16 17:13:42,613] {processor.py:642} INFO - Processing file /home/airflow/.local/lib/python3.7/site-packages/airflow/example_dags/example_branch_operator.py for tasks to queue
[2022-02-16 17:13:42,613] {logging_mixin.py:109} INFO - [2022-02-16 17:13:42,613] {dagbag.py:500} INFO - Filling up the DagBag from /home/airflow/.local/lib/python3.7/site-packages/airflow/example_dags/example_branch_operator.py
[2022-02-16 17:13:42,651] {processor.py:654} INFO - DAG(s) dict_keys(['example_branch_operator']) retrieved from /home/airflow/.local/lib/python3.7/site-packages/airflow/example_dags/example_branch_operator.py
[2022-02-16 17:13:42,665] {logging_mixin.py:109} INFO - [2022-02-16 17:13:42,665] {dag.py:2396} INFO - Sync 1 DAGs
[2022-02-16 17:13:42,687] {logging_mixin.py:109} INFO - [2022-02-16 17:13:42,687] {dag.py:2935} INFO - Setting next_dagrun for example_branch_operator to 2022-02-15 00:00:00+00:00
[2022-02-16 17:13:42,696] {processor.py:171} INFO - Processing /home/airflow/.local/lib/python3.7/site-packages/airflow/example_dags/example_branch_operator.py took 0.089 seconds
[2022-02-16 17:14:12,913] {processor.py:163} INFO - Started process (PID=5945) to work on /home/airflow/.local/lib/python3.7/site-packages/airflow/example_dags/example_branch_operator.py
[2022-02-16 17:14:12,914] {processor.py:642} INFO - Processing file /home/airflow/.local/lib/python3.7/site-packages/airflow/example_dags/example_branch_operator.py for tasks to queue
[2022-02-16 17:14:12,915] {logging_mixin.py:109} INFO - [2022-02-16 17:14:12,915] {dagbag.py:500} INFO - Filling up the DagBag from /home/airflow/.local/lib/python3.7/site-packages/airflow/example_dags/example_branch_operator.py
[2022-02-16 17:14:12,948] {processor.py:654} INFO - DAG(s) dict_keys(['example_branch_operator']) retrieved from /home/airflow/.local/lib/python3.7/site-packages/airflow/example_dags/example_branch_operator.py
[2022-02-16 17:14:12,960] {logging_mixin.py:109} INFO - [2022-02-16 17:14:12,960] {dag.py:2396} INFO - Sync 1 DAGs
[2022-02-16 17:14:12,977] {logging_mixin.py:109} INFO - [2022-02-16 17:14:12,977] {dag.py:2935} INFO - Setting next_dagrun for example_branch_operator to 2022-02-15 00:00:00+00:00
[2022-02-16 17:14:12,988] {processor.py:171} INFO - Processing /home/airflow/.local/lib/python3.7/site-packages/airflow/example_dags/example_branch_operator.py took 0.079 seconds
[2022-02-16 17:14:43,201] {processor.py:163} INFO - Started process (PID=6149) to work on /home/airflow/.local/lib/python3.7/site-packages/airflow/example_dags/example_branch_operator.py
[2022-02-16 17:14:43,206] {processor.py:642} INFO - Processing file /home/airflow/.local/lib/python3.7/site-packages/airflow/example_dags/example_branch_operator.py for tasks to queue
[2022-02-16 17:14:43,209] {logging_mixin.py:109} INFO - [2022-02-16 17:14:43,208] {dagbag.py:500} INFO - Filling up the DagBag from /home/airflow/.local/lib/python3.7/site-packages/airflow/example_dags/example_branch_operator.py
[2022-02-16 17:14:43,285] {processor.py:654} INFO - DAG(s) dict_keys(['example_branch_operator']) retrieved from /home/airflow/.local/lib/python3.7/site-packages/airflow/example_dags/example_branch_operator.py
[2022-02-16 17:14:43,297] {logging_mixin.py:109} INFO - [2022-02-16 17:14:43,297] {dag.py:2396} INFO - Sync 1 DAGs
[2022-02-16 17:14:43,317] {logging_mixin.py:109} INFO - [2022-02-16 17:14:43,317] {dag.py:2935} INFO - Setting next_dagrun for example_branch_operator to 2022-02-15 00:00:00+00:00
[2022-02-16 17:14:43,337] {processor.py:171} INFO - Processing /home/airflow/.local/lib/python3.7/site-packages/airflow/example_dags/example_branch_operator.py took 0.149 seconds
[2022-02-16 17:15:14,731] {processor.py:163} INFO - Started process (PID=6352) to work on /home/airflow/.local/lib/python3.7/site-packages/airflow/example_dags/example_branch_operator.py
[2022-02-16 17:15:14,732] {processor.py:642} INFO - Processing file /home/airflow/.local/lib/python3.7/site-packages/airflow/example_dags/example_branch_operator.py for tasks to queue
[2022-02-16 17:15:14,733] {logging_mixin.py:109} INFO - [2022-02-16 17:15:14,733] {dagbag.py:500} INFO - Filling up the DagBag from /home/airflow/.local/lib/python3.7/site-packages/airflow/example_dags/example_branch_operator.py
[2022-02-16 17:15:14,832] {processor.py:654} INFO - DAG(s) dict_keys(['example_branch_operator']) retrieved from /home/airflow/.local/lib/python3.7/site-packages/airflow/example_dags/example_branch_operator.py
[2022-02-16 17:15:14,855] {logging_mixin.py:109} INFO - [2022-02-16 17:15:14,855] {dag.py:2396} INFO - Sync 1 DAGs
[2022-02-16 17:15:14,885] {logging_mixin.py:109} INFO - [2022-02-16 17:15:14,885] {dag.py:2935} INFO - Setting next_dagrun for example_branch_operator to 2022-02-15 00:00:00+00:00
[2022-02-16 17:15:14,894] {processor.py:171} INFO - Processing /home/airflow/.local/lib/python3.7/site-packages/airflow/example_dags/example_branch_operator.py took 0.175 seconds
[2022-02-16 17:15:45,190] {processor.py:163} INFO - Started process (PID=6548) to work on /home/airflow/.local/lib/python3.7/site-packages/airflow/example_dags/example_branch_operator.py
[2022-02-16 17:15:45,196] {processor.py:642} INFO - Processing file /home/airflow/.local/lib/python3.7/site-packages/airflow/example_dags/example_branch_operator.py for tasks to queue
[2022-02-16 17:15:45,197] {logging_mixin.py:109} INFO - [2022-02-16 17:15:45,197] {dagbag.py:500} INFO - Filling up the DagBag from /home/airflow/.local/lib/python3.7/site-packages/airflow/example_dags/example_branch_operator.py
[2022-02-16 17:15:45,231] {processor.py:654} INFO - DAG(s) dict_keys(['example_branch_operator']) retrieved from /home/airflow/.local/lib/python3.7/site-packages/airflow/example_dags/example_branch_operator.py
[2022-02-16 17:15:45,244] {logging_mixin.py:109} INFO - [2022-02-16 17:15:45,244] {dag.py:2396} INFO - Sync 1 DAGs
[2022-02-16 17:15:45,265] {logging_mixin.py:109} INFO - [2022-02-16 17:15:45,265] {dag.py:2935} INFO - Setting next_dagrun for example_branch_operator to 2022-02-15 00:00:00+00:00
[2022-02-16 17:15:45,274] {processor.py:171} INFO - Processing /home/airflow/.local/lib/python3.7/site-packages/airflow/example_dags/example_branch_operator.py took 0.091 seconds
[2022-02-16 17:16:15,832] {processor.py:163} INFO - Started process (PID=6735) to work on /home/airflow/.local/lib/python3.7/site-packages/airflow/example_dags/example_branch_operator.py
[2022-02-16 17:16:15,833] {processor.py:642} INFO - Processing file /home/airflow/.local/lib/python3.7/site-packages/airflow/example_dags/example_branch_operator.py for tasks to queue
[2022-02-16 17:16:15,834] {logging_mixin.py:109} INFO - [2022-02-16 17:16:15,834] {dagbag.py:500} INFO - Filling up the DagBag from /home/airflow/.local/lib/python3.7/site-packages/airflow/example_dags/example_branch_operator.py
[2022-02-16 17:16:15,877] {processor.py:654} INFO - DAG(s) dict_keys(['example_branch_operator']) retrieved from /home/airflow/.local/lib/python3.7/site-packages/airflow/example_dags/example_branch_operator.py
[2022-02-16 17:16:15,891] {logging_mixin.py:109} INFO - [2022-02-16 17:16:15,891] {dag.py:2396} INFO - Sync 1 DAGs
[2022-02-16 17:16:15,928] {logging_mixin.py:109} INFO - [2022-02-16 17:16:15,928] {dag.py:2935} INFO - Setting next_dagrun for example_branch_operator to 2022-02-15 00:00:00+00:00
[2022-02-16 17:16:15,971] {processor.py:171} INFO - Processing /home/airflow/.local/lib/python3.7/site-packages/airflow/example_dags/example_branch_operator.py took 0.143 seconds
[2022-02-16 17:16:47,453] {processor.py:163} INFO - Started process (PID=6936) to work on /home/airflow/.local/lib/python3.7/site-packages/airflow/example_dags/example_branch_operator.py
[2022-02-16 17:16:47,455] {processor.py:642} INFO - Processing file /home/airflow/.local/lib/python3.7/site-packages/airflow/example_dags/example_branch_operator.py for tasks to queue
[2022-02-16 17:16:47,456] {logging_mixin.py:109} INFO - [2022-02-16 17:16:47,456] {dagbag.py:500} INFO - Filling up the DagBag from /home/airflow/.local/lib/python3.7/site-packages/airflow/example_dags/example_branch_operator.py
[2022-02-16 17:16:47,519] {processor.py:654} INFO - DAG(s) dict_keys(['example_branch_operator']) retrieved from /home/airflow/.local/lib/python3.7/site-packages/airflow/example_dags/example_branch_operator.py
[2022-02-16 17:16:47,532] {logging_mixin.py:109} INFO - [2022-02-16 17:16:47,531] {dag.py:2396} INFO - Sync 1 DAGs
[2022-02-16 17:16:47,551] {logging_mixin.py:109} INFO - [2022-02-16 17:16:47,551] {dag.py:2935} INFO - Setting next_dagrun for example_branch_operator to 2022-02-15 00:00:00+00:00
[2022-02-16 17:16:47,564] {processor.py:171} INFO - Processing /home/airflow/.local/lib/python3.7/site-packages/airflow/example_dags/example_branch_operator.py took 0.116 seconds
[2022-02-16 17:17:18,463] {processor.py:163} INFO - Started process (PID=7126) to work on /home/airflow/.local/lib/python3.7/site-packages/airflow/example_dags/example_branch_operator.py
[2022-02-16 17:17:18,465] {processor.py:642} INFO - Processing file /home/airflow/.local/lib/python3.7/site-packages/airflow/example_dags/example_branch_operator.py for tasks to queue
[2022-02-16 17:17:18,466] {logging_mixin.py:109} INFO - [2022-02-16 17:17:18,465] {dagbag.py:500} INFO - Filling up the DagBag from /home/airflow/.local/lib/python3.7/site-packages/airflow/example_dags/example_branch_operator.py
[2022-02-16 17:17:18,505] {processor.py:654} INFO - DAG(s) dict_keys(['example_branch_operator']) retrieved from /home/airflow/.local/lib/python3.7/site-packages/airflow/example_dags/example_branch_operator.py
[2022-02-16 17:17:18,520] {logging_mixin.py:109} INFO - [2022-02-16 17:17:18,520] {dag.py:2396} INFO - Sync 1 DAGs
[2022-02-16 17:17:18,542] {logging_mixin.py:109} INFO - [2022-02-16 17:17:18,542] {dag.py:2935} INFO - Setting next_dagrun for example_branch_operator to 2022-02-15 00:00:00+00:00
[2022-02-16 17:17:18,558] {processor.py:171} INFO - Processing /home/airflow/.local/lib/python3.7/site-packages/airflow/example_dags/example_branch_operator.py took 0.099 seconds
[2022-02-16 17:17:49,557] {processor.py:163} INFO - Started process (PID=7316) to work on /home/airflow/.local/lib/python3.7/site-packages/airflow/example_dags/example_branch_operator.py
[2022-02-16 17:17:49,559] {processor.py:642} INFO - Processing file /home/airflow/.local/lib/python3.7/site-packages/airflow/example_dags/example_branch_operator.py for tasks to queue
[2022-02-16 17:17:49,560] {logging_mixin.py:109} INFO - [2022-02-16 17:17:49,560] {dagbag.py:500} INFO - Filling up the DagBag from /home/airflow/.local/lib/python3.7/site-packages/airflow/example_dags/example_branch_operator.py
[2022-02-16 17:17:49,671] {processor.py:654} INFO - DAG(s) dict_keys(['example_branch_operator']) retrieved from /home/airflow/.local/lib/python3.7/site-packages/airflow/example_dags/example_branch_operator.py
[2022-02-16 17:17:49,698] {logging_mixin.py:109} INFO - [2022-02-16 17:17:49,697] {dag.py:2396} INFO - Sync 1 DAGs
[2022-02-16 17:17:49,738] {logging_mixin.py:109} INFO - [2022-02-16 17:17:49,737] {dag.py:2935} INFO - Setting next_dagrun for example_branch_operator to 2022-02-15 00:00:00+00:00
[2022-02-16 17:17:49,749] {processor.py:171} INFO - Processing /home/airflow/.local/lib/python3.7/site-packages/airflow/example_dags/example_branch_operator.py took 0.200 seconds
[2022-02-16 17:18:20,981] {processor.py:163} INFO - Started process (PID=7524) to work on /home/airflow/.local/lib/python3.7/site-packages/airflow/example_dags/example_branch_operator.py
[2022-02-16 17:18:20,982] {processor.py:642} INFO - Processing file /home/airflow/.local/lib/python3.7/site-packages/airflow/example_dags/example_branch_operator.py for tasks to queue
[2022-02-16 17:18:20,983] {logging_mixin.py:109} INFO - [2022-02-16 17:18:20,983] {dagbag.py:500} INFO - Filling up the DagBag from /home/airflow/.local/lib/python3.7/site-packages/airflow/example_dags/example_branch_operator.py
[2022-02-16 17:18:21,035] {processor.py:654} INFO - DAG(s) dict_keys(['example_branch_operator']) retrieved from /home/airflow/.local/lib/python3.7/site-packages/airflow/example_dags/example_branch_operator.py
[2022-02-16 17:18:21,057] {logging_mixin.py:109} INFO - [2022-02-16 17:18:21,057] {dag.py:2396} INFO - Sync 1 DAGs
[2022-02-16 17:18:21,082] {logging_mixin.py:109} INFO - [2022-02-16 17:18:21,082] {dag.py:2935} INFO - Setting next_dagrun for example_branch_operator to 2022-02-15 00:00:00+00:00
[2022-02-16 17:18:21,094] {processor.py:171} INFO - Processing /home/airflow/.local/lib/python3.7/site-packages/airflow/example_dags/example_branch_operator.py took 0.117 seconds
[2022-02-16 17:18:51,592] {processor.py:163} INFO - Started process (PID=7713) to work on /home/airflow/.local/lib/python3.7/site-packages/airflow/example_dags/example_branch_operator.py
[2022-02-16 17:18:51,593] {processor.py:642} INFO - Processing file /home/airflow/.local/lib/python3.7/site-packages/airflow/example_dags/example_branch_operator.py for tasks to queue
[2022-02-16 17:18:51,594] {logging_mixin.py:109} INFO - [2022-02-16 17:18:51,594] {dagbag.py:500} INFO - Filling up the DagBag from /home/airflow/.local/lib/python3.7/site-packages/airflow/example_dags/example_branch_operator.py
[2022-02-16 17:18:51,627] {processor.py:654} INFO - DAG(s) dict_keys(['example_branch_operator']) retrieved from /home/airflow/.local/lib/python3.7/site-packages/airflow/example_dags/example_branch_operator.py
[2022-02-16 17:18:51,639] {logging_mixin.py:109} INFO - [2022-02-16 17:18:51,639] {dag.py:2396} INFO - Sync 1 DAGs
[2022-02-16 17:18:51,657] {logging_mixin.py:109} INFO - [2022-02-16 17:18:51,657] {dag.py:2935} INFO - Setting next_dagrun for example_branch_operator to 2022-02-15 00:00:00+00:00
[2022-02-16 17:18:51,668] {processor.py:171} INFO - Processing /home/airflow/.local/lib/python3.7/site-packages/airflow/example_dags/example_branch_operator.py took 0.080 seconds
[2022-02-16 17:19:22,723] {processor.py:163} INFO - Started process (PID=7903) to work on /home/airflow/.local/lib/python3.7/site-packages/airflow/example_dags/example_branch_operator.py
[2022-02-16 17:19:22,725] {processor.py:642} INFO - Processing file /home/airflow/.local/lib/python3.7/site-packages/airflow/example_dags/example_branch_operator.py for tasks to queue
[2022-02-16 17:19:22,726] {logging_mixin.py:109} INFO - [2022-02-16 17:19:22,725] {dagbag.py:500} INFO - Filling up the DagBag from /home/airflow/.local/lib/python3.7/site-packages/airflow/example_dags/example_branch_operator.py
[2022-02-16 17:19:22,768] {processor.py:654} INFO - DAG(s) dict_keys(['example_branch_operator']) retrieved from /home/airflow/.local/lib/python3.7/site-packages/airflow/example_dags/example_branch_operator.py
[2022-02-16 17:19:22,784] {logging_mixin.py:109} INFO - [2022-02-16 17:19:22,784] {dag.py:2396} INFO - Sync 1 DAGs
[2022-02-16 17:19:22,812] {logging_mixin.py:109} INFO - [2022-02-16 17:19:22,812] {dag.py:2935} INFO - Setting next_dagrun for example_branch_operator to 2022-02-15 00:00:00+00:00
[2022-02-16 17:19:22,824] {processor.py:171} INFO - Processing /home/airflow/.local/lib/python3.7/site-packages/airflow/example_dags/example_branch_operator.py took 0.106 seconds
[2022-02-16 17:19:54,241] {processor.py:163} INFO - Started process (PID=8113) to work on /home/airflow/.local/lib/python3.7/site-packages/airflow/example_dags/example_branch_operator.py
[2022-02-16 17:19:54,243] {processor.py:642} INFO - Processing file /home/airflow/.local/lib/python3.7/site-packages/airflow/example_dags/example_branch_operator.py for tasks to queue
[2022-02-16 17:19:54,243] {logging_mixin.py:109} INFO - [2022-02-16 17:19:54,243] {dagbag.py:500} INFO - Filling up the DagBag from /home/airflow/.local/lib/python3.7/site-packages/airflow/example_dags/example_branch_operator.py
[2022-02-16 17:19:54,278] {processor.py:654} INFO - DAG(s) dict_keys(['example_branch_operator']) retrieved from /home/airflow/.local/lib/python3.7/site-packages/airflow/example_dags/example_branch_operator.py
[2022-02-16 17:19:54,290] {logging_mixin.py:109} INFO - [2022-02-16 17:19:54,290] {dag.py:2396} INFO - Sync 1 DAGs
[2022-02-16 17:19:54,308] {logging_mixin.py:109} INFO - [2022-02-16 17:19:54,307] {dag.py:2935} INFO - Setting next_dagrun for example_branch_operator to 2022-02-15 00:00:00+00:00
[2022-02-16 17:19:54,325] {processor.py:171} INFO - Processing /home/airflow/.local/lib/python3.7/site-packages/airflow/example_dags/example_branch_operator.py took 0.087 seconds
[2022-02-16 17:20:25,326] {processor.py:163} INFO - Started process (PID=8312) to work on /home/airflow/.local/lib/python3.7/site-packages/airflow/example_dags/example_branch_operator.py
[2022-02-16 17:20:25,333] {processor.py:642} INFO - Processing file /home/airflow/.local/lib/python3.7/site-packages/airflow/example_dags/example_branch_operator.py for tasks to queue
[2022-02-16 17:20:25,334] {logging_mixin.py:109} INFO - [2022-02-16 17:20:25,334] {dagbag.py:500} INFO - Filling up the DagBag from /home/airflow/.local/lib/python3.7/site-packages/airflow/example_dags/example_branch_operator.py
[2022-02-16 17:20:25,395] {processor.py:654} INFO - DAG(s) dict_keys(['example_branch_operator']) retrieved from /home/airflow/.local/lib/python3.7/site-packages/airflow/example_dags/example_branch_operator.py
[2022-02-16 17:20:25,408] {logging_mixin.py:109} INFO - [2022-02-16 17:20:25,408] {dag.py:2396} INFO - Sync 1 DAGs
[2022-02-16 17:20:25,431] {logging_mixin.py:109} INFO - [2022-02-16 17:20:25,430] {dag.py:2935} INFO - Setting next_dagrun for example_branch_operator to 2022-02-15 00:00:00+00:00
[2022-02-16 17:20:25,443] {processor.py:171} INFO - Processing /home/airflow/.local/lib/python3.7/site-packages/airflow/example_dags/example_branch_operator.py took 0.136 seconds
[2022-02-16 17:20:55,559] {processor.py:163} INFO - Started process (PID=8500) to work on /home/airflow/.local/lib/python3.7/site-packages/airflow/example_dags/example_branch_operator.py
[2022-02-16 17:20:55,560] {processor.py:642} INFO - Processing file /home/airflow/.local/lib/python3.7/site-packages/airflow/example_dags/example_branch_operator.py for tasks to queue
[2022-02-16 17:20:55,561] {logging_mixin.py:109} INFO - [2022-02-16 17:20:55,561] {dagbag.py:500} INFO - Filling up the DagBag from /home/airflow/.local/lib/python3.7/site-packages/airflow/example_dags/example_branch_operator.py
[2022-02-16 17:20:55,596] {processor.py:654} INFO - DAG(s) dict_keys(['example_branch_operator']) retrieved from /home/airflow/.local/lib/python3.7/site-packages/airflow/example_dags/example_branch_operator.py
[2022-02-16 17:20:55,610] {logging_mixin.py:109} INFO - [2022-02-16 17:20:55,610] {dag.py:2396} INFO - Sync 1 DAGs
[2022-02-16 17:20:55,634] {logging_mixin.py:109} INFO - [2022-02-16 17:20:55,634] {dag.py:2935} INFO - Setting next_dagrun for example_branch_operator to 2022-02-15 00:00:00+00:00
[2022-02-16 17:20:55,652] {processor.py:171} INFO - Processing /home/airflow/.local/lib/python3.7/site-packages/airflow/example_dags/example_branch_operator.py took 0.097 seconds
