[2022-02-16 16:58:19,952] {processor.py:163} INFO - Started process (PID=201) to work on /home/airflow/.local/lib/python3.7/site-packages/airflow/example_dags/example_short_circuit_operator.py
[2022-02-16 16:58:19,953] {processor.py:642} INFO - Processing file /home/airflow/.local/lib/python3.7/site-packages/airflow/example_dags/example_short_circuit_operator.py for tasks to queue
[2022-02-16 16:58:19,954] {logging_mixin.py:109} INFO - [2022-02-16 16:58:19,954] {dagbag.py:500} INFO - Filling up the DagBag from /home/airflow/.local/lib/python3.7/site-packages/airflow/example_dags/example_short_circuit_operator.py
[2022-02-16 16:58:20,083] {processor.py:654} INFO - DAG(s) dict_keys(['example_short_circuit_operator']) retrieved from /home/airflow/.local/lib/python3.7/site-packages/airflow/example_dags/example_short_circuit_operator.py
[2022-02-16 16:58:30,030] {logging_mixin.py:109} INFO - [2022-02-16 16:58:30,030] {manager.py:496} INFO - Created Permission View: can read on DAG:example_short_circuit_operator
[2022-02-16 16:58:30,045] {logging_mixin.py:109} INFO - [2022-02-16 16:58:30,045] {manager.py:496} INFO - Created Permission View: can edit on DAG:example_short_circuit_operator
[2022-02-16 16:58:30,046] {logging_mixin.py:109} INFO - [2022-02-16 16:58:30,046] {dag.py:2396} INFO - Sync 1 DAGs
[2022-02-16 16:58:30,063] {logging_mixin.py:109} INFO - [2022-02-16 16:58:30,063] {dag.py:2415} INFO - Creating ORM DAG for example_short_circuit_operator
[2022-02-16 16:58:30,075] {logging_mixin.py:109} INFO - [2022-02-16 16:58:30,075] {dag.py:2935} INFO - Setting next_dagrun for example_short_circuit_operator to 2022-02-15T16:58:30.075360+00:00
[2022-02-16 16:58:30,097] {processor.py:171} INFO - Processing /home/airflow/.local/lib/python3.7/site-packages/airflow/example_dags/example_short_circuit_operator.py took 10.161 seconds
[2022-02-16 16:59:08,065] {processor.py:163} INFO - Started process (PID=440) to work on /home/airflow/.local/lib/python3.7/site-packages/airflow/example_dags/example_short_circuit_operator.py
[2022-02-16 16:59:08,067] {processor.py:642} INFO - Processing file /home/airflow/.local/lib/python3.7/site-packages/airflow/example_dags/example_short_circuit_operator.py for tasks to queue
[2022-02-16 16:59:08,070] {logging_mixin.py:109} INFO - [2022-02-16 16:59:08,070] {dagbag.py:500} INFO - Filling up the DagBag from /home/airflow/.local/lib/python3.7/site-packages/airflow/example_dags/example_short_circuit_operator.py
[2022-02-16 16:59:08,107] {processor.py:654} INFO - DAG(s) dict_keys(['example_short_circuit_operator']) retrieved from /home/airflow/.local/lib/python3.7/site-packages/airflow/example_dags/example_short_circuit_operator.py
[2022-02-16 16:59:08,119] {logging_mixin.py:109} INFO - [2022-02-16 16:59:08,119] {dag.py:2396} INFO - Sync 1 DAGs
[2022-02-16 16:59:08,140] {logging_mixin.py:109} INFO - [2022-02-16 16:59:08,139] {dag.py:2935} INFO - Setting next_dagrun for example_short_circuit_operator to 2022-02-15T16:59:08.139526+00:00
[2022-02-16 16:59:08,151] {processor.py:171} INFO - Processing /home/airflow/.local/lib/python3.7/site-packages/airflow/example_dags/example_short_circuit_operator.py took 0.090 seconds
[2022-02-16 16:59:38,373] {processor.py:163} INFO - Started process (PID=626) to work on /home/airflow/.local/lib/python3.7/site-packages/airflow/example_dags/example_short_circuit_operator.py
[2022-02-16 16:59:38,379] {processor.py:642} INFO - Processing file /home/airflow/.local/lib/python3.7/site-packages/airflow/example_dags/example_short_circuit_operator.py for tasks to queue
[2022-02-16 16:59:38,380] {logging_mixin.py:109} INFO - [2022-02-16 16:59:38,380] {dagbag.py:500} INFO - Filling up the DagBag from /home/airflow/.local/lib/python3.7/site-packages/airflow/example_dags/example_short_circuit_operator.py
[2022-02-16 16:59:38,461] {processor.py:654} INFO - DAG(s) dict_keys(['example_short_circuit_operator']) retrieved from /home/airflow/.local/lib/python3.7/site-packages/airflow/example_dags/example_short_circuit_operator.py
[2022-02-16 16:59:38,487] {logging_mixin.py:109} INFO - [2022-02-16 16:59:38,486] {dag.py:2396} INFO - Sync 1 DAGs
[2022-02-16 16:59:38,529] {logging_mixin.py:109} INFO - [2022-02-16 16:59:38,529] {dag.py:2935} INFO - Setting next_dagrun for example_short_circuit_operator to 2022-02-15T16:59:38.529454+00:00
[2022-02-16 16:59:38,542] {processor.py:171} INFO - Processing /home/airflow/.local/lib/python3.7/site-packages/airflow/example_dags/example_short_circuit_operator.py took 0.174 seconds
[2022-02-16 17:00:10,214] {processor.py:163} INFO - Started process (PID=802) to work on /home/airflow/.local/lib/python3.7/site-packages/airflow/example_dags/example_short_circuit_operator.py
[2022-02-16 17:00:10,216] {processor.py:642} INFO - Processing file /home/airflow/.local/lib/python3.7/site-packages/airflow/example_dags/example_short_circuit_operator.py for tasks to queue
[2022-02-16 17:00:10,220] {logging_mixin.py:109} INFO - [2022-02-16 17:00:10,220] {dagbag.py:500} INFO - Filling up the DagBag from /home/airflow/.local/lib/python3.7/site-packages/airflow/example_dags/example_short_circuit_operator.py
[2022-02-16 17:00:10,262] {processor.py:654} INFO - DAG(s) dict_keys(['example_short_circuit_operator']) retrieved from /home/airflow/.local/lib/python3.7/site-packages/airflow/example_dags/example_short_circuit_operator.py
[2022-02-16 17:00:10,277] {logging_mixin.py:109} INFO - [2022-02-16 17:00:10,277] {dag.py:2396} INFO - Sync 1 DAGs
[2022-02-16 17:00:10,301] {logging_mixin.py:109} INFO - [2022-02-16 17:00:10,301] {dag.py:2935} INFO - Setting next_dagrun for example_short_circuit_operator to 2022-02-15T17:00:10.300791+00:00
[2022-02-16 17:00:10,315] {processor.py:171} INFO - Processing /home/airflow/.local/lib/python3.7/site-packages/airflow/example_dags/example_short_circuit_operator.py took 0.105 seconds
[2022-02-16 17:00:40,543] {processor.py:163} INFO - Started process (PID=971) to work on /home/airflow/.local/lib/python3.7/site-packages/airflow/example_dags/example_short_circuit_operator.py
[2022-02-16 17:00:40,544] {processor.py:642} INFO - Processing file /home/airflow/.local/lib/python3.7/site-packages/airflow/example_dags/example_short_circuit_operator.py for tasks to queue
[2022-02-16 17:00:40,545] {logging_mixin.py:109} INFO - [2022-02-16 17:00:40,545] {dagbag.py:500} INFO - Filling up the DagBag from /home/airflow/.local/lib/python3.7/site-packages/airflow/example_dags/example_short_circuit_operator.py
[2022-02-16 17:00:40,583] {processor.py:654} INFO - DAG(s) dict_keys(['example_short_circuit_operator']) retrieved from /home/airflow/.local/lib/python3.7/site-packages/airflow/example_dags/example_short_circuit_operator.py
[2022-02-16 17:00:40,597] {logging_mixin.py:109} INFO - [2022-02-16 17:00:40,597] {dag.py:2396} INFO - Sync 1 DAGs
[2022-02-16 17:00:40,639] {logging_mixin.py:109} INFO - [2022-02-16 17:00:40,639] {dag.py:2935} INFO - Setting next_dagrun for example_short_circuit_operator to 2022-02-15T17:00:40.638471+00:00
[2022-02-16 17:00:40,654] {processor.py:171} INFO - Processing /home/airflow/.local/lib/python3.7/site-packages/airflow/example_dags/example_short_circuit_operator.py took 0.116 seconds
[2022-02-16 17:01:11,485] {processor.py:163} INFO - Started process (PID=1157) to work on /home/airflow/.local/lib/python3.7/site-packages/airflow/example_dags/example_short_circuit_operator.py
[2022-02-16 17:01:11,496] {processor.py:642} INFO - Processing file /home/airflow/.local/lib/python3.7/site-packages/airflow/example_dags/example_short_circuit_operator.py for tasks to queue
[2022-02-16 17:01:11,497] {logging_mixin.py:109} INFO - [2022-02-16 17:01:11,497] {dagbag.py:500} INFO - Filling up the DagBag from /home/airflow/.local/lib/python3.7/site-packages/airflow/example_dags/example_short_circuit_operator.py
[2022-02-16 17:01:11,532] {processor.py:654} INFO - DAG(s) dict_keys(['example_short_circuit_operator']) retrieved from /home/airflow/.local/lib/python3.7/site-packages/airflow/example_dags/example_short_circuit_operator.py
[2022-02-16 17:01:11,545] {logging_mixin.py:109} INFO - [2022-02-16 17:01:11,544] {dag.py:2396} INFO - Sync 1 DAGs
[2022-02-16 17:01:11,562] {logging_mixin.py:109} INFO - [2022-02-16 17:01:11,562] {dag.py:2935} INFO - Setting next_dagrun for example_short_circuit_operator to 2022-02-15T17:01:11.562140+00:00
[2022-02-16 17:01:11,573] {processor.py:171} INFO - Processing /home/airflow/.local/lib/python3.7/site-packages/airflow/example_dags/example_short_circuit_operator.py took 0.092 seconds
[2022-02-16 17:01:41,895] {processor.py:163} INFO - Started process (PID=1338) to work on /home/airflow/.local/lib/python3.7/site-packages/airflow/example_dags/example_short_circuit_operator.py
[2022-02-16 17:01:41,897] {processor.py:642} INFO - Processing file /home/airflow/.local/lib/python3.7/site-packages/airflow/example_dags/example_short_circuit_operator.py for tasks to queue
[2022-02-16 17:01:41,898] {logging_mixin.py:109} INFO - [2022-02-16 17:01:41,898] {dagbag.py:500} INFO - Filling up the DagBag from /home/airflow/.local/lib/python3.7/site-packages/airflow/example_dags/example_short_circuit_operator.py
[2022-02-16 17:01:41,950] {processor.py:654} INFO - DAG(s) dict_keys(['example_short_circuit_operator']) retrieved from /home/airflow/.local/lib/python3.7/site-packages/airflow/example_dags/example_short_circuit_operator.py
[2022-02-16 17:01:41,979] {logging_mixin.py:109} INFO - [2022-02-16 17:01:41,979] {dag.py:2396} INFO - Sync 1 DAGs
[2022-02-16 17:01:42,002] {logging_mixin.py:109} INFO - [2022-02-16 17:01:42,002] {dag.py:2935} INFO - Setting next_dagrun for example_short_circuit_operator to 2022-02-15T17:01:42.002347+00:00
[2022-02-16 17:01:42,021] {processor.py:171} INFO - Processing /home/airflow/.local/lib/python3.7/site-packages/airflow/example_dags/example_short_circuit_operator.py took 0.140 seconds
[2022-02-16 17:02:12,198] {processor.py:163} INFO - Started process (PID=1521) to work on /home/airflow/.local/lib/python3.7/site-packages/airflow/example_dags/example_short_circuit_operator.py
[2022-02-16 17:02:12,199] {processor.py:642} INFO - Processing file /home/airflow/.local/lib/python3.7/site-packages/airflow/example_dags/example_short_circuit_operator.py for tasks to queue
[2022-02-16 17:02:12,200] {logging_mixin.py:109} INFO - [2022-02-16 17:02:12,200] {dagbag.py:500} INFO - Filling up the DagBag from /home/airflow/.local/lib/python3.7/site-packages/airflow/example_dags/example_short_circuit_operator.py
[2022-02-16 17:02:12,244] {processor.py:654} INFO - DAG(s) dict_keys(['example_short_circuit_operator']) retrieved from /home/airflow/.local/lib/python3.7/site-packages/airflow/example_dags/example_short_circuit_operator.py
[2022-02-16 17:02:12,258] {logging_mixin.py:109} INFO - [2022-02-16 17:02:12,258] {dag.py:2396} INFO - Sync 1 DAGs
[2022-02-16 17:02:12,282] {logging_mixin.py:109} INFO - [2022-02-16 17:02:12,282] {dag.py:2935} INFO - Setting next_dagrun for example_short_circuit_operator to 2022-02-15T17:02:12.281828+00:00
[2022-02-16 17:02:12,291] {processor.py:171} INFO - Processing /home/airflow/.local/lib/python3.7/site-packages/airflow/example_dags/example_short_circuit_operator.py took 0.097 seconds
[2022-02-16 17:02:43,034] {processor.py:163} INFO - Started process (PID=1695) to work on /home/airflow/.local/lib/python3.7/site-packages/airflow/example_dags/example_short_circuit_operator.py
[2022-02-16 17:02:43,036] {processor.py:642} INFO - Processing file /home/airflow/.local/lib/python3.7/site-packages/airflow/example_dags/example_short_circuit_operator.py for tasks to queue
[2022-02-16 17:02:43,036] {logging_mixin.py:109} INFO - [2022-02-16 17:02:43,036] {dagbag.py:500} INFO - Filling up the DagBag from /home/airflow/.local/lib/python3.7/site-packages/airflow/example_dags/example_short_circuit_operator.py
[2022-02-16 17:02:43,067] {processor.py:654} INFO - DAG(s) dict_keys(['example_short_circuit_operator']) retrieved from /home/airflow/.local/lib/python3.7/site-packages/airflow/example_dags/example_short_circuit_operator.py
[2022-02-16 17:02:43,077] {logging_mixin.py:109} INFO - [2022-02-16 17:02:43,077] {dag.py:2396} INFO - Sync 1 DAGs
[2022-02-16 17:02:43,096] {logging_mixin.py:109} INFO - [2022-02-16 17:02:43,096] {dag.py:2935} INFO - Setting next_dagrun for example_short_circuit_operator to 2022-02-15T17:02:43.096150+00:00
[2022-02-16 17:02:43,109] {processor.py:171} INFO - Processing /home/airflow/.local/lib/python3.7/site-packages/airflow/example_dags/example_short_circuit_operator.py took 0.079 seconds
[2022-02-16 17:03:14,344] {processor.py:163} INFO - Started process (PID=1888) to work on /home/airflow/.local/lib/python3.7/site-packages/airflow/example_dags/example_short_circuit_operator.py
[2022-02-16 17:03:14,348] {processor.py:642} INFO - Processing file /home/airflow/.local/lib/python3.7/site-packages/airflow/example_dags/example_short_circuit_operator.py for tasks to queue
[2022-02-16 17:03:14,349] {logging_mixin.py:109} INFO - [2022-02-16 17:03:14,348] {dagbag.py:500} INFO - Filling up the DagBag from /home/airflow/.local/lib/python3.7/site-packages/airflow/example_dags/example_short_circuit_operator.py
[2022-02-16 17:03:14,426] {processor.py:654} INFO - DAG(s) dict_keys(['example_short_circuit_operator']) retrieved from /home/airflow/.local/lib/python3.7/site-packages/airflow/example_dags/example_short_circuit_operator.py
[2022-02-16 17:03:14,445] {logging_mixin.py:109} INFO - [2022-02-16 17:03:14,445] {dag.py:2396} INFO - Sync 1 DAGs
[2022-02-16 17:03:14,487] {logging_mixin.py:109} INFO - [2022-02-16 17:03:14,487] {dag.py:2935} INFO - Setting next_dagrun for example_short_circuit_operator to 2022-02-15T17:03:14.486364+00:00
[2022-02-16 17:03:14,499] {processor.py:171} INFO - Processing /home/airflow/.local/lib/python3.7/site-packages/airflow/example_dags/example_short_circuit_operator.py took 0.159 seconds
[2022-02-16 17:03:44,660] {processor.py:163} INFO - Started process (PID=2080) to work on /home/airflow/.local/lib/python3.7/site-packages/airflow/example_dags/example_short_circuit_operator.py
[2022-02-16 17:03:44,661] {processor.py:642} INFO - Processing file /home/airflow/.local/lib/python3.7/site-packages/airflow/example_dags/example_short_circuit_operator.py for tasks to queue
[2022-02-16 17:03:44,662] {logging_mixin.py:109} INFO - [2022-02-16 17:03:44,662] {dagbag.py:500} INFO - Filling up the DagBag from /home/airflow/.local/lib/python3.7/site-packages/airflow/example_dags/example_short_circuit_operator.py
[2022-02-16 17:03:44,693] {processor.py:654} INFO - DAG(s) dict_keys(['example_short_circuit_operator']) retrieved from /home/airflow/.local/lib/python3.7/site-packages/airflow/example_dags/example_short_circuit_operator.py
[2022-02-16 17:03:44,705] {logging_mixin.py:109} INFO - [2022-02-16 17:03:44,704] {dag.py:2396} INFO - Sync 1 DAGs
[2022-02-16 17:03:44,722] {logging_mixin.py:109} INFO - [2022-02-16 17:03:44,722] {dag.py:2935} INFO - Setting next_dagrun for example_short_circuit_operator to 2022-02-15T17:03:44.722420+00:00
[2022-02-16 17:03:44,733] {processor.py:171} INFO - Processing /home/airflow/.local/lib/python3.7/site-packages/airflow/example_dags/example_short_circuit_operator.py took 0.077 seconds
[2022-02-16 17:04:15,220] {processor.py:163} INFO - Started process (PID=2272) to work on /home/airflow/.local/lib/python3.7/site-packages/airflow/example_dags/example_short_circuit_operator.py
[2022-02-16 17:04:15,221] {processor.py:642} INFO - Processing file /home/airflow/.local/lib/python3.7/site-packages/airflow/example_dags/example_short_circuit_operator.py for tasks to queue
[2022-02-16 17:04:15,222] {logging_mixin.py:109} INFO - [2022-02-16 17:04:15,222] {dagbag.py:500} INFO - Filling up the DagBag from /home/airflow/.local/lib/python3.7/site-packages/airflow/example_dags/example_short_circuit_operator.py
[2022-02-16 17:04:15,266] {processor.py:654} INFO - DAG(s) dict_keys(['example_short_circuit_operator']) retrieved from /home/airflow/.local/lib/python3.7/site-packages/airflow/example_dags/example_short_circuit_operator.py
[2022-02-16 17:04:15,278] {logging_mixin.py:109} INFO - [2022-02-16 17:04:15,277] {dag.py:2396} INFO - Sync 1 DAGs
[2022-02-16 17:04:15,300] {logging_mixin.py:109} INFO - [2022-02-16 17:04:15,299] {dag.py:2935} INFO - Setting next_dagrun for example_short_circuit_operator to 2022-02-15T17:04:15.299589+00:00
[2022-02-16 17:04:15,309] {processor.py:171} INFO - Processing /home/airflow/.local/lib/python3.7/site-packages/airflow/example_dags/example_short_circuit_operator.py took 0.096 seconds
[2022-02-16 17:04:45,400] {processor.py:163} INFO - Started process (PID=2458) to work on /home/airflow/.local/lib/python3.7/site-packages/airflow/example_dags/example_short_circuit_operator.py
[2022-02-16 17:04:45,402] {processor.py:642} INFO - Processing file /home/airflow/.local/lib/python3.7/site-packages/airflow/example_dags/example_short_circuit_operator.py for tasks to queue
[2022-02-16 17:04:45,402] {logging_mixin.py:109} INFO - [2022-02-16 17:04:45,402] {dagbag.py:500} INFO - Filling up the DagBag from /home/airflow/.local/lib/python3.7/site-packages/airflow/example_dags/example_short_circuit_operator.py
[2022-02-16 17:04:45,440] {processor.py:654} INFO - DAG(s) dict_keys(['example_short_circuit_operator']) retrieved from /home/airflow/.local/lib/python3.7/site-packages/airflow/example_dags/example_short_circuit_operator.py
[2022-02-16 17:04:45,458] {logging_mixin.py:109} INFO - [2022-02-16 17:04:45,457] {dag.py:2396} INFO - Sync 1 DAGs
[2022-02-16 17:04:45,484] {logging_mixin.py:109} INFO - [2022-02-16 17:04:45,484] {dag.py:2935} INFO - Setting next_dagrun for example_short_circuit_operator to 2022-02-15T17:04:45.483590+00:00
[2022-02-16 17:04:45,498] {processor.py:171} INFO - Processing /home/airflow/.local/lib/python3.7/site-packages/airflow/example_dags/example_short_circuit_operator.py took 0.102 seconds
[2022-02-16 17:05:15,789] {processor.py:163} INFO - Started process (PID=2645) to work on /home/airflow/.local/lib/python3.7/site-packages/airflow/example_dags/example_short_circuit_operator.py
[2022-02-16 17:05:15,791] {processor.py:642} INFO - Processing file /home/airflow/.local/lib/python3.7/site-packages/airflow/example_dags/example_short_circuit_operator.py for tasks to queue
[2022-02-16 17:05:15,792] {logging_mixin.py:109} INFO - [2022-02-16 17:05:15,791] {dagbag.py:500} INFO - Filling up the DagBag from /home/airflow/.local/lib/python3.7/site-packages/airflow/example_dags/example_short_circuit_operator.py
[2022-02-16 17:05:15,826] {processor.py:654} INFO - DAG(s) dict_keys(['example_short_circuit_operator']) retrieved from /home/airflow/.local/lib/python3.7/site-packages/airflow/example_dags/example_short_circuit_operator.py
[2022-02-16 17:05:15,838] {logging_mixin.py:109} INFO - [2022-02-16 17:05:15,838] {dag.py:2396} INFO - Sync 1 DAGs
[2022-02-16 17:05:15,856] {logging_mixin.py:109} INFO - [2022-02-16 17:05:15,856] {dag.py:2935} INFO - Setting next_dagrun for example_short_circuit_operator to 2022-02-15T17:05:15.856102+00:00
[2022-02-16 17:05:15,867] {processor.py:171} INFO - Processing /home/airflow/.local/lib/python3.7/site-packages/airflow/example_dags/example_short_circuit_operator.py took 0.082 seconds
[2022-02-16 17:05:46,141] {processor.py:163} INFO - Started process (PID=2837) to work on /home/airflow/.local/lib/python3.7/site-packages/airflow/example_dags/example_short_circuit_operator.py
[2022-02-16 17:05:46,143] {processor.py:642} INFO - Processing file /home/airflow/.local/lib/python3.7/site-packages/airflow/example_dags/example_short_circuit_operator.py for tasks to queue
[2022-02-16 17:05:46,144] {logging_mixin.py:109} INFO - [2022-02-16 17:05:46,144] {dagbag.py:500} INFO - Filling up the DagBag from /home/airflow/.local/lib/python3.7/site-packages/airflow/example_dags/example_short_circuit_operator.py
[2022-02-16 17:05:46,207] {processor.py:654} INFO - DAG(s) dict_keys(['example_short_circuit_operator']) retrieved from /home/airflow/.local/lib/python3.7/site-packages/airflow/example_dags/example_short_circuit_operator.py
[2022-02-16 17:05:46,220] {logging_mixin.py:109} INFO - [2022-02-16 17:05:46,219] {dag.py:2396} INFO - Sync 1 DAGs
[2022-02-16 17:05:46,240] {logging_mixin.py:109} INFO - [2022-02-16 17:05:46,240] {dag.py:2935} INFO - Setting next_dagrun for example_short_circuit_operator to 2022-02-15T17:05:46.239970+00:00
[2022-02-16 17:05:46,252] {processor.py:171} INFO - Processing /home/airflow/.local/lib/python3.7/site-packages/airflow/example_dags/example_short_circuit_operator.py took 0.118 seconds
[2022-02-16 17:06:16,448] {processor.py:163} INFO - Started process (PID=3012) to work on /home/airflow/.local/lib/python3.7/site-packages/airflow/example_dags/example_short_circuit_operator.py
[2022-02-16 17:06:16,450] {processor.py:642} INFO - Processing file /home/airflow/.local/lib/python3.7/site-packages/airflow/example_dags/example_short_circuit_operator.py for tasks to queue
[2022-02-16 17:06:16,451] {logging_mixin.py:109} INFO - [2022-02-16 17:06:16,451] {dagbag.py:500} INFO - Filling up the DagBag from /home/airflow/.local/lib/python3.7/site-packages/airflow/example_dags/example_short_circuit_operator.py
[2022-02-16 17:06:16,482] {processor.py:654} INFO - DAG(s) dict_keys(['example_short_circuit_operator']) retrieved from /home/airflow/.local/lib/python3.7/site-packages/airflow/example_dags/example_short_circuit_operator.py
[2022-02-16 17:06:16,495] {logging_mixin.py:109} INFO - [2022-02-16 17:06:16,495] {dag.py:2396} INFO - Sync 1 DAGs
[2022-02-16 17:06:16,514] {logging_mixin.py:109} INFO - [2022-02-16 17:06:16,513] {dag.py:2935} INFO - Setting next_dagrun for example_short_circuit_operator to 2022-02-15T17:06:16.513550+00:00
[2022-02-16 17:06:16,529] {processor.py:171} INFO - Processing /home/airflow/.local/lib/python3.7/site-packages/airflow/example_dags/example_short_circuit_operator.py took 0.085 seconds
[2022-02-16 17:06:46,812] {processor.py:163} INFO - Started process (PID=3197) to work on /home/airflow/.local/lib/python3.7/site-packages/airflow/example_dags/example_short_circuit_operator.py
[2022-02-16 17:06:46,812] {processor.py:642} INFO - Processing file /home/airflow/.local/lib/python3.7/site-packages/airflow/example_dags/example_short_circuit_operator.py for tasks to queue
[2022-02-16 17:06:46,813] {logging_mixin.py:109} INFO - [2022-02-16 17:06:46,813] {dagbag.py:500} INFO - Filling up the DagBag from /home/airflow/.local/lib/python3.7/site-packages/airflow/example_dags/example_short_circuit_operator.py
[2022-02-16 17:06:46,853] {processor.py:654} INFO - DAG(s) dict_keys(['example_short_circuit_operator']) retrieved from /home/airflow/.local/lib/python3.7/site-packages/airflow/example_dags/example_short_circuit_operator.py
[2022-02-16 17:06:46,869] {logging_mixin.py:109} INFO - [2022-02-16 17:06:46,869] {dag.py:2396} INFO - Sync 1 DAGs
[2022-02-16 17:06:46,887] {logging_mixin.py:109} INFO - [2022-02-16 17:06:46,887] {dag.py:2935} INFO - Setting next_dagrun for example_short_circuit_operator to 2022-02-15T17:06:46.887173+00:00
[2022-02-16 17:06:46,898] {processor.py:171} INFO - Processing /home/airflow/.local/lib/python3.7/site-packages/airflow/example_dags/example_short_circuit_operator.py took 0.090 seconds
[2022-02-16 17:07:17,636] {processor.py:163} INFO - Started process (PID=3387) to work on /home/airflow/.local/lib/python3.7/site-packages/airflow/example_dags/example_short_circuit_operator.py
[2022-02-16 17:07:17,638] {processor.py:642} INFO - Processing file /home/airflow/.local/lib/python3.7/site-packages/airflow/example_dags/example_short_circuit_operator.py for tasks to queue
[2022-02-16 17:07:17,658] {logging_mixin.py:109} INFO - [2022-02-16 17:07:17,657] {dagbag.py:500} INFO - Filling up the DagBag from /home/airflow/.local/lib/python3.7/site-packages/airflow/example_dags/example_short_circuit_operator.py
[2022-02-16 17:07:17,737] {processor.py:654} INFO - DAG(s) dict_keys(['example_short_circuit_operator']) retrieved from /home/airflow/.local/lib/python3.7/site-packages/airflow/example_dags/example_short_circuit_operator.py
[2022-02-16 17:07:17,764] {logging_mixin.py:109} INFO - [2022-02-16 17:07:17,764] {dag.py:2396} INFO - Sync 1 DAGs
[2022-02-16 17:07:17,788] {logging_mixin.py:109} INFO - [2022-02-16 17:07:17,788] {dag.py:2935} INFO - Setting next_dagrun for example_short_circuit_operator to 2022-02-15T17:07:17.788122+00:00
[2022-02-16 17:07:17,812] {processor.py:171} INFO - Processing /home/airflow/.local/lib/python3.7/site-packages/airflow/example_dags/example_short_circuit_operator.py took 0.186 seconds
[2022-02-16 17:07:47,877] {processor.py:163} INFO - Started process (PID=3579) to work on /home/airflow/.local/lib/python3.7/site-packages/airflow/example_dags/example_short_circuit_operator.py
[2022-02-16 17:07:47,879] {processor.py:642} INFO - Processing file /home/airflow/.local/lib/python3.7/site-packages/airflow/example_dags/example_short_circuit_operator.py for tasks to queue
[2022-02-16 17:07:47,879] {logging_mixin.py:109} INFO - [2022-02-16 17:07:47,879] {dagbag.py:500} INFO - Filling up the DagBag from /home/airflow/.local/lib/python3.7/site-packages/airflow/example_dags/example_short_circuit_operator.py
[2022-02-16 17:07:47,911] {processor.py:654} INFO - DAG(s) dict_keys(['example_short_circuit_operator']) retrieved from /home/airflow/.local/lib/python3.7/site-packages/airflow/example_dags/example_short_circuit_operator.py
[2022-02-16 17:07:47,923] {logging_mixin.py:109} INFO - [2022-02-16 17:07:47,923] {dag.py:2396} INFO - Sync 1 DAGs
[2022-02-16 17:07:47,940] {logging_mixin.py:109} INFO - [2022-02-16 17:07:47,940] {dag.py:2935} INFO - Setting next_dagrun for example_short_circuit_operator to 2022-02-15T17:07:47.939749+00:00
[2022-02-16 17:07:47,949] {processor.py:171} INFO - Processing /home/airflow/.local/lib/python3.7/site-packages/airflow/example_dags/example_short_circuit_operator.py took 0.076 seconds
[2022-02-16 17:08:18,132] {processor.py:163} INFO - Started process (PID=3758) to work on /home/airflow/.local/lib/python3.7/site-packages/airflow/example_dags/example_short_circuit_operator.py
[2022-02-16 17:08:18,134] {processor.py:642} INFO - Processing file /home/airflow/.local/lib/python3.7/site-packages/airflow/example_dags/example_short_circuit_operator.py for tasks to queue
[2022-02-16 17:08:18,134] {logging_mixin.py:109} INFO - [2022-02-16 17:08:18,134] {dagbag.py:500} INFO - Filling up the DagBag from /home/airflow/.local/lib/python3.7/site-packages/airflow/example_dags/example_short_circuit_operator.py
[2022-02-16 17:08:18,169] {processor.py:654} INFO - DAG(s) dict_keys(['example_short_circuit_operator']) retrieved from /home/airflow/.local/lib/python3.7/site-packages/airflow/example_dags/example_short_circuit_operator.py
[2022-02-16 17:08:18,181] {logging_mixin.py:109} INFO - [2022-02-16 17:08:18,181] {dag.py:2396} INFO - Sync 1 DAGs
[2022-02-16 17:08:18,199] {logging_mixin.py:109} INFO - [2022-02-16 17:08:18,198] {dag.py:2935} INFO - Setting next_dagrun for example_short_circuit_operator to 2022-02-15T17:08:18.198683+00:00
[2022-02-16 17:08:18,208] {processor.py:171} INFO - Processing /home/airflow/.local/lib/python3.7/site-packages/airflow/example_dags/example_short_circuit_operator.py took 0.079 seconds
[2022-02-16 17:08:48,710] {processor.py:163} INFO - Started process (PID=3941) to work on /home/airflow/.local/lib/python3.7/site-packages/airflow/example_dags/example_short_circuit_operator.py
[2022-02-16 17:08:48,711] {processor.py:642} INFO - Processing file /home/airflow/.local/lib/python3.7/site-packages/airflow/example_dags/example_short_circuit_operator.py for tasks to queue
[2022-02-16 17:08:48,712] {logging_mixin.py:109} INFO - [2022-02-16 17:08:48,712] {dagbag.py:500} INFO - Filling up the DagBag from /home/airflow/.local/lib/python3.7/site-packages/airflow/example_dags/example_short_circuit_operator.py
[2022-02-16 17:08:48,754] {processor.py:654} INFO - DAG(s) dict_keys(['example_short_circuit_operator']) retrieved from /home/airflow/.local/lib/python3.7/site-packages/airflow/example_dags/example_short_circuit_operator.py
[2022-02-16 17:08:48,771] {logging_mixin.py:109} INFO - [2022-02-16 17:08:48,771] {dag.py:2396} INFO - Sync 1 DAGs
[2022-02-16 17:08:48,794] {logging_mixin.py:109} INFO - [2022-02-16 17:08:48,794] {dag.py:2935} INFO - Setting next_dagrun for example_short_circuit_operator to 2022-02-15T17:08:48.794311+00:00
[2022-02-16 17:08:48,810] {processor.py:171} INFO - Processing /home/airflow/.local/lib/python3.7/site-packages/airflow/example_dags/example_short_circuit_operator.py took 0.108 seconds
[2022-02-16 17:09:19,295] {processor.py:163} INFO - Started process (PID=4133) to work on /home/airflow/.local/lib/python3.7/site-packages/airflow/example_dags/example_short_circuit_operator.py
[2022-02-16 17:09:19,338] {processor.py:642} INFO - Processing file /home/airflow/.local/lib/python3.7/site-packages/airflow/example_dags/example_short_circuit_operator.py for tasks to queue
[2022-02-16 17:09:19,367] {logging_mixin.py:109} INFO - [2022-02-16 17:09:19,366] {dagbag.py:500} INFO - Filling up the DagBag from /home/airflow/.local/lib/python3.7/site-packages/airflow/example_dags/example_short_circuit_operator.py
[2022-02-16 17:09:19,472] {processor.py:654} INFO - DAG(s) dict_keys(['example_short_circuit_operator']) retrieved from /home/airflow/.local/lib/python3.7/site-packages/airflow/example_dags/example_short_circuit_operator.py
[2022-02-16 17:09:19,492] {logging_mixin.py:109} INFO - [2022-02-16 17:09:19,491] {dag.py:2396} INFO - Sync 1 DAGs
[2022-02-16 17:09:19,525] {logging_mixin.py:109} INFO - [2022-02-16 17:09:19,525] {dag.py:2935} INFO - Setting next_dagrun for example_short_circuit_operator to 2022-02-15T17:09:19.524496+00:00
[2022-02-16 17:09:19,537] {processor.py:171} INFO - Processing /home/airflow/.local/lib/python3.7/site-packages/airflow/example_dags/example_short_circuit_operator.py took 0.248 seconds
[2022-02-16 17:09:50,225] {processor.py:163} INFO - Started process (PID=4316) to work on /home/airflow/.local/lib/python3.7/site-packages/airflow/example_dags/example_short_circuit_operator.py
[2022-02-16 17:09:50,227] {processor.py:642} INFO - Processing file /home/airflow/.local/lib/python3.7/site-packages/airflow/example_dags/example_short_circuit_operator.py for tasks to queue
[2022-02-16 17:09:50,228] {logging_mixin.py:109} INFO - [2022-02-16 17:09:50,228] {dagbag.py:500} INFO - Filling up the DagBag from /home/airflow/.local/lib/python3.7/site-packages/airflow/example_dags/example_short_circuit_operator.py
[2022-02-16 17:09:50,299] {processor.py:654} INFO - DAG(s) dict_keys(['example_short_circuit_operator']) retrieved from /home/airflow/.local/lib/python3.7/site-packages/airflow/example_dags/example_short_circuit_operator.py
[2022-02-16 17:09:50,334] {logging_mixin.py:109} INFO - [2022-02-16 17:09:50,334] {dag.py:2396} INFO - Sync 1 DAGs
[2022-02-16 17:09:50,389] {logging_mixin.py:109} INFO - [2022-02-16 17:09:50,389] {dag.py:2935} INFO - Setting next_dagrun for example_short_circuit_operator to 2022-02-15T17:09:50.388975+00:00
[2022-02-16 17:09:50,410] {processor.py:171} INFO - Processing /home/airflow/.local/lib/python3.7/site-packages/airflow/example_dags/example_short_circuit_operator.py took 0.189 seconds
[2022-02-16 17:10:20,508] {processor.py:163} INFO - Started process (PID=4507) to work on /home/airflow/.local/lib/python3.7/site-packages/airflow/example_dags/example_short_circuit_operator.py
[2022-02-16 17:10:20,513] {processor.py:642} INFO - Processing file /home/airflow/.local/lib/python3.7/site-packages/airflow/example_dags/example_short_circuit_operator.py for tasks to queue
[2022-02-16 17:10:20,514] {logging_mixin.py:109} INFO - [2022-02-16 17:10:20,514] {dagbag.py:500} INFO - Filling up the DagBag from /home/airflow/.local/lib/python3.7/site-packages/airflow/example_dags/example_short_circuit_operator.py
[2022-02-16 17:10:20,561] {processor.py:654} INFO - DAG(s) dict_keys(['example_short_circuit_operator']) retrieved from /home/airflow/.local/lib/python3.7/site-packages/airflow/example_dags/example_short_circuit_operator.py
[2022-02-16 17:10:20,574] {logging_mixin.py:109} INFO - [2022-02-16 17:10:20,574] {dag.py:2396} INFO - Sync 1 DAGs
[2022-02-16 17:10:20,603] {logging_mixin.py:109} INFO - [2022-02-16 17:10:20,603] {dag.py:2935} INFO - Setting next_dagrun for example_short_circuit_operator to 2022-02-15T17:10:20.592726+00:00
[2022-02-16 17:10:20,615] {processor.py:171} INFO - Processing /home/airflow/.local/lib/python3.7/site-packages/airflow/example_dags/example_short_circuit_operator.py took 0.113 seconds
[2022-02-16 17:10:51,367] {processor.py:163} INFO - Started process (PID=4688) to work on /home/airflow/.local/lib/python3.7/site-packages/airflow/example_dags/example_short_circuit_operator.py
[2022-02-16 17:10:51,368] {processor.py:642} INFO - Processing file /home/airflow/.local/lib/python3.7/site-packages/airflow/example_dags/example_short_circuit_operator.py for tasks to queue
[2022-02-16 17:10:51,369] {logging_mixin.py:109} INFO - [2022-02-16 17:10:51,369] {dagbag.py:500} INFO - Filling up the DagBag from /home/airflow/.local/lib/python3.7/site-packages/airflow/example_dags/example_short_circuit_operator.py
[2022-02-16 17:10:51,458] {processor.py:654} INFO - DAG(s) dict_keys(['example_short_circuit_operator']) retrieved from /home/airflow/.local/lib/python3.7/site-packages/airflow/example_dags/example_short_circuit_operator.py
[2022-02-16 17:10:51,480] {logging_mixin.py:109} INFO - [2022-02-16 17:10:51,480] {dag.py:2396} INFO - Sync 1 DAGs
[2022-02-16 17:10:51,570] {logging_mixin.py:109} INFO - [2022-02-16 17:10:51,562] {dag.py:2935} INFO - Setting next_dagrun for example_short_circuit_operator to 2022-02-15T17:10:51.559573+00:00
[2022-02-16 17:10:51,629] {processor.py:171} INFO - Processing /home/airflow/.local/lib/python3.7/site-packages/airflow/example_dags/example_short_circuit_operator.py took 0.266 seconds
[2022-02-16 17:11:22,568] {processor.py:163} INFO - Started process (PID=4882) to work on /home/airflow/.local/lib/python3.7/site-packages/airflow/example_dags/example_short_circuit_operator.py
[2022-02-16 17:11:22,570] {processor.py:642} INFO - Processing file /home/airflow/.local/lib/python3.7/site-packages/airflow/example_dags/example_short_circuit_operator.py for tasks to queue
[2022-02-16 17:11:22,571] {logging_mixin.py:109} INFO - [2022-02-16 17:11:22,571] {dagbag.py:500} INFO - Filling up the DagBag from /home/airflow/.local/lib/python3.7/site-packages/airflow/example_dags/example_short_circuit_operator.py
[2022-02-16 17:11:22,685] {processor.py:654} INFO - DAG(s) dict_keys(['example_short_circuit_operator']) retrieved from /home/airflow/.local/lib/python3.7/site-packages/airflow/example_dags/example_short_circuit_operator.py
[2022-02-16 17:11:22,732] {logging_mixin.py:109} INFO - [2022-02-16 17:11:22,731] {dag.py:2396} INFO - Sync 1 DAGs
[2022-02-16 17:11:22,768] {logging_mixin.py:109} INFO - [2022-02-16 17:11:22,768] {dag.py:2935} INFO - Setting next_dagrun for example_short_circuit_operator to 2022-02-15T17:11:22.768010+00:00
[2022-02-16 17:11:22,778] {processor.py:171} INFO - Processing /home/airflow/.local/lib/python3.7/site-packages/airflow/example_dags/example_short_circuit_operator.py took 0.213 seconds
[2022-02-16 17:11:53,075] {processor.py:163} INFO - Started process (PID=5067) to work on /home/airflow/.local/lib/python3.7/site-packages/airflow/example_dags/example_short_circuit_operator.py
[2022-02-16 17:11:53,076] {processor.py:642} INFO - Processing file /home/airflow/.local/lib/python3.7/site-packages/airflow/example_dags/example_short_circuit_operator.py for tasks to queue
[2022-02-16 17:11:53,077] {logging_mixin.py:109} INFO - [2022-02-16 17:11:53,077] {dagbag.py:500} INFO - Filling up the DagBag from /home/airflow/.local/lib/python3.7/site-packages/airflow/example_dags/example_short_circuit_operator.py
[2022-02-16 17:11:53,145] {processor.py:654} INFO - DAG(s) dict_keys(['example_short_circuit_operator']) retrieved from /home/airflow/.local/lib/python3.7/site-packages/airflow/example_dags/example_short_circuit_operator.py
[2022-02-16 17:11:53,162] {logging_mixin.py:109} INFO - [2022-02-16 17:11:53,162] {dag.py:2396} INFO - Sync 1 DAGs
[2022-02-16 17:11:53,188] {logging_mixin.py:109} INFO - [2022-02-16 17:11:53,187] {dag.py:2935} INFO - Setting next_dagrun for example_short_circuit_operator to 2022-02-15T17:11:53.187496+00:00
[2022-02-16 17:11:53,203] {processor.py:171} INFO - Processing /home/airflow/.local/lib/python3.7/site-packages/airflow/example_dags/example_short_circuit_operator.py took 0.139 seconds
[2022-02-16 17:12:23,339] {processor.py:163} INFO - Started process (PID=5259) to work on /home/airflow/.local/lib/python3.7/site-packages/airflow/example_dags/example_short_circuit_operator.py
[2022-02-16 17:12:23,341] {processor.py:642} INFO - Processing file /home/airflow/.local/lib/python3.7/site-packages/airflow/example_dags/example_short_circuit_operator.py for tasks to queue
[2022-02-16 17:12:23,342] {logging_mixin.py:109} INFO - [2022-02-16 17:12:23,342] {dagbag.py:500} INFO - Filling up the DagBag from /home/airflow/.local/lib/python3.7/site-packages/airflow/example_dags/example_short_circuit_operator.py
[2022-02-16 17:12:23,374] {processor.py:654} INFO - DAG(s) dict_keys(['example_short_circuit_operator']) retrieved from /home/airflow/.local/lib/python3.7/site-packages/airflow/example_dags/example_short_circuit_operator.py
[2022-02-16 17:12:23,387] {logging_mixin.py:109} INFO - [2022-02-16 17:12:23,387] {dag.py:2396} INFO - Sync 1 DAGs
[2022-02-16 17:12:23,405] {logging_mixin.py:109} INFO - [2022-02-16 17:12:23,405] {dag.py:2935} INFO - Setting next_dagrun for example_short_circuit_operator to 2022-02-15T17:12:23.405257+00:00
[2022-02-16 17:12:23,415] {processor.py:171} INFO - Processing /home/airflow/.local/lib/python3.7/site-packages/airflow/example_dags/example_short_circuit_operator.py took 0.079 seconds
[2022-02-16 17:12:54,057] {processor.py:163} INFO - Started process (PID=5446) to work on /home/airflow/.local/lib/python3.7/site-packages/airflow/example_dags/example_short_circuit_operator.py
[2022-02-16 17:12:54,058] {processor.py:642} INFO - Processing file /home/airflow/.local/lib/python3.7/site-packages/airflow/example_dags/example_short_circuit_operator.py for tasks to queue
[2022-02-16 17:12:54,061] {logging_mixin.py:109} INFO - [2022-02-16 17:12:54,061] {dagbag.py:500} INFO - Filling up the DagBag from /home/airflow/.local/lib/python3.7/site-packages/airflow/example_dags/example_short_circuit_operator.py
[2022-02-16 17:12:54,144] {processor.py:654} INFO - DAG(s) dict_keys(['example_short_circuit_operator']) retrieved from /home/airflow/.local/lib/python3.7/site-packages/airflow/example_dags/example_short_circuit_operator.py
[2022-02-16 17:12:54,161] {logging_mixin.py:109} INFO - [2022-02-16 17:12:54,160] {dag.py:2396} INFO - Sync 1 DAGs
[2022-02-16 17:12:54,194] {logging_mixin.py:109} INFO - [2022-02-16 17:12:54,194] {dag.py:2935} INFO - Setting next_dagrun for example_short_circuit_operator to 2022-02-15T17:12:54.193657+00:00
[2022-02-16 17:12:54,214] {processor.py:171} INFO - Processing /home/airflow/.local/lib/python3.7/site-packages/airflow/example_dags/example_short_circuit_operator.py took 0.171 seconds
[2022-02-16 17:13:24,476] {processor.py:163} INFO - Started process (PID=5654) to work on /home/airflow/.local/lib/python3.7/site-packages/airflow/example_dags/example_short_circuit_operator.py
[2022-02-16 17:13:24,485] {processor.py:642} INFO - Processing file /home/airflow/.local/lib/python3.7/site-packages/airflow/example_dags/example_short_circuit_operator.py for tasks to queue
[2022-02-16 17:13:24,486] {logging_mixin.py:109} INFO - [2022-02-16 17:13:24,486] {dagbag.py:500} INFO - Filling up the DagBag from /home/airflow/.local/lib/python3.7/site-packages/airflow/example_dags/example_short_circuit_operator.py
[2022-02-16 17:13:24,553] {processor.py:654} INFO - DAG(s) dict_keys(['example_short_circuit_operator']) retrieved from /home/airflow/.local/lib/python3.7/site-packages/airflow/example_dags/example_short_circuit_operator.py
[2022-02-16 17:13:24,578] {logging_mixin.py:109} INFO - [2022-02-16 17:13:24,578] {dag.py:2396} INFO - Sync 1 DAGs
[2022-02-16 17:13:24,741] {logging_mixin.py:109} INFO - [2022-02-16 17:13:24,740] {dag.py:2935} INFO - Setting next_dagrun for example_short_circuit_operator to 2022-02-15T17:13:24.740468+00:00
[2022-02-16 17:13:24,768] {processor.py:171} INFO - Processing /home/airflow/.local/lib/python3.7/site-packages/airflow/example_dags/example_short_circuit_operator.py took 0.296 seconds
[2022-02-16 17:13:55,154] {processor.py:163} INFO - Started process (PID=5850) to work on /home/airflow/.local/lib/python3.7/site-packages/airflow/example_dags/example_short_circuit_operator.py
[2022-02-16 17:13:55,155] {processor.py:642} INFO - Processing file /home/airflow/.local/lib/python3.7/site-packages/airflow/example_dags/example_short_circuit_operator.py for tasks to queue
[2022-02-16 17:13:55,156] {logging_mixin.py:109} INFO - [2022-02-16 17:13:55,156] {dagbag.py:500} INFO - Filling up the DagBag from /home/airflow/.local/lib/python3.7/site-packages/airflow/example_dags/example_short_circuit_operator.py
[2022-02-16 17:13:55,192] {processor.py:654} INFO - DAG(s) dict_keys(['example_short_circuit_operator']) retrieved from /home/airflow/.local/lib/python3.7/site-packages/airflow/example_dags/example_short_circuit_operator.py
[2022-02-16 17:13:55,207] {logging_mixin.py:109} INFO - [2022-02-16 17:13:55,207] {dag.py:2396} INFO - Sync 1 DAGs
[2022-02-16 17:13:55,231] {logging_mixin.py:109} INFO - [2022-02-16 17:13:55,231] {dag.py:2935} INFO - Setting next_dagrun for example_short_circuit_operator to 2022-02-15T17:13:55.231112+00:00
[2022-02-16 17:13:55,248] {processor.py:171} INFO - Processing /home/airflow/.local/lib/python3.7/site-packages/airflow/example_dags/example_short_circuit_operator.py took 0.098 seconds
[2022-02-16 17:14:25,716] {processor.py:163} INFO - Started process (PID=6045) to work on /home/airflow/.local/lib/python3.7/site-packages/airflow/example_dags/example_short_circuit_operator.py
[2022-02-16 17:14:25,717] {processor.py:642} INFO - Processing file /home/airflow/.local/lib/python3.7/site-packages/airflow/example_dags/example_short_circuit_operator.py for tasks to queue
[2022-02-16 17:14:25,718] {logging_mixin.py:109} INFO - [2022-02-16 17:14:25,718] {dagbag.py:500} INFO - Filling up the DagBag from /home/airflow/.local/lib/python3.7/site-packages/airflow/example_dags/example_short_circuit_operator.py
[2022-02-16 17:14:25,757] {processor.py:654} INFO - DAG(s) dict_keys(['example_short_circuit_operator']) retrieved from /home/airflow/.local/lib/python3.7/site-packages/airflow/example_dags/example_short_circuit_operator.py
[2022-02-16 17:14:25,771] {logging_mixin.py:109} INFO - [2022-02-16 17:14:25,771] {dag.py:2396} INFO - Sync 1 DAGs
[2022-02-16 17:14:25,790] {logging_mixin.py:109} INFO - [2022-02-16 17:14:25,790] {dag.py:2935} INFO - Setting next_dagrun for example_short_circuit_operator to 2022-02-15T17:14:25.790243+00:00
[2022-02-16 17:14:25,800] {processor.py:171} INFO - Processing /home/airflow/.local/lib/python3.7/site-packages/airflow/example_dags/example_short_circuit_operator.py took 0.089 seconds
[2022-02-16 17:14:56,283] {processor.py:163} INFO - Started process (PID=6250) to work on /home/airflow/.local/lib/python3.7/site-packages/airflow/example_dags/example_short_circuit_operator.py
[2022-02-16 17:14:56,284] {processor.py:642} INFO - Processing file /home/airflow/.local/lib/python3.7/site-packages/airflow/example_dags/example_short_circuit_operator.py for tasks to queue
[2022-02-16 17:14:56,285] {logging_mixin.py:109} INFO - [2022-02-16 17:14:56,285] {dagbag.py:500} INFO - Filling up the DagBag from /home/airflow/.local/lib/python3.7/site-packages/airflow/example_dags/example_short_circuit_operator.py
[2022-02-16 17:14:56,328] {processor.py:654} INFO - DAG(s) dict_keys(['example_short_circuit_operator']) retrieved from /home/airflow/.local/lib/python3.7/site-packages/airflow/example_dags/example_short_circuit_operator.py
[2022-02-16 17:14:56,342] {logging_mixin.py:109} INFO - [2022-02-16 17:14:56,342] {dag.py:2396} INFO - Sync 1 DAGs
[2022-02-16 17:14:56,370] {logging_mixin.py:109} INFO - [2022-02-16 17:14:56,370] {dag.py:2935} INFO - Setting next_dagrun for example_short_circuit_operator to 2022-02-15T17:14:56.370122+00:00
[2022-02-16 17:14:56,389] {processor.py:171} INFO - Processing /home/airflow/.local/lib/python3.7/site-packages/airflow/example_dags/example_short_circuit_operator.py took 0.111 seconds
[2022-02-16 17:15:26,842] {processor.py:163} INFO - Started process (PID=6451) to work on /home/airflow/.local/lib/python3.7/site-packages/airflow/example_dags/example_short_circuit_operator.py
[2022-02-16 17:15:26,848] {processor.py:642} INFO - Processing file /home/airflow/.local/lib/python3.7/site-packages/airflow/example_dags/example_short_circuit_operator.py for tasks to queue
[2022-02-16 17:15:26,857] {logging_mixin.py:109} INFO - [2022-02-16 17:15:26,857] {dagbag.py:500} INFO - Filling up the DagBag from /home/airflow/.local/lib/python3.7/site-packages/airflow/example_dags/example_short_circuit_operator.py
[2022-02-16 17:15:27,363] {processor.py:654} INFO - DAG(s) dict_keys(['example_short_circuit_operator']) retrieved from /home/airflow/.local/lib/python3.7/site-packages/airflow/example_dags/example_short_circuit_operator.py
[2022-02-16 17:15:27,497] {logging_mixin.py:109} INFO - [2022-02-16 17:15:27,497] {dag.py:2396} INFO - Sync 1 DAGs
[2022-02-16 17:15:27,537] {logging_mixin.py:109} INFO - [2022-02-16 17:15:27,537] {dag.py:2935} INFO - Setting next_dagrun for example_short_circuit_operator to 2022-02-15T17:15:27.537311+00:00
[2022-02-16 17:15:27,555] {processor.py:171} INFO - Processing /home/airflow/.local/lib/python3.7/site-packages/airflow/example_dags/example_short_circuit_operator.py took 0.728 seconds
[2022-02-16 17:15:57,642] {processor.py:163} INFO - Started process (PID=6653) to work on /home/airflow/.local/lib/python3.7/site-packages/airflow/example_dags/example_short_circuit_operator.py
[2022-02-16 17:15:57,646] {processor.py:642} INFO - Processing file /home/airflow/.local/lib/python3.7/site-packages/airflow/example_dags/example_short_circuit_operator.py for tasks to queue
[2022-02-16 17:15:57,646] {logging_mixin.py:109} INFO - [2022-02-16 17:15:57,646] {dagbag.py:500} INFO - Filling up the DagBag from /home/airflow/.local/lib/python3.7/site-packages/airflow/example_dags/example_short_circuit_operator.py
[2022-02-16 17:15:57,695] {processor.py:654} INFO - DAG(s) dict_keys(['example_short_circuit_operator']) retrieved from /home/airflow/.local/lib/python3.7/site-packages/airflow/example_dags/example_short_circuit_operator.py
[2022-02-16 17:15:57,719] {logging_mixin.py:109} INFO - [2022-02-16 17:15:57,719] {dag.py:2396} INFO - Sync 1 DAGs
[2022-02-16 17:15:57,740] {logging_mixin.py:109} INFO - [2022-02-16 17:15:57,740] {dag.py:2935} INFO - Setting next_dagrun for example_short_circuit_operator to 2022-02-15T17:15:57.739837+00:00
[2022-02-16 17:15:57,751] {processor.py:171} INFO - Processing /home/airflow/.local/lib/python3.7/site-packages/airflow/example_dags/example_short_circuit_operator.py took 0.124 seconds
[2022-02-16 17:16:28,206] {processor.py:163} INFO - Started process (PID=6834) to work on /home/airflow/.local/lib/python3.7/site-packages/airflow/example_dags/example_short_circuit_operator.py
[2022-02-16 17:16:28,207] {processor.py:642} INFO - Processing file /home/airflow/.local/lib/python3.7/site-packages/airflow/example_dags/example_short_circuit_operator.py for tasks to queue
[2022-02-16 17:16:28,208] {logging_mixin.py:109} INFO - [2022-02-16 17:16:28,208] {dagbag.py:500} INFO - Filling up the DagBag from /home/airflow/.local/lib/python3.7/site-packages/airflow/example_dags/example_short_circuit_operator.py
[2022-02-16 17:16:28,240] {processor.py:654} INFO - DAG(s) dict_keys(['example_short_circuit_operator']) retrieved from /home/airflow/.local/lib/python3.7/site-packages/airflow/example_dags/example_short_circuit_operator.py
[2022-02-16 17:16:28,253] {logging_mixin.py:109} INFO - [2022-02-16 17:16:28,253] {dag.py:2396} INFO - Sync 1 DAGs
[2022-02-16 17:16:28,271] {logging_mixin.py:109} INFO - [2022-02-16 17:16:28,271] {dag.py:2935} INFO - Setting next_dagrun for example_short_circuit_operator to 2022-02-15T17:16:28.271029+00:00
[2022-02-16 17:16:28,302] {processor.py:171} INFO - Processing /home/airflow/.local/lib/python3.7/site-packages/airflow/example_dags/example_short_circuit_operator.py took 0.100 seconds
[2022-02-16 17:16:58,467] {processor.py:163} INFO - Started process (PID=7034) to work on /home/airflow/.local/lib/python3.7/site-packages/airflow/example_dags/example_short_circuit_operator.py
[2022-02-16 17:16:58,468] {processor.py:642} INFO - Processing file /home/airflow/.local/lib/python3.7/site-packages/airflow/example_dags/example_short_circuit_operator.py for tasks to queue
[2022-02-16 17:16:58,469] {logging_mixin.py:109} INFO - [2022-02-16 17:16:58,468] {dagbag.py:500} INFO - Filling up the DagBag from /home/airflow/.local/lib/python3.7/site-packages/airflow/example_dags/example_short_circuit_operator.py
[2022-02-16 17:16:58,501] {processor.py:654} INFO - DAG(s) dict_keys(['example_short_circuit_operator']) retrieved from /home/airflow/.local/lib/python3.7/site-packages/airflow/example_dags/example_short_circuit_operator.py
[2022-02-16 17:16:58,513] {logging_mixin.py:109} INFO - [2022-02-16 17:16:58,513] {dag.py:2396} INFO - Sync 1 DAGs
[2022-02-16 17:16:58,530] {logging_mixin.py:109} INFO - [2022-02-16 17:16:58,530] {dag.py:2935} INFO - Setting next_dagrun for example_short_circuit_operator to 2022-02-15T17:16:58.529873+00:00
[2022-02-16 17:16:58,539] {processor.py:171} INFO - Processing /home/airflow/.local/lib/python3.7/site-packages/airflow/example_dags/example_short_circuit_operator.py took 0.078 seconds
[2022-02-16 17:17:29,074] {processor.py:163} INFO - Started process (PID=7222) to work on /home/airflow/.local/lib/python3.7/site-packages/airflow/example_dags/example_short_circuit_operator.py
[2022-02-16 17:17:29,076] {processor.py:642} INFO - Processing file /home/airflow/.local/lib/python3.7/site-packages/airflow/example_dags/example_short_circuit_operator.py for tasks to queue
[2022-02-16 17:17:29,077] {logging_mixin.py:109} INFO - [2022-02-16 17:17:29,077] {dagbag.py:500} INFO - Filling up the DagBag from /home/airflow/.local/lib/python3.7/site-packages/airflow/example_dags/example_short_circuit_operator.py
[2022-02-16 17:17:29,112] {processor.py:654} INFO - DAG(s) dict_keys(['example_short_circuit_operator']) retrieved from /home/airflow/.local/lib/python3.7/site-packages/airflow/example_dags/example_short_circuit_operator.py
[2022-02-16 17:17:29,133] {logging_mixin.py:109} INFO - [2022-02-16 17:17:29,133] {dag.py:2396} INFO - Sync 1 DAGs
[2022-02-16 17:17:29,275] {logging_mixin.py:109} INFO - [2022-02-16 17:17:29,274] {dag.py:2935} INFO - Setting next_dagrun for example_short_circuit_operator to 2022-02-15T17:17:29.274517+00:00
[2022-02-16 17:17:29,319] {processor.py:171} INFO - Processing /home/airflow/.local/lib/python3.7/site-packages/airflow/example_dags/example_short_circuit_operator.py took 0.249 seconds
[2022-02-16 17:18:00,263] {processor.py:163} INFO - Started process (PID=7417) to work on /home/airflow/.local/lib/python3.7/site-packages/airflow/example_dags/example_short_circuit_operator.py
[2022-02-16 17:18:00,284] {processor.py:642} INFO - Processing file /home/airflow/.local/lib/python3.7/site-packages/airflow/example_dags/example_short_circuit_operator.py for tasks to queue
[2022-02-16 17:18:00,285] {logging_mixin.py:109} INFO - [2022-02-16 17:18:00,284] {dagbag.py:500} INFO - Filling up the DagBag from /home/airflow/.local/lib/python3.7/site-packages/airflow/example_dags/example_short_circuit_operator.py
[2022-02-16 17:18:00,404] {processor.py:654} INFO - DAG(s) dict_keys(['example_short_circuit_operator']) retrieved from /home/airflow/.local/lib/python3.7/site-packages/airflow/example_dags/example_short_circuit_operator.py
[2022-02-16 17:18:00,418] {logging_mixin.py:109} INFO - [2022-02-16 17:18:00,418] {dag.py:2396} INFO - Sync 1 DAGs
[2022-02-16 17:18:00,445] {logging_mixin.py:109} INFO - [2022-02-16 17:18:00,444] {dag.py:2935} INFO - Setting next_dagrun for example_short_circuit_operator to 2022-02-15T17:18:00.444595+00:00
[2022-02-16 17:18:00,461] {processor.py:171} INFO - Processing /home/airflow/.local/lib/python3.7/site-packages/airflow/example_dags/example_short_circuit_operator.py took 0.215 seconds
[2022-02-16 17:18:30,901] {processor.py:163} INFO - Started process (PID=7616) to work on /home/airflow/.local/lib/python3.7/site-packages/airflow/example_dags/example_short_circuit_operator.py
[2022-02-16 17:18:30,903] {processor.py:642} INFO - Processing file /home/airflow/.local/lib/python3.7/site-packages/airflow/example_dags/example_short_circuit_operator.py for tasks to queue
[2022-02-16 17:18:30,904] {logging_mixin.py:109} INFO - [2022-02-16 17:18:30,904] {dagbag.py:500} INFO - Filling up the DagBag from /home/airflow/.local/lib/python3.7/site-packages/airflow/example_dags/example_short_circuit_operator.py
[2022-02-16 17:18:30,946] {processor.py:654} INFO - DAG(s) dict_keys(['example_short_circuit_operator']) retrieved from /home/airflow/.local/lib/python3.7/site-packages/airflow/example_dags/example_short_circuit_operator.py
[2022-02-16 17:18:30,963] {logging_mixin.py:109} INFO - [2022-02-16 17:18:30,963] {dag.py:2396} INFO - Sync 1 DAGs
[2022-02-16 17:18:30,984] {logging_mixin.py:109} INFO - [2022-02-16 17:18:30,984] {dag.py:2935} INFO - Setting next_dagrun for example_short_circuit_operator to 2022-02-15T17:18:30.983715+00:00
[2022-02-16 17:18:30,997] {processor.py:171} INFO - Processing /home/airflow/.local/lib/python3.7/site-packages/airflow/example_dags/example_short_circuit_operator.py took 0.100 seconds
[2022-02-16 17:19:01,533] {processor.py:163} INFO - Started process (PID=7816) to work on /home/airflow/.local/lib/python3.7/site-packages/airflow/example_dags/example_short_circuit_operator.py
[2022-02-16 17:19:01,535] {processor.py:642} INFO - Processing file /home/airflow/.local/lib/python3.7/site-packages/airflow/example_dags/example_short_circuit_operator.py for tasks to queue
[2022-02-16 17:19:01,545] {logging_mixin.py:109} INFO - [2022-02-16 17:19:01,545] {dagbag.py:500} INFO - Filling up the DagBag from /home/airflow/.local/lib/python3.7/site-packages/airflow/example_dags/example_short_circuit_operator.py
[2022-02-16 17:19:01,645] {processor.py:654} INFO - DAG(s) dict_keys(['example_short_circuit_operator']) retrieved from /home/airflow/.local/lib/python3.7/site-packages/airflow/example_dags/example_short_circuit_operator.py
[2022-02-16 17:19:01,668] {logging_mixin.py:109} INFO - [2022-02-16 17:19:01,668] {dag.py:2396} INFO - Sync 1 DAGs
[2022-02-16 17:19:01,702] {logging_mixin.py:109} INFO - [2022-02-16 17:19:01,702] {dag.py:2935} INFO - Setting next_dagrun for example_short_circuit_operator to 2022-02-15T17:19:01.702116+00:00
[2022-02-16 17:19:01,721] {processor.py:171} INFO - Processing /home/airflow/.local/lib/python3.7/site-packages/airflow/example_dags/example_short_circuit_operator.py took 0.211 seconds
[2022-02-16 17:19:32,148] {processor.py:163} INFO - Started process (PID=8004) to work on /home/airflow/.local/lib/python3.7/site-packages/airflow/example_dags/example_short_circuit_operator.py
[2022-02-16 17:19:32,149] {processor.py:642} INFO - Processing file /home/airflow/.local/lib/python3.7/site-packages/airflow/example_dags/example_short_circuit_operator.py for tasks to queue
[2022-02-16 17:19:32,150] {logging_mixin.py:109} INFO - [2022-02-16 17:19:32,150] {dagbag.py:500} INFO - Filling up the DagBag from /home/airflow/.local/lib/python3.7/site-packages/airflow/example_dags/example_short_circuit_operator.py
[2022-02-16 17:19:32,200] {processor.py:654} INFO - DAG(s) dict_keys(['example_short_circuit_operator']) retrieved from /home/airflow/.local/lib/python3.7/site-packages/airflow/example_dags/example_short_circuit_operator.py
[2022-02-16 17:19:32,214] {logging_mixin.py:109} INFO - [2022-02-16 17:19:32,214] {dag.py:2396} INFO - Sync 1 DAGs
[2022-02-16 17:19:32,234] {logging_mixin.py:109} INFO - [2022-02-16 17:19:32,234] {dag.py:2935} INFO - Setting next_dagrun for example_short_circuit_operator to 2022-02-15T17:19:32.234076+00:00
[2022-02-16 17:19:32,246] {processor.py:171} INFO - Processing /home/airflow/.local/lib/python3.7/site-packages/airflow/example_dags/example_short_circuit_operator.py took 0.102 seconds
[2022-02-16 17:20:02,722] {processor.py:163} INFO - Started process (PID=8205) to work on /home/airflow/.local/lib/python3.7/site-packages/airflow/example_dags/example_short_circuit_operator.py
[2022-02-16 17:20:02,723] {processor.py:642} INFO - Processing file /home/airflow/.local/lib/python3.7/site-packages/airflow/example_dags/example_short_circuit_operator.py for tasks to queue
[2022-02-16 17:20:02,724] {logging_mixin.py:109} INFO - [2022-02-16 17:20:02,723] {dagbag.py:500} INFO - Filling up the DagBag from /home/airflow/.local/lib/python3.7/site-packages/airflow/example_dags/example_short_circuit_operator.py
[2022-02-16 17:20:02,756] {processor.py:654} INFO - DAG(s) dict_keys(['example_short_circuit_operator']) retrieved from /home/airflow/.local/lib/python3.7/site-packages/airflow/example_dags/example_short_circuit_operator.py
[2022-02-16 17:20:02,768] {logging_mixin.py:109} INFO - [2022-02-16 17:20:02,768] {dag.py:2396} INFO - Sync 1 DAGs
[2022-02-16 17:20:02,785] {logging_mixin.py:109} INFO - [2022-02-16 17:20:02,784] {dag.py:2935} INFO - Setting next_dagrun for example_short_circuit_operator to 2022-02-15T17:20:02.784574+00:00
[2022-02-16 17:20:02,797] {processor.py:171} INFO - Processing /home/airflow/.local/lib/python3.7/site-packages/airflow/example_dags/example_short_circuit_operator.py took 0.079 seconds
[2022-02-16 17:20:33,093] {processor.py:163} INFO - Started process (PID=8412) to work on /home/airflow/.local/lib/python3.7/site-packages/airflow/example_dags/example_short_circuit_operator.py
[2022-02-16 17:20:33,095] {processor.py:642} INFO - Processing file /home/airflow/.local/lib/python3.7/site-packages/airflow/example_dags/example_short_circuit_operator.py for tasks to queue
[2022-02-16 17:20:33,096] {logging_mixin.py:109} INFO - [2022-02-16 17:20:33,096] {dagbag.py:500} INFO - Filling up the DagBag from /home/airflow/.local/lib/python3.7/site-packages/airflow/example_dags/example_short_circuit_operator.py
[2022-02-16 17:20:33,143] {processor.py:654} INFO - DAG(s) dict_keys(['example_short_circuit_operator']) retrieved from /home/airflow/.local/lib/python3.7/site-packages/airflow/example_dags/example_short_circuit_operator.py
[2022-02-16 17:20:33,154] {logging_mixin.py:109} INFO - [2022-02-16 17:20:33,154] {dag.py:2396} INFO - Sync 1 DAGs
[2022-02-16 17:20:33,170] {logging_mixin.py:109} INFO - [2022-02-16 17:20:33,170] {dag.py:2935} INFO - Setting next_dagrun for example_short_circuit_operator to 2022-02-15T17:20:33.170359+00:00
[2022-02-16 17:20:33,180] {processor.py:171} INFO - Processing /home/airflow/.local/lib/python3.7/site-packages/airflow/example_dags/example_short_circuit_operator.py took 0.090 seconds
[2022-02-16 17:21:03,255] {processor.py:163} INFO - Started process (PID=8604) to work on /home/airflow/.local/lib/python3.7/site-packages/airflow/example_dags/example_short_circuit_operator.py
[2022-02-16 17:21:03,257] {processor.py:642} INFO - Processing file /home/airflow/.local/lib/python3.7/site-packages/airflow/example_dags/example_short_circuit_operator.py for tasks to queue
[2022-02-16 17:21:03,258] {logging_mixin.py:109} INFO - [2022-02-16 17:21:03,258] {dagbag.py:500} INFO - Filling up the DagBag from /home/airflow/.local/lib/python3.7/site-packages/airflow/example_dags/example_short_circuit_operator.py
[2022-02-16 17:21:03,290] {processor.py:654} INFO - DAG(s) dict_keys(['example_short_circuit_operator']) retrieved from /home/airflow/.local/lib/python3.7/site-packages/airflow/example_dags/example_short_circuit_operator.py
[2022-02-16 17:21:03,301] {logging_mixin.py:109} INFO - [2022-02-16 17:21:03,301] {dag.py:2396} INFO - Sync 1 DAGs
[2022-02-16 17:21:03,318] {logging_mixin.py:109} INFO - [2022-02-16 17:21:03,317] {dag.py:2935} INFO - Setting next_dagrun for example_short_circuit_operator to 2022-02-15T17:21:03.317555+00:00
[2022-02-16 17:21:03,327] {processor.py:171} INFO - Processing /home/airflow/.local/lib/python3.7/site-packages/airflow/example_dags/example_short_circuit_operator.py took 0.077 seconds
