[2022-02-16 16:59:03,788] {processor.py:163} INFO - Started process (PID=393) to work on /home/airflow/.local/lib/python3.7/site-packages/airflow/example_dags/example_task_group_decorator.py
[2022-02-16 16:59:03,789] {processor.py:642} INFO - Processing file /home/airflow/.local/lib/python3.7/site-packages/airflow/example_dags/example_task_group_decorator.py for tasks to queue
[2022-02-16 16:59:03,790] {logging_mixin.py:109} INFO - [2022-02-16 16:59:03,790] {dagbag.py:500} INFO - Filling up the DagBag from /home/airflow/.local/lib/python3.7/site-packages/airflow/example_dags/example_task_group_decorator.py
[2022-02-16 16:59:03,838] {processor.py:654} INFO - DAG(s) dict_keys(['example_task_group_decorator']) retrieved from /home/airflow/.local/lib/python3.7/site-packages/airflow/example_dags/example_task_group_decorator.py
[2022-02-16 16:59:05,858] {logging_mixin.py:109} INFO - [2022-02-16 16:59:05,858] {manager.py:496} INFO - Created Permission View: can read on DAG:example_task_group_decorator
[2022-02-16 16:59:05,866] {logging_mixin.py:109} INFO - [2022-02-16 16:59:05,866] {manager.py:496} INFO - Created Permission View: can edit on DAG:example_task_group_decorator
[2022-02-16 16:59:05,866] {logging_mixin.py:109} INFO - [2022-02-16 16:59:05,866] {dag.py:2396} INFO - Sync 1 DAGs
[2022-02-16 16:59:05,873] {logging_mixin.py:109} INFO - [2022-02-16 16:59:05,873] {dag.py:2415} INFO - Creating ORM DAG for example_task_group_decorator
[2022-02-16 16:59:05,881] {logging_mixin.py:109} INFO - [2022-02-16 16:59:05,881] {dag.py:2935} INFO - Setting next_dagrun for example_task_group_decorator to 2022-02-15T16:59:05.881401+00:00
[2022-02-16 16:59:05,894] {processor.py:171} INFO - Processing /home/airflow/.local/lib/python3.7/site-packages/airflow/example_dags/example_task_group_decorator.py took 2.110 seconds
[2022-02-16 16:59:36,029] {processor.py:163} INFO - Started process (PID=586) to work on /home/airflow/.local/lib/python3.7/site-packages/airflow/example_dags/example_task_group_decorator.py
[2022-02-16 16:59:36,031] {processor.py:642} INFO - Processing file /home/airflow/.local/lib/python3.7/site-packages/airflow/example_dags/example_task_group_decorator.py for tasks to queue
[2022-02-16 16:59:36,032] {logging_mixin.py:109} INFO - [2022-02-16 16:59:36,031] {dagbag.py:500} INFO - Filling up the DagBag from /home/airflow/.local/lib/python3.7/site-packages/airflow/example_dags/example_task_group_decorator.py
[2022-02-16 16:59:36,190] {processor.py:654} INFO - DAG(s) dict_keys(['example_task_group_decorator']) retrieved from /home/airflow/.local/lib/python3.7/site-packages/airflow/example_dags/example_task_group_decorator.py
[2022-02-16 16:59:36,528] {logging_mixin.py:109} INFO - [2022-02-16 16:59:36,528] {dag.py:2396} INFO - Sync 1 DAGs
[2022-02-16 16:59:36,543] {logging_mixin.py:109} INFO - [2022-02-16 16:59:36,543] {dag.py:2935} INFO - Setting next_dagrun for example_task_group_decorator to 2022-02-15T16:59:36.543086+00:00
[2022-02-16 16:59:36,556] {processor.py:171} INFO - Processing /home/airflow/.local/lib/python3.7/site-packages/airflow/example_dags/example_task_group_decorator.py took 0.531 seconds
[2022-02-16 17:00:07,059] {processor.py:163} INFO - Started process (PID=775) to work on /home/airflow/.local/lib/python3.7/site-packages/airflow/example_dags/example_task_group_decorator.py
[2022-02-16 17:00:07,064] {processor.py:642} INFO - Processing file /home/airflow/.local/lib/python3.7/site-packages/airflow/example_dags/example_task_group_decorator.py for tasks to queue
[2022-02-16 17:00:07,065] {logging_mixin.py:109} INFO - [2022-02-16 17:00:07,065] {dagbag.py:500} INFO - Filling up the DagBag from /home/airflow/.local/lib/python3.7/site-packages/airflow/example_dags/example_task_group_decorator.py
[2022-02-16 17:00:07,650] {processor.py:654} INFO - DAG(s) dict_keys(['example_task_group_decorator']) retrieved from /home/airflow/.local/lib/python3.7/site-packages/airflow/example_dags/example_task_group_decorator.py
[2022-02-16 17:00:09,233] {logging_mixin.py:109} INFO - [2022-02-16 17:00:09,233] {dag.py:2396} INFO - Sync 1 DAGs
[2022-02-16 17:00:09,248] {logging_mixin.py:109} INFO - [2022-02-16 17:00:09,248] {dag.py:2935} INFO - Setting next_dagrun for example_task_group_decorator to 2022-02-15T17:00:09.248129+00:00
[2022-02-16 17:00:09,377] {processor.py:171} INFO - Processing /home/airflow/.local/lib/python3.7/site-packages/airflow/example_dags/example_task_group_decorator.py took 2.335 seconds
[2022-02-16 17:00:39,947] {processor.py:163} INFO - Started process (PID=948) to work on /home/airflow/.local/lib/python3.7/site-packages/airflow/example_dags/example_task_group_decorator.py
[2022-02-16 17:00:39,952] {processor.py:642} INFO - Processing file /home/airflow/.local/lib/python3.7/site-packages/airflow/example_dags/example_task_group_decorator.py for tasks to queue
[2022-02-16 17:00:39,953] {logging_mixin.py:109} INFO - [2022-02-16 17:00:39,953] {dagbag.py:500} INFO - Filling up the DagBag from /home/airflow/.local/lib/python3.7/site-packages/airflow/example_dags/example_task_group_decorator.py
[2022-02-16 17:00:40,050] {processor.py:654} INFO - DAG(s) dict_keys(['example_task_group_decorator']) retrieved from /home/airflow/.local/lib/python3.7/site-packages/airflow/example_dags/example_task_group_decorator.py
[2022-02-16 17:00:40,499] {logging_mixin.py:109} INFO - [2022-02-16 17:00:40,499] {dag.py:2396} INFO - Sync 1 DAGs
[2022-02-16 17:00:40,516] {logging_mixin.py:109} INFO - [2022-02-16 17:00:40,516] {dag.py:2935} INFO - Setting next_dagrun for example_task_group_decorator to 2022-02-15T17:00:40.515785+00:00
[2022-02-16 17:00:40,537] {processor.py:171} INFO - Processing /home/airflow/.local/lib/python3.7/site-packages/airflow/example_dags/example_task_group_decorator.py took 0.599 seconds
[2022-02-16 17:01:11,533] {processor.py:163} INFO - Started process (PID=1162) to work on /home/airflow/.local/lib/python3.7/site-packages/airflow/example_dags/example_task_group_decorator.py
[2022-02-16 17:01:11,535] {processor.py:642} INFO - Processing file /home/airflow/.local/lib/python3.7/site-packages/airflow/example_dags/example_task_group_decorator.py for tasks to queue
[2022-02-16 17:01:11,536] {logging_mixin.py:109} INFO - [2022-02-16 17:01:11,536] {dagbag.py:500} INFO - Filling up the DagBag from /home/airflow/.local/lib/python3.7/site-packages/airflow/example_dags/example_task_group_decorator.py
[2022-02-16 17:01:11,626] {processor.py:654} INFO - DAG(s) dict_keys(['example_task_group_decorator']) retrieved from /home/airflow/.local/lib/python3.7/site-packages/airflow/example_dags/example_task_group_decorator.py
[2022-02-16 17:01:12,024] {logging_mixin.py:109} INFO - [2022-02-16 17:01:12,024] {dag.py:2396} INFO - Sync 1 DAGs
[2022-02-16 17:01:12,038] {logging_mixin.py:109} INFO - [2022-02-16 17:01:12,038] {dag.py:2935} INFO - Setting next_dagrun for example_task_group_decorator to 2022-02-15T17:01:12.037976+00:00
[2022-02-16 17:01:12,049] {processor.py:171} INFO - Processing /home/airflow/.local/lib/python3.7/site-packages/airflow/example_dags/example_task_group_decorator.py took 0.519 seconds
[2022-02-16 17:01:43,055] {processor.py:163} INFO - Started process (PID=1355) to work on /home/airflow/.local/lib/python3.7/site-packages/airflow/example_dags/example_task_group_decorator.py
[2022-02-16 17:01:43,057] {processor.py:642} INFO - Processing file /home/airflow/.local/lib/python3.7/site-packages/airflow/example_dags/example_task_group_decorator.py for tasks to queue
[2022-02-16 17:01:43,058] {logging_mixin.py:109} INFO - [2022-02-16 17:01:43,057] {dagbag.py:500} INFO - Filling up the DagBag from /home/airflow/.local/lib/python3.7/site-packages/airflow/example_dags/example_task_group_decorator.py
[2022-02-16 17:01:43,121] {processor.py:654} INFO - DAG(s) dict_keys(['example_task_group_decorator']) retrieved from /home/airflow/.local/lib/python3.7/site-packages/airflow/example_dags/example_task_group_decorator.py
[2022-02-16 17:01:43,487] {logging_mixin.py:109} INFO - [2022-02-16 17:01:43,487] {dag.py:2396} INFO - Sync 1 DAGs
[2022-02-16 17:01:43,503] {logging_mixin.py:109} INFO - [2022-02-16 17:01:43,503] {dag.py:2935} INFO - Setting next_dagrun for example_task_group_decorator to 2022-02-15T17:01:43.503578+00:00
[2022-02-16 17:01:43,519] {processor.py:171} INFO - Processing /home/airflow/.local/lib/python3.7/site-packages/airflow/example_dags/example_task_group_decorator.py took 0.468 seconds
[2022-02-16 17:02:14,890] {processor.py:163} INFO - Started process (PID=1544) to work on /home/airflow/.local/lib/python3.7/site-packages/airflow/example_dags/example_task_group_decorator.py
[2022-02-16 17:02:14,891] {processor.py:642} INFO - Processing file /home/airflow/.local/lib/python3.7/site-packages/airflow/example_dags/example_task_group_decorator.py for tasks to queue
[2022-02-16 17:02:14,892] {logging_mixin.py:109} INFO - [2022-02-16 17:02:14,892] {dagbag.py:500} INFO - Filling up the DagBag from /home/airflow/.local/lib/python3.7/site-packages/airflow/example_dags/example_task_group_decorator.py
[2022-02-16 17:02:14,937] {processor.py:654} INFO - DAG(s) dict_keys(['example_task_group_decorator']) retrieved from /home/airflow/.local/lib/python3.7/site-packages/airflow/example_dags/example_task_group_decorator.py
[2022-02-16 17:02:15,319] {logging_mixin.py:109} INFO - [2022-02-16 17:02:15,318] {dag.py:2396} INFO - Sync 1 DAGs
[2022-02-16 17:02:15,337] {logging_mixin.py:109} INFO - [2022-02-16 17:02:15,337] {dag.py:2935} INFO - Setting next_dagrun for example_task_group_decorator to 2022-02-15T17:02:15.337183+00:00
[2022-02-16 17:02:15,351] {processor.py:171} INFO - Processing /home/airflow/.local/lib/python3.7/site-packages/airflow/example_dags/example_task_group_decorator.py took 0.465 seconds
[2022-02-16 17:02:46,198] {processor.py:163} INFO - Started process (PID=1737) to work on /home/airflow/.local/lib/python3.7/site-packages/airflow/example_dags/example_task_group_decorator.py
[2022-02-16 17:02:46,199] {processor.py:642} INFO - Processing file /home/airflow/.local/lib/python3.7/site-packages/airflow/example_dags/example_task_group_decorator.py for tasks to queue
[2022-02-16 17:02:46,199] {logging_mixin.py:109} INFO - [2022-02-16 17:02:46,199] {dagbag.py:500} INFO - Filling up the DagBag from /home/airflow/.local/lib/python3.7/site-packages/airflow/example_dags/example_task_group_decorator.py
[2022-02-16 17:02:46,275] {processor.py:654} INFO - DAG(s) dict_keys(['example_task_group_decorator']) retrieved from /home/airflow/.local/lib/python3.7/site-packages/airflow/example_dags/example_task_group_decorator.py
[2022-02-16 17:02:46,837] {logging_mixin.py:109} INFO - [2022-02-16 17:02:46,836] {dag.py:2396} INFO - Sync 1 DAGs
[2022-02-16 17:02:46,851] {logging_mixin.py:109} INFO - [2022-02-16 17:02:46,851] {dag.py:2935} INFO - Setting next_dagrun for example_task_group_decorator to 2022-02-15T17:02:46.851178+00:00
[2022-02-16 17:02:46,862] {processor.py:171} INFO - Processing /home/airflow/.local/lib/python3.7/site-packages/airflow/example_dags/example_task_group_decorator.py took 0.674 seconds
[2022-02-16 17:03:17,198] {processor.py:163} INFO - Started process (PID=1925) to work on /home/airflow/.local/lib/python3.7/site-packages/airflow/example_dags/example_task_group_decorator.py
[2022-02-16 17:03:17,199] {processor.py:642} INFO - Processing file /home/airflow/.local/lib/python3.7/site-packages/airflow/example_dags/example_task_group_decorator.py for tasks to queue
[2022-02-16 17:03:17,200] {logging_mixin.py:109} INFO - [2022-02-16 17:03:17,200] {dagbag.py:500} INFO - Filling up the DagBag from /home/airflow/.local/lib/python3.7/site-packages/airflow/example_dags/example_task_group_decorator.py
[2022-02-16 17:03:17,246] {processor.py:654} INFO - DAG(s) dict_keys(['example_task_group_decorator']) retrieved from /home/airflow/.local/lib/python3.7/site-packages/airflow/example_dags/example_task_group_decorator.py
[2022-02-16 17:03:17,572] {logging_mixin.py:109} INFO - [2022-02-16 17:03:17,572] {dag.py:2396} INFO - Sync 1 DAGs
[2022-02-16 17:03:17,586] {logging_mixin.py:109} INFO - [2022-02-16 17:03:17,586] {dag.py:2935} INFO - Setting next_dagrun for example_task_group_decorator to 2022-02-15T17:03:17.586125+00:00
[2022-02-16 17:03:17,597] {processor.py:171} INFO - Processing /home/airflow/.local/lib/python3.7/site-packages/airflow/example_dags/example_task_group_decorator.py took 0.403 seconds
[2022-02-16 17:03:48,795] {processor.py:163} INFO - Started process (PID=2108) to work on /home/airflow/.local/lib/python3.7/site-packages/airflow/example_dags/example_task_group_decorator.py
[2022-02-16 17:03:48,796] {processor.py:642} INFO - Processing file /home/airflow/.local/lib/python3.7/site-packages/airflow/example_dags/example_task_group_decorator.py for tasks to queue
[2022-02-16 17:03:48,797] {logging_mixin.py:109} INFO - [2022-02-16 17:03:48,796] {dagbag.py:500} INFO - Filling up the DagBag from /home/airflow/.local/lib/python3.7/site-packages/airflow/example_dags/example_task_group_decorator.py
[2022-02-16 17:03:48,889] {processor.py:654} INFO - DAG(s) dict_keys(['example_task_group_decorator']) retrieved from /home/airflow/.local/lib/python3.7/site-packages/airflow/example_dags/example_task_group_decorator.py
[2022-02-16 17:03:49,505] {logging_mixin.py:109} INFO - [2022-02-16 17:03:49,505] {dag.py:2396} INFO - Sync 1 DAGs
[2022-02-16 17:03:49,553] {logging_mixin.py:109} INFO - [2022-02-16 17:03:49,553] {dag.py:2935} INFO - Setting next_dagrun for example_task_group_decorator to 2022-02-15T17:03:49.552769+00:00
[2022-02-16 17:03:49,576] {processor.py:171} INFO - Processing /home/airflow/.local/lib/python3.7/site-packages/airflow/example_dags/example_task_group_decorator.py took 0.785 seconds
[2022-02-16 17:04:20,341] {processor.py:163} INFO - Started process (PID=2310) to work on /home/airflow/.local/lib/python3.7/site-packages/airflow/example_dags/example_task_group_decorator.py
[2022-02-16 17:04:20,350] {processor.py:642} INFO - Processing file /home/airflow/.local/lib/python3.7/site-packages/airflow/example_dags/example_task_group_decorator.py for tasks to queue
[2022-02-16 17:04:20,351] {logging_mixin.py:109} INFO - [2022-02-16 17:04:20,351] {dagbag.py:500} INFO - Filling up the DagBag from /home/airflow/.local/lib/python3.7/site-packages/airflow/example_dags/example_task_group_decorator.py
[2022-02-16 17:04:20,426] {processor.py:654} INFO - DAG(s) dict_keys(['example_task_group_decorator']) retrieved from /home/airflow/.local/lib/python3.7/site-packages/airflow/example_dags/example_task_group_decorator.py
[2022-02-16 17:04:20,911] {logging_mixin.py:109} INFO - [2022-02-16 17:04:20,910] {dag.py:2396} INFO - Sync 1 DAGs
[2022-02-16 17:04:20,981] {logging_mixin.py:109} INFO - [2022-02-16 17:04:20,981] {dag.py:2935} INFO - Setting next_dagrun for example_task_group_decorator to 2022-02-15T17:04:20.980980+00:00
[2022-02-16 17:04:21,018] {processor.py:171} INFO - Processing /home/airflow/.local/lib/python3.7/site-packages/airflow/example_dags/example_task_group_decorator.py took 0.681 seconds
[2022-02-16 17:04:51,812] {processor.py:163} INFO - Started process (PID=2507) to work on /home/airflow/.local/lib/python3.7/site-packages/airflow/example_dags/example_task_group_decorator.py
[2022-02-16 17:04:51,813] {processor.py:642} INFO - Processing file /home/airflow/.local/lib/python3.7/site-packages/airflow/example_dags/example_task_group_decorator.py for tasks to queue
[2022-02-16 17:04:51,814] {logging_mixin.py:109} INFO - [2022-02-16 17:04:51,814] {dagbag.py:500} INFO - Filling up the DagBag from /home/airflow/.local/lib/python3.7/site-packages/airflow/example_dags/example_task_group_decorator.py
[2022-02-16 17:04:51,872] {processor.py:654} INFO - DAG(s) dict_keys(['example_task_group_decorator']) retrieved from /home/airflow/.local/lib/python3.7/site-packages/airflow/example_dags/example_task_group_decorator.py
[2022-02-16 17:04:52,292] {logging_mixin.py:109} INFO - [2022-02-16 17:04:52,292] {dag.py:2396} INFO - Sync 1 DAGs
[2022-02-16 17:04:52,309] {logging_mixin.py:109} INFO - [2022-02-16 17:04:52,309] {dag.py:2935} INFO - Setting next_dagrun for example_task_group_decorator to 2022-02-15T17:04:52.309591+00:00
[2022-02-16 17:04:52,325] {processor.py:171} INFO - Processing /home/airflow/.local/lib/python3.7/site-packages/airflow/example_dags/example_task_group_decorator.py took 0.517 seconds
[2022-02-16 17:05:22,623] {processor.py:163} INFO - Started process (PID=2694) to work on /home/airflow/.local/lib/python3.7/site-packages/airflow/example_dags/example_task_group_decorator.py
[2022-02-16 17:05:22,625] {processor.py:642} INFO - Processing file /home/airflow/.local/lib/python3.7/site-packages/airflow/example_dags/example_task_group_decorator.py for tasks to queue
[2022-02-16 17:05:22,625] {logging_mixin.py:109} INFO - [2022-02-16 17:05:22,625] {dagbag.py:500} INFO - Filling up the DagBag from /home/airflow/.local/lib/python3.7/site-packages/airflow/example_dags/example_task_group_decorator.py
[2022-02-16 17:05:22,674] {processor.py:654} INFO - DAG(s) dict_keys(['example_task_group_decorator']) retrieved from /home/airflow/.local/lib/python3.7/site-packages/airflow/example_dags/example_task_group_decorator.py
[2022-02-16 17:05:23,324] {logging_mixin.py:109} INFO - [2022-02-16 17:05:23,323] {dag.py:2396} INFO - Sync 1 DAGs
[2022-02-16 17:05:23,357] {logging_mixin.py:109} INFO - [2022-02-16 17:05:23,357] {dag.py:2935} INFO - Setting next_dagrun for example_task_group_decorator to 2022-02-15T17:05:23.357459+00:00
[2022-02-16 17:05:23,374] {processor.py:171} INFO - Processing /home/airflow/.local/lib/python3.7/site-packages/airflow/example_dags/example_task_group_decorator.py took 0.755 seconds
[2022-02-16 17:05:54,044] {processor.py:163} INFO - Started process (PID=2879) to work on /home/airflow/.local/lib/python3.7/site-packages/airflow/example_dags/example_task_group_decorator.py
[2022-02-16 17:05:54,045] {processor.py:642} INFO - Processing file /home/airflow/.local/lib/python3.7/site-packages/airflow/example_dags/example_task_group_decorator.py for tasks to queue
[2022-02-16 17:05:54,049] {logging_mixin.py:109} INFO - [2022-02-16 17:05:54,048] {dagbag.py:500} INFO - Filling up the DagBag from /home/airflow/.local/lib/python3.7/site-packages/airflow/example_dags/example_task_group_decorator.py
[2022-02-16 17:05:54,126] {processor.py:654} INFO - DAG(s) dict_keys(['example_task_group_decorator']) retrieved from /home/airflow/.local/lib/python3.7/site-packages/airflow/example_dags/example_task_group_decorator.py
[2022-02-16 17:05:54,460] {logging_mixin.py:109} INFO - [2022-02-16 17:05:54,460] {dag.py:2396} INFO - Sync 1 DAGs
[2022-02-16 17:05:54,488] {logging_mixin.py:109} INFO - [2022-02-16 17:05:54,488] {dag.py:2935} INFO - Setting next_dagrun for example_task_group_decorator to 2022-02-15T17:05:54.488119+00:00
[2022-02-16 17:05:54,502] {processor.py:171} INFO - Processing /home/airflow/.local/lib/python3.7/site-packages/airflow/example_dags/example_task_group_decorator.py took 0.463 seconds
[2022-02-16 17:06:24,645] {processor.py:163} INFO - Started process (PID=3073) to work on /home/airflow/.local/lib/python3.7/site-packages/airflow/example_dags/example_task_group_decorator.py
[2022-02-16 17:06:24,646] {processor.py:642} INFO - Processing file /home/airflow/.local/lib/python3.7/site-packages/airflow/example_dags/example_task_group_decorator.py for tasks to queue
[2022-02-16 17:06:24,647] {logging_mixin.py:109} INFO - [2022-02-16 17:06:24,647] {dagbag.py:500} INFO - Filling up the DagBag from /home/airflow/.local/lib/python3.7/site-packages/airflow/example_dags/example_task_group_decorator.py
[2022-02-16 17:06:24,723] {processor.py:654} INFO - DAG(s) dict_keys(['example_task_group_decorator']) retrieved from /home/airflow/.local/lib/python3.7/site-packages/airflow/example_dags/example_task_group_decorator.py
[2022-02-16 17:06:25,187] {logging_mixin.py:109} INFO - [2022-02-16 17:06:25,187] {dag.py:2396} INFO - Sync 1 DAGs
[2022-02-16 17:06:25,201] {logging_mixin.py:109} INFO - [2022-02-16 17:06:25,201] {dag.py:2935} INFO - Setting next_dagrun for example_task_group_decorator to 2022-02-15T17:06:25.200900+00:00
[2022-02-16 17:06:25,211] {processor.py:171} INFO - Processing /home/airflow/.local/lib/python3.7/site-packages/airflow/example_dags/example_task_group_decorator.py took 0.570 seconds
[2022-02-16 17:06:55,464] {processor.py:163} INFO - Started process (PID=3257) to work on /home/airflow/.local/lib/python3.7/site-packages/airflow/example_dags/example_task_group_decorator.py
[2022-02-16 17:06:55,466] {processor.py:642} INFO - Processing file /home/airflow/.local/lib/python3.7/site-packages/airflow/example_dags/example_task_group_decorator.py for tasks to queue
[2022-02-16 17:06:55,466] {logging_mixin.py:109} INFO - [2022-02-16 17:06:55,466] {dagbag.py:500} INFO - Filling up the DagBag from /home/airflow/.local/lib/python3.7/site-packages/airflow/example_dags/example_task_group_decorator.py
[2022-02-16 17:06:55,512] {processor.py:654} INFO - DAG(s) dict_keys(['example_task_group_decorator']) retrieved from /home/airflow/.local/lib/python3.7/site-packages/airflow/example_dags/example_task_group_decorator.py
[2022-02-16 17:06:55,835] {logging_mixin.py:109} INFO - [2022-02-16 17:06:55,834] {dag.py:2396} INFO - Sync 1 DAGs
[2022-02-16 17:06:55,848] {logging_mixin.py:109} INFO - [2022-02-16 17:06:55,848] {dag.py:2935} INFO - Setting next_dagrun for example_task_group_decorator to 2022-02-15T17:06:55.848650+00:00
[2022-02-16 17:06:55,859] {processor.py:171} INFO - Processing /home/airflow/.local/lib/python3.7/site-packages/airflow/example_dags/example_task_group_decorator.py took 0.398 seconds
[2022-02-16 17:07:26,562] {processor.py:163} INFO - Started process (PID=3439) to work on /home/airflow/.local/lib/python3.7/site-packages/airflow/example_dags/example_task_group_decorator.py
[2022-02-16 17:07:26,564] {processor.py:642} INFO - Processing file /home/airflow/.local/lib/python3.7/site-packages/airflow/example_dags/example_task_group_decorator.py for tasks to queue
[2022-02-16 17:07:26,564] {logging_mixin.py:109} INFO - [2022-02-16 17:07:26,564] {dagbag.py:500} INFO - Filling up the DagBag from /home/airflow/.local/lib/python3.7/site-packages/airflow/example_dags/example_task_group_decorator.py
[2022-02-16 17:07:26,611] {processor.py:654} INFO - DAG(s) dict_keys(['example_task_group_decorator']) retrieved from /home/airflow/.local/lib/python3.7/site-packages/airflow/example_dags/example_task_group_decorator.py
[2022-02-16 17:07:26,963] {logging_mixin.py:109} INFO - [2022-02-16 17:07:26,963] {dag.py:2396} INFO - Sync 1 DAGs
[2022-02-16 17:07:26,979] {logging_mixin.py:109} INFO - [2022-02-16 17:07:26,979] {dag.py:2935} INFO - Setting next_dagrun for example_task_group_decorator to 2022-02-15T17:07:26.978792+00:00
[2022-02-16 17:07:26,989] {processor.py:171} INFO - Processing /home/airflow/.local/lib/python3.7/site-packages/airflow/example_dags/example_task_group_decorator.py took 0.431 seconds
[2022-02-16 17:07:57,123] {processor.py:163} INFO - Started process (PID=3633) to work on /home/airflow/.local/lib/python3.7/site-packages/airflow/example_dags/example_task_group_decorator.py
[2022-02-16 17:07:57,125] {processor.py:642} INFO - Processing file /home/airflow/.local/lib/python3.7/site-packages/airflow/example_dags/example_task_group_decorator.py for tasks to queue
[2022-02-16 17:07:57,126] {logging_mixin.py:109} INFO - [2022-02-16 17:07:57,125] {dagbag.py:500} INFO - Filling up the DagBag from /home/airflow/.local/lib/python3.7/site-packages/airflow/example_dags/example_task_group_decorator.py
[2022-02-16 17:07:57,184] {processor.py:654} INFO - DAG(s) dict_keys(['example_task_group_decorator']) retrieved from /home/airflow/.local/lib/python3.7/site-packages/airflow/example_dags/example_task_group_decorator.py
[2022-02-16 17:07:57,775] {logging_mixin.py:109} INFO - [2022-02-16 17:07:57,775] {dag.py:2396} INFO - Sync 1 DAGs
[2022-02-16 17:07:57,790] {logging_mixin.py:109} INFO - [2022-02-16 17:07:57,789] {dag.py:2935} INFO - Setting next_dagrun for example_task_group_decorator to 2022-02-15T17:07:57.789767+00:00
[2022-02-16 17:07:57,808] {processor.py:171} INFO - Processing /home/airflow/.local/lib/python3.7/site-packages/airflow/example_dags/example_task_group_decorator.py took 0.689 seconds
[2022-02-16 17:08:28,325] {processor.py:163} INFO - Started process (PID=3817) to work on /home/airflow/.local/lib/python3.7/site-packages/airflow/example_dags/example_task_group_decorator.py
[2022-02-16 17:08:28,326] {processor.py:642} INFO - Processing file /home/airflow/.local/lib/python3.7/site-packages/airflow/example_dags/example_task_group_decorator.py for tasks to queue
[2022-02-16 17:08:28,327] {logging_mixin.py:109} INFO - [2022-02-16 17:08:28,327] {dagbag.py:500} INFO - Filling up the DagBag from /home/airflow/.local/lib/python3.7/site-packages/airflow/example_dags/example_task_group_decorator.py
[2022-02-16 17:08:28,373] {processor.py:654} INFO - DAG(s) dict_keys(['example_task_group_decorator']) retrieved from /home/airflow/.local/lib/python3.7/site-packages/airflow/example_dags/example_task_group_decorator.py
[2022-02-16 17:08:28,684] {logging_mixin.py:109} INFO - [2022-02-16 17:08:28,684] {dag.py:2396} INFO - Sync 1 DAGs
[2022-02-16 17:08:28,701] {logging_mixin.py:109} INFO - [2022-02-16 17:08:28,701] {dag.py:2935} INFO - Setting next_dagrun for example_task_group_decorator to 2022-02-15T17:08:28.701254+00:00
[2022-02-16 17:08:28,713] {processor.py:171} INFO - Processing /home/airflow/.local/lib/python3.7/site-packages/airflow/example_dags/example_task_group_decorator.py took 0.392 seconds
[2022-02-16 17:08:59,710] {processor.py:163} INFO - Started process (PID=4000) to work on /home/airflow/.local/lib/python3.7/site-packages/airflow/example_dags/example_task_group_decorator.py
[2022-02-16 17:08:59,711] {processor.py:642} INFO - Processing file /home/airflow/.local/lib/python3.7/site-packages/airflow/example_dags/example_task_group_decorator.py for tasks to queue
[2022-02-16 17:08:59,712] {logging_mixin.py:109} INFO - [2022-02-16 17:08:59,712] {dagbag.py:500} INFO - Filling up the DagBag from /home/airflow/.local/lib/python3.7/site-packages/airflow/example_dags/example_task_group_decorator.py
[2022-02-16 17:08:59,763] {processor.py:654} INFO - DAG(s) dict_keys(['example_task_group_decorator']) retrieved from /home/airflow/.local/lib/python3.7/site-packages/airflow/example_dags/example_task_group_decorator.py
[2022-02-16 17:09:00,139] {logging_mixin.py:109} INFO - [2022-02-16 17:09:00,139] {dag.py:2396} INFO - Sync 1 DAGs
[2022-02-16 17:09:00,160] {logging_mixin.py:109} INFO - [2022-02-16 17:09:00,160] {dag.py:2935} INFO - Setting next_dagrun for example_task_group_decorator to 2022-02-15T17:09:00.160233+00:00
[2022-02-16 17:09:00,184] {processor.py:171} INFO - Processing /home/airflow/.local/lib/python3.7/site-packages/airflow/example_dags/example_task_group_decorator.py took 0.479 seconds
[2022-02-16 17:09:30,606] {processor.py:163} INFO - Started process (PID=4183) to work on /home/airflow/.local/lib/python3.7/site-packages/airflow/example_dags/example_task_group_decorator.py
[2022-02-16 17:09:30,608] {processor.py:642} INFO - Processing file /home/airflow/.local/lib/python3.7/site-packages/airflow/example_dags/example_task_group_decorator.py for tasks to queue
[2022-02-16 17:09:30,608] {logging_mixin.py:109} INFO - [2022-02-16 17:09:30,608] {dagbag.py:500} INFO - Filling up the DagBag from /home/airflow/.local/lib/python3.7/site-packages/airflow/example_dags/example_task_group_decorator.py
[2022-02-16 17:09:30,660] {processor.py:654} INFO - DAG(s) dict_keys(['example_task_group_decorator']) retrieved from /home/airflow/.local/lib/python3.7/site-packages/airflow/example_dags/example_task_group_decorator.py
[2022-02-16 17:09:31,447] {logging_mixin.py:109} INFO - [2022-02-16 17:09:31,447] {dag.py:2396} INFO - Sync 1 DAGs
[2022-02-16 17:09:31,495] {logging_mixin.py:109} INFO - [2022-02-16 17:09:31,495] {dag.py:2935} INFO - Setting next_dagrun for example_task_group_decorator to 2022-02-15T17:09:31.494623+00:00
[2022-02-16 17:09:31,524] {processor.py:171} INFO - Processing /home/airflow/.local/lib/python3.7/site-packages/airflow/example_dags/example_task_group_decorator.py took 0.922 seconds
[2022-02-16 17:10:01,587] {processor.py:163} INFO - Started process (PID=4377) to work on /home/airflow/.local/lib/python3.7/site-packages/airflow/example_dags/example_task_group_decorator.py
[2022-02-16 17:10:01,589] {processor.py:642} INFO - Processing file /home/airflow/.local/lib/python3.7/site-packages/airflow/example_dags/example_task_group_decorator.py for tasks to queue
[2022-02-16 17:10:01,590] {logging_mixin.py:109} INFO - [2022-02-16 17:10:01,589] {dagbag.py:500} INFO - Filling up the DagBag from /home/airflow/.local/lib/python3.7/site-packages/airflow/example_dags/example_task_group_decorator.py
[2022-02-16 17:10:01,648] {processor.py:654} INFO - DAG(s) dict_keys(['example_task_group_decorator']) retrieved from /home/airflow/.local/lib/python3.7/site-packages/airflow/example_dags/example_task_group_decorator.py
[2022-02-16 17:10:02,101] {logging_mixin.py:109} INFO - [2022-02-16 17:10:02,101] {dag.py:2396} INFO - Sync 1 DAGs
[2022-02-16 17:10:02,117] {logging_mixin.py:109} INFO - [2022-02-16 17:10:02,117] {dag.py:2935} INFO - Setting next_dagrun for example_task_group_decorator to 2022-02-15T17:10:02.116858+00:00
[2022-02-16 17:10:02,129] {processor.py:171} INFO - Processing /home/airflow/.local/lib/python3.7/site-packages/airflow/example_dags/example_task_group_decorator.py took 0.546 seconds
[2022-02-16 17:10:32,795] {processor.py:163} INFO - Started process (PID=4563) to work on /home/airflow/.local/lib/python3.7/site-packages/airflow/example_dags/example_task_group_decorator.py
[2022-02-16 17:10:32,796] {processor.py:642} INFO - Processing file /home/airflow/.local/lib/python3.7/site-packages/airflow/example_dags/example_task_group_decorator.py for tasks to queue
[2022-02-16 17:10:32,797] {logging_mixin.py:109} INFO - [2022-02-16 17:10:32,797] {dagbag.py:500} INFO - Filling up the DagBag from /home/airflow/.local/lib/python3.7/site-packages/airflow/example_dags/example_task_group_decorator.py
[2022-02-16 17:10:32,849] {processor.py:654} INFO - DAG(s) dict_keys(['example_task_group_decorator']) retrieved from /home/airflow/.local/lib/python3.7/site-packages/airflow/example_dags/example_task_group_decorator.py
[2022-02-16 17:10:33,238] {logging_mixin.py:109} INFO - [2022-02-16 17:10:33,238] {dag.py:2396} INFO - Sync 1 DAGs
[2022-02-16 17:10:33,253] {logging_mixin.py:109} INFO - [2022-02-16 17:10:33,253] {dag.py:2935} INFO - Setting next_dagrun for example_task_group_decorator to 2022-02-15T17:10:33.253302+00:00
[2022-02-16 17:10:33,265] {processor.py:171} INFO - Processing /home/airflow/.local/lib/python3.7/site-packages/airflow/example_dags/example_task_group_decorator.py took 0.473 seconds
[2022-02-16 17:11:04,248] {processor.py:163} INFO - Started process (PID=4747) to work on /home/airflow/.local/lib/python3.7/site-packages/airflow/example_dags/example_task_group_decorator.py
[2022-02-16 17:11:04,250] {processor.py:642} INFO - Processing file /home/airflow/.local/lib/python3.7/site-packages/airflow/example_dags/example_task_group_decorator.py for tasks to queue
[2022-02-16 17:11:04,251] {logging_mixin.py:109} INFO - [2022-02-16 17:11:04,251] {dagbag.py:500} INFO - Filling up the DagBag from /home/airflow/.local/lib/python3.7/site-packages/airflow/example_dags/example_task_group_decorator.py
[2022-02-16 17:11:04,369] {processor.py:654} INFO - DAG(s) dict_keys(['example_task_group_decorator']) retrieved from /home/airflow/.local/lib/python3.7/site-packages/airflow/example_dags/example_task_group_decorator.py
[2022-02-16 17:11:05,317] {logging_mixin.py:109} INFO - [2022-02-16 17:11:05,317] {dag.py:2396} INFO - Sync 1 DAGs
[2022-02-16 17:11:05,415] {logging_mixin.py:109} INFO - [2022-02-16 17:11:05,414] {dag.py:2935} INFO - Setting next_dagrun for example_task_group_decorator to 2022-02-15T17:11:05.414688+00:00
[2022-02-16 17:11:05,445] {processor.py:171} INFO - Processing /home/airflow/.local/lib/python3.7/site-packages/airflow/example_dags/example_task_group_decorator.py took 1.217 seconds
[2022-02-16 17:11:36,385] {processor.py:163} INFO - Started process (PID=4941) to work on /home/airflow/.local/lib/python3.7/site-packages/airflow/example_dags/example_task_group_decorator.py
[2022-02-16 17:11:36,387] {processor.py:642} INFO - Processing file /home/airflow/.local/lib/python3.7/site-packages/airflow/example_dags/example_task_group_decorator.py for tasks to queue
[2022-02-16 17:11:36,399] {logging_mixin.py:109} INFO - [2022-02-16 17:11:36,398] {dagbag.py:500} INFO - Filling up the DagBag from /home/airflow/.local/lib/python3.7/site-packages/airflow/example_dags/example_task_group_decorator.py
[2022-02-16 17:11:36,513] {processor.py:654} INFO - DAG(s) dict_keys(['example_task_group_decorator']) retrieved from /home/airflow/.local/lib/python3.7/site-packages/airflow/example_dags/example_task_group_decorator.py
[2022-02-16 17:11:37,055] {logging_mixin.py:109} INFO - [2022-02-16 17:11:37,055] {dag.py:2396} INFO - Sync 1 DAGs
[2022-02-16 17:11:37,087] {logging_mixin.py:109} INFO - [2022-02-16 17:11:37,087] {dag.py:2935} INFO - Setting next_dagrun for example_task_group_decorator to 2022-02-15T17:11:37.087253+00:00
[2022-02-16 17:11:37,105] {processor.py:171} INFO - Processing /home/airflow/.local/lib/python3.7/site-packages/airflow/example_dags/example_task_group_decorator.py took 0.726 seconds
[2022-02-16 17:12:07,253] {processor.py:163} INFO - Started process (PID=5133) to work on /home/airflow/.local/lib/python3.7/site-packages/airflow/example_dags/example_task_group_decorator.py
[2022-02-16 17:12:07,256] {processor.py:642} INFO - Processing file /home/airflow/.local/lib/python3.7/site-packages/airflow/example_dags/example_task_group_decorator.py for tasks to queue
[2022-02-16 17:12:07,257] {logging_mixin.py:109} INFO - [2022-02-16 17:12:07,257] {dagbag.py:500} INFO - Filling up the DagBag from /home/airflow/.local/lib/python3.7/site-packages/airflow/example_dags/example_task_group_decorator.py
[2022-02-16 17:12:07,388] {processor.py:654} INFO - DAG(s) dict_keys(['example_task_group_decorator']) retrieved from /home/airflow/.local/lib/python3.7/site-packages/airflow/example_dags/example_task_group_decorator.py
[2022-02-16 17:12:07,754] {logging_mixin.py:109} INFO - [2022-02-16 17:12:07,753] {dag.py:2396} INFO - Sync 1 DAGs
[2022-02-16 17:12:07,770] {logging_mixin.py:109} INFO - [2022-02-16 17:12:07,770] {dag.py:2935} INFO - Setting next_dagrun for example_task_group_decorator to 2022-02-15T17:12:07.769923+00:00
[2022-02-16 17:12:07,783] {processor.py:171} INFO - Processing /home/airflow/.local/lib/python3.7/site-packages/airflow/example_dags/example_task_group_decorator.py took 0.539 seconds
[2022-02-16 17:12:38,154] {processor.py:163} INFO - Started process (PID=5327) to work on /home/airflow/.local/lib/python3.7/site-packages/airflow/example_dags/example_task_group_decorator.py
[2022-02-16 17:12:38,156] {processor.py:642} INFO - Processing file /home/airflow/.local/lib/python3.7/site-packages/airflow/example_dags/example_task_group_decorator.py for tasks to queue
[2022-02-16 17:12:38,157] {logging_mixin.py:109} INFO - [2022-02-16 17:12:38,157] {dagbag.py:500} INFO - Filling up the DagBag from /home/airflow/.local/lib/python3.7/site-packages/airflow/example_dags/example_task_group_decorator.py
[2022-02-16 17:12:38,215] {processor.py:654} INFO - DAG(s) dict_keys(['example_task_group_decorator']) retrieved from /home/airflow/.local/lib/python3.7/site-packages/airflow/example_dags/example_task_group_decorator.py
[2022-02-16 17:12:38,596] {logging_mixin.py:109} INFO - [2022-02-16 17:12:38,596] {dag.py:2396} INFO - Sync 1 DAGs
[2022-02-16 17:12:38,614] {logging_mixin.py:109} INFO - [2022-02-16 17:12:38,614] {dag.py:2935} INFO - Setting next_dagrun for example_task_group_decorator to 2022-02-15T17:12:38.614159+00:00
[2022-02-16 17:12:38,632] {processor.py:171} INFO - Processing /home/airflow/.local/lib/python3.7/site-packages/airflow/example_dags/example_task_group_decorator.py took 0.482 seconds
[2022-02-16 17:13:10,821] {processor.py:163} INFO - Started process (PID=5556) to work on /home/airflow/.local/lib/python3.7/site-packages/airflow/example_dags/example_task_group_decorator.py
[2022-02-16 17:13:10,824] {processor.py:642} INFO - Processing file /home/airflow/.local/lib/python3.7/site-packages/airflow/example_dags/example_task_group_decorator.py for tasks to queue
[2022-02-16 17:13:10,824] {logging_mixin.py:109} INFO - [2022-02-16 17:13:10,824] {dagbag.py:500} INFO - Filling up the DagBag from /home/airflow/.local/lib/python3.7/site-packages/airflow/example_dags/example_task_group_decorator.py
[2022-02-16 17:13:10,880] {processor.py:654} INFO - DAG(s) dict_keys(['example_task_group_decorator']) retrieved from /home/airflow/.local/lib/python3.7/site-packages/airflow/example_dags/example_task_group_decorator.py
[2022-02-16 17:13:11,537] {logging_mixin.py:109} INFO - [2022-02-16 17:13:11,537] {dag.py:2396} INFO - Sync 1 DAGs
[2022-02-16 17:13:11,603] {logging_mixin.py:109} INFO - [2022-02-16 17:13:11,603] {dag.py:2935} INFO - Setting next_dagrun for example_task_group_decorator to 2022-02-15T17:13:11.603388+00:00
[2022-02-16 17:13:11,645] {processor.py:171} INFO - Processing /home/airflow/.local/lib/python3.7/site-packages/airflow/example_dags/example_task_group_decorator.py took 0.828 seconds
[2022-02-16 17:13:42,614] {processor.py:163} INFO - Started process (PID=5751) to work on /home/airflow/.local/lib/python3.7/site-packages/airflow/example_dags/example_task_group_decorator.py
[2022-02-16 17:13:42,615] {processor.py:642} INFO - Processing file /home/airflow/.local/lib/python3.7/site-packages/airflow/example_dags/example_task_group_decorator.py for tasks to queue
[2022-02-16 17:13:42,616] {logging_mixin.py:109} INFO - [2022-02-16 17:13:42,616] {dagbag.py:500} INFO - Filling up the DagBag from /home/airflow/.local/lib/python3.7/site-packages/airflow/example_dags/example_task_group_decorator.py
[2022-02-16 17:13:42,669] {processor.py:654} INFO - DAG(s) dict_keys(['example_task_group_decorator']) retrieved from /home/airflow/.local/lib/python3.7/site-packages/airflow/example_dags/example_task_group_decorator.py
[2022-02-16 17:13:43,002] {logging_mixin.py:109} INFO - [2022-02-16 17:13:43,002] {dag.py:2396} INFO - Sync 1 DAGs
[2022-02-16 17:13:43,015] {logging_mixin.py:109} INFO - [2022-02-16 17:13:43,015] {dag.py:2935} INFO - Setting next_dagrun for example_task_group_decorator to 2022-02-15T17:13:43.015427+00:00
[2022-02-16 17:13:43,027] {processor.py:171} INFO - Processing /home/airflow/.local/lib/python3.7/site-packages/airflow/example_dags/example_task_group_decorator.py took 0.417 seconds
[2022-02-16 17:14:14,167] {processor.py:163} INFO - Started process (PID=5968) to work on /home/airflow/.local/lib/python3.7/site-packages/airflow/example_dags/example_task_group_decorator.py
[2022-02-16 17:14:14,169] {processor.py:642} INFO - Processing file /home/airflow/.local/lib/python3.7/site-packages/airflow/example_dags/example_task_group_decorator.py for tasks to queue
[2022-02-16 17:14:14,170] {logging_mixin.py:109} INFO - [2022-02-16 17:14:14,169] {dagbag.py:500} INFO - Filling up the DagBag from /home/airflow/.local/lib/python3.7/site-packages/airflow/example_dags/example_task_group_decorator.py
[2022-02-16 17:14:14,224] {processor.py:654} INFO - DAG(s) dict_keys(['example_task_group_decorator']) retrieved from /home/airflow/.local/lib/python3.7/site-packages/airflow/example_dags/example_task_group_decorator.py
[2022-02-16 17:14:14,551] {logging_mixin.py:109} INFO - [2022-02-16 17:14:14,551] {dag.py:2396} INFO - Sync 1 DAGs
[2022-02-16 17:14:14,566] {logging_mixin.py:109} INFO - [2022-02-16 17:14:14,566] {dag.py:2935} INFO - Setting next_dagrun for example_task_group_decorator to 2022-02-15T17:14:14.566535+00:00
[2022-02-16 17:14:14,577] {processor.py:171} INFO - Processing /home/airflow/.local/lib/python3.7/site-packages/airflow/example_dags/example_task_group_decorator.py took 0.415 seconds
[2022-02-16 17:14:45,550] {processor.py:163} INFO - Started process (PID=6174) to work on /home/airflow/.local/lib/python3.7/site-packages/airflow/example_dags/example_task_group_decorator.py
[2022-02-16 17:14:45,552] {processor.py:642} INFO - Processing file /home/airflow/.local/lib/python3.7/site-packages/airflow/example_dags/example_task_group_decorator.py for tasks to queue
[2022-02-16 17:14:45,553] {logging_mixin.py:109} INFO - [2022-02-16 17:14:45,553] {dagbag.py:500} INFO - Filling up the DagBag from /home/airflow/.local/lib/python3.7/site-packages/airflow/example_dags/example_task_group_decorator.py
[2022-02-16 17:14:45,614] {processor.py:654} INFO - DAG(s) dict_keys(['example_task_group_decorator']) retrieved from /home/airflow/.local/lib/python3.7/site-packages/airflow/example_dags/example_task_group_decorator.py
[2022-02-16 17:14:46,010] {logging_mixin.py:109} INFO - [2022-02-16 17:14:46,008] {dag.py:2396} INFO - Sync 1 DAGs
[2022-02-16 17:14:46,041] {logging_mixin.py:109} INFO - [2022-02-16 17:14:46,040] {dag.py:2935} INFO - Setting next_dagrun for example_task_group_decorator to 2022-02-15T17:14:46.040537+00:00
[2022-02-16 17:14:46,064] {processor.py:171} INFO - Processing /home/airflow/.local/lib/python3.7/site-packages/airflow/example_dags/example_task_group_decorator.py took 0.519 seconds
[2022-02-16 17:15:16,254] {processor.py:163} INFO - Started process (PID=6374) to work on /home/airflow/.local/lib/python3.7/site-packages/airflow/example_dags/example_task_group_decorator.py
[2022-02-16 17:15:16,259] {processor.py:642} INFO - Processing file /home/airflow/.local/lib/python3.7/site-packages/airflow/example_dags/example_task_group_decorator.py for tasks to queue
[2022-02-16 17:15:16,260] {logging_mixin.py:109} INFO - [2022-02-16 17:15:16,260] {dagbag.py:500} INFO - Filling up the DagBag from /home/airflow/.local/lib/python3.7/site-packages/airflow/example_dags/example_task_group_decorator.py
[2022-02-16 17:15:16,400] {processor.py:654} INFO - DAG(s) dict_keys(['example_task_group_decorator']) retrieved from /home/airflow/.local/lib/python3.7/site-packages/airflow/example_dags/example_task_group_decorator.py
[2022-02-16 17:15:16,762] {logging_mixin.py:109} INFO - [2022-02-16 17:15:16,762] {dag.py:2396} INFO - Sync 1 DAGs
[2022-02-16 17:15:16,778] {logging_mixin.py:109} INFO - [2022-02-16 17:15:16,777] {dag.py:2935} INFO - Setting next_dagrun for example_task_group_decorator to 2022-02-15T17:15:16.777610+00:00
[2022-02-16 17:15:16,789] {processor.py:171} INFO - Processing /home/airflow/.local/lib/python3.7/site-packages/airflow/example_dags/example_task_group_decorator.py took 0.543 seconds
[2022-02-16 17:15:47,463] {processor.py:163} INFO - Started process (PID=6570) to work on /home/airflow/.local/lib/python3.7/site-packages/airflow/example_dags/example_task_group_decorator.py
[2022-02-16 17:15:47,468] {processor.py:642} INFO - Processing file /home/airflow/.local/lib/python3.7/site-packages/airflow/example_dags/example_task_group_decorator.py for tasks to queue
[2022-02-16 17:15:47,469] {logging_mixin.py:109} INFO - [2022-02-16 17:15:47,469] {dagbag.py:500} INFO - Filling up the DagBag from /home/airflow/.local/lib/python3.7/site-packages/airflow/example_dags/example_task_group_decorator.py
[2022-02-16 17:15:47,614] {processor.py:654} INFO - DAG(s) dict_keys(['example_task_group_decorator']) retrieved from /home/airflow/.local/lib/python3.7/site-packages/airflow/example_dags/example_task_group_decorator.py
[2022-02-16 17:15:48,236] {logging_mixin.py:109} INFO - [2022-02-16 17:15:48,236] {dag.py:2396} INFO - Sync 1 DAGs
[2022-02-16 17:15:48,253] {logging_mixin.py:109} INFO - [2022-02-16 17:15:48,253] {dag.py:2935} INFO - Setting next_dagrun for example_task_group_decorator to 2022-02-15T17:15:48.253281+00:00
[2022-02-16 17:15:48,266] {processor.py:171} INFO - Processing /home/airflow/.local/lib/python3.7/site-packages/airflow/example_dags/example_task_group_decorator.py took 0.826 seconds
[2022-02-16 17:16:19,374] {processor.py:163} INFO - Started process (PID=6777) to work on /home/airflow/.local/lib/python3.7/site-packages/airflow/example_dags/example_task_group_decorator.py
[2022-02-16 17:16:19,376] {processor.py:642} INFO - Processing file /home/airflow/.local/lib/python3.7/site-packages/airflow/example_dags/example_task_group_decorator.py for tasks to queue
[2022-02-16 17:16:19,376] {logging_mixin.py:109} INFO - [2022-02-16 17:16:19,376] {dagbag.py:500} INFO - Filling up the DagBag from /home/airflow/.local/lib/python3.7/site-packages/airflow/example_dags/example_task_group_decorator.py
[2022-02-16 17:16:19,455] {processor.py:654} INFO - DAG(s) dict_keys(['example_task_group_decorator']) retrieved from /home/airflow/.local/lib/python3.7/site-packages/airflow/example_dags/example_task_group_decorator.py
[2022-02-16 17:16:20,062] {logging_mixin.py:109} INFO - [2022-02-16 17:16:20,062] {dag.py:2396} INFO - Sync 1 DAGs
[2022-02-16 17:16:20,093] {logging_mixin.py:109} INFO - [2022-02-16 17:16:20,093] {dag.py:2935} INFO - Setting next_dagrun for example_task_group_decorator to 2022-02-15T17:16:20.093606+00:00
[2022-02-16 17:16:20,114] {processor.py:171} INFO - Processing /home/airflow/.local/lib/python3.7/site-packages/airflow/example_dags/example_task_group_decorator.py took 0.743 seconds
[2022-02-16 17:16:51,045] {processor.py:163} INFO - Started process (PID=6976) to work on /home/airflow/.local/lib/python3.7/site-packages/airflow/example_dags/example_task_group_decorator.py
[2022-02-16 17:16:51,046] {processor.py:642} INFO - Processing file /home/airflow/.local/lib/python3.7/site-packages/airflow/example_dags/example_task_group_decorator.py for tasks to queue
[2022-02-16 17:16:51,047] {logging_mixin.py:109} INFO - [2022-02-16 17:16:51,047] {dagbag.py:500} INFO - Filling up the DagBag from /home/airflow/.local/lib/python3.7/site-packages/airflow/example_dags/example_task_group_decorator.py
[2022-02-16 17:16:51,102] {processor.py:654} INFO - DAG(s) dict_keys(['example_task_group_decorator']) retrieved from /home/airflow/.local/lib/python3.7/site-packages/airflow/example_dags/example_task_group_decorator.py
[2022-02-16 17:16:51,509] {logging_mixin.py:109} INFO - [2022-02-16 17:16:51,509] {dag.py:2396} INFO - Sync 1 DAGs
[2022-02-16 17:16:51,536] {logging_mixin.py:109} INFO - [2022-02-16 17:16:51,536] {dag.py:2935} INFO - Setting next_dagrun for example_task_group_decorator to 2022-02-15T17:16:51.535962+00:00
[2022-02-16 17:16:51,557] {processor.py:171} INFO - Processing /home/airflow/.local/lib/python3.7/site-packages/airflow/example_dags/example_task_group_decorator.py took 0.518 seconds
[2022-02-16 17:17:22,054] {processor.py:163} INFO - Started process (PID=7165) to work on /home/airflow/.local/lib/python3.7/site-packages/airflow/example_dags/example_task_group_decorator.py
[2022-02-16 17:17:22,055] {processor.py:642} INFO - Processing file /home/airflow/.local/lib/python3.7/site-packages/airflow/example_dags/example_task_group_decorator.py for tasks to queue
[2022-02-16 17:17:22,056] {logging_mixin.py:109} INFO - [2022-02-16 17:17:22,056] {dagbag.py:500} INFO - Filling up the DagBag from /home/airflow/.local/lib/python3.7/site-packages/airflow/example_dags/example_task_group_decorator.py
[2022-02-16 17:17:22,103] {processor.py:654} INFO - DAG(s) dict_keys(['example_task_group_decorator']) retrieved from /home/airflow/.local/lib/python3.7/site-packages/airflow/example_dags/example_task_group_decorator.py
[2022-02-16 17:17:22,468] {logging_mixin.py:109} INFO - [2022-02-16 17:17:22,468] {dag.py:2396} INFO - Sync 1 DAGs
[2022-02-16 17:17:22,492] {logging_mixin.py:109} INFO - [2022-02-16 17:17:22,492] {dag.py:2935} INFO - Setting next_dagrun for example_task_group_decorator to 2022-02-15T17:17:22.490571+00:00
[2022-02-16 17:17:22,512] {processor.py:171} INFO - Processing /home/airflow/.local/lib/python3.7/site-packages/airflow/example_dags/example_task_group_decorator.py took 0.462 seconds
[2022-02-16 17:17:53,489] {processor.py:163} INFO - Started process (PID=7365) to work on /home/airflow/.local/lib/python3.7/site-packages/airflow/example_dags/example_task_group_decorator.py
[2022-02-16 17:17:53,493] {processor.py:642} INFO - Processing file /home/airflow/.local/lib/python3.7/site-packages/airflow/example_dags/example_task_group_decorator.py for tasks to queue
[2022-02-16 17:17:53,494] {logging_mixin.py:109} INFO - [2022-02-16 17:17:53,493] {dagbag.py:500} INFO - Filling up the DagBag from /home/airflow/.local/lib/python3.7/site-packages/airflow/example_dags/example_task_group_decorator.py
[2022-02-16 17:17:53,621] {processor.py:654} INFO - DAG(s) dict_keys(['example_task_group_decorator']) retrieved from /home/airflow/.local/lib/python3.7/site-packages/airflow/example_dags/example_task_group_decorator.py
[2022-02-16 17:17:54,491] {logging_mixin.py:109} INFO - [2022-02-16 17:17:54,491] {dag.py:2396} INFO - Sync 1 DAGs
[2022-02-16 17:17:54,511] {logging_mixin.py:109} INFO - [2022-02-16 17:17:54,511] {dag.py:2935} INFO - Setting next_dagrun for example_task_group_decorator to 2022-02-15T17:17:54.510849+00:00
[2022-02-16 17:17:54,535] {processor.py:171} INFO - Processing /home/airflow/.local/lib/python3.7/site-packages/airflow/example_dags/example_task_group_decorator.py took 1.056 seconds
[2022-02-16 17:18:24,976] {processor.py:163} INFO - Started process (PID=7568) to work on /home/airflow/.local/lib/python3.7/site-packages/airflow/example_dags/example_task_group_decorator.py
[2022-02-16 17:18:24,978] {processor.py:642} INFO - Processing file /home/airflow/.local/lib/python3.7/site-packages/airflow/example_dags/example_task_group_decorator.py for tasks to queue
[2022-02-16 17:18:24,979] {logging_mixin.py:109} INFO - [2022-02-16 17:18:24,979] {dagbag.py:500} INFO - Filling up the DagBag from /home/airflow/.local/lib/python3.7/site-packages/airflow/example_dags/example_task_group_decorator.py
[2022-02-16 17:18:25,052] {processor.py:654} INFO - DAG(s) dict_keys(['example_task_group_decorator']) retrieved from /home/airflow/.local/lib/python3.7/site-packages/airflow/example_dags/example_task_group_decorator.py
[2022-02-16 17:18:25,416] {logging_mixin.py:109} INFO - [2022-02-16 17:18:25,416] {dag.py:2396} INFO - Sync 1 DAGs
[2022-02-16 17:18:25,434] {logging_mixin.py:109} INFO - [2022-02-16 17:18:25,434] {dag.py:2935} INFO - Setting next_dagrun for example_task_group_decorator to 2022-02-15T17:18:25.433774+00:00
[2022-02-16 17:18:25,445] {processor.py:171} INFO - Processing /home/airflow/.local/lib/python3.7/site-packages/airflow/example_dags/example_task_group_decorator.py took 0.474 seconds
[2022-02-16 17:18:55,474] {processor.py:163} INFO - Started process (PID=7760) to work on /home/airflow/.local/lib/python3.7/site-packages/airflow/example_dags/example_task_group_decorator.py
[2022-02-16 17:18:55,476] {processor.py:642} INFO - Processing file /home/airflow/.local/lib/python3.7/site-packages/airflow/example_dags/example_task_group_decorator.py for tasks to queue
[2022-02-16 17:18:55,477] {logging_mixin.py:109} INFO - [2022-02-16 17:18:55,477] {dagbag.py:500} INFO - Filling up the DagBag from /home/airflow/.local/lib/python3.7/site-packages/airflow/example_dags/example_task_group_decorator.py
[2022-02-16 17:18:55,523] {processor.py:654} INFO - DAG(s) dict_keys(['example_task_group_decorator']) retrieved from /home/airflow/.local/lib/python3.7/site-packages/airflow/example_dags/example_task_group_decorator.py
[2022-02-16 17:18:55,847] {logging_mixin.py:109} INFO - [2022-02-16 17:18:55,847] {dag.py:2396} INFO - Sync 1 DAGs
[2022-02-16 17:18:55,874] {logging_mixin.py:109} INFO - [2022-02-16 17:18:55,874] {dag.py:2935} INFO - Setting next_dagrun for example_task_group_decorator to 2022-02-15T17:18:55.874018+00:00
[2022-02-16 17:18:55,898] {processor.py:171} INFO - Processing /home/airflow/.local/lib/python3.7/site-packages/airflow/example_dags/example_task_group_decorator.py took 0.428 seconds
[2022-02-16 17:19:26,745] {processor.py:163} INFO - Started process (PID=7962) to work on /home/airflow/.local/lib/python3.7/site-packages/airflow/example_dags/example_task_group_decorator.py
[2022-02-16 17:19:26,746] {processor.py:642} INFO - Processing file /home/airflow/.local/lib/python3.7/site-packages/airflow/example_dags/example_task_group_decorator.py for tasks to queue
[2022-02-16 17:19:26,747] {logging_mixin.py:109} INFO - [2022-02-16 17:19:26,747] {dagbag.py:500} INFO - Filling up the DagBag from /home/airflow/.local/lib/python3.7/site-packages/airflow/example_dags/example_task_group_decorator.py
[2022-02-16 17:19:26,815] {processor.py:654} INFO - DAG(s) dict_keys(['example_task_group_decorator']) retrieved from /home/airflow/.local/lib/python3.7/site-packages/airflow/example_dags/example_task_group_decorator.py
[2022-02-16 17:19:27,599] {logging_mixin.py:109} INFO - [2022-02-16 17:19:27,599] {dag.py:2396} INFO - Sync 1 DAGs
[2022-02-16 17:19:27,617] {logging_mixin.py:109} INFO - [2022-02-16 17:19:27,617] {dag.py:2935} INFO - Setting next_dagrun for example_task_group_decorator to 2022-02-15T17:19:27.617611+00:00
[2022-02-16 17:19:27,637] {processor.py:171} INFO - Processing /home/airflow/.local/lib/python3.7/site-packages/airflow/example_dags/example_task_group_decorator.py took 0.896 seconds
[2022-02-16 17:19:58,189] {processor.py:163} INFO - Started process (PID=8173) to work on /home/airflow/.local/lib/python3.7/site-packages/airflow/example_dags/example_task_group_decorator.py
[2022-02-16 17:19:58,191] {processor.py:642} INFO - Processing file /home/airflow/.local/lib/python3.7/site-packages/airflow/example_dags/example_task_group_decorator.py for tasks to queue
[2022-02-16 17:19:58,192] {logging_mixin.py:109} INFO - [2022-02-16 17:19:58,192] {dagbag.py:500} INFO - Filling up the DagBag from /home/airflow/.local/lib/python3.7/site-packages/airflow/example_dags/example_task_group_decorator.py
[2022-02-16 17:19:58,238] {processor.py:654} INFO - DAG(s) dict_keys(['example_task_group_decorator']) retrieved from /home/airflow/.local/lib/python3.7/site-packages/airflow/example_dags/example_task_group_decorator.py
[2022-02-16 17:19:58,605] {logging_mixin.py:109} INFO - [2022-02-16 17:19:58,605] {dag.py:2396} INFO - Sync 1 DAGs
[2022-02-16 17:19:58,619] {logging_mixin.py:109} INFO - [2022-02-16 17:19:58,619] {dag.py:2935} INFO - Setting next_dagrun for example_task_group_decorator to 2022-02-15T17:19:58.619434+00:00
[2022-02-16 17:19:58,629] {processor.py:171} INFO - Processing /home/airflow/.local/lib/python3.7/site-packages/airflow/example_dags/example_task_group_decorator.py took 0.444 seconds
[2022-02-16 17:20:29,086] {processor.py:163} INFO - Started process (PID=8370) to work on /home/airflow/.local/lib/python3.7/site-packages/airflow/example_dags/example_task_group_decorator.py
[2022-02-16 17:20:29,088] {processor.py:642} INFO - Processing file /home/airflow/.local/lib/python3.7/site-packages/airflow/example_dags/example_task_group_decorator.py for tasks to queue
[2022-02-16 17:20:29,090] {logging_mixin.py:109} INFO - [2022-02-16 17:20:29,090] {dagbag.py:500} INFO - Filling up the DagBag from /home/airflow/.local/lib/python3.7/site-packages/airflow/example_dags/example_task_group_decorator.py
[2022-02-16 17:20:29,136] {processor.py:654} INFO - DAG(s) dict_keys(['example_task_group_decorator']) retrieved from /home/airflow/.local/lib/python3.7/site-packages/airflow/example_dags/example_task_group_decorator.py
[2022-02-16 17:20:29,495] {logging_mixin.py:109} INFO - [2022-02-16 17:20:29,495] {dag.py:2396} INFO - Sync 1 DAGs
[2022-02-16 17:20:29,511] {logging_mixin.py:109} INFO - [2022-02-16 17:20:29,511] {dag.py:2935} INFO - Setting next_dagrun for example_task_group_decorator to 2022-02-15T17:20:29.511205+00:00
[2022-02-16 17:20:29,522] {processor.py:171} INFO - Processing /home/airflow/.local/lib/python3.7/site-packages/airflow/example_dags/example_task_group_decorator.py took 0.439 seconds
[2022-02-16 17:21:00,600] {processor.py:163} INFO - Started process (PID=8582) to work on /home/airflow/.local/lib/python3.7/site-packages/airflow/example_dags/example_task_group_decorator.py
[2022-02-16 17:21:00,611] {processor.py:642} INFO - Processing file /home/airflow/.local/lib/python3.7/site-packages/airflow/example_dags/example_task_group_decorator.py for tasks to queue
[2022-02-16 17:21:00,612] {logging_mixin.py:109} INFO - [2022-02-16 17:21:00,612] {dagbag.py:500} INFO - Filling up the DagBag from /home/airflow/.local/lib/python3.7/site-packages/airflow/example_dags/example_task_group_decorator.py
[2022-02-16 17:21:00,688] {processor.py:654} INFO - DAG(s) dict_keys(['example_task_group_decorator']) retrieved from /home/airflow/.local/lib/python3.7/site-packages/airflow/example_dags/example_task_group_decorator.py
[2022-02-16 17:21:01,172] {logging_mixin.py:109} INFO - [2022-02-16 17:21:01,172] {dag.py:2396} INFO - Sync 1 DAGs
[2022-02-16 17:21:01,197] {logging_mixin.py:109} INFO - [2022-02-16 17:21:01,196] {dag.py:2935} INFO - Setting next_dagrun for example_task_group_decorator to 2022-02-15T17:21:01.196658+00:00
[2022-02-16 17:21:01,211] {processor.py:171} INFO - Processing /home/airflow/.local/lib/python3.7/site-packages/airflow/example_dags/example_task_group_decorator.py took 0.616 seconds
