[2022-02-16 16:58:36,041] {processor.py:163} INFO - Started process (PID=226) to work on /home/airflow/.local/lib/python3.7/site-packages/airflow/example_dags/example_nested_branch_dag.py
[2022-02-16 16:58:36,042] {processor.py:642} INFO - Processing file /home/airflow/.local/lib/python3.7/site-packages/airflow/example_dags/example_nested_branch_dag.py for tasks to queue
[2022-02-16 16:58:36,052] {logging_mixin.py:109} INFO - [2022-02-16 16:58:36,052] {dagbag.py:500} INFO - Filling up the DagBag from /home/airflow/.local/lib/python3.7/site-packages/airflow/example_dags/example_nested_branch_dag.py
[2022-02-16 16:58:36,343] {processor.py:654} INFO - DAG(s) dict_keys(['example_nested_branch_dag']) retrieved from /home/airflow/.local/lib/python3.7/site-packages/airflow/example_dags/example_nested_branch_dag.py
[2022-02-16 16:58:40,619] {logging_mixin.py:109} INFO - [2022-02-16 16:58:40,618] {manager.py:496} INFO - Created Permission View: can read on DAG:example_nested_branch_dag
[2022-02-16 16:58:40,635] {logging_mixin.py:109} INFO - [2022-02-16 16:58:40,635] {manager.py:496} INFO - Created Permission View: can edit on DAG:example_nested_branch_dag
[2022-02-16 16:58:40,635] {logging_mixin.py:109} INFO - [2022-02-16 16:58:40,635] {dag.py:2396} INFO - Sync 1 DAGs
[2022-02-16 16:58:40,642] {logging_mixin.py:109} INFO - [2022-02-16 16:58:40,642] {dag.py:2415} INFO - Creating ORM DAG for example_nested_branch_dag
[2022-02-16 16:58:40,664] {logging_mixin.py:109} INFO - [2022-02-16 16:58:40,664] {dag.py:2935} INFO - Setting next_dagrun for example_nested_branch_dag to 2022-02-15 00:00:00+00:00
[2022-02-16 16:58:40,682] {processor.py:171} INFO - Processing /home/airflow/.local/lib/python3.7/site-packages/airflow/example_dags/example_nested_branch_dag.py took 4.648 seconds
[2022-02-16 16:59:11,643] {processor.py:163} INFO - Started process (PID=474) to work on /home/airflow/.local/lib/python3.7/site-packages/airflow/example_dags/example_nested_branch_dag.py
[2022-02-16 16:59:11,645] {processor.py:642} INFO - Processing file /home/airflow/.local/lib/python3.7/site-packages/airflow/example_dags/example_nested_branch_dag.py for tasks to queue
[2022-02-16 16:59:11,645] {logging_mixin.py:109} INFO - [2022-02-16 16:59:11,645] {dagbag.py:500} INFO - Filling up the DagBag from /home/airflow/.local/lib/python3.7/site-packages/airflow/example_dags/example_nested_branch_dag.py
[2022-02-16 16:59:11,681] {processor.py:654} INFO - DAG(s) dict_keys(['example_nested_branch_dag']) retrieved from /home/airflow/.local/lib/python3.7/site-packages/airflow/example_dags/example_nested_branch_dag.py
[2022-02-16 16:59:11,694] {logging_mixin.py:109} INFO - [2022-02-16 16:59:11,694] {dag.py:2396} INFO - Sync 1 DAGs
[2022-02-16 16:59:11,713] {logging_mixin.py:109} INFO - [2022-02-16 16:59:11,713] {dag.py:2935} INFO - Setting next_dagrun for example_nested_branch_dag to 2022-02-15 00:00:00+00:00
[2022-02-16 16:59:11,724] {processor.py:171} INFO - Processing /home/airflow/.local/lib/python3.7/site-packages/airflow/example_dags/example_nested_branch_dag.py took 0.085 seconds
[2022-02-16 16:59:41,781] {processor.py:163} INFO - Started process (PID=656) to work on /home/airflow/.local/lib/python3.7/site-packages/airflow/example_dags/example_nested_branch_dag.py
[2022-02-16 16:59:41,782] {processor.py:642} INFO - Processing file /home/airflow/.local/lib/python3.7/site-packages/airflow/example_dags/example_nested_branch_dag.py for tasks to queue
[2022-02-16 16:59:41,783] {logging_mixin.py:109} INFO - [2022-02-16 16:59:41,783] {dagbag.py:500} INFO - Filling up the DagBag from /home/airflow/.local/lib/python3.7/site-packages/airflow/example_dags/example_nested_branch_dag.py
[2022-02-16 16:59:41,822] {processor.py:654} INFO - DAG(s) dict_keys(['example_nested_branch_dag']) retrieved from /home/airflow/.local/lib/python3.7/site-packages/airflow/example_dags/example_nested_branch_dag.py
[2022-02-16 16:59:41,833] {logging_mixin.py:109} INFO - [2022-02-16 16:59:41,833] {dag.py:2396} INFO - Sync 1 DAGs
[2022-02-16 16:59:41,855] {logging_mixin.py:109} INFO - [2022-02-16 16:59:41,855] {dag.py:2935} INFO - Setting next_dagrun for example_nested_branch_dag to 2022-02-15 00:00:00+00:00
[2022-02-16 16:59:41,865] {processor.py:171} INFO - Processing /home/airflow/.local/lib/python3.7/site-packages/airflow/example_dags/example_nested_branch_dag.py took 0.091 seconds
[2022-02-16 17:00:12,466] {processor.py:163} INFO - Started process (PID=839) to work on /home/airflow/.local/lib/python3.7/site-packages/airflow/example_dags/example_nested_branch_dag.py
[2022-02-16 17:00:12,468] {processor.py:642} INFO - Processing file /home/airflow/.local/lib/python3.7/site-packages/airflow/example_dags/example_nested_branch_dag.py for tasks to queue
[2022-02-16 17:00:12,469] {logging_mixin.py:109} INFO - [2022-02-16 17:00:12,469] {dagbag.py:500} INFO - Filling up the DagBag from /home/airflow/.local/lib/python3.7/site-packages/airflow/example_dags/example_nested_branch_dag.py
[2022-02-16 17:00:12,506] {processor.py:654} INFO - DAG(s) dict_keys(['example_nested_branch_dag']) retrieved from /home/airflow/.local/lib/python3.7/site-packages/airflow/example_dags/example_nested_branch_dag.py
[2022-02-16 17:00:12,517] {logging_mixin.py:109} INFO - [2022-02-16 17:00:12,517] {dag.py:2396} INFO - Sync 1 DAGs
[2022-02-16 17:00:12,536] {logging_mixin.py:109} INFO - [2022-02-16 17:00:12,536] {dag.py:2935} INFO - Setting next_dagrun for example_nested_branch_dag to 2022-02-15 00:00:00+00:00
[2022-02-16 17:00:12,547] {processor.py:171} INFO - Processing /home/airflow/.local/lib/python3.7/site-packages/airflow/example_dags/example_nested_branch_dag.py took 0.085 seconds
[2022-02-16 17:00:42,619] {processor.py:163} INFO - Started process (PID=1008) to work on /home/airflow/.local/lib/python3.7/site-packages/airflow/example_dags/example_nested_branch_dag.py
[2022-02-16 17:00:42,620] {processor.py:642} INFO - Processing file /home/airflow/.local/lib/python3.7/site-packages/airflow/example_dags/example_nested_branch_dag.py for tasks to queue
[2022-02-16 17:00:42,621] {logging_mixin.py:109} INFO - [2022-02-16 17:00:42,621] {dagbag.py:500} INFO - Filling up the DagBag from /home/airflow/.local/lib/python3.7/site-packages/airflow/example_dags/example_nested_branch_dag.py
[2022-02-16 17:00:42,653] {processor.py:654} INFO - DAG(s) dict_keys(['example_nested_branch_dag']) retrieved from /home/airflow/.local/lib/python3.7/site-packages/airflow/example_dags/example_nested_branch_dag.py
[2022-02-16 17:00:42,664] {logging_mixin.py:109} INFO - [2022-02-16 17:00:42,664] {dag.py:2396} INFO - Sync 1 DAGs
[2022-02-16 17:00:42,682] {logging_mixin.py:109} INFO - [2022-02-16 17:00:42,682] {dag.py:2935} INFO - Setting next_dagrun for example_nested_branch_dag to 2022-02-15 00:00:00+00:00
[2022-02-16 17:00:42,691] {processor.py:171} INFO - Processing /home/airflow/.local/lib/python3.7/site-packages/airflow/example_dags/example_nested_branch_dag.py took 0.076 seconds
[2022-02-16 17:01:13,281] {processor.py:163} INFO - Started process (PID=1187) to work on /home/airflow/.local/lib/python3.7/site-packages/airflow/example_dags/example_nested_branch_dag.py
[2022-02-16 17:01:13,283] {processor.py:642} INFO - Processing file /home/airflow/.local/lib/python3.7/site-packages/airflow/example_dags/example_nested_branch_dag.py for tasks to queue
[2022-02-16 17:01:13,287] {logging_mixin.py:109} INFO - [2022-02-16 17:01:13,287] {dagbag.py:500} INFO - Filling up the DagBag from /home/airflow/.local/lib/python3.7/site-packages/airflow/example_dags/example_nested_branch_dag.py
[2022-02-16 17:01:13,321] {processor.py:654} INFO - DAG(s) dict_keys(['example_nested_branch_dag']) retrieved from /home/airflow/.local/lib/python3.7/site-packages/airflow/example_dags/example_nested_branch_dag.py
[2022-02-16 17:01:13,335] {logging_mixin.py:109} INFO - [2022-02-16 17:01:13,335] {dag.py:2396} INFO - Sync 1 DAGs
[2022-02-16 17:01:13,354] {logging_mixin.py:109} INFO - [2022-02-16 17:01:13,354] {dag.py:2935} INFO - Setting next_dagrun for example_nested_branch_dag to 2022-02-15 00:00:00+00:00
[2022-02-16 17:01:13,363] {processor.py:171} INFO - Processing /home/airflow/.local/lib/python3.7/site-packages/airflow/example_dags/example_nested_branch_dag.py took 0.086 seconds
[2022-02-16 17:01:44,181] {processor.py:163} INFO - Started process (PID=1370) to work on /home/airflow/.local/lib/python3.7/site-packages/airflow/example_dags/example_nested_branch_dag.py
[2022-02-16 17:01:44,183] {processor.py:642} INFO - Processing file /home/airflow/.local/lib/python3.7/site-packages/airflow/example_dags/example_nested_branch_dag.py for tasks to queue
[2022-02-16 17:01:44,184] {logging_mixin.py:109} INFO - [2022-02-16 17:01:44,183] {dagbag.py:500} INFO - Filling up the DagBag from /home/airflow/.local/lib/python3.7/site-packages/airflow/example_dags/example_nested_branch_dag.py
[2022-02-16 17:01:44,221] {processor.py:654} INFO - DAG(s) dict_keys(['example_nested_branch_dag']) retrieved from /home/airflow/.local/lib/python3.7/site-packages/airflow/example_dags/example_nested_branch_dag.py
[2022-02-16 17:01:44,234] {logging_mixin.py:109} INFO - [2022-02-16 17:01:44,234] {dag.py:2396} INFO - Sync 1 DAGs
[2022-02-16 17:01:44,254] {logging_mixin.py:109} INFO - [2022-02-16 17:01:44,254] {dag.py:2935} INFO - Setting next_dagrun for example_nested_branch_dag to 2022-02-15 00:00:00+00:00
[2022-02-16 17:01:44,263] {processor.py:171} INFO - Processing /home/airflow/.local/lib/python3.7/site-packages/airflow/example_dags/example_nested_branch_dag.py took 0.086 seconds
[2022-02-16 17:02:14,866] {processor.py:163} INFO - Started process (PID=1539) to work on /home/airflow/.local/lib/python3.7/site-packages/airflow/example_dags/example_nested_branch_dag.py
[2022-02-16 17:02:14,868] {processor.py:642} INFO - Processing file /home/airflow/.local/lib/python3.7/site-packages/airflow/example_dags/example_nested_branch_dag.py for tasks to queue
[2022-02-16 17:02:14,869] {logging_mixin.py:109} INFO - [2022-02-16 17:02:14,869] {dagbag.py:500} INFO - Filling up the DagBag from /home/airflow/.local/lib/python3.7/site-packages/airflow/example_dags/example_nested_branch_dag.py
[2022-02-16 17:02:14,903] {processor.py:654} INFO - DAG(s) dict_keys(['example_nested_branch_dag']) retrieved from /home/airflow/.local/lib/python3.7/site-packages/airflow/example_dags/example_nested_branch_dag.py
[2022-02-16 17:02:14,915] {logging_mixin.py:109} INFO - [2022-02-16 17:02:14,915] {dag.py:2396} INFO - Sync 1 DAGs
[2022-02-16 17:02:14,934] {logging_mixin.py:109} INFO - [2022-02-16 17:02:14,934] {dag.py:2935} INFO - Setting next_dagrun for example_nested_branch_dag to 2022-02-15 00:00:00+00:00
[2022-02-16 17:02:14,943] {processor.py:171} INFO - Processing /home/airflow/.local/lib/python3.7/site-packages/airflow/example_dags/example_nested_branch_dag.py took 0.081 seconds
[2022-02-16 17:02:45,994] {processor.py:163} INFO - Started process (PID=1727) to work on /home/airflow/.local/lib/python3.7/site-packages/airflow/example_dags/example_nested_branch_dag.py
[2022-02-16 17:02:45,995] {processor.py:642} INFO - Processing file /home/airflow/.local/lib/python3.7/site-packages/airflow/example_dags/example_nested_branch_dag.py for tasks to queue
[2022-02-16 17:02:46,003] {logging_mixin.py:109} INFO - [2022-02-16 17:02:45,996] {dagbag.py:500} INFO - Filling up the DagBag from /home/airflow/.local/lib/python3.7/site-packages/airflow/example_dags/example_nested_branch_dag.py
[2022-02-16 17:02:46,056] {processor.py:654} INFO - DAG(s) dict_keys(['example_nested_branch_dag']) retrieved from /home/airflow/.local/lib/python3.7/site-packages/airflow/example_dags/example_nested_branch_dag.py
[2022-02-16 17:02:46,083] {logging_mixin.py:109} INFO - [2022-02-16 17:02:46,083] {dag.py:2396} INFO - Sync 1 DAGs
[2022-02-16 17:02:46,127] {logging_mixin.py:109} INFO - [2022-02-16 17:02:46,127] {dag.py:2935} INFO - Setting next_dagrun for example_nested_branch_dag to 2022-02-15 00:00:00+00:00
[2022-02-16 17:02:46,144] {processor.py:171} INFO - Processing /home/airflow/.local/lib/python3.7/site-packages/airflow/example_dags/example_nested_branch_dag.py took 0.154 seconds
[2022-02-16 17:03:16,999] {processor.py:163} INFO - Started process (PID=1915) to work on /home/airflow/.local/lib/python3.7/site-packages/airflow/example_dags/example_nested_branch_dag.py
[2022-02-16 17:03:17,001] {processor.py:642} INFO - Processing file /home/airflow/.local/lib/python3.7/site-packages/airflow/example_dags/example_nested_branch_dag.py for tasks to queue
[2022-02-16 17:03:17,001] {logging_mixin.py:109} INFO - [2022-02-16 17:03:17,001] {dagbag.py:500} INFO - Filling up the DagBag from /home/airflow/.local/lib/python3.7/site-packages/airflow/example_dags/example_nested_branch_dag.py
[2022-02-16 17:03:17,038] {processor.py:654} INFO - DAG(s) dict_keys(['example_nested_branch_dag']) retrieved from /home/airflow/.local/lib/python3.7/site-packages/airflow/example_dags/example_nested_branch_dag.py
[2022-02-16 17:03:17,049] {logging_mixin.py:109} INFO - [2022-02-16 17:03:17,049] {dag.py:2396} INFO - Sync 1 DAGs
[2022-02-16 17:03:17,068] {logging_mixin.py:109} INFO - [2022-02-16 17:03:17,068] {dag.py:2935} INFO - Setting next_dagrun for example_nested_branch_dag to 2022-02-15 00:00:00+00:00
[2022-02-16 17:03:17,078] {processor.py:171} INFO - Processing /home/airflow/.local/lib/python3.7/site-packages/airflow/example_dags/example_nested_branch_dag.py took 0.083 seconds
[2022-02-16 17:03:48,589] {processor.py:163} INFO - Started process (PID=2100) to work on /home/airflow/.local/lib/python3.7/site-packages/airflow/example_dags/example_nested_branch_dag.py
[2022-02-16 17:03:48,594] {processor.py:642} INFO - Processing file /home/airflow/.local/lib/python3.7/site-packages/airflow/example_dags/example_nested_branch_dag.py for tasks to queue
[2022-02-16 17:03:48,594] {logging_mixin.py:109} INFO - [2022-02-16 17:03:48,594] {dagbag.py:500} INFO - Filling up the DagBag from /home/airflow/.local/lib/python3.7/site-packages/airflow/example_dags/example_nested_branch_dag.py
[2022-02-16 17:03:48,697] {processor.py:654} INFO - DAG(s) dict_keys(['example_nested_branch_dag']) retrieved from /home/airflow/.local/lib/python3.7/site-packages/airflow/example_dags/example_nested_branch_dag.py
[2022-02-16 17:03:48,721] {logging_mixin.py:109} INFO - [2022-02-16 17:03:48,721] {dag.py:2396} INFO - Sync 1 DAGs
[2022-02-16 17:03:48,753] {logging_mixin.py:109} INFO - [2022-02-16 17:03:48,752] {dag.py:2935} INFO - Setting next_dagrun for example_nested_branch_dag to 2022-02-15 00:00:00+00:00
[2022-02-16 17:03:48,772] {processor.py:171} INFO - Processing /home/airflow/.local/lib/python3.7/site-packages/airflow/example_dags/example_nested_branch_dag.py took 0.209 seconds
[2022-02-16 17:04:19,152] {processor.py:163} INFO - Started process (PID=2289) to work on /home/airflow/.local/lib/python3.7/site-packages/airflow/example_dags/example_nested_branch_dag.py
[2022-02-16 17:04:19,154] {processor.py:642} INFO - Processing file /home/airflow/.local/lib/python3.7/site-packages/airflow/example_dags/example_nested_branch_dag.py for tasks to queue
[2022-02-16 17:04:19,154] {logging_mixin.py:109} INFO - [2022-02-16 17:04:19,154] {dagbag.py:500} INFO - Filling up the DagBag from /home/airflow/.local/lib/python3.7/site-packages/airflow/example_dags/example_nested_branch_dag.py
[2022-02-16 17:04:19,193] {processor.py:654} INFO - DAG(s) dict_keys(['example_nested_branch_dag']) retrieved from /home/airflow/.local/lib/python3.7/site-packages/airflow/example_dags/example_nested_branch_dag.py
[2022-02-16 17:04:19,207] {logging_mixin.py:109} INFO - [2022-02-16 17:04:19,207] {dag.py:2396} INFO - Sync 1 DAGs
[2022-02-16 17:04:19,269] {logging_mixin.py:109} INFO - [2022-02-16 17:04:19,269] {dag.py:2935} INFO - Setting next_dagrun for example_nested_branch_dag to 2022-02-15 00:00:00+00:00
[2022-02-16 17:04:19,300] {processor.py:171} INFO - Processing /home/airflow/.local/lib/python3.7/site-packages/airflow/example_dags/example_nested_branch_dag.py took 0.154 seconds
[2022-02-16 17:04:50,578] {processor.py:163} INFO - Started process (PID=2489) to work on /home/airflow/.local/lib/python3.7/site-packages/airflow/example_dags/example_nested_branch_dag.py
[2022-02-16 17:04:50,581] {processor.py:642} INFO - Processing file /home/airflow/.local/lib/python3.7/site-packages/airflow/example_dags/example_nested_branch_dag.py for tasks to queue
[2022-02-16 17:04:50,582] {logging_mixin.py:109} INFO - [2022-02-16 17:04:50,581] {dagbag.py:500} INFO - Filling up the DagBag from /home/airflow/.local/lib/python3.7/site-packages/airflow/example_dags/example_nested_branch_dag.py
[2022-02-16 17:04:50,620] {processor.py:654} INFO - DAG(s) dict_keys(['example_nested_branch_dag']) retrieved from /home/airflow/.local/lib/python3.7/site-packages/airflow/example_dags/example_nested_branch_dag.py
[2022-02-16 17:04:50,632] {logging_mixin.py:109} INFO - [2022-02-16 17:04:50,632] {dag.py:2396} INFO - Sync 1 DAGs
[2022-02-16 17:04:50,652] {logging_mixin.py:109} INFO - [2022-02-16 17:04:50,652] {dag.py:2935} INFO - Setting next_dagrun for example_nested_branch_dag to 2022-02-15 00:00:00+00:00
[2022-02-16 17:04:50,662] {processor.py:171} INFO - Processing /home/airflow/.local/lib/python3.7/site-packages/airflow/example_dags/example_nested_branch_dag.py took 0.088 seconds
[2022-02-16 17:05:21,385] {processor.py:163} INFO - Started process (PID=2673) to work on /home/airflow/.local/lib/python3.7/site-packages/airflow/example_dags/example_nested_branch_dag.py
[2022-02-16 17:05:21,387] {processor.py:642} INFO - Processing file /home/airflow/.local/lib/python3.7/site-packages/airflow/example_dags/example_nested_branch_dag.py for tasks to queue
[2022-02-16 17:05:21,388] {logging_mixin.py:109} INFO - [2022-02-16 17:05:21,388] {dagbag.py:500} INFO - Filling up the DagBag from /home/airflow/.local/lib/python3.7/site-packages/airflow/example_dags/example_nested_branch_dag.py
[2022-02-16 17:05:21,424] {processor.py:654} INFO - DAG(s) dict_keys(['example_nested_branch_dag']) retrieved from /home/airflow/.local/lib/python3.7/site-packages/airflow/example_dags/example_nested_branch_dag.py
[2022-02-16 17:05:21,437] {logging_mixin.py:109} INFO - [2022-02-16 17:05:21,437] {dag.py:2396} INFO - Sync 1 DAGs
[2022-02-16 17:05:21,458] {logging_mixin.py:109} INFO - [2022-02-16 17:05:21,458] {dag.py:2935} INFO - Setting next_dagrun for example_nested_branch_dag to 2022-02-15 00:00:00+00:00
[2022-02-16 17:05:21,467] {processor.py:171} INFO - Processing /home/airflow/.local/lib/python3.7/site-packages/airflow/example_dags/example_nested_branch_dag.py took 0.086 seconds
[2022-02-16 17:05:52,717] {processor.py:163} INFO - Started process (PID=2859) to work on /home/airflow/.local/lib/python3.7/site-packages/airflow/example_dags/example_nested_branch_dag.py
[2022-02-16 17:05:52,718] {processor.py:642} INFO - Processing file /home/airflow/.local/lib/python3.7/site-packages/airflow/example_dags/example_nested_branch_dag.py for tasks to queue
[2022-02-16 17:05:52,719] {logging_mixin.py:109} INFO - [2022-02-16 17:05:52,719] {dagbag.py:500} INFO - Filling up the DagBag from /home/airflow/.local/lib/python3.7/site-packages/airflow/example_dags/example_nested_branch_dag.py
[2022-02-16 17:05:52,755] {processor.py:654} INFO - DAG(s) dict_keys(['example_nested_branch_dag']) retrieved from /home/airflow/.local/lib/python3.7/site-packages/airflow/example_dags/example_nested_branch_dag.py
[2022-02-16 17:05:52,768] {logging_mixin.py:109} INFO - [2022-02-16 17:05:52,768] {dag.py:2396} INFO - Sync 1 DAGs
[2022-02-16 17:05:52,787] {logging_mixin.py:109} INFO - [2022-02-16 17:05:52,787] {dag.py:2935} INFO - Setting next_dagrun for example_nested_branch_dag to 2022-02-15 00:00:00+00:00
[2022-02-16 17:05:52,798] {processor.py:171} INFO - Processing /home/airflow/.local/lib/python3.7/site-packages/airflow/example_dags/example_nested_branch_dag.py took 0.085 seconds
[2022-02-16 17:06:23,323] {processor.py:163} INFO - Started process (PID=3049) to work on /home/airflow/.local/lib/python3.7/site-packages/airflow/example_dags/example_nested_branch_dag.py
[2022-02-16 17:06:23,324] {processor.py:642} INFO - Processing file /home/airflow/.local/lib/python3.7/site-packages/airflow/example_dags/example_nested_branch_dag.py for tasks to queue
[2022-02-16 17:06:23,325] {logging_mixin.py:109} INFO - [2022-02-16 17:06:23,325] {dagbag.py:500} INFO - Filling up the DagBag from /home/airflow/.local/lib/python3.7/site-packages/airflow/example_dags/example_nested_branch_dag.py
[2022-02-16 17:06:23,376] {processor.py:654} INFO - DAG(s) dict_keys(['example_nested_branch_dag']) retrieved from /home/airflow/.local/lib/python3.7/site-packages/airflow/example_dags/example_nested_branch_dag.py
[2022-02-16 17:06:23,388] {logging_mixin.py:109} INFO - [2022-02-16 17:06:23,388] {dag.py:2396} INFO - Sync 1 DAGs
[2022-02-16 17:06:23,408] {logging_mixin.py:109} INFO - [2022-02-16 17:06:23,407] {dag.py:2935} INFO - Setting next_dagrun for example_nested_branch_dag to 2022-02-15 00:00:00+00:00
[2022-02-16 17:06:23,422] {processor.py:171} INFO - Processing /home/airflow/.local/lib/python3.7/site-packages/airflow/example_dags/example_nested_branch_dag.py took 0.107 seconds
[2022-02-16 17:06:54,088] {processor.py:163} INFO - Started process (PID=3235) to work on /home/airflow/.local/lib/python3.7/site-packages/airflow/example_dags/example_nested_branch_dag.py
[2022-02-16 17:06:54,089] {processor.py:642} INFO - Processing file /home/airflow/.local/lib/python3.7/site-packages/airflow/example_dags/example_nested_branch_dag.py for tasks to queue
[2022-02-16 17:06:54,090] {logging_mixin.py:109} INFO - [2022-02-16 17:06:54,090] {dagbag.py:500} INFO - Filling up the DagBag from /home/airflow/.local/lib/python3.7/site-packages/airflow/example_dags/example_nested_branch_dag.py
[2022-02-16 17:06:54,124] {processor.py:654} INFO - DAG(s) dict_keys(['example_nested_branch_dag']) retrieved from /home/airflow/.local/lib/python3.7/site-packages/airflow/example_dags/example_nested_branch_dag.py
[2022-02-16 17:06:54,136] {logging_mixin.py:109} INFO - [2022-02-16 17:06:54,136] {dag.py:2396} INFO - Sync 1 DAGs
[2022-02-16 17:06:54,154] {logging_mixin.py:109} INFO - [2022-02-16 17:06:54,154] {dag.py:2935} INFO - Setting next_dagrun for example_nested_branch_dag to 2022-02-15 00:00:00+00:00
[2022-02-16 17:06:54,165] {processor.py:171} INFO - Processing /home/airflow/.local/lib/python3.7/site-packages/airflow/example_dags/example_nested_branch_dag.py took 0.081 seconds
[2022-02-16 17:07:25,317] {processor.py:163} INFO - Started process (PID=3419) to work on /home/airflow/.local/lib/python3.7/site-packages/airflow/example_dags/example_nested_branch_dag.py
[2022-02-16 17:07:25,318] {processor.py:642} INFO - Processing file /home/airflow/.local/lib/python3.7/site-packages/airflow/example_dags/example_nested_branch_dag.py for tasks to queue
[2022-02-16 17:07:25,319] {logging_mixin.py:109} INFO - [2022-02-16 17:07:25,319] {dagbag.py:500} INFO - Filling up the DagBag from /home/airflow/.local/lib/python3.7/site-packages/airflow/example_dags/example_nested_branch_dag.py
[2022-02-16 17:07:25,353] {processor.py:654} INFO - DAG(s) dict_keys(['example_nested_branch_dag']) retrieved from /home/airflow/.local/lib/python3.7/site-packages/airflow/example_dags/example_nested_branch_dag.py
[2022-02-16 17:07:25,365] {logging_mixin.py:109} INFO - [2022-02-16 17:07:25,365] {dag.py:2396} INFO - Sync 1 DAGs
[2022-02-16 17:07:25,384] {logging_mixin.py:109} INFO - [2022-02-16 17:07:25,384] {dag.py:2935} INFO - Setting next_dagrun for example_nested_branch_dag to 2022-02-15 00:00:00+00:00
[2022-02-16 17:07:25,393] {processor.py:171} INFO - Processing /home/airflow/.local/lib/python3.7/site-packages/airflow/example_dags/example_nested_branch_dag.py took 0.081 seconds
[2022-02-16 17:07:56,743] {processor.py:163} INFO - Started process (PID=3613) to work on /home/airflow/.local/lib/python3.7/site-packages/airflow/example_dags/example_nested_branch_dag.py
[2022-02-16 17:07:56,744] {processor.py:642} INFO - Processing file /home/airflow/.local/lib/python3.7/site-packages/airflow/example_dags/example_nested_branch_dag.py for tasks to queue
[2022-02-16 17:07:56,745] {logging_mixin.py:109} INFO - [2022-02-16 17:07:56,745] {dagbag.py:500} INFO - Filling up the DagBag from /home/airflow/.local/lib/python3.7/site-packages/airflow/example_dags/example_nested_branch_dag.py
[2022-02-16 17:07:56,848] {processor.py:654} INFO - DAG(s) dict_keys(['example_nested_branch_dag']) retrieved from /home/airflow/.local/lib/python3.7/site-packages/airflow/example_dags/example_nested_branch_dag.py
[2022-02-16 17:07:56,862] {logging_mixin.py:109} INFO - [2022-02-16 17:07:56,862] {dag.py:2396} INFO - Sync 1 DAGs
[2022-02-16 17:07:56,913] {logging_mixin.py:109} INFO - [2022-02-16 17:07:56,912] {dag.py:2935} INFO - Setting next_dagrun for example_nested_branch_dag to 2022-02-15 00:00:00+00:00
[2022-02-16 17:07:56,929] {processor.py:171} INFO - Processing /home/airflow/.local/lib/python3.7/site-packages/airflow/example_dags/example_nested_branch_dag.py took 0.191 seconds
[2022-02-16 17:08:28,035] {processor.py:163} INFO - Started process (PID=3797) to work on /home/airflow/.local/lib/python3.7/site-packages/airflow/example_dags/example_nested_branch_dag.py
[2022-02-16 17:08:28,036] {processor.py:642} INFO - Processing file /home/airflow/.local/lib/python3.7/site-packages/airflow/example_dags/example_nested_branch_dag.py for tasks to queue
[2022-02-16 17:08:28,037] {logging_mixin.py:109} INFO - [2022-02-16 17:08:28,037] {dagbag.py:500} INFO - Filling up the DagBag from /home/airflow/.local/lib/python3.7/site-packages/airflow/example_dags/example_nested_branch_dag.py
[2022-02-16 17:08:28,079] {processor.py:654} INFO - DAG(s) dict_keys(['example_nested_branch_dag']) retrieved from /home/airflow/.local/lib/python3.7/site-packages/airflow/example_dags/example_nested_branch_dag.py
[2022-02-16 17:08:28,096] {logging_mixin.py:109} INFO - [2022-02-16 17:08:28,096] {dag.py:2396} INFO - Sync 1 DAGs
[2022-02-16 17:08:28,117] {logging_mixin.py:109} INFO - [2022-02-16 17:08:28,117] {dag.py:2935} INFO - Setting next_dagrun for example_nested_branch_dag to 2022-02-15 00:00:00+00:00
[2022-02-16 17:08:28,130] {processor.py:171} INFO - Processing /home/airflow/.local/lib/python3.7/site-packages/airflow/example_dags/example_nested_branch_dag.py took 0.099 seconds
[2022-02-16 17:08:59,422] {processor.py:163} INFO - Started process (PID=3980) to work on /home/airflow/.local/lib/python3.7/site-packages/airflow/example_dags/example_nested_branch_dag.py
[2022-02-16 17:08:59,424] {processor.py:642} INFO - Processing file /home/airflow/.local/lib/python3.7/site-packages/airflow/example_dags/example_nested_branch_dag.py for tasks to queue
[2022-02-16 17:08:59,425] {logging_mixin.py:109} INFO - [2022-02-16 17:08:59,425] {dagbag.py:500} INFO - Filling up the DagBag from /home/airflow/.local/lib/python3.7/site-packages/airflow/example_dags/example_nested_branch_dag.py
[2022-02-16 17:08:59,470] {processor.py:654} INFO - DAG(s) dict_keys(['example_nested_branch_dag']) retrieved from /home/airflow/.local/lib/python3.7/site-packages/airflow/example_dags/example_nested_branch_dag.py
[2022-02-16 17:08:59,490] {logging_mixin.py:109} INFO - [2022-02-16 17:08:59,490] {dag.py:2396} INFO - Sync 1 DAGs
[2022-02-16 17:08:59,525] {logging_mixin.py:109} INFO - [2022-02-16 17:08:59,523] {dag.py:2935} INFO - Setting next_dagrun for example_nested_branch_dag to 2022-02-15 00:00:00+00:00
[2022-02-16 17:08:59,543] {processor.py:171} INFO - Processing /home/airflow/.local/lib/python3.7/site-packages/airflow/example_dags/example_nested_branch_dag.py took 0.131 seconds
[2022-02-16 17:09:30,298] {processor.py:163} INFO - Started process (PID=4163) to work on /home/airflow/.local/lib/python3.7/site-packages/airflow/example_dags/example_nested_branch_dag.py
[2022-02-16 17:09:30,299] {processor.py:642} INFO - Processing file /home/airflow/.local/lib/python3.7/site-packages/airflow/example_dags/example_nested_branch_dag.py for tasks to queue
[2022-02-16 17:09:30,300] {logging_mixin.py:109} INFO - [2022-02-16 17:09:30,300] {dagbag.py:500} INFO - Filling up the DagBag from /home/airflow/.local/lib/python3.7/site-packages/airflow/example_dags/example_nested_branch_dag.py
[2022-02-16 17:09:30,355] {processor.py:654} INFO - DAG(s) dict_keys(['example_nested_branch_dag']) retrieved from /home/airflow/.local/lib/python3.7/site-packages/airflow/example_dags/example_nested_branch_dag.py
[2022-02-16 17:09:30,383] {logging_mixin.py:109} INFO - [2022-02-16 17:09:30,383] {dag.py:2396} INFO - Sync 1 DAGs
[2022-02-16 17:09:30,418] {logging_mixin.py:109} INFO - [2022-02-16 17:09:30,418] {dag.py:2935} INFO - Setting next_dagrun for example_nested_branch_dag to 2022-02-15 00:00:00+00:00
[2022-02-16 17:09:30,433] {processor.py:171} INFO - Processing /home/airflow/.local/lib/python3.7/site-packages/airflow/example_dags/example_nested_branch_dag.py took 0.140 seconds
[2022-02-16 17:10:01,199] {processor.py:163} INFO - Started process (PID=4359) to work on /home/airflow/.local/lib/python3.7/site-packages/airflow/example_dags/example_nested_branch_dag.py
[2022-02-16 17:10:01,201] {processor.py:642} INFO - Processing file /home/airflow/.local/lib/python3.7/site-packages/airflow/example_dags/example_nested_branch_dag.py for tasks to queue
[2022-02-16 17:10:01,202] {logging_mixin.py:109} INFO - [2022-02-16 17:10:01,202] {dagbag.py:500} INFO - Filling up the DagBag from /home/airflow/.local/lib/python3.7/site-packages/airflow/example_dags/example_nested_branch_dag.py
[2022-02-16 17:10:01,272] {processor.py:654} INFO - DAG(s) dict_keys(['example_nested_branch_dag']) retrieved from /home/airflow/.local/lib/python3.7/site-packages/airflow/example_dags/example_nested_branch_dag.py
[2022-02-16 17:10:01,308] {logging_mixin.py:109} INFO - [2022-02-16 17:10:01,308] {dag.py:2396} INFO - Sync 1 DAGs
[2022-02-16 17:10:01,348] {logging_mixin.py:109} INFO - [2022-02-16 17:10:01,348] {dag.py:2935} INFO - Setting next_dagrun for example_nested_branch_dag to 2022-02-15 00:00:00+00:00
[2022-02-16 17:10:01,382] {processor.py:171} INFO - Processing /home/airflow/.local/lib/python3.7/site-packages/airflow/example_dags/example_nested_branch_dag.py took 0.187 seconds
[2022-02-16 17:10:32,442] {processor.py:163} INFO - Started process (PID=4542) to work on /home/airflow/.local/lib/python3.7/site-packages/airflow/example_dags/example_nested_branch_dag.py
[2022-02-16 17:10:32,446] {processor.py:642} INFO - Processing file /home/airflow/.local/lib/python3.7/site-packages/airflow/example_dags/example_nested_branch_dag.py for tasks to queue
[2022-02-16 17:10:32,455] {logging_mixin.py:109} INFO - [2022-02-16 17:10:32,455] {dagbag.py:500} INFO - Filling up the DagBag from /home/airflow/.local/lib/python3.7/site-packages/airflow/example_dags/example_nested_branch_dag.py
[2022-02-16 17:10:32,555] {processor.py:654} INFO - DAG(s) dict_keys(['example_nested_branch_dag']) retrieved from /home/airflow/.local/lib/python3.7/site-packages/airflow/example_dags/example_nested_branch_dag.py
[2022-02-16 17:10:32,583] {logging_mixin.py:109} INFO - [2022-02-16 17:10:32,583] {dag.py:2396} INFO - Sync 1 DAGs
[2022-02-16 17:10:32,614] {logging_mixin.py:109} INFO - [2022-02-16 17:10:32,614] {dag.py:2935} INFO - Setting next_dagrun for example_nested_branch_dag to 2022-02-15 00:00:00+00:00
[2022-02-16 17:10:32,627] {processor.py:171} INFO - Processing /home/airflow/.local/lib/python3.7/site-packages/airflow/example_dags/example_nested_branch_dag.py took 0.202 seconds
[2022-02-16 17:11:03,462] {processor.py:163} INFO - Started process (PID=4729) to work on /home/airflow/.local/lib/python3.7/site-packages/airflow/example_dags/example_nested_branch_dag.py
[2022-02-16 17:11:03,471] {processor.py:642} INFO - Processing file /home/airflow/.local/lib/python3.7/site-packages/airflow/example_dags/example_nested_branch_dag.py for tasks to queue
[2022-02-16 17:11:03,474] {logging_mixin.py:109} INFO - [2022-02-16 17:11:03,474] {dagbag.py:500} INFO - Filling up the DagBag from /home/airflow/.local/lib/python3.7/site-packages/airflow/example_dags/example_nested_branch_dag.py
[2022-02-16 17:11:03,556] {processor.py:654} INFO - DAG(s) dict_keys(['example_nested_branch_dag']) retrieved from /home/airflow/.local/lib/python3.7/site-packages/airflow/example_dags/example_nested_branch_dag.py
[2022-02-16 17:11:03,607] {logging_mixin.py:109} INFO - [2022-02-16 17:11:03,607] {dag.py:2396} INFO - Sync 1 DAGs
[2022-02-16 17:11:03,678] {logging_mixin.py:109} INFO - [2022-02-16 17:11:03,678] {dag.py:2935} INFO - Setting next_dagrun for example_nested_branch_dag to 2022-02-15 00:00:00+00:00
[2022-02-16 17:11:03,764] {processor.py:171} INFO - Processing /home/airflow/.local/lib/python3.7/site-packages/airflow/example_dags/example_nested_branch_dag.py took 0.307 seconds
[2022-02-16 17:11:34,995] {processor.py:163} INFO - Started process (PID=4917) to work on /home/airflow/.local/lib/python3.7/site-packages/airflow/example_dags/example_nested_branch_dag.py
[2022-02-16 17:11:34,996] {processor.py:642} INFO - Processing file /home/airflow/.local/lib/python3.7/site-packages/airflow/example_dags/example_nested_branch_dag.py for tasks to queue
[2022-02-16 17:11:34,997] {logging_mixin.py:109} INFO - [2022-02-16 17:11:34,997] {dagbag.py:500} INFO - Filling up the DagBag from /home/airflow/.local/lib/python3.7/site-packages/airflow/example_dags/example_nested_branch_dag.py
[2022-02-16 17:11:35,039] {processor.py:654} INFO - DAG(s) dict_keys(['example_nested_branch_dag']) retrieved from /home/airflow/.local/lib/python3.7/site-packages/airflow/example_dags/example_nested_branch_dag.py
[2022-02-16 17:11:35,052] {logging_mixin.py:109} INFO - [2022-02-16 17:11:35,052] {dag.py:2396} INFO - Sync 1 DAGs
[2022-02-16 17:11:35,081] {logging_mixin.py:109} INFO - [2022-02-16 17:11:35,081] {dag.py:2935} INFO - Setting next_dagrun for example_nested_branch_dag to 2022-02-15 00:00:00+00:00
[2022-02-16 17:11:35,097] {processor.py:171} INFO - Processing /home/airflow/.local/lib/python3.7/site-packages/airflow/example_dags/example_nested_branch_dag.py took 0.106 seconds
[2022-02-16 17:12:05,996] {processor.py:163} INFO - Started process (PID=5111) to work on /home/airflow/.local/lib/python3.7/site-packages/airflow/example_dags/example_nested_branch_dag.py
[2022-02-16 17:12:06,002] {processor.py:642} INFO - Processing file /home/airflow/.local/lib/python3.7/site-packages/airflow/example_dags/example_nested_branch_dag.py for tasks to queue
[2022-02-16 17:12:06,003] {logging_mixin.py:109} INFO - [2022-02-16 17:12:06,003] {dagbag.py:500} INFO - Filling up the DagBag from /home/airflow/.local/lib/python3.7/site-packages/airflow/example_dags/example_nested_branch_dag.py
[2022-02-16 17:12:06,054] {processor.py:654} INFO - DAG(s) dict_keys(['example_nested_branch_dag']) retrieved from /home/airflow/.local/lib/python3.7/site-packages/airflow/example_dags/example_nested_branch_dag.py
[2022-02-16 17:12:06,066] {logging_mixin.py:109} INFO - [2022-02-16 17:12:06,066] {dag.py:2396} INFO - Sync 1 DAGs
[2022-02-16 17:12:06,087] {logging_mixin.py:109} INFO - [2022-02-16 17:12:06,086] {dag.py:2935} INFO - Setting next_dagrun for example_nested_branch_dag to 2022-02-15 00:00:00+00:00
[2022-02-16 17:12:06,095] {processor.py:171} INFO - Processing /home/airflow/.local/lib/python3.7/site-packages/airflow/example_dags/example_nested_branch_dag.py took 0.105 seconds
[2022-02-16 17:12:36,644] {processor.py:163} INFO - Started process (PID=5297) to work on /home/airflow/.local/lib/python3.7/site-packages/airflow/example_dags/example_nested_branch_dag.py
[2022-02-16 17:12:36,646] {processor.py:642} INFO - Processing file /home/airflow/.local/lib/python3.7/site-packages/airflow/example_dags/example_nested_branch_dag.py for tasks to queue
[2022-02-16 17:12:36,647] {logging_mixin.py:109} INFO - [2022-02-16 17:12:36,647] {dagbag.py:500} INFO - Filling up the DagBag from /home/airflow/.local/lib/python3.7/site-packages/airflow/example_dags/example_nested_branch_dag.py
[2022-02-16 17:12:36,681] {processor.py:654} INFO - DAG(s) dict_keys(['example_nested_branch_dag']) retrieved from /home/airflow/.local/lib/python3.7/site-packages/airflow/example_dags/example_nested_branch_dag.py
[2022-02-16 17:12:36,693] {logging_mixin.py:109} INFO - [2022-02-16 17:12:36,693] {dag.py:2396} INFO - Sync 1 DAGs
[2022-02-16 17:12:36,717] {logging_mixin.py:109} INFO - [2022-02-16 17:12:36,717] {dag.py:2935} INFO - Setting next_dagrun for example_nested_branch_dag to 2022-02-15 00:00:00+00:00
[2022-02-16 17:12:36,734] {processor.py:171} INFO - Processing /home/airflow/.local/lib/python3.7/site-packages/airflow/example_dags/example_nested_branch_dag.py took 0.094 seconds
[2022-02-16 17:13:08,160] {processor.py:163} INFO - Started process (PID=5493) to work on /home/airflow/.local/lib/python3.7/site-packages/airflow/example_dags/example_nested_branch_dag.py
[2022-02-16 17:13:08,163] {processor.py:642} INFO - Processing file /home/airflow/.local/lib/python3.7/site-packages/airflow/example_dags/example_nested_branch_dag.py for tasks to queue
[2022-02-16 17:13:08,165] {logging_mixin.py:109} INFO - [2022-02-16 17:13:08,164] {dagbag.py:500} INFO - Filling up the DagBag from /home/airflow/.local/lib/python3.7/site-packages/airflow/example_dags/example_nested_branch_dag.py
[2022-02-16 17:13:08,218] {processor.py:654} INFO - DAG(s) dict_keys(['example_nested_branch_dag']) retrieved from /home/airflow/.local/lib/python3.7/site-packages/airflow/example_dags/example_nested_branch_dag.py
[2022-02-16 17:13:08,234] {logging_mixin.py:109} INFO - [2022-02-16 17:13:08,234] {dag.py:2396} INFO - Sync 1 DAGs
[2022-02-16 17:13:08,267] {logging_mixin.py:109} INFO - [2022-02-16 17:13:08,266] {dag.py:2935} INFO - Setting next_dagrun for example_nested_branch_dag to 2022-02-15 00:00:00+00:00
[2022-02-16 17:13:08,305] {processor.py:171} INFO - Processing /home/airflow/.local/lib/python3.7/site-packages/airflow/example_dags/example_nested_branch_dag.py took 0.158 seconds
[2022-02-16 17:13:39,527] {processor.py:163} INFO - Started process (PID=5692) to work on /home/airflow/.local/lib/python3.7/site-packages/airflow/example_dags/example_nested_branch_dag.py
[2022-02-16 17:13:39,536] {processor.py:642} INFO - Processing file /home/airflow/.local/lib/python3.7/site-packages/airflow/example_dags/example_nested_branch_dag.py for tasks to queue
[2022-02-16 17:13:39,538] {logging_mixin.py:109} INFO - [2022-02-16 17:13:39,537] {dagbag.py:500} INFO - Filling up the DagBag from /home/airflow/.local/lib/python3.7/site-packages/airflow/example_dags/example_nested_branch_dag.py
[2022-02-16 17:13:39,595] {processor.py:654} INFO - DAG(s) dict_keys(['example_nested_branch_dag']) retrieved from /home/airflow/.local/lib/python3.7/site-packages/airflow/example_dags/example_nested_branch_dag.py
[2022-02-16 17:13:39,612] {logging_mixin.py:109} INFO - [2022-02-16 17:13:39,612] {dag.py:2396} INFO - Sync 1 DAGs
[2022-02-16 17:13:39,640] {logging_mixin.py:109} INFO - [2022-02-16 17:13:39,640] {dag.py:2935} INFO - Setting next_dagrun for example_nested_branch_dag to 2022-02-15 00:00:00+00:00
[2022-02-16 17:13:39,667] {processor.py:171} INFO - Processing /home/airflow/.local/lib/python3.7/site-packages/airflow/example_dags/example_nested_branch_dag.py took 0.155 seconds
[2022-02-16 17:14:09,710] {processor.py:163} INFO - Started process (PID=5882) to work on /home/airflow/.local/lib/python3.7/site-packages/airflow/example_dags/example_nested_branch_dag.py
[2022-02-16 17:14:09,712] {processor.py:642} INFO - Processing file /home/airflow/.local/lib/python3.7/site-packages/airflow/example_dags/example_nested_branch_dag.py for tasks to queue
[2022-02-16 17:14:09,713] {logging_mixin.py:109} INFO - [2022-02-16 17:14:09,713] {dagbag.py:500} INFO - Filling up the DagBag from /home/airflow/.local/lib/python3.7/site-packages/airflow/example_dags/example_nested_branch_dag.py
[2022-02-16 17:14:09,747] {processor.py:654} INFO - DAG(s) dict_keys(['example_nested_branch_dag']) retrieved from /home/airflow/.local/lib/python3.7/site-packages/airflow/example_dags/example_nested_branch_dag.py
[2022-02-16 17:14:09,759] {logging_mixin.py:109} INFO - [2022-02-16 17:14:09,759] {dag.py:2396} INFO - Sync 1 DAGs
[2022-02-16 17:14:09,778] {logging_mixin.py:109} INFO - [2022-02-16 17:14:09,778] {dag.py:2935} INFO - Setting next_dagrun for example_nested_branch_dag to 2022-02-15 00:00:00+00:00
[2022-02-16 17:14:09,787] {processor.py:171} INFO - Processing /home/airflow/.local/lib/python3.7/site-packages/airflow/example_dags/example_nested_branch_dag.py took 0.081 seconds
[2022-02-16 17:14:39,892] {processor.py:163} INFO - Started process (PID=6074) to work on /home/airflow/.local/lib/python3.7/site-packages/airflow/example_dags/example_nested_branch_dag.py
[2022-02-16 17:14:39,894] {processor.py:642} INFO - Processing file /home/airflow/.local/lib/python3.7/site-packages/airflow/example_dags/example_nested_branch_dag.py for tasks to queue
[2022-02-16 17:14:39,895] {logging_mixin.py:109} INFO - [2022-02-16 17:14:39,895] {dagbag.py:500} INFO - Filling up the DagBag from /home/airflow/.local/lib/python3.7/site-packages/airflow/example_dags/example_nested_branch_dag.py
[2022-02-16 17:14:39,932] {processor.py:654} INFO - DAG(s) dict_keys(['example_nested_branch_dag']) retrieved from /home/airflow/.local/lib/python3.7/site-packages/airflow/example_dags/example_nested_branch_dag.py
[2022-02-16 17:14:39,944] {logging_mixin.py:109} INFO - [2022-02-16 17:14:39,944] {dag.py:2396} INFO - Sync 1 DAGs
[2022-02-16 17:14:39,966] {logging_mixin.py:109} INFO - [2022-02-16 17:14:39,966] {dag.py:2935} INFO - Setting next_dagrun for example_nested_branch_dag to 2022-02-15 00:00:00+00:00
[2022-02-16 17:14:39,976] {processor.py:171} INFO - Processing /home/airflow/.local/lib/python3.7/site-packages/airflow/example_dags/example_nested_branch_dag.py took 0.089 seconds
[2022-02-16 17:15:10,561] {processor.py:163} INFO - Started process (PID=6281) to work on /home/airflow/.local/lib/python3.7/site-packages/airflow/example_dags/example_nested_branch_dag.py
[2022-02-16 17:15:10,571] {processor.py:642} INFO - Processing file /home/airflow/.local/lib/python3.7/site-packages/airflow/example_dags/example_nested_branch_dag.py for tasks to queue
[2022-02-16 17:15:10,572] {logging_mixin.py:109} INFO - [2022-02-16 17:15:10,572] {dagbag.py:500} INFO - Filling up the DagBag from /home/airflow/.local/lib/python3.7/site-packages/airflow/example_dags/example_nested_branch_dag.py
[2022-02-16 17:15:10,675] {processor.py:654} INFO - DAG(s) dict_keys(['example_nested_branch_dag']) retrieved from /home/airflow/.local/lib/python3.7/site-packages/airflow/example_dags/example_nested_branch_dag.py
[2022-02-16 17:15:10,695] {logging_mixin.py:109} INFO - [2022-02-16 17:15:10,695] {dag.py:2396} INFO - Sync 1 DAGs
[2022-02-16 17:15:10,728] {logging_mixin.py:109} INFO - [2022-02-16 17:15:10,728] {dag.py:2935} INFO - Setting next_dagrun for example_nested_branch_dag to 2022-02-15 00:00:00+00:00
[2022-02-16 17:15:10,747] {processor.py:171} INFO - Processing /home/airflow/.local/lib/python3.7/site-packages/airflow/example_dags/example_nested_branch_dag.py took 0.191 seconds
[2022-02-16 17:15:41,047] {processor.py:163} INFO - Started process (PID=6480) to work on /home/airflow/.local/lib/python3.7/site-packages/airflow/example_dags/example_nested_branch_dag.py
[2022-02-16 17:15:41,048] {processor.py:642} INFO - Processing file /home/airflow/.local/lib/python3.7/site-packages/airflow/example_dags/example_nested_branch_dag.py for tasks to queue
[2022-02-16 17:15:41,049] {logging_mixin.py:109} INFO - [2022-02-16 17:15:41,049] {dagbag.py:500} INFO - Filling up the DagBag from /home/airflow/.local/lib/python3.7/site-packages/airflow/example_dags/example_nested_branch_dag.py
[2022-02-16 17:15:41,097] {processor.py:654} INFO - DAG(s) dict_keys(['example_nested_branch_dag']) retrieved from /home/airflow/.local/lib/python3.7/site-packages/airflow/example_dags/example_nested_branch_dag.py
[2022-02-16 17:15:41,118] {logging_mixin.py:109} INFO - [2022-02-16 17:15:41,117] {dag.py:2396} INFO - Sync 1 DAGs
[2022-02-16 17:15:41,154] {logging_mixin.py:109} INFO - [2022-02-16 17:15:41,154] {dag.py:2935} INFO - Setting next_dagrun for example_nested_branch_dag to 2022-02-15 00:00:00+00:00
[2022-02-16 17:15:41,165] {processor.py:171} INFO - Processing /home/airflow/.local/lib/python3.7/site-packages/airflow/example_dags/example_nested_branch_dag.py took 0.123 seconds
[2022-02-16 17:16:11,869] {processor.py:163} INFO - Started process (PID=6672) to work on /home/airflow/.local/lib/python3.7/site-packages/airflow/example_dags/example_nested_branch_dag.py
[2022-02-16 17:16:11,871] {processor.py:642} INFO - Processing file /home/airflow/.local/lib/python3.7/site-packages/airflow/example_dags/example_nested_branch_dag.py for tasks to queue
[2022-02-16 17:16:11,872] {logging_mixin.py:109} INFO - [2022-02-16 17:16:11,872] {dagbag.py:500} INFO - Filling up the DagBag from /home/airflow/.local/lib/python3.7/site-packages/airflow/example_dags/example_nested_branch_dag.py
[2022-02-16 17:16:11,906] {processor.py:654} INFO - DAG(s) dict_keys(['example_nested_branch_dag']) retrieved from /home/airflow/.local/lib/python3.7/site-packages/airflow/example_dags/example_nested_branch_dag.py
[2022-02-16 17:16:11,919] {logging_mixin.py:109} INFO - [2022-02-16 17:16:11,919] {dag.py:2396} INFO - Sync 1 DAGs
[2022-02-16 17:16:11,940] {logging_mixin.py:109} INFO - [2022-02-16 17:16:11,940] {dag.py:2935} INFO - Setting next_dagrun for example_nested_branch_dag to 2022-02-15 00:00:00+00:00
[2022-02-16 17:16:11,951] {processor.py:171} INFO - Processing /home/airflow/.local/lib/python3.7/site-packages/airflow/example_dags/example_nested_branch_dag.py took 0.087 seconds
[2022-02-16 17:16:42,690] {processor.py:163} INFO - Started process (PID=6863) to work on /home/airflow/.local/lib/python3.7/site-packages/airflow/example_dags/example_nested_branch_dag.py
[2022-02-16 17:16:42,691] {processor.py:642} INFO - Processing file /home/airflow/.local/lib/python3.7/site-packages/airflow/example_dags/example_nested_branch_dag.py for tasks to queue
[2022-02-16 17:16:42,692] {logging_mixin.py:109} INFO - [2022-02-16 17:16:42,692] {dagbag.py:500} INFO - Filling up the DagBag from /home/airflow/.local/lib/python3.7/site-packages/airflow/example_dags/example_nested_branch_dag.py
[2022-02-16 17:16:42,726] {processor.py:654} INFO - DAG(s) dict_keys(['example_nested_branch_dag']) retrieved from /home/airflow/.local/lib/python3.7/site-packages/airflow/example_dags/example_nested_branch_dag.py
[2022-02-16 17:16:42,747] {logging_mixin.py:109} INFO - [2022-02-16 17:16:42,747] {dag.py:2396} INFO - Sync 1 DAGs
[2022-02-16 17:16:42,789] {logging_mixin.py:109} INFO - [2022-02-16 17:16:42,789] {dag.py:2935} INFO - Setting next_dagrun for example_nested_branch_dag to 2022-02-15 00:00:00+00:00
[2022-02-16 17:16:42,803] {processor.py:171} INFO - Processing /home/airflow/.local/lib/python3.7/site-packages/airflow/example_dags/example_nested_branch_dag.py took 0.118 seconds
[2022-02-16 17:17:13,167] {processor.py:163} INFO - Started process (PID=7063) to work on /home/airflow/.local/lib/python3.7/site-packages/airflow/example_dags/example_nested_branch_dag.py
[2022-02-16 17:17:13,168] {processor.py:642} INFO - Processing file /home/airflow/.local/lib/python3.7/site-packages/airflow/example_dags/example_nested_branch_dag.py for tasks to queue
[2022-02-16 17:17:13,169] {logging_mixin.py:109} INFO - [2022-02-16 17:17:13,169] {dagbag.py:500} INFO - Filling up the DagBag from /home/airflow/.local/lib/python3.7/site-packages/airflow/example_dags/example_nested_branch_dag.py
[2022-02-16 17:17:13,203] {processor.py:654} INFO - DAG(s) dict_keys(['example_nested_branch_dag']) retrieved from /home/airflow/.local/lib/python3.7/site-packages/airflow/example_dags/example_nested_branch_dag.py
[2022-02-16 17:17:13,216] {logging_mixin.py:109} INFO - [2022-02-16 17:17:13,215] {dag.py:2396} INFO - Sync 1 DAGs
[2022-02-16 17:17:13,235] {logging_mixin.py:109} INFO - [2022-02-16 17:17:13,235] {dag.py:2935} INFO - Setting next_dagrun for example_nested_branch_dag to 2022-02-15 00:00:00+00:00
[2022-02-16 17:17:13,250] {processor.py:171} INFO - Processing /home/airflow/.local/lib/python3.7/site-packages/airflow/example_dags/example_nested_branch_dag.py took 0.088 seconds
[2022-02-16 17:17:43,432] {processor.py:163} INFO - Started process (PID=7253) to work on /home/airflow/.local/lib/python3.7/site-packages/airflow/example_dags/example_nested_branch_dag.py
[2022-02-16 17:17:43,435] {processor.py:642} INFO - Processing file /home/airflow/.local/lib/python3.7/site-packages/airflow/example_dags/example_nested_branch_dag.py for tasks to queue
[2022-02-16 17:17:43,437] {logging_mixin.py:109} INFO - [2022-02-16 17:17:43,436] {dagbag.py:500} INFO - Filling up the DagBag from /home/airflow/.local/lib/python3.7/site-packages/airflow/example_dags/example_nested_branch_dag.py
[2022-02-16 17:17:43,484] {processor.py:654} INFO - DAG(s) dict_keys(['example_nested_branch_dag']) retrieved from /home/airflow/.local/lib/python3.7/site-packages/airflow/example_dags/example_nested_branch_dag.py
[2022-02-16 17:17:43,514] {logging_mixin.py:109} INFO - [2022-02-16 17:17:43,513] {dag.py:2396} INFO - Sync 1 DAGs
[2022-02-16 17:17:43,549] {logging_mixin.py:109} INFO - [2022-02-16 17:17:43,549] {dag.py:2935} INFO - Setting next_dagrun for example_nested_branch_dag to 2022-02-15 00:00:00+00:00
[2022-02-16 17:17:43,560] {processor.py:171} INFO - Processing /home/airflow/.local/lib/python3.7/site-packages/airflow/example_dags/example_nested_branch_dag.py took 0.132 seconds
[2022-02-16 17:18:14,224] {processor.py:163} INFO - Started process (PID=7451) to work on /home/airflow/.local/lib/python3.7/site-packages/airflow/example_dags/example_nested_branch_dag.py
[2022-02-16 17:18:14,225] {processor.py:642} INFO - Processing file /home/airflow/.local/lib/python3.7/site-packages/airflow/example_dags/example_nested_branch_dag.py for tasks to queue
[2022-02-16 17:18:14,226] {logging_mixin.py:109} INFO - [2022-02-16 17:18:14,225] {dagbag.py:500} INFO - Filling up the DagBag from /home/airflow/.local/lib/python3.7/site-packages/airflow/example_dags/example_nested_branch_dag.py
[2022-02-16 17:18:14,258] {processor.py:654} INFO - DAG(s) dict_keys(['example_nested_branch_dag']) retrieved from /home/airflow/.local/lib/python3.7/site-packages/airflow/example_dags/example_nested_branch_dag.py
[2022-02-16 17:18:14,269] {logging_mixin.py:109} INFO - [2022-02-16 17:18:14,269] {dag.py:2396} INFO - Sync 1 DAGs
[2022-02-16 17:18:14,286] {logging_mixin.py:109} INFO - [2022-02-16 17:18:14,286] {dag.py:2935} INFO - Setting next_dagrun for example_nested_branch_dag to 2022-02-15 00:00:00+00:00
[2022-02-16 17:18:14,296] {processor.py:171} INFO - Processing /home/airflow/.local/lib/python3.7/site-packages/airflow/example_dags/example_nested_branch_dag.py took 0.076 seconds
[2022-02-16 17:18:44,415] {processor.py:163} INFO - Started process (PID=7640) to work on /home/airflow/.local/lib/python3.7/site-packages/airflow/example_dags/example_nested_branch_dag.py
[2022-02-16 17:18:44,417] {processor.py:642} INFO - Processing file /home/airflow/.local/lib/python3.7/site-packages/airflow/example_dags/example_nested_branch_dag.py for tasks to queue
[2022-02-16 17:18:44,418] {logging_mixin.py:109} INFO - [2022-02-16 17:18:44,418] {dagbag.py:500} INFO - Filling up the DagBag from /home/airflow/.local/lib/python3.7/site-packages/airflow/example_dags/example_nested_branch_dag.py
[2022-02-16 17:18:44,469] {processor.py:654} INFO - DAG(s) dict_keys(['example_nested_branch_dag']) retrieved from /home/airflow/.local/lib/python3.7/site-packages/airflow/example_dags/example_nested_branch_dag.py
[2022-02-16 17:18:44,484] {logging_mixin.py:109} INFO - [2022-02-16 17:18:44,484] {dag.py:2396} INFO - Sync 1 DAGs
[2022-02-16 17:18:44,513] {logging_mixin.py:109} INFO - [2022-02-16 17:18:44,513] {dag.py:2935} INFO - Setting next_dagrun for example_nested_branch_dag to 2022-02-15 00:00:00+00:00
[2022-02-16 17:18:44,526] {processor.py:171} INFO - Processing /home/airflow/.local/lib/python3.7/site-packages/airflow/example_dags/example_nested_branch_dag.py took 0.117 seconds
[2022-02-16 17:19:14,812] {processor.py:163} INFO - Started process (PID=7840) to work on /home/airflow/.local/lib/python3.7/site-packages/airflow/example_dags/example_nested_branch_dag.py
[2022-02-16 17:19:14,813] {processor.py:642} INFO - Processing file /home/airflow/.local/lib/python3.7/site-packages/airflow/example_dags/example_nested_branch_dag.py for tasks to queue
[2022-02-16 17:19:14,814] {logging_mixin.py:109} INFO - [2022-02-16 17:19:14,814] {dagbag.py:500} INFO - Filling up the DagBag from /home/airflow/.local/lib/python3.7/site-packages/airflow/example_dags/example_nested_branch_dag.py
[2022-02-16 17:19:14,935] {processor.py:654} INFO - DAG(s) dict_keys(['example_nested_branch_dag']) retrieved from /home/airflow/.local/lib/python3.7/site-packages/airflow/example_dags/example_nested_branch_dag.py
[2022-02-16 17:19:14,948] {logging_mixin.py:109} INFO - [2022-02-16 17:19:14,948] {dag.py:2396} INFO - Sync 1 DAGs
[2022-02-16 17:19:14,969] {logging_mixin.py:109} INFO - [2022-02-16 17:19:14,969] {dag.py:2935} INFO - Setting next_dagrun for example_nested_branch_dag to 2022-02-15 00:00:00+00:00
[2022-02-16 17:19:14,979] {processor.py:171} INFO - Processing /home/airflow/.local/lib/python3.7/site-packages/airflow/example_dags/example_nested_branch_dag.py took 0.172 seconds
[2022-02-16 17:19:45,034] {processor.py:163} INFO - Started process (PID=8039) to work on /home/airflow/.local/lib/python3.7/site-packages/airflow/example_dags/example_nested_branch_dag.py
[2022-02-16 17:19:45,036] {processor.py:642} INFO - Processing file /home/airflow/.local/lib/python3.7/site-packages/airflow/example_dags/example_nested_branch_dag.py for tasks to queue
[2022-02-16 17:19:45,037] {logging_mixin.py:109} INFO - [2022-02-16 17:19:45,037] {dagbag.py:500} INFO - Filling up the DagBag from /home/airflow/.local/lib/python3.7/site-packages/airflow/example_dags/example_nested_branch_dag.py
[2022-02-16 17:19:45,085] {processor.py:654} INFO - DAG(s) dict_keys(['example_nested_branch_dag']) retrieved from /home/airflow/.local/lib/python3.7/site-packages/airflow/example_dags/example_nested_branch_dag.py
[2022-02-16 17:19:45,100] {logging_mixin.py:109} INFO - [2022-02-16 17:19:45,100] {dag.py:2396} INFO - Sync 1 DAGs
[2022-02-16 17:19:45,125] {logging_mixin.py:109} INFO - [2022-02-16 17:19:45,125] {dag.py:2935} INFO - Setting next_dagrun for example_nested_branch_dag to 2022-02-15 00:00:00+00:00
[2022-02-16 17:19:45,140] {processor.py:171} INFO - Processing /home/airflow/.local/lib/python3.7/site-packages/airflow/example_dags/example_nested_branch_dag.py took 0.113 seconds
[2022-02-16 17:20:15,293] {processor.py:163} INFO - Started process (PID=8232) to work on /home/airflow/.local/lib/python3.7/site-packages/airflow/example_dags/example_nested_branch_dag.py
[2022-02-16 17:20:15,294] {processor.py:642} INFO - Processing file /home/airflow/.local/lib/python3.7/site-packages/airflow/example_dags/example_nested_branch_dag.py for tasks to queue
[2022-02-16 17:20:15,295] {logging_mixin.py:109} INFO - [2022-02-16 17:20:15,295] {dagbag.py:500} INFO - Filling up the DagBag from /home/airflow/.local/lib/python3.7/site-packages/airflow/example_dags/example_nested_branch_dag.py
[2022-02-16 17:20:15,331] {processor.py:654} INFO - DAG(s) dict_keys(['example_nested_branch_dag']) retrieved from /home/airflow/.local/lib/python3.7/site-packages/airflow/example_dags/example_nested_branch_dag.py
[2022-02-16 17:20:15,342] {logging_mixin.py:109} INFO - [2022-02-16 17:20:15,342] {dag.py:2396} INFO - Sync 1 DAGs
[2022-02-16 17:20:15,360] {logging_mixin.py:109} INFO - [2022-02-16 17:20:15,360] {dag.py:2935} INFO - Setting next_dagrun for example_nested_branch_dag to 2022-02-15 00:00:00+00:00
[2022-02-16 17:20:15,376] {processor.py:171} INFO - Processing /home/airflow/.local/lib/python3.7/site-packages/airflow/example_dags/example_nested_branch_dag.py took 0.087 seconds
[2022-02-16 17:20:45,658] {processor.py:163} INFO - Started process (PID=8437) to work on /home/airflow/.local/lib/python3.7/site-packages/airflow/example_dags/example_nested_branch_dag.py
[2022-02-16 17:20:45,661] {processor.py:642} INFO - Processing file /home/airflow/.local/lib/python3.7/site-packages/airflow/example_dags/example_nested_branch_dag.py for tasks to queue
[2022-02-16 17:20:45,663] {logging_mixin.py:109} INFO - [2022-02-16 17:20:45,662] {dagbag.py:500} INFO - Filling up the DagBag from /home/airflow/.local/lib/python3.7/site-packages/airflow/example_dags/example_nested_branch_dag.py
[2022-02-16 17:20:45,702] {processor.py:654} INFO - DAG(s) dict_keys(['example_nested_branch_dag']) retrieved from /home/airflow/.local/lib/python3.7/site-packages/airflow/example_dags/example_nested_branch_dag.py
[2022-02-16 17:20:45,717] {logging_mixin.py:109} INFO - [2022-02-16 17:20:45,716] {dag.py:2396} INFO - Sync 1 DAGs
[2022-02-16 17:20:45,739] {logging_mixin.py:109} INFO - [2022-02-16 17:20:45,739] {dag.py:2935} INFO - Setting next_dagrun for example_nested_branch_dag to 2022-02-15 00:00:00+00:00
[2022-02-16 17:20:45,752] {processor.py:171} INFO - Processing /home/airflow/.local/lib/python3.7/site-packages/airflow/example_dags/example_nested_branch_dag.py took 0.097 seconds
[2022-02-16 17:21:15,836] {processor.py:163} INFO - Started process (PID=8630) to work on /home/airflow/.local/lib/python3.7/site-packages/airflow/example_dags/example_nested_branch_dag.py
[2022-02-16 17:21:15,838] {processor.py:642} INFO - Processing file /home/airflow/.local/lib/python3.7/site-packages/airflow/example_dags/example_nested_branch_dag.py for tasks to queue
[2022-02-16 17:21:15,839] {logging_mixin.py:109} INFO - [2022-02-16 17:21:15,839] {dagbag.py:500} INFO - Filling up the DagBag from /home/airflow/.local/lib/python3.7/site-packages/airflow/example_dags/example_nested_branch_dag.py
[2022-02-16 17:21:15,905] {processor.py:654} INFO - DAG(s) dict_keys(['example_nested_branch_dag']) retrieved from /home/airflow/.local/lib/python3.7/site-packages/airflow/example_dags/example_nested_branch_dag.py
[2022-02-16 17:21:15,925] {logging_mixin.py:109} INFO - [2022-02-16 17:21:15,924] {dag.py:2396} INFO - Sync 1 DAGs
[2022-02-16 17:21:15,971] {logging_mixin.py:109} INFO - [2022-02-16 17:21:15,971] {dag.py:2935} INFO - Setting next_dagrun for example_nested_branch_dag to 2022-02-15 00:00:00+00:00
[2022-02-16 17:21:15,999] {processor.py:171} INFO - Processing /home/airflow/.local/lib/python3.7/site-packages/airflow/example_dags/example_nested_branch_dag.py took 0.173 seconds
