[2022-02-16 16:58:40,530] {processor.py:163} INFO - Started process (PID=252) to work on /home/airflow/.local/lib/python3.7/site-packages/airflow/example_dags/example_kubernetes_executor.py
[2022-02-16 16:58:40,532] {processor.py:642} INFO - Processing file /home/airflow/.local/lib/python3.7/site-packages/airflow/example_dags/example_kubernetes_executor.py for tasks to queue
[2022-02-16 16:58:40,534] {logging_mixin.py:109} INFO - [2022-02-16 16:58:40,534] {dagbag.py:500} INFO - Filling up the DagBag from /home/airflow/.local/lib/python3.7/site-packages/airflow/example_dags/example_kubernetes_executor.py
[2022-02-16 16:58:40,708] {processor.py:654} INFO - DAG(s) dict_keys(['example_kubernetes_executor']) retrieved from /home/airflow/.local/lib/python3.7/site-packages/airflow/example_dags/example_kubernetes_executor.py
[2022-02-16 16:58:44,084] {logging_mixin.py:109} INFO - [2022-02-16 16:58:44,084] {manager.py:496} INFO - Created Permission View: can read on DAG:example_kubernetes_executor
[2022-02-16 16:58:44,099] {logging_mixin.py:109} INFO - [2022-02-16 16:58:44,099] {manager.py:496} INFO - Created Permission View: can edit on DAG:example_kubernetes_executor
[2022-02-16 16:58:44,100] {logging_mixin.py:109} INFO - [2022-02-16 16:58:44,099] {dag.py:2396} INFO - Sync 1 DAGs
[2022-02-16 16:58:44,108] {logging_mixin.py:109} INFO - [2022-02-16 16:58:44,107] {dag.py:2415} INFO - Creating ORM DAG for example_kubernetes_executor
[2022-02-16 16:58:44,117] {logging_mixin.py:109} INFO - [2022-02-16 16:58:44,117] {dag.py:2935} INFO - Setting next_dagrun for example_kubernetes_executor to None
[2022-02-16 16:58:44,150] {processor.py:171} INFO - Processing /home/airflow/.local/lib/python3.7/site-packages/airflow/example_dags/example_kubernetes_executor.py took 3.624 seconds
[2022-02-16 16:59:14,755] {processor.py:163} INFO - Started process (PID=479) to work on /home/airflow/.local/lib/python3.7/site-packages/airflow/example_dags/example_kubernetes_executor.py
[2022-02-16 16:59:14,758] {processor.py:642} INFO - Processing file /home/airflow/.local/lib/python3.7/site-packages/airflow/example_dags/example_kubernetes_executor.py for tasks to queue
[2022-02-16 16:59:14,759] {logging_mixin.py:109} INFO - [2022-02-16 16:59:14,759] {dagbag.py:500} INFO - Filling up the DagBag from /home/airflow/.local/lib/python3.7/site-packages/airflow/example_dags/example_kubernetes_executor.py
[2022-02-16 16:59:14,925] {processor.py:654} INFO - DAG(s) dict_keys(['example_kubernetes_executor']) retrieved from /home/airflow/.local/lib/python3.7/site-packages/airflow/example_dags/example_kubernetes_executor.py
[2022-02-16 16:59:14,951] {logging_mixin.py:109} INFO - [2022-02-16 16:59:14,951] {dag.py:2396} INFO - Sync 1 DAGs
[2022-02-16 16:59:14,971] {logging_mixin.py:109} INFO - [2022-02-16 16:59:14,971] {dag.py:2935} INFO - Setting next_dagrun for example_kubernetes_executor to None
[2022-02-16 16:59:14,982] {processor.py:171} INFO - Processing /home/airflow/.local/lib/python3.7/site-packages/airflow/example_dags/example_kubernetes_executor.py took 0.232 seconds
[2022-02-16 16:59:45,882] {processor.py:163} INFO - Started process (PID=661) to work on /home/airflow/.local/lib/python3.7/site-packages/airflow/example_dags/example_kubernetes_executor.py
[2022-02-16 16:59:45,883] {processor.py:642} INFO - Processing file /home/airflow/.local/lib/python3.7/site-packages/airflow/example_dags/example_kubernetes_executor.py for tasks to queue
[2022-02-16 16:59:45,884] {logging_mixin.py:109} INFO - [2022-02-16 16:59:45,884] {dagbag.py:500} INFO - Filling up the DagBag from /home/airflow/.local/lib/python3.7/site-packages/airflow/example_dags/example_kubernetes_executor.py
[2022-02-16 16:59:45,933] {processor.py:654} INFO - DAG(s) dict_keys(['example_kubernetes_executor']) retrieved from /home/airflow/.local/lib/python3.7/site-packages/airflow/example_dags/example_kubernetes_executor.py
[2022-02-16 16:59:45,974] {logging_mixin.py:109} INFO - [2022-02-16 16:59:45,974] {dag.py:2396} INFO - Sync 1 DAGs
[2022-02-16 16:59:46,003] {logging_mixin.py:109} INFO - [2022-02-16 16:59:46,003] {dag.py:2935} INFO - Setting next_dagrun for example_kubernetes_executor to None
[2022-02-16 16:59:46,013] {processor.py:171} INFO - Processing /home/airflow/.local/lib/python3.7/site-packages/airflow/example_dags/example_kubernetes_executor.py took 0.136 seconds
[2022-02-16 17:00:16,507] {processor.py:163} INFO - Started process (PID=844) to work on /home/airflow/.local/lib/python3.7/site-packages/airflow/example_dags/example_kubernetes_executor.py
[2022-02-16 17:00:16,510] {processor.py:642} INFO - Processing file /home/airflow/.local/lib/python3.7/site-packages/airflow/example_dags/example_kubernetes_executor.py for tasks to queue
[2022-02-16 17:00:16,511] {logging_mixin.py:109} INFO - [2022-02-16 17:00:16,510] {dagbag.py:500} INFO - Filling up the DagBag from /home/airflow/.local/lib/python3.7/site-packages/airflow/example_dags/example_kubernetes_executor.py
[2022-02-16 17:00:16,608] {processor.py:654} INFO - DAG(s) dict_keys(['example_kubernetes_executor']) retrieved from /home/airflow/.local/lib/python3.7/site-packages/airflow/example_dags/example_kubernetes_executor.py
[2022-02-16 17:00:16,654] {logging_mixin.py:109} INFO - [2022-02-16 17:00:16,654] {dag.py:2396} INFO - Sync 1 DAGs
[2022-02-16 17:00:16,719] {logging_mixin.py:109} INFO - [2022-02-16 17:00:16,718] {dag.py:2935} INFO - Setting next_dagrun for example_kubernetes_executor to None
[2022-02-16 17:00:16,755] {processor.py:171} INFO - Processing /home/airflow/.local/lib/python3.7/site-packages/airflow/example_dags/example_kubernetes_executor.py took 0.255 seconds
[2022-02-16 17:00:47,637] {processor.py:163} INFO - Started process (PID=1025) to work on /home/airflow/.local/lib/python3.7/site-packages/airflow/example_dags/example_kubernetes_executor.py
[2022-02-16 17:00:47,639] {processor.py:642} INFO - Processing file /home/airflow/.local/lib/python3.7/site-packages/airflow/example_dags/example_kubernetes_executor.py for tasks to queue
[2022-02-16 17:00:47,640] {logging_mixin.py:109} INFO - [2022-02-16 17:00:47,640] {dagbag.py:500} INFO - Filling up the DagBag from /home/airflow/.local/lib/python3.7/site-packages/airflow/example_dags/example_kubernetes_executor.py
[2022-02-16 17:00:47,676] {processor.py:654} INFO - DAG(s) dict_keys(['example_kubernetes_executor']) retrieved from /home/airflow/.local/lib/python3.7/site-packages/airflow/example_dags/example_kubernetes_executor.py
[2022-02-16 17:00:47,690] {logging_mixin.py:109} INFO - [2022-02-16 17:00:47,690] {dag.py:2396} INFO - Sync 1 DAGs
[2022-02-16 17:00:47,707] {logging_mixin.py:109} INFO - [2022-02-16 17:00:47,707] {dag.py:2935} INFO - Setting next_dagrun for example_kubernetes_executor to None
[2022-02-16 17:00:47,718] {processor.py:171} INFO - Processing /home/airflow/.local/lib/python3.7/site-packages/airflow/example_dags/example_kubernetes_executor.py took 0.084 seconds
[2022-02-16 17:01:17,812] {processor.py:163} INFO - Started process (PID=1204) to work on /home/airflow/.local/lib/python3.7/site-packages/airflow/example_dags/example_kubernetes_executor.py
[2022-02-16 17:01:17,813] {processor.py:642} INFO - Processing file /home/airflow/.local/lib/python3.7/site-packages/airflow/example_dags/example_kubernetes_executor.py for tasks to queue
[2022-02-16 17:01:17,814] {logging_mixin.py:109} INFO - [2022-02-16 17:01:17,814] {dagbag.py:500} INFO - Filling up the DagBag from /home/airflow/.local/lib/python3.7/site-packages/airflow/example_dags/example_kubernetes_executor.py
[2022-02-16 17:01:17,850] {processor.py:654} INFO - DAG(s) dict_keys(['example_kubernetes_executor']) retrieved from /home/airflow/.local/lib/python3.7/site-packages/airflow/example_dags/example_kubernetes_executor.py
[2022-02-16 17:01:17,866] {logging_mixin.py:109} INFO - [2022-02-16 17:01:17,866] {dag.py:2396} INFO - Sync 1 DAGs
[2022-02-16 17:01:17,884] {logging_mixin.py:109} INFO - [2022-02-16 17:01:17,884] {dag.py:2935} INFO - Setting next_dagrun for example_kubernetes_executor to None
[2022-02-16 17:01:17,897] {processor.py:171} INFO - Processing /home/airflow/.local/lib/python3.7/site-packages/airflow/example_dags/example_kubernetes_executor.py took 0.090 seconds
[2022-02-16 17:01:48,425] {processor.py:163} INFO - Started process (PID=1385) to work on /home/airflow/.local/lib/python3.7/site-packages/airflow/example_dags/example_kubernetes_executor.py
[2022-02-16 17:01:48,430] {processor.py:642} INFO - Processing file /home/airflow/.local/lib/python3.7/site-packages/airflow/example_dags/example_kubernetes_executor.py for tasks to queue
[2022-02-16 17:01:48,431] {logging_mixin.py:109} INFO - [2022-02-16 17:01:48,431] {dagbag.py:500} INFO - Filling up the DagBag from /home/airflow/.local/lib/python3.7/site-packages/airflow/example_dags/example_kubernetes_executor.py
[2022-02-16 17:01:48,537] {processor.py:654} INFO - DAG(s) dict_keys(['example_kubernetes_executor']) retrieved from /home/airflow/.local/lib/python3.7/site-packages/airflow/example_dags/example_kubernetes_executor.py
[2022-02-16 17:01:48,568] {logging_mixin.py:109} INFO - [2022-02-16 17:01:48,567] {dag.py:2396} INFO - Sync 1 DAGs
[2022-02-16 17:01:48,593] {logging_mixin.py:109} INFO - [2022-02-16 17:01:48,592] {dag.py:2935} INFO - Setting next_dagrun for example_kubernetes_executor to None
[2022-02-16 17:01:48,609] {processor.py:171} INFO - Processing /home/airflow/.local/lib/python3.7/site-packages/airflow/example_dags/example_kubernetes_executor.py took 0.191 seconds
[2022-02-16 17:02:19,423] {processor.py:163} INFO - Started process (PID=1569) to work on /home/airflow/.local/lib/python3.7/site-packages/airflow/example_dags/example_kubernetes_executor.py
[2022-02-16 17:02:19,432] {processor.py:642} INFO - Processing file /home/airflow/.local/lib/python3.7/site-packages/airflow/example_dags/example_kubernetes_executor.py for tasks to queue
[2022-02-16 17:02:19,433] {logging_mixin.py:109} INFO - [2022-02-16 17:02:19,433] {dagbag.py:500} INFO - Filling up the DagBag from /home/airflow/.local/lib/python3.7/site-packages/airflow/example_dags/example_kubernetes_executor.py
[2022-02-16 17:02:19,547] {processor.py:654} INFO - DAG(s) dict_keys(['example_kubernetes_executor']) retrieved from /home/airflow/.local/lib/python3.7/site-packages/airflow/example_dags/example_kubernetes_executor.py
[2022-02-16 17:02:19,578] {logging_mixin.py:109} INFO - [2022-02-16 17:02:19,578] {dag.py:2396} INFO - Sync 1 DAGs
[2022-02-16 17:02:19,646] {logging_mixin.py:109} INFO - [2022-02-16 17:02:19,646] {dag.py:2935} INFO - Setting next_dagrun for example_kubernetes_executor to None
[2022-02-16 17:02:19,671] {processor.py:171} INFO - Processing /home/airflow/.local/lib/python3.7/site-packages/airflow/example_dags/example_kubernetes_executor.py took 0.254 seconds
[2022-02-16 17:02:49,873] {processor.py:163} INFO - Started process (PID=1749) to work on /home/airflow/.local/lib/python3.7/site-packages/airflow/example_dags/example_kubernetes_executor.py
[2022-02-16 17:02:49,875] {processor.py:642} INFO - Processing file /home/airflow/.local/lib/python3.7/site-packages/airflow/example_dags/example_kubernetes_executor.py for tasks to queue
[2022-02-16 17:02:49,875] {logging_mixin.py:109} INFO - [2022-02-16 17:02:49,875] {dagbag.py:500} INFO - Filling up the DagBag from /home/airflow/.local/lib/python3.7/site-packages/airflow/example_dags/example_kubernetes_executor.py
[2022-02-16 17:02:49,911] {processor.py:654} INFO - DAG(s) dict_keys(['example_kubernetes_executor']) retrieved from /home/airflow/.local/lib/python3.7/site-packages/airflow/example_dags/example_kubernetes_executor.py
[2022-02-16 17:02:49,925] {logging_mixin.py:109} INFO - [2022-02-16 17:02:49,924] {dag.py:2396} INFO - Sync 1 DAGs
[2022-02-16 17:02:49,941] {logging_mixin.py:109} INFO - [2022-02-16 17:02:49,941] {dag.py:2935} INFO - Setting next_dagrun for example_kubernetes_executor to None
[2022-02-16 17:02:49,950] {processor.py:171} INFO - Processing /home/airflow/.local/lib/python3.7/site-packages/airflow/example_dags/example_kubernetes_executor.py took 0.080 seconds
[2022-02-16 17:03:20,214] {processor.py:163} INFO - Started process (PID=1935) to work on /home/airflow/.local/lib/python3.7/site-packages/airflow/example_dags/example_kubernetes_executor.py
[2022-02-16 17:03:20,215] {processor.py:642} INFO - Processing file /home/airflow/.local/lib/python3.7/site-packages/airflow/example_dags/example_kubernetes_executor.py for tasks to queue
[2022-02-16 17:03:20,216] {logging_mixin.py:109} INFO - [2022-02-16 17:03:20,216] {dagbag.py:500} INFO - Filling up the DagBag from /home/airflow/.local/lib/python3.7/site-packages/airflow/example_dags/example_kubernetes_executor.py
[2022-02-16 17:03:20,266] {processor.py:654} INFO - DAG(s) dict_keys(['example_kubernetes_executor']) retrieved from /home/airflow/.local/lib/python3.7/site-packages/airflow/example_dags/example_kubernetes_executor.py
[2022-02-16 17:03:20,281] {logging_mixin.py:109} INFO - [2022-02-16 17:03:20,281] {dag.py:2396} INFO - Sync 1 DAGs
[2022-02-16 17:03:20,303] {logging_mixin.py:109} INFO - [2022-02-16 17:03:20,302] {dag.py:2935} INFO - Setting next_dagrun for example_kubernetes_executor to None
[2022-02-16 17:03:20,317] {processor.py:171} INFO - Processing /home/airflow/.local/lib/python3.7/site-packages/airflow/example_dags/example_kubernetes_executor.py took 0.108 seconds
[2022-02-16 17:03:50,585] {processor.py:163} INFO - Started process (PID=2120) to work on /home/airflow/.local/lib/python3.7/site-packages/airflow/example_dags/example_kubernetes_executor.py
[2022-02-16 17:03:50,587] {processor.py:642} INFO - Processing file /home/airflow/.local/lib/python3.7/site-packages/airflow/example_dags/example_kubernetes_executor.py for tasks to queue
[2022-02-16 17:03:50,588] {logging_mixin.py:109} INFO - [2022-02-16 17:03:50,588] {dagbag.py:500} INFO - Filling up the DagBag from /home/airflow/.local/lib/python3.7/site-packages/airflow/example_dags/example_kubernetes_executor.py
[2022-02-16 17:03:50,645] {processor.py:654} INFO - DAG(s) dict_keys(['example_kubernetes_executor']) retrieved from /home/airflow/.local/lib/python3.7/site-packages/airflow/example_dags/example_kubernetes_executor.py
[2022-02-16 17:03:50,673] {logging_mixin.py:109} INFO - [2022-02-16 17:03:50,673] {dag.py:2396} INFO - Sync 1 DAGs
[2022-02-16 17:03:50,705] {logging_mixin.py:109} INFO - [2022-02-16 17:03:50,705] {dag.py:2935} INFO - Setting next_dagrun for example_kubernetes_executor to None
[2022-02-16 17:03:50,738] {processor.py:171} INFO - Processing /home/airflow/.local/lib/python3.7/site-packages/airflow/example_dags/example_kubernetes_executor.py took 0.161 seconds
[2022-02-16 17:04:21,088] {processor.py:163} INFO - Started process (PID=2318) to work on /home/airflow/.local/lib/python3.7/site-packages/airflow/example_dags/example_kubernetes_executor.py
[2022-02-16 17:04:21,092] {processor.py:642} INFO - Processing file /home/airflow/.local/lib/python3.7/site-packages/airflow/example_dags/example_kubernetes_executor.py for tasks to queue
[2022-02-16 17:04:21,097] {logging_mixin.py:109} INFO - [2022-02-16 17:04:21,097] {dagbag.py:500} INFO - Filling up the DagBag from /home/airflow/.local/lib/python3.7/site-packages/airflow/example_dags/example_kubernetes_executor.py
[2022-02-16 17:04:21,198] {processor.py:654} INFO - DAG(s) dict_keys(['example_kubernetes_executor']) retrieved from /home/airflow/.local/lib/python3.7/site-packages/airflow/example_dags/example_kubernetes_executor.py
[2022-02-16 17:04:21,263] {logging_mixin.py:109} INFO - [2022-02-16 17:04:21,263] {dag.py:2396} INFO - Sync 1 DAGs
[2022-02-16 17:04:21,305] {logging_mixin.py:109} INFO - [2022-02-16 17:04:21,305] {dag.py:2935} INFO - Setting next_dagrun for example_kubernetes_executor to None
[2022-02-16 17:04:21,334] {processor.py:171} INFO - Processing /home/airflow/.local/lib/python3.7/site-packages/airflow/example_dags/example_kubernetes_executor.py took 0.250 seconds
[2022-02-16 17:04:51,710] {processor.py:163} INFO - Started process (PID=2499) to work on /home/airflow/.local/lib/python3.7/site-packages/airflow/example_dags/example_kubernetes_executor.py
[2022-02-16 17:04:51,711] {processor.py:642} INFO - Processing file /home/airflow/.local/lib/python3.7/site-packages/airflow/example_dags/example_kubernetes_executor.py for tasks to queue
[2022-02-16 17:04:51,712] {logging_mixin.py:109} INFO - [2022-02-16 17:04:51,712] {dagbag.py:500} INFO - Filling up the DagBag from /home/airflow/.local/lib/python3.7/site-packages/airflow/example_dags/example_kubernetes_executor.py
[2022-02-16 17:04:51,753] {processor.py:654} INFO - DAG(s) dict_keys(['example_kubernetes_executor']) retrieved from /home/airflow/.local/lib/python3.7/site-packages/airflow/example_dags/example_kubernetes_executor.py
[2022-02-16 17:04:51,766] {logging_mixin.py:109} INFO - [2022-02-16 17:04:51,766] {dag.py:2396} INFO - Sync 1 DAGs
[2022-02-16 17:04:51,783] {logging_mixin.py:109} INFO - [2022-02-16 17:04:51,783] {dag.py:2935} INFO - Setting next_dagrun for example_kubernetes_executor to None
[2022-02-16 17:04:51,792] {processor.py:171} INFO - Processing /home/airflow/.local/lib/python3.7/site-packages/airflow/example_dags/example_kubernetes_executor.py took 0.086 seconds
[2022-02-16 17:05:22,511] {processor.py:163} INFO - Started process (PID=2685) to work on /home/airflow/.local/lib/python3.7/site-packages/airflow/example_dags/example_kubernetes_executor.py
[2022-02-16 17:05:22,513] {processor.py:642} INFO - Processing file /home/airflow/.local/lib/python3.7/site-packages/airflow/example_dags/example_kubernetes_executor.py for tasks to queue
[2022-02-16 17:05:22,514] {logging_mixin.py:109} INFO - [2022-02-16 17:05:22,513] {dagbag.py:500} INFO - Filling up the DagBag from /home/airflow/.local/lib/python3.7/site-packages/airflow/example_dags/example_kubernetes_executor.py
[2022-02-16 17:05:22,557] {processor.py:654} INFO - DAG(s) dict_keys(['example_kubernetes_executor']) retrieved from /home/airflow/.local/lib/python3.7/site-packages/airflow/example_dags/example_kubernetes_executor.py
[2022-02-16 17:05:22,572] {logging_mixin.py:109} INFO - [2022-02-16 17:05:22,572] {dag.py:2396} INFO - Sync 1 DAGs
[2022-02-16 17:05:22,591] {logging_mixin.py:109} INFO - [2022-02-16 17:05:22,591] {dag.py:2935} INFO - Setting next_dagrun for example_kubernetes_executor to None
[2022-02-16 17:05:22,607] {processor.py:171} INFO - Processing /home/airflow/.local/lib/python3.7/site-packages/airflow/example_dags/example_kubernetes_executor.py took 0.101 seconds
[2022-02-16 17:05:52,919] {processor.py:163} INFO - Started process (PID=2869) to work on /home/airflow/.local/lib/python3.7/site-packages/airflow/example_dags/example_kubernetes_executor.py
[2022-02-16 17:05:52,921] {processor.py:642} INFO - Processing file /home/airflow/.local/lib/python3.7/site-packages/airflow/example_dags/example_kubernetes_executor.py for tasks to queue
[2022-02-16 17:05:52,922] {logging_mixin.py:109} INFO - [2022-02-16 17:05:52,921] {dagbag.py:500} INFO - Filling up the DagBag from /home/airflow/.local/lib/python3.7/site-packages/airflow/example_dags/example_kubernetes_executor.py
[2022-02-16 17:05:52,965] {processor.py:654} INFO - DAG(s) dict_keys(['example_kubernetes_executor']) retrieved from /home/airflow/.local/lib/python3.7/site-packages/airflow/example_dags/example_kubernetes_executor.py
[2022-02-16 17:05:52,981] {logging_mixin.py:109} INFO - [2022-02-16 17:05:52,981] {dag.py:2396} INFO - Sync 1 DAGs
[2022-02-16 17:05:52,998] {logging_mixin.py:109} INFO - [2022-02-16 17:05:52,998] {dag.py:2935} INFO - Setting next_dagrun for example_kubernetes_executor to None
[2022-02-16 17:05:53,008] {processor.py:171} INFO - Processing /home/airflow/.local/lib/python3.7/site-packages/airflow/example_dags/example_kubernetes_executor.py took 0.093 seconds
[2022-02-16 17:06:23,458] {processor.py:163} INFO - Started process (PID=3061) to work on /home/airflow/.local/lib/python3.7/site-packages/airflow/example_dags/example_kubernetes_executor.py
[2022-02-16 17:06:23,459] {processor.py:642} INFO - Processing file /home/airflow/.local/lib/python3.7/site-packages/airflow/example_dags/example_kubernetes_executor.py for tasks to queue
[2022-02-16 17:06:23,467] {logging_mixin.py:109} INFO - [2022-02-16 17:06:23,467] {dagbag.py:500} INFO - Filling up the DagBag from /home/airflow/.local/lib/python3.7/site-packages/airflow/example_dags/example_kubernetes_executor.py
[2022-02-16 17:06:23,520] {processor.py:654} INFO - DAG(s) dict_keys(['example_kubernetes_executor']) retrieved from /home/airflow/.local/lib/python3.7/site-packages/airflow/example_dags/example_kubernetes_executor.py
[2022-02-16 17:06:23,538] {logging_mixin.py:109} INFO - [2022-02-16 17:06:23,538] {dag.py:2396} INFO - Sync 1 DAGs
[2022-02-16 17:06:23,557] {logging_mixin.py:109} INFO - [2022-02-16 17:06:23,557] {dag.py:2935} INFO - Setting next_dagrun for example_kubernetes_executor to None
[2022-02-16 17:06:23,568] {processor.py:171} INFO - Processing /home/airflow/.local/lib/python3.7/site-packages/airflow/example_dags/example_kubernetes_executor.py took 0.114 seconds
[2022-02-16 17:06:54,310] {processor.py:163} INFO - Started process (PID=3245) to work on /home/airflow/.local/lib/python3.7/site-packages/airflow/example_dags/example_kubernetes_executor.py
[2022-02-16 17:06:54,317] {processor.py:642} INFO - Processing file /home/airflow/.local/lib/python3.7/site-packages/airflow/example_dags/example_kubernetes_executor.py for tasks to queue
[2022-02-16 17:06:54,318] {logging_mixin.py:109} INFO - [2022-02-16 17:06:54,318] {dagbag.py:500} INFO - Filling up the DagBag from /home/airflow/.local/lib/python3.7/site-packages/airflow/example_dags/example_kubernetes_executor.py
[2022-02-16 17:06:54,384] {processor.py:654} INFO - DAG(s) dict_keys(['example_kubernetes_executor']) retrieved from /home/airflow/.local/lib/python3.7/site-packages/airflow/example_dags/example_kubernetes_executor.py
[2022-02-16 17:06:54,402] {logging_mixin.py:109} INFO - [2022-02-16 17:06:54,402] {dag.py:2396} INFO - Sync 1 DAGs
[2022-02-16 17:06:54,423] {logging_mixin.py:109} INFO - [2022-02-16 17:06:54,423] {dag.py:2935} INFO - Setting next_dagrun for example_kubernetes_executor to None
[2022-02-16 17:06:54,436] {processor.py:171} INFO - Processing /home/airflow/.local/lib/python3.7/site-packages/airflow/example_dags/example_kubernetes_executor.py took 0.133 seconds
[2022-02-16 17:07:25,424] {processor.py:163} INFO - Started process (PID=3429) to work on /home/airflow/.local/lib/python3.7/site-packages/airflow/example_dags/example_kubernetes_executor.py
[2022-02-16 17:07:25,426] {processor.py:642} INFO - Processing file /home/airflow/.local/lib/python3.7/site-packages/airflow/example_dags/example_kubernetes_executor.py for tasks to queue
[2022-02-16 17:07:25,427] {logging_mixin.py:109} INFO - [2022-02-16 17:07:25,426] {dagbag.py:500} INFO - Filling up the DagBag from /home/airflow/.local/lib/python3.7/site-packages/airflow/example_dags/example_kubernetes_executor.py
[2022-02-16 17:07:25,476] {processor.py:654} INFO - DAG(s) dict_keys(['example_kubernetes_executor']) retrieved from /home/airflow/.local/lib/python3.7/site-packages/airflow/example_dags/example_kubernetes_executor.py
[2022-02-16 17:07:25,492] {logging_mixin.py:109} INFO - [2022-02-16 17:07:25,492] {dag.py:2396} INFO - Sync 1 DAGs
[2022-02-16 17:07:25,523] {logging_mixin.py:109} INFO - [2022-02-16 17:07:25,523] {dag.py:2935} INFO - Setting next_dagrun for example_kubernetes_executor to None
[2022-02-16 17:07:25,539] {processor.py:171} INFO - Processing /home/airflow/.local/lib/python3.7/site-packages/airflow/example_dags/example_kubernetes_executor.py took 0.119 seconds
[2022-02-16 17:07:56,977] {processor.py:163} INFO - Started process (PID=3623) to work on /home/airflow/.local/lib/python3.7/site-packages/airflow/example_dags/example_kubernetes_executor.py
[2022-02-16 17:07:56,982] {processor.py:642} INFO - Processing file /home/airflow/.local/lib/python3.7/site-packages/airflow/example_dags/example_kubernetes_executor.py for tasks to queue
[2022-02-16 17:07:56,984] {logging_mixin.py:109} INFO - [2022-02-16 17:07:56,984] {dagbag.py:500} INFO - Filling up the DagBag from /home/airflow/.local/lib/python3.7/site-packages/airflow/example_dags/example_kubernetes_executor.py
[2022-02-16 17:07:57,033] {processor.py:654} INFO - DAG(s) dict_keys(['example_kubernetes_executor']) retrieved from /home/airflow/.local/lib/python3.7/site-packages/airflow/example_dags/example_kubernetes_executor.py
[2022-02-16 17:07:57,048] {logging_mixin.py:109} INFO - [2022-02-16 17:07:57,048] {dag.py:2396} INFO - Sync 1 DAGs
[2022-02-16 17:07:57,072] {logging_mixin.py:109} INFO - [2022-02-16 17:07:57,072] {dag.py:2935} INFO - Setting next_dagrun for example_kubernetes_executor to None
[2022-02-16 17:07:57,081] {processor.py:171} INFO - Processing /home/airflow/.local/lib/python3.7/site-packages/airflow/example_dags/example_kubernetes_executor.py took 0.108 seconds
[2022-02-16 17:08:28,183] {processor.py:163} INFO - Started process (PID=3805) to work on /home/airflow/.local/lib/python3.7/site-packages/airflow/example_dags/example_kubernetes_executor.py
[2022-02-16 17:08:28,185] {processor.py:642} INFO - Processing file /home/airflow/.local/lib/python3.7/site-packages/airflow/example_dags/example_kubernetes_executor.py for tasks to queue
[2022-02-16 17:08:28,186] {logging_mixin.py:109} INFO - [2022-02-16 17:08:28,186] {dagbag.py:500} INFO - Filling up the DagBag from /home/airflow/.local/lib/python3.7/site-packages/airflow/example_dags/example_kubernetes_executor.py
[2022-02-16 17:08:28,239] {processor.py:654} INFO - DAG(s) dict_keys(['example_kubernetes_executor']) retrieved from /home/airflow/.local/lib/python3.7/site-packages/airflow/example_dags/example_kubernetes_executor.py
[2022-02-16 17:08:28,265] {logging_mixin.py:109} INFO - [2022-02-16 17:08:28,265] {dag.py:2396} INFO - Sync 1 DAGs
[2022-02-16 17:08:28,285] {logging_mixin.py:109} INFO - [2022-02-16 17:08:28,285] {dag.py:2935} INFO - Setting next_dagrun for example_kubernetes_executor to None
[2022-02-16 17:08:28,297] {processor.py:171} INFO - Processing /home/airflow/.local/lib/python3.7/site-packages/airflow/example_dags/example_kubernetes_executor.py took 0.118 seconds
[2022-02-16 17:08:59,574] {processor.py:163} INFO - Started process (PID=3992) to work on /home/airflow/.local/lib/python3.7/site-packages/airflow/example_dags/example_kubernetes_executor.py
[2022-02-16 17:08:59,577] {processor.py:642} INFO - Processing file /home/airflow/.local/lib/python3.7/site-packages/airflow/example_dags/example_kubernetes_executor.py for tasks to queue
[2022-02-16 17:08:59,577] {logging_mixin.py:109} INFO - [2022-02-16 17:08:59,577] {dagbag.py:500} INFO - Filling up the DagBag from /home/airflow/.local/lib/python3.7/site-packages/airflow/example_dags/example_kubernetes_executor.py
[2022-02-16 17:08:59,624] {processor.py:654} INFO - DAG(s) dict_keys(['example_kubernetes_executor']) retrieved from /home/airflow/.local/lib/python3.7/site-packages/airflow/example_dags/example_kubernetes_executor.py
[2022-02-16 17:08:59,641] {logging_mixin.py:109} INFO - [2022-02-16 17:08:59,640] {dag.py:2396} INFO - Sync 1 DAGs
[2022-02-16 17:08:59,665] {logging_mixin.py:109} INFO - [2022-02-16 17:08:59,665] {dag.py:2935} INFO - Setting next_dagrun for example_kubernetes_executor to None
[2022-02-16 17:08:59,677] {processor.py:171} INFO - Processing /home/airflow/.local/lib/python3.7/site-packages/airflow/example_dags/example_kubernetes_executor.py took 0.108 seconds
[2022-02-16 17:09:30,496] {processor.py:163} INFO - Started process (PID=4173) to work on /home/airflow/.local/lib/python3.7/site-packages/airflow/example_dags/example_kubernetes_executor.py
[2022-02-16 17:09:30,497] {processor.py:642} INFO - Processing file /home/airflow/.local/lib/python3.7/site-packages/airflow/example_dags/example_kubernetes_executor.py for tasks to queue
[2022-02-16 17:09:30,497] {logging_mixin.py:109} INFO - [2022-02-16 17:09:30,497] {dagbag.py:500} INFO - Filling up the DagBag from /home/airflow/.local/lib/python3.7/site-packages/airflow/example_dags/example_kubernetes_executor.py
[2022-02-16 17:09:30,538] {processor.py:654} INFO - DAG(s) dict_keys(['example_kubernetes_executor']) retrieved from /home/airflow/.local/lib/python3.7/site-packages/airflow/example_dags/example_kubernetes_executor.py
[2022-02-16 17:09:30,554] {logging_mixin.py:109} INFO - [2022-02-16 17:09:30,554] {dag.py:2396} INFO - Sync 1 DAGs
[2022-02-16 17:09:30,573] {logging_mixin.py:109} INFO - [2022-02-16 17:09:30,573] {dag.py:2935} INFO - Setting next_dagrun for example_kubernetes_executor to None
[2022-02-16 17:09:30,582] {processor.py:171} INFO - Processing /home/airflow/.local/lib/python3.7/site-packages/airflow/example_dags/example_kubernetes_executor.py took 0.095 seconds
[2022-02-16 17:10:01,425] {processor.py:163} INFO - Started process (PID=4368) to work on /home/airflow/.local/lib/python3.7/site-packages/airflow/example_dags/example_kubernetes_executor.py
[2022-02-16 17:10:01,429] {processor.py:642} INFO - Processing file /home/airflow/.local/lib/python3.7/site-packages/airflow/example_dags/example_kubernetes_executor.py for tasks to queue
[2022-02-16 17:10:01,431] {logging_mixin.py:109} INFO - [2022-02-16 17:10:01,431] {dagbag.py:500} INFO - Filling up the DagBag from /home/airflow/.local/lib/python3.7/site-packages/airflow/example_dags/example_kubernetes_executor.py
[2022-02-16 17:10:01,517] {processor.py:654} INFO - DAG(s) dict_keys(['example_kubernetes_executor']) retrieved from /home/airflow/.local/lib/python3.7/site-packages/airflow/example_dags/example_kubernetes_executor.py
[2022-02-16 17:10:01,532] {logging_mixin.py:109} INFO - [2022-02-16 17:10:01,532] {dag.py:2396} INFO - Sync 1 DAGs
[2022-02-16 17:10:01,550] {logging_mixin.py:109} INFO - [2022-02-16 17:10:01,550] {dag.py:2935} INFO - Setting next_dagrun for example_kubernetes_executor to None
[2022-02-16 17:10:01,559] {processor.py:171} INFO - Processing /home/airflow/.local/lib/python3.7/site-packages/airflow/example_dags/example_kubernetes_executor.py took 0.138 seconds
[2022-02-16 17:10:32,666] {processor.py:163} INFO - Started process (PID=4554) to work on /home/airflow/.local/lib/python3.7/site-packages/airflow/example_dags/example_kubernetes_executor.py
[2022-02-16 17:10:32,667] {processor.py:642} INFO - Processing file /home/airflow/.local/lib/python3.7/site-packages/airflow/example_dags/example_kubernetes_executor.py for tasks to queue
[2022-02-16 17:10:32,668] {logging_mixin.py:109} INFO - [2022-02-16 17:10:32,668] {dagbag.py:500} INFO - Filling up the DagBag from /home/airflow/.local/lib/python3.7/site-packages/airflow/example_dags/example_kubernetes_executor.py
[2022-02-16 17:10:32,711] {processor.py:654} INFO - DAG(s) dict_keys(['example_kubernetes_executor']) retrieved from /home/airflow/.local/lib/python3.7/site-packages/airflow/example_dags/example_kubernetes_executor.py
[2022-02-16 17:10:32,729] {logging_mixin.py:109} INFO - [2022-02-16 17:10:32,729] {dag.py:2396} INFO - Sync 1 DAGs
[2022-02-16 17:10:32,748] {logging_mixin.py:109} INFO - [2022-02-16 17:10:32,748] {dag.py:2935} INFO - Setting next_dagrun for example_kubernetes_executor to None
[2022-02-16 17:10:32,763] {processor.py:171} INFO - Processing /home/airflow/.local/lib/python3.7/site-packages/airflow/example_dags/example_kubernetes_executor.py took 0.103 seconds
[2022-02-16 17:11:03,648] {processor.py:163} INFO - Started process (PID=4737) to work on /home/airflow/.local/lib/python3.7/site-packages/airflow/example_dags/example_kubernetes_executor.py
[2022-02-16 17:11:03,649] {processor.py:642} INFO - Processing file /home/airflow/.local/lib/python3.7/site-packages/airflow/example_dags/example_kubernetes_executor.py for tasks to queue
[2022-02-16 17:11:03,650] {logging_mixin.py:109} INFO - [2022-02-16 17:11:03,650] {dagbag.py:500} INFO - Filling up the DagBag from /home/airflow/.local/lib/python3.7/site-packages/airflow/example_dags/example_kubernetes_executor.py
[2022-02-16 17:11:03,825] {processor.py:654} INFO - DAG(s) dict_keys(['example_kubernetes_executor']) retrieved from /home/airflow/.local/lib/python3.7/site-packages/airflow/example_dags/example_kubernetes_executor.py
[2022-02-16 17:11:03,941] {logging_mixin.py:109} INFO - [2022-02-16 17:11:03,941] {dag.py:2396} INFO - Sync 1 DAGs
[2022-02-16 17:11:04,043] {logging_mixin.py:109} INFO - [2022-02-16 17:11:04,043] {dag.py:2935} INFO - Setting next_dagrun for example_kubernetes_executor to None
[2022-02-16 17:11:04,076] {processor.py:171} INFO - Processing /home/airflow/.local/lib/python3.7/site-packages/airflow/example_dags/example_kubernetes_executor.py took 0.432 seconds
[2022-02-16 17:11:35,136] {processor.py:163} INFO - Started process (PID=4929) to work on /home/airflow/.local/lib/python3.7/site-packages/airflow/example_dags/example_kubernetes_executor.py
[2022-02-16 17:11:35,138] {processor.py:642} INFO - Processing file /home/airflow/.local/lib/python3.7/site-packages/airflow/example_dags/example_kubernetes_executor.py for tasks to queue
[2022-02-16 17:11:35,138] {logging_mixin.py:109} INFO - [2022-02-16 17:11:35,138] {dagbag.py:500} INFO - Filling up the DagBag from /home/airflow/.local/lib/python3.7/site-packages/airflow/example_dags/example_kubernetes_executor.py
[2022-02-16 17:11:35,215] {processor.py:654} INFO - DAG(s) dict_keys(['example_kubernetes_executor']) retrieved from /home/airflow/.local/lib/python3.7/site-packages/airflow/example_dags/example_kubernetes_executor.py
[2022-02-16 17:11:35,259] {logging_mixin.py:109} INFO - [2022-02-16 17:11:35,258] {dag.py:2396} INFO - Sync 1 DAGs
[2022-02-16 17:11:35,299] {logging_mixin.py:109} INFO - [2022-02-16 17:11:35,299] {dag.py:2935} INFO - Setting next_dagrun for example_kubernetes_executor to None
[2022-02-16 17:11:35,321] {processor.py:171} INFO - Processing /home/airflow/.local/lib/python3.7/site-packages/airflow/example_dags/example_kubernetes_executor.py took 0.191 seconds
[2022-02-16 17:12:06,120] {processor.py:163} INFO - Started process (PID=5121) to work on /home/airflow/.local/lib/python3.7/site-packages/airflow/example_dags/example_kubernetes_executor.py
[2022-02-16 17:12:06,122] {processor.py:642} INFO - Processing file /home/airflow/.local/lib/python3.7/site-packages/airflow/example_dags/example_kubernetes_executor.py for tasks to queue
[2022-02-16 17:12:06,123] {logging_mixin.py:109} INFO - [2022-02-16 17:12:06,123] {dagbag.py:500} INFO - Filling up the DagBag from /home/airflow/.local/lib/python3.7/site-packages/airflow/example_dags/example_kubernetes_executor.py
[2022-02-16 17:12:06,166] {processor.py:654} INFO - DAG(s) dict_keys(['example_kubernetes_executor']) retrieved from /home/airflow/.local/lib/python3.7/site-packages/airflow/example_dags/example_kubernetes_executor.py
[2022-02-16 17:12:06,179] {logging_mixin.py:109} INFO - [2022-02-16 17:12:06,179] {dag.py:2396} INFO - Sync 1 DAGs
[2022-02-16 17:12:06,199] {logging_mixin.py:109} INFO - [2022-02-16 17:12:06,198] {dag.py:2935} INFO - Setting next_dagrun for example_kubernetes_executor to None
[2022-02-16 17:12:06,217] {processor.py:171} INFO - Processing /home/airflow/.local/lib/python3.7/site-packages/airflow/example_dags/example_kubernetes_executor.py took 0.100 seconds
[2022-02-16 17:12:36,879] {processor.py:163} INFO - Started process (PID=5307) to work on /home/airflow/.local/lib/python3.7/site-packages/airflow/example_dags/example_kubernetes_executor.py
[2022-02-16 17:12:36,881] {processor.py:642} INFO - Processing file /home/airflow/.local/lib/python3.7/site-packages/airflow/example_dags/example_kubernetes_executor.py for tasks to queue
[2022-02-16 17:12:36,882] {logging_mixin.py:109} INFO - [2022-02-16 17:12:36,881] {dagbag.py:500} INFO - Filling up the DagBag from /home/airflow/.local/lib/python3.7/site-packages/airflow/example_dags/example_kubernetes_executor.py
[2022-02-16 17:12:36,921] {processor.py:654} INFO - DAG(s) dict_keys(['example_kubernetes_executor']) retrieved from /home/airflow/.local/lib/python3.7/site-packages/airflow/example_dags/example_kubernetes_executor.py
[2022-02-16 17:12:36,938] {logging_mixin.py:109} INFO - [2022-02-16 17:12:36,938] {dag.py:2396} INFO - Sync 1 DAGs
[2022-02-16 17:12:36,961] {logging_mixin.py:109} INFO - [2022-02-16 17:12:36,960] {dag.py:2935} INFO - Setting next_dagrun for example_kubernetes_executor to None
[2022-02-16 17:12:36,971] {processor.py:171} INFO - Processing /home/airflow/.local/lib/python3.7/site-packages/airflow/example_dags/example_kubernetes_executor.py took 0.096 seconds
[2022-02-16 17:13:08,383] {processor.py:163} INFO - Started process (PID=5503) to work on /home/airflow/.local/lib/python3.7/site-packages/airflow/example_dags/example_kubernetes_executor.py
[2022-02-16 17:13:08,386] {processor.py:642} INFO - Processing file /home/airflow/.local/lib/python3.7/site-packages/airflow/example_dags/example_kubernetes_executor.py for tasks to queue
[2022-02-16 17:13:08,387] {logging_mixin.py:109} INFO - [2022-02-16 17:13:08,387] {dagbag.py:500} INFO - Filling up the DagBag from /home/airflow/.local/lib/python3.7/site-packages/airflow/example_dags/example_kubernetes_executor.py
[2022-02-16 17:13:08,457] {processor.py:654} INFO - DAG(s) dict_keys(['example_kubernetes_executor']) retrieved from /home/airflow/.local/lib/python3.7/site-packages/airflow/example_dags/example_kubernetes_executor.py
[2022-02-16 17:13:08,476] {logging_mixin.py:109} INFO - [2022-02-16 17:13:08,476] {dag.py:2396} INFO - Sync 1 DAGs
[2022-02-16 17:13:08,500] {logging_mixin.py:109} INFO - [2022-02-16 17:13:08,500] {dag.py:2935} INFO - Setting next_dagrun for example_kubernetes_executor to None
[2022-02-16 17:13:08,513] {processor.py:171} INFO - Processing /home/airflow/.local/lib/python3.7/site-packages/airflow/example_dags/example_kubernetes_executor.py took 0.136 seconds
[2022-02-16 17:13:39,757] {processor.py:163} INFO - Started process (PID=5702) to work on /home/airflow/.local/lib/python3.7/site-packages/airflow/example_dags/example_kubernetes_executor.py
[2022-02-16 17:13:39,766] {processor.py:642} INFO - Processing file /home/airflow/.local/lib/python3.7/site-packages/airflow/example_dags/example_kubernetes_executor.py for tasks to queue
[2022-02-16 17:13:39,768] {logging_mixin.py:109} INFO - [2022-02-16 17:13:39,768] {dagbag.py:500} INFO - Filling up the DagBag from /home/airflow/.local/lib/python3.7/site-packages/airflow/example_dags/example_kubernetes_executor.py
[2022-02-16 17:13:39,821] {processor.py:654} INFO - DAG(s) dict_keys(['example_kubernetes_executor']) retrieved from /home/airflow/.local/lib/python3.7/site-packages/airflow/example_dags/example_kubernetes_executor.py
[2022-02-16 17:13:39,841] {logging_mixin.py:109} INFO - [2022-02-16 17:13:39,841] {dag.py:2396} INFO - Sync 1 DAGs
[2022-02-16 17:13:39,864] {logging_mixin.py:109} INFO - [2022-02-16 17:13:39,864] {dag.py:2935} INFO - Setting next_dagrun for example_kubernetes_executor to None
[2022-02-16 17:13:39,880] {processor.py:171} INFO - Processing /home/airflow/.local/lib/python3.7/site-packages/airflow/example_dags/example_kubernetes_executor.py took 0.128 seconds
[2022-02-16 17:14:10,302] {processor.py:163} INFO - Started process (PID=5903) to work on /home/airflow/.local/lib/python3.7/site-packages/airflow/example_dags/example_kubernetes_executor.py
[2022-02-16 17:14:10,303] {processor.py:642} INFO - Processing file /home/airflow/.local/lib/python3.7/site-packages/airflow/example_dags/example_kubernetes_executor.py for tasks to queue
[2022-02-16 17:14:10,304] {logging_mixin.py:109} INFO - [2022-02-16 17:14:10,304] {dagbag.py:500} INFO - Filling up the DagBag from /home/airflow/.local/lib/python3.7/site-packages/airflow/example_dags/example_kubernetes_executor.py
[2022-02-16 17:14:10,350] {processor.py:654} INFO - DAG(s) dict_keys(['example_kubernetes_executor']) retrieved from /home/airflow/.local/lib/python3.7/site-packages/airflow/example_dags/example_kubernetes_executor.py
[2022-02-16 17:14:10,368] {logging_mixin.py:109} INFO - [2022-02-16 17:14:10,368] {dag.py:2396} INFO - Sync 1 DAGs
[2022-02-16 17:14:10,416] {logging_mixin.py:109} INFO - [2022-02-16 17:14:10,416] {dag.py:2935} INFO - Setting next_dagrun for example_kubernetes_executor to None
[2022-02-16 17:14:10,440] {processor.py:171} INFO - Processing /home/airflow/.local/lib/python3.7/site-packages/airflow/example_dags/example_kubernetes_executor.py took 0.142 seconds
[2022-02-16 17:14:41,585] {processor.py:163} INFO - Started process (PID=6097) to work on /home/airflow/.local/lib/python3.7/site-packages/airflow/example_dags/example_kubernetes_executor.py
[2022-02-16 17:14:41,587] {processor.py:642} INFO - Processing file /home/airflow/.local/lib/python3.7/site-packages/airflow/example_dags/example_kubernetes_executor.py for tasks to queue
[2022-02-16 17:14:41,588] {logging_mixin.py:109} INFO - [2022-02-16 17:14:41,587] {dagbag.py:500} INFO - Filling up the DagBag from /home/airflow/.local/lib/python3.7/site-packages/airflow/example_dags/example_kubernetes_executor.py
[2022-02-16 17:14:41,626] {processor.py:654} INFO - DAG(s) dict_keys(['example_kubernetes_executor']) retrieved from /home/airflow/.local/lib/python3.7/site-packages/airflow/example_dags/example_kubernetes_executor.py
[2022-02-16 17:14:41,640] {logging_mixin.py:109} INFO - [2022-02-16 17:14:41,640] {dag.py:2396} INFO - Sync 1 DAGs
[2022-02-16 17:14:41,658] {logging_mixin.py:109} INFO - [2022-02-16 17:14:41,658] {dag.py:2935} INFO - Setting next_dagrun for example_kubernetes_executor to None
[2022-02-16 17:14:41,667] {processor.py:171} INFO - Processing /home/airflow/.local/lib/python3.7/site-packages/airflow/example_dags/example_kubernetes_executor.py took 0.086 seconds
[2022-02-16 17:15:12,223] {processor.py:163} INFO - Started process (PID=6300) to work on /home/airflow/.local/lib/python3.7/site-packages/airflow/example_dags/example_kubernetes_executor.py
[2022-02-16 17:15:12,224] {processor.py:642} INFO - Processing file /home/airflow/.local/lib/python3.7/site-packages/airflow/example_dags/example_kubernetes_executor.py for tasks to queue
[2022-02-16 17:15:12,225] {logging_mixin.py:109} INFO - [2022-02-16 17:15:12,224] {dagbag.py:500} INFO - Filling up the DagBag from /home/airflow/.local/lib/python3.7/site-packages/airflow/example_dags/example_kubernetes_executor.py
[2022-02-16 17:15:12,375] {processor.py:654} INFO - DAG(s) dict_keys(['example_kubernetes_executor']) retrieved from /home/airflow/.local/lib/python3.7/site-packages/airflow/example_dags/example_kubernetes_executor.py
[2022-02-16 17:15:12,468] {logging_mixin.py:109} INFO - [2022-02-16 17:15:12,467] {dag.py:2396} INFO - Sync 1 DAGs
[2022-02-16 17:15:12,527] {logging_mixin.py:109} INFO - [2022-02-16 17:15:12,527] {dag.py:2935} INFO - Setting next_dagrun for example_kubernetes_executor to None
[2022-02-16 17:15:12,555] {processor.py:171} INFO - Processing /home/airflow/.local/lib/python3.7/site-packages/airflow/example_dags/example_kubernetes_executor.py took 0.353 seconds
[2022-02-16 17:15:43,188] {processor.py:163} INFO - Started process (PID=6495) to work on /home/airflow/.local/lib/python3.7/site-packages/airflow/example_dags/example_kubernetes_executor.py
[2022-02-16 17:15:43,191] {processor.py:642} INFO - Processing file /home/airflow/.local/lib/python3.7/site-packages/airflow/example_dags/example_kubernetes_executor.py for tasks to queue
[2022-02-16 17:15:43,192] {logging_mixin.py:109} INFO - [2022-02-16 17:15:43,192] {dagbag.py:500} INFO - Filling up the DagBag from /home/airflow/.local/lib/python3.7/site-packages/airflow/example_dags/example_kubernetes_executor.py
[2022-02-16 17:15:43,232] {processor.py:654} INFO - DAG(s) dict_keys(['example_kubernetes_executor']) retrieved from /home/airflow/.local/lib/python3.7/site-packages/airflow/example_dags/example_kubernetes_executor.py
[2022-02-16 17:15:43,247] {logging_mixin.py:109} INFO - [2022-02-16 17:15:43,247] {dag.py:2396} INFO - Sync 1 DAGs
[2022-02-16 17:15:43,268] {logging_mixin.py:109} INFO - [2022-02-16 17:15:43,268] {dag.py:2935} INFO - Setting next_dagrun for example_kubernetes_executor to None
[2022-02-16 17:15:43,282] {processor.py:171} INFO - Processing /home/airflow/.local/lib/python3.7/site-packages/airflow/example_dags/example_kubernetes_executor.py took 0.098 seconds
[2022-02-16 17:16:13,983] {processor.py:163} INFO - Started process (PID=6682) to work on /home/airflow/.local/lib/python3.7/site-packages/airflow/example_dags/example_kubernetes_executor.py
[2022-02-16 17:16:13,984] {processor.py:642} INFO - Processing file /home/airflow/.local/lib/python3.7/site-packages/airflow/example_dags/example_kubernetes_executor.py for tasks to queue
[2022-02-16 17:16:13,984] {logging_mixin.py:109} INFO - [2022-02-16 17:16:13,984] {dagbag.py:500} INFO - Filling up the DagBag from /home/airflow/.local/lib/python3.7/site-packages/airflow/example_dags/example_kubernetes_executor.py
[2022-02-16 17:16:14,020] {processor.py:654} INFO - DAG(s) dict_keys(['example_kubernetes_executor']) retrieved from /home/airflow/.local/lib/python3.7/site-packages/airflow/example_dags/example_kubernetes_executor.py
[2022-02-16 17:16:14,034] {logging_mixin.py:109} INFO - [2022-02-16 17:16:14,034] {dag.py:2396} INFO - Sync 1 DAGs
[2022-02-16 17:16:14,050] {logging_mixin.py:109} INFO - [2022-02-16 17:16:14,050] {dag.py:2935} INFO - Setting next_dagrun for example_kubernetes_executor to None
[2022-02-16 17:16:14,059] {processor.py:171} INFO - Processing /home/airflow/.local/lib/python3.7/site-packages/airflow/example_dags/example_kubernetes_executor.py took 0.080 seconds
[2022-02-16 17:16:44,705] {processor.py:163} INFO - Started process (PID=6883) to work on /home/airflow/.local/lib/python3.7/site-packages/airflow/example_dags/example_kubernetes_executor.py
[2022-02-16 17:16:44,707] {processor.py:642} INFO - Processing file /home/airflow/.local/lib/python3.7/site-packages/airflow/example_dags/example_kubernetes_executor.py for tasks to queue
[2022-02-16 17:16:44,707] {logging_mixin.py:109} INFO - [2022-02-16 17:16:44,707] {dagbag.py:500} INFO - Filling up the DagBag from /home/airflow/.local/lib/python3.7/site-packages/airflow/example_dags/example_kubernetes_executor.py
[2022-02-16 17:16:44,746] {processor.py:654} INFO - DAG(s) dict_keys(['example_kubernetes_executor']) retrieved from /home/airflow/.local/lib/python3.7/site-packages/airflow/example_dags/example_kubernetes_executor.py
[2022-02-16 17:16:44,761] {logging_mixin.py:109} INFO - [2022-02-16 17:16:44,761] {dag.py:2396} INFO - Sync 1 DAGs
[2022-02-16 17:16:44,778] {logging_mixin.py:109} INFO - [2022-02-16 17:16:44,778] {dag.py:2935} INFO - Setting next_dagrun for example_kubernetes_executor to None
[2022-02-16 17:16:44,787] {processor.py:171} INFO - Processing /home/airflow/.local/lib/python3.7/site-packages/airflow/example_dags/example_kubernetes_executor.py took 0.086 seconds
[2022-02-16 17:17:15,179] {processor.py:163} INFO - Started process (PID=7073) to work on /home/airflow/.local/lib/python3.7/site-packages/airflow/example_dags/example_kubernetes_executor.py
[2022-02-16 17:17:15,180] {processor.py:642} INFO - Processing file /home/airflow/.local/lib/python3.7/site-packages/airflow/example_dags/example_kubernetes_executor.py for tasks to queue
[2022-02-16 17:17:15,181] {logging_mixin.py:109} INFO - [2022-02-16 17:17:15,181] {dagbag.py:500} INFO - Filling up the DagBag from /home/airflow/.local/lib/python3.7/site-packages/airflow/example_dags/example_kubernetes_executor.py
[2022-02-16 17:17:15,233] {processor.py:654} INFO - DAG(s) dict_keys(['example_kubernetes_executor']) retrieved from /home/airflow/.local/lib/python3.7/site-packages/airflow/example_dags/example_kubernetes_executor.py
[2022-02-16 17:17:15,254] {logging_mixin.py:109} INFO - [2022-02-16 17:17:15,254] {dag.py:2396} INFO - Sync 1 DAGs
[2022-02-16 17:17:15,286] {logging_mixin.py:109} INFO - [2022-02-16 17:17:15,286] {dag.py:2935} INFO - Setting next_dagrun for example_kubernetes_executor to None
[2022-02-16 17:17:15,297] {processor.py:171} INFO - Processing /home/airflow/.local/lib/python3.7/site-packages/airflow/example_dags/example_kubernetes_executor.py took 0.122 seconds
[2022-02-16 17:17:45,449] {processor.py:163} INFO - Started process (PID=7263) to work on /home/airflow/.local/lib/python3.7/site-packages/airflow/example_dags/example_kubernetes_executor.py
[2022-02-16 17:17:45,451] {processor.py:642} INFO - Processing file /home/airflow/.local/lib/python3.7/site-packages/airflow/example_dags/example_kubernetes_executor.py for tasks to queue
[2022-02-16 17:17:45,452] {logging_mixin.py:109} INFO - [2022-02-16 17:17:45,452] {dagbag.py:500} INFO - Filling up the DagBag from /home/airflow/.local/lib/python3.7/site-packages/airflow/example_dags/example_kubernetes_executor.py
[2022-02-16 17:17:45,503] {processor.py:654} INFO - DAG(s) dict_keys(['example_kubernetes_executor']) retrieved from /home/airflow/.local/lib/python3.7/site-packages/airflow/example_dags/example_kubernetes_executor.py
[2022-02-16 17:17:45,520] {logging_mixin.py:109} INFO - [2022-02-16 17:17:45,519] {dag.py:2396} INFO - Sync 1 DAGs
[2022-02-16 17:17:45,538] {logging_mixin.py:109} INFO - [2022-02-16 17:17:45,538] {dag.py:2935} INFO - Setting next_dagrun for example_kubernetes_executor to None
[2022-02-16 17:17:45,547] {processor.py:171} INFO - Processing /home/airflow/.local/lib/python3.7/site-packages/airflow/example_dags/example_kubernetes_executor.py took 0.103 seconds
[2022-02-16 17:18:16,328] {processor.py:163} INFO - Started process (PID=7461) to work on /home/airflow/.local/lib/python3.7/site-packages/airflow/example_dags/example_kubernetes_executor.py
[2022-02-16 17:18:16,330] {processor.py:642} INFO - Processing file /home/airflow/.local/lib/python3.7/site-packages/airflow/example_dags/example_kubernetes_executor.py for tasks to queue
[2022-02-16 17:18:16,331] {logging_mixin.py:109} INFO - [2022-02-16 17:18:16,331] {dagbag.py:500} INFO - Filling up the DagBag from /home/airflow/.local/lib/python3.7/site-packages/airflow/example_dags/example_kubernetes_executor.py
[2022-02-16 17:18:16,399] {processor.py:654} INFO - DAG(s) dict_keys(['example_kubernetes_executor']) retrieved from /home/airflow/.local/lib/python3.7/site-packages/airflow/example_dags/example_kubernetes_executor.py
[2022-02-16 17:18:16,422] {logging_mixin.py:109} INFO - [2022-02-16 17:18:16,422] {dag.py:2396} INFO - Sync 1 DAGs
[2022-02-16 17:18:16,453] {logging_mixin.py:109} INFO - [2022-02-16 17:18:16,453] {dag.py:2935} INFO - Setting next_dagrun for example_kubernetes_executor to None
[2022-02-16 17:18:16,465] {processor.py:171} INFO - Processing /home/airflow/.local/lib/python3.7/site-packages/airflow/example_dags/example_kubernetes_executor.py took 0.141 seconds
[2022-02-16 17:18:46,560] {processor.py:163} INFO - Started process (PID=7660) to work on /home/airflow/.local/lib/python3.7/site-packages/airflow/example_dags/example_kubernetes_executor.py
[2022-02-16 17:18:46,562] {processor.py:642} INFO - Processing file /home/airflow/.local/lib/python3.7/site-packages/airflow/example_dags/example_kubernetes_executor.py for tasks to queue
[2022-02-16 17:18:46,563] {logging_mixin.py:109} INFO - [2022-02-16 17:18:46,563] {dagbag.py:500} INFO - Filling up the DagBag from /home/airflow/.local/lib/python3.7/site-packages/airflow/example_dags/example_kubernetes_executor.py
[2022-02-16 17:18:46,675] {processor.py:654} INFO - DAG(s) dict_keys(['example_kubernetes_executor']) retrieved from /home/airflow/.local/lib/python3.7/site-packages/airflow/example_dags/example_kubernetes_executor.py
[2022-02-16 17:18:46,707] {logging_mixin.py:109} INFO - [2022-02-16 17:18:46,707] {dag.py:2396} INFO - Sync 1 DAGs
[2022-02-16 17:18:46,744] {logging_mixin.py:109} INFO - [2022-02-16 17:18:46,744] {dag.py:2935} INFO - Setting next_dagrun for example_kubernetes_executor to None
[2022-02-16 17:18:46,765] {processor.py:171} INFO - Processing /home/airflow/.local/lib/python3.7/site-packages/airflow/example_dags/example_kubernetes_executor.py took 0.209 seconds
[2022-02-16 17:19:16,826] {processor.py:163} INFO - Started process (PID=7850) to work on /home/airflow/.local/lib/python3.7/site-packages/airflow/example_dags/example_kubernetes_executor.py
[2022-02-16 17:19:16,828] {processor.py:642} INFO - Processing file /home/airflow/.local/lib/python3.7/site-packages/airflow/example_dags/example_kubernetes_executor.py for tasks to queue
[2022-02-16 17:19:16,829] {logging_mixin.py:109} INFO - [2022-02-16 17:19:16,828] {dagbag.py:500} INFO - Filling up the DagBag from /home/airflow/.local/lib/python3.7/site-packages/airflow/example_dags/example_kubernetes_executor.py
[2022-02-16 17:19:16,867] {processor.py:654} INFO - DAG(s) dict_keys(['example_kubernetes_executor']) retrieved from /home/airflow/.local/lib/python3.7/site-packages/airflow/example_dags/example_kubernetes_executor.py
[2022-02-16 17:19:16,882] {logging_mixin.py:109} INFO - [2022-02-16 17:19:16,882] {dag.py:2396} INFO - Sync 1 DAGs
[2022-02-16 17:19:16,898] {logging_mixin.py:109} INFO - [2022-02-16 17:19:16,898] {dag.py:2935} INFO - Setting next_dagrun for example_kubernetes_executor to None
[2022-02-16 17:19:16,908] {processor.py:171} INFO - Processing /home/airflow/.local/lib/python3.7/site-packages/airflow/example_dags/example_kubernetes_executor.py took 0.087 seconds
[2022-02-16 17:19:47,047] {processor.py:163} INFO - Started process (PID=8049) to work on /home/airflow/.local/lib/python3.7/site-packages/airflow/example_dags/example_kubernetes_executor.py
[2022-02-16 17:19:47,049] {processor.py:642} INFO - Processing file /home/airflow/.local/lib/python3.7/site-packages/airflow/example_dags/example_kubernetes_executor.py for tasks to queue
[2022-02-16 17:19:47,050] {logging_mixin.py:109} INFO - [2022-02-16 17:19:47,050] {dagbag.py:500} INFO - Filling up the DagBag from /home/airflow/.local/lib/python3.7/site-packages/airflow/example_dags/example_kubernetes_executor.py
[2022-02-16 17:19:47,095] {processor.py:654} INFO - DAG(s) dict_keys(['example_kubernetes_executor']) retrieved from /home/airflow/.local/lib/python3.7/site-packages/airflow/example_dags/example_kubernetes_executor.py
[2022-02-16 17:19:47,112] {logging_mixin.py:109} INFO - [2022-02-16 17:19:47,112] {dag.py:2396} INFO - Sync 1 DAGs
[2022-02-16 17:19:47,132] {logging_mixin.py:109} INFO - [2022-02-16 17:19:47,132] {dag.py:2935} INFO - Setting next_dagrun for example_kubernetes_executor to None
[2022-02-16 17:19:47,147] {processor.py:171} INFO - Processing /home/airflow/.local/lib/python3.7/site-packages/airflow/example_dags/example_kubernetes_executor.py took 0.105 seconds
[2022-02-16 17:20:17,313] {processor.py:163} INFO - Started process (PID=8242) to work on /home/airflow/.local/lib/python3.7/site-packages/airflow/example_dags/example_kubernetes_executor.py
[2022-02-16 17:20:17,315] {processor.py:642} INFO - Processing file /home/airflow/.local/lib/python3.7/site-packages/airflow/example_dags/example_kubernetes_executor.py for tasks to queue
[2022-02-16 17:20:17,317] {logging_mixin.py:109} INFO - [2022-02-16 17:20:17,316] {dagbag.py:500} INFO - Filling up the DagBag from /home/airflow/.local/lib/python3.7/site-packages/airflow/example_dags/example_kubernetes_executor.py
[2022-02-16 17:20:17,360] {processor.py:654} INFO - DAG(s) dict_keys(['example_kubernetes_executor']) retrieved from /home/airflow/.local/lib/python3.7/site-packages/airflow/example_dags/example_kubernetes_executor.py
[2022-02-16 17:20:17,375] {logging_mixin.py:109} INFO - [2022-02-16 17:20:17,375] {dag.py:2396} INFO - Sync 1 DAGs
[2022-02-16 17:20:17,396] {logging_mixin.py:109} INFO - [2022-02-16 17:20:17,396] {dag.py:2935} INFO - Setting next_dagrun for example_kubernetes_executor to None
[2022-02-16 17:20:17,408] {processor.py:171} INFO - Processing /home/airflow/.local/lib/python3.7/site-packages/airflow/example_dags/example_kubernetes_executor.py took 0.100 seconds
[2022-02-16 17:20:47,672] {processor.py:163} INFO - Started process (PID=8447) to work on /home/airflow/.local/lib/python3.7/site-packages/airflow/example_dags/example_kubernetes_executor.py
[2022-02-16 17:20:47,673] {processor.py:642} INFO - Processing file /home/airflow/.local/lib/python3.7/site-packages/airflow/example_dags/example_kubernetes_executor.py for tasks to queue
[2022-02-16 17:20:47,674] {logging_mixin.py:109} INFO - [2022-02-16 17:20:47,674] {dagbag.py:500} INFO - Filling up the DagBag from /home/airflow/.local/lib/python3.7/site-packages/airflow/example_dags/example_kubernetes_executor.py
[2022-02-16 17:20:47,713] {processor.py:654} INFO - DAG(s) dict_keys(['example_kubernetes_executor']) retrieved from /home/airflow/.local/lib/python3.7/site-packages/airflow/example_dags/example_kubernetes_executor.py
[2022-02-16 17:20:47,728] {logging_mixin.py:109} INFO - [2022-02-16 17:20:47,727] {dag.py:2396} INFO - Sync 1 DAGs
[2022-02-16 17:20:47,750] {logging_mixin.py:109} INFO - [2022-02-16 17:20:47,750] {dag.py:2935} INFO - Setting next_dagrun for example_kubernetes_executor to None
[2022-02-16 17:20:47,763] {processor.py:171} INFO - Processing /home/airflow/.local/lib/python3.7/site-packages/airflow/example_dags/example_kubernetes_executor.py took 0.095 seconds
[2022-02-16 17:21:17,835] {processor.py:163} INFO - Started process (PID=8640) to work on /home/airflow/.local/lib/python3.7/site-packages/airflow/example_dags/example_kubernetes_executor.py
[2022-02-16 17:21:17,836] {processor.py:642} INFO - Processing file /home/airflow/.local/lib/python3.7/site-packages/airflow/example_dags/example_kubernetes_executor.py for tasks to queue
[2022-02-16 17:21:17,837] {logging_mixin.py:109} INFO - [2022-02-16 17:21:17,837] {dagbag.py:500} INFO - Filling up the DagBag from /home/airflow/.local/lib/python3.7/site-packages/airflow/example_dags/example_kubernetes_executor.py
[2022-02-16 17:21:17,879] {processor.py:654} INFO - DAG(s) dict_keys(['example_kubernetes_executor']) retrieved from /home/airflow/.local/lib/python3.7/site-packages/airflow/example_dags/example_kubernetes_executor.py
[2022-02-16 17:21:17,900] {logging_mixin.py:109} INFO - [2022-02-16 17:21:17,900] {dag.py:2396} INFO - Sync 1 DAGs
[2022-02-16 17:21:17,918] {logging_mixin.py:109} INFO - [2022-02-16 17:21:17,918] {dag.py:2935} INFO - Setting next_dagrun for example_kubernetes_executor to None
[2022-02-16 17:21:17,928] {processor.py:171} INFO - Processing /home/airflow/.local/lib/python3.7/site-packages/airflow/example_dags/example_kubernetes_executor.py took 0.097 seconds
