[2022-02-16 16:58:19,854] {processor.py:163} INFO - Started process (PID=196) to work on /home/airflow/.local/lib/python3.7/site-packages/airflow/example_dags/example_sla_dag.py
[2022-02-16 16:58:19,856] {processor.py:642} INFO - Processing file /home/airflow/.local/lib/python3.7/site-packages/airflow/example_dags/example_sla_dag.py for tasks to queue
[2022-02-16 16:58:19,856] {logging_mixin.py:109} INFO - [2022-02-16 16:58:19,856] {dagbag.py:500} INFO - Filling up the DagBag from /home/airflow/.local/lib/python3.7/site-packages/airflow/example_dags/example_sla_dag.py
[2022-02-16 16:58:20,003] {processor.py:654} INFO - DAG(s) dict_keys(['example_sla_dag']) retrieved from /home/airflow/.local/lib/python3.7/site-packages/airflow/example_dags/example_sla_dag.py
[2022-02-16 16:58:30,004] {logging_mixin.py:109} INFO - [2022-02-16 16:58:30,004] {manager.py:496} INFO - Created Permission View: can read on DAG:example_sla_dag
[2022-02-16 16:58:30,021] {logging_mixin.py:109} INFO - [2022-02-16 16:58:30,021] {manager.py:496} INFO - Created Permission View: can edit on DAG:example_sla_dag
[2022-02-16 16:58:30,021] {logging_mixin.py:109} INFO - [2022-02-16 16:58:30,021] {dag.py:2396} INFO - Sync 1 DAGs
[2022-02-16 16:58:30,036] {logging_mixin.py:109} INFO - [2022-02-16 16:58:30,036] {dag.py:2415} INFO - Creating ORM DAG for example_sla_dag
[2022-02-16 16:58:30,055] {logging_mixin.py:109} INFO - [2022-02-16 16:58:30,055] {dag.py:2935} INFO - Setting next_dagrun for example_sla_dag to 2022-02-16T16:56:00+00:00
[2022-02-16 16:58:30,076] {processor.py:171} INFO - Processing /home/airflow/.local/lib/python3.7/site-packages/airflow/example_dags/example_sla_dag.py took 10.265 seconds
[2022-02-16 16:59:07,937] {processor.py:163} INFO - Started process (PID=435) to work on /home/airflow/.local/lib/python3.7/site-packages/airflow/example_dags/example_sla_dag.py
[2022-02-16 16:59:07,939] {processor.py:642} INFO - Processing file /home/airflow/.local/lib/python3.7/site-packages/airflow/example_dags/example_sla_dag.py for tasks to queue
[2022-02-16 16:59:07,940] {logging_mixin.py:109} INFO - [2022-02-16 16:59:07,940] {dagbag.py:500} INFO - Filling up the DagBag from /home/airflow/.local/lib/python3.7/site-packages/airflow/example_dags/example_sla_dag.py
[2022-02-16 16:59:07,981] {processor.py:654} INFO - DAG(s) dict_keys(['example_sla_dag']) retrieved from /home/airflow/.local/lib/python3.7/site-packages/airflow/example_dags/example_sla_dag.py
[2022-02-16 16:59:07,993] {logging_mixin.py:109} INFO - [2022-02-16 16:59:07,992] {dag.py:2396} INFO - Sync 1 DAGs
[2022-02-16 16:59:08,014] {logging_mixin.py:109} INFO - [2022-02-16 16:59:08,014] {dag.py:2935} INFO - Setting next_dagrun for example_sla_dag to 2022-02-16T16:56:00+00:00
[2022-02-16 16:59:08,025] {processor.py:171} INFO - Processing /home/airflow/.local/lib/python3.7/site-packages/airflow/example_dags/example_sla_dag.py took 0.092 seconds
[2022-02-16 16:59:38,350] {processor.py:163} INFO - Started process (PID=616) to work on /home/airflow/.local/lib/python3.7/site-packages/airflow/example_dags/example_sla_dag.py
[2022-02-16 16:59:38,351] {processor.py:642} INFO - Processing file /home/airflow/.local/lib/python3.7/site-packages/airflow/example_dags/example_sla_dag.py for tasks to queue
[2022-02-16 16:59:38,352] {logging_mixin.py:109} INFO - [2022-02-16 16:59:38,352] {dagbag.py:500} INFO - Filling up the DagBag from /home/airflow/.local/lib/python3.7/site-packages/airflow/example_dags/example_sla_dag.py
[2022-02-16 16:59:38,458] {processor.py:654} INFO - DAG(s) dict_keys(['example_sla_dag']) retrieved from /home/airflow/.local/lib/python3.7/site-packages/airflow/example_dags/example_sla_dag.py
[2022-02-16 16:59:38,483] {logging_mixin.py:109} INFO - [2022-02-16 16:59:38,483] {dag.py:2396} INFO - Sync 1 DAGs
[2022-02-16 16:59:38,529] {logging_mixin.py:109} INFO - [2022-02-16 16:59:38,529] {dag.py:2935} INFO - Setting next_dagrun for example_sla_dag to 2022-02-16T16:56:00+00:00
[2022-02-16 16:59:38,555] {processor.py:171} INFO - Processing /home/airflow/.local/lib/python3.7/site-packages/airflow/example_dags/example_sla_dag.py took 0.226 seconds
[2022-02-16 17:00:10,101] {processor.py:163} INFO - Started process (PID=796) to work on /home/airflow/.local/lib/python3.7/site-packages/airflow/example_dags/example_sla_dag.py
[2022-02-16 17:00:10,102] {processor.py:642} INFO - Processing file /home/airflow/.local/lib/python3.7/site-packages/airflow/example_dags/example_sla_dag.py for tasks to queue
[2022-02-16 17:00:10,103] {logging_mixin.py:109} INFO - [2022-02-16 17:00:10,103] {dagbag.py:500} INFO - Filling up the DagBag from /home/airflow/.local/lib/python3.7/site-packages/airflow/example_dags/example_sla_dag.py
[2022-02-16 17:00:10,173] {processor.py:654} INFO - DAG(s) dict_keys(['example_sla_dag']) retrieved from /home/airflow/.local/lib/python3.7/site-packages/airflow/example_dags/example_sla_dag.py
[2022-02-16 17:00:10,185] {logging_mixin.py:109} INFO - [2022-02-16 17:00:10,185] {dag.py:2396} INFO - Sync 1 DAGs
[2022-02-16 17:00:10,206] {logging_mixin.py:109} INFO - [2022-02-16 17:00:10,205] {dag.py:2935} INFO - Setting next_dagrun for example_sla_dag to 2022-02-16T16:58:00+00:00
[2022-02-16 17:00:10,215] {processor.py:171} INFO - Processing /home/airflow/.local/lib/python3.7/site-packages/airflow/example_dags/example_sla_dag.py took 0.118 seconds
[2022-02-16 17:00:40,433] {processor.py:163} INFO - Started process (PID=966) to work on /home/airflow/.local/lib/python3.7/site-packages/airflow/example_dags/example_sla_dag.py
[2022-02-16 17:00:40,434] {processor.py:642} INFO - Processing file /home/airflow/.local/lib/python3.7/site-packages/airflow/example_dags/example_sla_dag.py for tasks to queue
[2022-02-16 17:00:40,435] {logging_mixin.py:109} INFO - [2022-02-16 17:00:40,434] {dagbag.py:500} INFO - Filling up the DagBag from /home/airflow/.local/lib/python3.7/site-packages/airflow/example_dags/example_sla_dag.py
[2022-02-16 17:00:40,472] {processor.py:654} INFO - DAG(s) dict_keys(['example_sla_dag']) retrieved from /home/airflow/.local/lib/python3.7/site-packages/airflow/example_dags/example_sla_dag.py
[2022-02-16 17:00:40,484] {logging_mixin.py:109} INFO - [2022-02-16 17:00:40,484] {dag.py:2396} INFO - Sync 1 DAGs
[2022-02-16 17:00:40,506] {logging_mixin.py:109} INFO - [2022-02-16 17:00:40,506] {dag.py:2935} INFO - Setting next_dagrun for example_sla_dag to 2022-02-16T16:58:00+00:00
[2022-02-16 17:00:40,516] {processor.py:171} INFO - Processing /home/airflow/.local/lib/python3.7/site-packages/airflow/example_dags/example_sla_dag.py took 0.088 seconds
[2022-02-16 17:01:11,342] {processor.py:163} INFO - Started process (PID=1150) to work on /home/airflow/.local/lib/python3.7/site-packages/airflow/example_dags/example_sla_dag.py
[2022-02-16 17:01:11,344] {processor.py:642} INFO - Processing file /home/airflow/.local/lib/python3.7/site-packages/airflow/example_dags/example_sla_dag.py for tasks to queue
[2022-02-16 17:01:11,344] {logging_mixin.py:109} INFO - [2022-02-16 17:01:11,344] {dagbag.py:500} INFO - Filling up the DagBag from /home/airflow/.local/lib/python3.7/site-packages/airflow/example_dags/example_sla_dag.py
[2022-02-16 17:01:11,414] {processor.py:654} INFO - DAG(s) dict_keys(['example_sla_dag']) retrieved from /home/airflow/.local/lib/python3.7/site-packages/airflow/example_dags/example_sla_dag.py
[2022-02-16 17:01:11,431] {logging_mixin.py:109} INFO - [2022-02-16 17:01:11,431] {dag.py:2396} INFO - Sync 1 DAGs
[2022-02-16 17:01:11,455] {logging_mixin.py:109} INFO - [2022-02-16 17:01:11,455] {dag.py:2935} INFO - Setting next_dagrun for example_sla_dag to 2022-02-16T16:58:00+00:00
[2022-02-16 17:01:11,472] {processor.py:171} INFO - Processing /home/airflow/.local/lib/python3.7/site-packages/airflow/example_dags/example_sla_dag.py took 0.135 seconds
[2022-02-16 17:01:41,755] {processor.py:163} INFO - Started process (PID=1332) to work on /home/airflow/.local/lib/python3.7/site-packages/airflow/example_dags/example_sla_dag.py
[2022-02-16 17:01:41,756] {processor.py:642} INFO - Processing file /home/airflow/.local/lib/python3.7/site-packages/airflow/example_dags/example_sla_dag.py for tasks to queue
[2022-02-16 17:01:41,757] {logging_mixin.py:109} INFO - [2022-02-16 17:01:41,757] {dagbag.py:500} INFO - Filling up the DagBag from /home/airflow/.local/lib/python3.7/site-packages/airflow/example_dags/example_sla_dag.py
[2022-02-16 17:01:41,803] {processor.py:654} INFO - DAG(s) dict_keys(['example_sla_dag']) retrieved from /home/airflow/.local/lib/python3.7/site-packages/airflow/example_dags/example_sla_dag.py
[2022-02-16 17:01:41,818] {logging_mixin.py:109} INFO - [2022-02-16 17:01:41,818] {dag.py:2396} INFO - Sync 1 DAGs
[2022-02-16 17:01:41,848] {logging_mixin.py:109} INFO - [2022-02-16 17:01:41,848] {dag.py:2935} INFO - Setting next_dagrun for example_sla_dag to 2022-02-16T16:58:00+00:00
[2022-02-16 17:01:41,862] {processor.py:171} INFO - Processing /home/airflow/.local/lib/python3.7/site-packages/airflow/example_dags/example_sla_dag.py took 0.114 seconds
[2022-02-16 17:02:12,009] {processor.py:163} INFO - Started process (PID=1507) to work on /home/airflow/.local/lib/python3.7/site-packages/airflow/example_dags/example_sla_dag.py
[2022-02-16 17:02:12,010] {processor.py:642} INFO - Processing file /home/airflow/.local/lib/python3.7/site-packages/airflow/example_dags/example_sla_dag.py for tasks to queue
[2022-02-16 17:02:12,011] {logging_mixin.py:109} INFO - [2022-02-16 17:02:12,011] {dagbag.py:500} INFO - Filling up the DagBag from /home/airflow/.local/lib/python3.7/site-packages/airflow/example_dags/example_sla_dag.py
[2022-02-16 17:02:12,074] {processor.py:654} INFO - DAG(s) dict_keys(['example_sla_dag']) retrieved from /home/airflow/.local/lib/python3.7/site-packages/airflow/example_dags/example_sla_dag.py
[2022-02-16 17:02:12,087] {logging_mixin.py:109} INFO - [2022-02-16 17:02:12,087] {dag.py:2396} INFO - Sync 1 DAGs
[2022-02-16 17:02:12,110] {logging_mixin.py:109} INFO - [2022-02-16 17:02:12,110] {dag.py:2935} INFO - Setting next_dagrun for example_sla_dag to 2022-02-16T17:00:00+00:00
[2022-02-16 17:02:12,123] {processor.py:171} INFO - Processing /home/airflow/.local/lib/python3.7/site-packages/airflow/example_dags/example_sla_dag.py took 0.118 seconds
[2022-02-16 17:02:42,917] {processor.py:163} INFO - Started process (PID=1687) to work on /home/airflow/.local/lib/python3.7/site-packages/airflow/example_dags/example_sla_dag.py
[2022-02-16 17:02:42,918] {processor.py:642} INFO - Processing file /home/airflow/.local/lib/python3.7/site-packages/airflow/example_dags/example_sla_dag.py for tasks to queue
[2022-02-16 17:02:42,918] {logging_mixin.py:109} INFO - [2022-02-16 17:02:42,918] {dagbag.py:500} INFO - Filling up the DagBag from /home/airflow/.local/lib/python3.7/site-packages/airflow/example_dags/example_sla_dag.py
[2022-02-16 17:02:42,959] {processor.py:654} INFO - DAG(s) dict_keys(['example_sla_dag']) retrieved from /home/airflow/.local/lib/python3.7/site-packages/airflow/example_dags/example_sla_dag.py
[2022-02-16 17:02:42,971] {logging_mixin.py:109} INFO - [2022-02-16 17:02:42,971] {dag.py:2396} INFO - Sync 1 DAGs
[2022-02-16 17:02:42,994] {logging_mixin.py:109} INFO - [2022-02-16 17:02:42,994] {dag.py:2935} INFO - Setting next_dagrun for example_sla_dag to 2022-02-16T17:00:00+00:00
[2022-02-16 17:02:43,005] {processor.py:171} INFO - Processing /home/airflow/.local/lib/python3.7/site-packages/airflow/example_dags/example_sla_dag.py took 0.092 seconds
[2022-02-16 17:03:13,935] {processor.py:163} INFO - Started process (PID=1881) to work on /home/airflow/.local/lib/python3.7/site-packages/airflow/example_dags/example_sla_dag.py
[2022-02-16 17:03:13,940] {processor.py:642} INFO - Processing file /home/airflow/.local/lib/python3.7/site-packages/airflow/example_dags/example_sla_dag.py for tasks to queue
[2022-02-16 17:03:13,942] {logging_mixin.py:109} INFO - [2022-02-16 17:03:13,942] {dagbag.py:500} INFO - Filling up the DagBag from /home/airflow/.local/lib/python3.7/site-packages/airflow/example_dags/example_sla_dag.py
[2022-02-16 17:03:14,175] {processor.py:654} INFO - DAG(s) dict_keys(['example_sla_dag']) retrieved from /home/airflow/.local/lib/python3.7/site-packages/airflow/example_dags/example_sla_dag.py
[2022-02-16 17:03:14,217] {logging_mixin.py:109} INFO - [2022-02-16 17:03:14,217] {dag.py:2396} INFO - Sync 1 DAGs
[2022-02-16 17:03:14,268] {logging_mixin.py:109} INFO - [2022-02-16 17:03:14,268] {dag.py:2935} INFO - Setting next_dagrun for example_sla_dag to 2022-02-16T17:00:00+00:00
[2022-02-16 17:03:14,288] {processor.py:171} INFO - Processing /home/airflow/.local/lib/python3.7/site-packages/airflow/example_dags/example_sla_dag.py took 0.370 seconds
[2022-02-16 17:03:44,500] {processor.py:163} INFO - Started process (PID=2067) to work on /home/airflow/.local/lib/python3.7/site-packages/airflow/example_dags/example_sla_dag.py
[2022-02-16 17:03:44,501] {processor.py:642} INFO - Processing file /home/airflow/.local/lib/python3.7/site-packages/airflow/example_dags/example_sla_dag.py for tasks to queue
[2022-02-16 17:03:44,502] {logging_mixin.py:109} INFO - [2022-02-16 17:03:44,502] {dagbag.py:500} INFO - Filling up the DagBag from /home/airflow/.local/lib/python3.7/site-packages/airflow/example_dags/example_sla_dag.py
[2022-02-16 17:03:44,545] {processor.py:654} INFO - DAG(s) dict_keys(['example_sla_dag']) retrieved from /home/airflow/.local/lib/python3.7/site-packages/airflow/example_dags/example_sla_dag.py
[2022-02-16 17:03:44,556] {logging_mixin.py:109} INFO - [2022-02-16 17:03:44,555] {dag.py:2396} INFO - Sync 1 DAGs
[2022-02-16 17:03:44,576] {logging_mixin.py:109} INFO - [2022-02-16 17:03:44,576] {dag.py:2935} INFO - Setting next_dagrun for example_sla_dag to 2022-02-16T17:00:00+00:00
[2022-02-16 17:03:44,584] {processor.py:171} INFO - Processing /home/airflow/.local/lib/python3.7/site-packages/airflow/example_dags/example_sla_dag.py took 0.089 seconds
[2022-02-16 17:04:14,900] {processor.py:163} INFO - Started process (PID=2257) to work on /home/airflow/.local/lib/python3.7/site-packages/airflow/example_dags/example_sla_dag.py
[2022-02-16 17:04:14,901] {processor.py:642} INFO - Processing file /home/airflow/.local/lib/python3.7/site-packages/airflow/example_dags/example_sla_dag.py for tasks to queue
[2022-02-16 17:04:14,902] {logging_mixin.py:109} INFO - [2022-02-16 17:04:14,902] {dagbag.py:500} INFO - Filling up the DagBag from /home/airflow/.local/lib/python3.7/site-packages/airflow/example_dags/example_sla_dag.py
[2022-02-16 17:04:14,946] {processor.py:654} INFO - DAG(s) dict_keys(['example_sla_dag']) retrieved from /home/airflow/.local/lib/python3.7/site-packages/airflow/example_dags/example_sla_dag.py
[2022-02-16 17:04:14,958] {logging_mixin.py:109} INFO - [2022-02-16 17:04:14,957] {dag.py:2396} INFO - Sync 1 DAGs
[2022-02-16 17:04:14,985] {logging_mixin.py:109} INFO - [2022-02-16 17:04:14,985] {dag.py:2935} INFO - Setting next_dagrun for example_sla_dag to 2022-02-16T17:02:00+00:00
[2022-02-16 17:04:14,998] {processor.py:171} INFO - Processing /home/airflow/.local/lib/python3.7/site-packages/airflow/example_dags/example_sla_dag.py took 0.105 seconds
[2022-02-16 17:04:45,162] {processor.py:163} INFO - Started process (PID=2440) to work on /home/airflow/.local/lib/python3.7/site-packages/airflow/example_dags/example_sla_dag.py
[2022-02-16 17:04:45,163] {processor.py:642} INFO - Processing file /home/airflow/.local/lib/python3.7/site-packages/airflow/example_dags/example_sla_dag.py for tasks to queue
[2022-02-16 17:04:45,164] {logging_mixin.py:109} INFO - [2022-02-16 17:04:45,164] {dagbag.py:500} INFO - Filling up the DagBag from /home/airflow/.local/lib/python3.7/site-packages/airflow/example_dags/example_sla_dag.py
[2022-02-16 17:04:45,199] {processor.py:654} INFO - DAG(s) dict_keys(['example_sla_dag']) retrieved from /home/airflow/.local/lib/python3.7/site-packages/airflow/example_dags/example_sla_dag.py
[2022-02-16 17:04:45,211] {logging_mixin.py:109} INFO - [2022-02-16 17:04:45,211] {dag.py:2396} INFO - Sync 1 DAGs
[2022-02-16 17:04:45,232] {logging_mixin.py:109} INFO - [2022-02-16 17:04:45,232] {dag.py:2935} INFO - Setting next_dagrun for example_sla_dag to 2022-02-16T17:02:00+00:00
[2022-02-16 17:04:45,242] {processor.py:171} INFO - Processing /home/airflow/.local/lib/python3.7/site-packages/airflow/example_dags/example_sla_dag.py took 0.085 seconds
[2022-02-16 17:05:15,461] {processor.py:163} INFO - Started process (PID=2628) to work on /home/airflow/.local/lib/python3.7/site-packages/airflow/example_dags/example_sla_dag.py
[2022-02-16 17:05:15,464] {processor.py:642} INFO - Processing file /home/airflow/.local/lib/python3.7/site-packages/airflow/example_dags/example_sla_dag.py for tasks to queue
[2022-02-16 17:05:15,465] {logging_mixin.py:109} INFO - [2022-02-16 17:05:15,465] {dagbag.py:500} INFO - Filling up the DagBag from /home/airflow/.local/lib/python3.7/site-packages/airflow/example_dags/example_sla_dag.py
[2022-02-16 17:05:15,514] {processor.py:654} INFO - DAG(s) dict_keys(['example_sla_dag']) retrieved from /home/airflow/.local/lib/python3.7/site-packages/airflow/example_dags/example_sla_dag.py
[2022-02-16 17:05:15,531] {logging_mixin.py:109} INFO - [2022-02-16 17:05:15,531] {dag.py:2396} INFO - Sync 1 DAGs
[2022-02-16 17:05:15,595] {logging_mixin.py:109} INFO - [2022-02-16 17:05:15,595] {dag.py:2935} INFO - Setting next_dagrun for example_sla_dag to 2022-02-16T17:02:00+00:00
[2022-02-16 17:05:15,631] {processor.py:171} INFO - Processing /home/airflow/.local/lib/python3.7/site-packages/airflow/example_dags/example_sla_dag.py took 0.174 seconds
[2022-02-16 17:05:45,894] {processor.py:163} INFO - Started process (PID=2820) to work on /home/airflow/.local/lib/python3.7/site-packages/airflow/example_dags/example_sla_dag.py
[2022-02-16 17:05:45,906] {processor.py:642} INFO - Processing file /home/airflow/.local/lib/python3.7/site-packages/airflow/example_dags/example_sla_dag.py for tasks to queue
[2022-02-16 17:05:45,911] {logging_mixin.py:109} INFO - [2022-02-16 17:05:45,911] {dagbag.py:500} INFO - Filling up the DagBag from /home/airflow/.local/lib/python3.7/site-packages/airflow/example_dags/example_sla_dag.py
[2022-02-16 17:05:45,981] {processor.py:654} INFO - DAG(s) dict_keys(['example_sla_dag']) retrieved from /home/airflow/.local/lib/python3.7/site-packages/airflow/example_dags/example_sla_dag.py
[2022-02-16 17:05:46,007] {logging_mixin.py:109} INFO - [2022-02-16 17:05:46,007] {dag.py:2396} INFO - Sync 1 DAGs
[2022-02-16 17:05:46,041] {logging_mixin.py:109} INFO - [2022-02-16 17:05:46,041] {dag.py:2935} INFO - Setting next_dagrun for example_sla_dag to 2022-02-16T17:02:00+00:00
[2022-02-16 17:05:46,055] {processor.py:171} INFO - Processing /home/airflow/.local/lib/python3.7/site-packages/airflow/example_dags/example_sla_dag.py took 0.166 seconds
[2022-02-16 17:06:16,335] {processor.py:163} INFO - Started process (PID=3006) to work on /home/airflow/.local/lib/python3.7/site-packages/airflow/example_dags/example_sla_dag.py
[2022-02-16 17:06:16,336] {processor.py:642} INFO - Processing file /home/airflow/.local/lib/python3.7/site-packages/airflow/example_dags/example_sla_dag.py for tasks to queue
[2022-02-16 17:06:16,337] {logging_mixin.py:109} INFO - [2022-02-16 17:06:16,337] {dagbag.py:500} INFO - Filling up the DagBag from /home/airflow/.local/lib/python3.7/site-packages/airflow/example_dags/example_sla_dag.py
[2022-02-16 17:06:16,379] {processor.py:654} INFO - DAG(s) dict_keys(['example_sla_dag']) retrieved from /home/airflow/.local/lib/python3.7/site-packages/airflow/example_dags/example_sla_dag.py
[2022-02-16 17:06:16,389] {logging_mixin.py:109} INFO - [2022-02-16 17:06:16,389] {dag.py:2396} INFO - Sync 1 DAGs
[2022-02-16 17:06:16,412] {logging_mixin.py:109} INFO - [2022-02-16 17:06:16,412] {dag.py:2935} INFO - Setting next_dagrun for example_sla_dag to 2022-02-16T17:04:00+00:00
[2022-02-16 17:06:16,421] {processor.py:171} INFO - Processing /home/airflow/.local/lib/python3.7/site-packages/airflow/example_dags/example_sla_dag.py took 0.090 seconds
[2022-02-16 17:06:46,708] {processor.py:163} INFO - Started process (PID=3189) to work on /home/airflow/.local/lib/python3.7/site-packages/airflow/example_dags/example_sla_dag.py
[2022-02-16 17:06:46,710] {processor.py:642} INFO - Processing file /home/airflow/.local/lib/python3.7/site-packages/airflow/example_dags/example_sla_dag.py for tasks to queue
[2022-02-16 17:06:46,710] {logging_mixin.py:109} INFO - [2022-02-16 17:06:46,710] {dagbag.py:500} INFO - Filling up the DagBag from /home/airflow/.local/lib/python3.7/site-packages/airflow/example_dags/example_sla_dag.py
[2022-02-16 17:06:46,745] {processor.py:654} INFO - DAG(s) dict_keys(['example_sla_dag']) retrieved from /home/airflow/.local/lib/python3.7/site-packages/airflow/example_dags/example_sla_dag.py
[2022-02-16 17:06:46,755] {logging_mixin.py:109} INFO - [2022-02-16 17:06:46,755] {dag.py:2396} INFO - Sync 1 DAGs
[2022-02-16 17:06:46,775] {logging_mixin.py:109} INFO - [2022-02-16 17:06:46,774] {dag.py:2935} INFO - Setting next_dagrun for example_sla_dag to 2022-02-16T17:04:00+00:00
[2022-02-16 17:06:46,784] {processor.py:171} INFO - Processing /home/airflow/.local/lib/python3.7/site-packages/airflow/example_dags/example_sla_dag.py took 0.081 seconds
[2022-02-16 17:07:17,210] {processor.py:163} INFO - Started process (PID=3380) to work on /home/airflow/.local/lib/python3.7/site-packages/airflow/example_dags/example_sla_dag.py
[2022-02-16 17:07:17,228] {processor.py:642} INFO - Processing file /home/airflow/.local/lib/python3.7/site-packages/airflow/example_dags/example_sla_dag.py for tasks to queue
[2022-02-16 17:07:17,229] {logging_mixin.py:109} INFO - [2022-02-16 17:07:17,229] {dagbag.py:500} INFO - Filling up the DagBag from /home/airflow/.local/lib/python3.7/site-packages/airflow/example_dags/example_sla_dag.py
[2022-02-16 17:07:17,384] {processor.py:654} INFO - DAG(s) dict_keys(['example_sla_dag']) retrieved from /home/airflow/.local/lib/python3.7/site-packages/airflow/example_dags/example_sla_dag.py
[2022-02-16 17:07:17,438] {logging_mixin.py:109} INFO - [2022-02-16 17:07:17,431] {dag.py:2396} INFO - Sync 1 DAGs
[2022-02-16 17:07:17,522] {logging_mixin.py:109} INFO - [2022-02-16 17:07:17,522] {dag.py:2935} INFO - Setting next_dagrun for example_sla_dag to 2022-02-16T17:04:00+00:00
[2022-02-16 17:07:17,559] {processor.py:171} INFO - Processing /home/airflow/.local/lib/python3.7/site-packages/airflow/example_dags/example_sla_dag.py took 0.362 seconds
[2022-02-16 17:07:47,719] {processor.py:163} INFO - Started process (PID=3566) to work on /home/airflow/.local/lib/python3.7/site-packages/airflow/example_dags/example_sla_dag.py
[2022-02-16 17:07:47,720] {processor.py:642} INFO - Processing file /home/airflow/.local/lib/python3.7/site-packages/airflow/example_dags/example_sla_dag.py for tasks to queue
[2022-02-16 17:07:47,721] {logging_mixin.py:109} INFO - [2022-02-16 17:07:47,721] {dagbag.py:500} INFO - Filling up the DagBag from /home/airflow/.local/lib/python3.7/site-packages/airflow/example_dags/example_sla_dag.py
[2022-02-16 17:07:47,758] {processor.py:654} INFO - DAG(s) dict_keys(['example_sla_dag']) retrieved from /home/airflow/.local/lib/python3.7/site-packages/airflow/example_dags/example_sla_dag.py
[2022-02-16 17:07:47,768] {logging_mixin.py:109} INFO - [2022-02-16 17:07:47,768] {dag.py:2396} INFO - Sync 1 DAGs
[2022-02-16 17:07:47,789] {logging_mixin.py:109} INFO - [2022-02-16 17:07:47,788] {dag.py:2935} INFO - Setting next_dagrun for example_sla_dag to 2022-02-16T17:04:00+00:00
[2022-02-16 17:07:47,797] {processor.py:171} INFO - Processing /home/airflow/.local/lib/python3.7/site-packages/airflow/example_dags/example_sla_dag.py took 0.082 seconds
[2022-02-16 17:08:18,005] {processor.py:163} INFO - Started process (PID=3751) to work on /home/airflow/.local/lib/python3.7/site-packages/airflow/example_dags/example_sla_dag.py
[2022-02-16 17:08:18,007] {processor.py:642} INFO - Processing file /home/airflow/.local/lib/python3.7/site-packages/airflow/example_dags/example_sla_dag.py for tasks to queue
[2022-02-16 17:08:18,008] {logging_mixin.py:109} INFO - [2022-02-16 17:08:18,007] {dagbag.py:500} INFO - Filling up the DagBag from /home/airflow/.local/lib/python3.7/site-packages/airflow/example_dags/example_sla_dag.py
[2022-02-16 17:08:18,052] {processor.py:654} INFO - DAG(s) dict_keys(['example_sla_dag']) retrieved from /home/airflow/.local/lib/python3.7/site-packages/airflow/example_dags/example_sla_dag.py
[2022-02-16 17:08:18,063] {logging_mixin.py:109} INFO - [2022-02-16 17:08:18,063] {dag.py:2396} INFO - Sync 1 DAGs
[2022-02-16 17:08:18,084] {logging_mixin.py:109} INFO - [2022-02-16 17:08:18,083] {dag.py:2935} INFO - Setting next_dagrun for example_sla_dag to 2022-02-16T17:06:00+00:00
[2022-02-16 17:08:18,092] {processor.py:171} INFO - Processing /home/airflow/.local/lib/python3.7/site-packages/airflow/example_dags/example_sla_dag.py took 0.093 seconds
[2022-02-16 17:08:48,581] {processor.py:163} INFO - Started process (PID=3933) to work on /home/airflow/.local/lib/python3.7/site-packages/airflow/example_dags/example_sla_dag.py
[2022-02-16 17:08:48,583] {processor.py:642} INFO - Processing file /home/airflow/.local/lib/python3.7/site-packages/airflow/example_dags/example_sla_dag.py for tasks to queue
[2022-02-16 17:08:48,583] {logging_mixin.py:109} INFO - [2022-02-16 17:08:48,583] {dagbag.py:500} INFO - Filling up the DagBag from /home/airflow/.local/lib/python3.7/site-packages/airflow/example_dags/example_sla_dag.py
[2022-02-16 17:08:48,621] {processor.py:654} INFO - DAG(s) dict_keys(['example_sla_dag']) retrieved from /home/airflow/.local/lib/python3.7/site-packages/airflow/example_dags/example_sla_dag.py
[2022-02-16 17:08:48,633] {logging_mixin.py:109} INFO - [2022-02-16 17:08:48,633] {dag.py:2396} INFO - Sync 1 DAGs
[2022-02-16 17:08:48,655] {logging_mixin.py:109} INFO - [2022-02-16 17:08:48,655] {dag.py:2935} INFO - Setting next_dagrun for example_sla_dag to 2022-02-16T17:06:00+00:00
[2022-02-16 17:08:48,671] {processor.py:171} INFO - Processing /home/airflow/.local/lib/python3.7/site-packages/airflow/example_dags/example_sla_dag.py took 0.094 seconds
[2022-02-16 17:09:19,159] {processor.py:163} INFO - Started process (PID=4126) to work on /home/airflow/.local/lib/python3.7/site-packages/airflow/example_dags/example_sla_dag.py
[2022-02-16 17:09:19,161] {processor.py:642} INFO - Processing file /home/airflow/.local/lib/python3.7/site-packages/airflow/example_dags/example_sla_dag.py for tasks to queue
[2022-02-16 17:09:19,161] {logging_mixin.py:109} INFO - [2022-02-16 17:09:19,161] {dagbag.py:500} INFO - Filling up the DagBag from /home/airflow/.local/lib/python3.7/site-packages/airflow/example_dags/example_sla_dag.py
[2022-02-16 17:09:19,197] {processor.py:654} INFO - DAG(s) dict_keys(['example_sla_dag']) retrieved from /home/airflow/.local/lib/python3.7/site-packages/airflow/example_dags/example_sla_dag.py
[2022-02-16 17:09:19,207] {logging_mixin.py:109} INFO - [2022-02-16 17:09:19,207] {dag.py:2396} INFO - Sync 1 DAGs
[2022-02-16 17:09:19,237] {logging_mixin.py:109} INFO - [2022-02-16 17:09:19,237] {dag.py:2935} INFO - Setting next_dagrun for example_sla_dag to 2022-02-16T17:06:00+00:00
[2022-02-16 17:09:19,247] {processor.py:171} INFO - Processing /home/airflow/.local/lib/python3.7/site-packages/airflow/example_dags/example_sla_dag.py took 0.094 seconds
[2022-02-16 17:09:50,086] {processor.py:163} INFO - Started process (PID=4310) to work on /home/airflow/.local/lib/python3.7/site-packages/airflow/example_dags/example_sla_dag.py
[2022-02-16 17:09:50,100] {processor.py:642} INFO - Processing file /home/airflow/.local/lib/python3.7/site-packages/airflow/example_dags/example_sla_dag.py for tasks to queue
[2022-02-16 17:09:50,101] {logging_mixin.py:109} INFO - [2022-02-16 17:09:50,101] {dagbag.py:500} INFO - Filling up the DagBag from /home/airflow/.local/lib/python3.7/site-packages/airflow/example_dags/example_sla_dag.py
[2022-02-16 17:09:50,177] {processor.py:654} INFO - DAG(s) dict_keys(['example_sla_dag']) retrieved from /home/airflow/.local/lib/python3.7/site-packages/airflow/example_dags/example_sla_dag.py
[2022-02-16 17:09:50,192] {logging_mixin.py:109} INFO - [2022-02-16 17:09:50,192] {dag.py:2396} INFO - Sync 1 DAGs
[2022-02-16 17:09:50,224] {logging_mixin.py:109} INFO - [2022-02-16 17:09:50,224] {dag.py:2935} INFO - Setting next_dagrun for example_sla_dag to 2022-02-16T17:06:00+00:00
[2022-02-16 17:09:50,238] {processor.py:171} INFO - Processing /home/airflow/.local/lib/python3.7/site-packages/airflow/example_dags/example_sla_dag.py took 0.157 seconds
[2022-02-16 17:10:20,377] {processor.py:163} INFO - Started process (PID=4496) to work on /home/airflow/.local/lib/python3.7/site-packages/airflow/example_dags/example_sla_dag.py
[2022-02-16 17:10:20,379] {processor.py:642} INFO - Processing file /home/airflow/.local/lib/python3.7/site-packages/airflow/example_dags/example_sla_dag.py for tasks to queue
[2022-02-16 17:10:20,380] {logging_mixin.py:109} INFO - [2022-02-16 17:10:20,379] {dagbag.py:500} INFO - Filling up the DagBag from /home/airflow/.local/lib/python3.7/site-packages/airflow/example_dags/example_sla_dag.py
[2022-02-16 17:10:20,419] {processor.py:654} INFO - DAG(s) dict_keys(['example_sla_dag']) retrieved from /home/airflow/.local/lib/python3.7/site-packages/airflow/example_dags/example_sla_dag.py
[2022-02-16 17:10:20,432] {logging_mixin.py:109} INFO - [2022-02-16 17:10:20,432] {dag.py:2396} INFO - Sync 1 DAGs
[2022-02-16 17:10:20,454] {logging_mixin.py:109} INFO - [2022-02-16 17:10:20,453] {dag.py:2935} INFO - Setting next_dagrun for example_sla_dag to 2022-02-16T17:08:00+00:00
[2022-02-16 17:10:20,464] {processor.py:171} INFO - Processing /home/airflow/.local/lib/python3.7/site-packages/airflow/example_dags/example_sla_dag.py took 0.091 seconds
[2022-02-16 17:10:51,178] {processor.py:163} INFO - Started process (PID=4683) to work on /home/airflow/.local/lib/python3.7/site-packages/airflow/example_dags/example_sla_dag.py
[2022-02-16 17:10:51,179] {processor.py:642} INFO - Processing file /home/airflow/.local/lib/python3.7/site-packages/airflow/example_dags/example_sla_dag.py for tasks to queue
[2022-02-16 17:10:51,180] {logging_mixin.py:109} INFO - [2022-02-16 17:10:51,180] {dagbag.py:500} INFO - Filling up the DagBag from /home/airflow/.local/lib/python3.7/site-packages/airflow/example_dags/example_sla_dag.py
[2022-02-16 17:10:51,287] {processor.py:654} INFO - DAG(s) dict_keys(['example_sla_dag']) retrieved from /home/airflow/.local/lib/python3.7/site-packages/airflow/example_dags/example_sla_dag.py
[2022-02-16 17:10:51,312] {logging_mixin.py:109} INFO - [2022-02-16 17:10:51,312] {dag.py:2396} INFO - Sync 1 DAGs
[2022-02-16 17:10:51,348] {logging_mixin.py:109} INFO - [2022-02-16 17:10:51,348] {dag.py:2935} INFO - Setting next_dagrun for example_sla_dag to 2022-02-16T17:08:00+00:00
[2022-02-16 17:10:51,360] {processor.py:171} INFO - Processing /home/airflow/.local/lib/python3.7/site-packages/airflow/example_dags/example_sla_dag.py took 0.186 seconds
[2022-02-16 17:11:21,436] {processor.py:163} INFO - Started process (PID=4875) to work on /home/airflow/.local/lib/python3.7/site-packages/airflow/example_dags/example_sla_dag.py
[2022-02-16 17:11:21,438] {processor.py:642} INFO - Processing file /home/airflow/.local/lib/python3.7/site-packages/airflow/example_dags/example_sla_dag.py for tasks to queue
[2022-02-16 17:11:21,438] {logging_mixin.py:109} INFO - [2022-02-16 17:11:21,438] {dagbag.py:500} INFO - Filling up the DagBag from /home/airflow/.local/lib/python3.7/site-packages/airflow/example_dags/example_sla_dag.py
[2022-02-16 17:11:21,478] {processor.py:654} INFO - DAG(s) dict_keys(['example_sla_dag']) retrieved from /home/airflow/.local/lib/python3.7/site-packages/airflow/example_dags/example_sla_dag.py
[2022-02-16 17:11:21,489] {logging_mixin.py:109} INFO - [2022-02-16 17:11:21,489] {dag.py:2396} INFO - Sync 1 DAGs
[2022-02-16 17:11:21,509] {logging_mixin.py:109} INFO - [2022-02-16 17:11:21,509] {dag.py:2935} INFO - Setting next_dagrun for example_sla_dag to 2022-02-16T17:08:00+00:00
[2022-02-16 17:11:21,518] {processor.py:171} INFO - Processing /home/airflow/.local/lib/python3.7/site-packages/airflow/example_dags/example_sla_dag.py took 0.086 seconds
[2022-02-16 17:11:51,809] {processor.py:163} INFO - Started process (PID=5060) to work on /home/airflow/.local/lib/python3.7/site-packages/airflow/example_dags/example_sla_dag.py
[2022-02-16 17:11:51,810] {processor.py:642} INFO - Processing file /home/airflow/.local/lib/python3.7/site-packages/airflow/example_dags/example_sla_dag.py for tasks to queue
[2022-02-16 17:11:51,815] {logging_mixin.py:109} INFO - [2022-02-16 17:11:51,814] {dagbag.py:500} INFO - Filling up the DagBag from /home/airflow/.local/lib/python3.7/site-packages/airflow/example_dags/example_sla_dag.py
[2022-02-16 17:11:51,891] {processor.py:654} INFO - DAG(s) dict_keys(['example_sla_dag']) retrieved from /home/airflow/.local/lib/python3.7/site-packages/airflow/example_dags/example_sla_dag.py
[2022-02-16 17:11:51,917] {logging_mixin.py:109} INFO - [2022-02-16 17:11:51,915] {dag.py:2396} INFO - Sync 1 DAGs
[2022-02-16 17:11:51,969] {logging_mixin.py:109} INFO - [2022-02-16 17:11:51,968] {dag.py:2935} INFO - Setting next_dagrun for example_sla_dag to 2022-02-16T17:08:00+00:00
[2022-02-16 17:11:51,984] {processor.py:171} INFO - Processing /home/airflow/.local/lib/python3.7/site-packages/airflow/example_dags/example_sla_dag.py took 0.184 seconds
[2022-02-16 17:12:22,234] {processor.py:163} INFO - Started process (PID=5252) to work on /home/airflow/.local/lib/python3.7/site-packages/airflow/example_dags/example_sla_dag.py
[2022-02-16 17:12:22,235] {processor.py:642} INFO - Processing file /home/airflow/.local/lib/python3.7/site-packages/airflow/example_dags/example_sla_dag.py for tasks to queue
[2022-02-16 17:12:22,236] {logging_mixin.py:109} INFO - [2022-02-16 17:12:22,236] {dagbag.py:500} INFO - Filling up the DagBag from /home/airflow/.local/lib/python3.7/site-packages/airflow/example_dags/example_sla_dag.py
[2022-02-16 17:12:22,273] {processor.py:654} INFO - DAG(s) dict_keys(['example_sla_dag']) retrieved from /home/airflow/.local/lib/python3.7/site-packages/airflow/example_dags/example_sla_dag.py
[2022-02-16 17:12:22,283] {logging_mixin.py:109} INFO - [2022-02-16 17:12:22,283] {dag.py:2396} INFO - Sync 1 DAGs
[2022-02-16 17:12:22,303] {logging_mixin.py:109} INFO - [2022-02-16 17:12:22,303] {dag.py:2935} INFO - Setting next_dagrun for example_sla_dag to 2022-02-16T17:10:00+00:00
[2022-02-16 17:12:22,313] {processor.py:171} INFO - Processing /home/airflow/.local/lib/python3.7/site-packages/airflow/example_dags/example_sla_dag.py took 0.083 seconds
[2022-02-16 17:12:52,932] {processor.py:163} INFO - Started process (PID=5438) to work on /home/airflow/.local/lib/python3.7/site-packages/airflow/example_dags/example_sla_dag.py
[2022-02-16 17:12:52,933] {processor.py:642} INFO - Processing file /home/airflow/.local/lib/python3.7/site-packages/airflow/example_dags/example_sla_dag.py for tasks to queue
[2022-02-16 17:12:52,934] {logging_mixin.py:109} INFO - [2022-02-16 17:12:52,934] {dagbag.py:500} INFO - Filling up the DagBag from /home/airflow/.local/lib/python3.7/site-packages/airflow/example_dags/example_sla_dag.py
[2022-02-16 17:12:52,977] {processor.py:654} INFO - DAG(s) dict_keys(['example_sla_dag']) retrieved from /home/airflow/.local/lib/python3.7/site-packages/airflow/example_dags/example_sla_dag.py
[2022-02-16 17:12:52,987] {logging_mixin.py:109} INFO - [2022-02-16 17:12:52,987] {dag.py:2396} INFO - Sync 1 DAGs
[2022-02-16 17:12:53,007] {logging_mixin.py:109} INFO - [2022-02-16 17:12:53,006] {dag.py:2935} INFO - Setting next_dagrun for example_sla_dag to 2022-02-16T17:10:00+00:00
[2022-02-16 17:12:53,015] {processor.py:171} INFO - Processing /home/airflow/.local/lib/python3.7/site-packages/airflow/example_dags/example_sla_dag.py took 0.087 seconds
[2022-02-16 17:13:23,274] {processor.py:163} INFO - Started process (PID=5643) to work on /home/airflow/.local/lib/python3.7/site-packages/airflow/example_dags/example_sla_dag.py
[2022-02-16 17:13:23,277] {processor.py:642} INFO - Processing file /home/airflow/.local/lib/python3.7/site-packages/airflow/example_dags/example_sla_dag.py for tasks to queue
[2022-02-16 17:13:23,278] {logging_mixin.py:109} INFO - [2022-02-16 17:13:23,278] {dagbag.py:500} INFO - Filling up the DagBag from /home/airflow/.local/lib/python3.7/site-packages/airflow/example_dags/example_sla_dag.py
[2022-02-16 17:13:23,335] {processor.py:654} INFO - DAG(s) dict_keys(['example_sla_dag']) retrieved from /home/airflow/.local/lib/python3.7/site-packages/airflow/example_dags/example_sla_dag.py
[2022-02-16 17:13:23,361] {logging_mixin.py:109} INFO - [2022-02-16 17:13:23,361] {dag.py:2396} INFO - Sync 1 DAGs
[2022-02-16 17:13:23,424] {logging_mixin.py:109} INFO - [2022-02-16 17:13:23,424] {dag.py:2935} INFO - Setting next_dagrun for example_sla_dag to 2022-02-16T17:10:00+00:00
[2022-02-16 17:13:23,457] {processor.py:171} INFO - Processing /home/airflow/.local/lib/python3.7/site-packages/airflow/example_dags/example_sla_dag.py took 0.190 seconds
[2022-02-16 17:13:53,982] {processor.py:163} INFO - Started process (PID=5843) to work on /home/airflow/.local/lib/python3.7/site-packages/airflow/example_dags/example_sla_dag.py
[2022-02-16 17:13:53,985] {processor.py:642} INFO - Processing file /home/airflow/.local/lib/python3.7/site-packages/airflow/example_dags/example_sla_dag.py for tasks to queue
[2022-02-16 17:13:53,986] {logging_mixin.py:109} INFO - [2022-02-16 17:13:53,986] {dagbag.py:500} INFO - Filling up the DagBag from /home/airflow/.local/lib/python3.7/site-packages/airflow/example_dags/example_sla_dag.py
[2022-02-16 17:13:54,034] {processor.py:654} INFO - DAG(s) dict_keys(['example_sla_dag']) retrieved from /home/airflow/.local/lib/python3.7/site-packages/airflow/example_dags/example_sla_dag.py
[2022-02-16 17:13:54,046] {logging_mixin.py:109} INFO - [2022-02-16 17:13:54,046] {dag.py:2396} INFO - Sync 1 DAGs
[2022-02-16 17:13:54,085] {logging_mixin.py:109} INFO - [2022-02-16 17:13:54,085] {dag.py:2935} INFO - Setting next_dagrun for example_sla_dag to 2022-02-16T17:10:00+00:00
[2022-02-16 17:13:54,095] {processor.py:171} INFO - Processing /home/airflow/.local/lib/python3.7/site-packages/airflow/example_dags/example_sla_dag.py took 0.119 seconds
[2022-02-16 17:14:24,584] {processor.py:163} INFO - Started process (PID=6032) to work on /home/airflow/.local/lib/python3.7/site-packages/airflow/example_dags/example_sla_dag.py
[2022-02-16 17:14:24,585] {processor.py:642} INFO - Processing file /home/airflow/.local/lib/python3.7/site-packages/airflow/example_dags/example_sla_dag.py for tasks to queue
[2022-02-16 17:14:24,586] {logging_mixin.py:109} INFO - [2022-02-16 17:14:24,585] {dagbag.py:500} INFO - Filling up the DagBag from /home/airflow/.local/lib/python3.7/site-packages/airflow/example_dags/example_sla_dag.py
[2022-02-16 17:14:24,631] {processor.py:654} INFO - DAG(s) dict_keys(['example_sla_dag']) retrieved from /home/airflow/.local/lib/python3.7/site-packages/airflow/example_dags/example_sla_dag.py
[2022-02-16 17:14:24,642] {logging_mixin.py:109} INFO - [2022-02-16 17:14:24,642] {dag.py:2396} INFO - Sync 1 DAGs
[2022-02-16 17:14:24,667] {logging_mixin.py:109} INFO - [2022-02-16 17:14:24,667] {dag.py:2935} INFO - Setting next_dagrun for example_sla_dag to 2022-02-16T17:12:00+00:00
[2022-02-16 17:14:24,680] {processor.py:171} INFO - Processing /home/airflow/.local/lib/python3.7/site-packages/airflow/example_dags/example_sla_dag.py took 0.101 seconds
[2022-02-16 17:14:55,145] {processor.py:163} INFO - Started process (PID=6226) to work on /home/airflow/.local/lib/python3.7/site-packages/airflow/example_dags/example_sla_dag.py
[2022-02-16 17:14:55,146] {processor.py:642} INFO - Processing file /home/airflow/.local/lib/python3.7/site-packages/airflow/example_dags/example_sla_dag.py for tasks to queue
[2022-02-16 17:14:55,147] {logging_mixin.py:109} INFO - [2022-02-16 17:14:55,147] {dagbag.py:500} INFO - Filling up the DagBag from /home/airflow/.local/lib/python3.7/site-packages/airflow/example_dags/example_sla_dag.py
[2022-02-16 17:14:55,185] {processor.py:654} INFO - DAG(s) dict_keys(['example_sla_dag']) retrieved from /home/airflow/.local/lib/python3.7/site-packages/airflow/example_dags/example_sla_dag.py
[2022-02-16 17:14:55,197] {logging_mixin.py:109} INFO - [2022-02-16 17:14:55,197] {dag.py:2396} INFO - Sync 1 DAGs
[2022-02-16 17:14:55,219] {logging_mixin.py:109} INFO - [2022-02-16 17:14:55,219] {dag.py:2935} INFO - Setting next_dagrun for example_sla_dag to 2022-02-16T17:12:00+00:00
[2022-02-16 17:14:55,229] {processor.py:171} INFO - Processing /home/airflow/.local/lib/python3.7/site-packages/airflow/example_dags/example_sla_dag.py took 0.089 seconds
[2022-02-16 17:15:25,744] {processor.py:163} INFO - Started process (PID=6437) to work on /home/airflow/.local/lib/python3.7/site-packages/airflow/example_dags/example_sla_dag.py
[2022-02-16 17:15:25,747] {processor.py:642} INFO - Processing file /home/airflow/.local/lib/python3.7/site-packages/airflow/example_dags/example_sla_dag.py for tasks to queue
[2022-02-16 17:15:25,748] {logging_mixin.py:109} INFO - [2022-02-16 17:15:25,748] {dagbag.py:500} INFO - Filling up the DagBag from /home/airflow/.local/lib/python3.7/site-packages/airflow/example_dags/example_sla_dag.py
[2022-02-16 17:15:25,871] {processor.py:654} INFO - DAG(s) dict_keys(['example_sla_dag']) retrieved from /home/airflow/.local/lib/python3.7/site-packages/airflow/example_dags/example_sla_dag.py
[2022-02-16 17:15:25,892] {logging_mixin.py:109} INFO - [2022-02-16 17:15:25,891] {dag.py:2396} INFO - Sync 1 DAGs
[2022-02-16 17:15:25,952] {logging_mixin.py:109} INFO - [2022-02-16 17:15:25,952] {dag.py:2935} INFO - Setting next_dagrun for example_sla_dag to 2022-02-16T17:12:00+00:00
[2022-02-16 17:15:25,990] {processor.py:171} INFO - Processing /home/airflow/.local/lib/python3.7/site-packages/airflow/example_dags/example_sla_dag.py took 0.264 seconds
[2022-02-16 17:15:56,041] {processor.py:163} INFO - Started process (PID=6638) to work on /home/airflow/.local/lib/python3.7/site-packages/airflow/example_dags/example_sla_dag.py
[2022-02-16 17:15:56,043] {processor.py:642} INFO - Processing file /home/airflow/.local/lib/python3.7/site-packages/airflow/example_dags/example_sla_dag.py for tasks to queue
[2022-02-16 17:15:56,043] {logging_mixin.py:109} INFO - [2022-02-16 17:15:56,043] {dagbag.py:500} INFO - Filling up the DagBag from /home/airflow/.local/lib/python3.7/site-packages/airflow/example_dags/example_sla_dag.py
[2022-02-16 17:15:56,078] {processor.py:654} INFO - DAG(s) dict_keys(['example_sla_dag']) retrieved from /home/airflow/.local/lib/python3.7/site-packages/airflow/example_dags/example_sla_dag.py
[2022-02-16 17:15:56,091] {logging_mixin.py:109} INFO - [2022-02-16 17:15:56,091] {dag.py:2396} INFO - Sync 1 DAGs
[2022-02-16 17:15:56,120] {logging_mixin.py:109} INFO - [2022-02-16 17:15:56,120] {dag.py:2935} INFO - Setting next_dagrun for example_sla_dag to 2022-02-16T17:12:00+00:00
[2022-02-16 17:15:56,133] {processor.py:171} INFO - Processing /home/airflow/.local/lib/python3.7/site-packages/airflow/example_dags/example_sla_dag.py took 0.095 seconds
[2022-02-16 17:16:26,184] {processor.py:163} INFO - Started process (PID=6829) to work on /home/airflow/.local/lib/python3.7/site-packages/airflow/example_dags/example_sla_dag.py
[2022-02-16 17:16:26,185] {processor.py:642} INFO - Processing file /home/airflow/.local/lib/python3.7/site-packages/airflow/example_dags/example_sla_dag.py for tasks to queue
[2022-02-16 17:16:26,186] {logging_mixin.py:109} INFO - [2022-02-16 17:16:26,186] {dagbag.py:500} INFO - Filling up the DagBag from /home/airflow/.local/lib/python3.7/site-packages/airflow/example_dags/example_sla_dag.py
[2022-02-16 17:16:26,220] {processor.py:654} INFO - DAG(s) dict_keys(['example_sla_dag']) retrieved from /home/airflow/.local/lib/python3.7/site-packages/airflow/example_dags/example_sla_dag.py
[2022-02-16 17:16:26,230] {logging_mixin.py:109} INFO - [2022-02-16 17:16:26,230] {dag.py:2396} INFO - Sync 1 DAGs
[2022-02-16 17:16:26,248] {logging_mixin.py:109} INFO - [2022-02-16 17:16:26,248] {dag.py:2935} INFO - Setting next_dagrun for example_sla_dag to 2022-02-16T17:14:00+00:00
[2022-02-16 17:16:26,257] {processor.py:171} INFO - Processing /home/airflow/.local/lib/python3.7/site-packages/airflow/example_dags/example_sla_dag.py took 0.076 seconds
[2022-02-16 17:16:56,344] {processor.py:163} INFO - Started process (PID=7016) to work on /home/airflow/.local/lib/python3.7/site-packages/airflow/example_dags/example_sla_dag.py
[2022-02-16 17:16:56,346] {processor.py:642} INFO - Processing file /home/airflow/.local/lib/python3.7/site-packages/airflow/example_dags/example_sla_dag.py for tasks to queue
[2022-02-16 17:16:56,347] {logging_mixin.py:109} INFO - [2022-02-16 17:16:56,347] {dagbag.py:500} INFO - Filling up the DagBag from /home/airflow/.local/lib/python3.7/site-packages/airflow/example_dags/example_sla_dag.py
[2022-02-16 17:16:56,384] {processor.py:654} INFO - DAG(s) dict_keys(['example_sla_dag']) retrieved from /home/airflow/.local/lib/python3.7/site-packages/airflow/example_dags/example_sla_dag.py
[2022-02-16 17:16:56,397] {logging_mixin.py:109} INFO - [2022-02-16 17:16:56,396] {dag.py:2396} INFO - Sync 1 DAGs
[2022-02-16 17:16:56,418] {logging_mixin.py:109} INFO - [2022-02-16 17:16:56,418] {dag.py:2935} INFO - Setting next_dagrun for example_sla_dag to 2022-02-16T17:14:00+00:00
[2022-02-16 17:16:56,430] {processor.py:171} INFO - Processing /home/airflow/.local/lib/python3.7/site-packages/airflow/example_dags/example_sla_dag.py took 0.094 seconds
[2022-02-16 17:17:26,899] {processor.py:163} INFO - Started process (PID=7213) to work on /home/airflow/.local/lib/python3.7/site-packages/airflow/example_dags/example_sla_dag.py
[2022-02-16 17:17:26,902] {processor.py:642} INFO - Processing file /home/airflow/.local/lib/python3.7/site-packages/airflow/example_dags/example_sla_dag.py for tasks to queue
[2022-02-16 17:17:26,908] {logging_mixin.py:109} INFO - [2022-02-16 17:17:26,907] {dagbag.py:500} INFO - Filling up the DagBag from /home/airflow/.local/lib/python3.7/site-packages/airflow/example_dags/example_sla_dag.py
[2022-02-16 17:17:26,969] {processor.py:654} INFO - DAG(s) dict_keys(['example_sla_dag']) retrieved from /home/airflow/.local/lib/python3.7/site-packages/airflow/example_dags/example_sla_dag.py
[2022-02-16 17:17:26,985] {logging_mixin.py:109} INFO - [2022-02-16 17:17:26,985] {dag.py:2396} INFO - Sync 1 DAGs
[2022-02-16 17:17:27,014] {logging_mixin.py:109} INFO - [2022-02-16 17:17:27,013] {dag.py:2935} INFO - Setting next_dagrun for example_sla_dag to 2022-02-16T17:14:00+00:00
[2022-02-16 17:17:27,023] {processor.py:171} INFO - Processing /home/airflow/.local/lib/python3.7/site-packages/airflow/example_dags/example_sla_dag.py took 0.128 seconds
[2022-02-16 17:17:57,075] {processor.py:163} INFO - Started process (PID=7402) to work on /home/airflow/.local/lib/python3.7/site-packages/airflow/example_dags/example_sla_dag.py
[2022-02-16 17:17:57,076] {processor.py:642} INFO - Processing file /home/airflow/.local/lib/python3.7/site-packages/airflow/example_dags/example_sla_dag.py for tasks to queue
[2022-02-16 17:17:57,077] {logging_mixin.py:109} INFO - [2022-02-16 17:17:57,077] {dagbag.py:500} INFO - Filling up the DagBag from /home/airflow/.local/lib/python3.7/site-packages/airflow/example_dags/example_sla_dag.py
[2022-02-16 17:17:57,115] {processor.py:654} INFO - DAG(s) dict_keys(['example_sla_dag']) retrieved from /home/airflow/.local/lib/python3.7/site-packages/airflow/example_dags/example_sla_dag.py
[2022-02-16 17:17:57,126] {logging_mixin.py:109} INFO - [2022-02-16 17:17:57,126] {dag.py:2396} INFO - Sync 1 DAGs
[2022-02-16 17:17:57,147] {logging_mixin.py:109} INFO - [2022-02-16 17:17:57,147] {dag.py:2935} INFO - Setting next_dagrun for example_sla_dag to 2022-02-16T17:14:00+00:00
[2022-02-16 17:17:57,156] {processor.py:171} INFO - Processing /home/airflow/.local/lib/python3.7/site-packages/airflow/example_dags/example_sla_dag.py took 0.086 seconds
[2022-02-16 17:18:27,731] {processor.py:163} INFO - Started process (PID=7602) to work on /home/airflow/.local/lib/python3.7/site-packages/airflow/example_dags/example_sla_dag.py
[2022-02-16 17:18:27,732] {processor.py:642} INFO - Processing file /home/airflow/.local/lib/python3.7/site-packages/airflow/example_dags/example_sla_dag.py for tasks to queue
[2022-02-16 17:18:27,733] {logging_mixin.py:109} INFO - [2022-02-16 17:18:27,733] {dagbag.py:500} INFO - Filling up the DagBag from /home/airflow/.local/lib/python3.7/site-packages/airflow/example_dags/example_sla_dag.py
[2022-02-16 17:18:27,782] {processor.py:654} INFO - DAG(s) dict_keys(['example_sla_dag']) retrieved from /home/airflow/.local/lib/python3.7/site-packages/airflow/example_dags/example_sla_dag.py
[2022-02-16 17:18:27,795] {logging_mixin.py:109} INFO - [2022-02-16 17:18:27,795] {dag.py:2396} INFO - Sync 1 DAGs
[2022-02-16 17:18:27,822] {logging_mixin.py:109} INFO - [2022-02-16 17:18:27,822] {dag.py:2935} INFO - Setting next_dagrun for example_sla_dag to 2022-02-16T17:16:00+00:00
[2022-02-16 17:18:27,849] {processor.py:171} INFO - Processing /home/airflow/.local/lib/python3.7/site-packages/airflow/example_dags/example_sla_dag.py took 0.123 seconds
[2022-02-16 17:18:58,252] {processor.py:163} INFO - Started process (PID=7791) to work on /home/airflow/.local/lib/python3.7/site-packages/airflow/example_dags/example_sla_dag.py
[2022-02-16 17:18:58,260] {processor.py:642} INFO - Processing file /home/airflow/.local/lib/python3.7/site-packages/airflow/example_dags/example_sla_dag.py for tasks to queue
[2022-02-16 17:18:58,261] {logging_mixin.py:109} INFO - [2022-02-16 17:18:58,261] {dagbag.py:500} INFO - Filling up the DagBag from /home/airflow/.local/lib/python3.7/site-packages/airflow/example_dags/example_sla_dag.py
[2022-02-16 17:18:58,343] {processor.py:654} INFO - DAG(s) dict_keys(['example_sla_dag']) retrieved from /home/airflow/.local/lib/python3.7/site-packages/airflow/example_dags/example_sla_dag.py
[2022-02-16 17:18:58,355] {logging_mixin.py:109} INFO - [2022-02-16 17:18:58,354] {dag.py:2396} INFO - Sync 1 DAGs
[2022-02-16 17:18:58,389] {logging_mixin.py:109} INFO - [2022-02-16 17:18:58,388] {dag.py:2935} INFO - Setting next_dagrun for example_sla_dag to 2022-02-16T17:16:00+00:00
[2022-02-16 17:18:58,402] {processor.py:171} INFO - Processing /home/airflow/.local/lib/python3.7/site-packages/airflow/example_dags/example_sla_dag.py took 0.173 seconds
[2022-02-16 17:19:28,988] {processor.py:163} INFO - Started process (PID=7990) to work on /home/airflow/.local/lib/python3.7/site-packages/airflow/example_dags/example_sla_dag.py
[2022-02-16 17:19:28,991] {processor.py:642} INFO - Processing file /home/airflow/.local/lib/python3.7/site-packages/airflow/example_dags/example_sla_dag.py for tasks to queue
[2022-02-16 17:19:28,993] {logging_mixin.py:109} INFO - [2022-02-16 17:19:28,993] {dagbag.py:500} INFO - Filling up the DagBag from /home/airflow/.local/lib/python3.7/site-packages/airflow/example_dags/example_sla_dag.py
[2022-02-16 17:19:29,051] {processor.py:654} INFO - DAG(s) dict_keys(['example_sla_dag']) retrieved from /home/airflow/.local/lib/python3.7/site-packages/airflow/example_dags/example_sla_dag.py
[2022-02-16 17:19:29,062] {logging_mixin.py:109} INFO - [2022-02-16 17:19:29,062] {dag.py:2396} INFO - Sync 1 DAGs
[2022-02-16 17:19:29,084] {logging_mixin.py:109} INFO - [2022-02-16 17:19:29,084] {dag.py:2935} INFO - Setting next_dagrun for example_sla_dag to 2022-02-16T17:16:00+00:00
[2022-02-16 17:19:29,093] {processor.py:171} INFO - Processing /home/airflow/.local/lib/python3.7/site-packages/airflow/example_dags/example_sla_dag.py took 0.109 seconds
[2022-02-16 17:19:59,701] {processor.py:163} INFO - Started process (PID=8192) to work on /home/airflow/.local/lib/python3.7/site-packages/airflow/example_dags/example_sla_dag.py
[2022-02-16 17:19:59,702] {processor.py:642} INFO - Processing file /home/airflow/.local/lib/python3.7/site-packages/airflow/example_dags/example_sla_dag.py for tasks to queue
[2022-02-16 17:19:59,703] {logging_mixin.py:109} INFO - [2022-02-16 17:19:59,703] {dagbag.py:500} INFO - Filling up the DagBag from /home/airflow/.local/lib/python3.7/site-packages/airflow/example_dags/example_sla_dag.py
[2022-02-16 17:19:59,750] {processor.py:654} INFO - DAG(s) dict_keys(['example_sla_dag']) retrieved from /home/airflow/.local/lib/python3.7/site-packages/airflow/example_dags/example_sla_dag.py
[2022-02-16 17:19:59,763] {logging_mixin.py:109} INFO - [2022-02-16 17:19:59,763] {dag.py:2396} INFO - Sync 1 DAGs
[2022-02-16 17:19:59,792] {logging_mixin.py:109} INFO - [2022-02-16 17:19:59,792] {dag.py:2935} INFO - Setting next_dagrun for example_sla_dag to 2022-02-16T17:16:00+00:00
[2022-02-16 17:19:59,802] {processor.py:171} INFO - Processing /home/airflow/.local/lib/python3.7/site-packages/airflow/example_dags/example_sla_dag.py took 0.105 seconds
[2022-02-16 17:20:29,959] {processor.py:163} INFO - Started process (PID=8389) to work on /home/airflow/.local/lib/python3.7/site-packages/airflow/example_dags/example_sla_dag.py
[2022-02-16 17:20:29,961] {processor.py:642} INFO - Processing file /home/airflow/.local/lib/python3.7/site-packages/airflow/example_dags/example_sla_dag.py for tasks to queue
[2022-02-16 17:20:29,961] {logging_mixin.py:109} INFO - [2022-02-16 17:20:29,961] {dagbag.py:500} INFO - Filling up the DagBag from /home/airflow/.local/lib/python3.7/site-packages/airflow/example_dags/example_sla_dag.py
[2022-02-16 17:20:29,995] {processor.py:654} INFO - DAG(s) dict_keys(['example_sla_dag']) retrieved from /home/airflow/.local/lib/python3.7/site-packages/airflow/example_dags/example_sla_dag.py
[2022-02-16 17:20:30,006] {logging_mixin.py:109} INFO - [2022-02-16 17:20:30,005] {dag.py:2396} INFO - Sync 1 DAGs
[2022-02-16 17:20:30,028] {logging_mixin.py:109} INFO - [2022-02-16 17:20:30,028] {dag.py:2935} INFO - Setting next_dagrun for example_sla_dag to 2022-02-16T17:18:00+00:00
[2022-02-16 17:20:30,037] {processor.py:171} INFO - Processing /home/airflow/.local/lib/python3.7/site-packages/airflow/example_dags/example_sla_dag.py took 0.082 seconds
[2022-02-16 17:21:00,354] {processor.py:163} INFO - Started process (PID=8570) to work on /home/airflow/.local/lib/python3.7/site-packages/airflow/example_dags/example_sla_dag.py
[2022-02-16 17:21:00,356] {processor.py:642} INFO - Processing file /home/airflow/.local/lib/python3.7/site-packages/airflow/example_dags/example_sla_dag.py for tasks to queue
[2022-02-16 17:21:00,356] {logging_mixin.py:109} INFO - [2022-02-16 17:21:00,356] {dagbag.py:500} INFO - Filling up the DagBag from /home/airflow/.local/lib/python3.7/site-packages/airflow/example_dags/example_sla_dag.py
[2022-02-16 17:21:00,435] {processor.py:654} INFO - DAG(s) dict_keys(['example_sla_dag']) retrieved from /home/airflow/.local/lib/python3.7/site-packages/airflow/example_dags/example_sla_dag.py
[2022-02-16 17:21:00,458] {logging_mixin.py:109} INFO - [2022-02-16 17:21:00,458] {dag.py:2396} INFO - Sync 1 DAGs
[2022-02-16 17:21:00,499] {logging_mixin.py:109} INFO - [2022-02-16 17:21:00,499] {dag.py:2935} INFO - Setting next_dagrun for example_sla_dag to 2022-02-16T17:18:00+00:00
[2022-02-16 17:21:00,518] {processor.py:171} INFO - Processing /home/airflow/.local/lib/python3.7/site-packages/airflow/example_dags/example_sla_dag.py took 0.176 seconds
