[2022-02-16 16:58:46,853] {processor.py:163} INFO - Started process (PID=285) to work on /home/airflow/.local/lib/python3.7/site-packages/airflow/example_dags/example_trigger_target_dag.py
[2022-02-16 16:58:46,854] {processor.py:642} INFO - Processing file /home/airflow/.local/lib/python3.7/site-packages/airflow/example_dags/example_trigger_target_dag.py for tasks to queue
[2022-02-16 16:58:46,855] {logging_mixin.py:109} INFO - [2022-02-16 16:58:46,855] {dagbag.py:500} INFO - Filling up the DagBag from /home/airflow/.local/lib/python3.7/site-packages/airflow/example_dags/example_trigger_target_dag.py
[2022-02-16 16:58:46,931] {processor.py:654} INFO - DAG(s) dict_keys(['example_trigger_target_dag']) retrieved from /home/airflow/.local/lib/python3.7/site-packages/airflow/example_dags/example_trigger_target_dag.py
[2022-02-16 16:58:49,164] {logging_mixin.py:109} INFO - [2022-02-16 16:58:49,164] {manager.py:496} INFO - Created Permission View: can read on DAG:example_trigger_target_dag
[2022-02-16 16:58:49,172] {logging_mixin.py:109} INFO - [2022-02-16 16:58:49,172] {manager.py:496} INFO - Created Permission View: can edit on DAG:example_trigger_target_dag
[2022-02-16 16:58:49,173] {logging_mixin.py:109} INFO - [2022-02-16 16:58:49,172] {dag.py:2396} INFO - Sync 1 DAGs
[2022-02-16 16:58:49,180] {logging_mixin.py:109} INFO - [2022-02-16 16:58:49,179] {dag.py:2415} INFO - Creating ORM DAG for example_trigger_target_dag
[2022-02-16 16:58:49,188] {logging_mixin.py:109} INFO - [2022-02-16 16:58:49,188] {dag.py:2935} INFO - Setting next_dagrun for example_trigger_target_dag to None
[2022-02-16 16:58:49,199] {processor.py:171} INFO - Processing /home/airflow/.local/lib/python3.7/site-packages/airflow/example_dags/example_trigger_target_dag.py took 2.351 seconds
[2022-02-16 16:59:19,240] {processor.py:163} INFO - Started process (PID=499) to work on /home/airflow/.local/lib/python3.7/site-packages/airflow/example_dags/example_trigger_target_dag.py
[2022-02-16 16:59:19,241] {processor.py:642} INFO - Processing file /home/airflow/.local/lib/python3.7/site-packages/airflow/example_dags/example_trigger_target_dag.py for tasks to queue
[2022-02-16 16:59:19,242] {logging_mixin.py:109} INFO - [2022-02-16 16:59:19,242] {dagbag.py:500} INFO - Filling up the DagBag from /home/airflow/.local/lib/python3.7/site-packages/airflow/example_dags/example_trigger_target_dag.py
[2022-02-16 16:59:19,279] {processor.py:654} INFO - DAG(s) dict_keys(['example_trigger_target_dag']) retrieved from /home/airflow/.local/lib/python3.7/site-packages/airflow/example_dags/example_trigger_target_dag.py
[2022-02-16 16:59:19,291] {logging_mixin.py:109} INFO - [2022-02-16 16:59:19,291] {dag.py:2396} INFO - Sync 1 DAGs
[2022-02-16 16:59:19,308] {logging_mixin.py:109} INFO - [2022-02-16 16:59:19,308] {dag.py:2935} INFO - Setting next_dagrun for example_trigger_target_dag to None
[2022-02-16 16:59:19,316] {processor.py:171} INFO - Processing /home/airflow/.local/lib/python3.7/site-packages/airflow/example_dags/example_trigger_target_dag.py took 0.081 seconds
[2022-02-16 16:59:50,174] {processor.py:163} INFO - Started process (PID=682) to work on /home/airflow/.local/lib/python3.7/site-packages/airflow/example_dags/example_trigger_target_dag.py
[2022-02-16 16:59:50,176] {processor.py:642} INFO - Processing file /home/airflow/.local/lib/python3.7/site-packages/airflow/example_dags/example_trigger_target_dag.py for tasks to queue
[2022-02-16 16:59:50,177] {logging_mixin.py:109} INFO - [2022-02-16 16:59:50,177] {dagbag.py:500} INFO - Filling up the DagBag from /home/airflow/.local/lib/python3.7/site-packages/airflow/example_dags/example_trigger_target_dag.py
[2022-02-16 16:59:50,233] {processor.py:654} INFO - DAG(s) dict_keys(['example_trigger_target_dag']) retrieved from /home/airflow/.local/lib/python3.7/site-packages/airflow/example_dags/example_trigger_target_dag.py
[2022-02-16 16:59:50,246] {logging_mixin.py:109} INFO - [2022-02-16 16:59:50,246] {dag.py:2396} INFO - Sync 1 DAGs
[2022-02-16 16:59:50,276] {logging_mixin.py:109} INFO - [2022-02-16 16:59:50,276] {dag.py:2935} INFO - Setting next_dagrun for example_trigger_target_dag to None
[2022-02-16 16:59:50,293] {processor.py:171} INFO - Processing /home/airflow/.local/lib/python3.7/site-packages/airflow/example_dags/example_trigger_target_dag.py took 0.125 seconds
[2022-02-16 17:00:22,239] {processor.py:163} INFO - Started process (PID=869) to work on /home/airflow/.local/lib/python3.7/site-packages/airflow/example_dags/example_trigger_target_dag.py
[2022-02-16 17:00:22,240] {processor.py:642} INFO - Processing file /home/airflow/.local/lib/python3.7/site-packages/airflow/example_dags/example_trigger_target_dag.py for tasks to queue
[2022-02-16 17:00:22,241] {logging_mixin.py:109} INFO - [2022-02-16 17:00:22,241] {dagbag.py:500} INFO - Filling up the DagBag from /home/airflow/.local/lib/python3.7/site-packages/airflow/example_dags/example_trigger_target_dag.py
[2022-02-16 17:00:22,282] {processor.py:654} INFO - DAG(s) dict_keys(['example_trigger_target_dag']) retrieved from /home/airflow/.local/lib/python3.7/site-packages/airflow/example_dags/example_trigger_target_dag.py
[2022-02-16 17:00:22,293] {logging_mixin.py:109} INFO - [2022-02-16 17:00:22,293] {dag.py:2396} INFO - Sync 1 DAGs
[2022-02-16 17:00:22,317] {logging_mixin.py:109} INFO - [2022-02-16 17:00:22,316] {dag.py:2935} INFO - Setting next_dagrun for example_trigger_target_dag to None
[2022-02-16 17:00:22,326] {processor.py:171} INFO - Processing /home/airflow/.local/lib/python3.7/site-packages/airflow/example_dags/example_trigger_target_dag.py took 0.092 seconds
[2022-02-16 17:00:52,905] {processor.py:163} INFO - Started process (PID=1048) to work on /home/airflow/.local/lib/python3.7/site-packages/airflow/example_dags/example_trigger_target_dag.py
[2022-02-16 17:00:52,906] {processor.py:642} INFO - Processing file /home/airflow/.local/lib/python3.7/site-packages/airflow/example_dags/example_trigger_target_dag.py for tasks to queue
[2022-02-16 17:00:52,907] {logging_mixin.py:109} INFO - [2022-02-16 17:00:52,907] {dagbag.py:500} INFO - Filling up the DagBag from /home/airflow/.local/lib/python3.7/site-packages/airflow/example_dags/example_trigger_target_dag.py
[2022-02-16 17:00:52,951] {processor.py:654} INFO - DAG(s) dict_keys(['example_trigger_target_dag']) retrieved from /home/airflow/.local/lib/python3.7/site-packages/airflow/example_dags/example_trigger_target_dag.py
[2022-02-16 17:00:52,965] {logging_mixin.py:109} INFO - [2022-02-16 17:00:52,965] {dag.py:2396} INFO - Sync 1 DAGs
[2022-02-16 17:00:52,983] {logging_mixin.py:109} INFO - [2022-02-16 17:00:52,983] {dag.py:2935} INFO - Setting next_dagrun for example_trigger_target_dag to None
[2022-02-16 17:00:52,992] {processor.py:171} INFO - Processing /home/airflow/.local/lib/python3.7/site-packages/airflow/example_dags/example_trigger_target_dag.py took 0.091 seconds
[2022-02-16 17:01:23,208] {processor.py:163} INFO - Started process (PID=1238) to work on /home/airflow/.local/lib/python3.7/site-packages/airflow/example_dags/example_trigger_target_dag.py
[2022-02-16 17:01:23,210] {processor.py:642} INFO - Processing file /home/airflow/.local/lib/python3.7/site-packages/airflow/example_dags/example_trigger_target_dag.py for tasks to queue
[2022-02-16 17:01:23,210] {logging_mixin.py:109} INFO - [2022-02-16 17:01:23,210] {dagbag.py:500} INFO - Filling up the DagBag from /home/airflow/.local/lib/python3.7/site-packages/airflow/example_dags/example_trigger_target_dag.py
[2022-02-16 17:01:23,249] {processor.py:654} INFO - DAG(s) dict_keys(['example_trigger_target_dag']) retrieved from /home/airflow/.local/lib/python3.7/site-packages/airflow/example_dags/example_trigger_target_dag.py
[2022-02-16 17:01:23,260] {logging_mixin.py:109} INFO - [2022-02-16 17:01:23,260] {dag.py:2396} INFO - Sync 1 DAGs
[2022-02-16 17:01:23,277] {logging_mixin.py:109} INFO - [2022-02-16 17:01:23,277] {dag.py:2935} INFO - Setting next_dagrun for example_trigger_target_dag to None
[2022-02-16 17:01:23,285] {processor.py:171} INFO - Processing /home/airflow/.local/lib/python3.7/site-packages/airflow/example_dags/example_trigger_target_dag.py took 0.082 seconds
[2022-02-16 17:01:54,100] {processor.py:163} INFO - Started process (PID=1416) to work on /home/airflow/.local/lib/python3.7/site-packages/airflow/example_dags/example_trigger_target_dag.py
[2022-02-16 17:01:54,102] {processor.py:642} INFO - Processing file /home/airflow/.local/lib/python3.7/site-packages/airflow/example_dags/example_trigger_target_dag.py for tasks to queue
[2022-02-16 17:01:54,102] {logging_mixin.py:109} INFO - [2022-02-16 17:01:54,102] {dagbag.py:500} INFO - Filling up the DagBag from /home/airflow/.local/lib/python3.7/site-packages/airflow/example_dags/example_trigger_target_dag.py
[2022-02-16 17:01:54,203] {processor.py:654} INFO - DAG(s) dict_keys(['example_trigger_target_dag']) retrieved from /home/airflow/.local/lib/python3.7/site-packages/airflow/example_dags/example_trigger_target_dag.py
[2022-02-16 17:01:54,227] {logging_mixin.py:109} INFO - [2022-02-16 17:01:54,227] {dag.py:2396} INFO - Sync 1 DAGs
[2022-02-16 17:01:54,273] {logging_mixin.py:109} INFO - [2022-02-16 17:01:54,273] {dag.py:2935} INFO - Setting next_dagrun for example_trigger_target_dag to None
[2022-02-16 17:01:54,293] {processor.py:171} INFO - Processing /home/airflow/.local/lib/python3.7/site-packages/airflow/example_dags/example_trigger_target_dag.py took 0.200 seconds
[2022-02-16 17:02:24,738] {processor.py:163} INFO - Started process (PID=1594) to work on /home/airflow/.local/lib/python3.7/site-packages/airflow/example_dags/example_trigger_target_dag.py
[2022-02-16 17:02:24,739] {processor.py:642} INFO - Processing file /home/airflow/.local/lib/python3.7/site-packages/airflow/example_dags/example_trigger_target_dag.py for tasks to queue
[2022-02-16 17:02:24,740] {logging_mixin.py:109} INFO - [2022-02-16 17:02:24,740] {dagbag.py:500} INFO - Filling up the DagBag from /home/airflow/.local/lib/python3.7/site-packages/airflow/example_dags/example_trigger_target_dag.py
[2022-02-16 17:02:24,795] {processor.py:654} INFO - DAG(s) dict_keys(['example_trigger_target_dag']) retrieved from /home/airflow/.local/lib/python3.7/site-packages/airflow/example_dags/example_trigger_target_dag.py
[2022-02-16 17:02:24,844] {logging_mixin.py:109} INFO - [2022-02-16 17:02:24,844] {dag.py:2396} INFO - Sync 1 DAGs
[2022-02-16 17:02:24,881] {logging_mixin.py:109} INFO - [2022-02-16 17:02:24,881] {dag.py:2935} INFO - Setting next_dagrun for example_trigger_target_dag to None
[2022-02-16 17:02:24,892] {processor.py:171} INFO - Processing /home/airflow/.local/lib/python3.7/site-packages/airflow/example_dags/example_trigger_target_dag.py took 0.159 seconds
[2022-02-16 17:02:55,107] {processor.py:163} INFO - Started process (PID=1772) to work on /home/airflow/.local/lib/python3.7/site-packages/airflow/example_dags/example_trigger_target_dag.py
[2022-02-16 17:02:55,108] {processor.py:642} INFO - Processing file /home/airflow/.local/lib/python3.7/site-packages/airflow/example_dags/example_trigger_target_dag.py for tasks to queue
[2022-02-16 17:02:55,109] {logging_mixin.py:109} INFO - [2022-02-16 17:02:55,109] {dagbag.py:500} INFO - Filling up the DagBag from /home/airflow/.local/lib/python3.7/site-packages/airflow/example_dags/example_trigger_target_dag.py
[2022-02-16 17:02:55,146] {processor.py:654} INFO - DAG(s) dict_keys(['example_trigger_target_dag']) retrieved from /home/airflow/.local/lib/python3.7/site-packages/airflow/example_dags/example_trigger_target_dag.py
[2022-02-16 17:02:55,157] {logging_mixin.py:109} INFO - [2022-02-16 17:02:55,157] {dag.py:2396} INFO - Sync 1 DAGs
[2022-02-16 17:02:55,175] {logging_mixin.py:109} INFO - [2022-02-16 17:02:55,175] {dag.py:2935} INFO - Setting next_dagrun for example_trigger_target_dag to None
[2022-02-16 17:02:55,189] {processor.py:171} INFO - Processing /home/airflow/.local/lib/python3.7/site-packages/airflow/example_dags/example_trigger_target_dag.py took 0.087 seconds
[2022-02-16 17:03:25,506] {processor.py:163} INFO - Started process (PID=1958) to work on /home/airflow/.local/lib/python3.7/site-packages/airflow/example_dags/example_trigger_target_dag.py
[2022-02-16 17:03:25,508] {processor.py:642} INFO - Processing file /home/airflow/.local/lib/python3.7/site-packages/airflow/example_dags/example_trigger_target_dag.py for tasks to queue
[2022-02-16 17:03:25,508] {logging_mixin.py:109} INFO - [2022-02-16 17:03:25,508] {dagbag.py:500} INFO - Filling up the DagBag from /home/airflow/.local/lib/python3.7/site-packages/airflow/example_dags/example_trigger_target_dag.py
[2022-02-16 17:03:25,546] {processor.py:654} INFO - DAG(s) dict_keys(['example_trigger_target_dag']) retrieved from /home/airflow/.local/lib/python3.7/site-packages/airflow/example_dags/example_trigger_target_dag.py
[2022-02-16 17:03:25,558] {logging_mixin.py:109} INFO - [2022-02-16 17:03:25,557] {dag.py:2396} INFO - Sync 1 DAGs
[2022-02-16 17:03:25,579] {logging_mixin.py:109} INFO - [2022-02-16 17:03:25,578] {dag.py:2935} INFO - Setting next_dagrun for example_trigger_target_dag to None
[2022-02-16 17:03:25,592] {processor.py:171} INFO - Processing /home/airflow/.local/lib/python3.7/site-packages/airflow/example_dags/example_trigger_target_dag.py took 0.090 seconds
[2022-02-16 17:03:56,062] {processor.py:163} INFO - Started process (PID=2152) to work on /home/airflow/.local/lib/python3.7/site-packages/airflow/example_dags/example_trigger_target_dag.py
[2022-02-16 17:03:56,069] {processor.py:642} INFO - Processing file /home/airflow/.local/lib/python3.7/site-packages/airflow/example_dags/example_trigger_target_dag.py for tasks to queue
[2022-02-16 17:03:56,070] {logging_mixin.py:109} INFO - [2022-02-16 17:03:56,070] {dagbag.py:500} INFO - Filling up the DagBag from /home/airflow/.local/lib/python3.7/site-packages/airflow/example_dags/example_trigger_target_dag.py
[2022-02-16 17:03:56,126] {processor.py:654} INFO - DAG(s) dict_keys(['example_trigger_target_dag']) retrieved from /home/airflow/.local/lib/python3.7/site-packages/airflow/example_dags/example_trigger_target_dag.py
[2022-02-16 17:03:56,138] {logging_mixin.py:109} INFO - [2022-02-16 17:03:56,137] {dag.py:2396} INFO - Sync 1 DAGs
[2022-02-16 17:03:56,159] {logging_mixin.py:109} INFO - [2022-02-16 17:03:56,159] {dag.py:2935} INFO - Setting next_dagrun for example_trigger_target_dag to None
[2022-02-16 17:03:56,180] {processor.py:171} INFO - Processing /home/airflow/.local/lib/python3.7/site-packages/airflow/example_dags/example_trigger_target_dag.py took 0.146 seconds
[2022-02-16 17:04:26,833] {processor.py:163} INFO - Started process (PID=2343) to work on /home/airflow/.local/lib/python3.7/site-packages/airflow/example_dags/example_trigger_target_dag.py
[2022-02-16 17:04:26,835] {processor.py:642} INFO - Processing file /home/airflow/.local/lib/python3.7/site-packages/airflow/example_dags/example_trigger_target_dag.py for tasks to queue
[2022-02-16 17:04:26,839] {logging_mixin.py:109} INFO - [2022-02-16 17:04:26,839] {dagbag.py:500} INFO - Filling up the DagBag from /home/airflow/.local/lib/python3.7/site-packages/airflow/example_dags/example_trigger_target_dag.py
[2022-02-16 17:04:26,916] {processor.py:654} INFO - DAG(s) dict_keys(['example_trigger_target_dag']) retrieved from /home/airflow/.local/lib/python3.7/site-packages/airflow/example_dags/example_trigger_target_dag.py
[2022-02-16 17:04:26,931] {logging_mixin.py:109} INFO - [2022-02-16 17:04:26,930] {dag.py:2396} INFO - Sync 1 DAGs
[2022-02-16 17:04:26,955] {logging_mixin.py:109} INFO - [2022-02-16 17:04:26,955] {dag.py:2935} INFO - Setting next_dagrun for example_trigger_target_dag to None
[2022-02-16 17:04:26,969] {processor.py:171} INFO - Processing /home/airflow/.local/lib/python3.7/site-packages/airflow/example_dags/example_trigger_target_dag.py took 0.147 seconds
[2022-02-16 17:04:57,546] {processor.py:163} INFO - Started process (PID=2532) to work on /home/airflow/.local/lib/python3.7/site-packages/airflow/example_dags/example_trigger_target_dag.py
[2022-02-16 17:04:57,547] {processor.py:642} INFO - Processing file /home/airflow/.local/lib/python3.7/site-packages/airflow/example_dags/example_trigger_target_dag.py for tasks to queue
[2022-02-16 17:04:57,548] {logging_mixin.py:109} INFO - [2022-02-16 17:04:57,548] {dagbag.py:500} INFO - Filling up the DagBag from /home/airflow/.local/lib/python3.7/site-packages/airflow/example_dags/example_trigger_target_dag.py
[2022-02-16 17:04:57,593] {processor.py:654} INFO - DAG(s) dict_keys(['example_trigger_target_dag']) retrieved from /home/airflow/.local/lib/python3.7/site-packages/airflow/example_dags/example_trigger_target_dag.py
[2022-02-16 17:04:57,607] {logging_mixin.py:109} INFO - [2022-02-16 17:04:57,606] {dag.py:2396} INFO - Sync 1 DAGs
[2022-02-16 17:04:57,628] {logging_mixin.py:109} INFO - [2022-02-16 17:04:57,628] {dag.py:2935} INFO - Setting next_dagrun for example_trigger_target_dag to None
[2022-02-16 17:04:57,645] {processor.py:171} INFO - Processing /home/airflow/.local/lib/python3.7/site-packages/airflow/example_dags/example_trigger_target_dag.py took 0.103 seconds
[2022-02-16 17:05:28,753] {processor.py:163} INFO - Started process (PID=2718) to work on /home/airflow/.local/lib/python3.7/site-packages/airflow/example_dags/example_trigger_target_dag.py
[2022-02-16 17:05:28,755] {processor.py:642} INFO - Processing file /home/airflow/.local/lib/python3.7/site-packages/airflow/example_dags/example_trigger_target_dag.py for tasks to queue
[2022-02-16 17:05:28,756] {logging_mixin.py:109} INFO - [2022-02-16 17:05:28,756] {dagbag.py:500} INFO - Filling up the DagBag from /home/airflow/.local/lib/python3.7/site-packages/airflow/example_dags/example_trigger_target_dag.py
[2022-02-16 17:05:28,812] {processor.py:654} INFO - DAG(s) dict_keys(['example_trigger_target_dag']) retrieved from /home/airflow/.local/lib/python3.7/site-packages/airflow/example_dags/example_trigger_target_dag.py
[2022-02-16 17:05:28,844] {logging_mixin.py:109} INFO - [2022-02-16 17:05:28,844] {dag.py:2396} INFO - Sync 1 DAGs
[2022-02-16 17:05:28,948] {logging_mixin.py:109} INFO - [2022-02-16 17:05:28,948] {dag.py:2935} INFO - Setting next_dagrun for example_trigger_target_dag to None
[2022-02-16 17:05:29,003] {processor.py:171} INFO - Processing /home/airflow/.local/lib/python3.7/site-packages/airflow/example_dags/example_trigger_target_dag.py took 0.260 seconds
[2022-02-16 17:05:59,782] {processor.py:163} INFO - Started process (PID=2911) to work on /home/airflow/.local/lib/python3.7/site-packages/airflow/example_dags/example_trigger_target_dag.py
[2022-02-16 17:05:59,786] {processor.py:642} INFO - Processing file /home/airflow/.local/lib/python3.7/site-packages/airflow/example_dags/example_trigger_target_dag.py for tasks to queue
[2022-02-16 17:05:59,787] {logging_mixin.py:109} INFO - [2022-02-16 17:05:59,787] {dagbag.py:500} INFO - Filling up the DagBag from /home/airflow/.local/lib/python3.7/site-packages/airflow/example_dags/example_trigger_target_dag.py
[2022-02-16 17:05:59,854] {processor.py:654} INFO - DAG(s) dict_keys(['example_trigger_target_dag']) retrieved from /home/airflow/.local/lib/python3.7/site-packages/airflow/example_dags/example_trigger_target_dag.py
[2022-02-16 17:05:59,867] {logging_mixin.py:109} INFO - [2022-02-16 17:05:59,867] {dag.py:2396} INFO - Sync 1 DAGs
[2022-02-16 17:05:59,885] {logging_mixin.py:109} INFO - [2022-02-16 17:05:59,885] {dag.py:2935} INFO - Setting next_dagrun for example_trigger_target_dag to None
[2022-02-16 17:05:59,895] {processor.py:171} INFO - Processing /home/airflow/.local/lib/python3.7/site-packages/airflow/example_dags/example_trigger_target_dag.py took 0.119 seconds
[2022-02-16 17:06:30,311] {processor.py:163} INFO - Started process (PID=3096) to work on /home/airflow/.local/lib/python3.7/site-packages/airflow/example_dags/example_trigger_target_dag.py
[2022-02-16 17:06:30,313] {processor.py:642} INFO - Processing file /home/airflow/.local/lib/python3.7/site-packages/airflow/example_dags/example_trigger_target_dag.py for tasks to queue
[2022-02-16 17:06:30,314] {logging_mixin.py:109} INFO - [2022-02-16 17:06:30,314] {dagbag.py:500} INFO - Filling up the DagBag from /home/airflow/.local/lib/python3.7/site-packages/airflow/example_dags/example_trigger_target_dag.py
[2022-02-16 17:06:30,362] {processor.py:654} INFO - DAG(s) dict_keys(['example_trigger_target_dag']) retrieved from /home/airflow/.local/lib/python3.7/site-packages/airflow/example_dags/example_trigger_target_dag.py
[2022-02-16 17:06:30,386] {logging_mixin.py:109} INFO - [2022-02-16 17:06:30,385] {dag.py:2396} INFO - Sync 1 DAGs
[2022-02-16 17:06:30,404] {logging_mixin.py:109} INFO - [2022-02-16 17:06:30,404] {dag.py:2935} INFO - Setting next_dagrun for example_trigger_target_dag to None
[2022-02-16 17:06:30,414] {processor.py:171} INFO - Processing /home/airflow/.local/lib/python3.7/site-packages/airflow/example_dags/example_trigger_target_dag.py took 0.106 seconds
[2022-02-16 17:07:00,975] {processor.py:163} INFO - Started process (PID=3280) to work on /home/airflow/.local/lib/python3.7/site-packages/airflow/example_dags/example_trigger_target_dag.py
[2022-02-16 17:07:00,978] {processor.py:642} INFO - Processing file /home/airflow/.local/lib/python3.7/site-packages/airflow/example_dags/example_trigger_target_dag.py for tasks to queue
[2022-02-16 17:07:00,979] {logging_mixin.py:109} INFO - [2022-02-16 17:07:00,979] {dagbag.py:500} INFO - Filling up the DagBag from /home/airflow/.local/lib/python3.7/site-packages/airflow/example_dags/example_trigger_target_dag.py
[2022-02-16 17:07:01,095] {processor.py:654} INFO - DAG(s) dict_keys(['example_trigger_target_dag']) retrieved from /home/airflow/.local/lib/python3.7/site-packages/airflow/example_dags/example_trigger_target_dag.py
[2022-02-16 17:07:01,110] {logging_mixin.py:109} INFO - [2022-02-16 17:07:01,110] {dag.py:2396} INFO - Sync 1 DAGs
[2022-02-16 17:07:01,131] {logging_mixin.py:109} INFO - [2022-02-16 17:07:01,131] {dag.py:2935} INFO - Setting next_dagrun for example_trigger_target_dag to None
[2022-02-16 17:07:01,157] {processor.py:171} INFO - Processing /home/airflow/.local/lib/python3.7/site-packages/airflow/example_dags/example_trigger_target_dag.py took 0.190 seconds
[2022-02-16 17:07:31,343] {processor.py:163} INFO - Started process (PID=3473) to work on /home/airflow/.local/lib/python3.7/site-packages/airflow/example_dags/example_trigger_target_dag.py
[2022-02-16 17:07:31,347] {processor.py:642} INFO - Processing file /home/airflow/.local/lib/python3.7/site-packages/airflow/example_dags/example_trigger_target_dag.py for tasks to queue
[2022-02-16 17:07:31,355] {logging_mixin.py:109} INFO - [2022-02-16 17:07:31,355] {dagbag.py:500} INFO - Filling up the DagBag from /home/airflow/.local/lib/python3.7/site-packages/airflow/example_dags/example_trigger_target_dag.py
[2022-02-16 17:07:31,422] {processor.py:654} INFO - DAG(s) dict_keys(['example_trigger_target_dag']) retrieved from /home/airflow/.local/lib/python3.7/site-packages/airflow/example_dags/example_trigger_target_dag.py
[2022-02-16 17:07:31,442] {logging_mixin.py:109} INFO - [2022-02-16 17:07:31,442] {dag.py:2396} INFO - Sync 1 DAGs
[2022-02-16 17:07:31,487] {logging_mixin.py:109} INFO - [2022-02-16 17:07:31,486] {dag.py:2935} INFO - Setting next_dagrun for example_trigger_target_dag to None
[2022-02-16 17:07:31,529] {processor.py:171} INFO - Processing /home/airflow/.local/lib/python3.7/site-packages/airflow/example_dags/example_trigger_target_dag.py took 0.190 seconds
[2022-02-16 17:08:02,008] {processor.py:163} INFO - Started process (PID=3658) to work on /home/airflow/.local/lib/python3.7/site-packages/airflow/example_dags/example_trigger_target_dag.py
[2022-02-16 17:08:02,010] {processor.py:642} INFO - Processing file /home/airflow/.local/lib/python3.7/site-packages/airflow/example_dags/example_trigger_target_dag.py for tasks to queue
[2022-02-16 17:08:02,011] {logging_mixin.py:109} INFO - [2022-02-16 17:08:02,010] {dagbag.py:500} INFO - Filling up the DagBag from /home/airflow/.local/lib/python3.7/site-packages/airflow/example_dags/example_trigger_target_dag.py
[2022-02-16 17:08:02,047] {processor.py:654} INFO - DAG(s) dict_keys(['example_trigger_target_dag']) retrieved from /home/airflow/.local/lib/python3.7/site-packages/airflow/example_dags/example_trigger_target_dag.py
[2022-02-16 17:08:02,058] {logging_mixin.py:109} INFO - [2022-02-16 17:08:02,058] {dag.py:2396} INFO - Sync 1 DAGs
[2022-02-16 17:08:02,075] {logging_mixin.py:109} INFO - [2022-02-16 17:08:02,075] {dag.py:2935} INFO - Setting next_dagrun for example_trigger_target_dag to None
[2022-02-16 17:08:02,085] {processor.py:171} INFO - Processing /home/airflow/.local/lib/python3.7/site-packages/airflow/example_dags/example_trigger_target_dag.py took 0.081 seconds
[2022-02-16 17:08:32,386] {processor.py:163} INFO - Started process (PID=3840) to work on /home/airflow/.local/lib/python3.7/site-packages/airflow/example_dags/example_trigger_target_dag.py
[2022-02-16 17:08:32,388] {processor.py:642} INFO - Processing file /home/airflow/.local/lib/python3.7/site-packages/airflow/example_dags/example_trigger_target_dag.py for tasks to queue
[2022-02-16 17:08:32,388] {logging_mixin.py:109} INFO - [2022-02-16 17:08:32,388] {dagbag.py:500} INFO - Filling up the DagBag from /home/airflow/.local/lib/python3.7/site-packages/airflow/example_dags/example_trigger_target_dag.py
[2022-02-16 17:08:32,451] {processor.py:654} INFO - DAG(s) dict_keys(['example_trigger_target_dag']) retrieved from /home/airflow/.local/lib/python3.7/site-packages/airflow/example_dags/example_trigger_target_dag.py
[2022-02-16 17:08:32,470] {logging_mixin.py:109} INFO - [2022-02-16 17:08:32,470] {dag.py:2396} INFO - Sync 1 DAGs
[2022-02-16 17:08:32,513] {logging_mixin.py:109} INFO - [2022-02-16 17:08:32,513] {dag.py:2935} INFO - Setting next_dagrun for example_trigger_target_dag to None
[2022-02-16 17:08:32,530] {processor.py:171} INFO - Processing /home/airflow/.local/lib/python3.7/site-packages/airflow/example_dags/example_trigger_target_dag.py took 0.158 seconds
[2022-02-16 17:09:03,610] {processor.py:163} INFO - Started process (PID=4025) to work on /home/airflow/.local/lib/python3.7/site-packages/airflow/example_dags/example_trigger_target_dag.py
[2022-02-16 17:09:03,615] {processor.py:642} INFO - Processing file /home/airflow/.local/lib/python3.7/site-packages/airflow/example_dags/example_trigger_target_dag.py for tasks to queue
[2022-02-16 17:09:03,616] {logging_mixin.py:109} INFO - [2022-02-16 17:09:03,615] {dagbag.py:500} INFO - Filling up the DagBag from /home/airflow/.local/lib/python3.7/site-packages/airflow/example_dags/example_trigger_target_dag.py
[2022-02-16 17:09:03,667] {processor.py:654} INFO - DAG(s) dict_keys(['example_trigger_target_dag']) retrieved from /home/airflow/.local/lib/python3.7/site-packages/airflow/example_dags/example_trigger_target_dag.py
[2022-02-16 17:09:03,681] {logging_mixin.py:109} INFO - [2022-02-16 17:09:03,681] {dag.py:2396} INFO - Sync 1 DAGs
[2022-02-16 17:09:03,705] {logging_mixin.py:109} INFO - [2022-02-16 17:09:03,705] {dag.py:2935} INFO - Setting next_dagrun for example_trigger_target_dag to None
[2022-02-16 17:09:03,715] {processor.py:171} INFO - Processing /home/airflow/.local/lib/python3.7/site-packages/airflow/example_dags/example_trigger_target_dag.py took 0.110 seconds
[2022-02-16 17:09:33,991] {processor.py:163} INFO - Started process (PID=4216) to work on /home/airflow/.local/lib/python3.7/site-packages/airflow/example_dags/example_trigger_target_dag.py
[2022-02-16 17:09:33,995] {processor.py:642} INFO - Processing file /home/airflow/.local/lib/python3.7/site-packages/airflow/example_dags/example_trigger_target_dag.py for tasks to queue
[2022-02-16 17:09:33,996] {logging_mixin.py:109} INFO - [2022-02-16 17:09:33,996] {dagbag.py:500} INFO - Filling up the DagBag from /home/airflow/.local/lib/python3.7/site-packages/airflow/example_dags/example_trigger_target_dag.py
[2022-02-16 17:09:34,072] {processor.py:654} INFO - DAG(s) dict_keys(['example_trigger_target_dag']) retrieved from /home/airflow/.local/lib/python3.7/site-packages/airflow/example_dags/example_trigger_target_dag.py
[2022-02-16 17:09:34,097] {logging_mixin.py:109} INFO - [2022-02-16 17:09:34,097] {dag.py:2396} INFO - Sync 1 DAGs
[2022-02-16 17:09:34,121] {logging_mixin.py:109} INFO - [2022-02-16 17:09:34,121] {dag.py:2935} INFO - Setting next_dagrun for example_trigger_target_dag to None
[2022-02-16 17:09:34,132] {processor.py:171} INFO - Processing /home/airflow/.local/lib/python3.7/site-packages/airflow/example_dags/example_trigger_target_dag.py took 0.151 seconds
[2022-02-16 17:10:04,905] {processor.py:163} INFO - Started process (PID=4402) to work on /home/airflow/.local/lib/python3.7/site-packages/airflow/example_dags/example_trigger_target_dag.py
[2022-02-16 17:10:04,907] {processor.py:642} INFO - Processing file /home/airflow/.local/lib/python3.7/site-packages/airflow/example_dags/example_trigger_target_dag.py for tasks to queue
[2022-02-16 17:10:04,908] {logging_mixin.py:109} INFO - [2022-02-16 17:10:04,908] {dagbag.py:500} INFO - Filling up the DagBag from /home/airflow/.local/lib/python3.7/site-packages/airflow/example_dags/example_trigger_target_dag.py
[2022-02-16 17:10:04,971] {processor.py:654} INFO - DAG(s) dict_keys(['example_trigger_target_dag']) retrieved from /home/airflow/.local/lib/python3.7/site-packages/airflow/example_dags/example_trigger_target_dag.py
[2022-02-16 17:10:05,001] {logging_mixin.py:109} INFO - [2022-02-16 17:10:05,000] {dag.py:2396} INFO - Sync 1 DAGs
[2022-02-16 17:10:05,036] {logging_mixin.py:109} INFO - [2022-02-16 17:10:05,036] {dag.py:2935} INFO - Setting next_dagrun for example_trigger_target_dag to None
[2022-02-16 17:10:05,046] {processor.py:171} INFO - Processing /home/airflow/.local/lib/python3.7/site-packages/airflow/example_dags/example_trigger_target_dag.py took 0.147 seconds
[2022-02-16 17:10:35,429] {processor.py:163} INFO - Started process (PID=4587) to work on /home/airflow/.local/lib/python3.7/site-packages/airflow/example_dags/example_trigger_target_dag.py
[2022-02-16 17:10:35,430] {processor.py:642} INFO - Processing file /home/airflow/.local/lib/python3.7/site-packages/airflow/example_dags/example_trigger_target_dag.py for tasks to queue
[2022-02-16 17:10:35,431] {logging_mixin.py:109} INFO - [2022-02-16 17:10:35,431] {dagbag.py:500} INFO - Filling up the DagBag from /home/airflow/.local/lib/python3.7/site-packages/airflow/example_dags/example_trigger_target_dag.py
[2022-02-16 17:10:35,479] {processor.py:654} INFO - DAG(s) dict_keys(['example_trigger_target_dag']) retrieved from /home/airflow/.local/lib/python3.7/site-packages/airflow/example_dags/example_trigger_target_dag.py
[2022-02-16 17:10:35,496] {logging_mixin.py:109} INFO - [2022-02-16 17:10:35,496] {dag.py:2396} INFO - Sync 1 DAGs
[2022-02-16 17:10:35,527] {logging_mixin.py:109} INFO - [2022-02-16 17:10:35,526] {dag.py:2935} INFO - Setting next_dagrun for example_trigger_target_dag to None
[2022-02-16 17:10:35,536] {processor.py:171} INFO - Processing /home/airflow/.local/lib/python3.7/site-packages/airflow/example_dags/example_trigger_target_dag.py took 0.114 seconds
[2022-02-16 17:11:07,231] {processor.py:163} INFO - Started process (PID=4781) to work on /home/airflow/.local/lib/python3.7/site-packages/airflow/example_dags/example_trigger_target_dag.py
[2022-02-16 17:11:07,233] {processor.py:642} INFO - Processing file /home/airflow/.local/lib/python3.7/site-packages/airflow/example_dags/example_trigger_target_dag.py for tasks to queue
[2022-02-16 17:11:07,234] {logging_mixin.py:109} INFO - [2022-02-16 17:11:07,234] {dagbag.py:500} INFO - Filling up the DagBag from /home/airflow/.local/lib/python3.7/site-packages/airflow/example_dags/example_trigger_target_dag.py
[2022-02-16 17:11:07,309] {processor.py:654} INFO - DAG(s) dict_keys(['example_trigger_target_dag']) retrieved from /home/airflow/.local/lib/python3.7/site-packages/airflow/example_dags/example_trigger_target_dag.py
[2022-02-16 17:11:07,436] {logging_mixin.py:109} INFO - [2022-02-16 17:11:07,435] {dag.py:2396} INFO - Sync 1 DAGs
[2022-02-16 17:11:07,546] {logging_mixin.py:109} INFO - [2022-02-16 17:11:07,546] {dag.py:2935} INFO - Setting next_dagrun for example_trigger_target_dag to None
[2022-02-16 17:11:07,623] {processor.py:171} INFO - Processing /home/airflow/.local/lib/python3.7/site-packages/airflow/example_dags/example_trigger_target_dag.py took 0.397 seconds
[2022-02-16 17:11:38,491] {processor.py:163} INFO - Started process (PID=4966) to work on /home/airflow/.local/lib/python3.7/site-packages/airflow/example_dags/example_trigger_target_dag.py
[2022-02-16 17:11:38,493] {processor.py:642} INFO - Processing file /home/airflow/.local/lib/python3.7/site-packages/airflow/example_dags/example_trigger_target_dag.py for tasks to queue
[2022-02-16 17:11:38,494] {logging_mixin.py:109} INFO - [2022-02-16 17:11:38,494] {dagbag.py:500} INFO - Filling up the DagBag from /home/airflow/.local/lib/python3.7/site-packages/airflow/example_dags/example_trigger_target_dag.py
[2022-02-16 17:11:38,530] {processor.py:654} INFO - DAG(s) dict_keys(['example_trigger_target_dag']) retrieved from /home/airflow/.local/lib/python3.7/site-packages/airflow/example_dags/example_trigger_target_dag.py
[2022-02-16 17:11:38,541] {logging_mixin.py:109} INFO - [2022-02-16 17:11:38,541] {dag.py:2396} INFO - Sync 1 DAGs
[2022-02-16 17:11:38,557] {logging_mixin.py:109} INFO - [2022-02-16 17:11:38,557] {dag.py:2935} INFO - Setting next_dagrun for example_trigger_target_dag to None
[2022-02-16 17:11:38,566] {processor.py:171} INFO - Processing /home/airflow/.local/lib/python3.7/site-packages/airflow/example_dags/example_trigger_target_dag.py took 0.080 seconds
[2022-02-16 17:12:08,969] {processor.py:163} INFO - Started process (PID=5158) to work on /home/airflow/.local/lib/python3.7/site-packages/airflow/example_dags/example_trigger_target_dag.py
[2022-02-16 17:12:08,971] {processor.py:642} INFO - Processing file /home/airflow/.local/lib/python3.7/site-packages/airflow/example_dags/example_trigger_target_dag.py for tasks to queue
[2022-02-16 17:12:08,971] {logging_mixin.py:109} INFO - [2022-02-16 17:12:08,971] {dagbag.py:500} INFO - Filling up the DagBag from /home/airflow/.local/lib/python3.7/site-packages/airflow/example_dags/example_trigger_target_dag.py
[2022-02-16 17:12:09,008] {processor.py:654} INFO - DAG(s) dict_keys(['example_trigger_target_dag']) retrieved from /home/airflow/.local/lib/python3.7/site-packages/airflow/example_dags/example_trigger_target_dag.py
[2022-02-16 17:12:09,019] {logging_mixin.py:109} INFO - [2022-02-16 17:12:09,019] {dag.py:2396} INFO - Sync 1 DAGs
[2022-02-16 17:12:09,037] {logging_mixin.py:109} INFO - [2022-02-16 17:12:09,037] {dag.py:2935} INFO - Setting next_dagrun for example_trigger_target_dag to None
[2022-02-16 17:12:09,049] {processor.py:171} INFO - Processing /home/airflow/.local/lib/python3.7/site-packages/airflow/example_dags/example_trigger_target_dag.py took 0.084 seconds
[2022-02-16 17:12:39,682] {processor.py:163} INFO - Started process (PID=5344) to work on /home/airflow/.local/lib/python3.7/site-packages/airflow/example_dags/example_trigger_target_dag.py
[2022-02-16 17:12:39,684] {processor.py:642} INFO - Processing file /home/airflow/.local/lib/python3.7/site-packages/airflow/example_dags/example_trigger_target_dag.py for tasks to queue
[2022-02-16 17:12:39,685] {logging_mixin.py:109} INFO - [2022-02-16 17:12:39,684] {dagbag.py:500} INFO - Filling up the DagBag from /home/airflow/.local/lib/python3.7/site-packages/airflow/example_dags/example_trigger_target_dag.py
[2022-02-16 17:12:39,724] {processor.py:654} INFO - DAG(s) dict_keys(['example_trigger_target_dag']) retrieved from /home/airflow/.local/lib/python3.7/site-packages/airflow/example_dags/example_trigger_target_dag.py
[2022-02-16 17:12:39,738] {logging_mixin.py:109} INFO - [2022-02-16 17:12:39,738] {dag.py:2396} INFO - Sync 1 DAGs
[2022-02-16 17:12:39,759] {logging_mixin.py:109} INFO - [2022-02-16 17:12:39,759] {dag.py:2935} INFO - Setting next_dagrun for example_trigger_target_dag to None
[2022-02-16 17:12:39,769] {processor.py:171} INFO - Processing /home/airflow/.local/lib/python3.7/site-packages/airflow/example_dags/example_trigger_target_dag.py took 0.092 seconds
[2022-02-16 17:13:10,139] {processor.py:163} INFO - Started process (PID=5541) to work on /home/airflow/.local/lib/python3.7/site-packages/airflow/example_dags/example_trigger_target_dag.py
[2022-02-16 17:13:10,140] {processor.py:642} INFO - Processing file /home/airflow/.local/lib/python3.7/site-packages/airflow/example_dags/example_trigger_target_dag.py for tasks to queue
[2022-02-16 17:13:10,141] {logging_mixin.py:109} INFO - [2022-02-16 17:13:10,141] {dagbag.py:500} INFO - Filling up the DagBag from /home/airflow/.local/lib/python3.7/site-packages/airflow/example_dags/example_trigger_target_dag.py
[2022-02-16 17:13:10,176] {processor.py:654} INFO - DAG(s) dict_keys(['example_trigger_target_dag']) retrieved from /home/airflow/.local/lib/python3.7/site-packages/airflow/example_dags/example_trigger_target_dag.py
[2022-02-16 17:13:10,188] {logging_mixin.py:109} INFO - [2022-02-16 17:13:10,188] {dag.py:2396} INFO - Sync 1 DAGs
[2022-02-16 17:13:10,206] {logging_mixin.py:109} INFO - [2022-02-16 17:13:10,205] {dag.py:2935} INFO - Setting next_dagrun for example_trigger_target_dag to None
[2022-02-16 17:13:10,215] {processor.py:171} INFO - Processing /home/airflow/.local/lib/python3.7/site-packages/airflow/example_dags/example_trigger_target_dag.py took 0.081 seconds
[2022-02-16 17:13:40,310] {processor.py:163} INFO - Started process (PID=5732) to work on /home/airflow/.local/lib/python3.7/site-packages/airflow/example_dags/example_trigger_target_dag.py
[2022-02-16 17:13:40,311] {processor.py:642} INFO - Processing file /home/airflow/.local/lib/python3.7/site-packages/airflow/example_dags/example_trigger_target_dag.py for tasks to queue
[2022-02-16 17:13:40,312] {logging_mixin.py:109} INFO - [2022-02-16 17:13:40,312] {dagbag.py:500} INFO - Filling up the DagBag from /home/airflow/.local/lib/python3.7/site-packages/airflow/example_dags/example_trigger_target_dag.py
[2022-02-16 17:13:40,355] {processor.py:654} INFO - DAG(s) dict_keys(['example_trigger_target_dag']) retrieved from /home/airflow/.local/lib/python3.7/site-packages/airflow/example_dags/example_trigger_target_dag.py
[2022-02-16 17:13:40,367] {logging_mixin.py:109} INFO - [2022-02-16 17:13:40,366] {dag.py:2396} INFO - Sync 1 DAGs
[2022-02-16 17:13:40,385] {logging_mixin.py:109} INFO - [2022-02-16 17:13:40,385] {dag.py:2935} INFO - Setting next_dagrun for example_trigger_target_dag to None
[2022-02-16 17:13:40,395] {processor.py:171} INFO - Processing /home/airflow/.local/lib/python3.7/site-packages/airflow/example_dags/example_trigger_target_dag.py took 0.089 seconds
[2022-02-16 17:14:10,724] {processor.py:163} INFO - Started process (PID=5928) to work on /home/airflow/.local/lib/python3.7/site-packages/airflow/example_dags/example_trigger_target_dag.py
[2022-02-16 17:14:10,726] {processor.py:642} INFO - Processing file /home/airflow/.local/lib/python3.7/site-packages/airflow/example_dags/example_trigger_target_dag.py for tasks to queue
[2022-02-16 17:14:10,727] {logging_mixin.py:109} INFO - [2022-02-16 17:14:10,727] {dagbag.py:500} INFO - Filling up the DagBag from /home/airflow/.local/lib/python3.7/site-packages/airflow/example_dags/example_trigger_target_dag.py
[2022-02-16 17:14:10,772] {processor.py:654} INFO - DAG(s) dict_keys(['example_trigger_target_dag']) retrieved from /home/airflow/.local/lib/python3.7/site-packages/airflow/example_dags/example_trigger_target_dag.py
[2022-02-16 17:14:10,785] {logging_mixin.py:109} INFO - [2022-02-16 17:14:10,784] {dag.py:2396} INFO - Sync 1 DAGs
[2022-02-16 17:14:10,804] {logging_mixin.py:109} INFO - [2022-02-16 17:14:10,804] {dag.py:2935} INFO - Setting next_dagrun for example_trigger_target_dag to None
[2022-02-16 17:14:10,815] {processor.py:171} INFO - Processing /home/airflow/.local/lib/python3.7/site-packages/airflow/example_dags/example_trigger_target_dag.py took 0.095 seconds
[2022-02-16 17:14:42,027] {processor.py:163} INFO - Started process (PID=6123) to work on /home/airflow/.local/lib/python3.7/site-packages/airflow/example_dags/example_trigger_target_dag.py
[2022-02-16 17:14:42,028] {processor.py:642} INFO - Processing file /home/airflow/.local/lib/python3.7/site-packages/airflow/example_dags/example_trigger_target_dag.py for tasks to queue
[2022-02-16 17:14:42,028] {logging_mixin.py:109} INFO - [2022-02-16 17:14:42,028] {dagbag.py:500} INFO - Filling up the DagBag from /home/airflow/.local/lib/python3.7/site-packages/airflow/example_dags/example_trigger_target_dag.py
[2022-02-16 17:14:42,063] {processor.py:654} INFO - DAG(s) dict_keys(['example_trigger_target_dag']) retrieved from /home/airflow/.local/lib/python3.7/site-packages/airflow/example_dags/example_trigger_target_dag.py
[2022-02-16 17:14:42,075] {logging_mixin.py:109} INFO - [2022-02-16 17:14:42,074] {dag.py:2396} INFO - Sync 1 DAGs
[2022-02-16 17:14:42,092] {logging_mixin.py:109} INFO - [2022-02-16 17:14:42,092] {dag.py:2935} INFO - Setting next_dagrun for example_trigger_target_dag to None
[2022-02-16 17:14:42,101] {processor.py:171} INFO - Processing /home/airflow/.local/lib/python3.7/site-packages/airflow/example_dags/example_trigger_target_dag.py took 0.078 seconds
[2022-02-16 17:15:14,378] {processor.py:163} INFO - Started process (PID=6332) to work on /home/airflow/.local/lib/python3.7/site-packages/airflow/example_dags/example_trigger_target_dag.py
[2022-02-16 17:15:14,380] {processor.py:642} INFO - Processing file /home/airflow/.local/lib/python3.7/site-packages/airflow/example_dags/example_trigger_target_dag.py for tasks to queue
[2022-02-16 17:15:14,381] {logging_mixin.py:109} INFO - [2022-02-16 17:15:14,381] {dagbag.py:500} INFO - Filling up the DagBag from /home/airflow/.local/lib/python3.7/site-packages/airflow/example_dags/example_trigger_target_dag.py
[2022-02-16 17:15:14,431] {processor.py:654} INFO - DAG(s) dict_keys(['example_trigger_target_dag']) retrieved from /home/airflow/.local/lib/python3.7/site-packages/airflow/example_dags/example_trigger_target_dag.py
[2022-02-16 17:15:14,443] {logging_mixin.py:109} INFO - [2022-02-16 17:15:14,442] {dag.py:2396} INFO - Sync 1 DAGs
[2022-02-16 17:15:14,461] {logging_mixin.py:109} INFO - [2022-02-16 17:15:14,461] {dag.py:2935} INFO - Setting next_dagrun for example_trigger_target_dag to None
[2022-02-16 17:15:14,477] {processor.py:171} INFO - Processing /home/airflow/.local/lib/python3.7/site-packages/airflow/example_dags/example_trigger_target_dag.py took 0.103 seconds
[2022-02-16 17:15:44,882] {processor.py:163} INFO - Started process (PID=6528) to work on /home/airflow/.local/lib/python3.7/site-packages/airflow/example_dags/example_trigger_target_dag.py
[2022-02-16 17:15:44,884] {processor.py:642} INFO - Processing file /home/airflow/.local/lib/python3.7/site-packages/airflow/example_dags/example_trigger_target_dag.py for tasks to queue
[2022-02-16 17:15:44,885] {logging_mixin.py:109} INFO - [2022-02-16 17:15:44,885] {dagbag.py:500} INFO - Filling up the DagBag from /home/airflow/.local/lib/python3.7/site-packages/airflow/example_dags/example_trigger_target_dag.py
[2022-02-16 17:15:44,920] {processor.py:654} INFO - DAG(s) dict_keys(['example_trigger_target_dag']) retrieved from /home/airflow/.local/lib/python3.7/site-packages/airflow/example_dags/example_trigger_target_dag.py
[2022-02-16 17:15:44,932] {logging_mixin.py:109} INFO - [2022-02-16 17:15:44,931] {dag.py:2396} INFO - Sync 1 DAGs
[2022-02-16 17:15:44,950] {logging_mixin.py:109} INFO - [2022-02-16 17:15:44,949] {dag.py:2935} INFO - Setting next_dagrun for example_trigger_target_dag to None
[2022-02-16 17:15:44,959] {processor.py:171} INFO - Processing /home/airflow/.local/lib/python3.7/site-packages/airflow/example_dags/example_trigger_target_dag.py took 0.081 seconds
[2022-02-16 17:16:15,598] {processor.py:163} INFO - Started process (PID=6715) to work on /home/airflow/.local/lib/python3.7/site-packages/airflow/example_dags/example_trigger_target_dag.py
[2022-02-16 17:16:15,599] {processor.py:642} INFO - Processing file /home/airflow/.local/lib/python3.7/site-packages/airflow/example_dags/example_trigger_target_dag.py for tasks to queue
[2022-02-16 17:16:15,600] {logging_mixin.py:109} INFO - [2022-02-16 17:16:15,600] {dagbag.py:500} INFO - Filling up the DagBag from /home/airflow/.local/lib/python3.7/site-packages/airflow/example_dags/example_trigger_target_dag.py
[2022-02-16 17:16:15,636] {processor.py:654} INFO - DAG(s) dict_keys(['example_trigger_target_dag']) retrieved from /home/airflow/.local/lib/python3.7/site-packages/airflow/example_dags/example_trigger_target_dag.py
[2022-02-16 17:16:15,648] {logging_mixin.py:109} INFO - [2022-02-16 17:16:15,647] {dag.py:2396} INFO - Sync 1 DAGs
[2022-02-16 17:16:15,666] {logging_mixin.py:109} INFO - [2022-02-16 17:16:15,665] {dag.py:2935} INFO - Setting next_dagrun for example_trigger_target_dag to None
[2022-02-16 17:16:15,677] {processor.py:171} INFO - Processing /home/airflow/.local/lib/python3.7/site-packages/airflow/example_dags/example_trigger_target_dag.py took 0.083 seconds
[2022-02-16 17:16:47,219] {processor.py:163} INFO - Started process (PID=6921) to work on /home/airflow/.local/lib/python3.7/site-packages/airflow/example_dags/example_trigger_target_dag.py
[2022-02-16 17:16:47,221] {processor.py:642} INFO - Processing file /home/airflow/.local/lib/python3.7/site-packages/airflow/example_dags/example_trigger_target_dag.py for tasks to queue
[2022-02-16 17:16:47,221] {logging_mixin.py:109} INFO - [2022-02-16 17:16:47,221] {dagbag.py:500} INFO - Filling up the DagBag from /home/airflow/.local/lib/python3.7/site-packages/airflow/example_dags/example_trigger_target_dag.py
[2022-02-16 17:16:47,295] {processor.py:654} INFO - DAG(s) dict_keys(['example_trigger_target_dag']) retrieved from /home/airflow/.local/lib/python3.7/site-packages/airflow/example_dags/example_trigger_target_dag.py
[2022-02-16 17:16:47,313] {logging_mixin.py:109} INFO - [2022-02-16 17:16:47,313] {dag.py:2396} INFO - Sync 1 DAGs
[2022-02-16 17:16:47,354] {logging_mixin.py:109} INFO - [2022-02-16 17:16:47,354] {dag.py:2935} INFO - Setting next_dagrun for example_trigger_target_dag to None
[2022-02-16 17:16:47,370] {processor.py:171} INFO - Processing /home/airflow/.local/lib/python3.7/site-packages/airflow/example_dags/example_trigger_target_dag.py took 0.155 seconds
[2022-02-16 17:17:18,287] {processor.py:163} INFO - Started process (PID=7111) to work on /home/airflow/.local/lib/python3.7/site-packages/airflow/example_dags/example_trigger_target_dag.py
[2022-02-16 17:17:18,289] {processor.py:642} INFO - Processing file /home/airflow/.local/lib/python3.7/site-packages/airflow/example_dags/example_trigger_target_dag.py for tasks to queue
[2022-02-16 17:17:18,290] {logging_mixin.py:109} INFO - [2022-02-16 17:17:18,289] {dagbag.py:500} INFO - Filling up the DagBag from /home/airflow/.local/lib/python3.7/site-packages/airflow/example_dags/example_trigger_target_dag.py
[2022-02-16 17:17:18,339] {processor.py:654} INFO - DAG(s) dict_keys(['example_trigger_target_dag']) retrieved from /home/airflow/.local/lib/python3.7/site-packages/airflow/example_dags/example_trigger_target_dag.py
[2022-02-16 17:17:18,350] {logging_mixin.py:109} INFO - [2022-02-16 17:17:18,350] {dag.py:2396} INFO - Sync 1 DAGs
[2022-02-16 17:17:18,372] {logging_mixin.py:109} INFO - [2022-02-16 17:17:18,372] {dag.py:2935} INFO - Setting next_dagrun for example_trigger_target_dag to None
[2022-02-16 17:17:18,385] {processor.py:171} INFO - Processing /home/airflow/.local/lib/python3.7/site-packages/airflow/example_dags/example_trigger_target_dag.py took 0.102 seconds
[2022-02-16 17:17:49,400] {processor.py:163} INFO - Started process (PID=7301) to work on /home/airflow/.local/lib/python3.7/site-packages/airflow/example_dags/example_trigger_target_dag.py
[2022-02-16 17:17:49,402] {processor.py:642} INFO - Processing file /home/airflow/.local/lib/python3.7/site-packages/airflow/example_dags/example_trigger_target_dag.py for tasks to queue
[2022-02-16 17:17:49,403] {logging_mixin.py:109} INFO - [2022-02-16 17:17:49,403] {dagbag.py:500} INFO - Filling up the DagBag from /home/airflow/.local/lib/python3.7/site-packages/airflow/example_dags/example_trigger_target_dag.py
[2022-02-16 17:17:49,451] {processor.py:654} INFO - DAG(s) dict_keys(['example_trigger_target_dag']) retrieved from /home/airflow/.local/lib/python3.7/site-packages/airflow/example_dags/example_trigger_target_dag.py
[2022-02-16 17:17:49,463] {logging_mixin.py:109} INFO - [2022-02-16 17:17:49,463] {dag.py:2396} INFO - Sync 1 DAGs
[2022-02-16 17:17:49,482] {logging_mixin.py:109} INFO - [2022-02-16 17:17:49,481] {dag.py:2935} INFO - Setting next_dagrun for example_trigger_target_dag to None
[2022-02-16 17:17:49,492] {processor.py:171} INFO - Processing /home/airflow/.local/lib/python3.7/site-packages/airflow/example_dags/example_trigger_target_dag.py took 0.098 seconds
[2022-02-16 17:18:20,743] {processor.py:163} INFO - Started process (PID=7509) to work on /home/airflow/.local/lib/python3.7/site-packages/airflow/example_dags/example_trigger_target_dag.py
[2022-02-16 17:18:20,747] {processor.py:642} INFO - Processing file /home/airflow/.local/lib/python3.7/site-packages/airflow/example_dags/example_trigger_target_dag.py for tasks to queue
[2022-02-16 17:18:20,750] {logging_mixin.py:109} INFO - [2022-02-16 17:18:20,750] {dagbag.py:500} INFO - Filling up the DagBag from /home/airflow/.local/lib/python3.7/site-packages/airflow/example_dags/example_trigger_target_dag.py
[2022-02-16 17:18:20,842] {processor.py:654} INFO - DAG(s) dict_keys(['example_trigger_target_dag']) retrieved from /home/airflow/.local/lib/python3.7/site-packages/airflow/example_dags/example_trigger_target_dag.py
[2022-02-16 17:18:20,853] {logging_mixin.py:109} INFO - [2022-02-16 17:18:20,853] {dag.py:2396} INFO - Sync 1 DAGs
[2022-02-16 17:18:20,871] {logging_mixin.py:109} INFO - [2022-02-16 17:18:20,871] {dag.py:2935} INFO - Setting next_dagrun for example_trigger_target_dag to None
[2022-02-16 17:18:20,885] {processor.py:171} INFO - Processing /home/airflow/.local/lib/python3.7/site-packages/airflow/example_dags/example_trigger_target_dag.py took 0.146 seconds
[2022-02-16 17:18:51,471] {processor.py:163} INFO - Started process (PID=7698) to work on /home/airflow/.local/lib/python3.7/site-packages/airflow/example_dags/example_trigger_target_dag.py
[2022-02-16 17:18:51,472] {processor.py:642} INFO - Processing file /home/airflow/.local/lib/python3.7/site-packages/airflow/example_dags/example_trigger_target_dag.py for tasks to queue
[2022-02-16 17:18:51,473] {logging_mixin.py:109} INFO - [2022-02-16 17:18:51,473] {dagbag.py:500} INFO - Filling up the DagBag from /home/airflow/.local/lib/python3.7/site-packages/airflow/example_dags/example_trigger_target_dag.py
[2022-02-16 17:18:51,508] {processor.py:654} INFO - DAG(s) dict_keys(['example_trigger_target_dag']) retrieved from /home/airflow/.local/lib/python3.7/site-packages/airflow/example_dags/example_trigger_target_dag.py
[2022-02-16 17:18:51,519] {logging_mixin.py:109} INFO - [2022-02-16 17:18:51,519] {dag.py:2396} INFO - Sync 1 DAGs
[2022-02-16 17:18:51,536] {logging_mixin.py:109} INFO - [2022-02-16 17:18:51,536] {dag.py:2935} INFO - Setting next_dagrun for example_trigger_target_dag to None
[2022-02-16 17:18:51,545] {processor.py:171} INFO - Processing /home/airflow/.local/lib/python3.7/site-packages/airflow/example_dags/example_trigger_target_dag.py took 0.078 seconds
[2022-02-16 17:19:22,560] {processor.py:163} INFO - Started process (PID=7888) to work on /home/airflow/.local/lib/python3.7/site-packages/airflow/example_dags/example_trigger_target_dag.py
[2022-02-16 17:19:22,563] {processor.py:642} INFO - Processing file /home/airflow/.local/lib/python3.7/site-packages/airflow/example_dags/example_trigger_target_dag.py for tasks to queue
[2022-02-16 17:19:22,563] {logging_mixin.py:109} INFO - [2022-02-16 17:19:22,563] {dagbag.py:500} INFO - Filling up the DagBag from /home/airflow/.local/lib/python3.7/site-packages/airflow/example_dags/example_trigger_target_dag.py
[2022-02-16 17:19:22,601] {processor.py:654} INFO - DAG(s) dict_keys(['example_trigger_target_dag']) retrieved from /home/airflow/.local/lib/python3.7/site-packages/airflow/example_dags/example_trigger_target_dag.py
[2022-02-16 17:19:22,613] {logging_mixin.py:109} INFO - [2022-02-16 17:19:22,612] {dag.py:2396} INFO - Sync 1 DAGs
[2022-02-16 17:19:22,631] {logging_mixin.py:109} INFO - [2022-02-16 17:19:22,631] {dag.py:2935} INFO - Setting next_dagrun for example_trigger_target_dag to None
[2022-02-16 17:19:22,640] {processor.py:171} INFO - Processing /home/airflow/.local/lib/python3.7/site-packages/airflow/example_dags/example_trigger_target_dag.py took 0.086 seconds
[2022-02-16 17:19:53,953] {processor.py:163} INFO - Started process (PID=8098) to work on /home/airflow/.local/lib/python3.7/site-packages/airflow/example_dags/example_trigger_target_dag.py
[2022-02-16 17:19:53,954] {processor.py:642} INFO - Processing file /home/airflow/.local/lib/python3.7/site-packages/airflow/example_dags/example_trigger_target_dag.py for tasks to queue
[2022-02-16 17:19:53,955] {logging_mixin.py:109} INFO - [2022-02-16 17:19:53,955] {dagbag.py:500} INFO - Filling up the DagBag from /home/airflow/.local/lib/python3.7/site-packages/airflow/example_dags/example_trigger_target_dag.py
[2022-02-16 17:19:54,005] {processor.py:654} INFO - DAG(s) dict_keys(['example_trigger_target_dag']) retrieved from /home/airflow/.local/lib/python3.7/site-packages/airflow/example_dags/example_trigger_target_dag.py
[2022-02-16 17:19:54,017] {logging_mixin.py:109} INFO - [2022-02-16 17:19:54,017] {dag.py:2396} INFO - Sync 1 DAGs
[2022-02-16 17:19:54,036] {logging_mixin.py:109} INFO - [2022-02-16 17:19:54,036] {dag.py:2935} INFO - Setting next_dagrun for example_trigger_target_dag to None
[2022-02-16 17:19:54,062] {processor.py:171} INFO - Processing /home/airflow/.local/lib/python3.7/site-packages/airflow/example_dags/example_trigger_target_dag.py took 0.117 seconds
[2022-02-16 17:20:24,390] {processor.py:163} INFO - Started process (PID=8295) to work on /home/airflow/.local/lib/python3.7/site-packages/airflow/example_dags/example_trigger_target_dag.py
[2022-02-16 17:20:24,399] {processor.py:642} INFO - Processing file /home/airflow/.local/lib/python3.7/site-packages/airflow/example_dags/example_trigger_target_dag.py for tasks to queue
[2022-02-16 17:20:24,400] {logging_mixin.py:109} INFO - [2022-02-16 17:20:24,400] {dagbag.py:500} INFO - Filling up the DagBag from /home/airflow/.local/lib/python3.7/site-packages/airflow/example_dags/example_trigger_target_dag.py
[2022-02-16 17:20:24,486] {processor.py:654} INFO - DAG(s) dict_keys(['example_trigger_target_dag']) retrieved from /home/airflow/.local/lib/python3.7/site-packages/airflow/example_dags/example_trigger_target_dag.py
[2022-02-16 17:20:24,524] {logging_mixin.py:109} INFO - [2022-02-16 17:20:24,524] {dag.py:2396} INFO - Sync 1 DAGs
[2022-02-16 17:20:24,549] {logging_mixin.py:109} INFO - [2022-02-16 17:20:24,549] {dag.py:2935} INFO - Setting next_dagrun for example_trigger_target_dag to None
[2022-02-16 17:20:24,619] {processor.py:171} INFO - Processing /home/airflow/.local/lib/python3.7/site-packages/airflow/example_dags/example_trigger_target_dag.py took 0.234 seconds
[2022-02-16 17:20:55,140] {processor.py:163} INFO - Started process (PID=8480) to work on /home/airflow/.local/lib/python3.7/site-packages/airflow/example_dags/example_trigger_target_dag.py
[2022-02-16 17:20:55,142] {processor.py:642} INFO - Processing file /home/airflow/.local/lib/python3.7/site-packages/airflow/example_dags/example_trigger_target_dag.py for tasks to queue
[2022-02-16 17:20:55,143] {logging_mixin.py:109} INFO - [2022-02-16 17:20:55,143] {dagbag.py:500} INFO - Filling up the DagBag from /home/airflow/.local/lib/python3.7/site-packages/airflow/example_dags/example_trigger_target_dag.py
[2022-02-16 17:20:55,178] {processor.py:654} INFO - DAG(s) dict_keys(['example_trigger_target_dag']) retrieved from /home/airflow/.local/lib/python3.7/site-packages/airflow/example_dags/example_trigger_target_dag.py
[2022-02-16 17:20:55,188] {logging_mixin.py:109} INFO - [2022-02-16 17:20:55,188] {dag.py:2396} INFO - Sync 1 DAGs
[2022-02-16 17:20:55,205] {logging_mixin.py:109} INFO - [2022-02-16 17:20:55,205] {dag.py:2935} INFO - Setting next_dagrun for example_trigger_target_dag to None
[2022-02-16 17:20:55,213] {processor.py:171} INFO - Processing /home/airflow/.local/lib/python3.7/site-packages/airflow/example_dags/example_trigger_target_dag.py took 0.077 seconds
