[2022-02-16 16:58:44,209] {processor.py:163} INFO - Started process (PID=271) to work on /home/airflow/.local/lib/python3.7/site-packages/airflow/example_dags/example_complex.py
[2022-02-16 16:58:44,211] {processor.py:642} INFO - Processing file /home/airflow/.local/lib/python3.7/site-packages/airflow/example_dags/example_complex.py for tasks to queue
[2022-02-16 16:58:44,211] {logging_mixin.py:109} INFO - [2022-02-16 16:58:44,211] {dagbag.py:500} INFO - Filling up the DagBag from /home/airflow/.local/lib/python3.7/site-packages/airflow/example_dags/example_complex.py
[2022-02-16 16:58:44,293] {processor.py:654} INFO - DAG(s) dict_keys(['example_complex']) retrieved from /home/airflow/.local/lib/python3.7/site-packages/airflow/example_dags/example_complex.py
[2022-02-16 16:58:46,730] {logging_mixin.py:109} INFO - [2022-02-16 16:58:46,730] {manager.py:496} INFO - Created Permission View: can read on DAG:example_complex
[2022-02-16 16:58:46,738] {logging_mixin.py:109} INFO - [2022-02-16 16:58:46,738] {manager.py:496} INFO - Created Permission View: can edit on DAG:example_complex
[2022-02-16 16:58:46,738] {logging_mixin.py:109} INFO - [2022-02-16 16:58:46,738] {dag.py:2396} INFO - Sync 1 DAGs
[2022-02-16 16:58:46,747] {logging_mixin.py:109} INFO - [2022-02-16 16:58:46,746] {dag.py:2415} INFO - Creating ORM DAG for example_complex
[2022-02-16 16:58:46,755] {logging_mixin.py:109} INFO - [2022-02-16 16:58:46,755] {dag.py:2935} INFO - Setting next_dagrun for example_complex to None
[2022-02-16 16:58:46,769] {processor.py:171} INFO - Processing /home/airflow/.local/lib/python3.7/site-packages/airflow/example_dags/example_complex.py took 2.565 seconds
[2022-02-16 16:59:17,032] {processor.py:163} INFO - Started process (PID=490) to work on /home/airflow/.local/lib/python3.7/site-packages/airflow/example_dags/example_complex.py
[2022-02-16 16:59:17,047] {processor.py:642} INFO - Processing file /home/airflow/.local/lib/python3.7/site-packages/airflow/example_dags/example_complex.py for tasks to queue
[2022-02-16 16:59:17,048] {logging_mixin.py:109} INFO - [2022-02-16 16:59:17,048] {dagbag.py:500} INFO - Filling up the DagBag from /home/airflow/.local/lib/python3.7/site-packages/airflow/example_dags/example_complex.py
[2022-02-16 16:59:17,130] {processor.py:654} INFO - DAG(s) dict_keys(['example_complex']) retrieved from /home/airflow/.local/lib/python3.7/site-packages/airflow/example_dags/example_complex.py
[2022-02-16 16:59:17,160] {logging_mixin.py:109} INFO - [2022-02-16 16:59:17,160] {dag.py:2396} INFO - Sync 1 DAGs
[2022-02-16 16:59:17,188] {logging_mixin.py:109} INFO - [2022-02-16 16:59:17,188] {dag.py:2935} INFO - Setting next_dagrun for example_complex to None
[2022-02-16 16:59:17,203] {processor.py:171} INFO - Processing /home/airflow/.local/lib/python3.7/site-packages/airflow/example_dags/example_complex.py took 0.181 seconds
[2022-02-16 16:59:48,019] {processor.py:163} INFO - Started process (PID=673) to work on /home/airflow/.local/lib/python3.7/site-packages/airflow/example_dags/example_complex.py
[2022-02-16 16:59:48,020] {processor.py:642} INFO - Processing file /home/airflow/.local/lib/python3.7/site-packages/airflow/example_dags/example_complex.py for tasks to queue
[2022-02-16 16:59:48,021] {logging_mixin.py:109} INFO - [2022-02-16 16:59:48,021] {dagbag.py:500} INFO - Filling up the DagBag from /home/airflow/.local/lib/python3.7/site-packages/airflow/example_dags/example_complex.py
[2022-02-16 16:59:48,085] {processor.py:654} INFO - DAG(s) dict_keys(['example_complex']) retrieved from /home/airflow/.local/lib/python3.7/site-packages/airflow/example_dags/example_complex.py
[2022-02-16 16:59:48,109] {logging_mixin.py:109} INFO - [2022-02-16 16:59:48,109] {dag.py:2396} INFO - Sync 1 DAGs
[2022-02-16 16:59:48,127] {logging_mixin.py:109} INFO - [2022-02-16 16:59:48,127] {dag.py:2935} INFO - Setting next_dagrun for example_complex to None
[2022-02-16 16:59:48,139] {processor.py:171} INFO - Processing /home/airflow/.local/lib/python3.7/site-packages/airflow/example_dags/example_complex.py took 0.126 seconds
[2022-02-16 17:00:19,331] {processor.py:163} INFO - Started process (PID=855) to work on /home/airflow/.local/lib/python3.7/site-packages/airflow/example_dags/example_complex.py
[2022-02-16 17:00:19,333] {processor.py:642} INFO - Processing file /home/airflow/.local/lib/python3.7/site-packages/airflow/example_dags/example_complex.py for tasks to queue
[2022-02-16 17:00:19,334] {logging_mixin.py:109} INFO - [2022-02-16 17:00:19,334] {dagbag.py:500} INFO - Filling up the DagBag from /home/airflow/.local/lib/python3.7/site-packages/airflow/example_dags/example_complex.py
[2022-02-16 17:00:21,771] {processor.py:654} INFO - DAG(s) dict_keys(['example_complex']) retrieved from /home/airflow/.local/lib/python3.7/site-packages/airflow/example_dags/example_complex.py
[2022-02-16 17:00:22,057] {logging_mixin.py:109} INFO - [2022-02-16 17:00:22,057] {dag.py:2396} INFO - Sync 1 DAGs
[2022-02-16 17:00:22,082] {logging_mixin.py:109} INFO - [2022-02-16 17:00:22,082] {dag.py:2935} INFO - Setting next_dagrun for example_complex to None
[2022-02-16 17:00:22,100] {processor.py:171} INFO - Processing /home/airflow/.local/lib/python3.7/site-packages/airflow/example_dags/example_complex.py took 2.773 seconds
[2022-02-16 17:00:52,775] {processor.py:163} INFO - Started process (PID=1037) to work on /home/airflow/.local/lib/python3.7/site-packages/airflow/example_dags/example_complex.py
[2022-02-16 17:00:52,777] {processor.py:642} INFO - Processing file /home/airflow/.local/lib/python3.7/site-packages/airflow/example_dags/example_complex.py for tasks to queue
[2022-02-16 17:00:52,778] {logging_mixin.py:109} INFO - [2022-02-16 17:00:52,777] {dagbag.py:500} INFO - Filling up the DagBag from /home/airflow/.local/lib/python3.7/site-packages/airflow/example_dags/example_complex.py
[2022-02-16 17:00:52,815] {processor.py:654} INFO - DAG(s) dict_keys(['example_complex']) retrieved from /home/airflow/.local/lib/python3.7/site-packages/airflow/example_dags/example_complex.py
[2022-02-16 17:00:52,833] {logging_mixin.py:109} INFO - [2022-02-16 17:00:52,833] {dag.py:2396} INFO - Sync 1 DAGs
[2022-02-16 17:00:52,850] {logging_mixin.py:109} INFO - [2022-02-16 17:00:52,850] {dag.py:2935} INFO - Setting next_dagrun for example_complex to None
[2022-02-16 17:00:52,861] {processor.py:171} INFO - Processing /home/airflow/.local/lib/python3.7/site-packages/airflow/example_dags/example_complex.py took 0.090 seconds
[2022-02-16 17:01:22,962] {processor.py:163} INFO - Started process (PID=1226) to work on /home/airflow/.local/lib/python3.7/site-packages/airflow/example_dags/example_complex.py
[2022-02-16 17:01:22,963] {processor.py:642} INFO - Processing file /home/airflow/.local/lib/python3.7/site-packages/airflow/example_dags/example_complex.py for tasks to queue
[2022-02-16 17:01:22,964] {logging_mixin.py:109} INFO - [2022-02-16 17:01:22,963] {dagbag.py:500} INFO - Filling up the DagBag from /home/airflow/.local/lib/python3.7/site-packages/airflow/example_dags/example_complex.py
[2022-02-16 17:01:23,056] {processor.py:654} INFO - DAG(s) dict_keys(['example_complex']) retrieved from /home/airflow/.local/lib/python3.7/site-packages/airflow/example_dags/example_complex.py
[2022-02-16 17:01:23,073] {logging_mixin.py:109} INFO - [2022-02-16 17:01:23,073] {dag.py:2396} INFO - Sync 1 DAGs
[2022-02-16 17:01:23,091] {logging_mixin.py:109} INFO - [2022-02-16 17:01:23,091] {dag.py:2935} INFO - Setting next_dagrun for example_complex to None
[2022-02-16 17:01:23,109] {processor.py:171} INFO - Processing /home/airflow/.local/lib/python3.7/site-packages/airflow/example_dags/example_complex.py took 0.153 seconds
[2022-02-16 17:01:53,766] {processor.py:163} INFO - Started process (PID=1405) to work on /home/airflow/.local/lib/python3.7/site-packages/airflow/example_dags/example_complex.py
[2022-02-16 17:01:53,768] {processor.py:642} INFO - Processing file /home/airflow/.local/lib/python3.7/site-packages/airflow/example_dags/example_complex.py for tasks to queue
[2022-02-16 17:01:53,769] {logging_mixin.py:109} INFO - [2022-02-16 17:01:53,769] {dagbag.py:500} INFO - Filling up the DagBag from /home/airflow/.local/lib/python3.7/site-packages/airflow/example_dags/example_complex.py
[2022-02-16 17:01:53,874] {processor.py:654} INFO - DAG(s) dict_keys(['example_complex']) retrieved from /home/airflow/.local/lib/python3.7/site-packages/airflow/example_dags/example_complex.py
[2022-02-16 17:01:53,900] {logging_mixin.py:109} INFO - [2022-02-16 17:01:53,900] {dag.py:2396} INFO - Sync 1 DAGs
[2022-02-16 17:01:53,932] {logging_mixin.py:109} INFO - [2022-02-16 17:01:53,932] {dag.py:2935} INFO - Setting next_dagrun for example_complex to None
[2022-02-16 17:01:53,956] {processor.py:171} INFO - Processing /home/airflow/.local/lib/python3.7/site-packages/airflow/example_dags/example_complex.py took 0.194 seconds
[2022-02-16 17:02:24,618] {processor.py:163} INFO - Started process (PID=1583) to work on /home/airflow/.local/lib/python3.7/site-packages/airflow/example_dags/example_complex.py
[2022-02-16 17:02:24,620] {processor.py:642} INFO - Processing file /home/airflow/.local/lib/python3.7/site-packages/airflow/example_dags/example_complex.py for tasks to queue
[2022-02-16 17:02:24,620] {logging_mixin.py:109} INFO - [2022-02-16 17:02:24,620] {dagbag.py:500} INFO - Filling up the DagBag from /home/airflow/.local/lib/python3.7/site-packages/airflow/example_dags/example_complex.py
[2022-02-16 17:02:24,659] {processor.py:654} INFO - DAG(s) dict_keys(['example_complex']) retrieved from /home/airflow/.local/lib/python3.7/site-packages/airflow/example_dags/example_complex.py
[2022-02-16 17:02:24,676] {logging_mixin.py:109} INFO - [2022-02-16 17:02:24,675] {dag.py:2396} INFO - Sync 1 DAGs
[2022-02-16 17:02:24,694] {logging_mixin.py:109} INFO - [2022-02-16 17:02:24,694] {dag.py:2935} INFO - Setting next_dagrun for example_complex to None
[2022-02-16 17:02:24,710] {processor.py:171} INFO - Processing /home/airflow/.local/lib/python3.7/site-packages/airflow/example_dags/example_complex.py took 0.096 seconds
[2022-02-16 17:02:54,998] {processor.py:163} INFO - Started process (PID=1761) to work on /home/airflow/.local/lib/python3.7/site-packages/airflow/example_dags/example_complex.py
[2022-02-16 17:02:54,999] {processor.py:642} INFO - Processing file /home/airflow/.local/lib/python3.7/site-packages/airflow/example_dags/example_complex.py for tasks to queue
[2022-02-16 17:02:55,000] {logging_mixin.py:109} INFO - [2022-02-16 17:02:55,000] {dagbag.py:500} INFO - Filling up the DagBag from /home/airflow/.local/lib/python3.7/site-packages/airflow/example_dags/example_complex.py
[2022-02-16 17:02:55,038] {processor.py:654} INFO - DAG(s) dict_keys(['example_complex']) retrieved from /home/airflow/.local/lib/python3.7/site-packages/airflow/example_dags/example_complex.py
[2022-02-16 17:02:55,055] {logging_mixin.py:109} INFO - [2022-02-16 17:02:55,055] {dag.py:2396} INFO - Sync 1 DAGs
[2022-02-16 17:02:55,073] {logging_mixin.py:109} INFO - [2022-02-16 17:02:55,073] {dag.py:2935} INFO - Setting next_dagrun for example_complex to None
[2022-02-16 17:02:55,083] {processor.py:171} INFO - Processing /home/airflow/.local/lib/python3.7/site-packages/airflow/example_dags/example_complex.py took 0.089 seconds
[2022-02-16 17:03:25,353] {processor.py:163} INFO - Started process (PID=1947) to work on /home/airflow/.local/lib/python3.7/site-packages/airflow/example_dags/example_complex.py
[2022-02-16 17:03:25,354] {processor.py:642} INFO - Processing file /home/airflow/.local/lib/python3.7/site-packages/airflow/example_dags/example_complex.py for tasks to queue
[2022-02-16 17:03:25,355] {logging_mixin.py:109} INFO - [2022-02-16 17:03:25,355] {dagbag.py:500} INFO - Filling up the DagBag from /home/airflow/.local/lib/python3.7/site-packages/airflow/example_dags/example_complex.py
[2022-02-16 17:03:25,393] {processor.py:654} INFO - DAG(s) dict_keys(['example_complex']) retrieved from /home/airflow/.local/lib/python3.7/site-packages/airflow/example_dags/example_complex.py
[2022-02-16 17:03:25,419] {logging_mixin.py:109} INFO - [2022-02-16 17:03:25,418] {dag.py:2396} INFO - Sync 1 DAGs
[2022-02-16 17:03:25,448] {logging_mixin.py:109} INFO - [2022-02-16 17:03:25,447] {dag.py:2935} INFO - Setting next_dagrun for example_complex to None
[2022-02-16 17:03:25,473] {processor.py:171} INFO - Processing /home/airflow/.local/lib/python3.7/site-packages/airflow/example_dags/example_complex.py took 0.123 seconds
[2022-02-16 17:03:55,814] {processor.py:163} INFO - Started process (PID=2140) to work on /home/airflow/.local/lib/python3.7/site-packages/airflow/example_dags/example_complex.py
[2022-02-16 17:03:55,816] {processor.py:642} INFO - Processing file /home/airflow/.local/lib/python3.7/site-packages/airflow/example_dags/example_complex.py for tasks to queue
[2022-02-16 17:03:55,817] {logging_mixin.py:109} INFO - [2022-02-16 17:03:55,817] {dagbag.py:500} INFO - Filling up the DagBag from /home/airflow/.local/lib/python3.7/site-packages/airflow/example_dags/example_complex.py
[2022-02-16 17:03:55,868] {processor.py:654} INFO - DAG(s) dict_keys(['example_complex']) retrieved from /home/airflow/.local/lib/python3.7/site-packages/airflow/example_dags/example_complex.py
[2022-02-16 17:03:55,907] {logging_mixin.py:109} INFO - [2022-02-16 17:03:55,907] {dag.py:2396} INFO - Sync 1 DAGs
[2022-02-16 17:03:55,935] {logging_mixin.py:109} INFO - [2022-02-16 17:03:55,935] {dag.py:2935} INFO - Setting next_dagrun for example_complex to None
[2022-02-16 17:03:55,952] {processor.py:171} INFO - Processing /home/airflow/.local/lib/python3.7/site-packages/airflow/example_dags/example_complex.py took 0.142 seconds
[2022-02-16 17:04:26,421] {processor.py:163} INFO - Started process (PID=2332) to work on /home/airflow/.local/lib/python3.7/site-packages/airflow/example_dags/example_complex.py
[2022-02-16 17:04:26,422] {processor.py:642} INFO - Processing file /home/airflow/.local/lib/python3.7/site-packages/airflow/example_dags/example_complex.py for tasks to queue
[2022-02-16 17:04:26,423] {logging_mixin.py:109} INFO - [2022-02-16 17:04:26,423] {dagbag.py:500} INFO - Filling up the DagBag from /home/airflow/.local/lib/python3.7/site-packages/airflow/example_dags/example_complex.py
[2022-02-16 17:04:26,506] {processor.py:654} INFO - DAG(s) dict_keys(['example_complex']) retrieved from /home/airflow/.local/lib/python3.7/site-packages/airflow/example_dags/example_complex.py
[2022-02-16 17:04:26,535] {logging_mixin.py:109} INFO - [2022-02-16 17:04:26,535] {dag.py:2396} INFO - Sync 1 DAGs
[2022-02-16 17:04:26,625] {logging_mixin.py:109} INFO - [2022-02-16 17:04:26,625] {dag.py:2935} INFO - Setting next_dagrun for example_complex to None
[2022-02-16 17:04:26,690] {processor.py:171} INFO - Processing /home/airflow/.local/lib/python3.7/site-packages/airflow/example_dags/example_complex.py took 0.273 seconds
[2022-02-16 17:04:57,401] {processor.py:163} INFO - Started process (PID=2522) to work on /home/airflow/.local/lib/python3.7/site-packages/airflow/example_dags/example_complex.py
[2022-02-16 17:04:57,403] {processor.py:642} INFO - Processing file /home/airflow/.local/lib/python3.7/site-packages/airflow/example_dags/example_complex.py for tasks to queue
[2022-02-16 17:04:57,404] {logging_mixin.py:109} INFO - [2022-02-16 17:04:57,403] {dagbag.py:500} INFO - Filling up the DagBag from /home/airflow/.local/lib/python3.7/site-packages/airflow/example_dags/example_complex.py
[2022-02-16 17:04:57,452] {processor.py:654} INFO - DAG(s) dict_keys(['example_complex']) retrieved from /home/airflow/.local/lib/python3.7/site-packages/airflow/example_dags/example_complex.py
[2022-02-16 17:04:57,475] {logging_mixin.py:109} INFO - [2022-02-16 17:04:57,475] {dag.py:2396} INFO - Sync 1 DAGs
[2022-02-16 17:04:57,497] {logging_mixin.py:109} INFO - [2022-02-16 17:04:57,497] {dag.py:2935} INFO - Setting next_dagrun for example_complex to None
[2022-02-16 17:04:57,510] {processor.py:171} INFO - Processing /home/airflow/.local/lib/python3.7/site-packages/airflow/example_dags/example_complex.py took 0.114 seconds
[2022-02-16 17:05:28,452] {processor.py:163} INFO - Started process (PID=2706) to work on /home/airflow/.local/lib/python3.7/site-packages/airflow/example_dags/example_complex.py
[2022-02-16 17:05:28,457] {processor.py:642} INFO - Processing file /home/airflow/.local/lib/python3.7/site-packages/airflow/example_dags/example_complex.py for tasks to queue
[2022-02-16 17:05:28,458] {logging_mixin.py:109} INFO - [2022-02-16 17:05:28,458] {dagbag.py:500} INFO - Filling up the DagBag from /home/airflow/.local/lib/python3.7/site-packages/airflow/example_dags/example_complex.py
[2022-02-16 17:05:28,593] {processor.py:654} INFO - DAG(s) dict_keys(['example_complex']) retrieved from /home/airflow/.local/lib/python3.7/site-packages/airflow/example_dags/example_complex.py
[2022-02-16 17:05:28,627] {logging_mixin.py:109} INFO - [2022-02-16 17:05:28,626] {dag.py:2396} INFO - Sync 1 DAGs
[2022-02-16 17:05:28,661] {logging_mixin.py:109} INFO - [2022-02-16 17:05:28,661] {dag.py:2935} INFO - Setting next_dagrun for example_complex to None
[2022-02-16 17:05:28,695] {processor.py:171} INFO - Processing /home/airflow/.local/lib/python3.7/site-packages/airflow/example_dags/example_complex.py took 0.256 seconds
[2022-02-16 17:05:59,555] {processor.py:163} INFO - Started process (PID=2899) to work on /home/airflow/.local/lib/python3.7/site-packages/airflow/example_dags/example_complex.py
[2022-02-16 17:05:59,556] {processor.py:642} INFO - Processing file /home/airflow/.local/lib/python3.7/site-packages/airflow/example_dags/example_complex.py for tasks to queue
[2022-02-16 17:05:59,557] {logging_mixin.py:109} INFO - [2022-02-16 17:05:59,557] {dagbag.py:500} INFO - Filling up the DagBag from /home/airflow/.local/lib/python3.7/site-packages/airflow/example_dags/example_complex.py
[2022-02-16 17:05:59,632] {processor.py:654} INFO - DAG(s) dict_keys(['example_complex']) retrieved from /home/airflow/.local/lib/python3.7/site-packages/airflow/example_dags/example_complex.py
[2022-02-16 17:05:59,648] {logging_mixin.py:109} INFO - [2022-02-16 17:05:59,648] {dag.py:2396} INFO - Sync 1 DAGs
[2022-02-16 17:05:59,666] {logging_mixin.py:109} INFO - [2022-02-16 17:05:59,665] {dag.py:2935} INFO - Setting next_dagrun for example_complex to None
[2022-02-16 17:05:59,681] {processor.py:171} INFO - Processing /home/airflow/.local/lib/python3.7/site-packages/airflow/example_dags/example_complex.py took 0.130 seconds
[2022-02-16 17:06:30,175] {processor.py:163} INFO - Started process (PID=3085) to work on /home/airflow/.local/lib/python3.7/site-packages/airflow/example_dags/example_complex.py
[2022-02-16 17:06:30,176] {processor.py:642} INFO - Processing file /home/airflow/.local/lib/python3.7/site-packages/airflow/example_dags/example_complex.py for tasks to queue
[2022-02-16 17:06:30,177] {logging_mixin.py:109} INFO - [2022-02-16 17:06:30,177] {dagbag.py:500} INFO - Filling up the DagBag from /home/airflow/.local/lib/python3.7/site-packages/airflow/example_dags/example_complex.py
[2022-02-16 17:06:30,214] {processor.py:654} INFO - DAG(s) dict_keys(['example_complex']) retrieved from /home/airflow/.local/lib/python3.7/site-packages/airflow/example_dags/example_complex.py
[2022-02-16 17:06:30,232] {logging_mixin.py:109} INFO - [2022-02-16 17:06:30,231] {dag.py:2396} INFO - Sync 1 DAGs
[2022-02-16 17:06:30,249] {logging_mixin.py:109} INFO - [2022-02-16 17:06:30,249] {dag.py:2935} INFO - Setting next_dagrun for example_complex to None
[2022-02-16 17:06:30,258] {processor.py:171} INFO - Processing /home/airflow/.local/lib/python3.7/site-packages/airflow/example_dags/example_complex.py took 0.087 seconds
[2022-02-16 17:07:00,662] {processor.py:163} INFO - Started process (PID=3268) to work on /home/airflow/.local/lib/python3.7/site-packages/airflow/example_dags/example_complex.py
[2022-02-16 17:07:00,667] {processor.py:642} INFO - Processing file /home/airflow/.local/lib/python3.7/site-packages/airflow/example_dags/example_complex.py for tasks to queue
[2022-02-16 17:07:00,667] {logging_mixin.py:109} INFO - [2022-02-16 17:07:00,667] {dagbag.py:500} INFO - Filling up the DagBag from /home/airflow/.local/lib/python3.7/site-packages/airflow/example_dags/example_complex.py
[2022-02-16 17:07:00,799] {processor.py:654} INFO - DAG(s) dict_keys(['example_complex']) retrieved from /home/airflow/.local/lib/python3.7/site-packages/airflow/example_dags/example_complex.py
[2022-02-16 17:07:00,863] {logging_mixin.py:109} INFO - [2022-02-16 17:07:00,863] {dag.py:2396} INFO - Sync 1 DAGs
[2022-02-16 17:07:00,933] {logging_mixin.py:109} INFO - [2022-02-16 17:07:00,933] {dag.py:2935} INFO - Setting next_dagrun for example_complex to None
[2022-02-16 17:07:00,959] {processor.py:171} INFO - Processing /home/airflow/.local/lib/python3.7/site-packages/airflow/example_dags/example_complex.py took 0.322 seconds
[2022-02-16 17:07:31,057] {processor.py:163} INFO - Started process (PID=3461) to work on /home/airflow/.local/lib/python3.7/site-packages/airflow/example_dags/example_complex.py
[2022-02-16 17:07:31,058] {processor.py:642} INFO - Processing file /home/airflow/.local/lib/python3.7/site-packages/airflow/example_dags/example_complex.py for tasks to queue
[2022-02-16 17:07:31,064] {logging_mixin.py:109} INFO - [2022-02-16 17:07:31,058] {dagbag.py:500} INFO - Filling up the DagBag from /home/airflow/.local/lib/python3.7/site-packages/airflow/example_dags/example_complex.py
[2022-02-16 17:07:31,146] {processor.py:654} INFO - DAG(s) dict_keys(['example_complex']) retrieved from /home/airflow/.local/lib/python3.7/site-packages/airflow/example_dags/example_complex.py
[2022-02-16 17:07:31,171] {logging_mixin.py:109} INFO - [2022-02-16 17:07:31,170] {dag.py:2396} INFO - Sync 1 DAGs
[2022-02-16 17:07:31,259] {logging_mixin.py:109} INFO - [2022-02-16 17:07:31,259] {dag.py:2935} INFO - Setting next_dagrun for example_complex to None
[2022-02-16 17:07:31,276] {processor.py:171} INFO - Processing /home/airflow/.local/lib/python3.7/site-packages/airflow/example_dags/example_complex.py took 0.223 seconds
[2022-02-16 17:08:01,893] {processor.py:163} INFO - Started process (PID=3647) to work on /home/airflow/.local/lib/python3.7/site-packages/airflow/example_dags/example_complex.py
[2022-02-16 17:08:01,894] {processor.py:642} INFO - Processing file /home/airflow/.local/lib/python3.7/site-packages/airflow/example_dags/example_complex.py for tasks to queue
[2022-02-16 17:08:01,895] {logging_mixin.py:109} INFO - [2022-02-16 17:08:01,895] {dagbag.py:500} INFO - Filling up the DagBag from /home/airflow/.local/lib/python3.7/site-packages/airflow/example_dags/example_complex.py
[2022-02-16 17:08:01,934] {processor.py:654} INFO - DAG(s) dict_keys(['example_complex']) retrieved from /home/airflow/.local/lib/python3.7/site-packages/airflow/example_dags/example_complex.py
[2022-02-16 17:08:01,950] {logging_mixin.py:109} INFO - [2022-02-16 17:08:01,950] {dag.py:2396} INFO - Sync 1 DAGs
[2022-02-16 17:08:01,968] {logging_mixin.py:109} INFO - [2022-02-16 17:08:01,968] {dag.py:2935} INFO - Setting next_dagrun for example_complex to None
[2022-02-16 17:08:01,983] {processor.py:171} INFO - Processing /home/airflow/.local/lib/python3.7/site-packages/airflow/example_dags/example_complex.py took 0.094 seconds
[2022-02-16 17:08:32,170] {processor.py:163} INFO - Started process (PID=3829) to work on /home/airflow/.local/lib/python3.7/site-packages/airflow/example_dags/example_complex.py
[2022-02-16 17:08:32,172] {processor.py:642} INFO - Processing file /home/airflow/.local/lib/python3.7/site-packages/airflow/example_dags/example_complex.py for tasks to queue
[2022-02-16 17:08:32,173] {logging_mixin.py:109} INFO - [2022-02-16 17:08:32,172] {dagbag.py:500} INFO - Filling up the DagBag from /home/airflow/.local/lib/python3.7/site-packages/airflow/example_dags/example_complex.py
[2022-02-16 17:08:32,243] {processor.py:654} INFO - DAG(s) dict_keys(['example_complex']) retrieved from /home/airflow/.local/lib/python3.7/site-packages/airflow/example_dags/example_complex.py
[2022-02-16 17:08:32,267] {logging_mixin.py:109} INFO - [2022-02-16 17:08:32,266] {dag.py:2396} INFO - Sync 1 DAGs
[2022-02-16 17:08:32,304] {logging_mixin.py:109} INFO - [2022-02-16 17:08:32,303] {dag.py:2935} INFO - Setting next_dagrun for example_complex to None
[2022-02-16 17:08:32,325] {processor.py:171} INFO - Processing /home/airflow/.local/lib/python3.7/site-packages/airflow/example_dags/example_complex.py took 0.161 seconds
[2022-02-16 17:09:03,294] {processor.py:163} INFO - Started process (PID=4014) to work on /home/airflow/.local/lib/python3.7/site-packages/airflow/example_dags/example_complex.py
[2022-02-16 17:09:03,297] {processor.py:642} INFO - Processing file /home/airflow/.local/lib/python3.7/site-packages/airflow/example_dags/example_complex.py for tasks to queue
[2022-02-16 17:09:03,298] {logging_mixin.py:109} INFO - [2022-02-16 17:09:03,298] {dagbag.py:500} INFO - Filling up the DagBag from /home/airflow/.local/lib/python3.7/site-packages/airflow/example_dags/example_complex.py
[2022-02-16 17:09:03,406] {processor.py:654} INFO - DAG(s) dict_keys(['example_complex']) retrieved from /home/airflow/.local/lib/python3.7/site-packages/airflow/example_dags/example_complex.py
[2022-02-16 17:09:03,462] {logging_mixin.py:109} INFO - [2022-02-16 17:09:03,462] {dag.py:2396} INFO - Sync 1 DAGs
[2022-02-16 17:09:03,525] {logging_mixin.py:109} INFO - [2022-02-16 17:09:03,525] {dag.py:2935} INFO - Setting next_dagrun for example_complex to None
[2022-02-16 17:09:03,554] {processor.py:171} INFO - Processing /home/airflow/.local/lib/python3.7/site-packages/airflow/example_dags/example_complex.py took 0.272 seconds
[2022-02-16 17:09:33,671] {processor.py:163} INFO - Started process (PID=4204) to work on /home/airflow/.local/lib/python3.7/site-packages/airflow/example_dags/example_complex.py
[2022-02-16 17:09:33,672] {processor.py:642} INFO - Processing file /home/airflow/.local/lib/python3.7/site-packages/airflow/example_dags/example_complex.py for tasks to queue
[2022-02-16 17:09:33,673] {logging_mixin.py:109} INFO - [2022-02-16 17:09:33,673] {dagbag.py:500} INFO - Filling up the DagBag from /home/airflow/.local/lib/python3.7/site-packages/airflow/example_dags/example_complex.py
[2022-02-16 17:09:33,729] {processor.py:654} INFO - DAG(s) dict_keys(['example_complex']) retrieved from /home/airflow/.local/lib/python3.7/site-packages/airflow/example_dags/example_complex.py
[2022-02-16 17:09:33,753] {logging_mixin.py:109} INFO - [2022-02-16 17:09:33,753] {dag.py:2396} INFO - Sync 1 DAGs
[2022-02-16 17:09:33,782] {logging_mixin.py:109} INFO - [2022-02-16 17:09:33,782] {dag.py:2935} INFO - Setting next_dagrun for example_complex to None
[2022-02-16 17:09:33,805] {processor.py:171} INFO - Processing /home/airflow/.local/lib/python3.7/site-packages/airflow/example_dags/example_complex.py took 0.140 seconds
[2022-02-16 17:10:04,662] {processor.py:163} INFO - Started process (PID=4391) to work on /home/airflow/.local/lib/python3.7/site-packages/airflow/example_dags/example_complex.py
[2022-02-16 17:10:04,663] {processor.py:642} INFO - Processing file /home/airflow/.local/lib/python3.7/site-packages/airflow/example_dags/example_complex.py for tasks to queue
[2022-02-16 17:10:04,664] {logging_mixin.py:109} INFO - [2022-02-16 17:10:04,664] {dagbag.py:500} INFO - Filling up the DagBag from /home/airflow/.local/lib/python3.7/site-packages/airflow/example_dags/example_complex.py
[2022-02-16 17:10:04,782] {processor.py:654} INFO - DAG(s) dict_keys(['example_complex']) retrieved from /home/airflow/.local/lib/python3.7/site-packages/airflow/example_dags/example_complex.py
[2022-02-16 17:10:04,805] {logging_mixin.py:109} INFO - [2022-02-16 17:10:04,805] {dag.py:2396} INFO - Sync 1 DAGs
[2022-02-16 17:10:04,830] {logging_mixin.py:109} INFO - [2022-02-16 17:10:04,829] {dag.py:2935} INFO - Setting next_dagrun for example_complex to None
[2022-02-16 17:10:04,849] {processor.py:171} INFO - Processing /home/airflow/.local/lib/python3.7/site-packages/airflow/example_dags/example_complex.py took 0.191 seconds
[2022-02-16 17:10:35,288] {processor.py:163} INFO - Started process (PID=4576) to work on /home/airflow/.local/lib/python3.7/site-packages/airflow/example_dags/example_complex.py
[2022-02-16 17:10:35,289] {processor.py:642} INFO - Processing file /home/airflow/.local/lib/python3.7/site-packages/airflow/example_dags/example_complex.py for tasks to queue
[2022-02-16 17:10:35,290] {logging_mixin.py:109} INFO - [2022-02-16 17:10:35,290] {dagbag.py:500} INFO - Filling up the DagBag from /home/airflow/.local/lib/python3.7/site-packages/airflow/example_dags/example_complex.py
[2022-02-16 17:10:35,330] {processor.py:654} INFO - DAG(s) dict_keys(['example_complex']) retrieved from /home/airflow/.local/lib/python3.7/site-packages/airflow/example_dags/example_complex.py
[2022-02-16 17:10:35,346] {logging_mixin.py:109} INFO - [2022-02-16 17:10:35,345] {dag.py:2396} INFO - Sync 1 DAGs
[2022-02-16 17:10:35,362] {logging_mixin.py:109} INFO - [2022-02-16 17:10:35,362] {dag.py:2935} INFO - Setting next_dagrun for example_complex to None
[2022-02-16 17:10:35,371] {processor.py:171} INFO - Processing /home/airflow/.local/lib/python3.7/site-packages/airflow/example_dags/example_complex.py took 0.087 seconds
[2022-02-16 17:11:06,136] {processor.py:163} INFO - Started process (PID=4768) to work on /home/airflow/.local/lib/python3.7/site-packages/airflow/example_dags/example_complex.py
[2022-02-16 17:11:06,140] {processor.py:642} INFO - Processing file /home/airflow/.local/lib/python3.7/site-packages/airflow/example_dags/example_complex.py for tasks to queue
[2022-02-16 17:11:06,142] {logging_mixin.py:109} INFO - [2022-02-16 17:11:06,141] {dagbag.py:500} INFO - Filling up the DagBag from /home/airflow/.local/lib/python3.7/site-packages/airflow/example_dags/example_complex.py
[2022-02-16 17:11:06,651] {processor.py:654} INFO - DAG(s) dict_keys(['example_complex']) retrieved from /home/airflow/.local/lib/python3.7/site-packages/airflow/example_dags/example_complex.py
[2022-02-16 17:11:06,996] {logging_mixin.py:109} INFO - [2022-02-16 17:11:06,996] {dag.py:2396} INFO - Sync 1 DAGs
[2022-02-16 17:11:07,151] {logging_mixin.py:109} INFO - [2022-02-16 17:11:07,151] {dag.py:2935} INFO - Setting next_dagrun for example_complex to None
[2022-02-16 17:11:07,175] {processor.py:171} INFO - Processing /home/airflow/.local/lib/python3.7/site-packages/airflow/example_dags/example_complex.py took 1.045 seconds
[2022-02-16 17:11:37,235] {processor.py:163} INFO - Started process (PID=4954) to work on /home/airflow/.local/lib/python3.7/site-packages/airflow/example_dags/example_complex.py
[2022-02-16 17:11:37,236] {processor.py:642} INFO - Processing file /home/airflow/.local/lib/python3.7/site-packages/airflow/example_dags/example_complex.py for tasks to queue
[2022-02-16 17:11:37,237] {logging_mixin.py:109} INFO - [2022-02-16 17:11:37,237] {dagbag.py:500} INFO - Filling up the DagBag from /home/airflow/.local/lib/python3.7/site-packages/airflow/example_dags/example_complex.py
[2022-02-16 17:11:37,344] {processor.py:654} INFO - DAG(s) dict_keys(['example_complex']) retrieved from /home/airflow/.local/lib/python3.7/site-packages/airflow/example_dags/example_complex.py
[2022-02-16 17:11:37,378] {logging_mixin.py:109} INFO - [2022-02-16 17:11:37,378] {dag.py:2396} INFO - Sync 1 DAGs
[2022-02-16 17:11:37,412] {logging_mixin.py:109} INFO - [2022-02-16 17:11:37,412] {dag.py:2935} INFO - Setting next_dagrun for example_complex to None
[2022-02-16 17:11:37,439] {processor.py:171} INFO - Processing /home/airflow/.local/lib/python3.7/site-packages/airflow/example_dags/example_complex.py took 0.213 seconds
[2022-02-16 17:12:07,832] {processor.py:163} INFO - Started process (PID=5146) to work on /home/airflow/.local/lib/python3.7/site-packages/airflow/example_dags/example_complex.py
[2022-02-16 17:12:07,835] {processor.py:642} INFO - Processing file /home/airflow/.local/lib/python3.7/site-packages/airflow/example_dags/example_complex.py for tasks to queue
[2022-02-16 17:12:07,836] {logging_mixin.py:109} INFO - [2022-02-16 17:12:07,836] {dagbag.py:500} INFO - Filling up the DagBag from /home/airflow/.local/lib/python3.7/site-packages/airflow/example_dags/example_complex.py
[2022-02-16 17:12:07,876] {processor.py:654} INFO - DAG(s) dict_keys(['example_complex']) retrieved from /home/airflow/.local/lib/python3.7/site-packages/airflow/example_dags/example_complex.py
[2022-02-16 17:12:07,905] {logging_mixin.py:109} INFO - [2022-02-16 17:12:07,904] {dag.py:2396} INFO - Sync 1 DAGs
[2022-02-16 17:12:07,925] {logging_mixin.py:109} INFO - [2022-02-16 17:12:07,925] {dag.py:2935} INFO - Setting next_dagrun for example_complex to None
[2022-02-16 17:12:07,937] {processor.py:171} INFO - Processing /home/airflow/.local/lib/python3.7/site-packages/airflow/example_dags/example_complex.py took 0.110 seconds
[2022-02-16 17:12:38,038] {processor.py:163} INFO - Started process (PID=5321) to work on /home/airflow/.local/lib/python3.7/site-packages/airflow/example_dags/example_complex.py
[2022-02-16 17:12:38,040] {processor.py:642} INFO - Processing file /home/airflow/.local/lib/python3.7/site-packages/airflow/example_dags/example_complex.py for tasks to queue
[2022-02-16 17:12:38,044] {logging_mixin.py:109} INFO - [2022-02-16 17:12:38,043] {dagbag.py:500} INFO - Filling up the DagBag from /home/airflow/.local/lib/python3.7/site-packages/airflow/example_dags/example_complex.py
[2022-02-16 17:12:38,091] {processor.py:654} INFO - DAG(s) dict_keys(['example_complex']) retrieved from /home/airflow/.local/lib/python3.7/site-packages/airflow/example_dags/example_complex.py
[2022-02-16 17:12:38,109] {logging_mixin.py:109} INFO - [2022-02-16 17:12:38,109] {dag.py:2396} INFO - Sync 1 DAGs
[2022-02-16 17:12:38,128] {logging_mixin.py:109} INFO - [2022-02-16 17:12:38,128] {dag.py:2935} INFO - Setting next_dagrun for example_complex to None
[2022-02-16 17:12:38,142] {processor.py:171} INFO - Processing /home/airflow/.local/lib/python3.7/site-packages/airflow/example_dags/example_complex.py took 0.110 seconds
[2022-02-16 17:13:09,866] {processor.py:163} INFO - Started process (PID=5531) to work on /home/airflow/.local/lib/python3.7/site-packages/airflow/example_dags/example_complex.py
[2022-02-16 17:13:09,875] {processor.py:642} INFO - Processing file /home/airflow/.local/lib/python3.7/site-packages/airflow/example_dags/example_complex.py for tasks to queue
[2022-02-16 17:13:09,876] {logging_mixin.py:109} INFO - [2022-02-16 17:13:09,876] {dagbag.py:500} INFO - Filling up the DagBag from /home/airflow/.local/lib/python3.7/site-packages/airflow/example_dags/example_complex.py
[2022-02-16 17:13:09,934] {processor.py:654} INFO - DAG(s) dict_keys(['example_complex']) retrieved from /home/airflow/.local/lib/python3.7/site-packages/airflow/example_dags/example_complex.py
[2022-02-16 17:13:09,951] {logging_mixin.py:109} INFO - [2022-02-16 17:13:09,951] {dag.py:2396} INFO - Sync 1 DAGs
[2022-02-16 17:13:09,969] {logging_mixin.py:109} INFO - [2022-02-16 17:13:09,969] {dag.py:2935} INFO - Setting next_dagrun for example_complex to None
[2022-02-16 17:13:09,979] {processor.py:171} INFO - Processing /home/airflow/.local/lib/python3.7/site-packages/airflow/example_dags/example_complex.py took 0.117 seconds
[2022-02-16 17:13:40,109] {processor.py:163} INFO - Started process (PID=5722) to work on /home/airflow/.local/lib/python3.7/site-packages/airflow/example_dags/example_complex.py
[2022-02-16 17:13:40,111] {processor.py:642} INFO - Processing file /home/airflow/.local/lib/python3.7/site-packages/airflow/example_dags/example_complex.py for tasks to queue
[2022-02-16 17:13:40,111] {logging_mixin.py:109} INFO - [2022-02-16 17:13:40,111] {dagbag.py:500} INFO - Filling up the DagBag from /home/airflow/.local/lib/python3.7/site-packages/airflow/example_dags/example_complex.py
[2022-02-16 17:13:40,189] {processor.py:654} INFO - DAG(s) dict_keys(['example_complex']) retrieved from /home/airflow/.local/lib/python3.7/site-packages/airflow/example_dags/example_complex.py
[2022-02-16 17:13:40,216] {logging_mixin.py:109} INFO - [2022-02-16 17:13:40,216] {dag.py:2396} INFO - Sync 1 DAGs
[2022-02-16 17:13:40,246] {logging_mixin.py:109} INFO - [2022-02-16 17:13:40,246] {dag.py:2935} INFO - Setting next_dagrun for example_complex to None
[2022-02-16 17:13:40,255] {processor.py:171} INFO - Processing /home/airflow/.local/lib/python3.7/site-packages/airflow/example_dags/example_complex.py took 0.153 seconds
[2022-02-16 17:14:10,584] {processor.py:163} INFO - Started process (PID=5918) to work on /home/airflow/.local/lib/python3.7/site-packages/airflow/example_dags/example_complex.py
[2022-02-16 17:14:10,586] {processor.py:642} INFO - Processing file /home/airflow/.local/lib/python3.7/site-packages/airflow/example_dags/example_complex.py for tasks to queue
[2022-02-16 17:14:10,587] {logging_mixin.py:109} INFO - [2022-02-16 17:14:10,587] {dagbag.py:500} INFO - Filling up the DagBag from /home/airflow/.local/lib/python3.7/site-packages/airflow/example_dags/example_complex.py
[2022-02-16 17:14:10,634] {processor.py:654} INFO - DAG(s) dict_keys(['example_complex']) retrieved from /home/airflow/.local/lib/python3.7/site-packages/airflow/example_dags/example_complex.py
[2022-02-16 17:14:10,657] {logging_mixin.py:109} INFO - [2022-02-16 17:14:10,657] {dag.py:2396} INFO - Sync 1 DAGs
[2022-02-16 17:14:10,676] {logging_mixin.py:109} INFO - [2022-02-16 17:14:10,676] {dag.py:2935} INFO - Setting next_dagrun for example_complex to None
[2022-02-16 17:14:10,687] {processor.py:171} INFO - Processing /home/airflow/.local/lib/python3.7/site-packages/airflow/example_dags/example_complex.py took 0.107 seconds
[2022-02-16 17:14:41,884] {processor.py:163} INFO - Started process (PID=6112) to work on /home/airflow/.local/lib/python3.7/site-packages/airflow/example_dags/example_complex.py
[2022-02-16 17:14:41,885] {processor.py:642} INFO - Processing file /home/airflow/.local/lib/python3.7/site-packages/airflow/example_dags/example_complex.py for tasks to queue
[2022-02-16 17:14:41,886] {logging_mixin.py:109} INFO - [2022-02-16 17:14:41,886] {dagbag.py:500} INFO - Filling up the DagBag from /home/airflow/.local/lib/python3.7/site-packages/airflow/example_dags/example_complex.py
[2022-02-16 17:14:41,937] {processor.py:654} INFO - DAG(s) dict_keys(['example_complex']) retrieved from /home/airflow/.local/lib/python3.7/site-packages/airflow/example_dags/example_complex.py
[2022-02-16 17:14:41,966] {logging_mixin.py:109} INFO - [2022-02-16 17:14:41,966] {dag.py:2396} INFO - Sync 1 DAGs
[2022-02-16 17:14:41,990] {logging_mixin.py:109} INFO - [2022-02-16 17:14:41,990] {dag.py:2935} INFO - Setting next_dagrun for example_complex to None
[2022-02-16 17:14:42,001] {processor.py:171} INFO - Processing /home/airflow/.local/lib/python3.7/site-packages/airflow/example_dags/example_complex.py took 0.122 seconds
[2022-02-16 17:15:14,222] {processor.py:163} INFO - Started process (PID=6321) to work on /home/airflow/.local/lib/python3.7/site-packages/airflow/example_dags/example_complex.py
[2022-02-16 17:15:14,224] {processor.py:642} INFO - Processing file /home/airflow/.local/lib/python3.7/site-packages/airflow/example_dags/example_complex.py for tasks to queue
[2022-02-16 17:15:14,225] {logging_mixin.py:109} INFO - [2022-02-16 17:15:14,225] {dagbag.py:500} INFO - Filling up the DagBag from /home/airflow/.local/lib/python3.7/site-packages/airflow/example_dags/example_complex.py
[2022-02-16 17:15:14,286] {processor.py:654} INFO - DAG(s) dict_keys(['example_complex']) retrieved from /home/airflow/.local/lib/python3.7/site-packages/airflow/example_dags/example_complex.py
[2022-02-16 17:15:14,310] {logging_mixin.py:109} INFO - [2022-02-16 17:15:14,308] {dag.py:2396} INFO - Sync 1 DAGs
[2022-02-16 17:15:14,335] {logging_mixin.py:109} INFO - [2022-02-16 17:15:14,335] {dag.py:2935} INFO - Setting next_dagrun for example_complex to None
[2022-02-16 17:15:14,346] {processor.py:171} INFO - Processing /home/airflow/.local/lib/python3.7/site-packages/airflow/example_dags/example_complex.py took 0.130 seconds
[2022-02-16 17:15:44,768] {processor.py:163} INFO - Started process (PID=6518) to work on /home/airflow/.local/lib/python3.7/site-packages/airflow/example_dags/example_complex.py
[2022-02-16 17:15:44,770] {processor.py:642} INFO - Processing file /home/airflow/.local/lib/python3.7/site-packages/airflow/example_dags/example_complex.py for tasks to queue
[2022-02-16 17:15:44,771] {logging_mixin.py:109} INFO - [2022-02-16 17:15:44,770] {dagbag.py:500} INFO - Filling up the DagBag from /home/airflow/.local/lib/python3.7/site-packages/airflow/example_dags/example_complex.py
[2022-02-16 17:15:44,813] {processor.py:654} INFO - DAG(s) dict_keys(['example_complex']) retrieved from /home/airflow/.local/lib/python3.7/site-packages/airflow/example_dags/example_complex.py
[2022-02-16 17:15:44,831] {logging_mixin.py:109} INFO - [2022-02-16 17:15:44,831] {dag.py:2396} INFO - Sync 1 DAGs
[2022-02-16 17:15:44,849] {logging_mixin.py:109} INFO - [2022-02-16 17:15:44,849] {dag.py:2935} INFO - Setting next_dagrun for example_complex to None
[2022-02-16 17:15:44,859] {processor.py:171} INFO - Processing /home/airflow/.local/lib/python3.7/site-packages/airflow/example_dags/example_complex.py took 0.096 seconds
[2022-02-16 17:16:15,488] {processor.py:163} INFO - Started process (PID=6704) to work on /home/airflow/.local/lib/python3.7/site-packages/airflow/example_dags/example_complex.py
[2022-02-16 17:16:15,490] {processor.py:642} INFO - Processing file /home/airflow/.local/lib/python3.7/site-packages/airflow/example_dags/example_complex.py for tasks to queue
[2022-02-16 17:16:15,491] {logging_mixin.py:109} INFO - [2022-02-16 17:16:15,490] {dagbag.py:500} INFO - Filling up the DagBag from /home/airflow/.local/lib/python3.7/site-packages/airflow/example_dags/example_complex.py
[2022-02-16 17:16:15,531] {processor.py:654} INFO - DAG(s) dict_keys(['example_complex']) retrieved from /home/airflow/.local/lib/python3.7/site-packages/airflow/example_dags/example_complex.py
[2022-02-16 17:16:15,548] {logging_mixin.py:109} INFO - [2022-02-16 17:16:15,548] {dag.py:2396} INFO - Sync 1 DAGs
[2022-02-16 17:16:15,566] {logging_mixin.py:109} INFO - [2022-02-16 17:16:15,566] {dag.py:2935} INFO - Setting next_dagrun for example_complex to None
[2022-02-16 17:16:15,575] {processor.py:171} INFO - Processing /home/airflow/.local/lib/python3.7/site-packages/airflow/example_dags/example_complex.py took 0.091 seconds
[2022-02-16 17:16:47,033] {processor.py:163} INFO - Started process (PID=6911) to work on /home/airflow/.local/lib/python3.7/site-packages/airflow/example_dags/example_complex.py
[2022-02-16 17:16:47,034] {processor.py:642} INFO - Processing file /home/airflow/.local/lib/python3.7/site-packages/airflow/example_dags/example_complex.py for tasks to queue
[2022-02-16 17:16:47,035] {logging_mixin.py:109} INFO - [2022-02-16 17:16:47,035] {dagbag.py:500} INFO - Filling up the DagBag from /home/airflow/.local/lib/python3.7/site-packages/airflow/example_dags/example_complex.py
[2022-02-16 17:16:47,090] {processor.py:654} INFO - DAG(s) dict_keys(['example_complex']) retrieved from /home/airflow/.local/lib/python3.7/site-packages/airflow/example_dags/example_complex.py
[2022-02-16 17:16:47,121] {logging_mixin.py:109} INFO - [2022-02-16 17:16:47,121] {dag.py:2396} INFO - Sync 1 DAGs
[2022-02-16 17:16:47,161] {logging_mixin.py:109} INFO - [2022-02-16 17:16:47,161] {dag.py:2935} INFO - Setting next_dagrun for example_complex to None
[2022-02-16 17:16:47,179] {processor.py:171} INFO - Processing /home/airflow/.local/lib/python3.7/site-packages/airflow/example_dags/example_complex.py took 0.150 seconds
[2022-02-16 17:17:18,140] {processor.py:163} INFO - Started process (PID=7101) to work on /home/airflow/.local/lib/python3.7/site-packages/airflow/example_dags/example_complex.py
[2022-02-16 17:17:18,144] {processor.py:642} INFO - Processing file /home/airflow/.local/lib/python3.7/site-packages/airflow/example_dags/example_complex.py for tasks to queue
[2022-02-16 17:17:18,145] {logging_mixin.py:109} INFO - [2022-02-16 17:17:18,145] {dagbag.py:500} INFO - Filling up the DagBag from /home/airflow/.local/lib/python3.7/site-packages/airflow/example_dags/example_complex.py
[2022-02-16 17:17:18,202] {processor.py:654} INFO - DAG(s) dict_keys(['example_complex']) retrieved from /home/airflow/.local/lib/python3.7/site-packages/airflow/example_dags/example_complex.py
[2022-02-16 17:17:18,221] {logging_mixin.py:109} INFO - [2022-02-16 17:17:18,221] {dag.py:2396} INFO - Sync 1 DAGs
[2022-02-16 17:17:18,246] {logging_mixin.py:109} INFO - [2022-02-16 17:17:18,246] {dag.py:2935} INFO - Setting next_dagrun for example_complex to None
[2022-02-16 17:17:18,257] {processor.py:171} INFO - Processing /home/airflow/.local/lib/python3.7/site-packages/airflow/example_dags/example_complex.py took 0.121 seconds
[2022-02-16 17:17:49,251] {processor.py:163} INFO - Started process (PID=7291) to work on /home/airflow/.local/lib/python3.7/site-packages/airflow/example_dags/example_complex.py
[2022-02-16 17:17:49,253] {processor.py:642} INFO - Processing file /home/airflow/.local/lib/python3.7/site-packages/airflow/example_dags/example_complex.py for tasks to queue
[2022-02-16 17:17:49,254] {logging_mixin.py:109} INFO - [2022-02-16 17:17:49,254] {dagbag.py:500} INFO - Filling up the DagBag from /home/airflow/.local/lib/python3.7/site-packages/airflow/example_dags/example_complex.py
[2022-02-16 17:17:49,304] {processor.py:654} INFO - DAG(s) dict_keys(['example_complex']) retrieved from /home/airflow/.local/lib/python3.7/site-packages/airflow/example_dags/example_complex.py
[2022-02-16 17:17:49,323] {logging_mixin.py:109} INFO - [2022-02-16 17:17:49,323] {dag.py:2396} INFO - Sync 1 DAGs
[2022-02-16 17:17:49,351] {logging_mixin.py:109} INFO - [2022-02-16 17:17:49,351] {dag.py:2935} INFO - Setting next_dagrun for example_complex to None
[2022-02-16 17:17:49,365] {processor.py:171} INFO - Processing /home/airflow/.local/lib/python3.7/site-packages/airflow/example_dags/example_complex.py took 0.120 seconds
[2022-02-16 17:18:20,546] {processor.py:163} INFO - Started process (PID=7499) to work on /home/airflow/.local/lib/python3.7/site-packages/airflow/example_dags/example_complex.py
[2022-02-16 17:18:20,548] {processor.py:642} INFO - Processing file /home/airflow/.local/lib/python3.7/site-packages/airflow/example_dags/example_complex.py for tasks to queue
[2022-02-16 17:18:20,549] {logging_mixin.py:109} INFO - [2022-02-16 17:18:20,549] {dagbag.py:500} INFO - Filling up the DagBag from /home/airflow/.local/lib/python3.7/site-packages/airflow/example_dags/example_complex.py
[2022-02-16 17:18:20,613] {processor.py:654} INFO - DAG(s) dict_keys(['example_complex']) retrieved from /home/airflow/.local/lib/python3.7/site-packages/airflow/example_dags/example_complex.py
[2022-02-16 17:18:20,639] {logging_mixin.py:109} INFO - [2022-02-16 17:18:20,639] {dag.py:2396} INFO - Sync 1 DAGs
[2022-02-16 17:18:20,656] {logging_mixin.py:109} INFO - [2022-02-16 17:18:20,655] {dag.py:2935} INFO - Setting next_dagrun for example_complex to None
[2022-02-16 17:18:20,673] {processor.py:171} INFO - Processing /home/airflow/.local/lib/python3.7/site-packages/airflow/example_dags/example_complex.py took 0.131 seconds
[2022-02-16 17:18:51,358] {processor.py:163} INFO - Started process (PID=7688) to work on /home/airflow/.local/lib/python3.7/site-packages/airflow/example_dags/example_complex.py
[2022-02-16 17:18:51,360] {processor.py:642} INFO - Processing file /home/airflow/.local/lib/python3.7/site-packages/airflow/example_dags/example_complex.py for tasks to queue
[2022-02-16 17:18:51,360] {logging_mixin.py:109} INFO - [2022-02-16 17:18:51,360] {dagbag.py:500} INFO - Filling up the DagBag from /home/airflow/.local/lib/python3.7/site-packages/airflow/example_dags/example_complex.py
[2022-02-16 17:18:51,397] {processor.py:654} INFO - DAG(s) dict_keys(['example_complex']) retrieved from /home/airflow/.local/lib/python3.7/site-packages/airflow/example_dags/example_complex.py
[2022-02-16 17:18:51,414] {logging_mixin.py:109} INFO - [2022-02-16 17:18:51,413] {dag.py:2396} INFO - Sync 1 DAGs
[2022-02-16 17:18:51,430] {logging_mixin.py:109} INFO - [2022-02-16 17:18:51,430] {dag.py:2935} INFO - Setting next_dagrun for example_complex to None
[2022-02-16 17:18:51,442] {processor.py:171} INFO - Processing /home/airflow/.local/lib/python3.7/site-packages/airflow/example_dags/example_complex.py took 0.088 seconds
[2022-02-16 17:19:22,436] {processor.py:163} INFO - Started process (PID=7878) to work on /home/airflow/.local/lib/python3.7/site-packages/airflow/example_dags/example_complex.py
[2022-02-16 17:19:22,438] {processor.py:642} INFO - Processing file /home/airflow/.local/lib/python3.7/site-packages/airflow/example_dags/example_complex.py for tasks to queue
[2022-02-16 17:19:22,439] {logging_mixin.py:109} INFO - [2022-02-16 17:19:22,439] {dagbag.py:500} INFO - Filling up the DagBag from /home/airflow/.local/lib/python3.7/site-packages/airflow/example_dags/example_complex.py
[2022-02-16 17:19:22,482] {processor.py:654} INFO - DAG(s) dict_keys(['example_complex']) retrieved from /home/airflow/.local/lib/python3.7/site-packages/airflow/example_dags/example_complex.py
[2022-02-16 17:19:22,499] {logging_mixin.py:109} INFO - [2022-02-16 17:19:22,499] {dag.py:2396} INFO - Sync 1 DAGs
[2022-02-16 17:19:22,523] {logging_mixin.py:109} INFO - [2022-02-16 17:19:22,522] {dag.py:2935} INFO - Setting next_dagrun for example_complex to None
[2022-02-16 17:19:22,534] {processor.py:171} INFO - Processing /home/airflow/.local/lib/python3.7/site-packages/airflow/example_dags/example_complex.py took 0.107 seconds
[2022-02-16 17:19:53,458] {processor.py:163} INFO - Started process (PID=8088) to work on /home/airflow/.local/lib/python3.7/site-packages/airflow/example_dags/example_complex.py
[2022-02-16 17:19:53,459] {processor.py:642} INFO - Processing file /home/airflow/.local/lib/python3.7/site-packages/airflow/example_dags/example_complex.py for tasks to queue
[2022-02-16 17:19:53,460] {logging_mixin.py:109} INFO - [2022-02-16 17:19:53,460] {dagbag.py:500} INFO - Filling up the DagBag from /home/airflow/.local/lib/python3.7/site-packages/airflow/example_dags/example_complex.py
[2022-02-16 17:19:53,543] {processor.py:654} INFO - DAG(s) dict_keys(['example_complex']) retrieved from /home/airflow/.local/lib/python3.7/site-packages/airflow/example_dags/example_complex.py
[2022-02-16 17:19:53,578] {logging_mixin.py:109} INFO - [2022-02-16 17:19:53,578] {dag.py:2396} INFO - Sync 1 DAGs
[2022-02-16 17:19:53,615] {logging_mixin.py:109} INFO - [2022-02-16 17:19:53,615] {dag.py:2935} INFO - Setting next_dagrun for example_complex to None
[2022-02-16 17:19:53,631] {processor.py:171} INFO - Processing /home/airflow/.local/lib/python3.7/site-packages/airflow/example_dags/example_complex.py took 0.177 seconds
[2022-02-16 17:20:23,805] {processor.py:163} INFO - Started process (PID=8280) to work on /home/airflow/.local/lib/python3.7/site-packages/airflow/example_dags/example_complex.py
[2022-02-16 17:20:23,808] {processor.py:642} INFO - Processing file /home/airflow/.local/lib/python3.7/site-packages/airflow/example_dags/example_complex.py for tasks to queue
[2022-02-16 17:20:23,816] {logging_mixin.py:109} INFO - [2022-02-16 17:20:23,816] {dagbag.py:500} INFO - Filling up the DagBag from /home/airflow/.local/lib/python3.7/site-packages/airflow/example_dags/example_complex.py
[2022-02-16 17:20:23,911] {processor.py:654} INFO - DAG(s) dict_keys(['example_complex']) retrieved from /home/airflow/.local/lib/python3.7/site-packages/airflow/example_dags/example_complex.py
[2022-02-16 17:20:23,938] {logging_mixin.py:109} INFO - [2022-02-16 17:20:23,938] {dag.py:2396} INFO - Sync 1 DAGs
[2022-02-16 17:20:23,963] {logging_mixin.py:109} INFO - [2022-02-16 17:20:23,963] {dag.py:2935} INFO - Setting next_dagrun for example_complex to None
[2022-02-16 17:20:23,978] {processor.py:171} INFO - Processing /home/airflow/.local/lib/python3.7/site-packages/airflow/example_dags/example_complex.py took 0.182 seconds
[2022-02-16 17:20:54,930] {processor.py:163} INFO - Started process (PID=8470) to work on /home/airflow/.local/lib/python3.7/site-packages/airflow/example_dags/example_complex.py
[2022-02-16 17:20:54,932] {processor.py:642} INFO - Processing file /home/airflow/.local/lib/python3.7/site-packages/airflow/example_dags/example_complex.py for tasks to queue
[2022-02-16 17:20:54,933] {logging_mixin.py:109} INFO - [2022-02-16 17:20:54,932] {dagbag.py:500} INFO - Filling up the DagBag from /home/airflow/.local/lib/python3.7/site-packages/airflow/example_dags/example_complex.py
[2022-02-16 17:20:54,970] {processor.py:654} INFO - DAG(s) dict_keys(['example_complex']) retrieved from /home/airflow/.local/lib/python3.7/site-packages/airflow/example_dags/example_complex.py
[2022-02-16 17:20:54,986] {logging_mixin.py:109} INFO - [2022-02-16 17:20:54,986] {dag.py:2396} INFO - Sync 1 DAGs
[2022-02-16 17:20:55,003] {logging_mixin.py:109} INFO - [2022-02-16 17:20:55,003] {dag.py:2935} INFO - Setting next_dagrun for example_complex to None
[2022-02-16 17:20:55,012] {processor.py:171} INFO - Processing /home/airflow/.local/lib/python3.7/site-packages/airflow/example_dags/example_complex.py took 0.086 seconds
