[2022-02-16 16:59:05,285] {processor.py:163} INFO - Started process (PID=401) to work on /home/airflow/.local/lib/python3.7/site-packages/airflow/example_dags/example_subdag_operator.py
[2022-02-16 16:59:05,288] {processor.py:642} INFO - Processing file /home/airflow/.local/lib/python3.7/site-packages/airflow/example_dags/example_subdag_operator.py for tasks to queue
[2022-02-16 16:59:05,289] {logging_mixin.py:109} INFO - [2022-02-16 16:59:05,288] {dagbag.py:500} INFO - Filling up the DagBag from /home/airflow/.local/lib/python3.7/site-packages/airflow/example_dags/example_subdag_operator.py
[2022-02-16 16:59:05,333] {processor.py:654} INFO - DAG(s) dict_keys(['example_subdag_operator.section-1', 'example_subdag_operator.section-2', 'example_subdag_operator']) retrieved from /home/airflow/.local/lib/python3.7/site-packages/airflow/example_dags/example_subdag_operator.py
[2022-02-16 16:59:07,383] {logging_mixin.py:109} INFO - [2022-02-16 16:59:07,383] {manager.py:496} INFO - Created Permission View: can read on DAG:example_subdag_operator
[2022-02-16 16:59:07,398] {logging_mixin.py:109} INFO - [2022-02-16 16:59:07,398] {manager.py:496} INFO - Created Permission View: can edit on DAG:example_subdag_operator
[2022-02-16 16:59:07,419] {logging_mixin.py:109} INFO - [2022-02-16 16:59:07,398] {dag.py:2396} INFO - Sync 3 DAGs
[2022-02-16 16:59:07,427] {logging_mixin.py:109} INFO - [2022-02-16 16:59:07,427] {dag.py:2415} INFO - Creating ORM DAG for example_subdag_operator
[2022-02-16 16:59:07,428] {logging_mixin.py:109} INFO - [2022-02-16 16:59:07,428] {dag.py:2415} INFO - Creating ORM DAG for example_subdag_operator.section-1
[2022-02-16 16:59:07,429] {logging_mixin.py:109} INFO - [2022-02-16 16:59:07,429] {dag.py:2415} INFO - Creating ORM DAG for example_subdag_operator.section-2
[2022-02-16 16:59:07,469] {logging_mixin.py:109} INFO - [2022-02-16 16:59:07,469] {dag.py:2935} INFO - Setting next_dagrun for example_subdag_operator to 2022-02-14T00:00:00+00:00
[2022-02-16 16:59:07,470] {logging_mixin.py:109} INFO - [2022-02-16 16:59:07,470] {dag.py:2935} INFO - Setting next_dagrun for example_subdag_operator.section-1 to None
[2022-02-16 16:59:07,470] {logging_mixin.py:109} INFO - [2022-02-16 16:59:07,470] {dag.py:2935} INFO - Setting next_dagrun for example_subdag_operator.section-2 to None
[2022-02-16 16:59:07,509] {logging_mixin.py:109} INFO - [2022-02-16 16:59:07,509] {dag.py:2396} INFO - Sync 2 DAGs
[2022-02-16 16:59:07,523] {logging_mixin.py:109} INFO - [2022-02-16 16:59:07,523] {dag.py:2935} INFO - Setting next_dagrun for example_subdag_operator.section-1 to None
[2022-02-16 16:59:07,524] {logging_mixin.py:109} INFO - [2022-02-16 16:59:07,524] {dag.py:2935} INFO - Setting next_dagrun for example_subdag_operator.section-2 to None
[2022-02-16 16:59:07,532] {processor.py:171} INFO - Processing /home/airflow/.local/lib/python3.7/site-packages/airflow/example_dags/example_subdag_operator.py took 2.250 seconds
[2022-02-16 16:59:37,630] {processor.py:163} INFO - Started process (PID=591) to work on /home/airflow/.local/lib/python3.7/site-packages/airflow/example_dags/example_subdag_operator.py
[2022-02-16 16:59:37,635] {processor.py:642} INFO - Processing file /home/airflow/.local/lib/python3.7/site-packages/airflow/example_dags/example_subdag_operator.py for tasks to queue
[2022-02-16 16:59:37,638] {logging_mixin.py:109} INFO - [2022-02-16 16:59:37,638] {dagbag.py:500} INFO - Filling up the DagBag from /home/airflow/.local/lib/python3.7/site-packages/airflow/example_dags/example_subdag_operator.py
[2022-02-16 16:59:37,803] {processor.py:654} INFO - DAG(s) dict_keys(['example_subdag_operator.section-1', 'example_subdag_operator.section-2', 'example_subdag_operator']) retrieved from /home/airflow/.local/lib/python3.7/site-packages/airflow/example_dags/example_subdag_operator.py
[2022-02-16 16:59:37,868] {logging_mixin.py:109} INFO - [2022-02-16 16:59:37,868] {dag.py:2396} INFO - Sync 3 DAGs
[2022-02-16 16:59:37,909] {logging_mixin.py:109} INFO - [2022-02-16 16:59:37,908] {dag.py:2935} INFO - Setting next_dagrun for example_subdag_operator to 2022-02-14T00:00:00+00:00
[2022-02-16 16:59:37,909] {logging_mixin.py:109} INFO - [2022-02-16 16:59:37,909] {dag.py:2935} INFO - Setting next_dagrun for example_subdag_operator.section-1 to None
[2022-02-16 16:59:37,909] {logging_mixin.py:109} INFO - [2022-02-16 16:59:37,909] {dag.py:2935} INFO - Setting next_dagrun for example_subdag_operator.section-2 to None
[2022-02-16 16:59:37,924] {logging_mixin.py:109} INFO - [2022-02-16 16:59:37,923] {dag.py:2396} INFO - Sync 2 DAGs
[2022-02-16 16:59:37,937] {logging_mixin.py:109} INFO - [2022-02-16 16:59:37,937] {dag.py:2935} INFO - Setting next_dagrun for example_subdag_operator.section-1 to None
[2022-02-16 16:59:37,938] {logging_mixin.py:109} INFO - [2022-02-16 16:59:37,937] {dag.py:2935} INFO - Setting next_dagrun for example_subdag_operator.section-2 to None
[2022-02-16 16:59:37,948] {processor.py:171} INFO - Processing /home/airflow/.local/lib/python3.7/site-packages/airflow/example_dags/example_subdag_operator.py took 0.334 seconds
[2022-02-16 17:00:08,444] {processor.py:163} INFO - Started process (PID=782) to work on /home/airflow/.local/lib/python3.7/site-packages/airflow/example_dags/example_subdag_operator.py
[2022-02-16 17:00:08,446] {processor.py:642} INFO - Processing file /home/airflow/.local/lib/python3.7/site-packages/airflow/example_dags/example_subdag_operator.py for tasks to queue
[2022-02-16 17:00:08,447] {logging_mixin.py:109} INFO - [2022-02-16 17:00:08,447] {dagbag.py:500} INFO - Filling up the DagBag from /home/airflow/.local/lib/python3.7/site-packages/airflow/example_dags/example_subdag_operator.py
[2022-02-16 17:00:09,026] {processor.py:654} INFO - DAG(s) dict_keys(['example_subdag_operator.section-1', 'example_subdag_operator.section-2', 'example_subdag_operator']) retrieved from /home/airflow/.local/lib/python3.7/site-packages/airflow/example_dags/example_subdag_operator.py
[2022-02-16 17:00:09,187] {logging_mixin.py:109} INFO - [2022-02-16 17:00:09,187] {dag.py:2396} INFO - Sync 3 DAGs
[2022-02-16 17:00:09,215] {logging_mixin.py:109} INFO - [2022-02-16 17:00:09,215] {dag.py:2935} INFO - Setting next_dagrun for example_subdag_operator to 2022-02-14T00:00:00+00:00
[2022-02-16 17:00:09,216] {logging_mixin.py:109} INFO - [2022-02-16 17:00:09,216] {dag.py:2935} INFO - Setting next_dagrun for example_subdag_operator.section-1 to None
[2022-02-16 17:00:09,223] {logging_mixin.py:109} INFO - [2022-02-16 17:00:09,223] {dag.py:2935} INFO - Setting next_dagrun for example_subdag_operator.section-2 to None
[2022-02-16 17:00:09,230] {logging_mixin.py:109} INFO - [2022-02-16 17:00:09,230] {dag.py:2396} INFO - Sync 2 DAGs
[2022-02-16 17:00:09,249] {logging_mixin.py:109} INFO - [2022-02-16 17:00:09,249] {dag.py:2935} INFO - Setting next_dagrun for example_subdag_operator.section-1 to None
[2022-02-16 17:00:09,249] {logging_mixin.py:109} INFO - [2022-02-16 17:00:09,249] {dag.py:2935} INFO - Setting next_dagrun for example_subdag_operator.section-2 to None
[2022-02-16 17:00:09,377] {processor.py:171} INFO - Processing /home/airflow/.local/lib/python3.7/site-packages/airflow/example_dags/example_subdag_operator.py took 0.937 seconds
[2022-02-16 17:00:39,970] {processor.py:163} INFO - Started process (PID=950) to work on /home/airflow/.local/lib/python3.7/site-packages/airflow/example_dags/example_subdag_operator.py
[2022-02-16 17:00:39,979] {processor.py:642} INFO - Processing file /home/airflow/.local/lib/python3.7/site-packages/airflow/example_dags/example_subdag_operator.py for tasks to queue
[2022-02-16 17:00:39,980] {logging_mixin.py:109} INFO - [2022-02-16 17:00:39,980] {dagbag.py:500} INFO - Filling up the DagBag from /home/airflow/.local/lib/python3.7/site-packages/airflow/example_dags/example_subdag_operator.py
[2022-02-16 17:00:40,049] {processor.py:654} INFO - DAG(s) dict_keys(['example_subdag_operator.section-1', 'example_subdag_operator.section-2', 'example_subdag_operator']) retrieved from /home/airflow/.local/lib/python3.7/site-packages/airflow/example_dags/example_subdag_operator.py
[2022-02-16 17:00:40,064] {logging_mixin.py:109} INFO - [2022-02-16 17:00:40,063] {dag.py:2396} INFO - Sync 3 DAGs
[2022-02-16 17:00:40,096] {logging_mixin.py:109} INFO - [2022-02-16 17:00:40,096] {dag.py:2935} INFO - Setting next_dagrun for example_subdag_operator to 2022-02-14T00:00:00+00:00
[2022-02-16 17:00:40,097] {logging_mixin.py:109} INFO - [2022-02-16 17:00:40,097] {dag.py:2935} INFO - Setting next_dagrun for example_subdag_operator.section-1 to None
[2022-02-16 17:00:40,097] {logging_mixin.py:109} INFO - [2022-02-16 17:00:40,097] {dag.py:2935} INFO - Setting next_dagrun for example_subdag_operator.section-2 to None
[2022-02-16 17:00:40,106] {logging_mixin.py:109} INFO - [2022-02-16 17:00:40,105] {dag.py:2396} INFO - Sync 2 DAGs
[2022-02-16 17:00:40,118] {logging_mixin.py:109} INFO - [2022-02-16 17:00:40,117] {dag.py:2935} INFO - Setting next_dagrun for example_subdag_operator.section-1 to None
[2022-02-16 17:00:40,118] {logging_mixin.py:109} INFO - [2022-02-16 17:00:40,118] {dag.py:2935} INFO - Setting next_dagrun for example_subdag_operator.section-2 to None
[2022-02-16 17:00:40,125] {processor.py:171} INFO - Processing /home/airflow/.local/lib/python3.7/site-packages/airflow/example_dags/example_subdag_operator.py took 0.163 seconds
[2022-02-16 17:01:10,192] {processor.py:163} INFO - Started process (PID=1139) to work on /home/airflow/.local/lib/python3.7/site-packages/airflow/example_dags/example_subdag_operator.py
[2022-02-16 17:01:10,193] {processor.py:642} INFO - Processing file /home/airflow/.local/lib/python3.7/site-packages/airflow/example_dags/example_subdag_operator.py for tasks to queue
[2022-02-16 17:01:10,194] {logging_mixin.py:109} INFO - [2022-02-16 17:01:10,194] {dagbag.py:500} INFO - Filling up the DagBag from /home/airflow/.local/lib/python3.7/site-packages/airflow/example_dags/example_subdag_operator.py
[2022-02-16 17:01:10,230] {processor.py:654} INFO - DAG(s) dict_keys(['example_subdag_operator.section-1', 'example_subdag_operator.section-2', 'example_subdag_operator']) retrieved from /home/airflow/.local/lib/python3.7/site-packages/airflow/example_dags/example_subdag_operator.py
[2022-02-16 17:01:10,244] {logging_mixin.py:109} INFO - [2022-02-16 17:01:10,244] {dag.py:2396} INFO - Sync 3 DAGs
[2022-02-16 17:01:10,263] {logging_mixin.py:109} INFO - [2022-02-16 17:01:10,263] {dag.py:2935} INFO - Setting next_dagrun for example_subdag_operator to 2022-02-14T00:00:00+00:00
[2022-02-16 17:01:10,263] {logging_mixin.py:109} INFO - [2022-02-16 17:01:10,263] {dag.py:2935} INFO - Setting next_dagrun for example_subdag_operator.section-1 to None
[2022-02-16 17:01:10,263] {logging_mixin.py:109} INFO - [2022-02-16 17:01:10,263] {dag.py:2935} INFO - Setting next_dagrun for example_subdag_operator.section-2 to None
[2022-02-16 17:01:10,270] {logging_mixin.py:109} INFO - [2022-02-16 17:01:10,270] {dag.py:2396} INFO - Sync 2 DAGs
[2022-02-16 17:01:10,279] {logging_mixin.py:109} INFO - [2022-02-16 17:01:10,278] {dag.py:2935} INFO - Setting next_dagrun for example_subdag_operator.section-1 to None
[2022-02-16 17:01:10,279] {logging_mixin.py:109} INFO - [2022-02-16 17:01:10,279] {dag.py:2935} INFO - Setting next_dagrun for example_subdag_operator.section-2 to None
[2022-02-16 17:01:10,285] {processor.py:171} INFO - Processing /home/airflow/.local/lib/python3.7/site-packages/airflow/example_dags/example_subdag_operator.py took 0.098 seconds
[2022-02-16 17:01:40,647] {processor.py:163} INFO - Started process (PID=1323) to work on /home/airflow/.local/lib/python3.7/site-packages/airflow/example_dags/example_subdag_operator.py
[2022-02-16 17:01:40,648] {processor.py:642} INFO - Processing file /home/airflow/.local/lib/python3.7/site-packages/airflow/example_dags/example_subdag_operator.py for tasks to queue
[2022-02-16 17:01:40,649] {logging_mixin.py:109} INFO - [2022-02-16 17:01:40,648] {dagbag.py:500} INFO - Filling up the DagBag from /home/airflow/.local/lib/python3.7/site-packages/airflow/example_dags/example_subdag_operator.py
[2022-02-16 17:01:40,686] {processor.py:654} INFO - DAG(s) dict_keys(['example_subdag_operator.section-1', 'example_subdag_operator.section-2', 'example_subdag_operator']) retrieved from /home/airflow/.local/lib/python3.7/site-packages/airflow/example_dags/example_subdag_operator.py
[2022-02-16 17:01:40,698] {logging_mixin.py:109} INFO - [2022-02-16 17:01:40,698] {dag.py:2396} INFO - Sync 3 DAGs
[2022-02-16 17:01:40,715] {logging_mixin.py:109} INFO - [2022-02-16 17:01:40,715] {dag.py:2935} INFO - Setting next_dagrun for example_subdag_operator to 2022-02-14T00:00:00+00:00
[2022-02-16 17:01:40,715] {logging_mixin.py:109} INFO - [2022-02-16 17:01:40,715] {dag.py:2935} INFO - Setting next_dagrun for example_subdag_operator.section-1 to None
[2022-02-16 17:01:40,716] {logging_mixin.py:109} INFO - [2022-02-16 17:01:40,716] {dag.py:2935} INFO - Setting next_dagrun for example_subdag_operator.section-2 to None
[2022-02-16 17:01:40,722] {logging_mixin.py:109} INFO - [2022-02-16 17:01:40,722] {dag.py:2396} INFO - Sync 2 DAGs
[2022-02-16 17:01:40,733] {logging_mixin.py:109} INFO - [2022-02-16 17:01:40,733] {dag.py:2935} INFO - Setting next_dagrun for example_subdag_operator.section-1 to None
[2022-02-16 17:01:40,733] {logging_mixin.py:109} INFO - [2022-02-16 17:01:40,733] {dag.py:2935} INFO - Setting next_dagrun for example_subdag_operator.section-2 to None
[2022-02-16 17:01:40,744] {processor.py:171} INFO - Processing /home/airflow/.local/lib/python3.7/site-packages/airflow/example_dags/example_subdag_operator.py took 0.100 seconds
[2022-02-16 17:02:10,874] {processor.py:163} INFO - Started process (PID=1498) to work on /home/airflow/.local/lib/python3.7/site-packages/airflow/example_dags/example_subdag_operator.py
[2022-02-16 17:02:10,876] {processor.py:642} INFO - Processing file /home/airflow/.local/lib/python3.7/site-packages/airflow/example_dags/example_subdag_operator.py for tasks to queue
[2022-02-16 17:02:10,877] {logging_mixin.py:109} INFO - [2022-02-16 17:02:10,877] {dagbag.py:500} INFO - Filling up the DagBag from /home/airflow/.local/lib/python3.7/site-packages/airflow/example_dags/example_subdag_operator.py
[2022-02-16 17:02:10,935] {processor.py:654} INFO - DAG(s) dict_keys(['example_subdag_operator.section-1', 'example_subdag_operator.section-2', 'example_subdag_operator']) retrieved from /home/airflow/.local/lib/python3.7/site-packages/airflow/example_dags/example_subdag_operator.py
[2022-02-16 17:02:10,951] {logging_mixin.py:109} INFO - [2022-02-16 17:02:10,951] {dag.py:2396} INFO - Sync 3 DAGs
[2022-02-16 17:02:10,976] {logging_mixin.py:109} INFO - [2022-02-16 17:02:10,976] {dag.py:2935} INFO - Setting next_dagrun for example_subdag_operator to 2022-02-14T00:00:00+00:00
[2022-02-16 17:02:10,976] {logging_mixin.py:109} INFO - [2022-02-16 17:02:10,976] {dag.py:2935} INFO - Setting next_dagrun for example_subdag_operator.section-1 to None
[2022-02-16 17:02:10,976] {logging_mixin.py:109} INFO - [2022-02-16 17:02:10,976] {dag.py:2935} INFO - Setting next_dagrun for example_subdag_operator.section-2 to None
[2022-02-16 17:02:10,984] {logging_mixin.py:109} INFO - [2022-02-16 17:02:10,983] {dag.py:2396} INFO - Sync 2 DAGs
[2022-02-16 17:02:10,994] {logging_mixin.py:109} INFO - [2022-02-16 17:02:10,994] {dag.py:2935} INFO - Setting next_dagrun for example_subdag_operator.section-1 to None
[2022-02-16 17:02:10,994] {logging_mixin.py:109} INFO - [2022-02-16 17:02:10,994] {dag.py:2935} INFO - Setting next_dagrun for example_subdag_operator.section-2 to None
[2022-02-16 17:02:11,001] {processor.py:171} INFO - Processing /home/airflow/.local/lib/python3.7/site-packages/airflow/example_dags/example_subdag_operator.py took 0.138 seconds
[2022-02-16 17:02:41,773] {processor.py:163} INFO - Started process (PID=1678) to work on /home/airflow/.local/lib/python3.7/site-packages/airflow/example_dags/example_subdag_operator.py
[2022-02-16 17:02:41,774] {processor.py:642} INFO - Processing file /home/airflow/.local/lib/python3.7/site-packages/airflow/example_dags/example_subdag_operator.py for tasks to queue
[2022-02-16 17:02:41,775] {logging_mixin.py:109} INFO - [2022-02-16 17:02:41,775] {dagbag.py:500} INFO - Filling up the DagBag from /home/airflow/.local/lib/python3.7/site-packages/airflow/example_dags/example_subdag_operator.py
[2022-02-16 17:02:41,851] {processor.py:654} INFO - DAG(s) dict_keys(['example_subdag_operator.section-1', 'example_subdag_operator.section-2', 'example_subdag_operator']) retrieved from /home/airflow/.local/lib/python3.7/site-packages/airflow/example_dags/example_subdag_operator.py
[2022-02-16 17:02:41,864] {logging_mixin.py:109} INFO - [2022-02-16 17:02:41,863] {dag.py:2396} INFO - Sync 3 DAGs
[2022-02-16 17:02:41,886] {logging_mixin.py:109} INFO - [2022-02-16 17:02:41,886] {dag.py:2935} INFO - Setting next_dagrun for example_subdag_operator to 2022-02-14T00:00:00+00:00
[2022-02-16 17:02:41,886] {logging_mixin.py:109} INFO - [2022-02-16 17:02:41,886] {dag.py:2935} INFO - Setting next_dagrun for example_subdag_operator.section-1 to None
[2022-02-16 17:02:41,886] {logging_mixin.py:109} INFO - [2022-02-16 17:02:41,886] {dag.py:2935} INFO - Setting next_dagrun for example_subdag_operator.section-2 to None
[2022-02-16 17:02:41,895] {logging_mixin.py:109} INFO - [2022-02-16 17:02:41,895] {dag.py:2396} INFO - Sync 2 DAGs
[2022-02-16 17:02:41,905] {logging_mixin.py:109} INFO - [2022-02-16 17:02:41,905] {dag.py:2935} INFO - Setting next_dagrun for example_subdag_operator.section-1 to None
[2022-02-16 17:02:41,906] {logging_mixin.py:109} INFO - [2022-02-16 17:02:41,905] {dag.py:2935} INFO - Setting next_dagrun for example_subdag_operator.section-2 to None
[2022-02-16 17:02:41,913] {processor.py:171} INFO - Processing /home/airflow/.local/lib/python3.7/site-packages/airflow/example_dags/example_subdag_operator.py took 0.144 seconds
[2022-02-16 17:03:12,126] {processor.py:163} INFO - Started process (PID=1869) to work on /home/airflow/.local/lib/python3.7/site-packages/airflow/example_dags/example_subdag_operator.py
[2022-02-16 17:03:12,129] {processor.py:642} INFO - Processing file /home/airflow/.local/lib/python3.7/site-packages/airflow/example_dags/example_subdag_operator.py for tasks to queue
[2022-02-16 17:03:12,130] {logging_mixin.py:109} INFO - [2022-02-16 17:03:12,129] {dagbag.py:500} INFO - Filling up the DagBag from /home/airflow/.local/lib/python3.7/site-packages/airflow/example_dags/example_subdag_operator.py
[2022-02-16 17:03:12,482] {processor.py:654} INFO - DAG(s) dict_keys(['example_subdag_operator.section-1', 'example_subdag_operator.section-2', 'example_subdag_operator']) retrieved from /home/airflow/.local/lib/python3.7/site-packages/airflow/example_dags/example_subdag_operator.py
[2022-02-16 17:03:12,572] {logging_mixin.py:109} INFO - [2022-02-16 17:03:12,572] {dag.py:2396} INFO - Sync 3 DAGs
[2022-02-16 17:03:12,702] {logging_mixin.py:109} INFO - [2022-02-16 17:03:12,702] {dag.py:2935} INFO - Setting next_dagrun for example_subdag_operator to 2022-02-14T00:00:00+00:00
[2022-02-16 17:03:12,706] {logging_mixin.py:109} INFO - [2022-02-16 17:03:12,706] {dag.py:2935} INFO - Setting next_dagrun for example_subdag_operator.section-1 to None
[2022-02-16 17:03:12,707] {logging_mixin.py:109} INFO - [2022-02-16 17:03:12,707] {dag.py:2935} INFO - Setting next_dagrun for example_subdag_operator.section-2 to None
[2022-02-16 17:03:12,771] {logging_mixin.py:109} INFO - [2022-02-16 17:03:12,770] {dag.py:2396} INFO - Sync 2 DAGs
[2022-02-16 17:03:12,835] {logging_mixin.py:109} INFO - [2022-02-16 17:03:12,835] {dag.py:2935} INFO - Setting next_dagrun for example_subdag_operator.section-1 to None
[2022-02-16 17:03:12,835] {logging_mixin.py:109} INFO - [2022-02-16 17:03:12,835] {dag.py:2935} INFO - Setting next_dagrun for example_subdag_operator.section-2 to None
[2022-02-16 17:03:12,990] {processor.py:171} INFO - Processing /home/airflow/.local/lib/python3.7/site-packages/airflow/example_dags/example_subdag_operator.py took 0.868 seconds
[2022-02-16 17:03:43,386] {processor.py:163} INFO - Started process (PID=2056) to work on /home/airflow/.local/lib/python3.7/site-packages/airflow/example_dags/example_subdag_operator.py
[2022-02-16 17:03:43,395] {processor.py:642} INFO - Processing file /home/airflow/.local/lib/python3.7/site-packages/airflow/example_dags/example_subdag_operator.py for tasks to queue
[2022-02-16 17:03:43,396] {logging_mixin.py:109} INFO - [2022-02-16 17:03:43,396] {dagbag.py:500} INFO - Filling up the DagBag from /home/airflow/.local/lib/python3.7/site-packages/airflow/example_dags/example_subdag_operator.py
[2022-02-16 17:03:43,437] {processor.py:654} INFO - DAG(s) dict_keys(['example_subdag_operator.section-1', 'example_subdag_operator.section-2', 'example_subdag_operator']) retrieved from /home/airflow/.local/lib/python3.7/site-packages/airflow/example_dags/example_subdag_operator.py
[2022-02-16 17:03:43,449] {logging_mixin.py:109} INFO - [2022-02-16 17:03:43,449] {dag.py:2396} INFO - Sync 3 DAGs
[2022-02-16 17:03:43,466] {logging_mixin.py:109} INFO - [2022-02-16 17:03:43,466] {dag.py:2935} INFO - Setting next_dagrun for example_subdag_operator to 2022-02-14T00:00:00+00:00
[2022-02-16 17:03:43,466] {logging_mixin.py:109} INFO - [2022-02-16 17:03:43,466] {dag.py:2935} INFO - Setting next_dagrun for example_subdag_operator.section-1 to None
[2022-02-16 17:03:43,467] {logging_mixin.py:109} INFO - [2022-02-16 17:03:43,467] {dag.py:2935} INFO - Setting next_dagrun for example_subdag_operator.section-2 to None
[2022-02-16 17:03:43,474] {logging_mixin.py:109} INFO - [2022-02-16 17:03:43,474] {dag.py:2396} INFO - Sync 2 DAGs
[2022-02-16 17:03:43,482] {logging_mixin.py:109} INFO - [2022-02-16 17:03:43,482] {dag.py:2935} INFO - Setting next_dagrun for example_subdag_operator.section-1 to None
[2022-02-16 17:03:43,483] {logging_mixin.py:109} INFO - [2022-02-16 17:03:43,483] {dag.py:2935} INFO - Setting next_dagrun for example_subdag_operator.section-2 to None
[2022-02-16 17:03:43,489] {processor.py:171} INFO - Processing /home/airflow/.local/lib/python3.7/site-packages/airflow/example_dags/example_subdag_operator.py took 0.107 seconds
[2022-02-16 17:04:13,752] {processor.py:163} INFO - Started process (PID=2247) to work on /home/airflow/.local/lib/python3.7/site-packages/airflow/example_dags/example_subdag_operator.py
[2022-02-16 17:04:13,753] {processor.py:642} INFO - Processing file /home/airflow/.local/lib/python3.7/site-packages/airflow/example_dags/example_subdag_operator.py for tasks to queue
[2022-02-16 17:04:13,754] {logging_mixin.py:109} INFO - [2022-02-16 17:04:13,754] {dagbag.py:500} INFO - Filling up the DagBag from /home/airflow/.local/lib/python3.7/site-packages/airflow/example_dags/example_subdag_operator.py
[2022-02-16 17:04:13,822] {processor.py:654} INFO - DAG(s) dict_keys(['example_subdag_operator.section-1', 'example_subdag_operator.section-2', 'example_subdag_operator']) retrieved from /home/airflow/.local/lib/python3.7/site-packages/airflow/example_dags/example_subdag_operator.py
[2022-02-16 17:04:13,841] {logging_mixin.py:109} INFO - [2022-02-16 17:04:13,841] {dag.py:2396} INFO - Sync 3 DAGs
[2022-02-16 17:04:13,866] {logging_mixin.py:109} INFO - [2022-02-16 17:04:13,866] {dag.py:2935} INFO - Setting next_dagrun for example_subdag_operator to 2022-02-14T00:00:00+00:00
[2022-02-16 17:04:13,867] {logging_mixin.py:109} INFO - [2022-02-16 17:04:13,867] {dag.py:2935} INFO - Setting next_dagrun for example_subdag_operator.section-1 to None
[2022-02-16 17:04:13,867] {logging_mixin.py:109} INFO - [2022-02-16 17:04:13,867] {dag.py:2935} INFO - Setting next_dagrun for example_subdag_operator.section-2 to None
[2022-02-16 17:04:13,875] {logging_mixin.py:109} INFO - [2022-02-16 17:04:13,875] {dag.py:2396} INFO - Sync 2 DAGs
[2022-02-16 17:04:13,903] {logging_mixin.py:109} INFO - [2022-02-16 17:04:13,902] {dag.py:2935} INFO - Setting next_dagrun for example_subdag_operator.section-1 to None
[2022-02-16 17:04:13,903] {logging_mixin.py:109} INFO - [2022-02-16 17:04:13,903] {dag.py:2935} INFO - Setting next_dagrun for example_subdag_operator.section-2 to None
[2022-02-16 17:04:13,918] {processor.py:171} INFO - Processing /home/airflow/.local/lib/python3.7/site-packages/airflow/example_dags/example_subdag_operator.py took 0.170 seconds
[2022-02-16 17:04:44,051] {processor.py:163} INFO - Started process (PID=2430) to work on /home/airflow/.local/lib/python3.7/site-packages/airflow/example_dags/example_subdag_operator.py
[2022-02-16 17:04:44,052] {processor.py:642} INFO - Processing file /home/airflow/.local/lib/python3.7/site-packages/airflow/example_dags/example_subdag_operator.py for tasks to queue
[2022-02-16 17:04:44,053] {logging_mixin.py:109} INFO - [2022-02-16 17:04:44,053] {dagbag.py:500} INFO - Filling up the DagBag from /home/airflow/.local/lib/python3.7/site-packages/airflow/example_dags/example_subdag_operator.py
[2022-02-16 17:04:44,094] {processor.py:654} INFO - DAG(s) dict_keys(['example_subdag_operator.section-1', 'example_subdag_operator.section-2', 'example_subdag_operator']) retrieved from /home/airflow/.local/lib/python3.7/site-packages/airflow/example_dags/example_subdag_operator.py
[2022-02-16 17:04:44,106] {logging_mixin.py:109} INFO - [2022-02-16 17:04:44,106] {dag.py:2396} INFO - Sync 3 DAGs
[2022-02-16 17:04:44,123] {logging_mixin.py:109} INFO - [2022-02-16 17:04:44,123] {dag.py:2935} INFO - Setting next_dagrun for example_subdag_operator to 2022-02-14T00:00:00+00:00
[2022-02-16 17:04:44,124] {logging_mixin.py:109} INFO - [2022-02-16 17:04:44,124] {dag.py:2935} INFO - Setting next_dagrun for example_subdag_operator.section-1 to None
[2022-02-16 17:04:44,124] {logging_mixin.py:109} INFO - [2022-02-16 17:04:44,124] {dag.py:2935} INFO - Setting next_dagrun for example_subdag_operator.section-2 to None
[2022-02-16 17:04:44,130] {logging_mixin.py:109} INFO - [2022-02-16 17:04:44,130] {dag.py:2396} INFO - Sync 2 DAGs
[2022-02-16 17:04:44,139] {logging_mixin.py:109} INFO - [2022-02-16 17:04:44,139] {dag.py:2935} INFO - Setting next_dagrun for example_subdag_operator.section-1 to None
[2022-02-16 17:04:44,139] {logging_mixin.py:109} INFO - [2022-02-16 17:04:44,139] {dag.py:2935} INFO - Setting next_dagrun for example_subdag_operator.section-2 to None
[2022-02-16 17:04:44,149] {processor.py:171} INFO - Processing /home/airflow/.local/lib/python3.7/site-packages/airflow/example_dags/example_subdag_operator.py took 0.102 seconds
[2022-02-16 17:05:14,333] {processor.py:163} INFO - Started process (PID=2618) to work on /home/airflow/.local/lib/python3.7/site-packages/airflow/example_dags/example_subdag_operator.py
[2022-02-16 17:05:14,335] {processor.py:642} INFO - Processing file /home/airflow/.local/lib/python3.7/site-packages/airflow/example_dags/example_subdag_operator.py for tasks to queue
[2022-02-16 17:05:14,336] {logging_mixin.py:109} INFO - [2022-02-16 17:05:14,336] {dagbag.py:500} INFO - Filling up the DagBag from /home/airflow/.local/lib/python3.7/site-packages/airflow/example_dags/example_subdag_operator.py
[2022-02-16 17:05:14,386] {processor.py:654} INFO - DAG(s) dict_keys(['example_subdag_operator.section-1', 'example_subdag_operator.section-2', 'example_subdag_operator']) retrieved from /home/airflow/.local/lib/python3.7/site-packages/airflow/example_dags/example_subdag_operator.py
[2022-02-16 17:05:14,402] {logging_mixin.py:109} INFO - [2022-02-16 17:05:14,401] {dag.py:2396} INFO - Sync 3 DAGs
[2022-02-16 17:05:14,421] {logging_mixin.py:109} INFO - [2022-02-16 17:05:14,421] {dag.py:2935} INFO - Setting next_dagrun for example_subdag_operator to 2022-02-14T00:00:00+00:00
[2022-02-16 17:05:14,422] {logging_mixin.py:109} INFO - [2022-02-16 17:05:14,422] {dag.py:2935} INFO - Setting next_dagrun for example_subdag_operator.section-1 to None
[2022-02-16 17:05:14,422] {logging_mixin.py:109} INFO - [2022-02-16 17:05:14,422] {dag.py:2935} INFO - Setting next_dagrun for example_subdag_operator.section-2 to None
[2022-02-16 17:05:14,429] {logging_mixin.py:109} INFO - [2022-02-16 17:05:14,429] {dag.py:2396} INFO - Sync 2 DAGs
[2022-02-16 17:05:14,442] {logging_mixin.py:109} INFO - [2022-02-16 17:05:14,442] {dag.py:2935} INFO - Setting next_dagrun for example_subdag_operator.section-1 to None
[2022-02-16 17:05:14,442] {logging_mixin.py:109} INFO - [2022-02-16 17:05:14,442] {dag.py:2935} INFO - Setting next_dagrun for example_subdag_operator.section-2 to None
[2022-02-16 17:05:14,450] {processor.py:171} INFO - Processing /home/airflow/.local/lib/python3.7/site-packages/airflow/example_dags/example_subdag_operator.py took 0.122 seconds
[2022-02-16 17:05:44,584] {processor.py:163} INFO - Started process (PID=2810) to work on /home/airflow/.local/lib/python3.7/site-packages/airflow/example_dags/example_subdag_operator.py
[2022-02-16 17:05:44,593] {processor.py:642} INFO - Processing file /home/airflow/.local/lib/python3.7/site-packages/airflow/example_dags/example_subdag_operator.py for tasks to queue
[2022-02-16 17:05:44,595] {logging_mixin.py:109} INFO - [2022-02-16 17:05:44,594] {dagbag.py:500} INFO - Filling up the DagBag from /home/airflow/.local/lib/python3.7/site-packages/airflow/example_dags/example_subdag_operator.py
[2022-02-16 17:05:44,727] {processor.py:654} INFO - DAG(s) dict_keys(['example_subdag_operator.section-1', 'example_subdag_operator.section-2', 'example_subdag_operator']) retrieved from /home/airflow/.local/lib/python3.7/site-packages/airflow/example_dags/example_subdag_operator.py
[2022-02-16 17:05:44,761] {logging_mixin.py:109} INFO - [2022-02-16 17:05:44,761] {dag.py:2396} INFO - Sync 3 DAGs
[2022-02-16 17:05:44,790] {logging_mixin.py:109} INFO - [2022-02-16 17:05:44,790] {dag.py:2935} INFO - Setting next_dagrun for example_subdag_operator to 2022-02-14T00:00:00+00:00
[2022-02-16 17:05:44,790] {logging_mixin.py:109} INFO - [2022-02-16 17:05:44,790] {dag.py:2935} INFO - Setting next_dagrun for example_subdag_operator.section-1 to None
[2022-02-16 17:05:44,791] {logging_mixin.py:109} INFO - [2022-02-16 17:05:44,791] {dag.py:2935} INFO - Setting next_dagrun for example_subdag_operator.section-2 to None
[2022-02-16 17:05:44,816] {logging_mixin.py:109} INFO - [2022-02-16 17:05:44,816] {dag.py:2396} INFO - Sync 2 DAGs
[2022-02-16 17:05:44,834] {logging_mixin.py:109} INFO - [2022-02-16 17:05:44,833] {dag.py:2935} INFO - Setting next_dagrun for example_subdag_operator.section-1 to None
[2022-02-16 17:05:44,834] {logging_mixin.py:109} INFO - [2022-02-16 17:05:44,834] {dag.py:2935} INFO - Setting next_dagrun for example_subdag_operator.section-2 to None
[2022-02-16 17:05:44,846] {processor.py:171} INFO - Processing /home/airflow/.local/lib/python3.7/site-packages/airflow/example_dags/example_subdag_operator.py took 0.268 seconds
[2022-02-16 17:06:15,225] {processor.py:163} INFO - Started process (PID=2996) to work on /home/airflow/.local/lib/python3.7/site-packages/airflow/example_dags/example_subdag_operator.py
[2022-02-16 17:06:15,226] {processor.py:642} INFO - Processing file /home/airflow/.local/lib/python3.7/site-packages/airflow/example_dags/example_subdag_operator.py for tasks to queue
[2022-02-16 17:06:15,227] {logging_mixin.py:109} INFO - [2022-02-16 17:06:15,227] {dagbag.py:500} INFO - Filling up the DagBag from /home/airflow/.local/lib/python3.7/site-packages/airflow/example_dags/example_subdag_operator.py
[2022-02-16 17:06:15,287] {processor.py:654} INFO - DAG(s) dict_keys(['example_subdag_operator.section-1', 'example_subdag_operator.section-2', 'example_subdag_operator']) retrieved from /home/airflow/.local/lib/python3.7/site-packages/airflow/example_dags/example_subdag_operator.py
[2022-02-16 17:06:15,300] {logging_mixin.py:109} INFO - [2022-02-16 17:06:15,300] {dag.py:2396} INFO - Sync 3 DAGs
[2022-02-16 17:06:15,321] {logging_mixin.py:109} INFO - [2022-02-16 17:06:15,321] {dag.py:2935} INFO - Setting next_dagrun for example_subdag_operator to 2022-02-14T00:00:00+00:00
[2022-02-16 17:06:15,321] {logging_mixin.py:109} INFO - [2022-02-16 17:06:15,321] {dag.py:2935} INFO - Setting next_dagrun for example_subdag_operator.section-1 to None
[2022-02-16 17:06:15,322] {logging_mixin.py:109} INFO - [2022-02-16 17:06:15,322] {dag.py:2935} INFO - Setting next_dagrun for example_subdag_operator.section-2 to None
[2022-02-16 17:06:15,328] {logging_mixin.py:109} INFO - [2022-02-16 17:06:15,328] {dag.py:2396} INFO - Sync 2 DAGs
[2022-02-16 17:06:15,338] {logging_mixin.py:109} INFO - [2022-02-16 17:06:15,338] {dag.py:2935} INFO - Setting next_dagrun for example_subdag_operator.section-1 to None
[2022-02-16 17:06:15,338] {logging_mixin.py:109} INFO - [2022-02-16 17:06:15,338] {dag.py:2935} INFO - Setting next_dagrun for example_subdag_operator.section-2 to None
[2022-02-16 17:06:15,346] {processor.py:171} INFO - Processing /home/airflow/.local/lib/python3.7/site-packages/airflow/example_dags/example_subdag_operator.py took 0.131 seconds
[2022-02-16 17:06:45,605] {processor.py:163} INFO - Started process (PID=3180) to work on /home/airflow/.local/lib/python3.7/site-packages/airflow/example_dags/example_subdag_operator.py
[2022-02-16 17:06:45,606] {processor.py:642} INFO - Processing file /home/airflow/.local/lib/python3.7/site-packages/airflow/example_dags/example_subdag_operator.py for tasks to queue
[2022-02-16 17:06:45,607] {logging_mixin.py:109} INFO - [2022-02-16 17:06:45,607] {dagbag.py:500} INFO - Filling up the DagBag from /home/airflow/.local/lib/python3.7/site-packages/airflow/example_dags/example_subdag_operator.py
[2022-02-16 17:06:45,646] {processor.py:654} INFO - DAG(s) dict_keys(['example_subdag_operator.section-1', 'example_subdag_operator.section-2', 'example_subdag_operator']) retrieved from /home/airflow/.local/lib/python3.7/site-packages/airflow/example_dags/example_subdag_operator.py
[2022-02-16 17:06:45,659] {logging_mixin.py:109} INFO - [2022-02-16 17:06:45,659] {dag.py:2396} INFO - Sync 3 DAGs
[2022-02-16 17:06:45,676] {logging_mixin.py:109} INFO - [2022-02-16 17:06:45,676] {dag.py:2935} INFO - Setting next_dagrun for example_subdag_operator to 2022-02-14T00:00:00+00:00
[2022-02-16 17:06:45,677] {logging_mixin.py:109} INFO - [2022-02-16 17:06:45,676] {dag.py:2935} INFO - Setting next_dagrun for example_subdag_operator.section-1 to None
[2022-02-16 17:06:45,677] {logging_mixin.py:109} INFO - [2022-02-16 17:06:45,677] {dag.py:2935} INFO - Setting next_dagrun for example_subdag_operator.section-2 to None
[2022-02-16 17:06:45,683] {logging_mixin.py:109} INFO - [2022-02-16 17:06:45,683] {dag.py:2396} INFO - Sync 2 DAGs
[2022-02-16 17:06:45,691] {logging_mixin.py:109} INFO - [2022-02-16 17:06:45,691] {dag.py:2935} INFO - Setting next_dagrun for example_subdag_operator.section-1 to None
[2022-02-16 17:06:45,692] {logging_mixin.py:109} INFO - [2022-02-16 17:06:45,692] {dag.py:2935} INFO - Setting next_dagrun for example_subdag_operator.section-2 to None
[2022-02-16 17:06:45,699] {processor.py:171} INFO - Processing /home/airflow/.local/lib/python3.7/site-packages/airflow/example_dags/example_subdag_operator.py took 0.097 seconds
[2022-02-16 17:07:15,913] {processor.py:163} INFO - Started process (PID=3372) to work on /home/airflow/.local/lib/python3.7/site-packages/airflow/example_dags/example_subdag_operator.py
[2022-02-16 17:07:15,914] {processor.py:642} INFO - Processing file /home/airflow/.local/lib/python3.7/site-packages/airflow/example_dags/example_subdag_operator.py for tasks to queue
[2022-02-16 17:07:15,915] {logging_mixin.py:109} INFO - [2022-02-16 17:07:15,915] {dagbag.py:500} INFO - Filling up the DagBag from /home/airflow/.local/lib/python3.7/site-packages/airflow/example_dags/example_subdag_operator.py
[2022-02-16 17:07:16,001] {processor.py:654} INFO - DAG(s) dict_keys(['example_subdag_operator.section-1', 'example_subdag_operator.section-2', 'example_subdag_operator']) retrieved from /home/airflow/.local/lib/python3.7/site-packages/airflow/example_dags/example_subdag_operator.py
[2022-02-16 17:07:16,025] {logging_mixin.py:109} INFO - [2022-02-16 17:07:16,024] {dag.py:2396} INFO - Sync 3 DAGs
[2022-02-16 17:07:16,044] {logging_mixin.py:109} INFO - [2022-02-16 17:07:16,044] {dag.py:2935} INFO - Setting next_dagrun for example_subdag_operator to 2022-02-14T00:00:00+00:00
[2022-02-16 17:07:16,045] {logging_mixin.py:109} INFO - [2022-02-16 17:07:16,045] {dag.py:2935} INFO - Setting next_dagrun for example_subdag_operator.section-1 to None
[2022-02-16 17:07:16,045] {logging_mixin.py:109} INFO - [2022-02-16 17:07:16,045] {dag.py:2935} INFO - Setting next_dagrun for example_subdag_operator.section-2 to None
[2022-02-16 17:07:16,055] {logging_mixin.py:109} INFO - [2022-02-16 17:07:16,055] {dag.py:2396} INFO - Sync 2 DAGs
[2022-02-16 17:07:16,064] {logging_mixin.py:109} INFO - [2022-02-16 17:07:16,064] {dag.py:2935} INFO - Setting next_dagrun for example_subdag_operator.section-1 to None
[2022-02-16 17:07:16,065] {logging_mixin.py:109} INFO - [2022-02-16 17:07:16,065] {dag.py:2935} INFO - Setting next_dagrun for example_subdag_operator.section-2 to None
[2022-02-16 17:07:16,077] {processor.py:171} INFO - Processing /home/airflow/.local/lib/python3.7/site-packages/airflow/example_dags/example_subdag_operator.py took 0.168 seconds
[2022-02-16 17:07:46,482] {processor.py:163} INFO - Started process (PID=3556) to work on /home/airflow/.local/lib/python3.7/site-packages/airflow/example_dags/example_subdag_operator.py
[2022-02-16 17:07:46,489] {processor.py:642} INFO - Processing file /home/airflow/.local/lib/python3.7/site-packages/airflow/example_dags/example_subdag_operator.py for tasks to queue
[2022-02-16 17:07:46,490] {logging_mixin.py:109} INFO - [2022-02-16 17:07:46,490] {dagbag.py:500} INFO - Filling up the DagBag from /home/airflow/.local/lib/python3.7/site-packages/airflow/example_dags/example_subdag_operator.py
[2022-02-16 17:07:46,589] {processor.py:654} INFO - DAG(s) dict_keys(['example_subdag_operator.section-1', 'example_subdag_operator.section-2', 'example_subdag_operator']) retrieved from /home/airflow/.local/lib/python3.7/site-packages/airflow/example_dags/example_subdag_operator.py
[2022-02-16 17:07:46,630] {logging_mixin.py:109} INFO - [2022-02-16 17:07:46,629] {dag.py:2396} INFO - Sync 3 DAGs
[2022-02-16 17:07:46,678] {logging_mixin.py:109} INFO - [2022-02-16 17:07:46,677] {dag.py:2935} INFO - Setting next_dagrun for example_subdag_operator to 2022-02-14T00:00:00+00:00
[2022-02-16 17:07:46,678] {logging_mixin.py:109} INFO - [2022-02-16 17:07:46,678] {dag.py:2935} INFO - Setting next_dagrun for example_subdag_operator.section-1 to None
[2022-02-16 17:07:46,678] {logging_mixin.py:109} INFO - [2022-02-16 17:07:46,678] {dag.py:2935} INFO - Setting next_dagrun for example_subdag_operator.section-2 to None
[2022-02-16 17:07:46,698] {logging_mixin.py:109} INFO - [2022-02-16 17:07:46,697] {dag.py:2396} INFO - Sync 2 DAGs
[2022-02-16 17:07:46,715] {logging_mixin.py:109} INFO - [2022-02-16 17:07:46,715] {dag.py:2935} INFO - Setting next_dagrun for example_subdag_operator.section-1 to None
[2022-02-16 17:07:46,715] {logging_mixin.py:109} INFO - [2022-02-16 17:07:46,715] {dag.py:2935} INFO - Setting next_dagrun for example_subdag_operator.section-2 to None
[2022-02-16 17:07:46,725] {processor.py:171} INFO - Processing /home/airflow/.local/lib/python3.7/site-packages/airflow/example_dags/example_subdag_operator.py took 0.247 seconds
[2022-02-16 17:08:16,881] {processor.py:163} INFO - Started process (PID=3740) to work on /home/airflow/.local/lib/python3.7/site-packages/airflow/example_dags/example_subdag_operator.py
[2022-02-16 17:08:16,882] {processor.py:642} INFO - Processing file /home/airflow/.local/lib/python3.7/site-packages/airflow/example_dags/example_subdag_operator.py for tasks to queue
[2022-02-16 17:08:16,883] {logging_mixin.py:109} INFO - [2022-02-16 17:08:16,883] {dagbag.py:500} INFO - Filling up the DagBag from /home/airflow/.local/lib/python3.7/site-packages/airflow/example_dags/example_subdag_operator.py
[2022-02-16 17:08:16,923] {processor.py:654} INFO - DAG(s) dict_keys(['example_subdag_operator.section-1', 'example_subdag_operator.section-2', 'example_subdag_operator']) retrieved from /home/airflow/.local/lib/python3.7/site-packages/airflow/example_dags/example_subdag_operator.py
[2022-02-16 17:08:16,936] {logging_mixin.py:109} INFO - [2022-02-16 17:08:16,935] {dag.py:2396} INFO - Sync 3 DAGs
[2022-02-16 17:08:16,953] {logging_mixin.py:109} INFO - [2022-02-16 17:08:16,953] {dag.py:2935} INFO - Setting next_dagrun for example_subdag_operator to 2022-02-14T00:00:00+00:00
[2022-02-16 17:08:16,953] {logging_mixin.py:109} INFO - [2022-02-16 17:08:16,953] {dag.py:2935} INFO - Setting next_dagrun for example_subdag_operator.section-1 to None
[2022-02-16 17:08:16,953] {logging_mixin.py:109} INFO - [2022-02-16 17:08:16,953] {dag.py:2935} INFO - Setting next_dagrun for example_subdag_operator.section-2 to None
[2022-02-16 17:08:16,960] {logging_mixin.py:109} INFO - [2022-02-16 17:08:16,960] {dag.py:2396} INFO - Sync 2 DAGs
[2022-02-16 17:08:16,970] {logging_mixin.py:109} INFO - [2022-02-16 17:08:16,970] {dag.py:2935} INFO - Setting next_dagrun for example_subdag_operator.section-1 to None
[2022-02-16 17:08:16,970] {logging_mixin.py:109} INFO - [2022-02-16 17:08:16,970] {dag.py:2935} INFO - Setting next_dagrun for example_subdag_operator.section-2 to None
[2022-02-16 17:08:16,980] {processor.py:171} INFO - Processing /home/airflow/.local/lib/python3.7/site-packages/airflow/example_dags/example_subdag_operator.py took 0.103 seconds
[2022-02-16 17:08:47,472] {processor.py:163} INFO - Started process (PID=3923) to work on /home/airflow/.local/lib/python3.7/site-packages/airflow/example_dags/example_subdag_operator.py
[2022-02-16 17:08:47,474] {processor.py:642} INFO - Processing file /home/airflow/.local/lib/python3.7/site-packages/airflow/example_dags/example_subdag_operator.py for tasks to queue
[2022-02-16 17:08:47,474] {logging_mixin.py:109} INFO - [2022-02-16 17:08:47,474] {dagbag.py:500} INFO - Filling up the DagBag from /home/airflow/.local/lib/python3.7/site-packages/airflow/example_dags/example_subdag_operator.py
[2022-02-16 17:08:47,511] {processor.py:654} INFO - DAG(s) dict_keys(['example_subdag_operator.section-1', 'example_subdag_operator.section-2', 'example_subdag_operator']) retrieved from /home/airflow/.local/lib/python3.7/site-packages/airflow/example_dags/example_subdag_operator.py
[2022-02-16 17:08:47,524] {logging_mixin.py:109} INFO - [2022-02-16 17:08:47,524] {dag.py:2396} INFO - Sync 3 DAGs
[2022-02-16 17:08:47,541] {logging_mixin.py:109} INFO - [2022-02-16 17:08:47,541] {dag.py:2935} INFO - Setting next_dagrun for example_subdag_operator to 2022-02-14T00:00:00+00:00
[2022-02-16 17:08:47,542] {logging_mixin.py:109} INFO - [2022-02-16 17:08:47,542] {dag.py:2935} INFO - Setting next_dagrun for example_subdag_operator.section-1 to None
[2022-02-16 17:08:47,542] {logging_mixin.py:109} INFO - [2022-02-16 17:08:47,542] {dag.py:2935} INFO - Setting next_dagrun for example_subdag_operator.section-2 to None
[2022-02-16 17:08:47,548] {logging_mixin.py:109} INFO - [2022-02-16 17:08:47,548] {dag.py:2396} INFO - Sync 2 DAGs
[2022-02-16 17:08:47,559] {logging_mixin.py:109} INFO - [2022-02-16 17:08:47,559] {dag.py:2935} INFO - Setting next_dagrun for example_subdag_operator.section-1 to None
[2022-02-16 17:08:47,560] {logging_mixin.py:109} INFO - [2022-02-16 17:08:47,560] {dag.py:2935} INFO - Setting next_dagrun for example_subdag_operator.section-2 to None
[2022-02-16 17:08:47,568] {processor.py:171} INFO - Processing /home/airflow/.local/lib/python3.7/site-packages/airflow/example_dags/example_subdag_operator.py took 0.100 seconds
[2022-02-16 17:09:17,969] {processor.py:163} INFO - Started process (PID=4116) to work on /home/airflow/.local/lib/python3.7/site-packages/airflow/example_dags/example_subdag_operator.py
[2022-02-16 17:09:17,971] {processor.py:642} INFO - Processing file /home/airflow/.local/lib/python3.7/site-packages/airflow/example_dags/example_subdag_operator.py for tasks to queue
[2022-02-16 17:09:17,972] {logging_mixin.py:109} INFO - [2022-02-16 17:09:17,971] {dagbag.py:500} INFO - Filling up the DagBag from /home/airflow/.local/lib/python3.7/site-packages/airflow/example_dags/example_subdag_operator.py
[2022-02-16 17:09:18,031] {processor.py:654} INFO - DAG(s) dict_keys(['example_subdag_operator.section-1', 'example_subdag_operator.section-2', 'example_subdag_operator']) retrieved from /home/airflow/.local/lib/python3.7/site-packages/airflow/example_dags/example_subdag_operator.py
[2022-02-16 17:09:18,055] {logging_mixin.py:109} INFO - [2022-02-16 17:09:18,054] {dag.py:2396} INFO - Sync 3 DAGs
[2022-02-16 17:09:18,078] {logging_mixin.py:109} INFO - [2022-02-16 17:09:18,078] {dag.py:2935} INFO - Setting next_dagrun for example_subdag_operator to 2022-02-14T00:00:00+00:00
[2022-02-16 17:09:18,079] {logging_mixin.py:109} INFO - [2022-02-16 17:09:18,079] {dag.py:2935} INFO - Setting next_dagrun for example_subdag_operator.section-1 to None
[2022-02-16 17:09:18,079] {logging_mixin.py:109} INFO - [2022-02-16 17:09:18,079] {dag.py:2935} INFO - Setting next_dagrun for example_subdag_operator.section-2 to None
[2022-02-16 17:09:18,086] {logging_mixin.py:109} INFO - [2022-02-16 17:09:18,086] {dag.py:2396} INFO - Sync 2 DAGs
[2022-02-16 17:09:18,097] {logging_mixin.py:109} INFO - [2022-02-16 17:09:18,097] {dag.py:2935} INFO - Setting next_dagrun for example_subdag_operator.section-1 to None
[2022-02-16 17:09:18,097] {logging_mixin.py:109} INFO - [2022-02-16 17:09:18,097] {dag.py:2935} INFO - Setting next_dagrun for example_subdag_operator.section-2 to None
[2022-02-16 17:09:18,111] {processor.py:171} INFO - Processing /home/airflow/.local/lib/python3.7/site-packages/airflow/example_dags/example_subdag_operator.py took 0.147 seconds
[2022-02-16 17:09:48,877] {processor.py:163} INFO - Started process (PID=4300) to work on /home/airflow/.local/lib/python3.7/site-packages/airflow/example_dags/example_subdag_operator.py
[2022-02-16 17:09:48,885] {processor.py:642} INFO - Processing file /home/airflow/.local/lib/python3.7/site-packages/airflow/example_dags/example_subdag_operator.py for tasks to queue
[2022-02-16 17:09:48,889] {logging_mixin.py:109} INFO - [2022-02-16 17:09:48,889] {dagbag.py:500} INFO - Filling up the DagBag from /home/airflow/.local/lib/python3.7/site-packages/airflow/example_dags/example_subdag_operator.py
[2022-02-16 17:09:48,999] {processor.py:654} INFO - DAG(s) dict_keys(['example_subdag_operator.section-1', 'example_subdag_operator.section-2', 'example_subdag_operator']) retrieved from /home/airflow/.local/lib/python3.7/site-packages/airflow/example_dags/example_subdag_operator.py
[2022-02-16 17:09:49,027] {logging_mixin.py:109} INFO - [2022-02-16 17:09:49,027] {dag.py:2396} INFO - Sync 3 DAGs
[2022-02-16 17:09:49,061] {logging_mixin.py:109} INFO - [2022-02-16 17:09:49,061] {dag.py:2935} INFO - Setting next_dagrun for example_subdag_operator to 2022-02-14T00:00:00+00:00
[2022-02-16 17:09:49,061] {logging_mixin.py:109} INFO - [2022-02-16 17:09:49,061] {dag.py:2935} INFO - Setting next_dagrun for example_subdag_operator.section-1 to None
[2022-02-16 17:09:49,062] {logging_mixin.py:109} INFO - [2022-02-16 17:09:49,062] {dag.py:2935} INFO - Setting next_dagrun for example_subdag_operator.section-2 to None
[2022-02-16 17:09:49,070] {logging_mixin.py:109} INFO - [2022-02-16 17:09:49,070] {dag.py:2396} INFO - Sync 2 DAGs
[2022-02-16 17:09:49,083] {logging_mixin.py:109} INFO - [2022-02-16 17:09:49,083] {dag.py:2935} INFO - Setting next_dagrun for example_subdag_operator.section-1 to None
[2022-02-16 17:09:49,084] {logging_mixin.py:109} INFO - [2022-02-16 17:09:49,084] {dag.py:2935} INFO - Setting next_dagrun for example_subdag_operator.section-2 to None
[2022-02-16 17:09:49,093] {processor.py:171} INFO - Processing /home/airflow/.local/lib/python3.7/site-packages/airflow/example_dags/example_subdag_operator.py took 0.227 seconds
[2022-02-16 17:10:19,162] {processor.py:163} INFO - Started process (PID=4485) to work on /home/airflow/.local/lib/python3.7/site-packages/airflow/example_dags/example_subdag_operator.py
[2022-02-16 17:10:19,164] {processor.py:642} INFO - Processing file /home/airflow/.local/lib/python3.7/site-packages/airflow/example_dags/example_subdag_operator.py for tasks to queue
[2022-02-16 17:10:19,165] {logging_mixin.py:109} INFO - [2022-02-16 17:10:19,165] {dagbag.py:500} INFO - Filling up the DagBag from /home/airflow/.local/lib/python3.7/site-packages/airflow/example_dags/example_subdag_operator.py
[2022-02-16 17:10:19,226] {processor.py:654} INFO - DAG(s) dict_keys(['example_subdag_operator.section-1', 'example_subdag_operator.section-2', 'example_subdag_operator']) retrieved from /home/airflow/.local/lib/python3.7/site-packages/airflow/example_dags/example_subdag_operator.py
[2022-02-16 17:10:19,253] {logging_mixin.py:109} INFO - [2022-02-16 17:10:19,253] {dag.py:2396} INFO - Sync 3 DAGs
[2022-02-16 17:10:19,279] {logging_mixin.py:109} INFO - [2022-02-16 17:10:19,279] {dag.py:2935} INFO - Setting next_dagrun for example_subdag_operator to 2022-02-14T00:00:00+00:00
[2022-02-16 17:10:19,279] {logging_mixin.py:109} INFO - [2022-02-16 17:10:19,279] {dag.py:2935} INFO - Setting next_dagrun for example_subdag_operator.section-1 to None
[2022-02-16 17:10:19,280] {logging_mixin.py:109} INFO - [2022-02-16 17:10:19,280] {dag.py:2935} INFO - Setting next_dagrun for example_subdag_operator.section-2 to None
[2022-02-16 17:10:19,288] {logging_mixin.py:109} INFO - [2022-02-16 17:10:19,287] {dag.py:2396} INFO - Sync 2 DAGs
[2022-02-16 17:10:19,300] {logging_mixin.py:109} INFO - [2022-02-16 17:10:19,299] {dag.py:2935} INFO - Setting next_dagrun for example_subdag_operator.section-1 to None
[2022-02-16 17:10:19,302] {logging_mixin.py:109} INFO - [2022-02-16 17:10:19,300] {dag.py:2935} INFO - Setting next_dagrun for example_subdag_operator.section-2 to None
[2022-02-16 17:10:19,314] {processor.py:171} INFO - Processing /home/airflow/.local/lib/python3.7/site-packages/airflow/example_dags/example_subdag_operator.py took 0.157 seconds
[2022-02-16 17:10:50,043] {processor.py:163} INFO - Started process (PID=4672) to work on /home/airflow/.local/lib/python3.7/site-packages/airflow/example_dags/example_subdag_operator.py
[2022-02-16 17:10:50,045] {processor.py:642} INFO - Processing file /home/airflow/.local/lib/python3.7/site-packages/airflow/example_dags/example_subdag_operator.py for tasks to queue
[2022-02-16 17:10:50,045] {logging_mixin.py:109} INFO - [2022-02-16 17:10:50,045] {dagbag.py:500} INFO - Filling up the DagBag from /home/airflow/.local/lib/python3.7/site-packages/airflow/example_dags/example_subdag_operator.py
[2022-02-16 17:10:50,086] {processor.py:654} INFO - DAG(s) dict_keys(['example_subdag_operator.section-1', 'example_subdag_operator.section-2', 'example_subdag_operator']) retrieved from /home/airflow/.local/lib/python3.7/site-packages/airflow/example_dags/example_subdag_operator.py
[2022-02-16 17:10:50,100] {logging_mixin.py:109} INFO - [2022-02-16 17:10:50,100] {dag.py:2396} INFO - Sync 3 DAGs
[2022-02-16 17:10:50,118] {logging_mixin.py:109} INFO - [2022-02-16 17:10:50,118] {dag.py:2935} INFO - Setting next_dagrun for example_subdag_operator to 2022-02-14T00:00:00+00:00
[2022-02-16 17:10:50,119] {logging_mixin.py:109} INFO - [2022-02-16 17:10:50,119] {dag.py:2935} INFO - Setting next_dagrun for example_subdag_operator.section-1 to None
[2022-02-16 17:10:50,119] {logging_mixin.py:109} INFO - [2022-02-16 17:10:50,119] {dag.py:2935} INFO - Setting next_dagrun for example_subdag_operator.section-2 to None
[2022-02-16 17:10:50,126] {logging_mixin.py:109} INFO - [2022-02-16 17:10:50,126] {dag.py:2396} INFO - Sync 2 DAGs
[2022-02-16 17:10:50,136] {logging_mixin.py:109} INFO - [2022-02-16 17:10:50,135] {dag.py:2935} INFO - Setting next_dagrun for example_subdag_operator.section-1 to None
[2022-02-16 17:10:50,136] {logging_mixin.py:109} INFO - [2022-02-16 17:10:50,136] {dag.py:2935} INFO - Setting next_dagrun for example_subdag_operator.section-2 to None
[2022-02-16 17:10:50,143] {processor.py:171} INFO - Processing /home/airflow/.local/lib/python3.7/site-packages/airflow/example_dags/example_subdag_operator.py took 0.104 seconds
[2022-02-16 17:11:20,287] {processor.py:163} INFO - Started process (PID=4855) to work on /home/airflow/.local/lib/python3.7/site-packages/airflow/example_dags/example_subdag_operator.py
[2022-02-16 17:11:20,289] {processor.py:642} INFO - Processing file /home/airflow/.local/lib/python3.7/site-packages/airflow/example_dags/example_subdag_operator.py for tasks to queue
[2022-02-16 17:11:20,290] {logging_mixin.py:109} INFO - [2022-02-16 17:11:20,289] {dagbag.py:500} INFO - Filling up the DagBag from /home/airflow/.local/lib/python3.7/site-packages/airflow/example_dags/example_subdag_operator.py
[2022-02-16 17:11:20,327] {processor.py:654} INFO - DAG(s) dict_keys(['example_subdag_operator.section-1', 'example_subdag_operator.section-2', 'example_subdag_operator']) retrieved from /home/airflow/.local/lib/python3.7/site-packages/airflow/example_dags/example_subdag_operator.py
[2022-02-16 17:11:20,340] {logging_mixin.py:109} INFO - [2022-02-16 17:11:20,340] {dag.py:2396} INFO - Sync 3 DAGs
[2022-02-16 17:11:20,357] {logging_mixin.py:109} INFO - [2022-02-16 17:11:20,357] {dag.py:2935} INFO - Setting next_dagrun for example_subdag_operator to 2022-02-14T00:00:00+00:00
[2022-02-16 17:11:20,357] {logging_mixin.py:109} INFO - [2022-02-16 17:11:20,357] {dag.py:2935} INFO - Setting next_dagrun for example_subdag_operator.section-1 to None
[2022-02-16 17:11:20,357] {logging_mixin.py:109} INFO - [2022-02-16 17:11:20,357] {dag.py:2935} INFO - Setting next_dagrun for example_subdag_operator.section-2 to None
[2022-02-16 17:11:20,364] {logging_mixin.py:109} INFO - [2022-02-16 17:11:20,364] {dag.py:2396} INFO - Sync 2 DAGs
[2022-02-16 17:11:20,375] {logging_mixin.py:109} INFO - [2022-02-16 17:11:20,374] {dag.py:2935} INFO - Setting next_dagrun for example_subdag_operator.section-1 to None
[2022-02-16 17:11:20,375] {logging_mixin.py:109} INFO - [2022-02-16 17:11:20,375] {dag.py:2935} INFO - Setting next_dagrun for example_subdag_operator.section-2 to None
[2022-02-16 17:11:20,382] {processor.py:171} INFO - Processing /home/airflow/.local/lib/python3.7/site-packages/airflow/example_dags/example_subdag_operator.py took 0.099 seconds
[2022-02-16 17:11:50,541] {processor.py:163} INFO - Started process (PID=5052) to work on /home/airflow/.local/lib/python3.7/site-packages/airflow/example_dags/example_subdag_operator.py
[2022-02-16 17:11:50,543] {processor.py:642} INFO - Processing file /home/airflow/.local/lib/python3.7/site-packages/airflow/example_dags/example_subdag_operator.py for tasks to queue
[2022-02-16 17:11:50,544] {logging_mixin.py:109} INFO - [2022-02-16 17:11:50,543] {dagbag.py:500} INFO - Filling up the DagBag from /home/airflow/.local/lib/python3.7/site-packages/airflow/example_dags/example_subdag_operator.py
[2022-02-16 17:11:50,594] {processor.py:654} INFO - DAG(s) dict_keys(['example_subdag_operator.section-1', 'example_subdag_operator.section-2', 'example_subdag_operator']) retrieved from /home/airflow/.local/lib/python3.7/site-packages/airflow/example_dags/example_subdag_operator.py
[2022-02-16 17:11:50,618] {logging_mixin.py:109} INFO - [2022-02-16 17:11:50,617] {dag.py:2396} INFO - Sync 3 DAGs
[2022-02-16 17:11:50,645] {logging_mixin.py:109} INFO - [2022-02-16 17:11:50,645] {dag.py:2935} INFO - Setting next_dagrun for example_subdag_operator to 2022-02-14T00:00:00+00:00
[2022-02-16 17:11:50,645] {logging_mixin.py:109} INFO - [2022-02-16 17:11:50,645] {dag.py:2935} INFO - Setting next_dagrun for example_subdag_operator.section-1 to None
[2022-02-16 17:11:50,646] {logging_mixin.py:109} INFO - [2022-02-16 17:11:50,646] {dag.py:2935} INFO - Setting next_dagrun for example_subdag_operator.section-2 to None
[2022-02-16 17:11:50,657] {logging_mixin.py:109} INFO - [2022-02-16 17:11:50,657] {dag.py:2396} INFO - Sync 2 DAGs
[2022-02-16 17:11:50,678] {logging_mixin.py:109} INFO - [2022-02-16 17:11:50,677] {dag.py:2935} INFO - Setting next_dagrun for example_subdag_operator.section-1 to None
[2022-02-16 17:11:50,678] {logging_mixin.py:109} INFO - [2022-02-16 17:11:50,678] {dag.py:2935} INFO - Setting next_dagrun for example_subdag_operator.section-2 to None
[2022-02-16 17:11:50,725] {processor.py:171} INFO - Processing /home/airflow/.local/lib/python3.7/site-packages/airflow/example_dags/example_subdag_operator.py took 0.189 seconds
[2022-02-16 17:12:21,108] {processor.py:163} INFO - Started process (PID=5242) to work on /home/airflow/.local/lib/python3.7/site-packages/airflow/example_dags/example_subdag_operator.py
[2022-02-16 17:12:21,111] {processor.py:642} INFO - Processing file /home/airflow/.local/lib/python3.7/site-packages/airflow/example_dags/example_subdag_operator.py for tasks to queue
[2022-02-16 17:12:21,113] {logging_mixin.py:109} INFO - [2022-02-16 17:12:21,113] {dagbag.py:500} INFO - Filling up the DagBag from /home/airflow/.local/lib/python3.7/site-packages/airflow/example_dags/example_subdag_operator.py
[2022-02-16 17:12:21,151] {processor.py:654} INFO - DAG(s) dict_keys(['example_subdag_operator.section-1', 'example_subdag_operator.section-2', 'example_subdag_operator']) retrieved from /home/airflow/.local/lib/python3.7/site-packages/airflow/example_dags/example_subdag_operator.py
[2022-02-16 17:12:21,163] {logging_mixin.py:109} INFO - [2022-02-16 17:12:21,163] {dag.py:2396} INFO - Sync 3 DAGs
[2022-02-16 17:12:21,180] {logging_mixin.py:109} INFO - [2022-02-16 17:12:21,179] {dag.py:2935} INFO - Setting next_dagrun for example_subdag_operator to 2022-02-14T00:00:00+00:00
[2022-02-16 17:12:21,180] {logging_mixin.py:109} INFO - [2022-02-16 17:12:21,180] {dag.py:2935} INFO - Setting next_dagrun for example_subdag_operator.section-1 to None
[2022-02-16 17:12:21,180] {logging_mixin.py:109} INFO - [2022-02-16 17:12:21,180] {dag.py:2935} INFO - Setting next_dagrun for example_subdag_operator.section-2 to None
[2022-02-16 17:12:21,186] {logging_mixin.py:109} INFO - [2022-02-16 17:12:21,186] {dag.py:2396} INFO - Sync 2 DAGs
[2022-02-16 17:12:21,194] {logging_mixin.py:109} INFO - [2022-02-16 17:12:21,194] {dag.py:2935} INFO - Setting next_dagrun for example_subdag_operator.section-1 to None
[2022-02-16 17:12:21,194] {logging_mixin.py:109} INFO - [2022-02-16 17:12:21,194] {dag.py:2935} INFO - Setting next_dagrun for example_subdag_operator.section-2 to None
[2022-02-16 17:12:21,201] {processor.py:171} INFO - Processing /home/airflow/.local/lib/python3.7/site-packages/airflow/example_dags/example_subdag_operator.py took 0.097 seconds
[2022-02-16 17:12:51,804] {processor.py:163} INFO - Started process (PID=5429) to work on /home/airflow/.local/lib/python3.7/site-packages/airflow/example_dags/example_subdag_operator.py
[2022-02-16 17:12:51,806] {processor.py:642} INFO - Processing file /home/airflow/.local/lib/python3.7/site-packages/airflow/example_dags/example_subdag_operator.py for tasks to queue
[2022-02-16 17:12:51,807] {logging_mixin.py:109} INFO - [2022-02-16 17:12:51,807] {dagbag.py:500} INFO - Filling up the DagBag from /home/airflow/.local/lib/python3.7/site-packages/airflow/example_dags/example_subdag_operator.py
[2022-02-16 17:12:51,846] {processor.py:654} INFO - DAG(s) dict_keys(['example_subdag_operator.section-1', 'example_subdag_operator.section-2', 'example_subdag_operator']) retrieved from /home/airflow/.local/lib/python3.7/site-packages/airflow/example_dags/example_subdag_operator.py
[2022-02-16 17:12:51,859] {logging_mixin.py:109} INFO - [2022-02-16 17:12:51,859] {dag.py:2396} INFO - Sync 3 DAGs
[2022-02-16 17:12:51,877] {logging_mixin.py:109} INFO - [2022-02-16 17:12:51,877] {dag.py:2935} INFO - Setting next_dagrun for example_subdag_operator to 2022-02-14T00:00:00+00:00
[2022-02-16 17:12:51,877] {logging_mixin.py:109} INFO - [2022-02-16 17:12:51,877] {dag.py:2935} INFO - Setting next_dagrun for example_subdag_operator.section-1 to None
[2022-02-16 17:12:51,877] {logging_mixin.py:109} INFO - [2022-02-16 17:12:51,877] {dag.py:2935} INFO - Setting next_dagrun for example_subdag_operator.section-2 to None
[2022-02-16 17:12:51,884] {logging_mixin.py:109} INFO - [2022-02-16 17:12:51,884] {dag.py:2396} INFO - Sync 2 DAGs
[2022-02-16 17:12:51,893] {logging_mixin.py:109} INFO - [2022-02-16 17:12:51,892] {dag.py:2935} INFO - Setting next_dagrun for example_subdag_operator.section-1 to None
[2022-02-16 17:12:51,893] {logging_mixin.py:109} INFO - [2022-02-16 17:12:51,893] {dag.py:2935} INFO - Setting next_dagrun for example_subdag_operator.section-2 to None
[2022-02-16 17:12:51,899] {processor.py:171} INFO - Processing /home/airflow/.local/lib/python3.7/site-packages/airflow/example_dags/example_subdag_operator.py took 0.099 seconds
[2022-02-16 17:13:22,792] {processor.py:163} INFO - Started process (PID=5627) to work on /home/airflow/.local/lib/python3.7/site-packages/airflow/example_dags/example_subdag_operator.py
[2022-02-16 17:13:22,793] {processor.py:642} INFO - Processing file /home/airflow/.local/lib/python3.7/site-packages/airflow/example_dags/example_subdag_operator.py for tasks to queue
[2022-02-16 17:13:22,794] {logging_mixin.py:109} INFO - [2022-02-16 17:13:22,794] {dagbag.py:500} INFO - Filling up the DagBag from /home/airflow/.local/lib/python3.7/site-packages/airflow/example_dags/example_subdag_operator.py
[2022-02-16 17:13:22,837] {processor.py:654} INFO - DAG(s) dict_keys(['example_subdag_operator.section-1', 'example_subdag_operator.section-2', 'example_subdag_operator']) retrieved from /home/airflow/.local/lib/python3.7/site-packages/airflow/example_dags/example_subdag_operator.py
[2022-02-16 17:13:22,854] {logging_mixin.py:109} INFO - [2022-02-16 17:13:22,854] {dag.py:2396} INFO - Sync 3 DAGs
[2022-02-16 17:13:22,877] {logging_mixin.py:109} INFO - [2022-02-16 17:13:22,877] {dag.py:2935} INFO - Setting next_dagrun for example_subdag_operator to 2022-02-14T00:00:00+00:00
[2022-02-16 17:13:22,877] {logging_mixin.py:109} INFO - [2022-02-16 17:13:22,877] {dag.py:2935} INFO - Setting next_dagrun for example_subdag_operator.section-1 to None
[2022-02-16 17:13:22,877] {logging_mixin.py:109} INFO - [2022-02-16 17:13:22,877] {dag.py:2935} INFO - Setting next_dagrun for example_subdag_operator.section-2 to None
[2022-02-16 17:13:22,886] {logging_mixin.py:109} INFO - [2022-02-16 17:13:22,886] {dag.py:2396} INFO - Sync 2 DAGs
[2022-02-16 17:13:22,905] {logging_mixin.py:109} INFO - [2022-02-16 17:13:22,905] {dag.py:2935} INFO - Setting next_dagrun for example_subdag_operator.section-1 to None
[2022-02-16 17:13:22,906] {logging_mixin.py:109} INFO - [2022-02-16 17:13:22,906] {dag.py:2935} INFO - Setting next_dagrun for example_subdag_operator.section-2 to None
[2022-02-16 17:13:22,948] {processor.py:171} INFO - Processing /home/airflow/.local/lib/python3.7/site-packages/airflow/example_dags/example_subdag_operator.py took 0.161 seconds
[2022-02-16 17:13:53,202] {processor.py:163} INFO - Started process (PID=5826) to work on /home/airflow/.local/lib/python3.7/site-packages/airflow/example_dags/example_subdag_operator.py
[2022-02-16 17:13:53,212] {processor.py:642} INFO - Processing file /home/airflow/.local/lib/python3.7/site-packages/airflow/example_dags/example_subdag_operator.py for tasks to queue
[2022-02-16 17:13:53,213] {logging_mixin.py:109} INFO - [2022-02-16 17:13:53,213] {dagbag.py:500} INFO - Filling up the DagBag from /home/airflow/.local/lib/python3.7/site-packages/airflow/example_dags/example_subdag_operator.py
[2022-02-16 17:13:53,307] {processor.py:654} INFO - DAG(s) dict_keys(['example_subdag_operator.section-1', 'example_subdag_operator.section-2', 'example_subdag_operator']) retrieved from /home/airflow/.local/lib/python3.7/site-packages/airflow/example_dags/example_subdag_operator.py
[2022-02-16 17:13:53,333] {logging_mixin.py:109} INFO - [2022-02-16 17:13:53,333] {dag.py:2396} INFO - Sync 3 DAGs
[2022-02-16 17:13:53,374] {logging_mixin.py:109} INFO - [2022-02-16 17:13:53,374] {dag.py:2935} INFO - Setting next_dagrun for example_subdag_operator to 2022-02-14T00:00:00+00:00
[2022-02-16 17:13:53,374] {logging_mixin.py:109} INFO - [2022-02-16 17:13:53,374] {dag.py:2935} INFO - Setting next_dagrun for example_subdag_operator.section-1 to None
[2022-02-16 17:13:53,375] {logging_mixin.py:109} INFO - [2022-02-16 17:13:53,374] {dag.py:2935} INFO - Setting next_dagrun for example_subdag_operator.section-2 to None
[2022-02-16 17:13:53,388] {logging_mixin.py:109} INFO - [2022-02-16 17:13:53,388] {dag.py:2396} INFO - Sync 2 DAGs
[2022-02-16 17:13:53,411] {logging_mixin.py:109} INFO - [2022-02-16 17:13:53,411] {dag.py:2935} INFO - Setting next_dagrun for example_subdag_operator.section-1 to None
[2022-02-16 17:13:53,411] {logging_mixin.py:109} INFO - [2022-02-16 17:13:53,411] {dag.py:2935} INFO - Setting next_dagrun for example_subdag_operator.section-2 to None
[2022-02-16 17:13:53,424] {processor.py:171} INFO - Processing /home/airflow/.local/lib/python3.7/site-packages/airflow/example_dags/example_subdag_operator.py took 0.226 seconds
[2022-02-16 17:14:23,464] {processor.py:163} INFO - Started process (PID=6022) to work on /home/airflow/.local/lib/python3.7/site-packages/airflow/example_dags/example_subdag_operator.py
[2022-02-16 17:14:23,465] {processor.py:642} INFO - Processing file /home/airflow/.local/lib/python3.7/site-packages/airflow/example_dags/example_subdag_operator.py for tasks to queue
[2022-02-16 17:14:23,466] {logging_mixin.py:109} INFO - [2022-02-16 17:14:23,466] {dagbag.py:500} INFO - Filling up the DagBag from /home/airflow/.local/lib/python3.7/site-packages/airflow/example_dags/example_subdag_operator.py
[2022-02-16 17:14:23,512] {processor.py:654} INFO - DAG(s) dict_keys(['example_subdag_operator.section-1', 'example_subdag_operator.section-2', 'example_subdag_operator']) retrieved from /home/airflow/.local/lib/python3.7/site-packages/airflow/example_dags/example_subdag_operator.py
[2022-02-16 17:14:23,527] {logging_mixin.py:109} INFO - [2022-02-16 17:14:23,527] {dag.py:2396} INFO - Sync 3 DAGs
[2022-02-16 17:14:23,545] {logging_mixin.py:109} INFO - [2022-02-16 17:14:23,544] {dag.py:2935} INFO - Setting next_dagrun for example_subdag_operator to 2022-02-14T00:00:00+00:00
[2022-02-16 17:14:23,545] {logging_mixin.py:109} INFO - [2022-02-16 17:14:23,545] {dag.py:2935} INFO - Setting next_dagrun for example_subdag_operator.section-1 to None
[2022-02-16 17:14:23,545] {logging_mixin.py:109} INFO - [2022-02-16 17:14:23,545] {dag.py:2935} INFO - Setting next_dagrun for example_subdag_operator.section-2 to None
[2022-02-16 17:14:23,553] {logging_mixin.py:109} INFO - [2022-02-16 17:14:23,553] {dag.py:2396} INFO - Sync 2 DAGs
[2022-02-16 17:14:23,565] {logging_mixin.py:109} INFO - [2022-02-16 17:14:23,564] {dag.py:2935} INFO - Setting next_dagrun for example_subdag_operator.section-1 to None
[2022-02-16 17:14:23,565] {logging_mixin.py:109} INFO - [2022-02-16 17:14:23,565] {dag.py:2935} INFO - Setting next_dagrun for example_subdag_operator.section-2 to None
[2022-02-16 17:14:23,573] {processor.py:171} INFO - Processing /home/airflow/.local/lib/python3.7/site-packages/airflow/example_dags/example_subdag_operator.py took 0.113 seconds
[2022-02-16 17:14:54,032] {processor.py:163} INFO - Started process (PID=6216) to work on /home/airflow/.local/lib/python3.7/site-packages/airflow/example_dags/example_subdag_operator.py
[2022-02-16 17:14:54,033] {processor.py:642} INFO - Processing file /home/airflow/.local/lib/python3.7/site-packages/airflow/example_dags/example_subdag_operator.py for tasks to queue
[2022-02-16 17:14:54,033] {logging_mixin.py:109} INFO - [2022-02-16 17:14:54,033] {dagbag.py:500} INFO - Filling up the DagBag from /home/airflow/.local/lib/python3.7/site-packages/airflow/example_dags/example_subdag_operator.py
[2022-02-16 17:14:54,070] {processor.py:654} INFO - DAG(s) dict_keys(['example_subdag_operator.section-1', 'example_subdag_operator.section-2', 'example_subdag_operator']) retrieved from /home/airflow/.local/lib/python3.7/site-packages/airflow/example_dags/example_subdag_operator.py
[2022-02-16 17:14:54,081] {logging_mixin.py:109} INFO - [2022-02-16 17:14:54,081] {dag.py:2396} INFO - Sync 3 DAGs
[2022-02-16 17:14:54,098] {logging_mixin.py:109} INFO - [2022-02-16 17:14:54,098] {dag.py:2935} INFO - Setting next_dagrun for example_subdag_operator to 2022-02-14T00:00:00+00:00
[2022-02-16 17:14:54,099] {logging_mixin.py:109} INFO - [2022-02-16 17:14:54,099] {dag.py:2935} INFO - Setting next_dagrun for example_subdag_operator.section-1 to None
[2022-02-16 17:14:54,099] {logging_mixin.py:109} INFO - [2022-02-16 17:14:54,099] {dag.py:2935} INFO - Setting next_dagrun for example_subdag_operator.section-2 to None
[2022-02-16 17:14:54,105] {logging_mixin.py:109} INFO - [2022-02-16 17:14:54,105] {dag.py:2396} INFO - Sync 2 DAGs
[2022-02-16 17:14:54,115] {logging_mixin.py:109} INFO - [2022-02-16 17:14:54,115] {dag.py:2935} INFO - Setting next_dagrun for example_subdag_operator.section-1 to None
[2022-02-16 17:14:54,115] {logging_mixin.py:109} INFO - [2022-02-16 17:14:54,115] {dag.py:2935} INFO - Setting next_dagrun for example_subdag_operator.section-2 to None
[2022-02-16 17:14:54,123] {processor.py:171} INFO - Processing /home/airflow/.local/lib/python3.7/site-packages/airflow/example_dags/example_subdag_operator.py took 0.095 seconds
[2022-02-16 17:15:24,369] {processor.py:163} INFO - Started process (PID=6426) to work on /home/airflow/.local/lib/python3.7/site-packages/airflow/example_dags/example_subdag_operator.py
[2022-02-16 17:15:24,374] {processor.py:642} INFO - Processing file /home/airflow/.local/lib/python3.7/site-packages/airflow/example_dags/example_subdag_operator.py for tasks to queue
[2022-02-16 17:15:24,375] {logging_mixin.py:109} INFO - [2022-02-16 17:15:24,375] {dagbag.py:500} INFO - Filling up the DagBag from /home/airflow/.local/lib/python3.7/site-packages/airflow/example_dags/example_subdag_operator.py
[2022-02-16 17:15:24,537] {processor.py:654} INFO - DAG(s) dict_keys(['example_subdag_operator.section-1', 'example_subdag_operator.section-2', 'example_subdag_operator']) retrieved from /home/airflow/.local/lib/python3.7/site-packages/airflow/example_dags/example_subdag_operator.py
[2022-02-16 17:15:24,592] {logging_mixin.py:109} INFO - [2022-02-16 17:15:24,592] {dag.py:2396} INFO - Sync 3 DAGs
[2022-02-16 17:15:24,643] {logging_mixin.py:109} INFO - [2022-02-16 17:15:24,643] {dag.py:2935} INFO - Setting next_dagrun for example_subdag_operator to 2022-02-14T00:00:00+00:00
[2022-02-16 17:15:24,645] {logging_mixin.py:109} INFO - [2022-02-16 17:15:24,643] {dag.py:2935} INFO - Setting next_dagrun for example_subdag_operator.section-1 to None
[2022-02-16 17:15:24,645] {logging_mixin.py:109} INFO - [2022-02-16 17:15:24,645] {dag.py:2935} INFO - Setting next_dagrun for example_subdag_operator.section-2 to None
[2022-02-16 17:15:24,658] {logging_mixin.py:109} INFO - [2022-02-16 17:15:24,658] {dag.py:2396} INFO - Sync 2 DAGs
[2022-02-16 17:15:24,678] {logging_mixin.py:109} INFO - [2022-02-16 17:15:24,678] {dag.py:2935} INFO - Setting next_dagrun for example_subdag_operator.section-1 to None
[2022-02-16 17:15:24,678] {logging_mixin.py:109} INFO - [2022-02-16 17:15:24,678] {dag.py:2935} INFO - Setting next_dagrun for example_subdag_operator.section-2 to None
[2022-02-16 17:15:24,690] {processor.py:171} INFO - Processing /home/airflow/.local/lib/python3.7/site-packages/airflow/example_dags/example_subdag_operator.py took 0.328 seconds
[2022-02-16 17:15:54,782] {processor.py:163} INFO - Started process (PID=6625) to work on /home/airflow/.local/lib/python3.7/site-packages/airflow/example_dags/example_subdag_operator.py
[2022-02-16 17:15:54,784] {processor.py:642} INFO - Processing file /home/airflow/.local/lib/python3.7/site-packages/airflow/example_dags/example_subdag_operator.py for tasks to queue
[2022-02-16 17:15:54,790] {logging_mixin.py:109} INFO - [2022-02-16 17:15:54,790] {dagbag.py:500} INFO - Filling up the DagBag from /home/airflow/.local/lib/python3.7/site-packages/airflow/example_dags/example_subdag_operator.py
[2022-02-16 17:15:54,884] {processor.py:654} INFO - DAG(s) dict_keys(['example_subdag_operator.section-1', 'example_subdag_operator.section-2', 'example_subdag_operator']) retrieved from /home/airflow/.local/lib/python3.7/site-packages/airflow/example_dags/example_subdag_operator.py
[2022-02-16 17:15:54,901] {logging_mixin.py:109} INFO - [2022-02-16 17:15:54,901] {dag.py:2396} INFO - Sync 3 DAGs
[2022-02-16 17:15:54,924] {logging_mixin.py:109} INFO - [2022-02-16 17:15:54,924] {dag.py:2935} INFO - Setting next_dagrun for example_subdag_operator to 2022-02-14T00:00:00+00:00
[2022-02-16 17:15:54,924] {logging_mixin.py:109} INFO - [2022-02-16 17:15:54,924] {dag.py:2935} INFO - Setting next_dagrun for example_subdag_operator.section-1 to None
[2022-02-16 17:15:54,925] {logging_mixin.py:109} INFO - [2022-02-16 17:15:54,925] {dag.py:2935} INFO - Setting next_dagrun for example_subdag_operator.section-2 to None
[2022-02-16 17:15:54,931] {logging_mixin.py:109} INFO - [2022-02-16 17:15:54,931] {dag.py:2396} INFO - Sync 2 DAGs
[2022-02-16 17:15:54,940] {logging_mixin.py:109} INFO - [2022-02-16 17:15:54,939] {dag.py:2935} INFO - Setting next_dagrun for example_subdag_operator.section-1 to None
[2022-02-16 17:15:54,940] {logging_mixin.py:109} INFO - [2022-02-16 17:15:54,940] {dag.py:2935} INFO - Setting next_dagrun for example_subdag_operator.section-2 to None
[2022-02-16 17:15:54,948] {processor.py:171} INFO - Processing /home/airflow/.local/lib/python3.7/site-packages/airflow/example_dags/example_subdag_operator.py took 0.183 seconds
[2022-02-16 17:16:25,072] {processor.py:163} INFO - Started process (PID=6819) to work on /home/airflow/.local/lib/python3.7/site-packages/airflow/example_dags/example_subdag_operator.py
[2022-02-16 17:16:25,073] {processor.py:642} INFO - Processing file /home/airflow/.local/lib/python3.7/site-packages/airflow/example_dags/example_subdag_operator.py for tasks to queue
[2022-02-16 17:16:25,074] {logging_mixin.py:109} INFO - [2022-02-16 17:16:25,074] {dagbag.py:500} INFO - Filling up the DagBag from /home/airflow/.local/lib/python3.7/site-packages/airflow/example_dags/example_subdag_operator.py
[2022-02-16 17:16:25,111] {processor.py:654} INFO - DAG(s) dict_keys(['example_subdag_operator.section-1', 'example_subdag_operator.section-2', 'example_subdag_operator']) retrieved from /home/airflow/.local/lib/python3.7/site-packages/airflow/example_dags/example_subdag_operator.py
[2022-02-16 17:16:25,123] {logging_mixin.py:109} INFO - [2022-02-16 17:16:25,123] {dag.py:2396} INFO - Sync 3 DAGs
[2022-02-16 17:16:25,139] {logging_mixin.py:109} INFO - [2022-02-16 17:16:25,139] {dag.py:2935} INFO - Setting next_dagrun for example_subdag_operator to 2022-02-14T00:00:00+00:00
[2022-02-16 17:16:25,139] {logging_mixin.py:109} INFO - [2022-02-16 17:16:25,139] {dag.py:2935} INFO - Setting next_dagrun for example_subdag_operator.section-1 to None
[2022-02-16 17:16:25,140] {logging_mixin.py:109} INFO - [2022-02-16 17:16:25,140] {dag.py:2935} INFO - Setting next_dagrun for example_subdag_operator.section-2 to None
[2022-02-16 17:16:25,146] {logging_mixin.py:109} INFO - [2022-02-16 17:16:25,146] {dag.py:2396} INFO - Sync 2 DAGs
[2022-02-16 17:16:25,153] {logging_mixin.py:109} INFO - [2022-02-16 17:16:25,153] {dag.py:2935} INFO - Setting next_dagrun for example_subdag_operator.section-1 to None
[2022-02-16 17:16:25,154] {logging_mixin.py:109} INFO - [2022-02-16 17:16:25,154] {dag.py:2935} INFO - Setting next_dagrun for example_subdag_operator.section-2 to None
[2022-02-16 17:16:25,161] {processor.py:171} INFO - Processing /home/airflow/.local/lib/python3.7/site-packages/airflow/example_dags/example_subdag_operator.py took 0.093 seconds
[2022-02-16 17:16:55,215] {processor.py:163} INFO - Started process (PID=7008) to work on /home/airflow/.local/lib/python3.7/site-packages/airflow/example_dags/example_subdag_operator.py
[2022-02-16 17:16:55,216] {processor.py:642} INFO - Processing file /home/airflow/.local/lib/python3.7/site-packages/airflow/example_dags/example_subdag_operator.py for tasks to queue
[2022-02-16 17:16:55,217] {logging_mixin.py:109} INFO - [2022-02-16 17:16:55,217] {dagbag.py:500} INFO - Filling up the DagBag from /home/airflow/.local/lib/python3.7/site-packages/airflow/example_dags/example_subdag_operator.py
[2022-02-16 17:16:55,257] {processor.py:654} INFO - DAG(s) dict_keys(['example_subdag_operator.section-1', 'example_subdag_operator.section-2', 'example_subdag_operator']) retrieved from /home/airflow/.local/lib/python3.7/site-packages/airflow/example_dags/example_subdag_operator.py
[2022-02-16 17:16:55,269] {logging_mixin.py:109} INFO - [2022-02-16 17:16:55,269] {dag.py:2396} INFO - Sync 3 DAGs
[2022-02-16 17:16:55,285] {logging_mixin.py:109} INFO - [2022-02-16 17:16:55,285] {dag.py:2935} INFO - Setting next_dagrun for example_subdag_operator to 2022-02-14T00:00:00+00:00
[2022-02-16 17:16:55,286] {logging_mixin.py:109} INFO - [2022-02-16 17:16:55,286] {dag.py:2935} INFO - Setting next_dagrun for example_subdag_operator.section-1 to None
[2022-02-16 17:16:55,286] {logging_mixin.py:109} INFO - [2022-02-16 17:16:55,286] {dag.py:2935} INFO - Setting next_dagrun for example_subdag_operator.section-2 to None
[2022-02-16 17:16:55,292] {logging_mixin.py:109} INFO - [2022-02-16 17:16:55,292] {dag.py:2396} INFO - Sync 2 DAGs
[2022-02-16 17:16:55,301] {logging_mixin.py:109} INFO - [2022-02-16 17:16:55,301] {dag.py:2935} INFO - Setting next_dagrun for example_subdag_operator.section-1 to None
[2022-02-16 17:16:55,302] {logging_mixin.py:109} INFO - [2022-02-16 17:16:55,302] {dag.py:2935} INFO - Setting next_dagrun for example_subdag_operator.section-2 to None
[2022-02-16 17:16:55,309] {processor.py:171} INFO - Processing /home/airflow/.local/lib/python3.7/site-packages/airflow/example_dags/example_subdag_operator.py took 0.098 seconds
[2022-02-16 17:17:25,844] {processor.py:163} INFO - Started process (PID=7205) to work on /home/airflow/.local/lib/python3.7/site-packages/airflow/example_dags/example_subdag_operator.py
[2022-02-16 17:17:25,845] {processor.py:642} INFO - Processing file /home/airflow/.local/lib/python3.7/site-packages/airflow/example_dags/example_subdag_operator.py for tasks to queue
[2022-02-16 17:17:25,846] {logging_mixin.py:109} INFO - [2022-02-16 17:17:25,846] {dagbag.py:500} INFO - Filling up the DagBag from /home/airflow/.local/lib/python3.7/site-packages/airflow/example_dags/example_subdag_operator.py
[2022-02-16 17:17:25,944] {processor.py:654} INFO - DAG(s) dict_keys(['example_subdag_operator.section-1', 'example_subdag_operator.section-2', 'example_subdag_operator']) retrieved from /home/airflow/.local/lib/python3.7/site-packages/airflow/example_dags/example_subdag_operator.py
[2022-02-16 17:17:25,971] {logging_mixin.py:109} INFO - [2022-02-16 17:17:25,971] {dag.py:2396} INFO - Sync 3 DAGs
[2022-02-16 17:17:26,005] {logging_mixin.py:109} INFO - [2022-02-16 17:17:26,004] {dag.py:2935} INFO - Setting next_dagrun for example_subdag_operator to 2022-02-14T00:00:00+00:00
[2022-02-16 17:17:26,005] {logging_mixin.py:109} INFO - [2022-02-16 17:17:26,005] {dag.py:2935} INFO - Setting next_dagrun for example_subdag_operator.section-1 to None
[2022-02-16 17:17:26,005] {logging_mixin.py:109} INFO - [2022-02-16 17:17:26,005] {dag.py:2935} INFO - Setting next_dagrun for example_subdag_operator.section-2 to None
[2022-02-16 17:17:26,017] {logging_mixin.py:109} INFO - [2022-02-16 17:17:26,016] {dag.py:2396} INFO - Sync 2 DAGs
[2022-02-16 17:17:26,033] {logging_mixin.py:109} INFO - [2022-02-16 17:17:26,033] {dag.py:2935} INFO - Setting next_dagrun for example_subdag_operator.section-1 to None
[2022-02-16 17:17:26,033] {logging_mixin.py:109} INFO - [2022-02-16 17:17:26,033] {dag.py:2935} INFO - Setting next_dagrun for example_subdag_operator.section-2 to None
[2022-02-16 17:17:26,041] {processor.py:171} INFO - Processing /home/airflow/.local/lib/python3.7/site-packages/airflow/example_dags/example_subdag_operator.py took 0.202 seconds
[2022-02-16 17:17:56,069] {processor.py:163} INFO - Started process (PID=7397) to work on /home/airflow/.local/lib/python3.7/site-packages/airflow/example_dags/example_subdag_operator.py
[2022-02-16 17:17:56,071] {processor.py:642} INFO - Processing file /home/airflow/.local/lib/python3.7/site-packages/airflow/example_dags/example_subdag_operator.py for tasks to queue
[2022-02-16 17:17:56,072] {logging_mixin.py:109} INFO - [2022-02-16 17:17:56,072] {dagbag.py:500} INFO - Filling up the DagBag from /home/airflow/.local/lib/python3.7/site-packages/airflow/example_dags/example_subdag_operator.py
[2022-02-16 17:17:56,115] {processor.py:654} INFO - DAG(s) dict_keys(['example_subdag_operator.section-1', 'example_subdag_operator.section-2', 'example_subdag_operator']) retrieved from /home/airflow/.local/lib/python3.7/site-packages/airflow/example_dags/example_subdag_operator.py
[2022-02-16 17:17:56,128] {logging_mixin.py:109} INFO - [2022-02-16 17:17:56,128] {dag.py:2396} INFO - Sync 3 DAGs
[2022-02-16 17:17:56,146] {logging_mixin.py:109} INFO - [2022-02-16 17:17:56,145] {dag.py:2935} INFO - Setting next_dagrun for example_subdag_operator to 2022-02-14T00:00:00+00:00
[2022-02-16 17:17:56,146] {logging_mixin.py:109} INFO - [2022-02-16 17:17:56,146] {dag.py:2935} INFO - Setting next_dagrun for example_subdag_operator.section-1 to None
[2022-02-16 17:17:56,146] {logging_mixin.py:109} INFO - [2022-02-16 17:17:56,146] {dag.py:2935} INFO - Setting next_dagrun for example_subdag_operator.section-2 to None
[2022-02-16 17:17:56,152] {logging_mixin.py:109} INFO - [2022-02-16 17:17:56,152] {dag.py:2396} INFO - Sync 2 DAGs
[2022-02-16 17:17:56,160] {logging_mixin.py:109} INFO - [2022-02-16 17:17:56,160] {dag.py:2935} INFO - Setting next_dagrun for example_subdag_operator.section-1 to None
[2022-02-16 17:17:56,161] {logging_mixin.py:109} INFO - [2022-02-16 17:17:56,161] {dag.py:2935} INFO - Setting next_dagrun for example_subdag_operator.section-2 to None
[2022-02-16 17:17:56,167] {processor.py:171} INFO - Processing /home/airflow/.local/lib/python3.7/site-packages/airflow/example_dags/example_subdag_operator.py took 0.102 seconds
[2022-02-16 17:18:26,697] {processor.py:163} INFO - Started process (PID=7594) to work on /home/airflow/.local/lib/python3.7/site-packages/airflow/example_dags/example_subdag_operator.py
[2022-02-16 17:18:26,698] {processor.py:642} INFO - Processing file /home/airflow/.local/lib/python3.7/site-packages/airflow/example_dags/example_subdag_operator.py for tasks to queue
[2022-02-16 17:18:26,699] {logging_mixin.py:109} INFO - [2022-02-16 17:18:26,699] {dagbag.py:500} INFO - Filling up the DagBag from /home/airflow/.local/lib/python3.7/site-packages/airflow/example_dags/example_subdag_operator.py
[2022-02-16 17:18:26,747] {processor.py:654} INFO - DAG(s) dict_keys(['example_subdag_operator.section-1', 'example_subdag_operator.section-2', 'example_subdag_operator']) retrieved from /home/airflow/.local/lib/python3.7/site-packages/airflow/example_dags/example_subdag_operator.py
[2022-02-16 17:18:26,764] {logging_mixin.py:109} INFO - [2022-02-16 17:18:26,764] {dag.py:2396} INFO - Sync 3 DAGs
[2022-02-16 17:18:26,787] {logging_mixin.py:109} INFO - [2022-02-16 17:18:26,787] {dag.py:2935} INFO - Setting next_dagrun for example_subdag_operator to 2022-02-14T00:00:00+00:00
[2022-02-16 17:18:26,788] {logging_mixin.py:109} INFO - [2022-02-16 17:18:26,787] {dag.py:2935} INFO - Setting next_dagrun for example_subdag_operator.section-1 to None
[2022-02-16 17:18:26,788] {logging_mixin.py:109} INFO - [2022-02-16 17:18:26,788] {dag.py:2935} INFO - Setting next_dagrun for example_subdag_operator.section-2 to None
[2022-02-16 17:18:26,796] {logging_mixin.py:109} INFO - [2022-02-16 17:18:26,796] {dag.py:2396} INFO - Sync 2 DAGs
[2022-02-16 17:18:26,806] {logging_mixin.py:109} INFO - [2022-02-16 17:18:26,806] {dag.py:2935} INFO - Setting next_dagrun for example_subdag_operator.section-1 to None
[2022-02-16 17:18:26,807] {logging_mixin.py:109} INFO - [2022-02-16 17:18:26,807] {dag.py:2935} INFO - Setting next_dagrun for example_subdag_operator.section-2 to None
[2022-02-16 17:18:26,815] {processor.py:171} INFO - Processing /home/airflow/.local/lib/python3.7/site-packages/airflow/example_dags/example_subdag_operator.py took 0.122 seconds
[2022-02-16 17:18:57,197] {processor.py:163} INFO - Started process (PID=7785) to work on /home/airflow/.local/lib/python3.7/site-packages/airflow/example_dags/example_subdag_operator.py
[2022-02-16 17:18:57,198] {processor.py:642} INFO - Processing file /home/airflow/.local/lib/python3.7/site-packages/airflow/example_dags/example_subdag_operator.py for tasks to queue
[2022-02-16 17:18:57,199] {logging_mixin.py:109} INFO - [2022-02-16 17:18:57,199] {dagbag.py:500} INFO - Filling up the DagBag from /home/airflow/.local/lib/python3.7/site-packages/airflow/example_dags/example_subdag_operator.py
[2022-02-16 17:18:57,240] {processor.py:654} INFO - DAG(s) dict_keys(['example_subdag_operator.section-1', 'example_subdag_operator.section-2', 'example_subdag_operator']) retrieved from /home/airflow/.local/lib/python3.7/site-packages/airflow/example_dags/example_subdag_operator.py
[2022-02-16 17:18:57,253] {logging_mixin.py:109} INFO - [2022-02-16 17:18:57,253] {dag.py:2396} INFO - Sync 3 DAGs
[2022-02-16 17:18:57,270] {logging_mixin.py:109} INFO - [2022-02-16 17:18:57,269] {dag.py:2935} INFO - Setting next_dagrun for example_subdag_operator to 2022-02-14T00:00:00+00:00
[2022-02-16 17:18:57,270] {logging_mixin.py:109} INFO - [2022-02-16 17:18:57,270] {dag.py:2935} INFO - Setting next_dagrun for example_subdag_operator.section-1 to None
[2022-02-16 17:18:57,270] {logging_mixin.py:109} INFO - [2022-02-16 17:18:57,270] {dag.py:2935} INFO - Setting next_dagrun for example_subdag_operator.section-2 to None
[2022-02-16 17:18:57,276] {logging_mixin.py:109} INFO - [2022-02-16 17:18:57,276] {dag.py:2396} INFO - Sync 2 DAGs
[2022-02-16 17:18:57,284] {logging_mixin.py:109} INFO - [2022-02-16 17:18:57,284] {dag.py:2935} INFO - Setting next_dagrun for example_subdag_operator.section-1 to None
[2022-02-16 17:18:57,284] {logging_mixin.py:109} INFO - [2022-02-16 17:18:57,284] {dag.py:2935} INFO - Setting next_dagrun for example_subdag_operator.section-2 to None
[2022-02-16 17:18:57,290] {processor.py:171} INFO - Processing /home/airflow/.local/lib/python3.7/site-packages/airflow/example_dags/example_subdag_operator.py took 0.097 seconds
[2022-02-16 17:19:27,754] {processor.py:163} INFO - Started process (PID=7982) to work on /home/airflow/.local/lib/python3.7/site-packages/airflow/example_dags/example_subdag_operator.py
[2022-02-16 17:19:27,755] {processor.py:642} INFO - Processing file /home/airflow/.local/lib/python3.7/site-packages/airflow/example_dags/example_subdag_operator.py for tasks to queue
[2022-02-16 17:19:27,756] {logging_mixin.py:109} INFO - [2022-02-16 17:19:27,756] {dagbag.py:500} INFO - Filling up the DagBag from /home/airflow/.local/lib/python3.7/site-packages/airflow/example_dags/example_subdag_operator.py
[2022-02-16 17:19:27,829] {processor.py:654} INFO - DAG(s) dict_keys(['example_subdag_operator.section-1', 'example_subdag_operator.section-2', 'example_subdag_operator']) retrieved from /home/airflow/.local/lib/python3.7/site-packages/airflow/example_dags/example_subdag_operator.py
[2022-02-16 17:19:27,859] {logging_mixin.py:109} INFO - [2022-02-16 17:19:27,859] {dag.py:2396} INFO - Sync 3 DAGs
[2022-02-16 17:19:27,887] {logging_mixin.py:109} INFO - [2022-02-16 17:19:27,887] {dag.py:2935} INFO - Setting next_dagrun for example_subdag_operator to 2022-02-14T00:00:00+00:00
[2022-02-16 17:19:27,888] {logging_mixin.py:109} INFO - [2022-02-16 17:19:27,887] {dag.py:2935} INFO - Setting next_dagrun for example_subdag_operator.section-1 to None
[2022-02-16 17:19:27,888] {logging_mixin.py:109} INFO - [2022-02-16 17:19:27,888] {dag.py:2935} INFO - Setting next_dagrun for example_subdag_operator.section-2 to None
[2022-02-16 17:19:27,900] {logging_mixin.py:109} INFO - [2022-02-16 17:19:27,900] {dag.py:2396} INFO - Sync 2 DAGs
[2022-02-16 17:19:27,917] {logging_mixin.py:109} INFO - [2022-02-16 17:19:27,917] {dag.py:2935} INFO - Setting next_dagrun for example_subdag_operator.section-1 to None
[2022-02-16 17:19:27,917] {logging_mixin.py:109} INFO - [2022-02-16 17:19:27,917] {dag.py:2935} INFO - Setting next_dagrun for example_subdag_operator.section-2 to None
[2022-02-16 17:19:27,931] {processor.py:171} INFO - Processing /home/airflow/.local/lib/python3.7/site-packages/airflow/example_dags/example_subdag_operator.py took 0.181 seconds
[2022-02-16 17:19:58,572] {processor.py:163} INFO - Started process (PID=8178) to work on /home/airflow/.local/lib/python3.7/site-packages/airflow/example_dags/example_subdag_operator.py
[2022-02-16 17:19:58,573] {processor.py:642} INFO - Processing file /home/airflow/.local/lib/python3.7/site-packages/airflow/example_dags/example_subdag_operator.py for tasks to queue
[2022-02-16 17:19:58,574] {logging_mixin.py:109} INFO - [2022-02-16 17:19:58,574] {dagbag.py:500} INFO - Filling up the DagBag from /home/airflow/.local/lib/python3.7/site-packages/airflow/example_dags/example_subdag_operator.py
[2022-02-16 17:19:58,613] {processor.py:654} INFO - DAG(s) dict_keys(['example_subdag_operator.section-1', 'example_subdag_operator.section-2', 'example_subdag_operator']) retrieved from /home/airflow/.local/lib/python3.7/site-packages/airflow/example_dags/example_subdag_operator.py
[2022-02-16 17:19:58,625] {logging_mixin.py:109} INFO - [2022-02-16 17:19:58,625] {dag.py:2396} INFO - Sync 3 DAGs
[2022-02-16 17:19:58,645] {logging_mixin.py:109} INFO - [2022-02-16 17:19:58,645] {dag.py:2935} INFO - Setting next_dagrun for example_subdag_operator to 2022-02-14T00:00:00+00:00
[2022-02-16 17:19:58,645] {logging_mixin.py:109} INFO - [2022-02-16 17:19:58,645] {dag.py:2935} INFO - Setting next_dagrun for example_subdag_operator.section-1 to None
[2022-02-16 17:19:58,645] {logging_mixin.py:109} INFO - [2022-02-16 17:19:58,645] {dag.py:2935} INFO - Setting next_dagrun for example_subdag_operator.section-2 to None
[2022-02-16 17:19:58,652] {logging_mixin.py:109} INFO - [2022-02-16 17:19:58,652] {dag.py:2396} INFO - Sync 2 DAGs
[2022-02-16 17:19:58,661] {logging_mixin.py:109} INFO - [2022-02-16 17:19:58,661] {dag.py:2935} INFO - Setting next_dagrun for example_subdag_operator.section-1 to None
[2022-02-16 17:19:58,661] {logging_mixin.py:109} INFO - [2022-02-16 17:19:58,661] {dag.py:2935} INFO - Setting next_dagrun for example_subdag_operator.section-2 to None
[2022-02-16 17:19:58,668] {processor.py:171} INFO - Processing /home/airflow/.local/lib/python3.7/site-packages/airflow/example_dags/example_subdag_operator.py took 0.101 seconds
[2022-02-16 17:20:29,517] {processor.py:163} INFO - Started process (PID=8375) to work on /home/airflow/.local/lib/python3.7/site-packages/airflow/example_dags/example_subdag_operator.py
[2022-02-16 17:20:29,518] {processor.py:642} INFO - Processing file /home/airflow/.local/lib/python3.7/site-packages/airflow/example_dags/example_subdag_operator.py for tasks to queue
[2022-02-16 17:20:29,519] {logging_mixin.py:109} INFO - [2022-02-16 17:20:29,519] {dagbag.py:500} INFO - Filling up the DagBag from /home/airflow/.local/lib/python3.7/site-packages/airflow/example_dags/example_subdag_operator.py
[2022-02-16 17:20:29,566] {processor.py:654} INFO - DAG(s) dict_keys(['example_subdag_operator.section-1', 'example_subdag_operator.section-2', 'example_subdag_operator']) retrieved from /home/airflow/.local/lib/python3.7/site-packages/airflow/example_dags/example_subdag_operator.py
[2022-02-16 17:20:29,579] {logging_mixin.py:109} INFO - [2022-02-16 17:20:29,579] {dag.py:2396} INFO - Sync 3 DAGs
[2022-02-16 17:20:29,598] {logging_mixin.py:109} INFO - [2022-02-16 17:20:29,598] {dag.py:2935} INFO - Setting next_dagrun for example_subdag_operator to 2022-02-14T00:00:00+00:00
[2022-02-16 17:20:29,598] {logging_mixin.py:109} INFO - [2022-02-16 17:20:29,598] {dag.py:2935} INFO - Setting next_dagrun for example_subdag_operator.section-1 to None
[2022-02-16 17:20:29,598] {logging_mixin.py:109} INFO - [2022-02-16 17:20:29,598] {dag.py:2935} INFO - Setting next_dagrun for example_subdag_operator.section-2 to None
[2022-02-16 17:20:29,604] {logging_mixin.py:109} INFO - [2022-02-16 17:20:29,604] {dag.py:2396} INFO - Sync 2 DAGs
[2022-02-16 17:20:29,621] {logging_mixin.py:109} INFO - [2022-02-16 17:20:29,621] {dag.py:2935} INFO - Setting next_dagrun for example_subdag_operator.section-1 to None
[2022-02-16 17:20:29,622] {logging_mixin.py:109} INFO - [2022-02-16 17:20:29,622] {dag.py:2935} INFO - Setting next_dagrun for example_subdag_operator.section-2 to None
[2022-02-16 17:20:29,636] {processor.py:171} INFO - Processing /home/airflow/.local/lib/python3.7/site-packages/airflow/example_dags/example_subdag_operator.py took 0.123 seconds
[2022-02-16 17:21:01,027] {processor.py:163} INFO - Started process (PID=8587) to work on /home/airflow/.local/lib/python3.7/site-packages/airflow/example_dags/example_subdag_operator.py
[2022-02-16 17:21:01,029] {processor.py:642} INFO - Processing file /home/airflow/.local/lib/python3.7/site-packages/airflow/example_dags/example_subdag_operator.py for tasks to queue
[2022-02-16 17:21:01,030] {logging_mixin.py:109} INFO - [2022-02-16 17:21:01,030] {dagbag.py:500} INFO - Filling up the DagBag from /home/airflow/.local/lib/python3.7/site-packages/airflow/example_dags/example_subdag_operator.py
[2022-02-16 17:21:01,090] {processor.py:654} INFO - DAG(s) dict_keys(['example_subdag_operator.section-1', 'example_subdag_operator.section-2', 'example_subdag_operator']) retrieved from /home/airflow/.local/lib/python3.7/site-packages/airflow/example_dags/example_subdag_operator.py
[2022-02-16 17:21:01,110] {logging_mixin.py:109} INFO - [2022-02-16 17:21:01,109] {dag.py:2396} INFO - Sync 3 DAGs
[2022-02-16 17:21:01,143] {logging_mixin.py:109} INFO - [2022-02-16 17:21:01,143] {dag.py:2935} INFO - Setting next_dagrun for example_subdag_operator to 2022-02-14T00:00:00+00:00
[2022-02-16 17:21:01,144] {logging_mixin.py:109} INFO - [2022-02-16 17:21:01,144] {dag.py:2935} INFO - Setting next_dagrun for example_subdag_operator.section-1 to None
[2022-02-16 17:21:01,144] {logging_mixin.py:109} INFO - [2022-02-16 17:21:01,144] {dag.py:2935} INFO - Setting next_dagrun for example_subdag_operator.section-2 to None
[2022-02-16 17:21:01,151] {logging_mixin.py:109} INFO - [2022-02-16 17:21:01,151] {dag.py:2396} INFO - Sync 2 DAGs
[2022-02-16 17:21:01,163] {logging_mixin.py:109} INFO - [2022-02-16 17:21:01,163] {dag.py:2935} INFO - Setting next_dagrun for example_subdag_operator.section-1 to None
[2022-02-16 17:21:01,164] {logging_mixin.py:109} INFO - [2022-02-16 17:21:01,163] {dag.py:2935} INFO - Setting next_dagrun for example_subdag_operator.section-2 to None
[2022-02-16 17:21:01,172] {processor.py:171} INFO - Processing /home/airflow/.local/lib/python3.7/site-packages/airflow/example_dags/example_subdag_operator.py took 0.150 seconds
