[2022-02-16 16:59:03,018] {processor.py:163} INFO - Started process (PID=387) to work on /home/airflow/.local/lib/python3.7/site-packages/airflow/example_dags/example_trigger_controller_dag.py
[2022-02-16 16:59:03,019] {processor.py:642} INFO - Processing file /home/airflow/.local/lib/python3.7/site-packages/airflow/example_dags/example_trigger_controller_dag.py for tasks to queue
[2022-02-16 16:59:03,020] {logging_mixin.py:109} INFO - [2022-02-16 16:59:03,020] {dagbag.py:500} INFO - Filling up the DagBag from /home/airflow/.local/lib/python3.7/site-packages/airflow/example_dags/example_trigger_controller_dag.py
[2022-02-16 16:59:03,116] {processor.py:654} INFO - DAG(s) dict_keys(['example_trigger_controller_dag']) retrieved from /home/airflow/.local/lib/python3.7/site-packages/airflow/example_dags/example_trigger_controller_dag.py
[2022-02-16 16:59:05,202] {logging_mixin.py:109} INFO - [2022-02-16 16:59:05,201] {manager.py:496} INFO - Created Permission View: can read on DAG:example_trigger_controller_dag
[2022-02-16 16:59:05,212] {logging_mixin.py:109} INFO - [2022-02-16 16:59:05,212] {manager.py:496} INFO - Created Permission View: can edit on DAG:example_trigger_controller_dag
[2022-02-16 16:59:05,212] {logging_mixin.py:109} INFO - [2022-02-16 16:59:05,212] {dag.py:2396} INFO - Sync 1 DAGs
[2022-02-16 16:59:05,220] {logging_mixin.py:109} INFO - [2022-02-16 16:59:05,220] {dag.py:2415} INFO - Creating ORM DAG for example_trigger_controller_dag
[2022-02-16 16:59:05,228] {logging_mixin.py:109} INFO - [2022-02-16 16:59:05,228] {dag.py:2935} INFO - Setting next_dagrun for example_trigger_controller_dag to 2021-01-01T00:00:00+00:00
[2022-02-16 16:59:05,240] {processor.py:171} INFO - Processing /home/airflow/.local/lib/python3.7/site-packages/airflow/example_dags/example_trigger_controller_dag.py took 2.226 seconds
[2022-02-16 16:59:35,800] {processor.py:163} INFO - Started process (PID=581) to work on /home/airflow/.local/lib/python3.7/site-packages/airflow/example_dags/example_trigger_controller_dag.py
[2022-02-16 16:59:35,803] {processor.py:642} INFO - Processing file /home/airflow/.local/lib/python3.7/site-packages/airflow/example_dags/example_trigger_controller_dag.py for tasks to queue
[2022-02-16 16:59:35,821] {logging_mixin.py:109} INFO - [2022-02-16 16:59:35,804] {dagbag.py:500} INFO - Filling up the DagBag from /home/airflow/.local/lib/python3.7/site-packages/airflow/example_dags/example_trigger_controller_dag.py
[2022-02-16 16:59:35,939] {processor.py:654} INFO - DAG(s) dict_keys(['example_trigger_controller_dag']) retrieved from /home/airflow/.local/lib/python3.7/site-packages/airflow/example_dags/example_trigger_controller_dag.py
[2022-02-16 16:59:35,956] {logging_mixin.py:109} INFO - [2022-02-16 16:59:35,956] {dag.py:2396} INFO - Sync 1 DAGs
[2022-02-16 16:59:35,982] {logging_mixin.py:109} INFO - [2022-02-16 16:59:35,982] {dag.py:2935} INFO - Setting next_dagrun for example_trigger_controller_dag to 2021-01-01T00:00:00+00:00
[2022-02-16 16:59:35,996] {processor.py:171} INFO - Processing /home/airflow/.local/lib/python3.7/site-packages/airflow/example_dags/example_trigger_controller_dag.py took 0.201 seconds
[2022-02-16 17:00:07,064] {processor.py:163} INFO - Started process (PID=774) to work on /home/airflow/.local/lib/python3.7/site-packages/airflow/example_dags/example_trigger_controller_dag.py
[2022-02-16 17:00:07,065] {processor.py:642} INFO - Processing file /home/airflow/.local/lib/python3.7/site-packages/airflow/example_dags/example_trigger_controller_dag.py for tasks to queue
[2022-02-16 17:00:07,066] {logging_mixin.py:109} INFO - [2022-02-16 17:00:07,066] {dagbag.py:500} INFO - Filling up the DagBag from /home/airflow/.local/lib/python3.7/site-packages/airflow/example_dags/example_trigger_controller_dag.py
[2022-02-16 17:00:07,660] {processor.py:654} INFO - DAG(s) dict_keys(['example_trigger_controller_dag']) retrieved from /home/airflow/.local/lib/python3.7/site-packages/airflow/example_dags/example_trigger_controller_dag.py
[2022-02-16 17:00:07,685] {logging_mixin.py:109} INFO - [2022-02-16 17:00:07,685] {dag.py:2396} INFO - Sync 1 DAGs
[2022-02-16 17:00:07,711] {logging_mixin.py:109} INFO - [2022-02-16 17:00:07,711] {dag.py:2935} INFO - Setting next_dagrun for example_trigger_controller_dag to 2021-01-01T00:00:00+00:00
[2022-02-16 17:00:07,732] {processor.py:171} INFO - Processing /home/airflow/.local/lib/python3.7/site-packages/airflow/example_dags/example_trigger_controller_dag.py took 0.674 seconds
[2022-02-16 17:00:37,880] {processor.py:163} INFO - Started process (PID=943) to work on /home/airflow/.local/lib/python3.7/site-packages/airflow/example_dags/example_trigger_controller_dag.py
[2022-02-16 17:00:37,881] {processor.py:642} INFO - Processing file /home/airflow/.local/lib/python3.7/site-packages/airflow/example_dags/example_trigger_controller_dag.py for tasks to queue
[2022-02-16 17:00:37,882] {logging_mixin.py:109} INFO - [2022-02-16 17:00:37,882] {dagbag.py:500} INFO - Filling up the DagBag from /home/airflow/.local/lib/python3.7/site-packages/airflow/example_dags/example_trigger_controller_dag.py
[2022-02-16 17:00:37,917] {processor.py:654} INFO - DAG(s) dict_keys(['example_trigger_controller_dag']) retrieved from /home/airflow/.local/lib/python3.7/site-packages/airflow/example_dags/example_trigger_controller_dag.py
[2022-02-16 17:00:37,929] {logging_mixin.py:109} INFO - [2022-02-16 17:00:37,929] {dag.py:2396} INFO - Sync 1 DAGs
[2022-02-16 17:00:37,948] {logging_mixin.py:109} INFO - [2022-02-16 17:00:37,948] {dag.py:2935} INFO - Setting next_dagrun for example_trigger_controller_dag to 2021-01-01T00:00:00+00:00
[2022-02-16 17:00:37,957] {processor.py:171} INFO - Processing /home/airflow/.local/lib/python3.7/site-packages/airflow/example_dags/example_trigger_controller_dag.py took 0.082 seconds
[2022-02-16 17:01:08,159] {processor.py:163} INFO - Started process (PID=1124) to work on /home/airflow/.local/lib/python3.7/site-packages/airflow/example_dags/example_trigger_controller_dag.py
[2022-02-16 17:01:08,160] {processor.py:642} INFO - Processing file /home/airflow/.local/lib/python3.7/site-packages/airflow/example_dags/example_trigger_controller_dag.py for tasks to queue
[2022-02-16 17:01:08,161] {logging_mixin.py:109} INFO - [2022-02-16 17:01:08,160] {dagbag.py:500} INFO - Filling up the DagBag from /home/airflow/.local/lib/python3.7/site-packages/airflow/example_dags/example_trigger_controller_dag.py
[2022-02-16 17:01:08,189] {processor.py:654} INFO - DAG(s) dict_keys(['example_trigger_controller_dag']) retrieved from /home/airflow/.local/lib/python3.7/site-packages/airflow/example_dags/example_trigger_controller_dag.py
[2022-02-16 17:01:08,200] {logging_mixin.py:109} INFO - [2022-02-16 17:01:08,200] {dag.py:2396} INFO - Sync 1 DAGs
[2022-02-16 17:01:08,217] {logging_mixin.py:109} INFO - [2022-02-16 17:01:08,217] {dag.py:2935} INFO - Setting next_dagrun for example_trigger_controller_dag to 2021-01-01T00:00:00+00:00
[2022-02-16 17:01:08,226] {processor.py:171} INFO - Processing /home/airflow/.local/lib/python3.7/site-packages/airflow/example_dags/example_trigger_controller_dag.py took 0.071 seconds
[2022-02-16 17:01:38,529] {processor.py:163} INFO - Started process (PID=1315) to work on /home/airflow/.local/lib/python3.7/site-packages/airflow/example_dags/example_trigger_controller_dag.py
[2022-02-16 17:01:38,531] {processor.py:642} INFO - Processing file /home/airflow/.local/lib/python3.7/site-packages/airflow/example_dags/example_trigger_controller_dag.py for tasks to queue
[2022-02-16 17:01:38,532] {logging_mixin.py:109} INFO - [2022-02-16 17:01:38,531] {dagbag.py:500} INFO - Filling up the DagBag from /home/airflow/.local/lib/python3.7/site-packages/airflow/example_dags/example_trigger_controller_dag.py
[2022-02-16 17:01:38,563] {processor.py:654} INFO - DAG(s) dict_keys(['example_trigger_controller_dag']) retrieved from /home/airflow/.local/lib/python3.7/site-packages/airflow/example_dags/example_trigger_controller_dag.py
[2022-02-16 17:01:38,577] {logging_mixin.py:109} INFO - [2022-02-16 17:01:38,577] {dag.py:2396} INFO - Sync 1 DAGs
[2022-02-16 17:01:38,596] {logging_mixin.py:109} INFO - [2022-02-16 17:01:38,596] {dag.py:2935} INFO - Setting next_dagrun for example_trigger_controller_dag to 2021-01-01T00:00:00+00:00
[2022-02-16 17:01:38,606] {processor.py:171} INFO - Processing /home/airflow/.local/lib/python3.7/site-packages/airflow/example_dags/example_trigger_controller_dag.py took 0.081 seconds
[2022-02-16 17:02:08,706] {processor.py:163} INFO - Started process (PID=1491) to work on /home/airflow/.local/lib/python3.7/site-packages/airflow/example_dags/example_trigger_controller_dag.py
[2022-02-16 17:02:08,708] {processor.py:642} INFO - Processing file /home/airflow/.local/lib/python3.7/site-packages/airflow/example_dags/example_trigger_controller_dag.py for tasks to queue
[2022-02-16 17:02:08,709] {logging_mixin.py:109} INFO - [2022-02-16 17:02:08,709] {dagbag.py:500} INFO - Filling up the DagBag from /home/airflow/.local/lib/python3.7/site-packages/airflow/example_dags/example_trigger_controller_dag.py
[2022-02-16 17:02:08,753] {processor.py:654} INFO - DAG(s) dict_keys(['example_trigger_controller_dag']) retrieved from /home/airflow/.local/lib/python3.7/site-packages/airflow/example_dags/example_trigger_controller_dag.py
[2022-02-16 17:02:08,767] {logging_mixin.py:109} INFO - [2022-02-16 17:02:08,766] {dag.py:2396} INFO - Sync 1 DAGs
[2022-02-16 17:02:08,788] {logging_mixin.py:109} INFO - [2022-02-16 17:02:08,788] {dag.py:2935} INFO - Setting next_dagrun for example_trigger_controller_dag to 2021-01-01T00:00:00+00:00
[2022-02-16 17:02:08,802] {processor.py:171} INFO - Processing /home/airflow/.local/lib/python3.7/site-packages/airflow/example_dags/example_trigger_controller_dag.py took 0.101 seconds
[2022-02-16 17:02:39,616] {processor.py:163} INFO - Started process (PID=1667) to work on /home/airflow/.local/lib/python3.7/site-packages/airflow/example_dags/example_trigger_controller_dag.py
[2022-02-16 17:02:39,618] {processor.py:642} INFO - Processing file /home/airflow/.local/lib/python3.7/site-packages/airflow/example_dags/example_trigger_controller_dag.py for tasks to queue
[2022-02-16 17:02:39,618] {logging_mixin.py:109} INFO - [2022-02-16 17:02:39,618] {dagbag.py:500} INFO - Filling up the DagBag from /home/airflow/.local/lib/python3.7/site-packages/airflow/example_dags/example_trigger_controller_dag.py
[2022-02-16 17:02:39,660] {processor.py:654} INFO - DAG(s) dict_keys(['example_trigger_controller_dag']) retrieved from /home/airflow/.local/lib/python3.7/site-packages/airflow/example_dags/example_trigger_controller_dag.py
[2022-02-16 17:02:39,673] {logging_mixin.py:109} INFO - [2022-02-16 17:02:39,672] {dag.py:2396} INFO - Sync 1 DAGs
[2022-02-16 17:02:39,697] {logging_mixin.py:109} INFO - [2022-02-16 17:02:39,696] {dag.py:2935} INFO - Setting next_dagrun for example_trigger_controller_dag to 2021-01-01T00:00:00+00:00
[2022-02-16 17:02:39,715] {processor.py:171} INFO - Processing /home/airflow/.local/lib/python3.7/site-packages/airflow/example_dags/example_trigger_controller_dag.py took 0.103 seconds
[2022-02-16 17:03:10,013] {processor.py:163} INFO - Started process (PID=1851) to work on /home/airflow/.local/lib/python3.7/site-packages/airflow/example_dags/example_trigger_controller_dag.py
[2022-02-16 17:03:10,014] {processor.py:642} INFO - Processing file /home/airflow/.local/lib/python3.7/site-packages/airflow/example_dags/example_trigger_controller_dag.py for tasks to queue
[2022-02-16 17:03:10,015] {logging_mixin.py:109} INFO - [2022-02-16 17:03:10,015] {dagbag.py:500} INFO - Filling up the DagBag from /home/airflow/.local/lib/python3.7/site-packages/airflow/example_dags/example_trigger_controller_dag.py
[2022-02-16 17:03:10,048] {processor.py:654} INFO - DAG(s) dict_keys(['example_trigger_controller_dag']) retrieved from /home/airflow/.local/lib/python3.7/site-packages/airflow/example_dags/example_trigger_controller_dag.py
[2022-02-16 17:03:10,059] {logging_mixin.py:109} INFO - [2022-02-16 17:03:10,059] {dag.py:2396} INFO - Sync 1 DAGs
[2022-02-16 17:03:10,077] {logging_mixin.py:109} INFO - [2022-02-16 17:03:10,077] {dag.py:2935} INFO - Setting next_dagrun for example_trigger_controller_dag to 2021-01-01T00:00:00+00:00
[2022-02-16 17:03:10,087] {processor.py:171} INFO - Processing /home/airflow/.local/lib/python3.7/site-packages/airflow/example_dags/example_trigger_controller_dag.py took 0.078 seconds
[2022-02-16 17:03:40,194] {processor.py:163} INFO - Started process (PID=2046) to work on /home/airflow/.local/lib/python3.7/site-packages/airflow/example_dags/example_trigger_controller_dag.py
[2022-02-16 17:03:40,197] {processor.py:642} INFO - Processing file /home/airflow/.local/lib/python3.7/site-packages/airflow/example_dags/example_trigger_controller_dag.py for tasks to queue
[2022-02-16 17:03:40,207] {logging_mixin.py:109} INFO - [2022-02-16 17:03:40,207] {dagbag.py:500} INFO - Filling up the DagBag from /home/airflow/.local/lib/python3.7/site-packages/airflow/example_dags/example_trigger_controller_dag.py
[2022-02-16 17:03:40,252] {processor.py:654} INFO - DAG(s) dict_keys(['example_trigger_controller_dag']) retrieved from /home/airflow/.local/lib/python3.7/site-packages/airflow/example_dags/example_trigger_controller_dag.py
[2022-02-16 17:03:40,285] {logging_mixin.py:109} INFO - [2022-02-16 17:03:40,285] {dag.py:2396} INFO - Sync 1 DAGs
[2022-02-16 17:03:40,322] {logging_mixin.py:109} INFO - [2022-02-16 17:03:40,322] {dag.py:2935} INFO - Setting next_dagrun for example_trigger_controller_dag to 2021-01-01T00:00:00+00:00
[2022-02-16 17:03:40,341] {processor.py:171} INFO - Processing /home/airflow/.local/lib/python3.7/site-packages/airflow/example_dags/example_trigger_controller_dag.py took 0.158 seconds
[2022-02-16 17:04:10,598] {processor.py:163} INFO - Started process (PID=2236) to work on /home/airflow/.local/lib/python3.7/site-packages/airflow/example_dags/example_trigger_controller_dag.py
[2022-02-16 17:04:10,599] {processor.py:642} INFO - Processing file /home/airflow/.local/lib/python3.7/site-packages/airflow/example_dags/example_trigger_controller_dag.py for tasks to queue
[2022-02-16 17:04:10,600] {logging_mixin.py:109} INFO - [2022-02-16 17:04:10,600] {dagbag.py:500} INFO - Filling up the DagBag from /home/airflow/.local/lib/python3.7/site-packages/airflow/example_dags/example_trigger_controller_dag.py
[2022-02-16 17:04:10,629] {processor.py:654} INFO - DAG(s) dict_keys(['example_trigger_controller_dag']) retrieved from /home/airflow/.local/lib/python3.7/site-packages/airflow/example_dags/example_trigger_controller_dag.py
[2022-02-16 17:04:10,640] {logging_mixin.py:109} INFO - [2022-02-16 17:04:10,640] {dag.py:2396} INFO - Sync 1 DAGs
[2022-02-16 17:04:10,662] {logging_mixin.py:109} INFO - [2022-02-16 17:04:10,661] {dag.py:2935} INFO - Setting next_dagrun for example_trigger_controller_dag to 2021-01-01T00:00:00+00:00
[2022-02-16 17:04:10,673] {processor.py:171} INFO - Processing /home/airflow/.local/lib/python3.7/site-packages/airflow/example_dags/example_trigger_controller_dag.py took 0.079 seconds
[2022-02-16 17:04:40,878] {processor.py:163} INFO - Started process (PID=2420) to work on /home/airflow/.local/lib/python3.7/site-packages/airflow/example_dags/example_trigger_controller_dag.py
[2022-02-16 17:04:40,879] {processor.py:642} INFO - Processing file /home/airflow/.local/lib/python3.7/site-packages/airflow/example_dags/example_trigger_controller_dag.py for tasks to queue
[2022-02-16 17:04:40,879] {logging_mixin.py:109} INFO - [2022-02-16 17:04:40,879] {dagbag.py:500} INFO - Filling up the DagBag from /home/airflow/.local/lib/python3.7/site-packages/airflow/example_dags/example_trigger_controller_dag.py
[2022-02-16 17:04:40,935] {processor.py:654} INFO - DAG(s) dict_keys(['example_trigger_controller_dag']) retrieved from /home/airflow/.local/lib/python3.7/site-packages/airflow/example_dags/example_trigger_controller_dag.py
[2022-02-16 17:04:40,956] {logging_mixin.py:109} INFO - [2022-02-16 17:04:40,956] {dag.py:2396} INFO - Sync 1 DAGs
[2022-02-16 17:04:40,983] {logging_mixin.py:109} INFO - [2022-02-16 17:04:40,982] {dag.py:2935} INFO - Setting next_dagrun for example_trigger_controller_dag to 2021-01-01T00:00:00+00:00
[2022-02-16 17:04:40,997] {processor.py:171} INFO - Processing /home/airflow/.local/lib/python3.7/site-packages/airflow/example_dags/example_trigger_controller_dag.py took 0.123 seconds
[2022-02-16 17:05:11,142] {processor.py:163} INFO - Started process (PID=2606) to work on /home/airflow/.local/lib/python3.7/site-packages/airflow/example_dags/example_trigger_controller_dag.py
[2022-02-16 17:05:11,144] {processor.py:642} INFO - Processing file /home/airflow/.local/lib/python3.7/site-packages/airflow/example_dags/example_trigger_controller_dag.py for tasks to queue
[2022-02-16 17:05:11,145] {logging_mixin.py:109} INFO - [2022-02-16 17:05:11,145] {dagbag.py:500} INFO - Filling up the DagBag from /home/airflow/.local/lib/python3.7/site-packages/airflow/example_dags/example_trigger_controller_dag.py
[2022-02-16 17:05:11,206] {processor.py:654} INFO - DAG(s) dict_keys(['example_trigger_controller_dag']) retrieved from /home/airflow/.local/lib/python3.7/site-packages/airflow/example_dags/example_trigger_controller_dag.py
[2022-02-16 17:05:11,224] {logging_mixin.py:109} INFO - [2022-02-16 17:05:11,224] {dag.py:2396} INFO - Sync 1 DAGs
[2022-02-16 17:05:11,252] {logging_mixin.py:109} INFO - [2022-02-16 17:05:11,252] {dag.py:2935} INFO - Setting next_dagrun for example_trigger_controller_dag to 2021-01-01T00:00:00+00:00
[2022-02-16 17:05:11,275] {processor.py:171} INFO - Processing /home/airflow/.local/lib/python3.7/site-packages/airflow/example_dags/example_trigger_controller_dag.py took 0.145 seconds
[2022-02-16 17:05:41,403] {processor.py:163} INFO - Started process (PID=2792) to work on /home/airflow/.local/lib/python3.7/site-packages/airflow/example_dags/example_trigger_controller_dag.py
[2022-02-16 17:05:41,405] {processor.py:642} INFO - Processing file /home/airflow/.local/lib/python3.7/site-packages/airflow/example_dags/example_trigger_controller_dag.py for tasks to queue
[2022-02-16 17:05:41,406] {logging_mixin.py:109} INFO - [2022-02-16 17:05:41,406] {dagbag.py:500} INFO - Filling up the DagBag from /home/airflow/.local/lib/python3.7/site-packages/airflow/example_dags/example_trigger_controller_dag.py
[2022-02-16 17:05:41,453] {processor.py:654} INFO - DAG(s) dict_keys(['example_trigger_controller_dag']) retrieved from /home/airflow/.local/lib/python3.7/site-packages/airflow/example_dags/example_trigger_controller_dag.py
[2022-02-16 17:05:41,471] {logging_mixin.py:109} INFO - [2022-02-16 17:05:41,471] {dag.py:2396} INFO - Sync 1 DAGs
[2022-02-16 17:05:41,497] {logging_mixin.py:109} INFO - [2022-02-16 17:05:41,496] {dag.py:2935} INFO - Setting next_dagrun for example_trigger_controller_dag to 2021-01-01T00:00:00+00:00
[2022-02-16 17:05:41,510] {processor.py:171} INFO - Processing /home/airflow/.local/lib/python3.7/site-packages/airflow/example_dags/example_trigger_controller_dag.py took 0.114 seconds
[2022-02-16 17:06:12,025] {processor.py:163} INFO - Started process (PID=2985) to work on /home/airflow/.local/lib/python3.7/site-packages/airflow/example_dags/example_trigger_controller_dag.py
[2022-02-16 17:06:12,036] {processor.py:642} INFO - Processing file /home/airflow/.local/lib/python3.7/site-packages/airflow/example_dags/example_trigger_controller_dag.py for tasks to queue
[2022-02-16 17:06:12,036] {logging_mixin.py:109} INFO - [2022-02-16 17:06:12,036] {dagbag.py:500} INFO - Filling up the DagBag from /home/airflow/.local/lib/python3.7/site-packages/airflow/example_dags/example_trigger_controller_dag.py
[2022-02-16 17:06:12,072] {processor.py:654} INFO - DAG(s) dict_keys(['example_trigger_controller_dag']) retrieved from /home/airflow/.local/lib/python3.7/site-packages/airflow/example_dags/example_trigger_controller_dag.py
[2022-02-16 17:06:12,087] {logging_mixin.py:109} INFO - [2022-02-16 17:06:12,087] {dag.py:2396} INFO - Sync 1 DAGs
[2022-02-16 17:06:12,126] {logging_mixin.py:109} INFO - [2022-02-16 17:06:12,126] {dag.py:2935} INFO - Setting next_dagrun for example_trigger_controller_dag to 2021-01-01T00:00:00+00:00
[2022-02-16 17:06:12,145] {processor.py:171} INFO - Processing /home/airflow/.local/lib/python3.7/site-packages/airflow/example_dags/example_trigger_controller_dag.py took 0.136 seconds
[2022-02-16 17:06:42,484] {processor.py:163} INFO - Started process (PID=3169) to work on /home/airflow/.local/lib/python3.7/site-packages/airflow/example_dags/example_trigger_controller_dag.py
[2022-02-16 17:06:42,485] {processor.py:642} INFO - Processing file /home/airflow/.local/lib/python3.7/site-packages/airflow/example_dags/example_trigger_controller_dag.py for tasks to queue
[2022-02-16 17:06:42,486] {logging_mixin.py:109} INFO - [2022-02-16 17:06:42,486] {dagbag.py:500} INFO - Filling up the DagBag from /home/airflow/.local/lib/python3.7/site-packages/airflow/example_dags/example_trigger_controller_dag.py
[2022-02-16 17:06:42,515] {processor.py:654} INFO - DAG(s) dict_keys(['example_trigger_controller_dag']) retrieved from /home/airflow/.local/lib/python3.7/site-packages/airflow/example_dags/example_trigger_controller_dag.py
[2022-02-16 17:06:42,525] {logging_mixin.py:109} INFO - [2022-02-16 17:06:42,525] {dag.py:2396} INFO - Sync 1 DAGs
[2022-02-16 17:06:42,543] {logging_mixin.py:109} INFO - [2022-02-16 17:06:42,543] {dag.py:2935} INFO - Setting next_dagrun for example_trigger_controller_dag to 2021-01-01T00:00:00+00:00
[2022-02-16 17:06:42,553] {processor.py:171} INFO - Processing /home/airflow/.local/lib/python3.7/site-packages/airflow/example_dags/example_trigger_controller_dag.py took 0.073 seconds
[2022-02-16 17:07:12,777] {processor.py:163} INFO - Started process (PID=3353) to work on /home/airflow/.local/lib/python3.7/site-packages/airflow/example_dags/example_trigger_controller_dag.py
[2022-02-16 17:07:12,779] {processor.py:642} INFO - Processing file /home/airflow/.local/lib/python3.7/site-packages/airflow/example_dags/example_trigger_controller_dag.py for tasks to queue
[2022-02-16 17:07:12,781] {logging_mixin.py:109} INFO - [2022-02-16 17:07:12,780] {dagbag.py:500} INFO - Filling up the DagBag from /home/airflow/.local/lib/python3.7/site-packages/airflow/example_dags/example_trigger_controller_dag.py
[2022-02-16 17:07:12,823] {processor.py:654} INFO - DAG(s) dict_keys(['example_trigger_controller_dag']) retrieved from /home/airflow/.local/lib/python3.7/site-packages/airflow/example_dags/example_trigger_controller_dag.py
[2022-02-16 17:07:12,839] {logging_mixin.py:109} INFO - [2022-02-16 17:07:12,839] {dag.py:2396} INFO - Sync 1 DAGs
[2022-02-16 17:07:12,862] {logging_mixin.py:109} INFO - [2022-02-16 17:07:12,862] {dag.py:2935} INFO - Setting next_dagrun for example_trigger_controller_dag to 2021-01-01T00:00:00+00:00
[2022-02-16 17:07:12,876] {processor.py:171} INFO - Processing /home/airflow/.local/lib/python3.7/site-packages/airflow/example_dags/example_trigger_controller_dag.py took 0.104 seconds
[2022-02-16 17:07:43,266] {processor.py:163} INFO - Started process (PID=3545) to work on /home/airflow/.local/lib/python3.7/site-packages/airflow/example_dags/example_trigger_controller_dag.py
[2022-02-16 17:07:43,276] {processor.py:642} INFO - Processing file /home/airflow/.local/lib/python3.7/site-packages/airflow/example_dags/example_trigger_controller_dag.py for tasks to queue
[2022-02-16 17:07:43,279] {logging_mixin.py:109} INFO - [2022-02-16 17:07:43,279] {dagbag.py:500} INFO - Filling up the DagBag from /home/airflow/.local/lib/python3.7/site-packages/airflow/example_dags/example_trigger_controller_dag.py
[2022-02-16 17:07:43,343] {processor.py:654} INFO - DAG(s) dict_keys(['example_trigger_controller_dag']) retrieved from /home/airflow/.local/lib/python3.7/site-packages/airflow/example_dags/example_trigger_controller_dag.py
[2022-02-16 17:07:43,370] {logging_mixin.py:109} INFO - [2022-02-16 17:07:43,370] {dag.py:2396} INFO - Sync 1 DAGs
[2022-02-16 17:07:43,407] {logging_mixin.py:109} INFO - [2022-02-16 17:07:43,407] {dag.py:2935} INFO - Setting next_dagrun for example_trigger_controller_dag to 2021-01-01T00:00:00+00:00
[2022-02-16 17:07:43,422] {processor.py:171} INFO - Processing /home/airflow/.local/lib/python3.7/site-packages/airflow/example_dags/example_trigger_controller_dag.py took 0.165 seconds
[2022-02-16 17:08:13,750] {processor.py:163} INFO - Started process (PID=3732) to work on /home/airflow/.local/lib/python3.7/site-packages/airflow/example_dags/example_trigger_controller_dag.py
[2022-02-16 17:08:13,751] {processor.py:642} INFO - Processing file /home/airflow/.local/lib/python3.7/site-packages/airflow/example_dags/example_trigger_controller_dag.py for tasks to queue
[2022-02-16 17:08:13,752] {logging_mixin.py:109} INFO - [2022-02-16 17:08:13,752] {dagbag.py:500} INFO - Filling up the DagBag from /home/airflow/.local/lib/python3.7/site-packages/airflow/example_dags/example_trigger_controller_dag.py
[2022-02-16 17:08:13,792] {processor.py:654} INFO - DAG(s) dict_keys(['example_trigger_controller_dag']) retrieved from /home/airflow/.local/lib/python3.7/site-packages/airflow/example_dags/example_trigger_controller_dag.py
[2022-02-16 17:08:13,805] {logging_mixin.py:109} INFO - [2022-02-16 17:08:13,805] {dag.py:2396} INFO - Sync 1 DAGs
[2022-02-16 17:08:13,825] {logging_mixin.py:109} INFO - [2022-02-16 17:08:13,825] {dag.py:2935} INFO - Setting next_dagrun for example_trigger_controller_dag to 2021-01-01T00:00:00+00:00
[2022-02-16 17:08:13,836] {processor.py:171} INFO - Processing /home/airflow/.local/lib/python3.7/site-packages/airflow/example_dags/example_trigger_controller_dag.py took 0.090 seconds
[2022-02-16 17:08:44,205] {processor.py:163} INFO - Started process (PID=3914) to work on /home/airflow/.local/lib/python3.7/site-packages/airflow/example_dags/example_trigger_controller_dag.py
[2022-02-16 17:08:44,220] {processor.py:642} INFO - Processing file /home/airflow/.local/lib/python3.7/site-packages/airflow/example_dags/example_trigger_controller_dag.py for tasks to queue
[2022-02-16 17:08:44,224] {logging_mixin.py:109} INFO - [2022-02-16 17:08:44,224] {dagbag.py:500} INFO - Filling up the DagBag from /home/airflow/.local/lib/python3.7/site-packages/airflow/example_dags/example_trigger_controller_dag.py
[2022-02-16 17:08:44,378] {processor.py:654} INFO - DAG(s) dict_keys(['example_trigger_controller_dag']) retrieved from /home/airflow/.local/lib/python3.7/site-packages/airflow/example_dags/example_trigger_controller_dag.py
[2022-02-16 17:08:44,391] {logging_mixin.py:109} INFO - [2022-02-16 17:08:44,391] {dag.py:2396} INFO - Sync 1 DAGs
[2022-02-16 17:08:44,417] {logging_mixin.py:109} INFO - [2022-02-16 17:08:44,417] {dag.py:2935} INFO - Setting next_dagrun for example_trigger_controller_dag to 2021-01-01T00:00:00+00:00
[2022-02-16 17:08:44,430] {processor.py:171} INFO - Processing /home/airflow/.local/lib/python3.7/site-packages/airflow/example_dags/example_trigger_controller_dag.py took 0.233 seconds
[2022-02-16 17:09:14,840] {processor.py:163} INFO - Started process (PID=4100) to work on /home/airflow/.local/lib/python3.7/site-packages/airflow/example_dags/example_trigger_controller_dag.py
[2022-02-16 17:09:14,841] {processor.py:642} INFO - Processing file /home/airflow/.local/lib/python3.7/site-packages/airflow/example_dags/example_trigger_controller_dag.py for tasks to queue
[2022-02-16 17:09:14,842] {logging_mixin.py:109} INFO - [2022-02-16 17:09:14,842] {dagbag.py:500} INFO - Filling up the DagBag from /home/airflow/.local/lib/python3.7/site-packages/airflow/example_dags/example_trigger_controller_dag.py
[2022-02-16 17:09:14,873] {processor.py:654} INFO - DAG(s) dict_keys(['example_trigger_controller_dag']) retrieved from /home/airflow/.local/lib/python3.7/site-packages/airflow/example_dags/example_trigger_controller_dag.py
[2022-02-16 17:09:14,884] {logging_mixin.py:109} INFO - [2022-02-16 17:09:14,884] {dag.py:2396} INFO - Sync 1 DAGs
[2022-02-16 17:09:14,902] {logging_mixin.py:109} INFO - [2022-02-16 17:09:14,902] {dag.py:2935} INFO - Setting next_dagrun for example_trigger_controller_dag to 2021-01-01T00:00:00+00:00
[2022-02-16 17:09:14,912] {processor.py:171} INFO - Processing /home/airflow/.local/lib/python3.7/site-packages/airflow/example_dags/example_trigger_controller_dag.py took 0.077 seconds
[2022-02-16 17:09:45,771] {processor.py:163} INFO - Started process (PID=4291) to work on /home/airflow/.local/lib/python3.7/site-packages/airflow/example_dags/example_trigger_controller_dag.py
[2022-02-16 17:09:45,777] {processor.py:642} INFO - Processing file /home/airflow/.local/lib/python3.7/site-packages/airflow/example_dags/example_trigger_controller_dag.py for tasks to queue
[2022-02-16 17:09:45,778] {logging_mixin.py:109} INFO - [2022-02-16 17:09:45,778] {dagbag.py:500} INFO - Filling up the DagBag from /home/airflow/.local/lib/python3.7/site-packages/airflow/example_dags/example_trigger_controller_dag.py
[2022-02-16 17:09:45,851] {processor.py:654} INFO - DAG(s) dict_keys(['example_trigger_controller_dag']) retrieved from /home/airflow/.local/lib/python3.7/site-packages/airflow/example_dags/example_trigger_controller_dag.py
[2022-02-16 17:09:45,866] {logging_mixin.py:109} INFO - [2022-02-16 17:09:45,866] {dag.py:2396} INFO - Sync 1 DAGs
[2022-02-16 17:09:45,887] {logging_mixin.py:109} INFO - [2022-02-16 17:09:45,887] {dag.py:2935} INFO - Setting next_dagrun for example_trigger_controller_dag to 2021-01-01T00:00:00+00:00
[2022-02-16 17:09:45,898] {processor.py:171} INFO - Processing /home/airflow/.local/lib/python3.7/site-packages/airflow/example_dags/example_trigger_controller_dag.py took 0.133 seconds
[2022-02-16 17:10:16,034] {processor.py:163} INFO - Started process (PID=4477) to work on /home/airflow/.local/lib/python3.7/site-packages/airflow/example_dags/example_trigger_controller_dag.py
[2022-02-16 17:10:16,035] {processor.py:642} INFO - Processing file /home/airflow/.local/lib/python3.7/site-packages/airflow/example_dags/example_trigger_controller_dag.py for tasks to queue
[2022-02-16 17:10:16,036] {logging_mixin.py:109} INFO - [2022-02-16 17:10:16,036] {dagbag.py:500} INFO - Filling up the DagBag from /home/airflow/.local/lib/python3.7/site-packages/airflow/example_dags/example_trigger_controller_dag.py
[2022-02-16 17:10:16,066] {processor.py:654} INFO - DAG(s) dict_keys(['example_trigger_controller_dag']) retrieved from /home/airflow/.local/lib/python3.7/site-packages/airflow/example_dags/example_trigger_controller_dag.py
[2022-02-16 17:10:16,077] {logging_mixin.py:109} INFO - [2022-02-16 17:10:16,076] {dag.py:2396} INFO - Sync 1 DAGs
[2022-02-16 17:10:16,094] {logging_mixin.py:109} INFO - [2022-02-16 17:10:16,094] {dag.py:2935} INFO - Setting next_dagrun for example_trigger_controller_dag to 2021-01-01T00:00:00+00:00
[2022-02-16 17:10:16,105] {processor.py:171} INFO - Processing /home/airflow/.local/lib/python3.7/site-packages/airflow/example_dags/example_trigger_controller_dag.py took 0.075 seconds
[2022-02-16 17:10:46,913] {processor.py:163} INFO - Started process (PID=4663) to work on /home/airflow/.local/lib/python3.7/site-packages/airflow/example_dags/example_trigger_controller_dag.py
[2022-02-16 17:10:46,914] {processor.py:642} INFO - Processing file /home/airflow/.local/lib/python3.7/site-packages/airflow/example_dags/example_trigger_controller_dag.py for tasks to queue
[2022-02-16 17:10:46,915] {logging_mixin.py:109} INFO - [2022-02-16 17:10:46,915] {dagbag.py:500} INFO - Filling up the DagBag from /home/airflow/.local/lib/python3.7/site-packages/airflow/example_dags/example_trigger_controller_dag.py
[2022-02-16 17:10:46,948] {processor.py:654} INFO - DAG(s) dict_keys(['example_trigger_controller_dag']) retrieved from /home/airflow/.local/lib/python3.7/site-packages/airflow/example_dags/example_trigger_controller_dag.py
[2022-02-16 17:10:46,975] {logging_mixin.py:109} INFO - [2022-02-16 17:10:46,975] {dag.py:2396} INFO - Sync 1 DAGs
[2022-02-16 17:10:46,995] {logging_mixin.py:109} INFO - [2022-02-16 17:10:46,994] {dag.py:2935} INFO - Setting next_dagrun for example_trigger_controller_dag to 2021-01-01T00:00:00+00:00
[2022-02-16 17:10:47,003] {processor.py:171} INFO - Processing /home/airflow/.local/lib/python3.7/site-packages/airflow/example_dags/example_trigger_controller_dag.py took 0.094 seconds
[2022-02-16 17:11:17,180] {processor.py:163} INFO - Started process (PID=4840) to work on /home/airflow/.local/lib/python3.7/site-packages/airflow/example_dags/example_trigger_controller_dag.py
[2022-02-16 17:11:17,181] {processor.py:642} INFO - Processing file /home/airflow/.local/lib/python3.7/site-packages/airflow/example_dags/example_trigger_controller_dag.py for tasks to queue
[2022-02-16 17:11:17,182] {logging_mixin.py:109} INFO - [2022-02-16 17:11:17,182] {dagbag.py:500} INFO - Filling up the DagBag from /home/airflow/.local/lib/python3.7/site-packages/airflow/example_dags/example_trigger_controller_dag.py
[2022-02-16 17:11:17,211] {processor.py:654} INFO - DAG(s) dict_keys(['example_trigger_controller_dag']) retrieved from /home/airflow/.local/lib/python3.7/site-packages/airflow/example_dags/example_trigger_controller_dag.py
[2022-02-16 17:11:17,222] {logging_mixin.py:109} INFO - [2022-02-16 17:11:17,221] {dag.py:2396} INFO - Sync 1 DAGs
[2022-02-16 17:11:17,239] {logging_mixin.py:109} INFO - [2022-02-16 17:11:17,239] {dag.py:2935} INFO - Setting next_dagrun for example_trigger_controller_dag to 2021-01-01T00:00:00+00:00
[2022-02-16 17:11:17,248] {processor.py:171} INFO - Processing /home/airflow/.local/lib/python3.7/site-packages/airflow/example_dags/example_trigger_controller_dag.py took 0.074 seconds
[2022-02-16 17:11:48,170] {processor.py:163} INFO - Started process (PID=5023) to work on /home/airflow/.local/lib/python3.7/site-packages/airflow/example_dags/example_trigger_controller_dag.py
[2022-02-16 17:11:48,175] {processor.py:642} INFO - Processing file /home/airflow/.local/lib/python3.7/site-packages/airflow/example_dags/example_trigger_controller_dag.py for tasks to queue
[2022-02-16 17:11:48,176] {logging_mixin.py:109} INFO - [2022-02-16 17:11:48,176] {dagbag.py:500} INFO - Filling up the DagBag from /home/airflow/.local/lib/python3.7/site-packages/airflow/example_dags/example_trigger_controller_dag.py
[2022-02-16 17:11:48,256] {processor.py:654} INFO - DAG(s) dict_keys(['example_trigger_controller_dag']) retrieved from /home/airflow/.local/lib/python3.7/site-packages/airflow/example_dags/example_trigger_controller_dag.py
[2022-02-16 17:11:48,286] {logging_mixin.py:109} INFO - [2022-02-16 17:11:48,286] {dag.py:2396} INFO - Sync 1 DAGs
[2022-02-16 17:11:48,326] {logging_mixin.py:109} INFO - [2022-02-16 17:11:48,326] {dag.py:2935} INFO - Setting next_dagrun for example_trigger_controller_dag to 2021-01-01T00:00:00+00:00
[2022-02-16 17:11:48,343] {processor.py:171} INFO - Processing /home/airflow/.local/lib/python3.7/site-packages/airflow/example_dags/example_trigger_controller_dag.py took 0.180 seconds
[2022-02-16 17:12:18,884] {processor.py:163} INFO - Started process (PID=5226) to work on /home/airflow/.local/lib/python3.7/site-packages/airflow/example_dags/example_trigger_controller_dag.py
[2022-02-16 17:12:18,886] {processor.py:642} INFO - Processing file /home/airflow/.local/lib/python3.7/site-packages/airflow/example_dags/example_trigger_controller_dag.py for tasks to queue
[2022-02-16 17:12:18,886] {logging_mixin.py:109} INFO - [2022-02-16 17:12:18,886] {dagbag.py:500} INFO - Filling up the DagBag from /home/airflow/.local/lib/python3.7/site-packages/airflow/example_dags/example_trigger_controller_dag.py
[2022-02-16 17:12:18,917] {processor.py:654} INFO - DAG(s) dict_keys(['example_trigger_controller_dag']) retrieved from /home/airflow/.local/lib/python3.7/site-packages/airflow/example_dags/example_trigger_controller_dag.py
[2022-02-16 17:12:18,931] {logging_mixin.py:109} INFO - [2022-02-16 17:12:18,931] {dag.py:2396} INFO - Sync 1 DAGs
[2022-02-16 17:12:18,951] {logging_mixin.py:109} INFO - [2022-02-16 17:12:18,951] {dag.py:2935} INFO - Setting next_dagrun for example_trigger_controller_dag to 2021-01-01T00:00:00+00:00
[2022-02-16 17:12:18,960] {processor.py:171} INFO - Processing /home/airflow/.local/lib/python3.7/site-packages/airflow/example_dags/example_trigger_controller_dag.py took 0.080 seconds
[2022-02-16 17:12:49,507] {processor.py:163} INFO - Started process (PID=5413) to work on /home/airflow/.local/lib/python3.7/site-packages/airflow/example_dags/example_trigger_controller_dag.py
[2022-02-16 17:12:49,509] {processor.py:642} INFO - Processing file /home/airflow/.local/lib/python3.7/site-packages/airflow/example_dags/example_trigger_controller_dag.py for tasks to queue
[2022-02-16 17:12:49,510] {logging_mixin.py:109} INFO - [2022-02-16 17:12:49,510] {dagbag.py:500} INFO - Filling up the DagBag from /home/airflow/.local/lib/python3.7/site-packages/airflow/example_dags/example_trigger_controller_dag.py
[2022-02-16 17:12:49,547] {processor.py:654} INFO - DAG(s) dict_keys(['example_trigger_controller_dag']) retrieved from /home/airflow/.local/lib/python3.7/site-packages/airflow/example_dags/example_trigger_controller_dag.py
[2022-02-16 17:12:49,594] {logging_mixin.py:109} INFO - [2022-02-16 17:12:49,593] {dag.py:2396} INFO - Sync 1 DAGs
[2022-02-16 17:12:49,615] {logging_mixin.py:109} INFO - [2022-02-16 17:12:49,615] {dag.py:2935} INFO - Setting next_dagrun for example_trigger_controller_dag to 2021-01-01T00:00:00+00:00
[2022-02-16 17:12:49,633] {processor.py:171} INFO - Processing /home/airflow/.local/lib/python3.7/site-packages/airflow/example_dags/example_trigger_controller_dag.py took 0.130 seconds
[2022-02-16 17:13:20,568] {processor.py:163} INFO - Started process (PID=5611) to work on /home/airflow/.local/lib/python3.7/site-packages/airflow/example_dags/example_trigger_controller_dag.py
[2022-02-16 17:13:20,569] {processor.py:642} INFO - Processing file /home/airflow/.local/lib/python3.7/site-packages/airflow/example_dags/example_trigger_controller_dag.py for tasks to queue
[2022-02-16 17:13:20,570] {logging_mixin.py:109} INFO - [2022-02-16 17:13:20,570] {dagbag.py:500} INFO - Filling up the DagBag from /home/airflow/.local/lib/python3.7/site-packages/airflow/example_dags/example_trigger_controller_dag.py
[2022-02-16 17:13:20,599] {processor.py:654} INFO - DAG(s) dict_keys(['example_trigger_controller_dag']) retrieved from /home/airflow/.local/lib/python3.7/site-packages/airflow/example_dags/example_trigger_controller_dag.py
[2022-02-16 17:13:20,610] {logging_mixin.py:109} INFO - [2022-02-16 17:13:20,610] {dag.py:2396} INFO - Sync 1 DAGs
[2022-02-16 17:13:20,638] {logging_mixin.py:109} INFO - [2022-02-16 17:13:20,638] {dag.py:2935} INFO - Setting next_dagrun for example_trigger_controller_dag to 2021-01-01T00:00:00+00:00
[2022-02-16 17:13:20,649] {processor.py:171} INFO - Processing /home/airflow/.local/lib/python3.7/site-packages/airflow/example_dags/example_trigger_controller_dag.py took 0.086 seconds
[2022-02-16 17:13:50,998] {processor.py:163} INFO - Started process (PID=5816) to work on /home/airflow/.local/lib/python3.7/site-packages/airflow/example_dags/example_trigger_controller_dag.py
[2022-02-16 17:13:51,007] {processor.py:642} INFO - Processing file /home/airflow/.local/lib/python3.7/site-packages/airflow/example_dags/example_trigger_controller_dag.py for tasks to queue
[2022-02-16 17:13:51,008] {logging_mixin.py:109} INFO - [2022-02-16 17:13:51,008] {dagbag.py:500} INFO - Filling up the DagBag from /home/airflow/.local/lib/python3.7/site-packages/airflow/example_dags/example_trigger_controller_dag.py
[2022-02-16 17:13:51,064] {processor.py:654} INFO - DAG(s) dict_keys(['example_trigger_controller_dag']) retrieved from /home/airflow/.local/lib/python3.7/site-packages/airflow/example_dags/example_trigger_controller_dag.py
[2022-02-16 17:13:51,084] {logging_mixin.py:109} INFO - [2022-02-16 17:13:51,084] {dag.py:2396} INFO - Sync 1 DAGs
[2022-02-16 17:13:51,120] {logging_mixin.py:109} INFO - [2022-02-16 17:13:51,120] {dag.py:2935} INFO - Setting next_dagrun for example_trigger_controller_dag to 2021-01-01T00:00:00+00:00
[2022-02-16 17:13:51,138] {processor.py:171} INFO - Processing /home/airflow/.local/lib/python3.7/site-packages/airflow/example_dags/example_trigger_controller_dag.py took 0.145 seconds
[2022-02-16 17:14:21,437] {processor.py:163} INFO - Started process (PID=6012) to work on /home/airflow/.local/lib/python3.7/site-packages/airflow/example_dags/example_trigger_controller_dag.py
[2022-02-16 17:14:21,438] {processor.py:642} INFO - Processing file /home/airflow/.local/lib/python3.7/site-packages/airflow/example_dags/example_trigger_controller_dag.py for tasks to queue
[2022-02-16 17:14:21,439] {logging_mixin.py:109} INFO - [2022-02-16 17:14:21,439] {dagbag.py:500} INFO - Filling up the DagBag from /home/airflow/.local/lib/python3.7/site-packages/airflow/example_dags/example_trigger_controller_dag.py
[2022-02-16 17:14:21,467] {processor.py:654} INFO - DAG(s) dict_keys(['example_trigger_controller_dag']) retrieved from /home/airflow/.local/lib/python3.7/site-packages/airflow/example_dags/example_trigger_controller_dag.py
[2022-02-16 17:14:21,477] {logging_mixin.py:109} INFO - [2022-02-16 17:14:21,477] {dag.py:2396} INFO - Sync 1 DAGs
[2022-02-16 17:14:21,494] {logging_mixin.py:109} INFO - [2022-02-16 17:14:21,494] {dag.py:2935} INFO - Setting next_dagrun for example_trigger_controller_dag to 2021-01-01T00:00:00+00:00
[2022-02-16 17:14:21,503] {processor.py:171} INFO - Processing /home/airflow/.local/lib/python3.7/site-packages/airflow/example_dags/example_trigger_controller_dag.py took 0.071 seconds
[2022-02-16 17:14:51,893] {processor.py:163} INFO - Started process (PID=6206) to work on /home/airflow/.local/lib/python3.7/site-packages/airflow/example_dags/example_trigger_controller_dag.py
[2022-02-16 17:14:51,895] {processor.py:642} INFO - Processing file /home/airflow/.local/lib/python3.7/site-packages/airflow/example_dags/example_trigger_controller_dag.py for tasks to queue
[2022-02-16 17:14:51,896] {logging_mixin.py:109} INFO - [2022-02-16 17:14:51,895] {dagbag.py:500} INFO - Filling up the DagBag from /home/airflow/.local/lib/python3.7/site-packages/airflow/example_dags/example_trigger_controller_dag.py
[2022-02-16 17:14:51,943] {processor.py:654} INFO - DAG(s) dict_keys(['example_trigger_controller_dag']) retrieved from /home/airflow/.local/lib/python3.7/site-packages/airflow/example_dags/example_trigger_controller_dag.py
[2022-02-16 17:14:51,960] {logging_mixin.py:109} INFO - [2022-02-16 17:14:51,960] {dag.py:2396} INFO - Sync 1 DAGs
[2022-02-16 17:14:51,987] {logging_mixin.py:109} INFO - [2022-02-16 17:14:51,987] {dag.py:2935} INFO - Setting next_dagrun for example_trigger_controller_dag to 2021-01-01T00:00:00+00:00
[2022-02-16 17:14:52,006] {processor.py:171} INFO - Processing /home/airflow/.local/lib/python3.7/site-packages/airflow/example_dags/example_trigger_controller_dag.py took 0.117 seconds
[2022-02-16 17:15:22,151] {processor.py:163} INFO - Started process (PID=6407) to work on /home/airflow/.local/lib/python3.7/site-packages/airflow/example_dags/example_trigger_controller_dag.py
[2022-02-16 17:15:22,154] {processor.py:642} INFO - Processing file /home/airflow/.local/lib/python3.7/site-packages/airflow/example_dags/example_trigger_controller_dag.py for tasks to queue
[2022-02-16 17:15:22,155] {logging_mixin.py:109} INFO - [2022-02-16 17:15:22,154] {dagbag.py:500} INFO - Filling up the DagBag from /home/airflow/.local/lib/python3.7/site-packages/airflow/example_dags/example_trigger_controller_dag.py
[2022-02-16 17:15:22,191] {processor.py:654} INFO - DAG(s) dict_keys(['example_trigger_controller_dag']) retrieved from /home/airflow/.local/lib/python3.7/site-packages/airflow/example_dags/example_trigger_controller_dag.py
[2022-02-16 17:15:22,204] {logging_mixin.py:109} INFO - [2022-02-16 17:15:22,204] {dag.py:2396} INFO - Sync 1 DAGs
[2022-02-16 17:15:22,224] {logging_mixin.py:109} INFO - [2022-02-16 17:15:22,223] {dag.py:2935} INFO - Setting next_dagrun for example_trigger_controller_dag to 2021-01-01T00:00:00+00:00
[2022-02-16 17:15:22,236] {processor.py:171} INFO - Processing /home/airflow/.local/lib/python3.7/site-packages/airflow/example_dags/example_trigger_controller_dag.py took 0.091 seconds
[2022-02-16 17:15:52,536] {processor.py:163} INFO - Started process (PID=6609) to work on /home/airflow/.local/lib/python3.7/site-packages/airflow/example_dags/example_trigger_controller_dag.py
[2022-02-16 17:15:52,537] {processor.py:642} INFO - Processing file /home/airflow/.local/lib/python3.7/site-packages/airflow/example_dags/example_trigger_controller_dag.py for tasks to queue
[2022-02-16 17:15:52,538] {logging_mixin.py:109} INFO - [2022-02-16 17:15:52,538] {dagbag.py:500} INFO - Filling up the DagBag from /home/airflow/.local/lib/python3.7/site-packages/airflow/example_dags/example_trigger_controller_dag.py
[2022-02-16 17:15:52,597] {processor.py:654} INFO - DAG(s) dict_keys(['example_trigger_controller_dag']) retrieved from /home/airflow/.local/lib/python3.7/site-packages/airflow/example_dags/example_trigger_controller_dag.py
[2022-02-16 17:15:52,616] {logging_mixin.py:109} INFO - [2022-02-16 17:15:52,616] {dag.py:2396} INFO - Sync 1 DAGs
[2022-02-16 17:15:52,649] {logging_mixin.py:109} INFO - [2022-02-16 17:15:52,648] {dag.py:2935} INFO - Setting next_dagrun for example_trigger_controller_dag to 2021-01-01T00:00:00+00:00
[2022-02-16 17:15:52,669] {processor.py:171} INFO - Processing /home/airflow/.local/lib/python3.7/site-packages/airflow/example_dags/example_trigger_controller_dag.py took 0.137 seconds
[2022-02-16 17:16:22,740] {processor.py:163} INFO - Started process (PID=6802) to work on /home/airflow/.local/lib/python3.7/site-packages/airflow/example_dags/example_trigger_controller_dag.py
[2022-02-16 17:16:22,742] {processor.py:642} INFO - Processing file /home/airflow/.local/lib/python3.7/site-packages/airflow/example_dags/example_trigger_controller_dag.py for tasks to queue
[2022-02-16 17:16:22,743] {logging_mixin.py:109} INFO - [2022-02-16 17:16:22,743] {dagbag.py:500} INFO - Filling up the DagBag from /home/airflow/.local/lib/python3.7/site-packages/airflow/example_dags/example_trigger_controller_dag.py
[2022-02-16 17:16:22,779] {processor.py:654} INFO - DAG(s) dict_keys(['example_trigger_controller_dag']) retrieved from /home/airflow/.local/lib/python3.7/site-packages/airflow/example_dags/example_trigger_controller_dag.py
[2022-02-16 17:16:22,795] {logging_mixin.py:109} INFO - [2022-02-16 17:16:22,795] {dag.py:2396} INFO - Sync 1 DAGs
[2022-02-16 17:16:22,820] {logging_mixin.py:109} INFO - [2022-02-16 17:16:22,820] {dag.py:2935} INFO - Setting next_dagrun for example_trigger_controller_dag to 2021-01-01T00:00:00+00:00
[2022-02-16 17:16:22,835] {processor.py:171} INFO - Processing /home/airflow/.local/lib/python3.7/site-packages/airflow/example_dags/example_trigger_controller_dag.py took 0.101 seconds
[2022-02-16 17:16:52,978] {processor.py:163} INFO - Started process (PID=6989) to work on /home/airflow/.local/lib/python3.7/site-packages/airflow/example_dags/example_trigger_controller_dag.py
[2022-02-16 17:16:52,979] {processor.py:642} INFO - Processing file /home/airflow/.local/lib/python3.7/site-packages/airflow/example_dags/example_trigger_controller_dag.py for tasks to queue
[2022-02-16 17:16:52,980] {logging_mixin.py:109} INFO - [2022-02-16 17:16:52,980] {dagbag.py:500} INFO - Filling up the DagBag from /home/airflow/.local/lib/python3.7/site-packages/airflow/example_dags/example_trigger_controller_dag.py
[2022-02-16 17:16:53,019] {processor.py:654} INFO - DAG(s) dict_keys(['example_trigger_controller_dag']) retrieved from /home/airflow/.local/lib/python3.7/site-packages/airflow/example_dags/example_trigger_controller_dag.py
[2022-02-16 17:16:53,032] {logging_mixin.py:109} INFO - [2022-02-16 17:16:53,032] {dag.py:2396} INFO - Sync 1 DAGs
[2022-02-16 17:16:53,052] {logging_mixin.py:109} INFO - [2022-02-16 17:16:53,052] {dag.py:2935} INFO - Setting next_dagrun for example_trigger_controller_dag to 2021-01-01T00:00:00+00:00
[2022-02-16 17:16:53,062] {processor.py:171} INFO - Processing /home/airflow/.local/lib/python3.7/site-packages/airflow/example_dags/example_trigger_controller_dag.py took 0.088 seconds
[2022-02-16 17:17:23,569] {processor.py:163} INFO - Started process (PID=7181) to work on /home/airflow/.local/lib/python3.7/site-packages/airflow/example_dags/example_trigger_controller_dag.py
[2022-02-16 17:17:23,573] {processor.py:642} INFO - Processing file /home/airflow/.local/lib/python3.7/site-packages/airflow/example_dags/example_trigger_controller_dag.py for tasks to queue
[2022-02-16 17:17:23,574] {logging_mixin.py:109} INFO - [2022-02-16 17:17:23,574] {dagbag.py:500} INFO - Filling up the DagBag from /home/airflow/.local/lib/python3.7/site-packages/airflow/example_dags/example_trigger_controller_dag.py
[2022-02-16 17:17:23,609] {processor.py:654} INFO - DAG(s) dict_keys(['example_trigger_controller_dag']) retrieved from /home/airflow/.local/lib/python3.7/site-packages/airflow/example_dags/example_trigger_controller_dag.py
[2022-02-16 17:17:23,621] {logging_mixin.py:109} INFO - [2022-02-16 17:17:23,621] {dag.py:2396} INFO - Sync 1 DAGs
[2022-02-16 17:17:23,639] {logging_mixin.py:109} INFO - [2022-02-16 17:17:23,639] {dag.py:2935} INFO - Setting next_dagrun for example_trigger_controller_dag to 2021-01-01T00:00:00+00:00
[2022-02-16 17:17:23,649] {processor.py:171} INFO - Processing /home/airflow/.local/lib/python3.7/site-packages/airflow/example_dags/example_trigger_controller_dag.py took 0.086 seconds
[2022-02-16 17:17:54,955] {processor.py:163} INFO - Started process (PID=7382) to work on /home/airflow/.local/lib/python3.7/site-packages/airflow/example_dags/example_trigger_controller_dag.py
[2022-02-16 17:17:54,958] {processor.py:642} INFO - Processing file /home/airflow/.local/lib/python3.7/site-packages/airflow/example_dags/example_trigger_controller_dag.py for tasks to queue
[2022-02-16 17:17:54,959] {logging_mixin.py:109} INFO - [2022-02-16 17:17:54,959] {dagbag.py:500} INFO - Filling up the DagBag from /home/airflow/.local/lib/python3.7/site-packages/airflow/example_dags/example_trigger_controller_dag.py
[2022-02-16 17:17:55,007] {processor.py:654} INFO - DAG(s) dict_keys(['example_trigger_controller_dag']) retrieved from /home/airflow/.local/lib/python3.7/site-packages/airflow/example_dags/example_trigger_controller_dag.py
[2022-02-16 17:17:55,022] {logging_mixin.py:109} INFO - [2022-02-16 17:17:55,022] {dag.py:2396} INFO - Sync 1 DAGs
[2022-02-16 17:17:55,043] {logging_mixin.py:109} INFO - [2022-02-16 17:17:55,043] {dag.py:2935} INFO - Setting next_dagrun for example_trigger_controller_dag to 2021-01-01T00:00:00+00:00
[2022-02-16 17:17:55,054] {processor.py:171} INFO - Processing /home/airflow/.local/lib/python3.7/site-packages/airflow/example_dags/example_trigger_controller_dag.py took 0.118 seconds
[2022-02-16 17:18:25,474] {processor.py:163} INFO - Started process (PID=7579) to work on /home/airflow/.local/lib/python3.7/site-packages/airflow/example_dags/example_trigger_controller_dag.py
[2022-02-16 17:18:25,476] {processor.py:642} INFO - Processing file /home/airflow/.local/lib/python3.7/site-packages/airflow/example_dags/example_trigger_controller_dag.py for tasks to queue
[2022-02-16 17:18:25,477] {logging_mixin.py:109} INFO - [2022-02-16 17:18:25,476] {dagbag.py:500} INFO - Filling up the DagBag from /home/airflow/.local/lib/python3.7/site-packages/airflow/example_dags/example_trigger_controller_dag.py
[2022-02-16 17:18:25,510] {processor.py:654} INFO - DAG(s) dict_keys(['example_trigger_controller_dag']) retrieved from /home/airflow/.local/lib/python3.7/site-packages/airflow/example_dags/example_trigger_controller_dag.py
[2022-02-16 17:18:25,523] {logging_mixin.py:109} INFO - [2022-02-16 17:18:25,522] {dag.py:2396} INFO - Sync 1 DAGs
[2022-02-16 17:18:25,544] {logging_mixin.py:109} INFO - [2022-02-16 17:18:25,544] {dag.py:2935} INFO - Setting next_dagrun for example_trigger_controller_dag to 2021-01-01T00:00:00+00:00
[2022-02-16 17:18:25,554] {processor.py:171} INFO - Processing /home/airflow/.local/lib/python3.7/site-packages/airflow/example_dags/example_trigger_controller_dag.py took 0.084 seconds
[2022-02-16 17:18:55,965] {processor.py:163} INFO - Started process (PID=7765) to work on /home/airflow/.local/lib/python3.7/site-packages/airflow/example_dags/example_trigger_controller_dag.py
[2022-02-16 17:18:55,967] {processor.py:642} INFO - Processing file /home/airflow/.local/lib/python3.7/site-packages/airflow/example_dags/example_trigger_controller_dag.py for tasks to queue
[2022-02-16 17:18:55,969] {logging_mixin.py:109} INFO - [2022-02-16 17:18:55,969] {dagbag.py:500} INFO - Filling up the DagBag from /home/airflow/.local/lib/python3.7/site-packages/airflow/example_dags/example_trigger_controller_dag.py
[2022-02-16 17:18:56,018] {processor.py:654} INFO - DAG(s) dict_keys(['example_trigger_controller_dag']) retrieved from /home/airflow/.local/lib/python3.7/site-packages/airflow/example_dags/example_trigger_controller_dag.py
[2022-02-16 17:18:56,035] {logging_mixin.py:109} INFO - [2022-02-16 17:18:56,035] {dag.py:2396} INFO - Sync 1 DAGs
[2022-02-16 17:18:56,054] {logging_mixin.py:109} INFO - [2022-02-16 17:18:56,053] {dag.py:2935} INFO - Setting next_dagrun for example_trigger_controller_dag to 2021-01-01T00:00:00+00:00
[2022-02-16 17:18:56,063] {processor.py:171} INFO - Processing /home/airflow/.local/lib/python3.7/site-packages/airflow/example_dags/example_trigger_controller_dag.py took 0.105 seconds
[2022-02-16 17:19:26,488] {processor.py:163} INFO - Started process (PID=7957) to work on /home/airflow/.local/lib/python3.7/site-packages/airflow/example_dags/example_trigger_controller_dag.py
[2022-02-16 17:19:26,505] {processor.py:642} INFO - Processing file /home/airflow/.local/lib/python3.7/site-packages/airflow/example_dags/example_trigger_controller_dag.py for tasks to queue
[2022-02-16 17:19:26,507] {logging_mixin.py:109} INFO - [2022-02-16 17:19:26,506] {dagbag.py:500} INFO - Filling up the DagBag from /home/airflow/.local/lib/python3.7/site-packages/airflow/example_dags/example_trigger_controller_dag.py
[2022-02-16 17:19:26,566] {processor.py:654} INFO - DAG(s) dict_keys(['example_trigger_controller_dag']) retrieved from /home/airflow/.local/lib/python3.7/site-packages/airflow/example_dags/example_trigger_controller_dag.py
[2022-02-16 17:19:26,595] {logging_mixin.py:109} INFO - [2022-02-16 17:19:26,595] {dag.py:2396} INFO - Sync 1 DAGs
[2022-02-16 17:19:26,621] {logging_mixin.py:109} INFO - [2022-02-16 17:19:26,621] {dag.py:2935} INFO - Setting next_dagrun for example_trigger_controller_dag to 2021-01-01T00:00:00+00:00
[2022-02-16 17:19:26,639] {processor.py:171} INFO - Processing /home/airflow/.local/lib/python3.7/site-packages/airflow/example_dags/example_trigger_controller_dag.py took 0.160 seconds
[2022-02-16 17:19:56,849] {processor.py:163} INFO - Started process (PID=8152) to work on /home/airflow/.local/lib/python3.7/site-packages/airflow/example_dags/example_trigger_controller_dag.py
[2022-02-16 17:19:56,851] {processor.py:642} INFO - Processing file /home/airflow/.local/lib/python3.7/site-packages/airflow/example_dags/example_trigger_controller_dag.py for tasks to queue
[2022-02-16 17:19:56,852] {logging_mixin.py:109} INFO - [2022-02-16 17:19:56,852] {dagbag.py:500} INFO - Filling up the DagBag from /home/airflow/.local/lib/python3.7/site-packages/airflow/example_dags/example_trigger_controller_dag.py
[2022-02-16 17:19:56,885] {processor.py:654} INFO - DAG(s) dict_keys(['example_trigger_controller_dag']) retrieved from /home/airflow/.local/lib/python3.7/site-packages/airflow/example_dags/example_trigger_controller_dag.py
[2022-02-16 17:19:56,896] {logging_mixin.py:109} INFO - [2022-02-16 17:19:56,896] {dag.py:2396} INFO - Sync 1 DAGs
[2022-02-16 17:19:56,914] {logging_mixin.py:109} INFO - [2022-02-16 17:19:56,914] {dag.py:2935} INFO - Setting next_dagrun for example_trigger_controller_dag to 2021-01-01T00:00:00+00:00
[2022-02-16 17:19:56,925] {processor.py:171} INFO - Processing /home/airflow/.local/lib/python3.7/site-packages/airflow/example_dags/example_trigger_controller_dag.py took 0.080 seconds
[2022-02-16 17:20:27,775] {processor.py:163} INFO - Started process (PID=8349) to work on /home/airflow/.local/lib/python3.7/site-packages/airflow/example_dags/example_trigger_controller_dag.py
[2022-02-16 17:20:27,776] {processor.py:642} INFO - Processing file /home/airflow/.local/lib/python3.7/site-packages/airflow/example_dags/example_trigger_controller_dag.py for tasks to queue
[2022-02-16 17:20:27,777] {logging_mixin.py:109} INFO - [2022-02-16 17:20:27,777] {dagbag.py:500} INFO - Filling up the DagBag from /home/airflow/.local/lib/python3.7/site-packages/airflow/example_dags/example_trigger_controller_dag.py
[2022-02-16 17:20:27,806] {processor.py:654} INFO - DAG(s) dict_keys(['example_trigger_controller_dag']) retrieved from /home/airflow/.local/lib/python3.7/site-packages/airflow/example_dags/example_trigger_controller_dag.py
[2022-02-16 17:20:27,818] {logging_mixin.py:109} INFO - [2022-02-16 17:20:27,818] {dag.py:2396} INFO - Sync 1 DAGs
[2022-02-16 17:20:27,838] {logging_mixin.py:109} INFO - [2022-02-16 17:20:27,838] {dag.py:2935} INFO - Setting next_dagrun for example_trigger_controller_dag to 2021-01-01T00:00:00+00:00
[2022-02-16 17:20:27,848] {processor.py:171} INFO - Processing /home/airflow/.local/lib/python3.7/site-packages/airflow/example_dags/example_trigger_controller_dag.py took 0.077 seconds
[2022-02-16 17:20:58,013] {processor.py:163} INFO - Started process (PID=8550) to work on /home/airflow/.local/lib/python3.7/site-packages/airflow/example_dags/example_trigger_controller_dag.py
[2022-02-16 17:20:58,015] {processor.py:642} INFO - Processing file /home/airflow/.local/lib/python3.7/site-packages/airflow/example_dags/example_trigger_controller_dag.py for tasks to queue
[2022-02-16 17:20:58,016] {logging_mixin.py:109} INFO - [2022-02-16 17:20:58,016] {dagbag.py:500} INFO - Filling up the DagBag from /home/airflow/.local/lib/python3.7/site-packages/airflow/example_dags/example_trigger_controller_dag.py
[2022-02-16 17:20:58,053] {processor.py:654} INFO - DAG(s) dict_keys(['example_trigger_controller_dag']) retrieved from /home/airflow/.local/lib/python3.7/site-packages/airflow/example_dags/example_trigger_controller_dag.py
[2022-02-16 17:20:58,068] {logging_mixin.py:109} INFO - [2022-02-16 17:20:58,068] {dag.py:2396} INFO - Sync 1 DAGs
[2022-02-16 17:20:58,100] {logging_mixin.py:109} INFO - [2022-02-16 17:20:58,100] {dag.py:2935} INFO - Setting next_dagrun for example_trigger_controller_dag to 2021-01-01T00:00:00+00:00
[2022-02-16 17:20:58,116] {processor.py:171} INFO - Processing /home/airflow/.local/lib/python3.7/site-packages/airflow/example_dags/example_trigger_controller_dag.py took 0.107 seconds
