[2022-02-16 16:58:53,575] {processor.py:163} INFO - Started process (PID=327) to work on /home/airflow/.local/lib/python3.7/site-packages/airflow/example_dags/example_task_group.py
[2022-02-16 16:58:53,578] {processor.py:642} INFO - Processing file /home/airflow/.local/lib/python3.7/site-packages/airflow/example_dags/example_task_group.py for tasks to queue
[2022-02-16 16:58:53,579] {logging_mixin.py:109} INFO - [2022-02-16 16:58:53,579] {dagbag.py:500} INFO - Filling up the DagBag from /home/airflow/.local/lib/python3.7/site-packages/airflow/example_dags/example_task_group.py
[2022-02-16 16:58:53,616] {processor.py:654} INFO - DAG(s) dict_keys(['example_task_group']) retrieved from /home/airflow/.local/lib/python3.7/site-packages/airflow/example_dags/example_task_group.py
[2022-02-16 16:58:55,540] {logging_mixin.py:109} INFO - [2022-02-16 16:58:55,540] {manager.py:496} INFO - Created Permission View: can read on DAG:example_task_group
[2022-02-16 16:58:55,549] {logging_mixin.py:109} INFO - [2022-02-16 16:58:55,549] {manager.py:496} INFO - Created Permission View: can edit on DAG:example_task_group
[2022-02-16 16:58:55,550] {logging_mixin.py:109} INFO - [2022-02-16 16:58:55,549] {dag.py:2396} INFO - Sync 1 DAGs
[2022-02-16 16:58:55,560] {logging_mixin.py:109} INFO - [2022-02-16 16:58:55,560] {dag.py:2415} INFO - Creating ORM DAG for example_task_group
[2022-02-16 16:58:55,578] {logging_mixin.py:109} INFO - [2022-02-16 16:58:55,577] {dag.py:2935} INFO - Setting next_dagrun for example_task_group to 2022-02-15T16:58:55.577625+00:00
[2022-02-16 16:58:55,597] {processor.py:171} INFO - Processing /home/airflow/.local/lib/python3.7/site-packages/airflow/example_dags/example_task_group.py took 2.029 seconds
[2022-02-16 16:59:25,834] {processor.py:163} INFO - Started process (PID=542) to work on /home/airflow/.local/lib/python3.7/site-packages/airflow/example_dags/example_task_group.py
[2022-02-16 16:59:25,840] {processor.py:642} INFO - Processing file /home/airflow/.local/lib/python3.7/site-packages/airflow/example_dags/example_task_group.py for tasks to queue
[2022-02-16 16:59:25,844] {logging_mixin.py:109} INFO - [2022-02-16 16:59:25,844] {dagbag.py:500} INFO - Filling up the DagBag from /home/airflow/.local/lib/python3.7/site-packages/airflow/example_dags/example_task_group.py
[2022-02-16 16:59:26,304] {processor.py:654} INFO - DAG(s) dict_keys(['example_task_group']) retrieved from /home/airflow/.local/lib/python3.7/site-packages/airflow/example_dags/example_task_group.py
[2022-02-16 16:59:26,367] {logging_mixin.py:109} INFO - [2022-02-16 16:59:26,367] {dag.py:2396} INFO - Sync 1 DAGs
[2022-02-16 16:59:26,409] {logging_mixin.py:109} INFO - [2022-02-16 16:59:26,409] {dag.py:2935} INFO - Setting next_dagrun for example_task_group to 2022-02-15T16:59:26.408911+00:00
[2022-02-16 16:59:26,423] {processor.py:171} INFO - Processing /home/airflow/.local/lib/python3.7/site-packages/airflow/example_dags/example_task_group.py took 0.594 seconds
[2022-02-16 16:59:56,990] {processor.py:163} INFO - Started process (PID=722) to work on /home/airflow/.local/lib/python3.7/site-packages/airflow/example_dags/example_task_group.py
[2022-02-16 16:59:57,007] {processor.py:642} INFO - Processing file /home/airflow/.local/lib/python3.7/site-packages/airflow/example_dags/example_task_group.py for tasks to queue
[2022-02-16 16:59:57,008] {logging_mixin.py:109} INFO - [2022-02-16 16:59:57,008] {dagbag.py:500} INFO - Filling up the DagBag from /home/airflow/.local/lib/python3.7/site-packages/airflow/example_dags/example_task_group.py
[2022-02-16 16:59:57,087] {processor.py:654} INFO - DAG(s) dict_keys(['example_task_group']) retrieved from /home/airflow/.local/lib/python3.7/site-packages/airflow/example_dags/example_task_group.py
[2022-02-16 16:59:57,137] {logging_mixin.py:109} INFO - [2022-02-16 16:59:57,137] {dag.py:2396} INFO - Sync 1 DAGs
[2022-02-16 16:59:57,194] {logging_mixin.py:109} INFO - [2022-02-16 16:59:57,194] {dag.py:2935} INFO - Setting next_dagrun for example_task_group to 2022-02-15T16:59:57.190311+00:00
[2022-02-16 16:59:57,231] {processor.py:171} INFO - Processing /home/airflow/.local/lib/python3.7/site-packages/airflow/example_dags/example_task_group.py took 0.245 seconds
[2022-02-16 17:00:28,221] {processor.py:163} INFO - Started process (PID=904) to work on /home/airflow/.local/lib/python3.7/site-packages/airflow/example_dags/example_task_group.py
[2022-02-16 17:00:28,224] {processor.py:642} INFO - Processing file /home/airflow/.local/lib/python3.7/site-packages/airflow/example_dags/example_task_group.py for tasks to queue
[2022-02-16 17:00:28,225] {logging_mixin.py:109} INFO - [2022-02-16 17:00:28,224] {dagbag.py:500} INFO - Filling up the DagBag from /home/airflow/.local/lib/python3.7/site-packages/airflow/example_dags/example_task_group.py
[2022-02-16 17:00:28,259] {processor.py:654} INFO - DAG(s) dict_keys(['example_task_group']) retrieved from /home/airflow/.local/lib/python3.7/site-packages/airflow/example_dags/example_task_group.py
[2022-02-16 17:00:28,271] {logging_mixin.py:109} INFO - [2022-02-16 17:00:28,271] {dag.py:2396} INFO - Sync 1 DAGs
[2022-02-16 17:00:28,299] {logging_mixin.py:109} INFO - [2022-02-16 17:00:28,299] {dag.py:2935} INFO - Setting next_dagrun for example_task_group to 2022-02-15T17:00:28.299170+00:00
[2022-02-16 17:00:28,309] {processor.py:171} INFO - Processing /home/airflow/.local/lib/python3.7/site-packages/airflow/example_dags/example_task_group.py took 0.091 seconds
[2022-02-16 17:00:58,650] {processor.py:163} INFO - Started process (PID=1087) to work on /home/airflow/.local/lib/python3.7/site-packages/airflow/example_dags/example_task_group.py
[2022-02-16 17:00:58,660] {processor.py:642} INFO - Processing file /home/airflow/.local/lib/python3.7/site-packages/airflow/example_dags/example_task_group.py for tasks to queue
[2022-02-16 17:00:58,660] {logging_mixin.py:109} INFO - [2022-02-16 17:00:58,660] {dagbag.py:500} INFO - Filling up the DagBag from /home/airflow/.local/lib/python3.7/site-packages/airflow/example_dags/example_task_group.py
[2022-02-16 17:00:58,723] {processor.py:654} INFO - DAG(s) dict_keys(['example_task_group']) retrieved from /home/airflow/.local/lib/python3.7/site-packages/airflow/example_dags/example_task_group.py
[2022-02-16 17:00:58,747] {logging_mixin.py:109} INFO - [2022-02-16 17:00:58,747] {dag.py:2396} INFO - Sync 1 DAGs
[2022-02-16 17:00:58,782] {logging_mixin.py:109} INFO - [2022-02-16 17:00:58,782] {dag.py:2935} INFO - Setting next_dagrun for example_task_group to 2022-02-15T17:00:58.781977+00:00
[2022-02-16 17:00:58,799] {processor.py:171} INFO - Processing /home/airflow/.local/lib/python3.7/site-packages/airflow/example_dags/example_task_group.py took 0.153 seconds
[2022-02-16 17:01:29,711] {processor.py:163} INFO - Started process (PID=1267) to work on /home/airflow/.local/lib/python3.7/site-packages/airflow/example_dags/example_task_group.py
[2022-02-16 17:01:29,716] {processor.py:642} INFO - Processing file /home/airflow/.local/lib/python3.7/site-packages/airflow/example_dags/example_task_group.py for tasks to queue
[2022-02-16 17:01:29,718] {logging_mixin.py:109} INFO - [2022-02-16 17:01:29,718] {dagbag.py:500} INFO - Filling up the DagBag from /home/airflow/.local/lib/python3.7/site-packages/airflow/example_dags/example_task_group.py
[2022-02-16 17:01:29,782] {processor.py:654} INFO - DAG(s) dict_keys(['example_task_group']) retrieved from /home/airflow/.local/lib/python3.7/site-packages/airflow/example_dags/example_task_group.py
[2022-02-16 17:01:29,798] {logging_mixin.py:109} INFO - [2022-02-16 17:01:29,797] {dag.py:2396} INFO - Sync 1 DAGs
[2022-02-16 17:01:29,820] {logging_mixin.py:109} INFO - [2022-02-16 17:01:29,820] {dag.py:2935} INFO - Setting next_dagrun for example_task_group to 2022-02-15T17:01:29.819574+00:00
[2022-02-16 17:01:29,837] {processor.py:171} INFO - Processing /home/airflow/.local/lib/python3.7/site-packages/airflow/example_dags/example_task_group.py took 0.132 seconds
[2022-02-16 17:02:00,588] {processor.py:163} INFO - Started process (PID=1444) to work on /home/airflow/.local/lib/python3.7/site-packages/airflow/example_dags/example_task_group.py
[2022-02-16 17:02:00,607] {processor.py:642} INFO - Processing file /home/airflow/.local/lib/python3.7/site-packages/airflow/example_dags/example_task_group.py for tasks to queue
[2022-02-16 17:02:00,608] {logging_mixin.py:109} INFO - [2022-02-16 17:02:00,608] {dagbag.py:500} INFO - Filling up the DagBag from /home/airflow/.local/lib/python3.7/site-packages/airflow/example_dags/example_task_group.py
[2022-02-16 17:02:00,656] {processor.py:654} INFO - DAG(s) dict_keys(['example_task_group']) retrieved from /home/airflow/.local/lib/python3.7/site-packages/airflow/example_dags/example_task_group.py
[2022-02-16 17:02:00,674] {logging_mixin.py:109} INFO - [2022-02-16 17:02:00,674] {dag.py:2396} INFO - Sync 1 DAGs
[2022-02-16 17:02:00,693] {logging_mixin.py:109} INFO - [2022-02-16 17:02:00,693] {dag.py:2935} INFO - Setting next_dagrun for example_task_group to 2022-02-15T17:02:00.692743+00:00
[2022-02-16 17:02:00,718] {processor.py:171} INFO - Processing /home/airflow/.local/lib/python3.7/site-packages/airflow/example_dags/example_task_group.py took 0.142 seconds
[2022-02-16 17:02:31,086] {processor.py:163} INFO - Started process (PID=1621) to work on /home/airflow/.local/lib/python3.7/site-packages/airflow/example_dags/example_task_group.py
[2022-02-16 17:02:31,087] {processor.py:642} INFO - Processing file /home/airflow/.local/lib/python3.7/site-packages/airflow/example_dags/example_task_group.py for tasks to queue
[2022-02-16 17:02:31,088] {logging_mixin.py:109} INFO - [2022-02-16 17:02:31,088] {dagbag.py:500} INFO - Filling up the DagBag from /home/airflow/.local/lib/python3.7/site-packages/airflow/example_dags/example_task_group.py
[2022-02-16 17:02:31,123] {processor.py:654} INFO - DAG(s) dict_keys(['example_task_group']) retrieved from /home/airflow/.local/lib/python3.7/site-packages/airflow/example_dags/example_task_group.py
[2022-02-16 17:02:31,137] {logging_mixin.py:109} INFO - [2022-02-16 17:02:31,137] {dag.py:2396} INFO - Sync 1 DAGs
[2022-02-16 17:02:31,155] {logging_mixin.py:109} INFO - [2022-02-16 17:02:31,155] {dag.py:2935} INFO - Setting next_dagrun for example_task_group to 2022-02-15T17:02:31.154769+00:00
[2022-02-16 17:02:31,180] {processor.py:171} INFO - Processing /home/airflow/.local/lib/python3.7/site-packages/airflow/example_dags/example_task_group.py took 0.098 seconds
[2022-02-16 17:03:01,352] {processor.py:163} INFO - Started process (PID=1809) to work on /home/airflow/.local/lib/python3.7/site-packages/airflow/example_dags/example_task_group.py
[2022-02-16 17:03:01,354] {processor.py:642} INFO - Processing file /home/airflow/.local/lib/python3.7/site-packages/airflow/example_dags/example_task_group.py for tasks to queue
[2022-02-16 17:03:01,354] {logging_mixin.py:109} INFO - [2022-02-16 17:03:01,354] {dagbag.py:500} INFO - Filling up the DagBag from /home/airflow/.local/lib/python3.7/site-packages/airflow/example_dags/example_task_group.py
[2022-02-16 17:03:01,388] {processor.py:654} INFO - DAG(s) dict_keys(['example_task_group']) retrieved from /home/airflow/.local/lib/python3.7/site-packages/airflow/example_dags/example_task_group.py
[2022-02-16 17:03:01,401] {logging_mixin.py:109} INFO - [2022-02-16 17:03:01,401] {dag.py:2396} INFO - Sync 1 DAGs
[2022-02-16 17:03:01,421] {logging_mixin.py:109} INFO - [2022-02-16 17:03:01,420] {dag.py:2935} INFO - Setting next_dagrun for example_task_group to 2022-02-15T17:03:01.420197+00:00
[2022-02-16 17:03:01,431] {processor.py:171} INFO - Processing /home/airflow/.local/lib/python3.7/site-packages/airflow/example_dags/example_task_group.py took 0.084 seconds
[2022-02-16 17:03:31,800] {processor.py:163} INFO - Started process (PID=1994) to work on /home/airflow/.local/lib/python3.7/site-packages/airflow/example_dags/example_task_group.py
[2022-02-16 17:03:31,801] {processor.py:642} INFO - Processing file /home/airflow/.local/lib/python3.7/site-packages/airflow/example_dags/example_task_group.py for tasks to queue
[2022-02-16 17:03:31,802] {logging_mixin.py:109} INFO - [2022-02-16 17:03:31,802] {dagbag.py:500} INFO - Filling up the DagBag from /home/airflow/.local/lib/python3.7/site-packages/airflow/example_dags/example_task_group.py
[2022-02-16 17:03:31,838] {processor.py:654} INFO - DAG(s) dict_keys(['example_task_group']) retrieved from /home/airflow/.local/lib/python3.7/site-packages/airflow/example_dags/example_task_group.py
[2022-02-16 17:03:31,850] {logging_mixin.py:109} INFO - [2022-02-16 17:03:31,850] {dag.py:2396} INFO - Sync 1 DAGs
[2022-02-16 17:03:31,869] {logging_mixin.py:109} INFO - [2022-02-16 17:03:31,869] {dag.py:2935} INFO - Setting next_dagrun for example_task_group to 2022-02-15T17:03:31.868888+00:00
[2022-02-16 17:03:31,879] {processor.py:171} INFO - Processing /home/airflow/.local/lib/python3.7/site-packages/airflow/example_dags/example_task_group.py took 0.084 seconds
[2022-02-16 17:04:02,403] {processor.py:163} INFO - Started process (PID=2179) to work on /home/airflow/.local/lib/python3.7/site-packages/airflow/example_dags/example_task_group.py
[2022-02-16 17:04:02,404] {processor.py:642} INFO - Processing file /home/airflow/.local/lib/python3.7/site-packages/airflow/example_dags/example_task_group.py for tasks to queue
[2022-02-16 17:04:02,405] {logging_mixin.py:109} INFO - [2022-02-16 17:04:02,405] {dagbag.py:500} INFO - Filling up the DagBag from /home/airflow/.local/lib/python3.7/site-packages/airflow/example_dags/example_task_group.py
[2022-02-16 17:04:02,441] {processor.py:654} INFO - DAG(s) dict_keys(['example_task_group']) retrieved from /home/airflow/.local/lib/python3.7/site-packages/airflow/example_dags/example_task_group.py
[2022-02-16 17:04:02,457] {logging_mixin.py:109} INFO - [2022-02-16 17:04:02,456] {dag.py:2396} INFO - Sync 1 DAGs
[2022-02-16 17:04:02,475] {logging_mixin.py:109} INFO - [2022-02-16 17:04:02,475] {dag.py:2935} INFO - Setting next_dagrun for example_task_group to 2022-02-15T17:04:02.474964+00:00
[2022-02-16 17:04:02,487] {processor.py:171} INFO - Processing /home/airflow/.local/lib/python3.7/site-packages/airflow/example_dags/example_task_group.py took 0.092 seconds
[2022-02-16 17:04:33,155] {processor.py:163} INFO - Started process (PID=2370) to work on /home/airflow/.local/lib/python3.7/site-packages/airflow/example_dags/example_task_group.py
[2022-02-16 17:04:33,157] {processor.py:642} INFO - Processing file /home/airflow/.local/lib/python3.7/site-packages/airflow/example_dags/example_task_group.py for tasks to queue
[2022-02-16 17:04:33,158] {logging_mixin.py:109} INFO - [2022-02-16 17:04:33,158] {dagbag.py:500} INFO - Filling up the DagBag from /home/airflow/.local/lib/python3.7/site-packages/airflow/example_dags/example_task_group.py
[2022-02-16 17:04:33,197] {processor.py:654} INFO - DAG(s) dict_keys(['example_task_group']) retrieved from /home/airflow/.local/lib/python3.7/site-packages/airflow/example_dags/example_task_group.py
[2022-02-16 17:04:33,212] {logging_mixin.py:109} INFO - [2022-02-16 17:04:33,212] {dag.py:2396} INFO - Sync 1 DAGs
[2022-02-16 17:04:33,236] {logging_mixin.py:109} INFO - [2022-02-16 17:04:33,236] {dag.py:2935} INFO - Setting next_dagrun for example_task_group to 2022-02-15T17:04:33.236319+00:00
[2022-02-16 17:04:33,254] {processor.py:171} INFO - Processing /home/airflow/.local/lib/python3.7/site-packages/airflow/example_dags/example_task_group.py took 0.103 seconds
[2022-02-16 17:05:03,362] {processor.py:163} INFO - Started process (PID=2570) to work on /home/airflow/.local/lib/python3.7/site-packages/airflow/example_dags/example_task_group.py
[2022-02-16 17:05:03,364] {processor.py:642} INFO - Processing file /home/airflow/.local/lib/python3.7/site-packages/airflow/example_dags/example_task_group.py for tasks to queue
[2022-02-16 17:05:03,365] {logging_mixin.py:109} INFO - [2022-02-16 17:05:03,365] {dagbag.py:500} INFO - Filling up the DagBag from /home/airflow/.local/lib/python3.7/site-packages/airflow/example_dags/example_task_group.py
[2022-02-16 17:05:03,417] {processor.py:654} INFO - DAG(s) dict_keys(['example_task_group']) retrieved from /home/airflow/.local/lib/python3.7/site-packages/airflow/example_dags/example_task_group.py
[2022-02-16 17:05:03,452] {logging_mixin.py:109} INFO - [2022-02-16 17:05:03,452] {dag.py:2396} INFO - Sync 1 DAGs
[2022-02-16 17:05:03,507] {logging_mixin.py:109} INFO - [2022-02-16 17:05:03,506] {dag.py:2935} INFO - Setting next_dagrun for example_task_group to 2022-02-15T17:05:03.502827+00:00
[2022-02-16 17:05:03,520] {processor.py:171} INFO - Processing /home/airflow/.local/lib/python3.7/site-packages/airflow/example_dags/example_task_group.py took 0.167 seconds
[2022-02-16 17:05:33,886] {processor.py:163} INFO - Started process (PID=2754) to work on /home/airflow/.local/lib/python3.7/site-packages/airflow/example_dags/example_task_group.py
[2022-02-16 17:05:33,888] {processor.py:642} INFO - Processing file /home/airflow/.local/lib/python3.7/site-packages/airflow/example_dags/example_task_group.py for tasks to queue
[2022-02-16 17:05:33,888] {logging_mixin.py:109} INFO - [2022-02-16 17:05:33,888] {dagbag.py:500} INFO - Filling up the DagBag from /home/airflow/.local/lib/python3.7/site-packages/airflow/example_dags/example_task_group.py
[2022-02-16 17:05:33,923] {processor.py:654} INFO - DAG(s) dict_keys(['example_task_group']) retrieved from /home/airflow/.local/lib/python3.7/site-packages/airflow/example_dags/example_task_group.py
[2022-02-16 17:05:33,936] {logging_mixin.py:109} INFO - [2022-02-16 17:05:33,935] {dag.py:2396} INFO - Sync 1 DAGs
[2022-02-16 17:05:33,954] {logging_mixin.py:109} INFO - [2022-02-16 17:05:33,954] {dag.py:2935} INFO - Setting next_dagrun for example_task_group to 2022-02-15T17:05:33.953642+00:00
[2022-02-16 17:05:33,964] {processor.py:171} INFO - Processing /home/airflow/.local/lib/python3.7/site-packages/airflow/example_dags/example_task_group.py took 0.082 seconds
[2022-02-16 17:06:04,160] {processor.py:163} INFO - Started process (PID=2936) to work on /home/airflow/.local/lib/python3.7/site-packages/airflow/example_dags/example_task_group.py
[2022-02-16 17:06:04,161] {processor.py:642} INFO - Processing file /home/airflow/.local/lib/python3.7/site-packages/airflow/example_dags/example_task_group.py for tasks to queue
[2022-02-16 17:06:04,163] {logging_mixin.py:109} INFO - [2022-02-16 17:06:04,162] {dagbag.py:500} INFO - Filling up the DagBag from /home/airflow/.local/lib/python3.7/site-packages/airflow/example_dags/example_task_group.py
[2022-02-16 17:06:04,198] {processor.py:654} INFO - DAG(s) dict_keys(['example_task_group']) retrieved from /home/airflow/.local/lib/python3.7/site-packages/airflow/example_dags/example_task_group.py
[2022-02-16 17:06:04,210] {logging_mixin.py:109} INFO - [2022-02-16 17:06:04,210] {dag.py:2396} INFO - Sync 1 DAGs
[2022-02-16 17:06:04,229] {logging_mixin.py:109} INFO - [2022-02-16 17:06:04,229] {dag.py:2935} INFO - Setting next_dagrun for example_task_group to 2022-02-15T17:06:04.228672+00:00
[2022-02-16 17:06:04,238] {processor.py:171} INFO - Processing /home/airflow/.local/lib/python3.7/site-packages/airflow/example_dags/example_task_group.py took 0.082 seconds
[2022-02-16 17:06:34,625] {processor.py:163} INFO - Started process (PID=3121) to work on /home/airflow/.local/lib/python3.7/site-packages/airflow/example_dags/example_task_group.py
[2022-02-16 17:06:34,627] {processor.py:642} INFO - Processing file /home/airflow/.local/lib/python3.7/site-packages/airflow/example_dags/example_task_group.py for tasks to queue
[2022-02-16 17:06:34,627] {logging_mixin.py:109} INFO - [2022-02-16 17:06:34,627] {dagbag.py:500} INFO - Filling up the DagBag from /home/airflow/.local/lib/python3.7/site-packages/airflow/example_dags/example_task_group.py
[2022-02-16 17:06:34,659] {processor.py:654} INFO - DAG(s) dict_keys(['example_task_group']) retrieved from /home/airflow/.local/lib/python3.7/site-packages/airflow/example_dags/example_task_group.py
[2022-02-16 17:06:34,670] {logging_mixin.py:109} INFO - [2022-02-16 17:06:34,670] {dag.py:2396} INFO - Sync 1 DAGs
[2022-02-16 17:06:34,688] {logging_mixin.py:109} INFO - [2022-02-16 17:06:34,687] {dag.py:2935} INFO - Setting next_dagrun for example_task_group to 2022-02-15T17:06:34.687512+00:00
[2022-02-16 17:06:34,696] {processor.py:171} INFO - Processing /home/airflow/.local/lib/python3.7/site-packages/airflow/example_dags/example_task_group.py took 0.075 seconds
[2022-02-16 17:07:05,365] {processor.py:163} INFO - Started process (PID=3313) to work on /home/airflow/.local/lib/python3.7/site-packages/airflow/example_dags/example_task_group.py
[2022-02-16 17:07:05,367] {processor.py:642} INFO - Processing file /home/airflow/.local/lib/python3.7/site-packages/airflow/example_dags/example_task_group.py for tasks to queue
[2022-02-16 17:07:05,389] {logging_mixin.py:109} INFO - [2022-02-16 17:07:05,389] {dagbag.py:500} INFO - Filling up the DagBag from /home/airflow/.local/lib/python3.7/site-packages/airflow/example_dags/example_task_group.py
[2022-02-16 17:07:05,432] {processor.py:654} INFO - DAG(s) dict_keys(['example_task_group']) retrieved from /home/airflow/.local/lib/python3.7/site-packages/airflow/example_dags/example_task_group.py
[2022-02-16 17:07:05,446] {logging_mixin.py:109} INFO - [2022-02-16 17:07:05,446] {dag.py:2396} INFO - Sync 1 DAGs
[2022-02-16 17:07:05,465] {logging_mixin.py:109} INFO - [2022-02-16 17:07:05,465] {dag.py:2935} INFO - Setting next_dagrun for example_task_group to 2022-02-15T17:07:05.465216+00:00
[2022-02-16 17:07:05,475] {processor.py:171} INFO - Processing /home/airflow/.local/lib/python3.7/site-packages/airflow/example_dags/example_task_group.py took 0.115 seconds
[2022-02-16 17:07:35,636] {processor.py:163} INFO - Started process (PID=3492) to work on /home/airflow/.local/lib/python3.7/site-packages/airflow/example_dags/example_task_group.py
[2022-02-16 17:07:35,638] {processor.py:642} INFO - Processing file /home/airflow/.local/lib/python3.7/site-packages/airflow/example_dags/example_task_group.py for tasks to queue
[2022-02-16 17:07:35,638] {logging_mixin.py:109} INFO - [2022-02-16 17:07:35,638] {dagbag.py:500} INFO - Filling up the DagBag from /home/airflow/.local/lib/python3.7/site-packages/airflow/example_dags/example_task_group.py
[2022-02-16 17:07:35,673] {processor.py:654} INFO - DAG(s) dict_keys(['example_task_group']) retrieved from /home/airflow/.local/lib/python3.7/site-packages/airflow/example_dags/example_task_group.py
[2022-02-16 17:07:35,687] {logging_mixin.py:109} INFO - [2022-02-16 17:07:35,687] {dag.py:2396} INFO - Sync 1 DAGs
[2022-02-16 17:07:35,707] {logging_mixin.py:109} INFO - [2022-02-16 17:07:35,706] {dag.py:2935} INFO - Setting next_dagrun for example_task_group to 2022-02-15T17:07:35.706529+00:00
[2022-02-16 17:07:35,717] {processor.py:171} INFO - Processing /home/airflow/.local/lib/python3.7/site-packages/airflow/example_dags/example_task_group.py took 0.085 seconds
[2022-02-16 17:08:06,301] {processor.py:163} INFO - Started process (PID=3683) to work on /home/airflow/.local/lib/python3.7/site-packages/airflow/example_dags/example_task_group.py
[2022-02-16 17:08:06,303] {processor.py:642} INFO - Processing file /home/airflow/.local/lib/python3.7/site-packages/airflow/example_dags/example_task_group.py for tasks to queue
[2022-02-16 17:08:06,304] {logging_mixin.py:109} INFO - [2022-02-16 17:08:06,303] {dagbag.py:500} INFO - Filling up the DagBag from /home/airflow/.local/lib/python3.7/site-packages/airflow/example_dags/example_task_group.py
[2022-02-16 17:08:06,334] {processor.py:654} INFO - DAG(s) dict_keys(['example_task_group']) retrieved from /home/airflow/.local/lib/python3.7/site-packages/airflow/example_dags/example_task_group.py
[2022-02-16 17:08:06,346] {logging_mixin.py:109} INFO - [2022-02-16 17:08:06,346] {dag.py:2396} INFO - Sync 1 DAGs
[2022-02-16 17:08:06,364] {logging_mixin.py:109} INFO - [2022-02-16 17:08:06,363] {dag.py:2935} INFO - Setting next_dagrun for example_task_group to 2022-02-15T17:08:06.363549+00:00
[2022-02-16 17:08:06,373] {processor.py:171} INFO - Processing /home/airflow/.local/lib/python3.7/site-packages/airflow/example_dags/example_task_group.py took 0.075 seconds
[2022-02-16 17:08:37,120] {processor.py:163} INFO - Started process (PID=3874) to work on /home/airflow/.local/lib/python3.7/site-packages/airflow/example_dags/example_task_group.py
[2022-02-16 17:08:37,121] {processor.py:642} INFO - Processing file /home/airflow/.local/lib/python3.7/site-packages/airflow/example_dags/example_task_group.py for tasks to queue
[2022-02-16 17:08:37,122] {logging_mixin.py:109} INFO - [2022-02-16 17:08:37,122] {dagbag.py:500} INFO - Filling up the DagBag from /home/airflow/.local/lib/python3.7/site-packages/airflow/example_dags/example_task_group.py
[2022-02-16 17:08:37,174] {processor.py:654} INFO - DAG(s) dict_keys(['example_task_group']) retrieved from /home/airflow/.local/lib/python3.7/site-packages/airflow/example_dags/example_task_group.py
[2022-02-16 17:08:37,187] {logging_mixin.py:109} INFO - [2022-02-16 17:08:37,187] {dag.py:2396} INFO - Sync 1 DAGs
[2022-02-16 17:08:37,205] {logging_mixin.py:109} INFO - [2022-02-16 17:08:37,205] {dag.py:2935} INFO - Setting next_dagrun for example_task_group to 2022-02-15T17:08:37.204952+00:00
[2022-02-16 17:08:37,227] {processor.py:171} INFO - Processing /home/airflow/.local/lib/python3.7/site-packages/airflow/example_dags/example_task_group.py took 0.121 seconds
[2022-02-16 17:09:08,061] {processor.py:163} INFO - Started process (PID=4060) to work on /home/airflow/.local/lib/python3.7/site-packages/airflow/example_dags/example_task_group.py
[2022-02-16 17:09:08,067] {processor.py:642} INFO - Processing file /home/airflow/.local/lib/python3.7/site-packages/airflow/example_dags/example_task_group.py for tasks to queue
[2022-02-16 17:09:08,068] {logging_mixin.py:109} INFO - [2022-02-16 17:09:08,068] {dagbag.py:500} INFO - Filling up the DagBag from /home/airflow/.local/lib/python3.7/site-packages/airflow/example_dags/example_task_group.py
[2022-02-16 17:09:08,178] {processor.py:654} INFO - DAG(s) dict_keys(['example_task_group']) retrieved from /home/airflow/.local/lib/python3.7/site-packages/airflow/example_dags/example_task_group.py
[2022-02-16 17:09:08,211] {logging_mixin.py:109} INFO - [2022-02-16 17:09:08,211] {dag.py:2396} INFO - Sync 1 DAGs
[2022-02-16 17:09:08,248] {logging_mixin.py:109} INFO - [2022-02-16 17:09:08,248] {dag.py:2935} INFO - Setting next_dagrun for example_task_group to 2022-02-15T17:09:08.247835+00:00
[2022-02-16 17:09:08,266] {processor.py:171} INFO - Processing /home/airflow/.local/lib/python3.7/site-packages/airflow/example_dags/example_task_group.py took 0.212 seconds
[2022-02-16 17:09:38,319] {processor.py:163} INFO - Started process (PID=4235) to work on /home/airflow/.local/lib/python3.7/site-packages/airflow/example_dags/example_task_group.py
[2022-02-16 17:09:38,321] {processor.py:642} INFO - Processing file /home/airflow/.local/lib/python3.7/site-packages/airflow/example_dags/example_task_group.py for tasks to queue
[2022-02-16 17:09:38,322] {logging_mixin.py:109} INFO - [2022-02-16 17:09:38,322] {dagbag.py:500} INFO - Filling up the DagBag from /home/airflow/.local/lib/python3.7/site-packages/airflow/example_dags/example_task_group.py
[2022-02-16 17:09:38,393] {processor.py:654} INFO - DAG(s) dict_keys(['example_task_group']) retrieved from /home/airflow/.local/lib/python3.7/site-packages/airflow/example_dags/example_task_group.py
[2022-02-16 17:09:38,412] {logging_mixin.py:109} INFO - [2022-02-16 17:09:38,412] {dag.py:2396} INFO - Sync 1 DAGs
[2022-02-16 17:09:38,452] {logging_mixin.py:109} INFO - [2022-02-16 17:09:38,452] {dag.py:2935} INFO - Setting next_dagrun for example_task_group to 2022-02-15T17:09:38.451808+00:00
[2022-02-16 17:09:38,470] {processor.py:171} INFO - Processing /home/airflow/.local/lib/python3.7/site-packages/airflow/example_dags/example_task_group.py took 0.159 seconds
[2022-02-16 17:10:09,169] {processor.py:163} INFO - Started process (PID=4421) to work on /home/airflow/.local/lib/python3.7/site-packages/airflow/example_dags/example_task_group.py
[2022-02-16 17:10:09,171] {processor.py:642} INFO - Processing file /home/airflow/.local/lib/python3.7/site-packages/airflow/example_dags/example_task_group.py for tasks to queue
[2022-02-16 17:10:09,171] {logging_mixin.py:109} INFO - [2022-02-16 17:10:09,171] {dagbag.py:500} INFO - Filling up the DagBag from /home/airflow/.local/lib/python3.7/site-packages/airflow/example_dags/example_task_group.py
[2022-02-16 17:10:09,208] {processor.py:654} INFO - DAG(s) dict_keys(['example_task_group']) retrieved from /home/airflow/.local/lib/python3.7/site-packages/airflow/example_dags/example_task_group.py
[2022-02-16 17:10:09,220] {logging_mixin.py:109} INFO - [2022-02-16 17:10:09,220] {dag.py:2396} INFO - Sync 1 DAGs
[2022-02-16 17:10:09,241] {logging_mixin.py:109} INFO - [2022-02-16 17:10:09,241] {dag.py:2935} INFO - Setting next_dagrun for example_task_group to 2022-02-15T17:10:09.240813+00:00
[2022-02-16 17:10:09,252] {processor.py:171} INFO - Processing /home/airflow/.local/lib/python3.7/site-packages/airflow/example_dags/example_task_group.py took 0.087 seconds
[2022-02-16 17:10:39,675] {processor.py:163} INFO - Started process (PID=4616) to work on /home/airflow/.local/lib/python3.7/site-packages/airflow/example_dags/example_task_group.py
[2022-02-16 17:10:39,677] {processor.py:642} INFO - Processing file /home/airflow/.local/lib/python3.7/site-packages/airflow/example_dags/example_task_group.py for tasks to queue
[2022-02-16 17:10:39,683] {logging_mixin.py:109} INFO - [2022-02-16 17:10:39,683] {dagbag.py:500} INFO - Filling up the DagBag from /home/airflow/.local/lib/python3.7/site-packages/airflow/example_dags/example_task_group.py
[2022-02-16 17:10:39,745] {processor.py:654} INFO - DAG(s) dict_keys(['example_task_group']) retrieved from /home/airflow/.local/lib/python3.7/site-packages/airflow/example_dags/example_task_group.py
[2022-02-16 17:10:39,768] {logging_mixin.py:109} INFO - [2022-02-16 17:10:39,768] {dag.py:2396} INFO - Sync 1 DAGs
[2022-02-16 17:10:39,812] {logging_mixin.py:109} INFO - [2022-02-16 17:10:39,812] {dag.py:2935} INFO - Setting next_dagrun for example_task_group to 2022-02-15T17:10:39.812431+00:00
[2022-02-16 17:10:39,829] {processor.py:171} INFO - Processing /home/airflow/.local/lib/python3.7/site-packages/airflow/example_dags/example_task_group.py took 0.157 seconds
[2022-02-16 17:11:10,082] {processor.py:163} INFO - Started process (PID=4799) to work on /home/airflow/.local/lib/python3.7/site-packages/airflow/example_dags/example_task_group.py
[2022-02-16 17:11:10,096] {processor.py:642} INFO - Processing file /home/airflow/.local/lib/python3.7/site-packages/airflow/example_dags/example_task_group.py for tasks to queue
[2022-02-16 17:11:10,105] {logging_mixin.py:109} INFO - [2022-02-16 17:11:10,105] {dagbag.py:500} INFO - Filling up the DagBag from /home/airflow/.local/lib/python3.7/site-packages/airflow/example_dags/example_task_group.py
[2022-02-16 17:11:10,227] {processor.py:654} INFO - DAG(s) dict_keys(['example_task_group']) retrieved from /home/airflow/.local/lib/python3.7/site-packages/airflow/example_dags/example_task_group.py
[2022-02-16 17:11:10,258] {logging_mixin.py:109} INFO - [2022-02-16 17:11:10,256] {dag.py:2396} INFO - Sync 1 DAGs
[2022-02-16 17:11:10,293] {logging_mixin.py:109} INFO - [2022-02-16 17:11:10,292] {dag.py:2935} INFO - Setting next_dagrun for example_task_group to 2022-02-15T17:11:10.292556+00:00
[2022-02-16 17:11:10,310] {processor.py:171} INFO - Processing /home/airflow/.local/lib/python3.7/site-packages/airflow/example_dags/example_task_group.py took 0.241 seconds
[2022-02-16 17:11:40,612] {processor.py:163} INFO - Started process (PID=4983) to work on /home/airflow/.local/lib/python3.7/site-packages/airflow/example_dags/example_task_group.py
[2022-02-16 17:11:40,613] {processor.py:642} INFO - Processing file /home/airflow/.local/lib/python3.7/site-packages/airflow/example_dags/example_task_group.py for tasks to queue
[2022-02-16 17:11:40,614] {logging_mixin.py:109} INFO - [2022-02-16 17:11:40,614] {dagbag.py:500} INFO - Filling up the DagBag from /home/airflow/.local/lib/python3.7/site-packages/airflow/example_dags/example_task_group.py
[2022-02-16 17:11:40,649] {processor.py:654} INFO - DAG(s) dict_keys(['example_task_group']) retrieved from /home/airflow/.local/lib/python3.7/site-packages/airflow/example_dags/example_task_group.py
[2022-02-16 17:11:40,662] {logging_mixin.py:109} INFO - [2022-02-16 17:11:40,661] {dag.py:2396} INFO - Sync 1 DAGs
[2022-02-16 17:11:40,679] {logging_mixin.py:109} INFO - [2022-02-16 17:11:40,679] {dag.py:2935} INFO - Setting next_dagrun for example_task_group to 2022-02-15T17:11:40.679166+00:00
[2022-02-16 17:11:40,688] {processor.py:171} INFO - Processing /home/airflow/.local/lib/python3.7/site-packages/airflow/example_dags/example_task_group.py took 0.081 seconds
[2022-02-16 17:12:11,118] {processor.py:163} INFO - Started process (PID=5175) to work on /home/airflow/.local/lib/python3.7/site-packages/airflow/example_dags/example_task_group.py
[2022-02-16 17:12:11,120] {processor.py:642} INFO - Processing file /home/airflow/.local/lib/python3.7/site-packages/airflow/example_dags/example_task_group.py for tasks to queue
[2022-02-16 17:12:11,121] {logging_mixin.py:109} INFO - [2022-02-16 17:12:11,121] {dagbag.py:500} INFO - Filling up the DagBag from /home/airflow/.local/lib/python3.7/site-packages/airflow/example_dags/example_task_group.py
[2022-02-16 17:12:11,169] {processor.py:654} INFO - DAG(s) dict_keys(['example_task_group']) retrieved from /home/airflow/.local/lib/python3.7/site-packages/airflow/example_dags/example_task_group.py
[2022-02-16 17:12:11,187] {logging_mixin.py:109} INFO - [2022-02-16 17:12:11,187] {dag.py:2396} INFO - Sync 1 DAGs
[2022-02-16 17:12:11,214] {logging_mixin.py:109} INFO - [2022-02-16 17:12:11,214] {dag.py:2935} INFO - Setting next_dagrun for example_task_group to 2022-02-15T17:12:11.214061+00:00
[2022-02-16 17:12:11,236] {processor.py:171} INFO - Processing /home/airflow/.local/lib/python3.7/site-packages/airflow/example_dags/example_task_group.py took 0.122 seconds
[2022-02-16 17:12:41,818] {processor.py:163} INFO - Started process (PID=5372) to work on /home/airflow/.local/lib/python3.7/site-packages/airflow/example_dags/example_task_group.py
[2022-02-16 17:12:41,820] {processor.py:642} INFO - Processing file /home/airflow/.local/lib/python3.7/site-packages/airflow/example_dags/example_task_group.py for tasks to queue
[2022-02-16 17:12:41,821] {logging_mixin.py:109} INFO - [2022-02-16 17:12:41,820] {dagbag.py:500} INFO - Filling up the DagBag from /home/airflow/.local/lib/python3.7/site-packages/airflow/example_dags/example_task_group.py
[2022-02-16 17:12:41,863] {processor.py:654} INFO - DAG(s) dict_keys(['example_task_group']) retrieved from /home/airflow/.local/lib/python3.7/site-packages/airflow/example_dags/example_task_group.py
[2022-02-16 17:12:41,890] {logging_mixin.py:109} INFO - [2022-02-16 17:12:41,890] {dag.py:2396} INFO - Sync 1 DAGs
[2022-02-16 17:12:41,928] {logging_mixin.py:109} INFO - [2022-02-16 17:12:41,928] {dag.py:2935} INFO - Setting next_dagrun for example_task_group to 2022-02-15T17:12:41.927973+00:00
[2022-02-16 17:12:41,951] {processor.py:171} INFO - Processing /home/airflow/.local/lib/python3.7/site-packages/airflow/example_dags/example_task_group.py took 0.137 seconds
[2022-02-16 17:13:12,517] {processor.py:163} INFO - Started process (PID=5572) to work on /home/airflow/.local/lib/python3.7/site-packages/airflow/example_dags/example_task_group.py
[2022-02-16 17:13:12,527] {processor.py:642} INFO - Processing file /home/airflow/.local/lib/python3.7/site-packages/airflow/example_dags/example_task_group.py for tasks to queue
[2022-02-16 17:13:12,528] {logging_mixin.py:109} INFO - [2022-02-16 17:13:12,528] {dagbag.py:500} INFO - Filling up the DagBag from /home/airflow/.local/lib/python3.7/site-packages/airflow/example_dags/example_task_group.py
[2022-02-16 17:13:12,591] {processor.py:654} INFO - DAG(s) dict_keys(['example_task_group']) retrieved from /home/airflow/.local/lib/python3.7/site-packages/airflow/example_dags/example_task_group.py
[2022-02-16 17:13:12,615] {logging_mixin.py:109} INFO - [2022-02-16 17:13:12,615] {dag.py:2396} INFO - Sync 1 DAGs
[2022-02-16 17:13:12,637] {logging_mixin.py:109} INFO - [2022-02-16 17:13:12,637] {dag.py:2935} INFO - Setting next_dagrun for example_task_group to 2022-02-15T17:13:12.637335+00:00
[2022-02-16 17:13:12,646] {processor.py:171} INFO - Processing /home/airflow/.local/lib/python3.7/site-packages/airflow/example_dags/example_task_group.py took 0.133 seconds
[2022-02-16 17:13:43,055] {processor.py:163} INFO - Started process (PID=5762) to work on /home/airflow/.local/lib/python3.7/site-packages/airflow/example_dags/example_task_group.py
[2022-02-16 17:13:43,056] {processor.py:642} INFO - Processing file /home/airflow/.local/lib/python3.7/site-packages/airflow/example_dags/example_task_group.py for tasks to queue
[2022-02-16 17:13:43,057] {logging_mixin.py:109} INFO - [2022-02-16 17:13:43,057] {dagbag.py:500} INFO - Filling up the DagBag from /home/airflow/.local/lib/python3.7/site-packages/airflow/example_dags/example_task_group.py
[2022-02-16 17:13:43,090] {processor.py:654} INFO - DAG(s) dict_keys(['example_task_group']) retrieved from /home/airflow/.local/lib/python3.7/site-packages/airflow/example_dags/example_task_group.py
[2022-02-16 17:13:43,103] {logging_mixin.py:109} INFO - [2022-02-16 17:13:43,103] {dag.py:2396} INFO - Sync 1 DAGs
[2022-02-16 17:13:43,130] {logging_mixin.py:109} INFO - [2022-02-16 17:13:43,129] {dag.py:2935} INFO - Setting next_dagrun for example_task_group to 2022-02-15T17:13:43.129538+00:00
[2022-02-16 17:13:43,161] {processor.py:171} INFO - Processing /home/airflow/.local/lib/python3.7/site-packages/airflow/example_dags/example_task_group.py took 0.110 seconds
[2022-02-16 17:14:13,944] {processor.py:163} INFO - Started process (PID=5952) to work on /home/airflow/.local/lib/python3.7/site-packages/airflow/example_dags/example_task_group.py
[2022-02-16 17:14:13,946] {processor.py:642} INFO - Processing file /home/airflow/.local/lib/python3.7/site-packages/airflow/example_dags/example_task_group.py for tasks to queue
[2022-02-16 17:14:13,947] {logging_mixin.py:109} INFO - [2022-02-16 17:14:13,946] {dagbag.py:500} INFO - Filling up the DagBag from /home/airflow/.local/lib/python3.7/site-packages/airflow/example_dags/example_task_group.py
[2022-02-16 17:14:13,979] {processor.py:654} INFO - DAG(s) dict_keys(['example_task_group']) retrieved from /home/airflow/.local/lib/python3.7/site-packages/airflow/example_dags/example_task_group.py
[2022-02-16 17:14:13,991] {logging_mixin.py:109} INFO - [2022-02-16 17:14:13,991] {dag.py:2396} INFO - Sync 1 DAGs
[2022-02-16 17:14:14,012] {logging_mixin.py:109} INFO - [2022-02-16 17:14:14,011] {dag.py:2935} INFO - Setting next_dagrun for example_task_group to 2022-02-15T17:14:14.011311+00:00
[2022-02-16 17:14:14,023] {processor.py:171} INFO - Processing /home/airflow/.local/lib/python3.7/site-packages/airflow/example_dags/example_task_group.py took 0.083 seconds
[2022-02-16 17:14:44,262] {processor.py:163} INFO - Started process (PID=6155) to work on /home/airflow/.local/lib/python3.7/site-packages/airflow/example_dags/example_task_group.py
[2022-02-16 17:14:44,264] {processor.py:642} INFO - Processing file /home/airflow/.local/lib/python3.7/site-packages/airflow/example_dags/example_task_group.py for tasks to queue
[2022-02-16 17:14:44,265] {logging_mixin.py:109} INFO - [2022-02-16 17:14:44,264] {dagbag.py:500} INFO - Filling up the DagBag from /home/airflow/.local/lib/python3.7/site-packages/airflow/example_dags/example_task_group.py
[2022-02-16 17:14:44,301] {processor.py:654} INFO - DAG(s) dict_keys(['example_task_group']) retrieved from /home/airflow/.local/lib/python3.7/site-packages/airflow/example_dags/example_task_group.py
[2022-02-16 17:14:44,315] {logging_mixin.py:109} INFO - [2022-02-16 17:14:44,315] {dag.py:2396} INFO - Sync 1 DAGs
[2022-02-16 17:14:44,337] {logging_mixin.py:109} INFO - [2022-02-16 17:14:44,336] {dag.py:2935} INFO - Setting next_dagrun for example_task_group to 2022-02-15T17:14:44.335588+00:00
[2022-02-16 17:14:44,358] {processor.py:171} INFO - Processing /home/airflow/.local/lib/python3.7/site-packages/airflow/example_dags/example_task_group.py took 0.100 seconds
[2022-02-16 17:15:14,928] {processor.py:163} INFO - Started process (PID=6359) to work on /home/airflow/.local/lib/python3.7/site-packages/airflow/example_dags/example_task_group.py
[2022-02-16 17:15:14,929] {processor.py:642} INFO - Processing file /home/airflow/.local/lib/python3.7/site-packages/airflow/example_dags/example_task_group.py for tasks to queue
[2022-02-16 17:15:14,930] {logging_mixin.py:109} INFO - [2022-02-16 17:15:14,930] {dagbag.py:500} INFO - Filling up the DagBag from /home/airflow/.local/lib/python3.7/site-packages/airflow/example_dags/example_task_group.py
[2022-02-16 17:15:14,972] {processor.py:654} INFO - DAG(s) dict_keys(['example_task_group']) retrieved from /home/airflow/.local/lib/python3.7/site-packages/airflow/example_dags/example_task_group.py
[2022-02-16 17:15:14,990] {logging_mixin.py:109} INFO - [2022-02-16 17:15:14,989] {dag.py:2396} INFO - Sync 1 DAGs
[2022-02-16 17:15:15,012] {logging_mixin.py:109} INFO - [2022-02-16 17:15:15,012] {dag.py:2935} INFO - Setting next_dagrun for example_task_group to 2022-02-15T17:15:15.011905+00:00
[2022-02-16 17:15:15,032] {processor.py:171} INFO - Processing /home/airflow/.local/lib/python3.7/site-packages/airflow/example_dags/example_task_group.py took 0.109 seconds
[2022-02-16 17:15:45,278] {processor.py:163} INFO - Started process (PID=6553) to work on /home/airflow/.local/lib/python3.7/site-packages/airflow/example_dags/example_task_group.py
[2022-02-16 17:15:45,279] {processor.py:642} INFO - Processing file /home/airflow/.local/lib/python3.7/site-packages/airflow/example_dags/example_task_group.py for tasks to queue
[2022-02-16 17:15:45,280] {logging_mixin.py:109} INFO - [2022-02-16 17:15:45,280] {dagbag.py:500} INFO - Filling up the DagBag from /home/airflow/.local/lib/python3.7/site-packages/airflow/example_dags/example_task_group.py
[2022-02-16 17:15:45,318] {processor.py:654} INFO - DAG(s) dict_keys(['example_task_group']) retrieved from /home/airflow/.local/lib/python3.7/site-packages/airflow/example_dags/example_task_group.py
[2022-02-16 17:15:45,341] {logging_mixin.py:109} INFO - [2022-02-16 17:15:45,340] {dag.py:2396} INFO - Sync 1 DAGs
[2022-02-16 17:15:45,379] {logging_mixin.py:109} INFO - [2022-02-16 17:15:45,379] {dag.py:2935} INFO - Setting next_dagrun for example_task_group to 2022-02-15T17:15:45.378852+00:00
[2022-02-16 17:15:45,395] {processor.py:171} INFO - Processing /home/airflow/.local/lib/python3.7/site-packages/airflow/example_dags/example_task_group.py took 0.122 seconds
[2022-02-16 17:16:15,956] {processor.py:163} INFO - Started process (PID=6740) to work on /home/airflow/.local/lib/python3.7/site-packages/airflow/example_dags/example_task_group.py
[2022-02-16 17:16:15,957] {processor.py:642} INFO - Processing file /home/airflow/.local/lib/python3.7/site-packages/airflow/example_dags/example_task_group.py for tasks to queue
[2022-02-16 17:16:15,958] {logging_mixin.py:109} INFO - [2022-02-16 17:16:15,958] {dagbag.py:500} INFO - Filling up the DagBag from /home/airflow/.local/lib/python3.7/site-packages/airflow/example_dags/example_task_group.py
[2022-02-16 17:16:16,010] {processor.py:654} INFO - DAG(s) dict_keys(['example_task_group']) retrieved from /home/airflow/.local/lib/python3.7/site-packages/airflow/example_dags/example_task_group.py
[2022-02-16 17:16:16,023] {logging_mixin.py:109} INFO - [2022-02-16 17:16:16,023] {dag.py:2396} INFO - Sync 1 DAGs
[2022-02-16 17:16:16,044] {logging_mixin.py:109} INFO - [2022-02-16 17:16:16,043] {dag.py:2935} INFO - Setting next_dagrun for example_task_group to 2022-02-15T17:16:16.043613+00:00
[2022-02-16 17:16:16,057] {processor.py:171} INFO - Processing /home/airflow/.local/lib/python3.7/site-packages/airflow/example_dags/example_task_group.py took 0.108 seconds
[2022-02-16 17:16:47,590] {processor.py:163} INFO - Started process (PID=6943) to work on /home/airflow/.local/lib/python3.7/site-packages/airflow/example_dags/example_task_group.py
[2022-02-16 17:16:47,592] {processor.py:642} INFO - Processing file /home/airflow/.local/lib/python3.7/site-packages/airflow/example_dags/example_task_group.py for tasks to queue
[2022-02-16 17:16:47,593] {logging_mixin.py:109} INFO - [2022-02-16 17:16:47,593] {dagbag.py:500} INFO - Filling up the DagBag from /home/airflow/.local/lib/python3.7/site-packages/airflow/example_dags/example_task_group.py
[2022-02-16 17:16:47,627] {processor.py:654} INFO - DAG(s) dict_keys(['example_task_group']) retrieved from /home/airflow/.local/lib/python3.7/site-packages/airflow/example_dags/example_task_group.py
[2022-02-16 17:16:47,642] {logging_mixin.py:109} INFO - [2022-02-16 17:16:47,642] {dag.py:2396} INFO - Sync 1 DAGs
[2022-02-16 17:16:47,660] {logging_mixin.py:109} INFO - [2022-02-16 17:16:47,660] {dag.py:2935} INFO - Setting next_dagrun for example_task_group to 2022-02-15T17:16:47.659768+00:00
[2022-02-16 17:16:47,669] {processor.py:171} INFO - Processing /home/airflow/.local/lib/python3.7/site-packages/airflow/example_dags/example_task_group.py took 0.083 seconds
[2022-02-16 17:17:18,546] {processor.py:163} INFO - Started process (PID=7131) to work on /home/airflow/.local/lib/python3.7/site-packages/airflow/example_dags/example_task_group.py
[2022-02-16 17:17:18,551] {processor.py:642} INFO - Processing file /home/airflow/.local/lib/python3.7/site-packages/airflow/example_dags/example_task_group.py for tasks to queue
[2022-02-16 17:17:18,554] {logging_mixin.py:109} INFO - [2022-02-16 17:17:18,554] {dagbag.py:500} INFO - Filling up the DagBag from /home/airflow/.local/lib/python3.7/site-packages/airflow/example_dags/example_task_group.py
[2022-02-16 17:17:18,618] {processor.py:654} INFO - DAG(s) dict_keys(['example_task_group']) retrieved from /home/airflow/.local/lib/python3.7/site-packages/airflow/example_dags/example_task_group.py
[2022-02-16 17:17:18,680] {logging_mixin.py:109} INFO - [2022-02-16 17:17:18,680] {dag.py:2396} INFO - Sync 1 DAGs
[2022-02-16 17:17:18,763] {logging_mixin.py:109} INFO - [2022-02-16 17:17:18,762] {dag.py:2935} INFO - Setting next_dagrun for example_task_group to 2022-02-15T17:17:18.762542+00:00
[2022-02-16 17:17:18,786] {processor.py:171} INFO - Processing /home/airflow/.local/lib/python3.7/site-packages/airflow/example_dags/example_task_group.py took 0.244 seconds
[2022-02-16 17:17:49,751] {processor.py:163} INFO - Started process (PID=7321) to work on /home/airflow/.local/lib/python3.7/site-packages/airflow/example_dags/example_task_group.py
[2022-02-16 17:17:49,754] {processor.py:642} INFO - Processing file /home/airflow/.local/lib/python3.7/site-packages/airflow/example_dags/example_task_group.py for tasks to queue
[2022-02-16 17:17:49,755] {logging_mixin.py:109} INFO - [2022-02-16 17:17:49,755] {dagbag.py:500} INFO - Filling up the DagBag from /home/airflow/.local/lib/python3.7/site-packages/airflow/example_dags/example_task_group.py
[2022-02-16 17:17:49,804] {processor.py:654} INFO - DAG(s) dict_keys(['example_task_group']) retrieved from /home/airflow/.local/lib/python3.7/site-packages/airflow/example_dags/example_task_group.py
[2022-02-16 17:17:49,826] {logging_mixin.py:109} INFO - [2022-02-16 17:17:49,826] {dag.py:2396} INFO - Sync 1 DAGs
[2022-02-16 17:17:49,846] {logging_mixin.py:109} INFO - [2022-02-16 17:17:49,846] {dag.py:2935} INFO - Setting next_dagrun for example_task_group to 2022-02-15T17:17:49.846460+00:00
[2022-02-16 17:17:49,859] {processor.py:171} INFO - Processing /home/airflow/.local/lib/python3.7/site-packages/airflow/example_dags/example_task_group.py took 0.115 seconds
[2022-02-16 17:18:21,122] {processor.py:163} INFO - Started process (PID=7531) to work on /home/airflow/.local/lib/python3.7/site-packages/airflow/example_dags/example_task_group.py
[2022-02-16 17:18:21,124] {processor.py:642} INFO - Processing file /home/airflow/.local/lib/python3.7/site-packages/airflow/example_dags/example_task_group.py for tasks to queue
[2022-02-16 17:18:21,125] {logging_mixin.py:109} INFO - [2022-02-16 17:18:21,125] {dagbag.py:500} INFO - Filling up the DagBag from /home/airflow/.local/lib/python3.7/site-packages/airflow/example_dags/example_task_group.py
[2022-02-16 17:18:21,163] {processor.py:654} INFO - DAG(s) dict_keys(['example_task_group']) retrieved from /home/airflow/.local/lib/python3.7/site-packages/airflow/example_dags/example_task_group.py
[2022-02-16 17:18:21,175] {logging_mixin.py:109} INFO - [2022-02-16 17:18:21,175] {dag.py:2396} INFO - Sync 1 DAGs
[2022-02-16 17:18:21,193] {logging_mixin.py:109} INFO - [2022-02-16 17:18:21,193] {dag.py:2935} INFO - Setting next_dagrun for example_task_group to 2022-02-15T17:18:21.193209+00:00
[2022-02-16 17:18:21,205] {processor.py:171} INFO - Processing /home/airflow/.local/lib/python3.7/site-packages/airflow/example_dags/example_task_group.py took 0.086 seconds
[2022-02-16 17:18:51,678] {processor.py:163} INFO - Started process (PID=7718) to work on /home/airflow/.local/lib/python3.7/site-packages/airflow/example_dags/example_task_group.py
[2022-02-16 17:18:51,679] {processor.py:642} INFO - Processing file /home/airflow/.local/lib/python3.7/site-packages/airflow/example_dags/example_task_group.py for tasks to queue
[2022-02-16 17:18:51,680] {logging_mixin.py:109} INFO - [2022-02-16 17:18:51,680] {dagbag.py:500} INFO - Filling up the DagBag from /home/airflow/.local/lib/python3.7/site-packages/airflow/example_dags/example_task_group.py
[2022-02-16 17:18:51,715] {processor.py:654} INFO - DAG(s) dict_keys(['example_task_group']) retrieved from /home/airflow/.local/lib/python3.7/site-packages/airflow/example_dags/example_task_group.py
[2022-02-16 17:18:51,727] {logging_mixin.py:109} INFO - [2022-02-16 17:18:51,726] {dag.py:2396} INFO - Sync 1 DAGs
[2022-02-16 17:18:51,745] {logging_mixin.py:109} INFO - [2022-02-16 17:18:51,745] {dag.py:2935} INFO - Setting next_dagrun for example_task_group to 2022-02-15T17:18:51.745005+00:00
[2022-02-16 17:18:51,754] {processor.py:171} INFO - Processing /home/airflow/.local/lib/python3.7/site-packages/airflow/example_dags/example_task_group.py took 0.080 seconds
[2022-02-16 17:19:22,804] {processor.py:163} INFO - Started process (PID=7908) to work on /home/airflow/.local/lib/python3.7/site-packages/airflow/example_dags/example_task_group.py
[2022-02-16 17:19:22,806] {processor.py:642} INFO - Processing file /home/airflow/.local/lib/python3.7/site-packages/airflow/example_dags/example_task_group.py for tasks to queue
[2022-02-16 17:19:22,807] {logging_mixin.py:109} INFO - [2022-02-16 17:19:22,807] {dagbag.py:500} INFO - Filling up the DagBag from /home/airflow/.local/lib/python3.7/site-packages/airflow/example_dags/example_task_group.py
[2022-02-16 17:19:22,850] {processor.py:654} INFO - DAG(s) dict_keys(['example_task_group']) retrieved from /home/airflow/.local/lib/python3.7/site-packages/airflow/example_dags/example_task_group.py
[2022-02-16 17:19:22,865] {logging_mixin.py:109} INFO - [2022-02-16 17:19:22,865] {dag.py:2396} INFO - Sync 1 DAGs
[2022-02-16 17:19:22,891] {logging_mixin.py:109} INFO - [2022-02-16 17:19:22,891] {dag.py:2935} INFO - Setting next_dagrun for example_task_group to 2022-02-15T17:19:22.888332+00:00
[2022-02-16 17:19:22,905] {processor.py:171} INFO - Processing /home/airflow/.local/lib/python3.7/site-packages/airflow/example_dags/example_task_group.py took 0.106 seconds
[2022-02-16 17:19:54,372] {processor.py:163} INFO - Started process (PID=8120) to work on /home/airflow/.local/lib/python3.7/site-packages/airflow/example_dags/example_task_group.py
[2022-02-16 17:19:54,375] {processor.py:642} INFO - Processing file /home/airflow/.local/lib/python3.7/site-packages/airflow/example_dags/example_task_group.py for tasks to queue
[2022-02-16 17:19:54,376] {logging_mixin.py:109} INFO - [2022-02-16 17:19:54,376] {dagbag.py:500} INFO - Filling up the DagBag from /home/airflow/.local/lib/python3.7/site-packages/airflow/example_dags/example_task_group.py
[2022-02-16 17:19:54,432] {processor.py:654} INFO - DAG(s) dict_keys(['example_task_group']) retrieved from /home/airflow/.local/lib/python3.7/site-packages/airflow/example_dags/example_task_group.py
[2022-02-16 17:19:54,456] {logging_mixin.py:109} INFO - [2022-02-16 17:19:54,455] {dag.py:2396} INFO - Sync 1 DAGs
[2022-02-16 17:19:54,480] {logging_mixin.py:109} INFO - [2022-02-16 17:19:54,480] {dag.py:2935} INFO - Setting next_dagrun for example_task_group to 2022-02-15T17:19:54.480164+00:00
[2022-02-16 17:19:54,490] {processor.py:171} INFO - Processing /home/airflow/.local/lib/python3.7/site-packages/airflow/example_dags/example_task_group.py took 0.122 seconds
[2022-02-16 17:20:25,334] {processor.py:163} INFO - Started process (PID=8313) to work on /home/airflow/.local/lib/python3.7/site-packages/airflow/example_dags/example_task_group.py
[2022-02-16 17:20:25,336] {processor.py:642} INFO - Processing file /home/airflow/.local/lib/python3.7/site-packages/airflow/example_dags/example_task_group.py for tasks to queue
[2022-02-16 17:20:25,337] {logging_mixin.py:109} INFO - [2022-02-16 17:20:25,337] {dagbag.py:500} INFO - Filling up the DagBag from /home/airflow/.local/lib/python3.7/site-packages/airflow/example_dags/example_task_group.py
[2022-02-16 17:20:25,393] {processor.py:654} INFO - DAG(s) dict_keys(['example_task_group']) retrieved from /home/airflow/.local/lib/python3.7/site-packages/airflow/example_dags/example_task_group.py
[2022-02-16 17:20:25,408] {logging_mixin.py:109} INFO - [2022-02-16 17:20:25,408] {dag.py:2396} INFO - Sync 1 DAGs
[2022-02-16 17:20:25,428] {logging_mixin.py:109} INFO - [2022-02-16 17:20:25,428] {dag.py:2935} INFO - Setting next_dagrun for example_task_group to 2022-02-15T17:20:25.427807+00:00
[2022-02-16 17:20:25,441] {processor.py:171} INFO - Processing /home/airflow/.local/lib/python3.7/site-packages/airflow/example_dags/example_task_group.py took 0.116 seconds
[2022-02-16 17:20:55,669] {processor.py:163} INFO - Started process (PID=8505) to work on /home/airflow/.local/lib/python3.7/site-packages/airflow/example_dags/example_task_group.py
[2022-02-16 17:20:55,670] {processor.py:642} INFO - Processing file /home/airflow/.local/lib/python3.7/site-packages/airflow/example_dags/example_task_group.py for tasks to queue
[2022-02-16 17:20:55,671] {logging_mixin.py:109} INFO - [2022-02-16 17:20:55,671] {dagbag.py:500} INFO - Filling up the DagBag from /home/airflow/.local/lib/python3.7/site-packages/airflow/example_dags/example_task_group.py
[2022-02-16 17:20:55,705] {processor.py:654} INFO - DAG(s) dict_keys(['example_task_group']) retrieved from /home/airflow/.local/lib/python3.7/site-packages/airflow/example_dags/example_task_group.py
[2022-02-16 17:20:55,717] {logging_mixin.py:109} INFO - [2022-02-16 17:20:55,717] {dag.py:2396} INFO - Sync 1 DAGs
[2022-02-16 17:20:55,735] {logging_mixin.py:109} INFO - [2022-02-16 17:20:55,735] {dag.py:2935} INFO - Setting next_dagrun for example_task_group to 2022-02-15T17:20:55.735461+00:00
[2022-02-16 17:20:55,745] {processor.py:171} INFO - Processing /home/airflow/.local/lib/python3.7/site-packages/airflow/example_dags/example_task_group.py took 0.080 seconds
