[2022-02-16 16:58:51,472] {processor.py:163} INFO - Started process (PID=313) to work on /home/airflow/.local/lib/python3.7/site-packages/airflow/example_dags/example_external_task_marker_dag.py
[2022-02-16 16:58:51,474] {processor.py:642} INFO - Processing file /home/airflow/.local/lib/python3.7/site-packages/airflow/example_dags/example_external_task_marker_dag.py for tasks to queue
[2022-02-16 16:58:51,475] {logging_mixin.py:109} INFO - [2022-02-16 16:58:51,475] {dagbag.py:500} INFO - Filling up the DagBag from /home/airflow/.local/lib/python3.7/site-packages/airflow/example_dags/example_external_task_marker_dag.py
[2022-02-16 16:58:51,524] {processor.py:654} INFO - DAG(s) dict_keys(['example_external_task_marker_parent', 'example_external_task_marker_child']) retrieved from /home/airflow/.local/lib/python3.7/site-packages/airflow/example_dags/example_external_task_marker_dag.py
[2022-02-16 16:58:53,408] {logging_mixin.py:109} INFO - [2022-02-16 16:58:53,408] {manager.py:496} INFO - Created Permission View: can read on DAG:example_external_task_marker_parent
[2022-02-16 16:58:53,417] {logging_mixin.py:109} INFO - [2022-02-16 16:58:53,417] {manager.py:496} INFO - Created Permission View: can edit on DAG:example_external_task_marker_parent
[2022-02-16 16:58:53,434] {logging_mixin.py:109} INFO - [2022-02-16 16:58:53,434] {manager.py:496} INFO - Created Permission View: can read on DAG:example_external_task_marker_child
[2022-02-16 16:58:53,443] {logging_mixin.py:109} INFO - [2022-02-16 16:58:53,442] {manager.py:496} INFO - Created Permission View: can edit on DAG:example_external_task_marker_child
[2022-02-16 16:58:53,443] {logging_mixin.py:109} INFO - [2022-02-16 16:58:53,443] {dag.py:2396} INFO - Sync 2 DAGs
[2022-02-16 16:58:53,450] {logging_mixin.py:109} INFO - [2022-02-16 16:58:53,450] {dag.py:2415} INFO - Creating ORM DAG for example_external_task_marker_child
[2022-02-16 16:58:53,451] {logging_mixin.py:109} INFO - [2022-02-16 16:58:53,451] {dag.py:2415} INFO - Creating ORM DAG for example_external_task_marker_parent
[2022-02-16 16:58:53,459] {logging_mixin.py:109} INFO - [2022-02-16 16:58:53,459] {dag.py:2935} INFO - Setting next_dagrun for example_external_task_marker_child to None
[2022-02-16 16:58:53,460] {logging_mixin.py:109} INFO - [2022-02-16 16:58:53,460] {dag.py:2935} INFO - Setting next_dagrun for example_external_task_marker_parent to None
[2022-02-16 16:58:53,475] {processor.py:171} INFO - Processing /home/airflow/.local/lib/python3.7/site-packages/airflow/example_dags/example_external_task_marker_dag.py took 2.006 seconds
[2022-02-16 16:59:23,544] {processor.py:163} INFO - Started process (PID=529) to work on /home/airflow/.local/lib/python3.7/site-packages/airflow/example_dags/example_external_task_marker_dag.py
[2022-02-16 16:59:23,546] {processor.py:642} INFO - Processing file /home/airflow/.local/lib/python3.7/site-packages/airflow/example_dags/example_external_task_marker_dag.py for tasks to queue
[2022-02-16 16:59:23,547] {logging_mixin.py:109} INFO - [2022-02-16 16:59:23,547] {dagbag.py:500} INFO - Filling up the DagBag from /home/airflow/.local/lib/python3.7/site-packages/airflow/example_dags/example_external_task_marker_dag.py
[2022-02-16 16:59:23,597] {processor.py:654} INFO - DAG(s) dict_keys(['example_external_task_marker_parent', 'example_external_task_marker_child']) retrieved from /home/airflow/.local/lib/python3.7/site-packages/airflow/example_dags/example_external_task_marker_dag.py
[2022-02-16 16:59:23,616] {logging_mixin.py:109} INFO - [2022-02-16 16:59:23,615] {dag.py:2396} INFO - Sync 2 DAGs
[2022-02-16 16:59:23,645] {logging_mixin.py:109} INFO - [2022-02-16 16:59:23,645] {dag.py:2935} INFO - Setting next_dagrun for example_external_task_marker_child to None
[2022-02-16 16:59:23,646] {logging_mixin.py:109} INFO - [2022-02-16 16:59:23,646] {dag.py:2935} INFO - Setting next_dagrun for example_external_task_marker_parent to None
[2022-02-16 16:59:23,659] {processor.py:171} INFO - Processing /home/airflow/.local/lib/python3.7/site-packages/airflow/example_dags/example_external_task_marker_dag.py took 0.121 seconds
[2022-02-16 16:59:53,768] {processor.py:163} INFO - Started process (PID=711) to work on /home/airflow/.local/lib/python3.7/site-packages/airflow/example_dags/example_external_task_marker_dag.py
[2022-02-16 16:59:53,776] {processor.py:642} INFO - Processing file /home/airflow/.local/lib/python3.7/site-packages/airflow/example_dags/example_external_task_marker_dag.py for tasks to queue
[2022-02-16 16:59:53,777] {logging_mixin.py:109} INFO - [2022-02-16 16:59:53,777] {dagbag.py:500} INFO - Filling up the DagBag from /home/airflow/.local/lib/python3.7/site-packages/airflow/example_dags/example_external_task_marker_dag.py
[2022-02-16 16:59:53,840] {processor.py:654} INFO - DAG(s) dict_keys(['example_external_task_marker_parent', 'example_external_task_marker_child']) retrieved from /home/airflow/.local/lib/python3.7/site-packages/airflow/example_dags/example_external_task_marker_dag.py
[2022-02-16 16:59:53,872] {logging_mixin.py:109} INFO - [2022-02-16 16:59:53,872] {dag.py:2396} INFO - Sync 2 DAGs
[2022-02-16 16:59:53,920] {logging_mixin.py:109} INFO - [2022-02-16 16:59:53,920] {dag.py:2935} INFO - Setting next_dagrun for example_external_task_marker_child to None
[2022-02-16 16:59:53,921] {logging_mixin.py:109} INFO - [2022-02-16 16:59:53,921] {dag.py:2935} INFO - Setting next_dagrun for example_external_task_marker_parent to None
[2022-02-16 16:59:53,940] {processor.py:171} INFO - Processing /home/airflow/.local/lib/python3.7/site-packages/airflow/example_dags/example_external_task_marker_dag.py took 0.178 seconds
[2022-02-16 17:00:24,378] {processor.py:163} INFO - Started process (PID=882) to work on /home/airflow/.local/lib/python3.7/site-packages/airflow/example_dags/example_external_task_marker_dag.py
[2022-02-16 17:00:24,379] {processor.py:642} INFO - Processing file /home/airflow/.local/lib/python3.7/site-packages/airflow/example_dags/example_external_task_marker_dag.py for tasks to queue
[2022-02-16 17:00:24,380] {logging_mixin.py:109} INFO - [2022-02-16 17:00:24,380] {dagbag.py:500} INFO - Filling up the DagBag from /home/airflow/.local/lib/python3.7/site-packages/airflow/example_dags/example_external_task_marker_dag.py
[2022-02-16 17:00:24,423] {processor.py:654} INFO - DAG(s) dict_keys(['example_external_task_marker_parent', 'example_external_task_marker_child']) retrieved from /home/airflow/.local/lib/python3.7/site-packages/airflow/example_dags/example_external_task_marker_dag.py
[2022-02-16 17:00:24,442] {logging_mixin.py:109} INFO - [2022-02-16 17:00:24,442] {dag.py:2396} INFO - Sync 2 DAGs
[2022-02-16 17:00:24,461] {logging_mixin.py:109} INFO - [2022-02-16 17:00:24,461] {dag.py:2935} INFO - Setting next_dagrun for example_external_task_marker_child to None
[2022-02-16 17:00:24,462] {logging_mixin.py:109} INFO - [2022-02-16 17:00:24,462] {dag.py:2935} INFO - Setting next_dagrun for example_external_task_marker_parent to None
[2022-02-16 17:00:24,475] {processor.py:171} INFO - Processing /home/airflow/.local/lib/python3.7/site-packages/airflow/example_dags/example_external_task_marker_dag.py took 0.105 seconds
[2022-02-16 17:00:55,031] {processor.py:163} INFO - Started process (PID=1062) to work on /home/airflow/.local/lib/python3.7/site-packages/airflow/example_dags/example_external_task_marker_dag.py
[2022-02-16 17:00:55,032] {processor.py:642} INFO - Processing file /home/airflow/.local/lib/python3.7/site-packages/airflow/example_dags/example_external_task_marker_dag.py for tasks to queue
[2022-02-16 17:00:55,033] {logging_mixin.py:109} INFO - [2022-02-16 17:00:55,033] {dagbag.py:500} INFO - Filling up the DagBag from /home/airflow/.local/lib/python3.7/site-packages/airflow/example_dags/example_external_task_marker_dag.py
[2022-02-16 17:00:55,066] {processor.py:654} INFO - DAG(s) dict_keys(['example_external_task_marker_parent', 'example_external_task_marker_child']) retrieved from /home/airflow/.local/lib/python3.7/site-packages/airflow/example_dags/example_external_task_marker_dag.py
[2022-02-16 17:00:55,081] {logging_mixin.py:109} INFO - [2022-02-16 17:00:55,081] {dag.py:2396} INFO - Sync 2 DAGs
[2022-02-16 17:00:55,099] {logging_mixin.py:109} INFO - [2022-02-16 17:00:55,099] {dag.py:2935} INFO - Setting next_dagrun for example_external_task_marker_child to None
[2022-02-16 17:00:55,099] {logging_mixin.py:109} INFO - [2022-02-16 17:00:55,099] {dag.py:2935} INFO - Setting next_dagrun for example_external_task_marker_parent to None
[2022-02-16 17:00:55,108] {processor.py:171} INFO - Processing /home/airflow/.local/lib/python3.7/site-packages/airflow/example_dags/example_external_task_marker_dag.py took 0.082 seconds
[2022-02-16 17:01:25,349] {processor.py:163} INFO - Started process (PID=1250) to work on /home/airflow/.local/lib/python3.7/site-packages/airflow/example_dags/example_external_task_marker_dag.py
[2022-02-16 17:01:25,350] {processor.py:642} INFO - Processing file /home/airflow/.local/lib/python3.7/site-packages/airflow/example_dags/example_external_task_marker_dag.py for tasks to queue
[2022-02-16 17:01:25,351] {logging_mixin.py:109} INFO - [2022-02-16 17:01:25,351] {dagbag.py:500} INFO - Filling up the DagBag from /home/airflow/.local/lib/python3.7/site-packages/airflow/example_dags/example_external_task_marker_dag.py
[2022-02-16 17:01:25,512] {processor.py:654} INFO - DAG(s) dict_keys(['example_external_task_marker_parent', 'example_external_task_marker_child']) retrieved from /home/airflow/.local/lib/python3.7/site-packages/airflow/example_dags/example_external_task_marker_dag.py
[2022-02-16 17:01:25,559] {logging_mixin.py:109} INFO - [2022-02-16 17:01:25,559] {dag.py:2396} INFO - Sync 2 DAGs
[2022-02-16 17:01:25,595] {logging_mixin.py:109} INFO - [2022-02-16 17:01:25,595] {dag.py:2935} INFO - Setting next_dagrun for example_external_task_marker_child to None
[2022-02-16 17:01:25,596] {logging_mixin.py:109} INFO - [2022-02-16 17:01:25,596] {dag.py:2935} INFO - Setting next_dagrun for example_external_task_marker_parent to None
[2022-02-16 17:01:25,617] {processor.py:171} INFO - Processing /home/airflow/.local/lib/python3.7/site-packages/airflow/example_dags/example_external_task_marker_dag.py took 0.272 seconds
[2022-02-16 17:01:56,414] {processor.py:163} INFO - Started process (PID=1429) to work on /home/airflow/.local/lib/python3.7/site-packages/airflow/example_dags/example_external_task_marker_dag.py
[2022-02-16 17:01:56,415] {processor.py:642} INFO - Processing file /home/airflow/.local/lib/python3.7/site-packages/airflow/example_dags/example_external_task_marker_dag.py for tasks to queue
[2022-02-16 17:01:56,416] {logging_mixin.py:109} INFO - [2022-02-16 17:01:56,416] {dagbag.py:500} INFO - Filling up the DagBag from /home/airflow/.local/lib/python3.7/site-packages/airflow/example_dags/example_external_task_marker_dag.py
[2022-02-16 17:01:56,559] {processor.py:654} INFO - DAG(s) dict_keys(['example_external_task_marker_parent', 'example_external_task_marker_child']) retrieved from /home/airflow/.local/lib/python3.7/site-packages/airflow/example_dags/example_external_task_marker_dag.py
[2022-02-16 17:01:56,607] {logging_mixin.py:109} INFO - [2022-02-16 17:01:56,607] {dag.py:2396} INFO - Sync 2 DAGs
[2022-02-16 17:01:56,752] {logging_mixin.py:109} INFO - [2022-02-16 17:01:56,751] {dag.py:2935} INFO - Setting next_dagrun for example_external_task_marker_child to None
[2022-02-16 17:01:56,752] {logging_mixin.py:109} INFO - [2022-02-16 17:01:56,752] {dag.py:2935} INFO - Setting next_dagrun for example_external_task_marker_parent to None
[2022-02-16 17:01:56,771] {processor.py:171} INFO - Processing /home/airflow/.local/lib/python3.7/site-packages/airflow/example_dags/example_external_task_marker_dag.py took 0.367 seconds
[2022-02-16 17:02:26,920] {processor.py:163} INFO - Started process (PID=1606) to work on /home/airflow/.local/lib/python3.7/site-packages/airflow/example_dags/example_external_task_marker_dag.py
[2022-02-16 17:02:26,922] {processor.py:642} INFO - Processing file /home/airflow/.local/lib/python3.7/site-packages/airflow/example_dags/example_external_task_marker_dag.py for tasks to queue
[2022-02-16 17:02:26,922] {logging_mixin.py:109} INFO - [2022-02-16 17:02:26,922] {dagbag.py:500} INFO - Filling up the DagBag from /home/airflow/.local/lib/python3.7/site-packages/airflow/example_dags/example_external_task_marker_dag.py
[2022-02-16 17:02:26,951] {processor.py:654} INFO - DAG(s) dict_keys(['example_external_task_marker_parent', 'example_external_task_marker_child']) retrieved from /home/airflow/.local/lib/python3.7/site-packages/airflow/example_dags/example_external_task_marker_dag.py
[2022-02-16 17:02:26,991] {logging_mixin.py:109} INFO - [2022-02-16 17:02:26,991] {dag.py:2396} INFO - Sync 2 DAGs
[2022-02-16 17:02:27,020] {logging_mixin.py:109} INFO - [2022-02-16 17:02:27,020] {dag.py:2935} INFO - Setting next_dagrun for example_external_task_marker_child to None
[2022-02-16 17:02:27,021] {logging_mixin.py:109} INFO - [2022-02-16 17:02:27,021] {dag.py:2935} INFO - Setting next_dagrun for example_external_task_marker_parent to None
[2022-02-16 17:02:27,036] {processor.py:171} INFO - Processing /home/airflow/.local/lib/python3.7/site-packages/airflow/example_dags/example_external_task_marker_dag.py took 0.119 seconds
[2022-02-16 17:02:57,231] {processor.py:163} INFO - Started process (PID=1784) to work on /home/airflow/.local/lib/python3.7/site-packages/airflow/example_dags/example_external_task_marker_dag.py
[2022-02-16 17:02:57,233] {processor.py:642} INFO - Processing file /home/airflow/.local/lib/python3.7/site-packages/airflow/example_dags/example_external_task_marker_dag.py for tasks to queue
[2022-02-16 17:02:57,233] {logging_mixin.py:109} INFO - [2022-02-16 17:02:57,233] {dagbag.py:500} INFO - Filling up the DagBag from /home/airflow/.local/lib/python3.7/site-packages/airflow/example_dags/example_external_task_marker_dag.py
[2022-02-16 17:02:57,264] {processor.py:654} INFO - DAG(s) dict_keys(['example_external_task_marker_parent', 'example_external_task_marker_child']) retrieved from /home/airflow/.local/lib/python3.7/site-packages/airflow/example_dags/example_external_task_marker_dag.py
[2022-02-16 17:02:57,278] {logging_mixin.py:109} INFO - [2022-02-16 17:02:57,278] {dag.py:2396} INFO - Sync 2 DAGs
[2022-02-16 17:02:57,294] {logging_mixin.py:109} INFO - [2022-02-16 17:02:57,294] {dag.py:2935} INFO - Setting next_dagrun for example_external_task_marker_child to None
[2022-02-16 17:02:57,294] {logging_mixin.py:109} INFO - [2022-02-16 17:02:57,294] {dag.py:2935} INFO - Setting next_dagrun for example_external_task_marker_parent to None
[2022-02-16 17:02:57,303] {processor.py:171} INFO - Processing /home/airflow/.local/lib/python3.7/site-packages/airflow/example_dags/example_external_task_marker_dag.py took 0.076 seconds
[2022-02-16 17:03:27,633] {processor.py:163} INFO - Started process (PID=1979) to work on /home/airflow/.local/lib/python3.7/site-packages/airflow/example_dags/example_external_task_marker_dag.py
[2022-02-16 17:03:27,636] {processor.py:642} INFO - Processing file /home/airflow/.local/lib/python3.7/site-packages/airflow/example_dags/example_external_task_marker_dag.py for tasks to queue
[2022-02-16 17:03:27,637] {logging_mixin.py:109} INFO - [2022-02-16 17:03:27,637] {dagbag.py:500} INFO - Filling up the DagBag from /home/airflow/.local/lib/python3.7/site-packages/airflow/example_dags/example_external_task_marker_dag.py
[2022-02-16 17:03:27,679] {processor.py:654} INFO - DAG(s) dict_keys(['example_external_task_marker_parent', 'example_external_task_marker_child']) retrieved from /home/airflow/.local/lib/python3.7/site-packages/airflow/example_dags/example_external_task_marker_dag.py
[2022-02-16 17:03:27,712] {logging_mixin.py:109} INFO - [2022-02-16 17:03:27,712] {dag.py:2396} INFO - Sync 2 DAGs
[2022-02-16 17:03:27,742] {logging_mixin.py:109} INFO - [2022-02-16 17:03:27,742] {dag.py:2935} INFO - Setting next_dagrun for example_external_task_marker_child to None
[2022-02-16 17:03:27,743] {logging_mixin.py:109} INFO - [2022-02-16 17:03:27,742] {dag.py:2935} INFO - Setting next_dagrun for example_external_task_marker_parent to None
[2022-02-16 17:03:27,755] {processor.py:171} INFO - Processing /home/airflow/.local/lib/python3.7/site-packages/airflow/example_dags/example_external_task_marker_dag.py took 0.125 seconds
[2022-02-16 17:03:58,214] {processor.py:163} INFO - Started process (PID=2164) to work on /home/airflow/.local/lib/python3.7/site-packages/airflow/example_dags/example_external_task_marker_dag.py
[2022-02-16 17:03:58,216] {processor.py:642} INFO - Processing file /home/airflow/.local/lib/python3.7/site-packages/airflow/example_dags/example_external_task_marker_dag.py for tasks to queue
[2022-02-16 17:03:58,217] {logging_mixin.py:109} INFO - [2022-02-16 17:03:58,217] {dagbag.py:500} INFO - Filling up the DagBag from /home/airflow/.local/lib/python3.7/site-packages/airflow/example_dags/example_external_task_marker_dag.py
[2022-02-16 17:03:58,285] {processor.py:654} INFO - DAG(s) dict_keys(['example_external_task_marker_parent', 'example_external_task_marker_child']) retrieved from /home/airflow/.local/lib/python3.7/site-packages/airflow/example_dags/example_external_task_marker_dag.py
[2022-02-16 17:03:58,314] {logging_mixin.py:109} INFO - [2022-02-16 17:03:58,314] {dag.py:2396} INFO - Sync 2 DAGs
[2022-02-16 17:03:58,339] {logging_mixin.py:109} INFO - [2022-02-16 17:03:58,339] {dag.py:2935} INFO - Setting next_dagrun for example_external_task_marker_child to None
[2022-02-16 17:03:58,339] {logging_mixin.py:109} INFO - [2022-02-16 17:03:58,339] {dag.py:2935} INFO - Setting next_dagrun for example_external_task_marker_parent to None
[2022-02-16 17:03:58,356] {processor.py:171} INFO - Processing /home/airflow/.local/lib/python3.7/site-packages/airflow/example_dags/example_external_task_marker_dag.py took 0.148 seconds
[2022-02-16 17:04:29,006] {processor.py:163} INFO - Started process (PID=2355) to work on /home/airflow/.local/lib/python3.7/site-packages/airflow/example_dags/example_external_task_marker_dag.py
[2022-02-16 17:04:29,008] {processor.py:642} INFO - Processing file /home/airflow/.local/lib/python3.7/site-packages/airflow/example_dags/example_external_task_marker_dag.py for tasks to queue
[2022-02-16 17:04:29,010] {logging_mixin.py:109} INFO - [2022-02-16 17:04:29,009] {dagbag.py:500} INFO - Filling up the DagBag from /home/airflow/.local/lib/python3.7/site-packages/airflow/example_dags/example_external_task_marker_dag.py
[2022-02-16 17:04:29,050] {processor.py:654} INFO - DAG(s) dict_keys(['example_external_task_marker_parent', 'example_external_task_marker_child']) retrieved from /home/airflow/.local/lib/python3.7/site-packages/airflow/example_dags/example_external_task_marker_dag.py
[2022-02-16 17:04:29,069] {logging_mixin.py:109} INFO - [2022-02-16 17:04:29,069] {dag.py:2396} INFO - Sync 2 DAGs
[2022-02-16 17:04:29,091] {logging_mixin.py:109} INFO - [2022-02-16 17:04:29,091] {dag.py:2935} INFO - Setting next_dagrun for example_external_task_marker_child to None
[2022-02-16 17:04:29,095] {logging_mixin.py:109} INFO - [2022-02-16 17:04:29,094] {dag.py:2935} INFO - Setting next_dagrun for example_external_task_marker_parent to None
[2022-02-16 17:04:29,107] {processor.py:171} INFO - Processing /home/airflow/.local/lib/python3.7/site-packages/airflow/example_dags/example_external_task_marker_dag.py took 0.105 seconds
[2022-02-16 17:04:59,684] {processor.py:163} INFO - Started process (PID=2544) to work on /home/airflow/.local/lib/python3.7/site-packages/airflow/example_dags/example_external_task_marker_dag.py
[2022-02-16 17:04:59,685] {processor.py:642} INFO - Processing file /home/airflow/.local/lib/python3.7/site-packages/airflow/example_dags/example_external_task_marker_dag.py for tasks to queue
[2022-02-16 17:04:59,686] {logging_mixin.py:109} INFO - [2022-02-16 17:04:59,686] {dagbag.py:500} INFO - Filling up the DagBag from /home/airflow/.local/lib/python3.7/site-packages/airflow/example_dags/example_external_task_marker_dag.py
[2022-02-16 17:04:59,728] {processor.py:654} INFO - DAG(s) dict_keys(['example_external_task_marker_parent', 'example_external_task_marker_child']) retrieved from /home/airflow/.local/lib/python3.7/site-packages/airflow/example_dags/example_external_task_marker_dag.py
[2022-02-16 17:04:59,746] {logging_mixin.py:109} INFO - [2022-02-16 17:04:59,746] {dag.py:2396} INFO - Sync 2 DAGs
[2022-02-16 17:04:59,768] {logging_mixin.py:109} INFO - [2022-02-16 17:04:59,768] {dag.py:2935} INFO - Setting next_dagrun for example_external_task_marker_child to None
[2022-02-16 17:04:59,768] {logging_mixin.py:109} INFO - [2022-02-16 17:04:59,768] {dag.py:2935} INFO - Setting next_dagrun for example_external_task_marker_parent to None
[2022-02-16 17:04:59,782] {processor.py:171} INFO - Processing /home/airflow/.local/lib/python3.7/site-packages/airflow/example_dags/example_external_task_marker_dag.py took 0.102 seconds
[2022-02-16 17:05:30,059] {processor.py:163} INFO - Started process (PID=2737) to work on /home/airflow/.local/lib/python3.7/site-packages/airflow/example_dags/example_external_task_marker_dag.py
[2022-02-16 17:05:30,060] {processor.py:642} INFO - Processing file /home/airflow/.local/lib/python3.7/site-packages/airflow/example_dags/example_external_task_marker_dag.py for tasks to queue
[2022-02-16 17:05:30,061] {logging_mixin.py:109} INFO - [2022-02-16 17:05:30,061] {dagbag.py:500} INFO - Filling up the DagBag from /home/airflow/.local/lib/python3.7/site-packages/airflow/example_dags/example_external_task_marker_dag.py
[2022-02-16 17:05:30,099] {processor.py:654} INFO - DAG(s) dict_keys(['example_external_task_marker_parent', 'example_external_task_marker_child']) retrieved from /home/airflow/.local/lib/python3.7/site-packages/airflow/example_dags/example_external_task_marker_dag.py
[2022-02-16 17:05:30,115] {logging_mixin.py:109} INFO - [2022-02-16 17:05:30,115] {dag.py:2396} INFO - Sync 2 DAGs
[2022-02-16 17:05:30,139] {logging_mixin.py:109} INFO - [2022-02-16 17:05:30,138] {dag.py:2935} INFO - Setting next_dagrun for example_external_task_marker_child to None
[2022-02-16 17:05:30,139] {logging_mixin.py:109} INFO - [2022-02-16 17:05:30,139] {dag.py:2935} INFO - Setting next_dagrun for example_external_task_marker_parent to None
[2022-02-16 17:05:30,151] {processor.py:171} INFO - Processing /home/airflow/.local/lib/python3.7/site-packages/airflow/example_dags/example_external_task_marker_dag.py took 0.098 seconds
[2022-02-16 17:06:00,927] {processor.py:163} INFO - Started process (PID=2923) to work on /home/airflow/.local/lib/python3.7/site-packages/airflow/example_dags/example_external_task_marker_dag.py
[2022-02-16 17:06:00,928] {processor.py:642} INFO - Processing file /home/airflow/.local/lib/python3.7/site-packages/airflow/example_dags/example_external_task_marker_dag.py for tasks to queue
[2022-02-16 17:06:00,929] {logging_mixin.py:109} INFO - [2022-02-16 17:06:00,929] {dagbag.py:500} INFO - Filling up the DagBag from /home/airflow/.local/lib/python3.7/site-packages/airflow/example_dags/example_external_task_marker_dag.py
[2022-02-16 17:06:00,961] {processor.py:654} INFO - DAG(s) dict_keys(['example_external_task_marker_parent', 'example_external_task_marker_child']) retrieved from /home/airflow/.local/lib/python3.7/site-packages/airflow/example_dags/example_external_task_marker_dag.py
[2022-02-16 17:06:00,976] {logging_mixin.py:109} INFO - [2022-02-16 17:06:00,975] {dag.py:2396} INFO - Sync 2 DAGs
[2022-02-16 17:06:00,993] {logging_mixin.py:109} INFO - [2022-02-16 17:06:00,992] {dag.py:2935} INFO - Setting next_dagrun for example_external_task_marker_child to None
[2022-02-16 17:06:00,993] {logging_mixin.py:109} INFO - [2022-02-16 17:06:00,993] {dag.py:2935} INFO - Setting next_dagrun for example_external_task_marker_parent to None
[2022-02-16 17:06:01,003] {processor.py:171} INFO - Processing /home/airflow/.local/lib/python3.7/site-packages/airflow/example_dags/example_external_task_marker_dag.py took 0.080 seconds
[2022-02-16 17:06:31,444] {processor.py:163} INFO - Started process (PID=3108) to work on /home/airflow/.local/lib/python3.7/site-packages/airflow/example_dags/example_external_task_marker_dag.py
[2022-02-16 17:06:31,445] {processor.py:642} INFO - Processing file /home/airflow/.local/lib/python3.7/site-packages/airflow/example_dags/example_external_task_marker_dag.py for tasks to queue
[2022-02-16 17:06:31,446] {logging_mixin.py:109} INFO - [2022-02-16 17:06:31,446] {dagbag.py:500} INFO - Filling up the DagBag from /home/airflow/.local/lib/python3.7/site-packages/airflow/example_dags/example_external_task_marker_dag.py
[2022-02-16 17:06:31,479] {processor.py:654} INFO - DAG(s) dict_keys(['example_external_task_marker_parent', 'example_external_task_marker_child']) retrieved from /home/airflow/.local/lib/python3.7/site-packages/airflow/example_dags/example_external_task_marker_dag.py
[2022-02-16 17:06:31,493] {logging_mixin.py:109} INFO - [2022-02-16 17:06:31,493] {dag.py:2396} INFO - Sync 2 DAGs
[2022-02-16 17:06:31,511] {logging_mixin.py:109} INFO - [2022-02-16 17:06:31,511] {dag.py:2935} INFO - Setting next_dagrun for example_external_task_marker_child to None
[2022-02-16 17:06:31,511] {logging_mixin.py:109} INFO - [2022-02-16 17:06:31,511] {dag.py:2935} INFO - Setting next_dagrun for example_external_task_marker_parent to None
[2022-02-16 17:06:31,521] {processor.py:171} INFO - Processing /home/airflow/.local/lib/python3.7/site-packages/airflow/example_dags/example_external_task_marker_dag.py took 0.083 seconds
[2022-02-16 17:07:02,225] {processor.py:163} INFO - Started process (PID=3298) to work on /home/airflow/.local/lib/python3.7/site-packages/airflow/example_dags/example_external_task_marker_dag.py
[2022-02-16 17:07:02,227] {processor.py:642} INFO - Processing file /home/airflow/.local/lib/python3.7/site-packages/airflow/example_dags/example_external_task_marker_dag.py for tasks to queue
[2022-02-16 17:07:02,228] {logging_mixin.py:109} INFO - [2022-02-16 17:07:02,228] {dagbag.py:500} INFO - Filling up the DagBag from /home/airflow/.local/lib/python3.7/site-packages/airflow/example_dags/example_external_task_marker_dag.py
[2022-02-16 17:07:02,269] {processor.py:654} INFO - DAG(s) dict_keys(['example_external_task_marker_parent', 'example_external_task_marker_child']) retrieved from /home/airflow/.local/lib/python3.7/site-packages/airflow/example_dags/example_external_task_marker_dag.py
[2022-02-16 17:07:02,287] {logging_mixin.py:109} INFO - [2022-02-16 17:07:02,287] {dag.py:2396} INFO - Sync 2 DAGs
[2022-02-16 17:07:02,305] {logging_mixin.py:109} INFO - [2022-02-16 17:07:02,304] {dag.py:2935} INFO - Setting next_dagrun for example_external_task_marker_child to None
[2022-02-16 17:07:02,305] {logging_mixin.py:109} INFO - [2022-02-16 17:07:02,305] {dag.py:2935} INFO - Setting next_dagrun for example_external_task_marker_parent to None
[2022-02-16 17:07:02,314] {processor.py:171} INFO - Processing /home/airflow/.local/lib/python3.7/site-packages/airflow/example_dags/example_external_task_marker_dag.py took 0.093 seconds
[2022-02-16 17:07:32,615] {processor.py:163} INFO - Started process (PID=3485) to work on /home/airflow/.local/lib/python3.7/site-packages/airflow/example_dags/example_external_task_marker_dag.py
[2022-02-16 17:07:32,616] {processor.py:642} INFO - Processing file /home/airflow/.local/lib/python3.7/site-packages/airflow/example_dags/example_external_task_marker_dag.py for tasks to queue
[2022-02-16 17:07:32,618] {logging_mixin.py:109} INFO - [2022-02-16 17:07:32,617] {dagbag.py:500} INFO - Filling up the DagBag from /home/airflow/.local/lib/python3.7/site-packages/airflow/example_dags/example_external_task_marker_dag.py
[2022-02-16 17:07:32,709] {processor.py:654} INFO - DAG(s) dict_keys(['example_external_task_marker_parent', 'example_external_task_marker_child']) retrieved from /home/airflow/.local/lib/python3.7/site-packages/airflow/example_dags/example_external_task_marker_dag.py
[2022-02-16 17:07:32,743] {logging_mixin.py:109} INFO - [2022-02-16 17:07:32,743] {dag.py:2396} INFO - Sync 2 DAGs
[2022-02-16 17:07:32,767] {logging_mixin.py:109} INFO - [2022-02-16 17:07:32,767] {dag.py:2935} INFO - Setting next_dagrun for example_external_task_marker_child to None
[2022-02-16 17:07:32,767] {logging_mixin.py:109} INFO - [2022-02-16 17:07:32,767] {dag.py:2935} INFO - Setting next_dagrun for example_external_task_marker_parent to None
[2022-02-16 17:07:32,777] {processor.py:171} INFO - Processing /home/airflow/.local/lib/python3.7/site-packages/airflow/example_dags/example_external_task_marker_dag.py took 0.167 seconds
[2022-02-16 17:08:03,113] {processor.py:163} INFO - Started process (PID=3670) to work on /home/airflow/.local/lib/python3.7/site-packages/airflow/example_dags/example_external_task_marker_dag.py
[2022-02-16 17:08:03,114] {processor.py:642} INFO - Processing file /home/airflow/.local/lib/python3.7/site-packages/airflow/example_dags/example_external_task_marker_dag.py for tasks to queue
[2022-02-16 17:08:03,115] {logging_mixin.py:109} INFO - [2022-02-16 17:08:03,115] {dagbag.py:500} INFO - Filling up the DagBag from /home/airflow/.local/lib/python3.7/site-packages/airflow/example_dags/example_external_task_marker_dag.py
[2022-02-16 17:08:03,147] {processor.py:654} INFO - DAG(s) dict_keys(['example_external_task_marker_parent', 'example_external_task_marker_child']) retrieved from /home/airflow/.local/lib/python3.7/site-packages/airflow/example_dags/example_external_task_marker_dag.py
[2022-02-16 17:08:03,162] {logging_mixin.py:109} INFO - [2022-02-16 17:08:03,162] {dag.py:2396} INFO - Sync 2 DAGs
[2022-02-16 17:08:03,180] {logging_mixin.py:109} INFO - [2022-02-16 17:08:03,180] {dag.py:2935} INFO - Setting next_dagrun for example_external_task_marker_child to None
[2022-02-16 17:08:03,180] {logging_mixin.py:109} INFO - [2022-02-16 17:08:03,180] {dag.py:2935} INFO - Setting next_dagrun for example_external_task_marker_parent to None
[2022-02-16 17:08:03,190] {processor.py:171} INFO - Processing /home/airflow/.local/lib/python3.7/site-packages/airflow/example_dags/example_external_task_marker_dag.py took 0.081 seconds
[2022-02-16 17:08:33,572] {processor.py:163} INFO - Started process (PID=3852) to work on /home/airflow/.local/lib/python3.7/site-packages/airflow/example_dags/example_external_task_marker_dag.py
[2022-02-16 17:08:33,574] {processor.py:642} INFO - Processing file /home/airflow/.local/lib/python3.7/site-packages/airflow/example_dags/example_external_task_marker_dag.py for tasks to queue
[2022-02-16 17:08:33,575] {logging_mixin.py:109} INFO - [2022-02-16 17:08:33,575] {dagbag.py:500} INFO - Filling up the DagBag from /home/airflow/.local/lib/python3.7/site-packages/airflow/example_dags/example_external_task_marker_dag.py
[2022-02-16 17:08:33,617] {processor.py:654} INFO - DAG(s) dict_keys(['example_external_task_marker_parent', 'example_external_task_marker_child']) retrieved from /home/airflow/.local/lib/python3.7/site-packages/airflow/example_dags/example_external_task_marker_dag.py
[2022-02-16 17:08:33,636] {logging_mixin.py:109} INFO - [2022-02-16 17:08:33,635] {dag.py:2396} INFO - Sync 2 DAGs
[2022-02-16 17:08:33,660] {logging_mixin.py:109} INFO - [2022-02-16 17:08:33,660] {dag.py:2935} INFO - Setting next_dagrun for example_external_task_marker_child to None
[2022-02-16 17:08:33,660] {logging_mixin.py:109} INFO - [2022-02-16 17:08:33,660] {dag.py:2935} INFO - Setting next_dagrun for example_external_task_marker_parent to None
[2022-02-16 17:08:33,677] {processor.py:171} INFO - Processing /home/airflow/.local/lib/python3.7/site-packages/airflow/example_dags/example_external_task_marker_dag.py took 0.109 seconds
[2022-02-16 17:09:03,750] {processor.py:163} INFO - Started process (PID=4035) to work on /home/airflow/.local/lib/python3.7/site-packages/airflow/example_dags/example_external_task_marker_dag.py
[2022-02-16 17:09:03,752] {processor.py:642} INFO - Processing file /home/airflow/.local/lib/python3.7/site-packages/airflow/example_dags/example_external_task_marker_dag.py for tasks to queue
[2022-02-16 17:09:03,753] {logging_mixin.py:109} INFO - [2022-02-16 17:09:03,753] {dagbag.py:500} INFO - Filling up the DagBag from /home/airflow/.local/lib/python3.7/site-packages/airflow/example_dags/example_external_task_marker_dag.py
[2022-02-16 17:09:03,797] {processor.py:654} INFO - DAG(s) dict_keys(['example_external_task_marker_parent', 'example_external_task_marker_child']) retrieved from /home/airflow/.local/lib/python3.7/site-packages/airflow/example_dags/example_external_task_marker_dag.py
[2022-02-16 17:09:03,813] {logging_mixin.py:109} INFO - [2022-02-16 17:09:03,813] {dag.py:2396} INFO - Sync 2 DAGs
[2022-02-16 17:09:03,830] {logging_mixin.py:109} INFO - [2022-02-16 17:09:03,830] {dag.py:2935} INFO - Setting next_dagrun for example_external_task_marker_child to None
[2022-02-16 17:09:03,830] {logging_mixin.py:109} INFO - [2022-02-16 17:09:03,830] {dag.py:2935} INFO - Setting next_dagrun for example_external_task_marker_parent to None
[2022-02-16 17:09:03,842] {processor.py:171} INFO - Processing /home/airflow/.local/lib/python3.7/site-packages/airflow/example_dags/example_external_task_marker_dag.py took 0.097 seconds
[2022-02-16 17:09:34,229] {processor.py:163} INFO - Started process (PID=4226) to work on /home/airflow/.local/lib/python3.7/site-packages/airflow/example_dags/example_external_task_marker_dag.py
[2022-02-16 17:09:34,236] {processor.py:642} INFO - Processing file /home/airflow/.local/lib/python3.7/site-packages/airflow/example_dags/example_external_task_marker_dag.py for tasks to queue
[2022-02-16 17:09:34,237] {logging_mixin.py:109} INFO - [2022-02-16 17:09:34,236] {dagbag.py:500} INFO - Filling up the DagBag from /home/airflow/.local/lib/python3.7/site-packages/airflow/example_dags/example_external_task_marker_dag.py
[2022-02-16 17:09:34,291] {processor.py:654} INFO - DAG(s) dict_keys(['example_external_task_marker_parent', 'example_external_task_marker_child']) retrieved from /home/airflow/.local/lib/python3.7/site-packages/airflow/example_dags/example_external_task_marker_dag.py
[2022-02-16 17:09:34,311] {logging_mixin.py:109} INFO - [2022-02-16 17:09:34,310] {dag.py:2396} INFO - Sync 2 DAGs
[2022-02-16 17:09:34,336] {logging_mixin.py:109} INFO - [2022-02-16 17:09:34,336] {dag.py:2935} INFO - Setting next_dagrun for example_external_task_marker_child to None
[2022-02-16 17:09:34,336] {logging_mixin.py:109} INFO - [2022-02-16 17:09:34,336] {dag.py:2935} INFO - Setting next_dagrun for example_external_task_marker_parent to None
[2022-02-16 17:09:34,351] {processor.py:171} INFO - Processing /home/airflow/.local/lib/python3.7/site-packages/airflow/example_dags/example_external_task_marker_dag.py took 0.128 seconds
[2022-02-16 17:10:05,074] {processor.py:163} INFO - Started process (PID=4412) to work on /home/airflow/.local/lib/python3.7/site-packages/airflow/example_dags/example_external_task_marker_dag.py
[2022-02-16 17:10:05,075] {processor.py:642} INFO - Processing file /home/airflow/.local/lib/python3.7/site-packages/airflow/example_dags/example_external_task_marker_dag.py for tasks to queue
[2022-02-16 17:10:05,077] {logging_mixin.py:109} INFO - [2022-02-16 17:10:05,077] {dagbag.py:500} INFO - Filling up the DagBag from /home/airflow/.local/lib/python3.7/site-packages/airflow/example_dags/example_external_task_marker_dag.py
[2022-02-16 17:10:05,110] {processor.py:654} INFO - DAG(s) dict_keys(['example_external_task_marker_parent', 'example_external_task_marker_child']) retrieved from /home/airflow/.local/lib/python3.7/site-packages/airflow/example_dags/example_external_task_marker_dag.py
[2022-02-16 17:10:05,125] {logging_mixin.py:109} INFO - [2022-02-16 17:10:05,125] {dag.py:2396} INFO - Sync 2 DAGs
[2022-02-16 17:10:05,147] {logging_mixin.py:109} INFO - [2022-02-16 17:10:05,146] {dag.py:2935} INFO - Setting next_dagrun for example_external_task_marker_child to None
[2022-02-16 17:10:05,147] {logging_mixin.py:109} INFO - [2022-02-16 17:10:05,147] {dag.py:2935} INFO - Setting next_dagrun for example_external_task_marker_parent to None
[2022-02-16 17:10:05,156] {processor.py:171} INFO - Processing /home/airflow/.local/lib/python3.7/site-packages/airflow/example_dags/example_external_task_marker_dag.py took 0.087 seconds
[2022-02-16 17:10:35,576] {processor.py:163} INFO - Started process (PID=4597) to work on /home/airflow/.local/lib/python3.7/site-packages/airflow/example_dags/example_external_task_marker_dag.py
[2022-02-16 17:10:35,577] {processor.py:642} INFO - Processing file /home/airflow/.local/lib/python3.7/site-packages/airflow/example_dags/example_external_task_marker_dag.py for tasks to queue
[2022-02-16 17:10:35,578] {logging_mixin.py:109} INFO - [2022-02-16 17:10:35,578] {dagbag.py:500} INFO - Filling up the DagBag from /home/airflow/.local/lib/python3.7/site-packages/airflow/example_dags/example_external_task_marker_dag.py
[2022-02-16 17:10:35,609] {processor.py:654} INFO - DAG(s) dict_keys(['example_external_task_marker_parent', 'example_external_task_marker_child']) retrieved from /home/airflow/.local/lib/python3.7/site-packages/airflow/example_dags/example_external_task_marker_dag.py
[2022-02-16 17:10:35,624] {logging_mixin.py:109} INFO - [2022-02-16 17:10:35,624] {dag.py:2396} INFO - Sync 2 DAGs
[2022-02-16 17:10:35,641] {logging_mixin.py:109} INFO - [2022-02-16 17:10:35,641] {dag.py:2935} INFO - Setting next_dagrun for example_external_task_marker_child to None
[2022-02-16 17:10:35,641] {logging_mixin.py:109} INFO - [2022-02-16 17:10:35,641] {dag.py:2935} INFO - Setting next_dagrun for example_external_task_marker_parent to None
[2022-02-16 17:10:35,650] {processor.py:171} INFO - Processing /home/airflow/.local/lib/python3.7/site-packages/airflow/example_dags/example_external_task_marker_dag.py took 0.084 seconds
[2022-02-16 17:11:07,724] {processor.py:163} INFO - Started process (PID=4793) to work on /home/airflow/.local/lib/python3.7/site-packages/airflow/example_dags/example_external_task_marker_dag.py
[2022-02-16 17:11:07,726] {processor.py:642} INFO - Processing file /home/airflow/.local/lib/python3.7/site-packages/airflow/example_dags/example_external_task_marker_dag.py for tasks to queue
[2022-02-16 17:11:07,727] {logging_mixin.py:109} INFO - [2022-02-16 17:11:07,727] {dagbag.py:500} INFO - Filling up the DagBag from /home/airflow/.local/lib/python3.7/site-packages/airflow/example_dags/example_external_task_marker_dag.py
[2022-02-16 17:11:07,789] {processor.py:654} INFO - DAG(s) dict_keys(['example_external_task_marker_parent', 'example_external_task_marker_child']) retrieved from /home/airflow/.local/lib/python3.7/site-packages/airflow/example_dags/example_external_task_marker_dag.py
[2022-02-16 17:11:07,824] {logging_mixin.py:109} INFO - [2022-02-16 17:11:07,824] {dag.py:2396} INFO - Sync 2 DAGs
[2022-02-16 17:11:07,849] {logging_mixin.py:109} INFO - [2022-02-16 17:11:07,849] {dag.py:2935} INFO - Setting next_dagrun for example_external_task_marker_child to None
[2022-02-16 17:11:07,850] {logging_mixin.py:109} INFO - [2022-02-16 17:11:07,850] {dag.py:2935} INFO - Setting next_dagrun for example_external_task_marker_parent to None
[2022-02-16 17:11:07,983] {processor.py:171} INFO - Processing /home/airflow/.local/lib/python3.7/site-packages/airflow/example_dags/example_external_task_marker_dag.py took 0.266 seconds
[2022-02-16 17:11:38,593] {processor.py:163} INFO - Started process (PID=4976) to work on /home/airflow/.local/lib/python3.7/site-packages/airflow/example_dags/example_external_task_marker_dag.py
[2022-02-16 17:11:38,594] {processor.py:642} INFO - Processing file /home/airflow/.local/lib/python3.7/site-packages/airflow/example_dags/example_external_task_marker_dag.py for tasks to queue
[2022-02-16 17:11:38,595] {logging_mixin.py:109} INFO - [2022-02-16 17:11:38,595] {dagbag.py:500} INFO - Filling up the DagBag from /home/airflow/.local/lib/python3.7/site-packages/airflow/example_dags/example_external_task_marker_dag.py
[2022-02-16 17:11:38,629] {processor.py:654} INFO - DAG(s) dict_keys(['example_external_task_marker_parent', 'example_external_task_marker_child']) retrieved from /home/airflow/.local/lib/python3.7/site-packages/airflow/example_dags/example_external_task_marker_dag.py
[2022-02-16 17:11:38,647] {logging_mixin.py:109} INFO - [2022-02-16 17:11:38,646] {dag.py:2396} INFO - Sync 2 DAGs
[2022-02-16 17:11:38,667] {logging_mixin.py:109} INFO - [2022-02-16 17:11:38,667] {dag.py:2935} INFO - Setting next_dagrun for example_external_task_marker_child to None
[2022-02-16 17:11:38,667] {logging_mixin.py:109} INFO - [2022-02-16 17:11:38,667] {dag.py:2935} INFO - Setting next_dagrun for example_external_task_marker_parent to None
[2022-02-16 17:11:38,678] {processor.py:171} INFO - Processing /home/airflow/.local/lib/python3.7/site-packages/airflow/example_dags/example_external_task_marker_dag.py took 0.088 seconds
[2022-02-16 17:12:09,097] {processor.py:163} INFO - Started process (PID=5168) to work on /home/airflow/.local/lib/python3.7/site-packages/airflow/example_dags/example_external_task_marker_dag.py
[2022-02-16 17:12:09,098] {processor.py:642} INFO - Processing file /home/airflow/.local/lib/python3.7/site-packages/airflow/example_dags/example_external_task_marker_dag.py for tasks to queue
[2022-02-16 17:12:09,099] {logging_mixin.py:109} INFO - [2022-02-16 17:12:09,099] {dagbag.py:500} INFO - Filling up the DagBag from /home/airflow/.local/lib/python3.7/site-packages/airflow/example_dags/example_external_task_marker_dag.py
[2022-02-16 17:12:09,139] {processor.py:654} INFO - DAG(s) dict_keys(['example_external_task_marker_parent', 'example_external_task_marker_child']) retrieved from /home/airflow/.local/lib/python3.7/site-packages/airflow/example_dags/example_external_task_marker_dag.py
[2022-02-16 17:12:09,173] {logging_mixin.py:109} INFO - [2022-02-16 17:12:09,173] {dag.py:2396} INFO - Sync 2 DAGs
[2022-02-16 17:12:09,195] {logging_mixin.py:109} INFO - [2022-02-16 17:12:09,194] {dag.py:2935} INFO - Setting next_dagrun for example_external_task_marker_child to None
[2022-02-16 17:12:09,197] {logging_mixin.py:109} INFO - [2022-02-16 17:12:09,196] {dag.py:2935} INFO - Setting next_dagrun for example_external_task_marker_parent to None
[2022-02-16 17:12:09,210] {processor.py:171} INFO - Processing /home/airflow/.local/lib/python3.7/site-packages/airflow/example_dags/example_external_task_marker_dag.py took 0.118 seconds
[2022-02-16 17:12:39,800] {processor.py:163} INFO - Started process (PID=5354) to work on /home/airflow/.local/lib/python3.7/site-packages/airflow/example_dags/example_external_task_marker_dag.py
[2022-02-16 17:12:39,801] {processor.py:642} INFO - Processing file /home/airflow/.local/lib/python3.7/site-packages/airflow/example_dags/example_external_task_marker_dag.py for tasks to queue
[2022-02-16 17:12:39,802] {logging_mixin.py:109} INFO - [2022-02-16 17:12:39,802] {dagbag.py:500} INFO - Filling up the DagBag from /home/airflow/.local/lib/python3.7/site-packages/airflow/example_dags/example_external_task_marker_dag.py
[2022-02-16 17:12:39,850] {processor.py:654} INFO - DAG(s) dict_keys(['example_external_task_marker_parent', 'example_external_task_marker_child']) retrieved from /home/airflow/.local/lib/python3.7/site-packages/airflow/example_dags/example_external_task_marker_dag.py
[2022-02-16 17:12:39,865] {logging_mixin.py:109} INFO - [2022-02-16 17:12:39,865] {dag.py:2396} INFO - Sync 2 DAGs
[2022-02-16 17:12:39,882] {logging_mixin.py:109} INFO - [2022-02-16 17:12:39,882] {dag.py:2935} INFO - Setting next_dagrun for example_external_task_marker_child to None
[2022-02-16 17:12:39,882] {logging_mixin.py:109} INFO - [2022-02-16 17:12:39,882] {dag.py:2935} INFO - Setting next_dagrun for example_external_task_marker_parent to None
[2022-02-16 17:12:39,892] {processor.py:171} INFO - Processing /home/airflow/.local/lib/python3.7/site-packages/airflow/example_dags/example_external_task_marker_dag.py took 0.096 seconds
[2022-02-16 17:13:10,619] {processor.py:163} INFO - Started process (PID=5551) to work on /home/airflow/.local/lib/python3.7/site-packages/airflow/example_dags/example_external_task_marker_dag.py
[2022-02-16 17:13:10,620] {processor.py:642} INFO - Processing file /home/airflow/.local/lib/python3.7/site-packages/airflow/example_dags/example_external_task_marker_dag.py for tasks to queue
[2022-02-16 17:13:10,621] {logging_mixin.py:109} INFO - [2022-02-16 17:13:10,621] {dagbag.py:500} INFO - Filling up the DagBag from /home/airflow/.local/lib/python3.7/site-packages/airflow/example_dags/example_external_task_marker_dag.py
[2022-02-16 17:13:10,670] {processor.py:654} INFO - DAG(s) dict_keys(['example_external_task_marker_parent', 'example_external_task_marker_child']) retrieved from /home/airflow/.local/lib/python3.7/site-packages/airflow/example_dags/example_external_task_marker_dag.py
[2022-02-16 17:13:10,703] {logging_mixin.py:109} INFO - [2022-02-16 17:13:10,703] {dag.py:2396} INFO - Sync 2 DAGs
[2022-02-16 17:13:10,734] {logging_mixin.py:109} INFO - [2022-02-16 17:13:10,734] {dag.py:2935} INFO - Setting next_dagrun for example_external_task_marker_child to None
[2022-02-16 17:13:10,734] {logging_mixin.py:109} INFO - [2022-02-16 17:13:10,734] {dag.py:2935} INFO - Setting next_dagrun for example_external_task_marker_parent to None
[2022-02-16 17:13:10,777] {processor.py:171} INFO - Processing /home/airflow/.local/lib/python3.7/site-packages/airflow/example_dags/example_external_task_marker_dag.py took 0.167 seconds
[2022-02-16 17:13:41,420] {processor.py:163} INFO - Started process (PID=5742) to work on /home/airflow/.local/lib/python3.7/site-packages/airflow/example_dags/example_external_task_marker_dag.py
[2022-02-16 17:13:41,421] {processor.py:642} INFO - Processing file /home/airflow/.local/lib/python3.7/site-packages/airflow/example_dags/example_external_task_marker_dag.py for tasks to queue
[2022-02-16 17:13:41,421] {logging_mixin.py:109} INFO - [2022-02-16 17:13:41,421] {dagbag.py:500} INFO - Filling up the DagBag from /home/airflow/.local/lib/python3.7/site-packages/airflow/example_dags/example_external_task_marker_dag.py
[2022-02-16 17:13:41,521] {processor.py:654} INFO - DAG(s) dict_keys(['example_external_task_marker_parent', 'example_external_task_marker_child']) retrieved from /home/airflow/.local/lib/python3.7/site-packages/airflow/example_dags/example_external_task_marker_dag.py
[2022-02-16 17:13:41,559] {logging_mixin.py:109} INFO - [2022-02-16 17:13:41,559] {dag.py:2396} INFO - Sync 2 DAGs
[2022-02-16 17:13:41,606] {logging_mixin.py:109} INFO - [2022-02-16 17:13:41,605] {dag.py:2935} INFO - Setting next_dagrun for example_external_task_marker_child to None
[2022-02-16 17:13:41,606] {logging_mixin.py:109} INFO - [2022-02-16 17:13:41,606] {dag.py:2935} INFO - Setting next_dagrun for example_external_task_marker_parent to None
[2022-02-16 17:13:41,621] {processor.py:171} INFO - Processing /home/airflow/.local/lib/python3.7/site-packages/airflow/example_dags/example_external_task_marker_dag.py took 0.205 seconds
[2022-02-16 17:14:11,793] {processor.py:163} INFO - Started process (PID=5937) to work on /home/airflow/.local/lib/python3.7/site-packages/airflow/example_dags/example_external_task_marker_dag.py
[2022-02-16 17:14:11,795] {processor.py:642} INFO - Processing file /home/airflow/.local/lib/python3.7/site-packages/airflow/example_dags/example_external_task_marker_dag.py for tasks to queue
[2022-02-16 17:14:11,796] {logging_mixin.py:109} INFO - [2022-02-16 17:14:11,796] {dagbag.py:500} INFO - Filling up the DagBag from /home/airflow/.local/lib/python3.7/site-packages/airflow/example_dags/example_external_task_marker_dag.py
[2022-02-16 17:14:11,856] {processor.py:654} INFO - DAG(s) dict_keys(['example_external_task_marker_parent', 'example_external_task_marker_child']) retrieved from /home/airflow/.local/lib/python3.7/site-packages/airflow/example_dags/example_external_task_marker_dag.py
[2022-02-16 17:14:11,872] {logging_mixin.py:109} INFO - [2022-02-16 17:14:11,872] {dag.py:2396} INFO - Sync 2 DAGs
[2022-02-16 17:14:11,893] {logging_mixin.py:109} INFO - [2022-02-16 17:14:11,893] {dag.py:2935} INFO - Setting next_dagrun for example_external_task_marker_child to None
[2022-02-16 17:14:11,894] {logging_mixin.py:109} INFO - [2022-02-16 17:14:11,894] {dag.py:2935} INFO - Setting next_dagrun for example_external_task_marker_parent to None
[2022-02-16 17:14:11,906] {processor.py:171} INFO - Processing /home/airflow/.local/lib/python3.7/site-packages/airflow/example_dags/example_external_task_marker_dag.py took 0.117 seconds
[2022-02-16 17:14:42,133] {processor.py:163} INFO - Started process (PID=6134) to work on /home/airflow/.local/lib/python3.7/site-packages/airflow/example_dags/example_external_task_marker_dag.py
[2022-02-16 17:14:42,134] {processor.py:642} INFO - Processing file /home/airflow/.local/lib/python3.7/site-packages/airflow/example_dags/example_external_task_marker_dag.py for tasks to queue
[2022-02-16 17:14:42,135] {logging_mixin.py:109} INFO - [2022-02-16 17:14:42,135] {dagbag.py:500} INFO - Filling up the DagBag from /home/airflow/.local/lib/python3.7/site-packages/airflow/example_dags/example_external_task_marker_dag.py
[2022-02-16 17:14:42,166] {processor.py:654} INFO - DAG(s) dict_keys(['example_external_task_marker_parent', 'example_external_task_marker_child']) retrieved from /home/airflow/.local/lib/python3.7/site-packages/airflow/example_dags/example_external_task_marker_dag.py
[2022-02-16 17:14:42,181] {logging_mixin.py:109} INFO - [2022-02-16 17:14:42,181] {dag.py:2396} INFO - Sync 2 DAGs
[2022-02-16 17:14:42,198] {logging_mixin.py:109} INFO - [2022-02-16 17:14:42,198] {dag.py:2935} INFO - Setting next_dagrun for example_external_task_marker_child to None
[2022-02-16 17:14:42,199] {logging_mixin.py:109} INFO - [2022-02-16 17:14:42,199] {dag.py:2935} INFO - Setting next_dagrun for example_external_task_marker_parent to None
[2022-02-16 17:14:42,209] {processor.py:171} INFO - Processing /home/airflow/.local/lib/python3.7/site-packages/airflow/example_dags/example_external_task_marker_dag.py took 0.080 seconds
[2022-02-16 17:15:14,502] {processor.py:163} INFO - Started process (PID=6342) to work on /home/airflow/.local/lib/python3.7/site-packages/airflow/example_dags/example_external_task_marker_dag.py
[2022-02-16 17:15:14,503] {processor.py:642} INFO - Processing file /home/airflow/.local/lib/python3.7/site-packages/airflow/example_dags/example_external_task_marker_dag.py for tasks to queue
[2022-02-16 17:15:14,505] {logging_mixin.py:109} INFO - [2022-02-16 17:15:14,505] {dagbag.py:500} INFO - Filling up the DagBag from /home/airflow/.local/lib/python3.7/site-packages/airflow/example_dags/example_external_task_marker_dag.py
[2022-02-16 17:15:14,546] {processor.py:654} INFO - DAG(s) dict_keys(['example_external_task_marker_parent', 'example_external_task_marker_child']) retrieved from /home/airflow/.local/lib/python3.7/site-packages/airflow/example_dags/example_external_task_marker_dag.py
[2022-02-16 17:15:14,590] {logging_mixin.py:109} INFO - [2022-02-16 17:15:14,589] {dag.py:2396} INFO - Sync 2 DAGs
[2022-02-16 17:15:14,611] {logging_mixin.py:109} INFO - [2022-02-16 17:15:14,610] {dag.py:2935} INFO - Setting next_dagrun for example_external_task_marker_child to None
[2022-02-16 17:15:14,611] {logging_mixin.py:109} INFO - [2022-02-16 17:15:14,611] {dag.py:2935} INFO - Setting next_dagrun for example_external_task_marker_parent to None
[2022-02-16 17:15:14,631] {processor.py:171} INFO - Processing /home/airflow/.local/lib/python3.7/site-packages/airflow/example_dags/example_external_task_marker_dag.py took 0.133 seconds
[2022-02-16 17:15:44,986] {processor.py:163} INFO - Started process (PID=6538) to work on /home/airflow/.local/lib/python3.7/site-packages/airflow/example_dags/example_external_task_marker_dag.py
[2022-02-16 17:15:44,987] {processor.py:642} INFO - Processing file /home/airflow/.local/lib/python3.7/site-packages/airflow/example_dags/example_external_task_marker_dag.py for tasks to queue
[2022-02-16 17:15:44,988] {logging_mixin.py:109} INFO - [2022-02-16 17:15:44,988] {dagbag.py:500} INFO - Filling up the DagBag from /home/airflow/.local/lib/python3.7/site-packages/airflow/example_dags/example_external_task_marker_dag.py
[2022-02-16 17:15:45,023] {processor.py:654} INFO - DAG(s) dict_keys(['example_external_task_marker_parent', 'example_external_task_marker_child']) retrieved from /home/airflow/.local/lib/python3.7/site-packages/airflow/example_dags/example_external_task_marker_dag.py
[2022-02-16 17:15:45,064] {logging_mixin.py:109} INFO - [2022-02-16 17:15:45,064] {dag.py:2396} INFO - Sync 2 DAGs
[2022-02-16 17:15:45,105] {logging_mixin.py:109} INFO - [2022-02-16 17:15:45,104] {dag.py:2935} INFO - Setting next_dagrun for example_external_task_marker_child to None
[2022-02-16 17:15:45,105] {logging_mixin.py:109} INFO - [2022-02-16 17:15:45,105] {dag.py:2935} INFO - Setting next_dagrun for example_external_task_marker_parent to None
[2022-02-16 17:15:45,137] {processor.py:171} INFO - Processing /home/airflow/.local/lib/python3.7/site-packages/airflow/example_dags/example_external_task_marker_dag.py took 0.156 seconds
[2022-02-16 17:16:15,824] {processor.py:163} INFO - Started process (PID=6730) to work on /home/airflow/.local/lib/python3.7/site-packages/airflow/example_dags/example_external_task_marker_dag.py
[2022-02-16 17:16:15,825] {processor.py:642} INFO - Processing file /home/airflow/.local/lib/python3.7/site-packages/airflow/example_dags/example_external_task_marker_dag.py for tasks to queue
[2022-02-16 17:16:15,826] {logging_mixin.py:109} INFO - [2022-02-16 17:16:15,826] {dagbag.py:500} INFO - Filling up the DagBag from /home/airflow/.local/lib/python3.7/site-packages/airflow/example_dags/example_external_task_marker_dag.py
[2022-02-16 17:16:15,857] {processor.py:654} INFO - DAG(s) dict_keys(['example_external_task_marker_parent', 'example_external_task_marker_child']) retrieved from /home/airflow/.local/lib/python3.7/site-packages/airflow/example_dags/example_external_task_marker_dag.py
[2022-02-16 17:16:15,875] {logging_mixin.py:109} INFO - [2022-02-16 17:16:15,875] {dag.py:2396} INFO - Sync 2 DAGs
[2022-02-16 17:16:15,893] {logging_mixin.py:109} INFO - [2022-02-16 17:16:15,893] {dag.py:2935} INFO - Setting next_dagrun for example_external_task_marker_child to None
[2022-02-16 17:16:15,894] {logging_mixin.py:109} INFO - [2022-02-16 17:16:15,894] {dag.py:2935} INFO - Setting next_dagrun for example_external_task_marker_parent to None
[2022-02-16 17:16:15,904] {processor.py:171} INFO - Processing /home/airflow/.local/lib/python3.7/site-packages/airflow/example_dags/example_external_task_marker_dag.py took 0.089 seconds
[2022-02-16 17:16:47,418] {processor.py:163} INFO - Started process (PID=6932) to work on /home/airflow/.local/lib/python3.7/site-packages/airflow/example_dags/example_external_task_marker_dag.py
[2022-02-16 17:16:47,421] {processor.py:642} INFO - Processing file /home/airflow/.local/lib/python3.7/site-packages/airflow/example_dags/example_external_task_marker_dag.py for tasks to queue
[2022-02-16 17:16:47,421] {logging_mixin.py:109} INFO - [2022-02-16 17:16:47,421] {dagbag.py:500} INFO - Filling up the DagBag from /home/airflow/.local/lib/python3.7/site-packages/airflow/example_dags/example_external_task_marker_dag.py
[2022-02-16 17:16:47,483] {processor.py:654} INFO - DAG(s) dict_keys(['example_external_task_marker_parent', 'example_external_task_marker_child']) retrieved from /home/airflow/.local/lib/python3.7/site-packages/airflow/example_dags/example_external_task_marker_dag.py
[2022-02-16 17:16:47,507] {logging_mixin.py:109} INFO - [2022-02-16 17:16:47,507] {dag.py:2396} INFO - Sync 2 DAGs
[2022-02-16 17:16:47,546] {logging_mixin.py:109} INFO - [2022-02-16 17:16:47,546] {dag.py:2935} INFO - Setting next_dagrun for example_external_task_marker_child to None
[2022-02-16 17:16:47,546] {logging_mixin.py:109} INFO - [2022-02-16 17:16:47,546] {dag.py:2935} INFO - Setting next_dagrun for example_external_task_marker_parent to None
[2022-02-16 17:16:47,565] {processor.py:171} INFO - Processing /home/airflow/.local/lib/python3.7/site-packages/airflow/example_dags/example_external_task_marker_dag.py took 0.157 seconds
[2022-02-16 17:17:18,425] {processor.py:163} INFO - Started process (PID=7121) to work on /home/airflow/.local/lib/python3.7/site-packages/airflow/example_dags/example_external_task_marker_dag.py
[2022-02-16 17:17:18,426] {processor.py:642} INFO - Processing file /home/airflow/.local/lib/python3.7/site-packages/airflow/example_dags/example_external_task_marker_dag.py for tasks to queue
[2022-02-16 17:17:18,428] {logging_mixin.py:109} INFO - [2022-02-16 17:17:18,428] {dagbag.py:500} INFO - Filling up the DagBag from /home/airflow/.local/lib/python3.7/site-packages/airflow/example_dags/example_external_task_marker_dag.py
[2022-02-16 17:17:18,463] {processor.py:654} INFO - DAG(s) dict_keys(['example_external_task_marker_parent', 'example_external_task_marker_child']) retrieved from /home/airflow/.local/lib/python3.7/site-packages/airflow/example_dags/example_external_task_marker_dag.py
[2022-02-16 17:17:18,477] {logging_mixin.py:109} INFO - [2022-02-16 17:17:18,477] {dag.py:2396} INFO - Sync 2 DAGs
[2022-02-16 17:17:18,496] {logging_mixin.py:109} INFO - [2022-02-16 17:17:18,496] {dag.py:2935} INFO - Setting next_dagrun for example_external_task_marker_child to None
[2022-02-16 17:17:18,497] {logging_mixin.py:109} INFO - [2022-02-16 17:17:18,497] {dag.py:2935} INFO - Setting next_dagrun for example_external_task_marker_parent to None
[2022-02-16 17:17:18,511] {processor.py:171} INFO - Processing /home/airflow/.local/lib/python3.7/site-packages/airflow/example_dags/example_external_task_marker_dag.py took 0.093 seconds
[2022-02-16 17:17:49,524] {processor.py:163} INFO - Started process (PID=7311) to work on /home/airflow/.local/lib/python3.7/site-packages/airflow/example_dags/example_external_task_marker_dag.py
[2022-02-16 17:17:49,527] {processor.py:642} INFO - Processing file /home/airflow/.local/lib/python3.7/site-packages/airflow/example_dags/example_external_task_marker_dag.py for tasks to queue
[2022-02-16 17:17:49,528] {logging_mixin.py:109} INFO - [2022-02-16 17:17:49,527] {dagbag.py:500} INFO - Filling up the DagBag from /home/airflow/.local/lib/python3.7/site-packages/airflow/example_dags/example_external_task_marker_dag.py
[2022-02-16 17:17:49,631] {processor.py:654} INFO - DAG(s) dict_keys(['example_external_task_marker_parent', 'example_external_task_marker_child']) retrieved from /home/airflow/.local/lib/python3.7/site-packages/airflow/example_dags/example_external_task_marker_dag.py
[2022-02-16 17:17:49,671] {logging_mixin.py:109} INFO - [2022-02-16 17:17:49,671] {dag.py:2396} INFO - Sync 2 DAGs
[2022-02-16 17:17:49,695] {logging_mixin.py:109} INFO - [2022-02-16 17:17:49,695] {dag.py:2935} INFO - Setting next_dagrun for example_external_task_marker_child to None
[2022-02-16 17:17:49,695] {logging_mixin.py:109} INFO - [2022-02-16 17:17:49,695] {dag.py:2935} INFO - Setting next_dagrun for example_external_task_marker_parent to None
[2022-02-16 17:17:49,715] {processor.py:171} INFO - Processing /home/airflow/.local/lib/python3.7/site-packages/airflow/example_dags/example_external_task_marker_dag.py took 0.196 seconds
[2022-02-16 17:18:20,955] {processor.py:163} INFO - Started process (PID=7519) to work on /home/airflow/.local/lib/python3.7/site-packages/airflow/example_dags/example_external_task_marker_dag.py
[2022-02-16 17:18:20,960] {processor.py:642} INFO - Processing file /home/airflow/.local/lib/python3.7/site-packages/airflow/example_dags/example_external_task_marker_dag.py for tasks to queue
[2022-02-16 17:18:20,962] {logging_mixin.py:109} INFO - [2022-02-16 17:18:20,962] {dagbag.py:500} INFO - Filling up the DagBag from /home/airflow/.local/lib/python3.7/site-packages/airflow/example_dags/example_external_task_marker_dag.py
[2022-02-16 17:18:21,021] {processor.py:654} INFO - DAG(s) dict_keys(['example_external_task_marker_parent', 'example_external_task_marker_child']) retrieved from /home/airflow/.local/lib/python3.7/site-packages/airflow/example_dags/example_external_task_marker_dag.py
[2022-02-16 17:18:21,050] {logging_mixin.py:109} INFO - [2022-02-16 17:18:21,050] {dag.py:2396} INFO - Sync 2 DAGs
[2022-02-16 17:18:21,081] {logging_mixin.py:109} INFO - [2022-02-16 17:18:21,081] {dag.py:2935} INFO - Setting next_dagrun for example_external_task_marker_child to None
[2022-02-16 17:18:21,082] {logging_mixin.py:109} INFO - [2022-02-16 17:18:21,082] {dag.py:2935} INFO - Setting next_dagrun for example_external_task_marker_parent to None
[2022-02-16 17:18:21,100] {processor.py:171} INFO - Processing /home/airflow/.local/lib/python3.7/site-packages/airflow/example_dags/example_external_task_marker_dag.py took 0.149 seconds
[2022-02-16 17:18:51,574] {processor.py:163} INFO - Started process (PID=7708) to work on /home/airflow/.local/lib/python3.7/site-packages/airflow/example_dags/example_external_task_marker_dag.py
[2022-02-16 17:18:51,576] {processor.py:642} INFO - Processing file /home/airflow/.local/lib/python3.7/site-packages/airflow/example_dags/example_external_task_marker_dag.py for tasks to queue
[2022-02-16 17:18:51,579] {logging_mixin.py:109} INFO - [2022-02-16 17:18:51,579] {dagbag.py:500} INFO - Filling up the DagBag from /home/airflow/.local/lib/python3.7/site-packages/airflow/example_dags/example_external_task_marker_dag.py
[2022-02-16 17:18:51,610] {processor.py:654} INFO - DAG(s) dict_keys(['example_external_task_marker_parent', 'example_external_task_marker_child']) retrieved from /home/airflow/.local/lib/python3.7/site-packages/airflow/example_dags/example_external_task_marker_dag.py
[2022-02-16 17:18:51,623] {logging_mixin.py:109} INFO - [2022-02-16 17:18:51,623] {dag.py:2396} INFO - Sync 2 DAGs
[2022-02-16 17:18:51,640] {logging_mixin.py:109} INFO - [2022-02-16 17:18:51,640] {dag.py:2935} INFO - Setting next_dagrun for example_external_task_marker_child to None
[2022-02-16 17:18:51,641] {logging_mixin.py:109} INFO - [2022-02-16 17:18:51,641] {dag.py:2935} INFO - Setting next_dagrun for example_external_task_marker_parent to None
[2022-02-16 17:18:51,649] {processor.py:171} INFO - Processing /home/airflow/.local/lib/python3.7/site-packages/airflow/example_dags/example_external_task_marker_dag.py took 0.080 seconds
[2022-02-16 17:19:22,668] {processor.py:163} INFO - Started process (PID=7898) to work on /home/airflow/.local/lib/python3.7/site-packages/airflow/example_dags/example_external_task_marker_dag.py
[2022-02-16 17:19:22,671] {processor.py:642} INFO - Processing file /home/airflow/.local/lib/python3.7/site-packages/airflow/example_dags/example_external_task_marker_dag.py for tasks to queue
[2022-02-16 17:19:22,672] {logging_mixin.py:109} INFO - [2022-02-16 17:19:22,672] {dagbag.py:500} INFO - Filling up the DagBag from /home/airflow/.local/lib/python3.7/site-packages/airflow/example_dags/example_external_task_marker_dag.py
[2022-02-16 17:19:22,716] {processor.py:654} INFO - DAG(s) dict_keys(['example_external_task_marker_parent', 'example_external_task_marker_child']) retrieved from /home/airflow/.local/lib/python3.7/site-packages/airflow/example_dags/example_external_task_marker_dag.py
[2022-02-16 17:19:22,735] {logging_mixin.py:109} INFO - [2022-02-16 17:19:22,734] {dag.py:2396} INFO - Sync 2 DAGs
[2022-02-16 17:19:22,757] {logging_mixin.py:109} INFO - [2022-02-16 17:19:22,757] {dag.py:2935} INFO - Setting next_dagrun for example_external_task_marker_child to None
[2022-02-16 17:19:22,758] {logging_mixin.py:109} INFO - [2022-02-16 17:19:22,757] {dag.py:2935} INFO - Setting next_dagrun for example_external_task_marker_parent to None
[2022-02-16 17:19:22,770] {processor.py:171} INFO - Processing /home/airflow/.local/lib/python3.7/site-packages/airflow/example_dags/example_external_task_marker_dag.py took 0.106 seconds
[2022-02-16 17:19:54,185] {processor.py:163} INFO - Started process (PID=8108) to work on /home/airflow/.local/lib/python3.7/site-packages/airflow/example_dags/example_external_task_marker_dag.py
[2022-02-16 17:19:54,191] {processor.py:642} INFO - Processing file /home/airflow/.local/lib/python3.7/site-packages/airflow/example_dags/example_external_task_marker_dag.py for tasks to queue
[2022-02-16 17:19:54,192] {logging_mixin.py:109} INFO - [2022-02-16 17:19:54,192] {dagbag.py:500} INFO - Filling up the DagBag from /home/airflow/.local/lib/python3.7/site-packages/airflow/example_dags/example_external_task_marker_dag.py
[2022-02-16 17:19:54,266] {processor.py:654} INFO - DAG(s) dict_keys(['example_external_task_marker_parent', 'example_external_task_marker_child']) retrieved from /home/airflow/.local/lib/python3.7/site-packages/airflow/example_dags/example_external_task_marker_dag.py
[2022-02-16 17:19:54,295] {logging_mixin.py:109} INFO - [2022-02-16 17:19:54,295] {dag.py:2396} INFO - Sync 2 DAGs
[2022-02-16 17:19:54,320] {logging_mixin.py:109} INFO - [2022-02-16 17:19:54,320] {dag.py:2935} INFO - Setting next_dagrun for example_external_task_marker_child to None
[2022-02-16 17:19:54,321] {logging_mixin.py:109} INFO - [2022-02-16 17:19:54,321] {dag.py:2935} INFO - Setting next_dagrun for example_external_task_marker_parent to None
[2022-02-16 17:19:54,330] {processor.py:171} INFO - Processing /home/airflow/.local/lib/python3.7/site-packages/airflow/example_dags/example_external_task_marker_dag.py took 0.150 seconds
[2022-02-16 17:20:25,100] {processor.py:163} INFO - Started process (PID=8307) to work on /home/airflow/.local/lib/python3.7/site-packages/airflow/example_dags/example_external_task_marker_dag.py
[2022-02-16 17:20:25,103] {processor.py:642} INFO - Processing file /home/airflow/.local/lib/python3.7/site-packages/airflow/example_dags/example_external_task_marker_dag.py for tasks to queue
[2022-02-16 17:20:25,105] {logging_mixin.py:109} INFO - [2022-02-16 17:20:25,105] {dagbag.py:500} INFO - Filling up the DagBag from /home/airflow/.local/lib/python3.7/site-packages/airflow/example_dags/example_external_task_marker_dag.py
[2022-02-16 17:20:25,196] {processor.py:654} INFO - DAG(s) dict_keys(['example_external_task_marker_parent', 'example_external_task_marker_child']) retrieved from /home/airflow/.local/lib/python3.7/site-packages/airflow/example_dags/example_external_task_marker_dag.py
[2022-02-16 17:20:25,215] {logging_mixin.py:109} INFO - [2022-02-16 17:20:25,214] {dag.py:2396} INFO - Sync 2 DAGs
[2022-02-16 17:20:25,241] {logging_mixin.py:109} INFO - [2022-02-16 17:20:25,241] {dag.py:2935} INFO - Setting next_dagrun for example_external_task_marker_child to None
[2022-02-16 17:20:25,241] {logging_mixin.py:109} INFO - [2022-02-16 17:20:25,241] {dag.py:2935} INFO - Setting next_dagrun for example_external_task_marker_parent to None
[2022-02-16 17:20:25,264] {processor.py:171} INFO - Processing /home/airflow/.local/lib/python3.7/site-packages/airflow/example_dags/example_external_task_marker_dag.py took 0.222 seconds
[2022-02-16 17:20:55,456] {processor.py:163} INFO - Started process (PID=8495) to work on /home/airflow/.local/lib/python3.7/site-packages/airflow/example_dags/example_external_task_marker_dag.py
[2022-02-16 17:20:55,458] {processor.py:642} INFO - Processing file /home/airflow/.local/lib/python3.7/site-packages/airflow/example_dags/example_external_task_marker_dag.py for tasks to queue
[2022-02-16 17:20:55,459] {logging_mixin.py:109} INFO - [2022-02-16 17:20:55,459] {dagbag.py:500} INFO - Filling up the DagBag from /home/airflow/.local/lib/python3.7/site-packages/airflow/example_dags/example_external_task_marker_dag.py
[2022-02-16 17:20:55,491] {processor.py:654} INFO - DAG(s) dict_keys(['example_external_task_marker_parent', 'example_external_task_marker_child']) retrieved from /home/airflow/.local/lib/python3.7/site-packages/airflow/example_dags/example_external_task_marker_dag.py
[2022-02-16 17:20:55,505] {logging_mixin.py:109} INFO - [2022-02-16 17:20:55,505] {dag.py:2396} INFO - Sync 2 DAGs
[2022-02-16 17:20:55,523] {logging_mixin.py:109} INFO - [2022-02-16 17:20:55,523] {dag.py:2935} INFO - Setting next_dagrun for example_external_task_marker_child to None
[2022-02-16 17:20:55,523] {logging_mixin.py:109} INFO - [2022-02-16 17:20:55,523] {dag.py:2935} INFO - Setting next_dagrun for example_external_task_marker_parent to None
[2022-02-16 17:20:55,533] {processor.py:171} INFO - Processing /home/airflow/.local/lib/python3.7/site-packages/airflow/example_dags/example_external_task_marker_dag.py took 0.081 seconds
