[2022-02-16 16:31:15,617] {processor.py:163} INFO - Started process (PID=60) to work on /home/airflow/.local/lib/python3.7/site-packages/airflow/example_dags/example_branch_python_dop_operator_3.py
[2022-02-16 16:31:15,618] {processor.py:642} INFO - Processing file /home/airflow/.local/lib/python3.7/site-packages/airflow/example_dags/example_branch_python_dop_operator_3.py for tasks to queue
[2022-02-16 16:31:15,629] {logging_mixin.py:109} INFO - [2022-02-16 16:31:15,619] {dagbag.py:500} INFO - Filling up the DagBag from /home/airflow/.local/lib/python3.7/site-packages/airflow/example_dags/example_branch_python_dop_operator_3.py
[2022-02-16 16:31:15,984] {processor.py:654} INFO - DAG(s) dict_keys(['example_branch_dop_operator_v3']) retrieved from /home/airflow/.local/lib/python3.7/site-packages/airflow/example_dags/example_branch_python_dop_operator_3.py
[2022-02-16 16:32:11,695] {processor.py:163} INFO - Started process (PID=91) to work on /home/airflow/.local/lib/python3.7/site-packages/airflow/example_dags/example_branch_python_dop_operator_3.py
[2022-02-16 16:32:12,091] {processor.py:642} INFO - Processing file /home/airflow/.local/lib/python3.7/site-packages/airflow/example_dags/example_branch_python_dop_operator_3.py for tasks to queue
[2022-02-16 16:32:12,103] {logging_mixin.py:109} INFO - [2022-02-16 16:32:12,103] {dagbag.py:500} INFO - Filling up the DagBag from /home/airflow/.local/lib/python3.7/site-packages/airflow/example_dags/example_branch_python_dop_operator_3.py
[2022-02-16 16:32:18,017] {processor.py:654} INFO - DAG(s) dict_keys(['example_branch_dop_operator_v3']) retrieved from /home/airflow/.local/lib/python3.7/site-packages/airflow/example_dags/example_branch_python_dop_operator_3.py
[2022-02-16 16:33:07,492] {processor.py:163} INFO - Started process (PID=119) to work on /home/airflow/.local/lib/python3.7/site-packages/airflow/example_dags/example_branch_python_dop_operator_3.py
[2022-02-16 16:33:07,714] {processor.py:642} INFO - Processing file /home/airflow/.local/lib/python3.7/site-packages/airflow/example_dags/example_branch_python_dop_operator_3.py for tasks to queue
[2022-02-16 16:33:07,811] {logging_mixin.py:109} INFO - [2022-02-16 16:33:07,714] {dagbag.py:500} INFO - Filling up the DagBag from /home/airflow/.local/lib/python3.7/site-packages/airflow/example_dags/example_branch_python_dop_operator_3.py
[2022-02-16 16:33:11,069] {processor.py:654} INFO - DAG(s) dict_keys(['example_branch_dop_operator_v3']) retrieved from /home/airflow/.local/lib/python3.7/site-packages/airflow/example_dags/example_branch_python_dop_operator_3.py
[2022-02-16 16:34:30,813] {processor.py:163} INFO - Started process (PID=162) to work on /home/airflow/.local/lib/python3.7/site-packages/airflow/example_dags/example_branch_python_dop_operator_3.py
[2022-02-16 16:34:31,722] {processor.py:642} INFO - Processing file /home/airflow/.local/lib/python3.7/site-packages/airflow/example_dags/example_branch_python_dop_operator_3.py for tasks to queue
[2022-02-16 16:34:31,751] {logging_mixin.py:109} INFO - [2022-02-16 16:34:31,725] {dagbag.py:500} INFO - Filling up the DagBag from /home/airflow/.local/lib/python3.7/site-packages/airflow/example_dags/example_branch_python_dop_operator_3.py
[2022-02-16 16:35:54,109] {processor.py:163} INFO - Started process (PID=174) to work on /home/airflow/.local/lib/python3.7/site-packages/airflow/example_dags/example_branch_python_dop_operator_3.py
[2022-02-16 16:35:54,117] {processor.py:642} INFO - Processing file /home/airflow/.local/lib/python3.7/site-packages/airflow/example_dags/example_branch_python_dop_operator_3.py for tasks to queue
[2022-02-16 16:35:54,168] {logging_mixin.py:109} INFO - [2022-02-16 16:35:54,168] {dagbag.py:500} INFO - Filling up the DagBag from /home/airflow/.local/lib/python3.7/site-packages/airflow/example_dags/example_branch_python_dop_operator_3.py
[2022-02-16 16:36:41,262] {processor.py:654} INFO - DAG(s) dict_keys(['example_branch_dop_operator_v3']) retrieved from /home/airflow/.local/lib/python3.7/site-packages/airflow/example_dags/example_branch_python_dop_operator_3.py
[2022-02-16 16:58:07,408] {processor.py:163} INFO - Started process (PID=173) to work on /home/airflow/.local/lib/python3.7/site-packages/airflow/example_dags/example_branch_python_dop_operator_3.py
[2022-02-16 16:58:07,435] {processor.py:642} INFO - Processing file /home/airflow/.local/lib/python3.7/site-packages/airflow/example_dags/example_branch_python_dop_operator_3.py for tasks to queue
[2022-02-16 16:58:07,435] {logging_mixin.py:109} INFO - [2022-02-16 16:58:07,435] {dagbag.py:500} INFO - Filling up the DagBag from /home/airflow/.local/lib/python3.7/site-packages/airflow/example_dags/example_branch_python_dop_operator_3.py
[2022-02-16 16:58:07,536] {processor.py:654} INFO - DAG(s) dict_keys(['example_branch_dop_operator_v3']) retrieved from /home/airflow/.local/lib/python3.7/site-packages/airflow/example_dags/example_branch_python_dop_operator_3.py
[2022-02-16 16:58:19,551] {logging_mixin.py:109} INFO - [2022-02-16 16:58:19,551] {manager.py:496} INFO - Created Permission View: can read on DAG:example_branch_dop_operator_v3
[2022-02-16 16:58:19,618] {logging_mixin.py:109} INFO - [2022-02-16 16:58:19,618] {manager.py:496} INFO - Created Permission View: can edit on DAG:example_branch_dop_operator_v3
[2022-02-16 16:58:19,621] {logging_mixin.py:109} INFO - [2022-02-16 16:58:19,618] {dag.py:2396} INFO - Sync 1 DAGs
[2022-02-16 16:58:19,672] {logging_mixin.py:109} INFO - [2022-02-16 16:58:19,672] {dag.py:2415} INFO - Creating ORM DAG for example_branch_dop_operator_v3
[2022-02-16 16:58:19,762] {logging_mixin.py:109} INFO - [2022-02-16 16:58:19,746] {dag.py:2935} INFO - Setting next_dagrun for example_branch_dop_operator_v3 to 2022-02-16T16:57:00+00:00
[2022-02-16 16:58:19,804] {processor.py:171} INFO - Processing /home/airflow/.local/lib/python3.7/site-packages/airflow/example_dags/example_branch_python_dop_operator_3.py took 12.411 seconds
[2022-02-16 16:59:07,698] {processor.py:163} INFO - Started process (PID=425) to work on /home/airflow/.local/lib/python3.7/site-packages/airflow/example_dags/example_branch_python_dop_operator_3.py
[2022-02-16 16:59:07,700] {processor.py:642} INFO - Processing file /home/airflow/.local/lib/python3.7/site-packages/airflow/example_dags/example_branch_python_dop_operator_3.py for tasks to queue
[2022-02-16 16:59:07,700] {logging_mixin.py:109} INFO - [2022-02-16 16:59:07,700] {dagbag.py:500} INFO - Filling up the DagBag from /home/airflow/.local/lib/python3.7/site-packages/airflow/example_dags/example_branch_python_dop_operator_3.py
[2022-02-16 16:59:07,738] {processor.py:654} INFO - DAG(s) dict_keys(['example_branch_dop_operator_v3']) retrieved from /home/airflow/.local/lib/python3.7/site-packages/airflow/example_dags/example_branch_python_dop_operator_3.py
[2022-02-16 16:59:07,750] {logging_mixin.py:109} INFO - [2022-02-16 16:59:07,749] {dag.py:2396} INFO - Sync 1 DAGs
[2022-02-16 16:59:07,775] {logging_mixin.py:109} INFO - [2022-02-16 16:59:07,774] {dag.py:2935} INFO - Setting next_dagrun for example_branch_dop_operator_v3 to 2022-02-16T16:58:00+00:00
[2022-02-16 16:59:07,785] {processor.py:171} INFO - Processing /home/airflow/.local/lib/python3.7/site-packages/airflow/example_dags/example_branch_python_dop_operator_3.py took 0.091 seconds
[2022-02-16 16:59:37,986] {processor.py:163} INFO - Started process (PID=596) to work on /home/airflow/.local/lib/python3.7/site-packages/airflow/example_dags/example_branch_python_dop_operator_3.py
[2022-02-16 16:59:37,987] {processor.py:642} INFO - Processing file /home/airflow/.local/lib/python3.7/site-packages/airflow/example_dags/example_branch_python_dop_operator_3.py for tasks to queue
[2022-02-16 16:59:37,989] {logging_mixin.py:109} INFO - [2022-02-16 16:59:37,988] {dagbag.py:500} INFO - Filling up the DagBag from /home/airflow/.local/lib/python3.7/site-packages/airflow/example_dags/example_branch_python_dop_operator_3.py
[2022-02-16 16:59:38,036] {processor.py:654} INFO - DAG(s) dict_keys(['example_branch_dop_operator_v3']) retrieved from /home/airflow/.local/lib/python3.7/site-packages/airflow/example_dags/example_branch_python_dop_operator_3.py
[2022-02-16 16:59:38,057] {logging_mixin.py:109} INFO - [2022-02-16 16:59:38,056] {dag.py:2396} INFO - Sync 1 DAGs
[2022-02-16 16:59:38,085] {logging_mixin.py:109} INFO - [2022-02-16 16:59:38,085] {dag.py:2935} INFO - Setting next_dagrun for example_branch_dop_operator_v3 to 2022-02-16T16:58:00+00:00
[2022-02-16 16:59:38,101] {processor.py:171} INFO - Processing /home/airflow/.local/lib/python3.7/site-packages/airflow/example_dags/example_branch_python_dop_operator_3.py took 0.121 seconds
[2022-02-16 17:00:09,462] {processor.py:163} INFO - Started process (PID=789) to work on /home/airflow/.local/lib/python3.7/site-packages/airflow/example_dags/example_branch_python_dop_operator_3.py
[2022-02-16 17:00:09,464] {processor.py:642} INFO - Processing file /home/airflow/.local/lib/python3.7/site-packages/airflow/example_dags/example_branch_python_dop_operator_3.py for tasks to queue
[2022-02-16 17:00:09,465] {logging_mixin.py:109} INFO - [2022-02-16 17:00:09,465] {dagbag.py:500} INFO - Filling up the DagBag from /home/airflow/.local/lib/python3.7/site-packages/airflow/example_dags/example_branch_python_dop_operator_3.py
[2022-02-16 17:00:10,019] {processor.py:654} INFO - DAG(s) dict_keys(['example_branch_dop_operator_v3']) retrieved from /home/airflow/.local/lib/python3.7/site-packages/airflow/example_dags/example_branch_python_dop_operator_3.py
[2022-02-16 17:00:10,030] {logging_mixin.py:109} INFO - [2022-02-16 17:00:10,030] {dag.py:2396} INFO - Sync 1 DAGs
[2022-02-16 17:00:10,050] {logging_mixin.py:109} INFO - [2022-02-16 17:00:10,050] {dag.py:2935} INFO - Setting next_dagrun for example_branch_dop_operator_v3 to 2022-02-16T16:59:00+00:00
[2022-02-16 17:00:10,072] {processor.py:171} INFO - Processing /home/airflow/.local/lib/python3.7/site-packages/airflow/example_dags/example_branch_python_dop_operator_3.py took 0.615 seconds
[2022-02-16 17:00:40,157] {processor.py:163} INFO - Started process (PID=956) to work on /home/airflow/.local/lib/python3.7/site-packages/airflow/example_dags/example_branch_python_dop_operator_3.py
[2022-02-16 17:00:40,158] {processor.py:642} INFO - Processing file /home/airflow/.local/lib/python3.7/site-packages/airflow/example_dags/example_branch_python_dop_operator_3.py for tasks to queue
[2022-02-16 17:00:40,160] {logging_mixin.py:109} INFO - [2022-02-16 17:00:40,160] {dagbag.py:500} INFO - Filling up the DagBag from /home/airflow/.local/lib/python3.7/site-packages/airflow/example_dags/example_branch_python_dop_operator_3.py
[2022-02-16 17:00:40,202] {processor.py:654} INFO - DAG(s) dict_keys(['example_branch_dop_operator_v3']) retrieved from /home/airflow/.local/lib/python3.7/site-packages/airflow/example_dags/example_branch_python_dop_operator_3.py
[2022-02-16 17:00:40,216] {logging_mixin.py:109} INFO - [2022-02-16 17:00:40,216] {dag.py:2396} INFO - Sync 1 DAGs
[2022-02-16 17:00:40,243] {logging_mixin.py:109} INFO - [2022-02-16 17:00:40,243] {dag.py:2935} INFO - Setting next_dagrun for example_branch_dop_operator_v3 to 2022-02-16T16:59:00+00:00
[2022-02-16 17:00:40,253] {processor.py:171} INFO - Processing /home/airflow/.local/lib/python3.7/site-packages/airflow/example_dags/example_branch_python_dop_operator_3.py took 0.101 seconds
[2022-02-16 17:01:10,312] {processor.py:163} INFO - Started process (PID=1144) to work on /home/airflow/.local/lib/python3.7/site-packages/airflow/example_dags/example_branch_python_dop_operator_3.py
[2022-02-16 17:01:10,314] {processor.py:642} INFO - Processing file /home/airflow/.local/lib/python3.7/site-packages/airflow/example_dags/example_branch_python_dop_operator_3.py for tasks to queue
[2022-02-16 17:01:10,315] {logging_mixin.py:109} INFO - [2022-02-16 17:01:10,314] {dagbag.py:500} INFO - Filling up the DagBag from /home/airflow/.local/lib/python3.7/site-packages/airflow/example_dags/example_branch_python_dop_operator_3.py
[2022-02-16 17:01:10,347] {processor.py:654} INFO - DAG(s) dict_keys(['example_branch_dop_operator_v3']) retrieved from /home/airflow/.local/lib/python3.7/site-packages/airflow/example_dags/example_branch_python_dop_operator_3.py
[2022-02-16 17:01:10,358] {logging_mixin.py:109} INFO - [2022-02-16 17:01:10,358] {dag.py:2396} INFO - Sync 1 DAGs
[2022-02-16 17:01:10,380] {logging_mixin.py:109} INFO - [2022-02-16 17:01:10,380] {dag.py:2935} INFO - Setting next_dagrun for example_branch_dop_operator_v3 to 2022-02-16T17:00:00+00:00
[2022-02-16 17:01:10,390] {processor.py:171} INFO - Processing /home/airflow/.local/lib/python3.7/site-packages/airflow/example_dags/example_branch_python_dop_operator_3.py took 0.082 seconds
[2022-02-16 17:01:40,639] {processor.py:163} INFO - Started process (PID=1320) to work on /home/airflow/.local/lib/python3.7/site-packages/airflow/example_dags/example_branch_python_dop_operator_3.py
[2022-02-16 17:01:40,641] {processor.py:642} INFO - Processing file /home/airflow/.local/lib/python3.7/site-packages/airflow/example_dags/example_branch_python_dop_operator_3.py for tasks to queue
[2022-02-16 17:01:40,641] {logging_mixin.py:109} INFO - [2022-02-16 17:01:40,641] {dagbag.py:500} INFO - Filling up the DagBag from /home/airflow/.local/lib/python3.7/site-packages/airflow/example_dags/example_branch_python_dop_operator_3.py
[2022-02-16 17:01:40,676] {processor.py:654} INFO - DAG(s) dict_keys(['example_branch_dop_operator_v3']) retrieved from /home/airflow/.local/lib/python3.7/site-packages/airflow/example_dags/example_branch_python_dop_operator_3.py
[2022-02-16 17:01:40,686] {logging_mixin.py:109} INFO - [2022-02-16 17:01:40,686] {dag.py:2396} INFO - Sync 1 DAGs
[2022-02-16 17:01:40,708] {logging_mixin.py:109} INFO - [2022-02-16 17:01:40,708] {dag.py:2935} INFO - Setting next_dagrun for example_branch_dop_operator_v3 to 2022-02-16T17:00:00+00:00
[2022-02-16 17:01:40,716] {processor.py:171} INFO - Processing /home/airflow/.local/lib/python3.7/site-packages/airflow/example_dags/example_branch_python_dop_operator_3.py took 0.081 seconds
[2022-02-16 17:02:10,850] {processor.py:163} INFO - Started process (PID=1496) to work on /home/airflow/.local/lib/python3.7/site-packages/airflow/example_dags/example_branch_python_dop_operator_3.py
[2022-02-16 17:02:10,852] {processor.py:642} INFO - Processing file /home/airflow/.local/lib/python3.7/site-packages/airflow/example_dags/example_branch_python_dop_operator_3.py for tasks to queue
[2022-02-16 17:02:10,852] {logging_mixin.py:109} INFO - [2022-02-16 17:02:10,852] {dagbag.py:500} INFO - Filling up the DagBag from /home/airflow/.local/lib/python3.7/site-packages/airflow/example_dags/example_branch_python_dop_operator_3.py
[2022-02-16 17:02:10,903] {processor.py:654} INFO - DAG(s) dict_keys(['example_branch_dop_operator_v3']) retrieved from /home/airflow/.local/lib/python3.7/site-packages/airflow/example_dags/example_branch_python_dop_operator_3.py
[2022-02-16 17:02:10,923] {logging_mixin.py:109} INFO - [2022-02-16 17:02:10,923] {dag.py:2396} INFO - Sync 1 DAGs
[2022-02-16 17:02:10,952] {logging_mixin.py:109} INFO - [2022-02-16 17:02:10,952] {dag.py:2935} INFO - Setting next_dagrun for example_branch_dop_operator_v3 to 2022-02-16T17:01:00+00:00
[2022-02-16 17:02:10,962] {processor.py:171} INFO - Processing /home/airflow/.local/lib/python3.7/site-packages/airflow/example_dags/example_branch_python_dop_operator_3.py took 0.120 seconds
[2022-02-16 17:02:41,768] {processor.py:163} INFO - Started process (PID=1675) to work on /home/airflow/.local/lib/python3.7/site-packages/airflow/example_dags/example_branch_python_dop_operator_3.py
[2022-02-16 17:02:41,769] {processor.py:642} INFO - Processing file /home/airflow/.local/lib/python3.7/site-packages/airflow/example_dags/example_branch_python_dop_operator_3.py for tasks to queue
[2022-02-16 17:02:41,770] {logging_mixin.py:109} INFO - [2022-02-16 17:02:41,770] {dagbag.py:500} INFO - Filling up the DagBag from /home/airflow/.local/lib/python3.7/site-packages/airflow/example_dags/example_branch_python_dop_operator_3.py
[2022-02-16 17:02:41,828] {processor.py:654} INFO - DAG(s) dict_keys(['example_branch_dop_operator_v3']) retrieved from /home/airflow/.local/lib/python3.7/site-packages/airflow/example_dags/example_branch_python_dop_operator_3.py
[2022-02-16 17:02:41,844] {logging_mixin.py:109} INFO - [2022-02-16 17:02:41,844] {dag.py:2396} INFO - Sync 1 DAGs
[2022-02-16 17:02:41,871] {logging_mixin.py:109} INFO - [2022-02-16 17:02:41,871] {dag.py:2935} INFO - Setting next_dagrun for example_branch_dop_operator_v3 to 2022-02-16T17:01:00+00:00
[2022-02-16 17:02:41,881] {processor.py:171} INFO - Processing /home/airflow/.local/lib/python3.7/site-packages/airflow/example_dags/example_branch_python_dop_operator_3.py took 0.117 seconds
[2022-02-16 17:03:12,391] {processor.py:163} INFO - Started process (PID=1868) to work on /home/airflow/.local/lib/python3.7/site-packages/airflow/example_dags/example_branch_python_dop_operator_3.py
[2022-02-16 17:03:12,397] {processor.py:642} INFO - Processing file /home/airflow/.local/lib/python3.7/site-packages/airflow/example_dags/example_branch_python_dop_operator_3.py for tasks to queue
[2022-02-16 17:03:12,401] {logging_mixin.py:109} INFO - [2022-02-16 17:03:12,401] {dagbag.py:500} INFO - Filling up the DagBag from /home/airflow/.local/lib/python3.7/site-packages/airflow/example_dags/example_branch_python_dop_operator_3.py
[2022-02-16 17:03:12,612] {processor.py:654} INFO - DAG(s) dict_keys(['example_branch_dop_operator_v3']) retrieved from /home/airflow/.local/lib/python3.7/site-packages/airflow/example_dags/example_branch_python_dop_operator_3.py
[2022-02-16 17:03:12,649] {logging_mixin.py:109} INFO - [2022-02-16 17:03:12,648] {dag.py:2396} INFO - Sync 1 DAGs
[2022-02-16 17:03:12,741] {logging_mixin.py:109} INFO - [2022-02-16 17:03:12,740] {dag.py:2935} INFO - Setting next_dagrun for example_branch_dop_operator_v3 to 2022-02-16T17:02:00+00:00
[2022-02-16 17:03:12,826] {processor.py:171} INFO - Processing /home/airflow/.local/lib/python3.7/site-packages/airflow/example_dags/example_branch_python_dop_operator_3.py took 0.461 seconds
[2022-02-16 17:03:43,386] {processor.py:163} INFO - Started process (PID=2055) to work on /home/airflow/.local/lib/python3.7/site-packages/airflow/example_dags/example_branch_python_dop_operator_3.py
[2022-02-16 17:03:43,387] {processor.py:642} INFO - Processing file /home/airflow/.local/lib/python3.7/site-packages/airflow/example_dags/example_branch_python_dop_operator_3.py for tasks to queue
[2022-02-16 17:03:43,388] {logging_mixin.py:109} INFO - [2022-02-16 17:03:43,388] {dagbag.py:500} INFO - Filling up the DagBag from /home/airflow/.local/lib/python3.7/site-packages/airflow/example_dags/example_branch_python_dop_operator_3.py
[2022-02-16 17:03:43,424] {processor.py:654} INFO - DAG(s) dict_keys(['example_branch_dop_operator_v3']) retrieved from /home/airflow/.local/lib/python3.7/site-packages/airflow/example_dags/example_branch_python_dop_operator_3.py
[2022-02-16 17:03:43,434] {logging_mixin.py:109} INFO - [2022-02-16 17:03:43,434] {dag.py:2396} INFO - Sync 1 DAGs
[2022-02-16 17:03:43,456] {logging_mixin.py:109} INFO - [2022-02-16 17:03:43,456] {dag.py:2935} INFO - Setting next_dagrun for example_branch_dop_operator_v3 to 2022-02-16T17:02:00+00:00
[2022-02-16 17:03:43,465] {processor.py:171} INFO - Processing /home/airflow/.local/lib/python3.7/site-packages/airflow/example_dags/example_branch_python_dop_operator_3.py took 0.083 seconds
[2022-02-16 17:04:13,609] {processor.py:163} INFO - Started process (PID=2242) to work on /home/airflow/.local/lib/python3.7/site-packages/airflow/example_dags/example_branch_python_dop_operator_3.py
[2022-02-16 17:04:13,611] {processor.py:642} INFO - Processing file /home/airflow/.local/lib/python3.7/site-packages/airflow/example_dags/example_branch_python_dop_operator_3.py for tasks to queue
[2022-02-16 17:04:13,614] {logging_mixin.py:109} INFO - [2022-02-16 17:04:13,614] {dagbag.py:500} INFO - Filling up the DagBag from /home/airflow/.local/lib/python3.7/site-packages/airflow/example_dags/example_branch_python_dop_operator_3.py
[2022-02-16 17:04:13,659] {processor.py:654} INFO - DAG(s) dict_keys(['example_branch_dop_operator_v3']) retrieved from /home/airflow/.local/lib/python3.7/site-packages/airflow/example_dags/example_branch_python_dop_operator_3.py
[2022-02-16 17:04:13,677] {logging_mixin.py:109} INFO - [2022-02-16 17:04:13,676] {dag.py:2396} INFO - Sync 1 DAGs
[2022-02-16 17:04:13,707] {logging_mixin.py:109} INFO - [2022-02-16 17:04:13,707] {dag.py:2935} INFO - Setting next_dagrun for example_branch_dop_operator_v3 to 2022-02-16T17:03:00+00:00
[2022-02-16 17:04:13,723] {processor.py:171} INFO - Processing /home/airflow/.local/lib/python3.7/site-packages/airflow/example_dags/example_branch_python_dop_operator_3.py took 0.118 seconds
[2022-02-16 17:04:44,047] {processor.py:163} INFO - Started process (PID=2428) to work on /home/airflow/.local/lib/python3.7/site-packages/airflow/example_dags/example_branch_python_dop_operator_3.py
[2022-02-16 17:04:44,048] {processor.py:642} INFO - Processing file /home/airflow/.local/lib/python3.7/site-packages/airflow/example_dags/example_branch_python_dop_operator_3.py for tasks to queue
[2022-02-16 17:04:44,049] {logging_mixin.py:109} INFO - [2022-02-16 17:04:44,048] {dagbag.py:500} INFO - Filling up the DagBag from /home/airflow/.local/lib/python3.7/site-packages/airflow/example_dags/example_branch_python_dop_operator_3.py
[2022-02-16 17:04:44,083] {processor.py:654} INFO - DAG(s) dict_keys(['example_branch_dop_operator_v3']) retrieved from /home/airflow/.local/lib/python3.7/site-packages/airflow/example_dags/example_branch_python_dop_operator_3.py
[2022-02-16 17:04:44,093] {logging_mixin.py:109} INFO - [2022-02-16 17:04:44,093] {dag.py:2396} INFO - Sync 1 DAGs
[2022-02-16 17:04:44,115] {logging_mixin.py:109} INFO - [2022-02-16 17:04:44,115] {dag.py:2935} INFO - Setting next_dagrun for example_branch_dop_operator_v3 to 2022-02-16T17:03:00+00:00
[2022-02-16 17:04:44,124] {processor.py:171} INFO - Processing /home/airflow/.local/lib/python3.7/site-packages/airflow/example_dags/example_branch_python_dop_operator_3.py took 0.082 seconds
[2022-02-16 17:05:14,325] {processor.py:163} INFO - Started process (PID=2615) to work on /home/airflow/.local/lib/python3.7/site-packages/airflow/example_dags/example_branch_python_dop_operator_3.py
[2022-02-16 17:05:14,328] {processor.py:642} INFO - Processing file /home/airflow/.local/lib/python3.7/site-packages/airflow/example_dags/example_branch_python_dop_operator_3.py for tasks to queue
[2022-02-16 17:05:14,329] {logging_mixin.py:109} INFO - [2022-02-16 17:05:14,329] {dagbag.py:500} INFO - Filling up the DagBag from /home/airflow/.local/lib/python3.7/site-packages/airflow/example_dags/example_branch_python_dop_operator_3.py
[2022-02-16 17:05:14,368] {processor.py:654} INFO - DAG(s) dict_keys(['example_branch_dop_operator_v3']) retrieved from /home/airflow/.local/lib/python3.7/site-packages/airflow/example_dags/example_branch_python_dop_operator_3.py
[2022-02-16 17:05:14,383] {logging_mixin.py:109} INFO - [2022-02-16 17:05:14,383] {dag.py:2396} INFO - Sync 1 DAGs
[2022-02-16 17:05:14,413] {logging_mixin.py:109} INFO - [2022-02-16 17:05:14,413] {dag.py:2935} INFO - Setting next_dagrun for example_branch_dop_operator_v3 to 2022-02-16T17:04:00+00:00
[2022-02-16 17:05:14,425] {processor.py:171} INFO - Processing /home/airflow/.local/lib/python3.7/site-packages/airflow/example_dags/example_branch_python_dop_operator_3.py took 0.104 seconds
[2022-02-16 17:05:44,591] {processor.py:163} INFO - Started process (PID=2809) to work on /home/airflow/.local/lib/python3.7/site-packages/airflow/example_dags/example_branch_python_dop_operator_3.py
[2022-02-16 17:05:44,594] {processor.py:642} INFO - Processing file /home/airflow/.local/lib/python3.7/site-packages/airflow/example_dags/example_branch_python_dop_operator_3.py for tasks to queue
[2022-02-16 17:05:44,603] {logging_mixin.py:109} INFO - [2022-02-16 17:05:44,603] {dagbag.py:500} INFO - Filling up the DagBag from /home/airflow/.local/lib/python3.7/site-packages/airflow/example_dags/example_branch_python_dop_operator_3.py
[2022-02-16 17:05:44,743] {processor.py:654} INFO - DAG(s) dict_keys(['example_branch_dop_operator_v3']) retrieved from /home/airflow/.local/lib/python3.7/site-packages/airflow/example_dags/example_branch_python_dop_operator_3.py
[2022-02-16 17:05:44,792] {logging_mixin.py:109} INFO - [2022-02-16 17:05:44,792] {dag.py:2396} INFO - Sync 1 DAGs
[2022-02-16 17:05:44,827] {logging_mixin.py:109} INFO - [2022-02-16 17:05:44,827] {dag.py:2935} INFO - Setting next_dagrun for example_branch_dop_operator_v3 to 2022-02-16T17:04:00+00:00
[2022-02-16 17:05:44,838] {processor.py:171} INFO - Processing /home/airflow/.local/lib/python3.7/site-packages/airflow/example_dags/example_branch_python_dop_operator_3.py took 0.251 seconds
[2022-02-16 17:06:15,208] {processor.py:163} INFO - Started process (PID=2994) to work on /home/airflow/.local/lib/python3.7/site-packages/airflow/example_dags/example_branch_python_dop_operator_3.py
[2022-02-16 17:06:15,210] {processor.py:642} INFO - Processing file /home/airflow/.local/lib/python3.7/site-packages/airflow/example_dags/example_branch_python_dop_operator_3.py for tasks to queue
[2022-02-16 17:06:15,211] {logging_mixin.py:109} INFO - [2022-02-16 17:06:15,211] {dagbag.py:500} INFO - Filling up the DagBag from /home/airflow/.local/lib/python3.7/site-packages/airflow/example_dags/example_branch_python_dop_operator_3.py
[2022-02-16 17:06:15,247] {processor.py:654} INFO - DAG(s) dict_keys(['example_branch_dop_operator_v3']) retrieved from /home/airflow/.local/lib/python3.7/site-packages/airflow/example_dags/example_branch_python_dop_operator_3.py
[2022-02-16 17:06:15,261] {logging_mixin.py:109} INFO - [2022-02-16 17:06:15,261] {dag.py:2396} INFO - Sync 1 DAGs
[2022-02-16 17:06:15,292] {logging_mixin.py:109} INFO - [2022-02-16 17:06:15,292] {dag.py:2935} INFO - Setting next_dagrun for example_branch_dop_operator_v3 to 2022-02-16T17:05:00+00:00
[2022-02-16 17:06:15,302] {processor.py:171} INFO - Processing /home/airflow/.local/lib/python3.7/site-packages/airflow/example_dags/example_branch_python_dop_operator_3.py took 0.097 seconds
[2022-02-16 17:06:45,597] {processor.py:163} INFO - Started process (PID=3177) to work on /home/airflow/.local/lib/python3.7/site-packages/airflow/example_dags/example_branch_python_dop_operator_3.py
[2022-02-16 17:06:45,598] {processor.py:642} INFO - Processing file /home/airflow/.local/lib/python3.7/site-packages/airflow/example_dags/example_branch_python_dop_operator_3.py for tasks to queue
[2022-02-16 17:06:45,599] {logging_mixin.py:109} INFO - [2022-02-16 17:06:45,599] {dagbag.py:500} INFO - Filling up the DagBag from /home/airflow/.local/lib/python3.7/site-packages/airflow/example_dags/example_branch_python_dop_operator_3.py
[2022-02-16 17:06:45,635] {processor.py:654} INFO - DAG(s) dict_keys(['example_branch_dop_operator_v3']) retrieved from /home/airflow/.local/lib/python3.7/site-packages/airflow/example_dags/example_branch_python_dop_operator_3.py
[2022-02-16 17:06:45,645] {logging_mixin.py:109} INFO - [2022-02-16 17:06:45,645] {dag.py:2396} INFO - Sync 1 DAGs
[2022-02-16 17:06:45,666] {logging_mixin.py:109} INFO - [2022-02-16 17:06:45,666] {dag.py:2935} INFO - Setting next_dagrun for example_branch_dop_operator_v3 to 2022-02-16T17:05:00+00:00
[2022-02-16 17:06:45,675] {processor.py:171} INFO - Processing /home/airflow/.local/lib/python3.7/site-packages/airflow/example_dags/example_branch_python_dop_operator_3.py took 0.082 seconds
[2022-02-16 17:07:15,909] {processor.py:163} INFO - Started process (PID=3369) to work on /home/airflow/.local/lib/python3.7/site-packages/airflow/example_dags/example_branch_python_dop_operator_3.py
[2022-02-16 17:07:15,911] {processor.py:642} INFO - Processing file /home/airflow/.local/lib/python3.7/site-packages/airflow/example_dags/example_branch_python_dop_operator_3.py for tasks to queue
[2022-02-16 17:07:15,912] {logging_mixin.py:109} INFO - [2022-02-16 17:07:15,911] {dagbag.py:500} INFO - Filling up the DagBag from /home/airflow/.local/lib/python3.7/site-packages/airflow/example_dags/example_branch_python_dop_operator_3.py
[2022-02-16 17:07:16,026] {processor.py:654} INFO - DAG(s) dict_keys(['example_branch_dop_operator_v3']) retrieved from /home/airflow/.local/lib/python3.7/site-packages/airflow/example_dags/example_branch_python_dop_operator_3.py
[2022-02-16 17:07:16,063] {logging_mixin.py:109} INFO - [2022-02-16 17:07:16,063] {dag.py:2396} INFO - Sync 1 DAGs
[2022-02-16 17:07:16,099] {logging_mixin.py:109} INFO - [2022-02-16 17:07:16,099] {dag.py:2935} INFO - Setting next_dagrun for example_branch_dop_operator_v3 to 2022-02-16T17:06:00+00:00
[2022-02-16 17:07:16,116] {processor.py:171} INFO - Processing /home/airflow/.local/lib/python3.7/site-packages/airflow/example_dags/example_branch_python_dop_operator_3.py took 0.211 seconds
[2022-02-16 17:07:46,486] {processor.py:163} INFO - Started process (PID=3554) to work on /home/airflow/.local/lib/python3.7/site-packages/airflow/example_dags/example_branch_python_dop_operator_3.py
[2022-02-16 17:07:46,490] {processor.py:642} INFO - Processing file /home/airflow/.local/lib/python3.7/site-packages/airflow/example_dags/example_branch_python_dop_operator_3.py for tasks to queue
[2022-02-16 17:07:46,491] {logging_mixin.py:109} INFO - [2022-02-16 17:07:46,491] {dagbag.py:500} INFO - Filling up the DagBag from /home/airflow/.local/lib/python3.7/site-packages/airflow/example_dags/example_branch_python_dop_operator_3.py
[2022-02-16 17:07:46,563] {processor.py:654} INFO - DAG(s) dict_keys(['example_branch_dop_operator_v3']) retrieved from /home/airflow/.local/lib/python3.7/site-packages/airflow/example_dags/example_branch_python_dop_operator_3.py
[2022-02-16 17:07:46,591] {logging_mixin.py:109} INFO - [2022-02-16 17:07:46,591] {dag.py:2396} INFO - Sync 1 DAGs
[2022-02-16 17:07:46,648] {logging_mixin.py:109} INFO - [2022-02-16 17:07:46,648] {dag.py:2935} INFO - Setting next_dagrun for example_branch_dop_operator_v3 to 2022-02-16T17:06:00+00:00
[2022-02-16 17:07:46,681] {processor.py:171} INFO - Processing /home/airflow/.local/lib/python3.7/site-packages/airflow/example_dags/example_branch_python_dop_operator_3.py took 0.203 seconds
[2022-02-16 17:08:16,878] {processor.py:163} INFO - Started process (PID=3739) to work on /home/airflow/.local/lib/python3.7/site-packages/airflow/example_dags/example_branch_python_dop_operator_3.py
[2022-02-16 17:08:16,880] {processor.py:642} INFO - Processing file /home/airflow/.local/lib/python3.7/site-packages/airflow/example_dags/example_branch_python_dop_operator_3.py for tasks to queue
[2022-02-16 17:08:16,881] {logging_mixin.py:109} INFO - [2022-02-16 17:08:16,881] {dagbag.py:500} INFO - Filling up the DagBag from /home/airflow/.local/lib/python3.7/site-packages/airflow/example_dags/example_branch_python_dop_operator_3.py
[2022-02-16 17:08:16,919] {processor.py:654} INFO - DAG(s) dict_keys(['example_branch_dop_operator_v3']) retrieved from /home/airflow/.local/lib/python3.7/site-packages/airflow/example_dags/example_branch_python_dop_operator_3.py
[2022-02-16 17:08:16,931] {logging_mixin.py:109} INFO - [2022-02-16 17:08:16,931] {dag.py:2396} INFO - Sync 1 DAGs
[2022-02-16 17:08:16,955] {logging_mixin.py:109} INFO - [2022-02-16 17:08:16,955] {dag.py:2935} INFO - Setting next_dagrun for example_branch_dop_operator_v3 to 2022-02-16T17:07:00+00:00
[2022-02-16 17:08:16,965] {processor.py:171} INFO - Processing /home/airflow/.local/lib/python3.7/site-packages/airflow/example_dags/example_branch_python_dop_operator_3.py took 0.091 seconds
[2022-02-16 17:08:47,466] {processor.py:163} INFO - Started process (PID=3921) to work on /home/airflow/.local/lib/python3.7/site-packages/airflow/example_dags/example_branch_python_dop_operator_3.py
[2022-02-16 17:08:47,468] {processor.py:642} INFO - Processing file /home/airflow/.local/lib/python3.7/site-packages/airflow/example_dags/example_branch_python_dop_operator_3.py for tasks to queue
[2022-02-16 17:08:47,469] {logging_mixin.py:109} INFO - [2022-02-16 17:08:47,468] {dagbag.py:500} INFO - Filling up the DagBag from /home/airflow/.local/lib/python3.7/site-packages/airflow/example_dags/example_branch_python_dop_operator_3.py
[2022-02-16 17:08:47,501] {processor.py:654} INFO - DAG(s) dict_keys(['example_branch_dop_operator_v3']) retrieved from /home/airflow/.local/lib/python3.7/site-packages/airflow/example_dags/example_branch_python_dop_operator_3.py
[2022-02-16 17:08:47,512] {logging_mixin.py:109} INFO - [2022-02-16 17:08:47,511] {dag.py:2396} INFO - Sync 1 DAGs
[2022-02-16 17:08:47,538] {logging_mixin.py:109} INFO - [2022-02-16 17:08:47,538] {dag.py:2935} INFO - Setting next_dagrun for example_branch_dop_operator_v3 to 2022-02-16T17:07:00+00:00
[2022-02-16 17:08:47,547] {processor.py:171} INFO - Processing /home/airflow/.local/lib/python3.7/site-packages/airflow/example_dags/example_branch_python_dop_operator_3.py took 0.085 seconds
[2022-02-16 17:09:17,978] {processor.py:163} INFO - Started process (PID=4115) to work on /home/airflow/.local/lib/python3.7/site-packages/airflow/example_dags/example_branch_python_dop_operator_3.py
[2022-02-16 17:09:17,983] {processor.py:642} INFO - Processing file /home/airflow/.local/lib/python3.7/site-packages/airflow/example_dags/example_branch_python_dop_operator_3.py for tasks to queue
[2022-02-16 17:09:17,984] {logging_mixin.py:109} INFO - [2022-02-16 17:09:17,983] {dagbag.py:500} INFO - Filling up the DagBag from /home/airflow/.local/lib/python3.7/site-packages/airflow/example_dags/example_branch_python_dop_operator_3.py
[2022-02-16 17:09:18,059] {processor.py:654} INFO - DAG(s) dict_keys(['example_branch_dop_operator_v3']) retrieved from /home/airflow/.local/lib/python3.7/site-packages/airflow/example_dags/example_branch_python_dop_operator_3.py
[2022-02-16 17:09:18,088] {logging_mixin.py:109} INFO - [2022-02-16 17:09:18,087] {dag.py:2396} INFO - Sync 1 DAGs
[2022-02-16 17:09:18,121] {logging_mixin.py:109} INFO - [2022-02-16 17:09:18,121] {dag.py:2935} INFO - Setting next_dagrun for example_branch_dop_operator_v3 to 2022-02-16T17:08:00+00:00
[2022-02-16 17:09:18,141] {processor.py:171} INFO - Processing /home/airflow/.local/lib/python3.7/site-packages/airflow/example_dags/example_branch_python_dop_operator_3.py took 0.167 seconds
[2022-02-16 17:09:48,877] {processor.py:163} INFO - Started process (PID=4298) to work on /home/airflow/.local/lib/python3.7/site-packages/airflow/example_dags/example_branch_python_dop_operator_3.py
[2022-02-16 17:09:48,882] {processor.py:642} INFO - Processing file /home/airflow/.local/lib/python3.7/site-packages/airflow/example_dags/example_branch_python_dop_operator_3.py for tasks to queue
[2022-02-16 17:09:48,890] {logging_mixin.py:109} INFO - [2022-02-16 17:09:48,889] {dagbag.py:500} INFO - Filling up the DagBag from /home/airflow/.local/lib/python3.7/site-packages/airflow/example_dags/example_branch_python_dop_operator_3.py
[2022-02-16 17:09:48,967] {processor.py:654} INFO - DAG(s) dict_keys(['example_branch_dop_operator_v3']) retrieved from /home/airflow/.local/lib/python3.7/site-packages/airflow/example_dags/example_branch_python_dop_operator_3.py
[2022-02-16 17:09:48,984] {logging_mixin.py:109} INFO - [2022-02-16 17:09:48,983] {dag.py:2396} INFO - Sync 1 DAGs
[2022-02-16 17:09:49,015] {logging_mixin.py:109} INFO - [2022-02-16 17:09:49,014] {dag.py:2935} INFO - Setting next_dagrun for example_branch_dop_operator_v3 to 2022-02-16T17:08:00+00:00
[2022-02-16 17:09:49,033] {processor.py:171} INFO - Processing /home/airflow/.local/lib/python3.7/site-packages/airflow/example_dags/example_branch_python_dop_operator_3.py took 0.175 seconds
[2022-02-16 17:10:19,174] {processor.py:163} INFO - Started process (PID=4484) to work on /home/airflow/.local/lib/python3.7/site-packages/airflow/example_dags/example_branch_python_dop_operator_3.py
[2022-02-16 17:10:19,180] {processor.py:642} INFO - Processing file /home/airflow/.local/lib/python3.7/site-packages/airflow/example_dags/example_branch_python_dop_operator_3.py for tasks to queue
[2022-02-16 17:10:19,182] {logging_mixin.py:109} INFO - [2022-02-16 17:10:19,181] {dagbag.py:500} INFO - Filling up the DagBag from /home/airflow/.local/lib/python3.7/site-packages/airflow/example_dags/example_branch_python_dop_operator_3.py
[2022-02-16 17:10:19,248] {processor.py:654} INFO - DAG(s) dict_keys(['example_branch_dop_operator_v3']) retrieved from /home/airflow/.local/lib/python3.7/site-packages/airflow/example_dags/example_branch_python_dop_operator_3.py
[2022-02-16 17:10:19,267] {logging_mixin.py:109} INFO - [2022-02-16 17:10:19,266] {dag.py:2396} INFO - Sync 1 DAGs
[2022-02-16 17:10:19,341] {logging_mixin.py:109} INFO - [2022-02-16 17:10:19,335] {dag.py:2935} INFO - Setting next_dagrun for example_branch_dop_operator_v3 to 2022-02-16T17:09:00+00:00
[2022-02-16 17:10:19,386] {processor.py:171} INFO - Processing /home/airflow/.local/lib/python3.7/site-packages/airflow/example_dags/example_branch_python_dop_operator_3.py took 0.225 seconds
[2022-02-16 17:10:50,041] {processor.py:163} INFO - Started process (PID=4670) to work on /home/airflow/.local/lib/python3.7/site-packages/airflow/example_dags/example_branch_python_dop_operator_3.py
[2022-02-16 17:10:50,042] {processor.py:642} INFO - Processing file /home/airflow/.local/lib/python3.7/site-packages/airflow/example_dags/example_branch_python_dop_operator_3.py for tasks to queue
[2022-02-16 17:10:50,043] {logging_mixin.py:109} INFO - [2022-02-16 17:10:50,043] {dagbag.py:500} INFO - Filling up the DagBag from /home/airflow/.local/lib/python3.7/site-packages/airflow/example_dags/example_branch_python_dop_operator_3.py
[2022-02-16 17:10:50,077] {processor.py:654} INFO - DAG(s) dict_keys(['example_branch_dop_operator_v3']) retrieved from /home/airflow/.local/lib/python3.7/site-packages/airflow/example_dags/example_branch_python_dop_operator_3.py
[2022-02-16 17:10:50,089] {logging_mixin.py:109} INFO - [2022-02-16 17:10:50,089] {dag.py:2396} INFO - Sync 1 DAGs
[2022-02-16 17:10:50,113] {logging_mixin.py:109} INFO - [2022-02-16 17:10:50,113] {dag.py:2935} INFO - Setting next_dagrun for example_branch_dop_operator_v3 to 2022-02-16T17:09:00+00:00
[2022-02-16 17:10:50,123] {processor.py:171} INFO - Processing /home/airflow/.local/lib/python3.7/site-packages/airflow/example_dags/example_branch_python_dop_operator_3.py took 0.087 seconds
[2022-02-16 17:11:20,281] {processor.py:163} INFO - Started process (PID=4853) to work on /home/airflow/.local/lib/python3.7/site-packages/airflow/example_dags/example_branch_python_dop_operator_3.py
[2022-02-16 17:11:20,283] {processor.py:642} INFO - Processing file /home/airflow/.local/lib/python3.7/site-packages/airflow/example_dags/example_branch_python_dop_operator_3.py for tasks to queue
[2022-02-16 17:11:20,283] {logging_mixin.py:109} INFO - [2022-02-16 17:11:20,283] {dagbag.py:500} INFO - Filling up the DagBag from /home/airflow/.local/lib/python3.7/site-packages/airflow/example_dags/example_branch_python_dop_operator_3.py
[2022-02-16 17:11:20,317] {processor.py:654} INFO - DAG(s) dict_keys(['example_branch_dop_operator_v3']) retrieved from /home/airflow/.local/lib/python3.7/site-packages/airflow/example_dags/example_branch_python_dop_operator_3.py
[2022-02-16 17:11:20,328] {logging_mixin.py:109} INFO - [2022-02-16 17:11:20,327] {dag.py:2396} INFO - Sync 1 DAGs
[2022-02-16 17:11:20,350] {logging_mixin.py:109} INFO - [2022-02-16 17:11:20,350] {dag.py:2935} INFO - Setting next_dagrun for example_branch_dop_operator_v3 to 2022-02-16T17:10:00+00:00
[2022-02-16 17:11:20,360] {processor.py:171} INFO - Processing /home/airflow/.local/lib/python3.7/site-packages/airflow/example_dags/example_branch_python_dop_operator_3.py took 0.083 seconds
[2022-02-16 17:11:50,409] {processor.py:163} INFO - Started process (PID=5047) to work on /home/airflow/.local/lib/python3.7/site-packages/airflow/example_dags/example_branch_python_dop_operator_3.py
[2022-02-16 17:11:50,411] {processor.py:642} INFO - Processing file /home/airflow/.local/lib/python3.7/site-packages/airflow/example_dags/example_branch_python_dop_operator_3.py for tasks to queue
[2022-02-16 17:11:50,412] {logging_mixin.py:109} INFO - [2022-02-16 17:11:50,412] {dagbag.py:500} INFO - Filling up the DagBag from /home/airflow/.local/lib/python3.7/site-packages/airflow/example_dags/example_branch_python_dop_operator_3.py
[2022-02-16 17:11:50,456] {processor.py:654} INFO - DAG(s) dict_keys(['example_branch_dop_operator_v3']) retrieved from /home/airflow/.local/lib/python3.7/site-packages/airflow/example_dags/example_branch_python_dop_operator_3.py
[2022-02-16 17:11:50,471] {logging_mixin.py:109} INFO - [2022-02-16 17:11:50,471] {dag.py:2396} INFO - Sync 1 DAGs
[2022-02-16 17:11:50,500] {logging_mixin.py:109} INFO - [2022-02-16 17:11:50,500] {dag.py:2935} INFO - Setting next_dagrun for example_branch_dop_operator_v3 to 2022-02-16T17:10:00+00:00
[2022-02-16 17:11:50,511] {processor.py:171} INFO - Processing /home/airflow/.local/lib/python3.7/site-packages/airflow/example_dags/example_branch_python_dop_operator_3.py took 0.106 seconds
[2022-02-16 17:12:20,992] {processor.py:163} INFO - Started process (PID=5234) to work on /home/airflow/.local/lib/python3.7/site-packages/airflow/example_dags/example_branch_python_dop_operator_3.py
[2022-02-16 17:12:20,994] {processor.py:642} INFO - Processing file /home/airflow/.local/lib/python3.7/site-packages/airflow/example_dags/example_branch_python_dop_operator_3.py for tasks to queue
[2022-02-16 17:12:20,995] {logging_mixin.py:109} INFO - [2022-02-16 17:12:20,995] {dagbag.py:500} INFO - Filling up the DagBag from /home/airflow/.local/lib/python3.7/site-packages/airflow/example_dags/example_branch_python_dop_operator_3.py
[2022-02-16 17:12:21,029] {processor.py:654} INFO - DAG(s) dict_keys(['example_branch_dop_operator_v3']) retrieved from /home/airflow/.local/lib/python3.7/site-packages/airflow/example_dags/example_branch_python_dop_operator_3.py
[2022-02-16 17:12:21,041] {logging_mixin.py:109} INFO - [2022-02-16 17:12:21,041] {dag.py:2396} INFO - Sync 1 DAGs
[2022-02-16 17:12:21,063] {logging_mixin.py:109} INFO - [2022-02-16 17:12:21,063] {dag.py:2935} INFO - Setting next_dagrun for example_branch_dop_operator_v3 to 2022-02-16T17:11:00+00:00
[2022-02-16 17:12:21,076] {processor.py:171} INFO - Processing /home/airflow/.local/lib/python3.7/site-packages/airflow/example_dags/example_branch_python_dop_operator_3.py took 0.087 seconds
[2022-02-16 17:12:51,677] {processor.py:163} INFO - Started process (PID=5421) to work on /home/airflow/.local/lib/python3.7/site-packages/airflow/example_dags/example_branch_python_dop_operator_3.py
[2022-02-16 17:12:51,678] {processor.py:642} INFO - Processing file /home/airflow/.local/lib/python3.7/site-packages/airflow/example_dags/example_branch_python_dop_operator_3.py for tasks to queue
[2022-02-16 17:12:51,679] {logging_mixin.py:109} INFO - [2022-02-16 17:12:51,679] {dagbag.py:500} INFO - Filling up the DagBag from /home/airflow/.local/lib/python3.7/site-packages/airflow/example_dags/example_branch_python_dop_operator_3.py
[2022-02-16 17:12:51,714] {processor.py:654} INFO - DAG(s) dict_keys(['example_branch_dop_operator_v3']) retrieved from /home/airflow/.local/lib/python3.7/site-packages/airflow/example_dags/example_branch_python_dop_operator_3.py
[2022-02-16 17:12:51,725] {logging_mixin.py:109} INFO - [2022-02-16 17:12:51,725] {dag.py:2396} INFO - Sync 1 DAGs
[2022-02-16 17:12:51,749] {logging_mixin.py:109} INFO - [2022-02-16 17:12:51,749] {dag.py:2935} INFO - Setting next_dagrun for example_branch_dop_operator_v3 to 2022-02-16T17:11:00+00:00
[2022-02-16 17:12:51,767] {processor.py:171} INFO - Processing /home/airflow/.local/lib/python3.7/site-packages/airflow/example_dags/example_branch_python_dop_operator_3.py took 0.095 seconds
[2022-02-16 17:13:22,684] {processor.py:163} INFO - Started process (PID=5619) to work on /home/airflow/.local/lib/python3.7/site-packages/airflow/example_dags/example_branch_python_dop_operator_3.py
[2022-02-16 17:13:22,686] {processor.py:642} INFO - Processing file /home/airflow/.local/lib/python3.7/site-packages/airflow/example_dags/example_branch_python_dop_operator_3.py for tasks to queue
[2022-02-16 17:13:22,686] {logging_mixin.py:109} INFO - [2022-02-16 17:13:22,686] {dagbag.py:500} INFO - Filling up the DagBag from /home/airflow/.local/lib/python3.7/site-packages/airflow/example_dags/example_branch_python_dop_operator_3.py
[2022-02-16 17:13:22,722] {processor.py:654} INFO - DAG(s) dict_keys(['example_branch_dop_operator_v3']) retrieved from /home/airflow/.local/lib/python3.7/site-packages/airflow/example_dags/example_branch_python_dop_operator_3.py
[2022-02-16 17:13:22,734] {logging_mixin.py:109} INFO - [2022-02-16 17:13:22,734] {dag.py:2396} INFO - Sync 1 DAGs
[2022-02-16 17:13:22,757] {logging_mixin.py:109} INFO - [2022-02-16 17:13:22,757] {dag.py:2935} INFO - Setting next_dagrun for example_branch_dop_operator_v3 to 2022-02-16T17:12:00+00:00
[2022-02-16 17:13:22,767] {processor.py:171} INFO - Processing /home/airflow/.local/lib/python3.7/site-packages/airflow/example_dags/example_branch_python_dop_operator_3.py took 0.086 seconds
[2022-02-16 17:13:53,197] {processor.py:163} INFO - Started process (PID=5825) to work on /home/airflow/.local/lib/python3.7/site-packages/airflow/example_dags/example_branch_python_dop_operator_3.py
[2022-02-16 17:13:53,199] {processor.py:642} INFO - Processing file /home/airflow/.local/lib/python3.7/site-packages/airflow/example_dags/example_branch_python_dop_operator_3.py for tasks to queue
[2022-02-16 17:13:53,200] {logging_mixin.py:109} INFO - [2022-02-16 17:13:53,200] {dagbag.py:500} INFO - Filling up the DagBag from /home/airflow/.local/lib/python3.7/site-packages/airflow/example_dags/example_branch_python_dop_operator_3.py
[2022-02-16 17:13:53,239] {processor.py:654} INFO - DAG(s) dict_keys(['example_branch_dop_operator_v3']) retrieved from /home/airflow/.local/lib/python3.7/site-packages/airflow/example_dags/example_branch_python_dop_operator_3.py
[2022-02-16 17:13:53,253] {logging_mixin.py:109} INFO - [2022-02-16 17:13:53,253] {dag.py:2396} INFO - Sync 1 DAGs
[2022-02-16 17:13:53,280] {logging_mixin.py:109} INFO - [2022-02-16 17:13:53,280] {dag.py:2935} INFO - Setting next_dagrun for example_branch_dop_operator_v3 to 2022-02-16T17:12:00+00:00
[2022-02-16 17:13:53,299] {processor.py:171} INFO - Processing /home/airflow/.local/lib/python3.7/site-packages/airflow/example_dags/example_branch_python_dop_operator_3.py took 0.107 seconds
[2022-02-16 17:14:23,456] {processor.py:163} INFO - Started process (PID=6020) to work on /home/airflow/.local/lib/python3.7/site-packages/airflow/example_dags/example_branch_python_dop_operator_3.py
[2022-02-16 17:14:23,458] {processor.py:642} INFO - Processing file /home/airflow/.local/lib/python3.7/site-packages/airflow/example_dags/example_branch_python_dop_operator_3.py for tasks to queue
[2022-02-16 17:14:23,458] {logging_mixin.py:109} INFO - [2022-02-16 17:14:23,458] {dagbag.py:500} INFO - Filling up the DagBag from /home/airflow/.local/lib/python3.7/site-packages/airflow/example_dags/example_branch_python_dop_operator_3.py
[2022-02-16 17:14:23,498] {processor.py:654} INFO - DAG(s) dict_keys(['example_branch_dop_operator_v3']) retrieved from /home/airflow/.local/lib/python3.7/site-packages/airflow/example_dags/example_branch_python_dop_operator_3.py
[2022-02-16 17:14:23,513] {logging_mixin.py:109} INFO - [2022-02-16 17:14:23,513] {dag.py:2396} INFO - Sync 1 DAGs
[2022-02-16 17:14:23,536] {logging_mixin.py:109} INFO - [2022-02-16 17:14:23,536] {dag.py:2935} INFO - Setting next_dagrun for example_branch_dop_operator_v3 to 2022-02-16T17:13:00+00:00
[2022-02-16 17:14:23,546] {processor.py:171} INFO - Processing /home/airflow/.local/lib/python3.7/site-packages/airflow/example_dags/example_branch_python_dop_operator_3.py took 0.094 seconds
[2022-02-16 17:14:54,024] {processor.py:163} INFO - Started process (PID=6214) to work on /home/airflow/.local/lib/python3.7/site-packages/airflow/example_dags/example_branch_python_dop_operator_3.py
[2022-02-16 17:14:54,026] {processor.py:642} INFO - Processing file /home/airflow/.local/lib/python3.7/site-packages/airflow/example_dags/example_branch_python_dop_operator_3.py for tasks to queue
[2022-02-16 17:14:54,026] {logging_mixin.py:109} INFO - [2022-02-16 17:14:54,026] {dagbag.py:500} INFO - Filling up the DagBag from /home/airflow/.local/lib/python3.7/site-packages/airflow/example_dags/example_branch_python_dop_operator_3.py
[2022-02-16 17:14:54,058] {processor.py:654} INFO - DAG(s) dict_keys(['example_branch_dop_operator_v3']) retrieved from /home/airflow/.local/lib/python3.7/site-packages/airflow/example_dags/example_branch_python_dop_operator_3.py
[2022-02-16 17:14:54,068] {logging_mixin.py:109} INFO - [2022-02-16 17:14:54,068] {dag.py:2396} INFO - Sync 1 DAGs
[2022-02-16 17:14:54,090] {logging_mixin.py:109} INFO - [2022-02-16 17:14:54,090] {dag.py:2935} INFO - Setting next_dagrun for example_branch_dop_operator_v3 to 2022-02-16T17:13:00+00:00
[2022-02-16 17:14:54,099] {processor.py:171} INFO - Processing /home/airflow/.local/lib/python3.7/site-packages/airflow/example_dags/example_branch_python_dop_operator_3.py took 0.078 seconds
[2022-02-16 17:15:24,414] {processor.py:163} INFO - Started process (PID=6424) to work on /home/airflow/.local/lib/python3.7/site-packages/airflow/example_dags/example_branch_python_dop_operator_3.py
[2022-02-16 17:15:24,415] {processor.py:642} INFO - Processing file /home/airflow/.local/lib/python3.7/site-packages/airflow/example_dags/example_branch_python_dop_operator_3.py for tasks to queue
[2022-02-16 17:15:24,416] {logging_mixin.py:109} INFO - [2022-02-16 17:15:24,416] {dagbag.py:500} INFO - Filling up the DagBag from /home/airflow/.local/lib/python3.7/site-packages/airflow/example_dags/example_branch_python_dop_operator_3.py
[2022-02-16 17:15:24,525] {processor.py:654} INFO - DAG(s) dict_keys(['example_branch_dop_operator_v3']) retrieved from /home/airflow/.local/lib/python3.7/site-packages/airflow/example_dags/example_branch_python_dop_operator_3.py
[2022-02-16 17:15:24,568] {logging_mixin.py:109} INFO - [2022-02-16 17:15:24,568] {dag.py:2396} INFO - Sync 1 DAGs
[2022-02-16 17:15:24,625] {logging_mixin.py:109} INFO - [2022-02-16 17:15:24,625] {dag.py:2935} INFO - Setting next_dagrun for example_branch_dop_operator_v3 to 2022-02-16T17:14:00+00:00
[2022-02-16 17:15:24,651] {processor.py:171} INFO - Processing /home/airflow/.local/lib/python3.7/site-packages/airflow/example_dags/example_branch_python_dop_operator_3.py took 0.276 seconds
[2022-02-16 17:15:54,776] {processor.py:163} INFO - Started process (PID=6623) to work on /home/airflow/.local/lib/python3.7/site-packages/airflow/example_dags/example_branch_python_dop_operator_3.py
[2022-02-16 17:15:54,781] {processor.py:642} INFO - Processing file /home/airflow/.local/lib/python3.7/site-packages/airflow/example_dags/example_branch_python_dop_operator_3.py for tasks to queue
[2022-02-16 17:15:54,783] {logging_mixin.py:109} INFO - [2022-02-16 17:15:54,783] {dagbag.py:500} INFO - Filling up the DagBag from /home/airflow/.local/lib/python3.7/site-packages/airflow/example_dags/example_branch_python_dop_operator_3.py
[2022-02-16 17:15:54,832] {processor.py:654} INFO - DAG(s) dict_keys(['example_branch_dop_operator_v3']) retrieved from /home/airflow/.local/lib/python3.7/site-packages/airflow/example_dags/example_branch_python_dop_operator_3.py
[2022-02-16 17:15:54,859] {logging_mixin.py:109} INFO - [2022-02-16 17:15:54,859] {dag.py:2396} INFO - Sync 1 DAGs
[2022-02-16 17:15:54,899] {logging_mixin.py:109} INFO - [2022-02-16 17:15:54,899] {dag.py:2935} INFO - Setting next_dagrun for example_branch_dop_operator_v3 to 2022-02-16T17:14:00+00:00
[2022-02-16 17:15:54,910] {processor.py:171} INFO - Processing /home/airflow/.local/lib/python3.7/site-packages/airflow/example_dags/example_branch_python_dop_operator_3.py took 0.141 seconds
[2022-02-16 17:16:24,969] {processor.py:163} INFO - Started process (PID=6814) to work on /home/airflow/.local/lib/python3.7/site-packages/airflow/example_dags/example_branch_python_dop_operator_3.py
[2022-02-16 17:16:24,971] {processor.py:642} INFO - Processing file /home/airflow/.local/lib/python3.7/site-packages/airflow/example_dags/example_branch_python_dop_operator_3.py for tasks to queue
[2022-02-16 17:16:24,972] {logging_mixin.py:109} INFO - [2022-02-16 17:16:24,972] {dagbag.py:500} INFO - Filling up the DagBag from /home/airflow/.local/lib/python3.7/site-packages/airflow/example_dags/example_branch_python_dop_operator_3.py
[2022-02-16 17:16:25,006] {processor.py:654} INFO - DAG(s) dict_keys(['example_branch_dop_operator_v3']) retrieved from /home/airflow/.local/lib/python3.7/site-packages/airflow/example_dags/example_branch_python_dop_operator_3.py
[2022-02-16 17:16:25,017] {logging_mixin.py:109} INFO - [2022-02-16 17:16:25,017] {dag.py:2396} INFO - Sync 1 DAGs
[2022-02-16 17:16:25,039] {logging_mixin.py:109} INFO - [2022-02-16 17:16:25,038] {dag.py:2935} INFO - Setting next_dagrun for example_branch_dop_operator_v3 to 2022-02-16T17:15:00+00:00
[2022-02-16 17:16:25,048] {processor.py:171} INFO - Processing /home/airflow/.local/lib/python3.7/site-packages/airflow/example_dags/example_branch_python_dop_operator_3.py took 0.083 seconds
[2022-02-16 17:16:55,105] {processor.py:163} INFO - Started process (PID=7000) to work on /home/airflow/.local/lib/python3.7/site-packages/airflow/example_dags/example_branch_python_dop_operator_3.py
[2022-02-16 17:16:55,107] {processor.py:642} INFO - Processing file /home/airflow/.local/lib/python3.7/site-packages/airflow/example_dags/example_branch_python_dop_operator_3.py for tasks to queue
[2022-02-16 17:16:55,108] {logging_mixin.py:109} INFO - [2022-02-16 17:16:55,108] {dagbag.py:500} INFO - Filling up the DagBag from /home/airflow/.local/lib/python3.7/site-packages/airflow/example_dags/example_branch_python_dop_operator_3.py
[2022-02-16 17:16:55,143] {processor.py:654} INFO - DAG(s) dict_keys(['example_branch_dop_operator_v3']) retrieved from /home/airflow/.local/lib/python3.7/site-packages/airflow/example_dags/example_branch_python_dop_operator_3.py
[2022-02-16 17:16:55,153] {logging_mixin.py:109} INFO - [2022-02-16 17:16:55,153] {dag.py:2396} INFO - Sync 1 DAGs
[2022-02-16 17:16:55,175] {logging_mixin.py:109} INFO - [2022-02-16 17:16:55,175] {dag.py:2935} INFO - Setting next_dagrun for example_branch_dop_operator_v3 to 2022-02-16T17:15:00+00:00
[2022-02-16 17:16:55,186] {processor.py:171} INFO - Processing /home/airflow/.local/lib/python3.7/site-packages/airflow/example_dags/example_branch_python_dop_operator_3.py took 0.084 seconds
[2022-02-16 17:17:25,713] {processor.py:163} INFO - Started process (PID=7199) to work on /home/airflow/.local/lib/python3.7/site-packages/airflow/example_dags/example_branch_python_dop_operator_3.py
[2022-02-16 17:17:25,723] {processor.py:642} INFO - Processing file /home/airflow/.local/lib/python3.7/site-packages/airflow/example_dags/example_branch_python_dop_operator_3.py for tasks to queue
[2022-02-16 17:17:25,724] {logging_mixin.py:109} INFO - [2022-02-16 17:17:25,723] {dagbag.py:500} INFO - Filling up the DagBag from /home/airflow/.local/lib/python3.7/site-packages/airflow/example_dags/example_branch_python_dop_operator_3.py
[2022-02-16 17:17:25,765] {processor.py:654} INFO - DAG(s) dict_keys(['example_branch_dop_operator_v3']) retrieved from /home/airflow/.local/lib/python3.7/site-packages/airflow/example_dags/example_branch_python_dop_operator_3.py
[2022-02-16 17:17:25,777] {logging_mixin.py:109} INFO - [2022-02-16 17:17:25,777] {dag.py:2396} INFO - Sync 1 DAGs
[2022-02-16 17:17:25,802] {logging_mixin.py:109} INFO - [2022-02-16 17:17:25,802] {dag.py:2935} INFO - Setting next_dagrun for example_branch_dop_operator_v3 to 2022-02-16T17:16:00+00:00
[2022-02-16 17:17:25,812] {processor.py:171} INFO - Processing /home/airflow/.local/lib/python3.7/site-packages/airflow/example_dags/example_branch_python_dop_operator_3.py took 0.103 seconds
[2022-02-16 17:17:55,948] {processor.py:163} INFO - Started process (PID=7389) to work on /home/airflow/.local/lib/python3.7/site-packages/airflow/example_dags/example_branch_python_dop_operator_3.py
[2022-02-16 17:17:55,950] {processor.py:642} INFO - Processing file /home/airflow/.local/lib/python3.7/site-packages/airflow/example_dags/example_branch_python_dop_operator_3.py for tasks to queue
[2022-02-16 17:17:55,951] {logging_mixin.py:109} INFO - [2022-02-16 17:17:55,950] {dagbag.py:500} INFO - Filling up the DagBag from /home/airflow/.local/lib/python3.7/site-packages/airflow/example_dags/example_branch_python_dop_operator_3.py
[2022-02-16 17:17:55,990] {processor.py:654} INFO - DAG(s) dict_keys(['example_branch_dop_operator_v3']) retrieved from /home/airflow/.local/lib/python3.7/site-packages/airflow/example_dags/example_branch_python_dop_operator_3.py
[2022-02-16 17:17:56,002] {logging_mixin.py:109} INFO - [2022-02-16 17:17:56,002] {dag.py:2396} INFO - Sync 1 DAGs
[2022-02-16 17:17:56,027] {logging_mixin.py:109} INFO - [2022-02-16 17:17:56,026] {dag.py:2935} INFO - Setting next_dagrun for example_branch_dop_operator_v3 to 2022-02-16T17:16:00+00:00
[2022-02-16 17:17:56,041] {processor.py:171} INFO - Processing /home/airflow/.local/lib/python3.7/site-packages/airflow/example_dags/example_branch_python_dop_operator_3.py took 0.098 seconds
[2022-02-16 17:18:26,589] {processor.py:163} INFO - Started process (PID=7588) to work on /home/airflow/.local/lib/python3.7/site-packages/airflow/example_dags/example_branch_python_dop_operator_3.py
[2022-02-16 17:18:26,590] {processor.py:642} INFO - Processing file /home/airflow/.local/lib/python3.7/site-packages/airflow/example_dags/example_branch_python_dop_operator_3.py for tasks to queue
[2022-02-16 17:18:26,591] {logging_mixin.py:109} INFO - [2022-02-16 17:18:26,591] {dagbag.py:500} INFO - Filling up the DagBag from /home/airflow/.local/lib/python3.7/site-packages/airflow/example_dags/example_branch_python_dop_operator_3.py
[2022-02-16 17:18:26,635] {processor.py:654} INFO - DAG(s) dict_keys(['example_branch_dop_operator_v3']) retrieved from /home/airflow/.local/lib/python3.7/site-packages/airflow/example_dags/example_branch_python_dop_operator_3.py
[2022-02-16 17:18:26,648] {logging_mixin.py:109} INFO - [2022-02-16 17:18:26,648] {dag.py:2396} INFO - Sync 1 DAGs
[2022-02-16 17:18:26,674] {logging_mixin.py:109} INFO - [2022-02-16 17:18:26,674] {dag.py:2935} INFO - Setting next_dagrun for example_branch_dop_operator_v3 to 2022-02-16T17:17:00+00:00
[2022-02-16 17:18:26,684] {processor.py:171} INFO - Processing /home/airflow/.local/lib/python3.7/site-packages/airflow/example_dags/example_branch_python_dop_operator_3.py took 0.099 seconds
[2022-02-16 17:18:57,102] {processor.py:163} INFO - Started process (PID=7777) to work on /home/airflow/.local/lib/python3.7/site-packages/airflow/example_dags/example_branch_python_dop_operator_3.py
[2022-02-16 17:18:57,103] {processor.py:642} INFO - Processing file /home/airflow/.local/lib/python3.7/site-packages/airflow/example_dags/example_branch_python_dop_operator_3.py for tasks to queue
[2022-02-16 17:18:57,104] {logging_mixin.py:109} INFO - [2022-02-16 17:18:57,104] {dagbag.py:500} INFO - Filling up the DagBag from /home/airflow/.local/lib/python3.7/site-packages/airflow/example_dags/example_branch_python_dop_operator_3.py
[2022-02-16 17:18:57,137] {processor.py:654} INFO - DAG(s) dict_keys(['example_branch_dop_operator_v3']) retrieved from /home/airflow/.local/lib/python3.7/site-packages/airflow/example_dags/example_branch_python_dop_operator_3.py
[2022-02-16 17:18:57,149] {logging_mixin.py:109} INFO - [2022-02-16 17:18:57,149] {dag.py:2396} INFO - Sync 1 DAGs
[2022-02-16 17:18:57,171] {logging_mixin.py:109} INFO - [2022-02-16 17:18:57,171] {dag.py:2935} INFO - Setting next_dagrun for example_branch_dop_operator_v3 to 2022-02-16T17:17:00+00:00
[2022-02-16 17:18:57,181] {processor.py:171} INFO - Processing /home/airflow/.local/lib/python3.7/site-packages/airflow/example_dags/example_branch_python_dop_operator_3.py took 0.083 seconds
[2022-02-16 17:19:27,581] {processor.py:163} INFO - Started process (PID=7972) to work on /home/airflow/.local/lib/python3.7/site-packages/airflow/example_dags/example_branch_python_dop_operator_3.py
[2022-02-16 17:19:27,582] {processor.py:642} INFO - Processing file /home/airflow/.local/lib/python3.7/site-packages/airflow/example_dags/example_branch_python_dop_operator_3.py for tasks to queue
[2022-02-16 17:19:27,583] {logging_mixin.py:109} INFO - [2022-02-16 17:19:27,583] {dagbag.py:500} INFO - Filling up the DagBag from /home/airflow/.local/lib/python3.7/site-packages/airflow/example_dags/example_branch_python_dop_operator_3.py
[2022-02-16 17:19:27,639] {processor.py:654} INFO - DAG(s) dict_keys(['example_branch_dop_operator_v3']) retrieved from /home/airflow/.local/lib/python3.7/site-packages/airflow/example_dags/example_branch_python_dop_operator_3.py
[2022-02-16 17:19:27,651] {logging_mixin.py:109} INFO - [2022-02-16 17:19:27,651] {dag.py:2396} INFO - Sync 1 DAGs
[2022-02-16 17:19:27,685] {logging_mixin.py:109} INFO - [2022-02-16 17:19:27,684] {dag.py:2935} INFO - Setting next_dagrun for example_branch_dop_operator_v3 to 2022-02-16T17:18:00+00:00
[2022-02-16 17:19:27,694] {processor.py:171} INFO - Processing /home/airflow/.local/lib/python3.7/site-packages/airflow/example_dags/example_branch_python_dop_operator_3.py took 0.118 seconds
[2022-02-16 17:19:58,021] {processor.py:163} INFO - Started process (PID=8163) to work on /home/airflow/.local/lib/python3.7/site-packages/airflow/example_dags/example_branch_python_dop_operator_3.py
[2022-02-16 17:19:58,028] {processor.py:642} INFO - Processing file /home/airflow/.local/lib/python3.7/site-packages/airflow/example_dags/example_branch_python_dop_operator_3.py for tasks to queue
[2022-02-16 17:19:58,028] {logging_mixin.py:109} INFO - [2022-02-16 17:19:58,028] {dagbag.py:500} INFO - Filling up the DagBag from /home/airflow/.local/lib/python3.7/site-packages/airflow/example_dags/example_branch_python_dop_operator_3.py
[2022-02-16 17:19:58,109] {processor.py:654} INFO - DAG(s) dict_keys(['example_branch_dop_operator_v3']) retrieved from /home/airflow/.local/lib/python3.7/site-packages/airflow/example_dags/example_branch_python_dop_operator_3.py
[2022-02-16 17:19:58,121] {logging_mixin.py:109} INFO - [2022-02-16 17:19:58,121] {dag.py:2396} INFO - Sync 1 DAGs
[2022-02-16 17:19:58,148] {logging_mixin.py:109} INFO - [2022-02-16 17:19:58,148] {dag.py:2935} INFO - Setting next_dagrun for example_branch_dop_operator_v3 to 2022-02-16T17:18:00+00:00
[2022-02-16 17:19:58,160] {processor.py:171} INFO - Processing /home/airflow/.local/lib/python3.7/site-packages/airflow/example_dags/example_branch_python_dop_operator_3.py took 0.168 seconds
[2022-02-16 17:20:28,932] {processor.py:163} INFO - Started process (PID=8359) to work on /home/airflow/.local/lib/python3.7/site-packages/airflow/example_dags/example_branch_python_dop_operator_3.py
[2022-02-16 17:20:28,933] {processor.py:642} INFO - Processing file /home/airflow/.local/lib/python3.7/site-packages/airflow/example_dags/example_branch_python_dop_operator_3.py for tasks to queue
[2022-02-16 17:20:28,934] {logging_mixin.py:109} INFO - [2022-02-16 17:20:28,934] {dagbag.py:500} INFO - Filling up the DagBag from /home/airflow/.local/lib/python3.7/site-packages/airflow/example_dags/example_branch_python_dop_operator_3.py
[2022-02-16 17:20:28,975] {processor.py:654} INFO - DAG(s) dict_keys(['example_branch_dop_operator_v3']) retrieved from /home/airflow/.local/lib/python3.7/site-packages/airflow/example_dags/example_branch_python_dop_operator_3.py
[2022-02-16 17:20:29,003] {logging_mixin.py:109} INFO - [2022-02-16 17:20:29,003] {dag.py:2396} INFO - Sync 1 DAGs
[2022-02-16 17:20:29,034] {logging_mixin.py:109} INFO - [2022-02-16 17:20:29,034] {dag.py:2935} INFO - Setting next_dagrun for example_branch_dop_operator_v3 to 2022-02-16T17:19:00+00:00
[2022-02-16 17:20:29,061] {processor.py:171} INFO - Processing /home/airflow/.local/lib/python3.7/site-packages/airflow/example_dags/example_branch_python_dop_operator_3.py took 0.134 seconds
[2022-02-16 17:20:59,174] {processor.py:163} INFO - Started process (PID=8560) to work on /home/airflow/.local/lib/python3.7/site-packages/airflow/example_dags/example_branch_python_dop_operator_3.py
[2022-02-16 17:20:59,176] {processor.py:642} INFO - Processing file /home/airflow/.local/lib/python3.7/site-packages/airflow/example_dags/example_branch_python_dop_operator_3.py for tasks to queue
[2022-02-16 17:20:59,178] {logging_mixin.py:109} INFO - [2022-02-16 17:20:59,177] {dagbag.py:500} INFO - Filling up the DagBag from /home/airflow/.local/lib/python3.7/site-packages/airflow/example_dags/example_branch_python_dop_operator_3.py
[2022-02-16 17:20:59,252] {processor.py:654} INFO - DAG(s) dict_keys(['example_branch_dop_operator_v3']) retrieved from /home/airflow/.local/lib/python3.7/site-packages/airflow/example_dags/example_branch_python_dop_operator_3.py
[2022-02-16 17:20:59,274] {logging_mixin.py:109} INFO - [2022-02-16 17:20:59,273] {dag.py:2396} INFO - Sync 1 DAGs
[2022-02-16 17:20:59,308] {logging_mixin.py:109} INFO - [2022-02-16 17:20:59,308] {dag.py:2935} INFO - Setting next_dagrun for example_branch_dop_operator_v3 to 2022-02-16T17:19:00+00:00
[2022-02-16 17:20:59,317] {processor.py:171} INFO - Processing /home/airflow/.local/lib/python3.7/site-packages/airflow/example_dags/example_branch_python_dop_operator_3.py took 0.148 seconds
