[2022-02-16 16:59:01,672] {processor.py:163} INFO - Started process (PID=379) to work on /home/airflow/.local/lib/python3.7/site-packages/airflow/example_dags/example_python_operator.py
[2022-02-16 16:59:01,673] {processor.py:642} INFO - Processing file /home/airflow/.local/lib/python3.7/site-packages/airflow/example_dags/example_python_operator.py for tasks to queue
[2022-02-16 16:59:01,674] {logging_mixin.py:109} INFO - [2022-02-16 16:59:01,674] {dagbag.py:500} INFO - Filling up the DagBag from /home/airflow/.local/lib/python3.7/site-packages/airflow/example_dags/example_python_operator.py
[2022-02-16 16:59:01,712] {processor.py:654} INFO - DAG(s) dict_keys(['example_python_operator']) retrieved from /home/airflow/.local/lib/python3.7/site-packages/airflow/example_dags/example_python_operator.py
[2022-02-16 16:59:03,716] {logging_mixin.py:109} INFO - [2022-02-16 16:59:03,716] {manager.py:496} INFO - Created Permission View: can read on DAG:example_python_operator
[2022-02-16 16:59:03,724] {logging_mixin.py:109} INFO - [2022-02-16 16:59:03,724] {manager.py:496} INFO - Created Permission View: can edit on DAG:example_python_operator
[2022-02-16 16:59:03,724] {logging_mixin.py:109} INFO - [2022-02-16 16:59:03,724] {dag.py:2396} INFO - Sync 1 DAGs
[2022-02-16 16:59:03,732] {logging_mixin.py:109} INFO - [2022-02-16 16:59:03,731] {dag.py:2415} INFO - Creating ORM DAG for example_python_operator
[2022-02-16 16:59:03,740] {logging_mixin.py:109} INFO - [2022-02-16 16:59:03,739] {dag.py:2935} INFO - Setting next_dagrun for example_python_operator to None
[2022-02-16 16:59:03,752] {processor.py:171} INFO - Processing /home/airflow/.local/lib/python3.7/site-packages/airflow/example_dags/example_python_operator.py took 2.084 seconds
[2022-02-16 16:59:34,710] {processor.py:163} INFO - Started process (PID=576) to work on /home/airflow/.local/lib/python3.7/site-packages/airflow/example_dags/example_python_operator.py
[2022-02-16 16:59:34,712] {processor.py:642} INFO - Processing file /home/airflow/.local/lib/python3.7/site-packages/airflow/example_dags/example_python_operator.py for tasks to queue
[2022-02-16 16:59:34,713] {logging_mixin.py:109} INFO - [2022-02-16 16:59:34,713] {dagbag.py:500} INFO - Filling up the DagBag from /home/airflow/.local/lib/python3.7/site-packages/airflow/example_dags/example_python_operator.py
[2022-02-16 16:59:34,799] {processor.py:654} INFO - DAG(s) dict_keys(['example_python_operator']) retrieved from /home/airflow/.local/lib/python3.7/site-packages/airflow/example_dags/example_python_operator.py
[2022-02-16 16:59:34,824] {logging_mixin.py:109} INFO - [2022-02-16 16:59:34,823] {dag.py:2396} INFO - Sync 1 DAGs
[2022-02-16 16:59:34,852] {logging_mixin.py:109} INFO - [2022-02-16 16:59:34,852] {dag.py:2935} INFO - Setting next_dagrun for example_python_operator to None
[2022-02-16 16:59:34,869] {processor.py:171} INFO - Processing /home/airflow/.local/lib/python3.7/site-packages/airflow/example_dags/example_python_operator.py took 0.164 seconds
[2022-02-16 17:00:05,555] {processor.py:163} INFO - Started process (PID=756) to work on /home/airflow/.local/lib/python3.7/site-packages/airflow/example_dags/example_python_operator.py
[2022-02-16 17:00:05,557] {processor.py:642} INFO - Processing file /home/airflow/.local/lib/python3.7/site-packages/airflow/example_dags/example_python_operator.py for tasks to queue
[2022-02-16 17:00:05,558] {logging_mixin.py:109} INFO - [2022-02-16 17:00:05,558] {dagbag.py:500} INFO - Filling up the DagBag from /home/airflow/.local/lib/python3.7/site-packages/airflow/example_dags/example_python_operator.py
[2022-02-16 17:00:05,601] {processor.py:654} INFO - DAG(s) dict_keys(['example_python_operator']) retrieved from /home/airflow/.local/lib/python3.7/site-packages/airflow/example_dags/example_python_operator.py
[2022-02-16 17:00:05,928] {logging_mixin.py:109} INFO - [2022-02-16 17:00:05,928] {dag.py:2396} INFO - Sync 1 DAGs
[2022-02-16 17:00:05,946] {logging_mixin.py:109} INFO - [2022-02-16 17:00:05,945] {dag.py:2935} INFO - Setting next_dagrun for example_python_operator to None
[2022-02-16 17:00:05,955] {processor.py:171} INFO - Processing /home/airflow/.local/lib/python3.7/site-packages/airflow/example_dags/example_python_operator.py took 0.403 seconds
[2022-02-16 17:00:36,783] {processor.py:163} INFO - Started process (PID=938) to work on /home/airflow/.local/lib/python3.7/site-packages/airflow/example_dags/example_python_operator.py
[2022-02-16 17:00:36,784] {processor.py:642} INFO - Processing file /home/airflow/.local/lib/python3.7/site-packages/airflow/example_dags/example_python_operator.py for tasks to queue
[2022-02-16 17:00:36,785] {logging_mixin.py:109} INFO - [2022-02-16 17:00:36,785] {dagbag.py:500} INFO - Filling up the DagBag from /home/airflow/.local/lib/python3.7/site-packages/airflow/example_dags/example_python_operator.py
[2022-02-16 17:00:36,826] {processor.py:654} INFO - DAG(s) dict_keys(['example_python_operator']) retrieved from /home/airflow/.local/lib/python3.7/site-packages/airflow/example_dags/example_python_operator.py
[2022-02-16 17:00:36,838] {logging_mixin.py:109} INFO - [2022-02-16 17:00:36,838] {dag.py:2396} INFO - Sync 1 DAGs
[2022-02-16 17:00:36,856] {logging_mixin.py:109} INFO - [2022-02-16 17:00:36,856] {dag.py:2935} INFO - Setting next_dagrun for example_python_operator to None
[2022-02-16 17:00:36,875] {processor.py:171} INFO - Processing /home/airflow/.local/lib/python3.7/site-packages/airflow/example_dags/example_python_operator.py took 0.097 seconds
[2022-02-16 17:01:07,071] {processor.py:163} INFO - Started process (PID=1119) to work on /home/airflow/.local/lib/python3.7/site-packages/airflow/example_dags/example_python_operator.py
[2022-02-16 17:01:07,072] {processor.py:642} INFO - Processing file /home/airflow/.local/lib/python3.7/site-packages/airflow/example_dags/example_python_operator.py for tasks to queue
[2022-02-16 17:01:07,073] {logging_mixin.py:109} INFO - [2022-02-16 17:01:07,073] {dagbag.py:500} INFO - Filling up the DagBag from /home/airflow/.local/lib/python3.7/site-packages/airflow/example_dags/example_python_operator.py
[2022-02-16 17:01:07,110] {processor.py:654} INFO - DAG(s) dict_keys(['example_python_operator']) retrieved from /home/airflow/.local/lib/python3.7/site-packages/airflow/example_dags/example_python_operator.py
[2022-02-16 17:01:07,121] {logging_mixin.py:109} INFO - [2022-02-16 17:01:07,121] {dag.py:2396} INFO - Sync 1 DAGs
[2022-02-16 17:01:07,140] {logging_mixin.py:109} INFO - [2022-02-16 17:01:07,140] {dag.py:2935} INFO - Setting next_dagrun for example_python_operator to None
[2022-02-16 17:01:07,151] {processor.py:171} INFO - Processing /home/airflow/.local/lib/python3.7/site-packages/airflow/example_dags/example_python_operator.py took 0.083 seconds
[2022-02-16 17:01:37,441] {processor.py:163} INFO - Started process (PID=1310) to work on /home/airflow/.local/lib/python3.7/site-packages/airflow/example_dags/example_python_operator.py
[2022-02-16 17:01:37,443] {processor.py:642} INFO - Processing file /home/airflow/.local/lib/python3.7/site-packages/airflow/example_dags/example_python_operator.py for tasks to queue
[2022-02-16 17:01:37,444] {logging_mixin.py:109} INFO - [2022-02-16 17:01:37,444] {dagbag.py:500} INFO - Filling up the DagBag from /home/airflow/.local/lib/python3.7/site-packages/airflow/example_dags/example_python_operator.py
[2022-02-16 17:01:37,535] {processor.py:654} INFO - DAG(s) dict_keys(['example_python_operator']) retrieved from /home/airflow/.local/lib/python3.7/site-packages/airflow/example_dags/example_python_operator.py
[2022-02-16 17:01:37,549] {logging_mixin.py:109} INFO - [2022-02-16 17:01:37,549] {dag.py:2396} INFO - Sync 1 DAGs
[2022-02-16 17:01:37,575] {logging_mixin.py:109} INFO - [2022-02-16 17:01:37,575] {dag.py:2935} INFO - Setting next_dagrun for example_python_operator to None
[2022-02-16 17:01:37,589] {processor.py:171} INFO - Processing /home/airflow/.local/lib/python3.7/site-packages/airflow/example_dags/example_python_operator.py took 0.152 seconds
[2022-02-16 17:02:08,571] {processor.py:163} INFO - Started process (PID=1486) to work on /home/airflow/.local/lib/python3.7/site-packages/airflow/example_dags/example_python_operator.py
[2022-02-16 17:02:08,574] {processor.py:642} INFO - Processing file /home/airflow/.local/lib/python3.7/site-packages/airflow/example_dags/example_python_operator.py for tasks to queue
[2022-02-16 17:02:08,574] {logging_mixin.py:109} INFO - [2022-02-16 17:02:08,574] {dagbag.py:500} INFO - Filling up the DagBag from /home/airflow/.local/lib/python3.7/site-packages/airflow/example_dags/example_python_operator.py
[2022-02-16 17:02:08,621] {processor.py:654} INFO - DAG(s) dict_keys(['example_python_operator']) retrieved from /home/airflow/.local/lib/python3.7/site-packages/airflow/example_dags/example_python_operator.py
[2022-02-16 17:02:08,642] {logging_mixin.py:109} INFO - [2022-02-16 17:02:08,642] {dag.py:2396} INFO - Sync 1 DAGs
[2022-02-16 17:02:08,665] {logging_mixin.py:109} INFO - [2022-02-16 17:02:08,665] {dag.py:2935} INFO - Setting next_dagrun for example_python_operator to None
[2022-02-16 17:02:08,677] {processor.py:171} INFO - Processing /home/airflow/.local/lib/python3.7/site-packages/airflow/example_dags/example_python_operator.py took 0.114 seconds
[2022-02-16 17:02:39,611] {processor.py:163} INFO - Started process (PID=1665) to work on /home/airflow/.local/lib/python3.7/site-packages/airflow/example_dags/example_python_operator.py
[2022-02-16 17:02:39,612] {processor.py:642} INFO - Processing file /home/airflow/.local/lib/python3.7/site-packages/airflow/example_dags/example_python_operator.py for tasks to queue
[2022-02-16 17:02:39,613] {logging_mixin.py:109} INFO - [2022-02-16 17:02:39,613] {dagbag.py:500} INFO - Filling up the DagBag from /home/airflow/.local/lib/python3.7/site-packages/airflow/example_dags/example_python_operator.py
[2022-02-16 17:02:39,660] {processor.py:654} INFO - DAG(s) dict_keys(['example_python_operator']) retrieved from /home/airflow/.local/lib/python3.7/site-packages/airflow/example_dags/example_python_operator.py
[2022-02-16 17:02:39,673] {logging_mixin.py:109} INFO - [2022-02-16 17:02:39,672] {dag.py:2396} INFO - Sync 1 DAGs
[2022-02-16 17:02:39,703] {logging_mixin.py:109} INFO - [2022-02-16 17:02:39,703] {dag.py:2935} INFO - Setting next_dagrun for example_python_operator to None
[2022-02-16 17:02:39,717] {processor.py:171} INFO - Processing /home/airflow/.local/lib/python3.7/site-packages/airflow/example_dags/example_python_operator.py took 0.110 seconds
[2022-02-16 17:03:09,999] {processor.py:163} INFO - Started process (PID=1849) to work on /home/airflow/.local/lib/python3.7/site-packages/airflow/example_dags/example_python_operator.py
[2022-02-16 17:03:10,001] {processor.py:642} INFO - Processing file /home/airflow/.local/lib/python3.7/site-packages/airflow/example_dags/example_python_operator.py for tasks to queue
[2022-02-16 17:03:10,002] {logging_mixin.py:109} INFO - [2022-02-16 17:03:10,002] {dagbag.py:500} INFO - Filling up the DagBag from /home/airflow/.local/lib/python3.7/site-packages/airflow/example_dags/example_python_operator.py
[2022-02-16 17:03:10,044] {processor.py:654} INFO - DAG(s) dict_keys(['example_python_operator']) retrieved from /home/airflow/.local/lib/python3.7/site-packages/airflow/example_dags/example_python_operator.py
[2022-02-16 17:03:10,056] {logging_mixin.py:109} INFO - [2022-02-16 17:03:10,056] {dag.py:2396} INFO - Sync 1 DAGs
[2022-02-16 17:03:10,074] {logging_mixin.py:109} INFO - [2022-02-16 17:03:10,074] {dag.py:2935} INFO - Setting next_dagrun for example_python_operator to None
[2022-02-16 17:03:10,085] {processor.py:171} INFO - Processing /home/airflow/.local/lib/python3.7/site-packages/airflow/example_dags/example_python_operator.py took 0.090 seconds
[2022-02-16 17:03:40,193] {processor.py:163} INFO - Started process (PID=2045) to work on /home/airflow/.local/lib/python3.7/site-packages/airflow/example_dags/example_python_operator.py
[2022-02-16 17:03:40,196] {processor.py:642} INFO - Processing file /home/airflow/.local/lib/python3.7/site-packages/airflow/example_dags/example_python_operator.py for tasks to queue
[2022-02-16 17:03:40,198] {logging_mixin.py:109} INFO - [2022-02-16 17:03:40,198] {dagbag.py:500} INFO - Filling up the DagBag from /home/airflow/.local/lib/python3.7/site-packages/airflow/example_dags/example_python_operator.py
[2022-02-16 17:03:40,273] {processor.py:654} INFO - DAG(s) dict_keys(['example_python_operator']) retrieved from /home/airflow/.local/lib/python3.7/site-packages/airflow/example_dags/example_python_operator.py
[2022-02-16 17:03:40,296] {logging_mixin.py:109} INFO - [2022-02-16 17:03:40,295] {dag.py:2396} INFO - Sync 1 DAGs
[2022-02-16 17:03:40,330] {logging_mixin.py:109} INFO - [2022-02-16 17:03:40,330] {dag.py:2935} INFO - Setting next_dagrun for example_python_operator to None
[2022-02-16 17:03:40,354] {processor.py:171} INFO - Processing /home/airflow/.local/lib/python3.7/site-packages/airflow/example_dags/example_python_operator.py took 0.165 seconds
[2022-02-16 17:04:10,441] {processor.py:163} INFO - Started process (PID=2231) to work on /home/airflow/.local/lib/python3.7/site-packages/airflow/example_dags/example_python_operator.py
[2022-02-16 17:04:10,444] {processor.py:642} INFO - Processing file /home/airflow/.local/lib/python3.7/site-packages/airflow/example_dags/example_python_operator.py for tasks to queue
[2022-02-16 17:04:10,449] {logging_mixin.py:109} INFO - [2022-02-16 17:04:10,448] {dagbag.py:500} INFO - Filling up the DagBag from /home/airflow/.local/lib/python3.7/site-packages/airflow/example_dags/example_python_operator.py
[2022-02-16 17:04:10,510] {processor.py:654} INFO - DAG(s) dict_keys(['example_python_operator']) retrieved from /home/airflow/.local/lib/python3.7/site-packages/airflow/example_dags/example_python_operator.py
[2022-02-16 17:04:10,526] {logging_mixin.py:109} INFO - [2022-02-16 17:04:10,526] {dag.py:2396} INFO - Sync 1 DAGs
[2022-02-16 17:04:10,553] {logging_mixin.py:109} INFO - [2022-02-16 17:04:10,553] {dag.py:2935} INFO - Setting next_dagrun for example_python_operator to None
[2022-02-16 17:04:10,566] {processor.py:171} INFO - Processing /home/airflow/.local/lib/python3.7/site-packages/airflow/example_dags/example_python_operator.py took 0.130 seconds
[2022-02-16 17:04:40,847] {processor.py:163} INFO - Started process (PID=2418) to work on /home/airflow/.local/lib/python3.7/site-packages/airflow/example_dags/example_python_operator.py
[2022-02-16 17:04:40,849] {processor.py:642} INFO - Processing file /home/airflow/.local/lib/python3.7/site-packages/airflow/example_dags/example_python_operator.py for tasks to queue
[2022-02-16 17:04:40,849] {logging_mixin.py:109} INFO - [2022-02-16 17:04:40,849] {dagbag.py:500} INFO - Filling up the DagBag from /home/airflow/.local/lib/python3.7/site-packages/airflow/example_dags/example_python_operator.py
[2022-02-16 17:04:40,929] {processor.py:654} INFO - DAG(s) dict_keys(['example_python_operator']) retrieved from /home/airflow/.local/lib/python3.7/site-packages/airflow/example_dags/example_python_operator.py
[2022-02-16 17:04:40,979] {logging_mixin.py:109} INFO - [2022-02-16 17:04:40,979] {dag.py:2396} INFO - Sync 1 DAGs
[2022-02-16 17:04:41,027] {logging_mixin.py:109} INFO - [2022-02-16 17:04:41,027] {dag.py:2935} INFO - Setting next_dagrun for example_python_operator to None
[2022-02-16 17:04:41,040] {processor.py:171} INFO - Processing /home/airflow/.local/lib/python3.7/site-packages/airflow/example_dags/example_python_operator.py took 0.200 seconds
[2022-02-16 17:05:11,156] {processor.py:163} INFO - Started process (PID=2605) to work on /home/airflow/.local/lib/python3.7/site-packages/airflow/example_dags/example_python_operator.py
[2022-02-16 17:05:11,160] {processor.py:642} INFO - Processing file /home/airflow/.local/lib/python3.7/site-packages/airflow/example_dags/example_python_operator.py for tasks to queue
[2022-02-16 17:05:11,161] {logging_mixin.py:109} INFO - [2022-02-16 17:05:11,161] {dagbag.py:500} INFO - Filling up the DagBag from /home/airflow/.local/lib/python3.7/site-packages/airflow/example_dags/example_python_operator.py
[2022-02-16 17:05:11,301] {processor.py:654} INFO - DAG(s) dict_keys(['example_python_operator']) retrieved from /home/airflow/.local/lib/python3.7/site-packages/airflow/example_dags/example_python_operator.py
[2022-02-16 17:05:11,316] {logging_mixin.py:109} INFO - [2022-02-16 17:05:11,316] {dag.py:2396} INFO - Sync 1 DAGs
[2022-02-16 17:05:11,338] {logging_mixin.py:109} INFO - [2022-02-16 17:05:11,337] {dag.py:2935} INFO - Setting next_dagrun for example_python_operator to None
[2022-02-16 17:05:11,352] {processor.py:171} INFO - Processing /home/airflow/.local/lib/python3.7/site-packages/airflow/example_dags/example_python_operator.py took 0.214 seconds
[2022-02-16 17:05:41,388] {processor.py:163} INFO - Started process (PID=2789) to work on /home/airflow/.local/lib/python3.7/site-packages/airflow/example_dags/example_python_operator.py
[2022-02-16 17:05:41,390] {processor.py:642} INFO - Processing file /home/airflow/.local/lib/python3.7/site-packages/airflow/example_dags/example_python_operator.py for tasks to queue
[2022-02-16 17:05:41,391] {logging_mixin.py:109} INFO - [2022-02-16 17:05:41,391] {dagbag.py:500} INFO - Filling up the DagBag from /home/airflow/.local/lib/python3.7/site-packages/airflow/example_dags/example_python_operator.py
[2022-02-16 17:05:41,455] {processor.py:654} INFO - DAG(s) dict_keys(['example_python_operator']) retrieved from /home/airflow/.local/lib/python3.7/site-packages/airflow/example_dags/example_python_operator.py
[2022-02-16 17:05:41,489] {logging_mixin.py:109} INFO - [2022-02-16 17:05:41,488] {dag.py:2396} INFO - Sync 1 DAGs
[2022-02-16 17:05:41,514] {logging_mixin.py:109} INFO - [2022-02-16 17:05:41,513] {dag.py:2935} INFO - Setting next_dagrun for example_python_operator to None
[2022-02-16 17:05:41,545] {processor.py:171} INFO - Processing /home/airflow/.local/lib/python3.7/site-packages/airflow/example_dags/example_python_operator.py took 0.167 seconds
[2022-02-16 17:06:12,006] {processor.py:163} INFO - Started process (PID=2984) to work on /home/airflow/.local/lib/python3.7/site-packages/airflow/example_dags/example_python_operator.py
[2022-02-16 17:06:12,021] {processor.py:642} INFO - Processing file /home/airflow/.local/lib/python3.7/site-packages/airflow/example_dags/example_python_operator.py for tasks to queue
[2022-02-16 17:06:12,022] {logging_mixin.py:109} INFO - [2022-02-16 17:06:12,022] {dagbag.py:500} INFO - Filling up the DagBag from /home/airflow/.local/lib/python3.7/site-packages/airflow/example_dags/example_python_operator.py
[2022-02-16 17:06:12,110] {processor.py:654} INFO - DAG(s) dict_keys(['example_python_operator']) retrieved from /home/airflow/.local/lib/python3.7/site-packages/airflow/example_dags/example_python_operator.py
[2022-02-16 17:06:12,123] {logging_mixin.py:109} INFO - [2022-02-16 17:06:12,122] {dag.py:2396} INFO - Sync 1 DAGs
[2022-02-16 17:06:12,148] {logging_mixin.py:109} INFO - [2022-02-16 17:06:12,148] {dag.py:2935} INFO - Setting next_dagrun for example_python_operator to None
[2022-02-16 17:06:12,159] {processor.py:171} INFO - Processing /home/airflow/.local/lib/python3.7/site-packages/airflow/example_dags/example_python_operator.py took 0.157 seconds
[2022-02-16 17:06:42,478] {processor.py:163} INFO - Started process (PID=3167) to work on /home/airflow/.local/lib/python3.7/site-packages/airflow/example_dags/example_python_operator.py
[2022-02-16 17:06:42,480] {processor.py:642} INFO - Processing file /home/airflow/.local/lib/python3.7/site-packages/airflow/example_dags/example_python_operator.py for tasks to queue
[2022-02-16 17:06:42,480] {logging_mixin.py:109} INFO - [2022-02-16 17:06:42,480] {dagbag.py:500} INFO - Filling up the DagBag from /home/airflow/.local/lib/python3.7/site-packages/airflow/example_dags/example_python_operator.py
[2022-02-16 17:06:42,515] {processor.py:654} INFO - DAG(s) dict_keys(['example_python_operator']) retrieved from /home/airflow/.local/lib/python3.7/site-packages/airflow/example_dags/example_python_operator.py
[2022-02-16 17:06:42,527] {logging_mixin.py:109} INFO - [2022-02-16 17:06:42,527] {dag.py:2396} INFO - Sync 1 DAGs
[2022-02-16 17:06:42,545] {logging_mixin.py:109} INFO - [2022-02-16 17:06:42,545] {dag.py:2935} INFO - Setting next_dagrun for example_python_operator to None
[2022-02-16 17:06:42,554] {processor.py:171} INFO - Processing /home/airflow/.local/lib/python3.7/site-packages/airflow/example_dags/example_python_operator.py took 0.080 seconds
[2022-02-16 17:07:12,758] {processor.py:163} INFO - Started process (PID=3350) to work on /home/airflow/.local/lib/python3.7/site-packages/airflow/example_dags/example_python_operator.py
[2022-02-16 17:07:12,760] {processor.py:642} INFO - Processing file /home/airflow/.local/lib/python3.7/site-packages/airflow/example_dags/example_python_operator.py for tasks to queue
[2022-02-16 17:07:12,761] {logging_mixin.py:109} INFO - [2022-02-16 17:07:12,761] {dagbag.py:500} INFO - Filling up the DagBag from /home/airflow/.local/lib/python3.7/site-packages/airflow/example_dags/example_python_operator.py
[2022-02-16 17:07:12,805] {processor.py:654} INFO - DAG(s) dict_keys(['example_python_operator']) retrieved from /home/airflow/.local/lib/python3.7/site-packages/airflow/example_dags/example_python_operator.py
[2022-02-16 17:07:12,826] {logging_mixin.py:109} INFO - [2022-02-16 17:07:12,825] {dag.py:2396} INFO - Sync 1 DAGs
[2022-02-16 17:07:12,848] {logging_mixin.py:109} INFO - [2022-02-16 17:07:12,847] {dag.py:2935} INFO - Setting next_dagrun for example_python_operator to None
[2022-02-16 17:07:12,862] {processor.py:171} INFO - Processing /home/airflow/.local/lib/python3.7/site-packages/airflow/example_dags/example_python_operator.py took 0.107 seconds
[2022-02-16 17:07:43,228] {processor.py:163} INFO - Started process (PID=3544) to work on /home/airflow/.local/lib/python3.7/site-packages/airflow/example_dags/example_python_operator.py
[2022-02-16 17:07:43,230] {processor.py:642} INFO - Processing file /home/airflow/.local/lib/python3.7/site-packages/airflow/example_dags/example_python_operator.py for tasks to queue
[2022-02-16 17:07:43,235] {logging_mixin.py:109} INFO - [2022-02-16 17:07:43,235] {dagbag.py:500} INFO - Filling up the DagBag from /home/airflow/.local/lib/python3.7/site-packages/airflow/example_dags/example_python_operator.py
[2022-02-16 17:07:43,354] {processor.py:654} INFO - DAG(s) dict_keys(['example_python_operator']) retrieved from /home/airflow/.local/lib/python3.7/site-packages/airflow/example_dags/example_python_operator.py
[2022-02-16 17:07:43,381] {logging_mixin.py:109} INFO - [2022-02-16 17:07:43,381] {dag.py:2396} INFO - Sync 1 DAGs
[2022-02-16 17:07:43,414] {logging_mixin.py:109} INFO - [2022-02-16 17:07:43,414] {dag.py:2935} INFO - Setting next_dagrun for example_python_operator to None
[2022-02-16 17:07:43,431] {processor.py:171} INFO - Processing /home/airflow/.local/lib/python3.7/site-packages/airflow/example_dags/example_python_operator.py took 0.222 seconds
[2022-02-16 17:08:13,713] {processor.py:163} INFO - Started process (PID=3729) to work on /home/airflow/.local/lib/python3.7/site-packages/airflow/example_dags/example_python_operator.py
[2022-02-16 17:08:13,715] {processor.py:642} INFO - Processing file /home/airflow/.local/lib/python3.7/site-packages/airflow/example_dags/example_python_operator.py for tasks to queue
[2022-02-16 17:08:13,722] {logging_mixin.py:109} INFO - [2022-02-16 17:08:13,716] {dagbag.py:500} INFO - Filling up the DagBag from /home/airflow/.local/lib/python3.7/site-packages/airflow/example_dags/example_python_operator.py
[2022-02-16 17:08:13,798] {processor.py:654} INFO - DAG(s) dict_keys(['example_python_operator']) retrieved from /home/airflow/.local/lib/python3.7/site-packages/airflow/example_dags/example_python_operator.py
[2022-02-16 17:08:13,843] {logging_mixin.py:109} INFO - [2022-02-16 17:08:13,843] {dag.py:2396} INFO - Sync 1 DAGs
[2022-02-16 17:08:13,871] {logging_mixin.py:109} INFO - [2022-02-16 17:08:13,871] {dag.py:2935} INFO - Setting next_dagrun for example_python_operator to None
[2022-02-16 17:08:13,882] {processor.py:171} INFO - Processing /home/airflow/.local/lib/python3.7/site-packages/airflow/example_dags/example_python_operator.py took 0.173 seconds
[2022-02-16 17:08:43,937] {processor.py:163} INFO - Started process (PID=3909) to work on /home/airflow/.local/lib/python3.7/site-packages/airflow/example_dags/example_python_operator.py
[2022-02-16 17:08:43,941] {processor.py:642} INFO - Processing file /home/airflow/.local/lib/python3.7/site-packages/airflow/example_dags/example_python_operator.py for tasks to queue
[2022-02-16 17:08:43,942] {logging_mixin.py:109} INFO - [2022-02-16 17:08:43,942] {dagbag.py:500} INFO - Filling up the DagBag from /home/airflow/.local/lib/python3.7/site-packages/airflow/example_dags/example_python_operator.py
[2022-02-16 17:08:43,994] {processor.py:654} INFO - DAG(s) dict_keys(['example_python_operator']) retrieved from /home/airflow/.local/lib/python3.7/site-packages/airflow/example_dags/example_python_operator.py
[2022-02-16 17:08:44,011] {logging_mixin.py:109} INFO - [2022-02-16 17:08:44,011] {dag.py:2396} INFO - Sync 1 DAGs
[2022-02-16 17:08:44,058] {logging_mixin.py:109} INFO - [2022-02-16 17:08:44,058] {dag.py:2935} INFO - Setting next_dagrun for example_python_operator to None
[2022-02-16 17:08:44,091] {processor.py:171} INFO - Processing /home/airflow/.local/lib/python3.7/site-packages/airflow/example_dags/example_python_operator.py took 0.159 seconds
[2022-02-16 17:09:14,736] {processor.py:163} INFO - Started process (PID=4095) to work on /home/airflow/.local/lib/python3.7/site-packages/airflow/example_dags/example_python_operator.py
[2022-02-16 17:09:14,738] {processor.py:642} INFO - Processing file /home/airflow/.local/lib/python3.7/site-packages/airflow/example_dags/example_python_operator.py for tasks to queue
[2022-02-16 17:09:14,739] {logging_mixin.py:109} INFO - [2022-02-16 17:09:14,738] {dagbag.py:500} INFO - Filling up the DagBag from /home/airflow/.local/lib/python3.7/site-packages/airflow/example_dags/example_python_operator.py
[2022-02-16 17:09:14,777] {processor.py:654} INFO - DAG(s) dict_keys(['example_python_operator']) retrieved from /home/airflow/.local/lib/python3.7/site-packages/airflow/example_dags/example_python_operator.py
[2022-02-16 17:09:14,788] {logging_mixin.py:109} INFO - [2022-02-16 17:09:14,788] {dag.py:2396} INFO - Sync 1 DAGs
[2022-02-16 17:09:14,806] {logging_mixin.py:109} INFO - [2022-02-16 17:09:14,806] {dag.py:2935} INFO - Setting next_dagrun for example_python_operator to None
[2022-02-16 17:09:14,815] {processor.py:171} INFO - Processing /home/airflow/.local/lib/python3.7/site-packages/airflow/example_dags/example_python_operator.py took 0.083 seconds
[2022-02-16 17:09:45,605] {processor.py:163} INFO - Started process (PID=4284) to work on /home/airflow/.local/lib/python3.7/site-packages/airflow/example_dags/example_python_operator.py
[2022-02-16 17:09:45,606] {processor.py:642} INFO - Processing file /home/airflow/.local/lib/python3.7/site-packages/airflow/example_dags/example_python_operator.py for tasks to queue
[2022-02-16 17:09:45,607] {logging_mixin.py:109} INFO - [2022-02-16 17:09:45,607] {dagbag.py:500} INFO - Filling up the DagBag from /home/airflow/.local/lib/python3.7/site-packages/airflow/example_dags/example_python_operator.py
[2022-02-16 17:09:45,695] {processor.py:654} INFO - DAG(s) dict_keys(['example_python_operator']) retrieved from /home/airflow/.local/lib/python3.7/site-packages/airflow/example_dags/example_python_operator.py
[2022-02-16 17:09:45,719] {logging_mixin.py:109} INFO - [2022-02-16 17:09:45,719] {dag.py:2396} INFO - Sync 1 DAGs
[2022-02-16 17:09:45,753] {logging_mixin.py:109} INFO - [2022-02-16 17:09:45,753] {dag.py:2935} INFO - Setting next_dagrun for example_python_operator to None
[2022-02-16 17:09:45,776] {processor.py:171} INFO - Processing /home/airflow/.local/lib/python3.7/site-packages/airflow/example_dags/example_python_operator.py took 0.175 seconds
[2022-02-16 17:10:15,931] {processor.py:163} INFO - Started process (PID=4471) to work on /home/airflow/.local/lib/python3.7/site-packages/airflow/example_dags/example_python_operator.py
[2022-02-16 17:10:15,932] {processor.py:642} INFO - Processing file /home/airflow/.local/lib/python3.7/site-packages/airflow/example_dags/example_python_operator.py for tasks to queue
[2022-02-16 17:10:15,933] {logging_mixin.py:109} INFO - [2022-02-16 17:10:15,933] {dagbag.py:500} INFO - Filling up the DagBag from /home/airflow/.local/lib/python3.7/site-packages/airflow/example_dags/example_python_operator.py
[2022-02-16 17:10:15,970] {processor.py:654} INFO - DAG(s) dict_keys(['example_python_operator']) retrieved from /home/airflow/.local/lib/python3.7/site-packages/airflow/example_dags/example_python_operator.py
[2022-02-16 17:10:15,981] {logging_mixin.py:109} INFO - [2022-02-16 17:10:15,981] {dag.py:2396} INFO - Sync 1 DAGs
[2022-02-16 17:10:16,001] {logging_mixin.py:109} INFO - [2022-02-16 17:10:16,001] {dag.py:2935} INFO - Setting next_dagrun for example_python_operator to None
[2022-02-16 17:10:16,010] {processor.py:171} INFO - Processing /home/airflow/.local/lib/python3.7/site-packages/airflow/example_dags/example_python_operator.py took 0.083 seconds
[2022-02-16 17:10:46,788] {processor.py:163} INFO - Started process (PID=4657) to work on /home/airflow/.local/lib/python3.7/site-packages/airflow/example_dags/example_python_operator.py
[2022-02-16 17:10:46,791] {processor.py:642} INFO - Processing file /home/airflow/.local/lib/python3.7/site-packages/airflow/example_dags/example_python_operator.py for tasks to queue
[2022-02-16 17:10:46,791] {logging_mixin.py:109} INFO - [2022-02-16 17:10:46,791] {dagbag.py:500} INFO - Filling up the DagBag from /home/airflow/.local/lib/python3.7/site-packages/airflow/example_dags/example_python_operator.py
[2022-02-16 17:10:46,839] {processor.py:654} INFO - DAG(s) dict_keys(['example_python_operator']) retrieved from /home/airflow/.local/lib/python3.7/site-packages/airflow/example_dags/example_python_operator.py
[2022-02-16 17:10:46,855] {logging_mixin.py:109} INFO - [2022-02-16 17:10:46,855] {dag.py:2396} INFO - Sync 1 DAGs
[2022-02-16 17:10:46,877] {logging_mixin.py:109} INFO - [2022-02-16 17:10:46,877] {dag.py:2935} INFO - Setting next_dagrun for example_python_operator to None
[2022-02-16 17:10:46,888] {processor.py:171} INFO - Processing /home/airflow/.local/lib/python3.7/site-packages/airflow/example_dags/example_python_operator.py took 0.105 seconds
[2022-02-16 17:11:17,172] {processor.py:163} INFO - Started process (PID=4838) to work on /home/airflow/.local/lib/python3.7/site-packages/airflow/example_dags/example_python_operator.py
[2022-02-16 17:11:17,174] {processor.py:642} INFO - Processing file /home/airflow/.local/lib/python3.7/site-packages/airflow/example_dags/example_python_operator.py for tasks to queue
[2022-02-16 17:11:17,175] {logging_mixin.py:109} INFO - [2022-02-16 17:11:17,175] {dagbag.py:500} INFO - Filling up the DagBag from /home/airflow/.local/lib/python3.7/site-packages/airflow/example_dags/example_python_operator.py
[2022-02-16 17:11:17,211] {processor.py:654} INFO - DAG(s) dict_keys(['example_python_operator']) retrieved from /home/airflow/.local/lib/python3.7/site-packages/airflow/example_dags/example_python_operator.py
[2022-02-16 17:11:17,223] {logging_mixin.py:109} INFO - [2022-02-16 17:11:17,222] {dag.py:2396} INFO - Sync 1 DAGs
[2022-02-16 17:11:17,239] {logging_mixin.py:109} INFO - [2022-02-16 17:11:17,239] {dag.py:2935} INFO - Setting next_dagrun for example_python_operator to None
[2022-02-16 17:11:17,248] {processor.py:171} INFO - Processing /home/airflow/.local/lib/python3.7/site-packages/airflow/example_dags/example_python_operator.py took 0.080 seconds
[2022-02-16 17:11:48,161] {processor.py:163} INFO - Started process (PID=5021) to work on /home/airflow/.local/lib/python3.7/site-packages/airflow/example_dags/example_python_operator.py
[2022-02-16 17:11:48,163] {processor.py:642} INFO - Processing file /home/airflow/.local/lib/python3.7/site-packages/airflow/example_dags/example_python_operator.py for tasks to queue
[2022-02-16 17:11:48,166] {logging_mixin.py:109} INFO - [2022-02-16 17:11:48,166] {dagbag.py:500} INFO - Filling up the DagBag from /home/airflow/.local/lib/python3.7/site-packages/airflow/example_dags/example_python_operator.py
[2022-02-16 17:11:48,283] {processor.py:654} INFO - DAG(s) dict_keys(['example_python_operator']) retrieved from /home/airflow/.local/lib/python3.7/site-packages/airflow/example_dags/example_python_operator.py
[2022-02-16 17:11:48,313] {logging_mixin.py:109} INFO - [2022-02-16 17:11:48,312] {dag.py:2396} INFO - Sync 1 DAGs
[2022-02-16 17:11:48,335] {logging_mixin.py:109} INFO - [2022-02-16 17:11:48,335] {dag.py:2935} INFO - Setting next_dagrun for example_python_operator to None
[2022-02-16 17:11:48,369] {processor.py:171} INFO - Processing /home/airflow/.local/lib/python3.7/site-packages/airflow/example_dags/example_python_operator.py took 0.212 seconds
[2022-02-16 17:12:18,881] {processor.py:163} INFO - Started process (PID=5224) to work on /home/airflow/.local/lib/python3.7/site-packages/airflow/example_dags/example_python_operator.py
[2022-02-16 17:12:18,883] {processor.py:642} INFO - Processing file /home/airflow/.local/lib/python3.7/site-packages/airflow/example_dags/example_python_operator.py for tasks to queue
[2022-02-16 17:12:18,884] {logging_mixin.py:109} INFO - [2022-02-16 17:12:18,884] {dagbag.py:500} INFO - Filling up the DagBag from /home/airflow/.local/lib/python3.7/site-packages/airflow/example_dags/example_python_operator.py
[2022-02-16 17:12:18,922] {processor.py:654} INFO - DAG(s) dict_keys(['example_python_operator']) retrieved from /home/airflow/.local/lib/python3.7/site-packages/airflow/example_dags/example_python_operator.py
[2022-02-16 17:12:18,934] {logging_mixin.py:109} INFO - [2022-02-16 17:12:18,934] {dag.py:2396} INFO - Sync 1 DAGs
[2022-02-16 17:12:18,952] {logging_mixin.py:109} INFO - [2022-02-16 17:12:18,952] {dag.py:2935} INFO - Setting next_dagrun for example_python_operator to None
[2022-02-16 17:12:18,962] {processor.py:171} INFO - Processing /home/airflow/.local/lib/python3.7/site-packages/airflow/example_dags/example_python_operator.py took 0.084 seconds
[2022-02-16 17:12:49,501] {processor.py:163} INFO - Started process (PID=5411) to work on /home/airflow/.local/lib/python3.7/site-packages/airflow/example_dags/example_python_operator.py
[2022-02-16 17:12:49,503] {processor.py:642} INFO - Processing file /home/airflow/.local/lib/python3.7/site-packages/airflow/example_dags/example_python_operator.py for tasks to queue
[2022-02-16 17:12:49,503] {logging_mixin.py:109} INFO - [2022-02-16 17:12:49,503] {dagbag.py:500} INFO - Filling up the DagBag from /home/airflow/.local/lib/python3.7/site-packages/airflow/example_dags/example_python_operator.py
[2022-02-16 17:12:49,586] {processor.py:654} INFO - DAG(s) dict_keys(['example_python_operator']) retrieved from /home/airflow/.local/lib/python3.7/site-packages/airflow/example_dags/example_python_operator.py
[2022-02-16 17:12:49,599] {logging_mixin.py:109} INFO - [2022-02-16 17:12:49,599] {dag.py:2396} INFO - Sync 1 DAGs
[2022-02-16 17:12:49,630] {logging_mixin.py:109} INFO - [2022-02-16 17:12:49,630] {dag.py:2935} INFO - Setting next_dagrun for example_python_operator to None
[2022-02-16 17:12:49,648] {processor.py:171} INFO - Processing /home/airflow/.local/lib/python3.7/site-packages/airflow/example_dags/example_python_operator.py took 0.151 seconds
[2022-02-16 17:13:20,562] {processor.py:163} INFO - Started process (PID=5609) to work on /home/airflow/.local/lib/python3.7/site-packages/airflow/example_dags/example_python_operator.py
[2022-02-16 17:13:20,563] {processor.py:642} INFO - Processing file /home/airflow/.local/lib/python3.7/site-packages/airflow/example_dags/example_python_operator.py for tasks to queue
[2022-02-16 17:13:20,564] {logging_mixin.py:109} INFO - [2022-02-16 17:13:20,564] {dagbag.py:500} INFO - Filling up the DagBag from /home/airflow/.local/lib/python3.7/site-packages/airflow/example_dags/example_python_operator.py
[2022-02-16 17:13:20,599] {processor.py:654} INFO - DAG(s) dict_keys(['example_python_operator']) retrieved from /home/airflow/.local/lib/python3.7/site-packages/airflow/example_dags/example_python_operator.py
[2022-02-16 17:13:20,611] {logging_mixin.py:109} INFO - [2022-02-16 17:13:20,611] {dag.py:2396} INFO - Sync 1 DAGs
[2022-02-16 17:13:20,631] {logging_mixin.py:109} INFO - [2022-02-16 17:13:20,630] {dag.py:2935} INFO - Setting next_dagrun for example_python_operator to None
[2022-02-16 17:13:20,649] {processor.py:171} INFO - Processing /home/airflow/.local/lib/python3.7/site-packages/airflow/example_dags/example_python_operator.py took 0.091 seconds
[2022-02-16 17:13:50,986] {processor.py:163} INFO - Started process (PID=5815) to work on /home/airflow/.local/lib/python3.7/site-packages/airflow/example_dags/example_python_operator.py
[2022-02-16 17:13:50,987] {processor.py:642} INFO - Processing file /home/airflow/.local/lib/python3.7/site-packages/airflow/example_dags/example_python_operator.py for tasks to queue
[2022-02-16 17:13:50,988] {logging_mixin.py:109} INFO - [2022-02-16 17:13:50,988] {dagbag.py:500} INFO - Filling up the DagBag from /home/airflow/.local/lib/python3.7/site-packages/airflow/example_dags/example_python_operator.py
[2022-02-16 17:13:51,059] {processor.py:654} INFO - DAG(s) dict_keys(['example_python_operator']) retrieved from /home/airflow/.local/lib/python3.7/site-packages/airflow/example_dags/example_python_operator.py
[2022-02-16 17:13:51,085] {logging_mixin.py:109} INFO - [2022-02-16 17:13:51,085] {dag.py:2396} INFO - Sync 1 DAGs
[2022-02-16 17:13:51,119] {logging_mixin.py:109} INFO - [2022-02-16 17:13:51,119] {dag.py:2935} INFO - Setting next_dagrun for example_python_operator to None
[2022-02-16 17:13:51,139] {processor.py:171} INFO - Processing /home/airflow/.local/lib/python3.7/site-packages/airflow/example_dags/example_python_operator.py took 0.157 seconds
[2022-02-16 17:14:21,431] {processor.py:163} INFO - Started process (PID=6010) to work on /home/airflow/.local/lib/python3.7/site-packages/airflow/example_dags/example_python_operator.py
[2022-02-16 17:14:21,433] {processor.py:642} INFO - Processing file /home/airflow/.local/lib/python3.7/site-packages/airflow/example_dags/example_python_operator.py for tasks to queue
[2022-02-16 17:14:21,433] {logging_mixin.py:109} INFO - [2022-02-16 17:14:21,433] {dagbag.py:500} INFO - Filling up the DagBag from /home/airflow/.local/lib/python3.7/site-packages/airflow/example_dags/example_python_operator.py
[2022-02-16 17:14:21,467] {processor.py:654} INFO - DAG(s) dict_keys(['example_python_operator']) retrieved from /home/airflow/.local/lib/python3.7/site-packages/airflow/example_dags/example_python_operator.py
[2022-02-16 17:14:21,478] {logging_mixin.py:109} INFO - [2022-02-16 17:14:21,478] {dag.py:2396} INFO - Sync 1 DAGs
[2022-02-16 17:14:21,494] {logging_mixin.py:109} INFO - [2022-02-16 17:14:21,494] {dag.py:2935} INFO - Setting next_dagrun for example_python_operator to None
[2022-02-16 17:14:21,503] {processor.py:171} INFO - Processing /home/airflow/.local/lib/python3.7/site-packages/airflow/example_dags/example_python_operator.py took 0.076 seconds
[2022-02-16 17:14:51,886] {processor.py:163} INFO - Started process (PID=6204) to work on /home/airflow/.local/lib/python3.7/site-packages/airflow/example_dags/example_python_operator.py
[2022-02-16 17:14:51,888] {processor.py:642} INFO - Processing file /home/airflow/.local/lib/python3.7/site-packages/airflow/example_dags/example_python_operator.py for tasks to queue
[2022-02-16 17:14:51,890] {logging_mixin.py:109} INFO - [2022-02-16 17:14:51,889] {dagbag.py:500} INFO - Filling up the DagBag from /home/airflow/.local/lib/python3.7/site-packages/airflow/example_dags/example_python_operator.py
[2022-02-16 17:14:51,936] {processor.py:654} INFO - DAG(s) dict_keys(['example_python_operator']) retrieved from /home/airflow/.local/lib/python3.7/site-packages/airflow/example_dags/example_python_operator.py
[2022-02-16 17:14:51,955] {logging_mixin.py:109} INFO - [2022-02-16 17:14:51,954] {dag.py:2396} INFO - Sync 1 DAGs
[2022-02-16 17:14:51,979] {logging_mixin.py:109} INFO - [2022-02-16 17:14:51,978] {dag.py:2935} INFO - Setting next_dagrun for example_python_operator to None
[2022-02-16 17:14:51,992] {processor.py:171} INFO - Processing /home/airflow/.local/lib/python3.7/site-packages/airflow/example_dags/example_python_operator.py took 0.110 seconds
[2022-02-16 17:15:22,139] {processor.py:163} INFO - Started process (PID=6404) to work on /home/airflow/.local/lib/python3.7/site-packages/airflow/example_dags/example_python_operator.py
[2022-02-16 17:15:22,142] {processor.py:642} INFO - Processing file /home/airflow/.local/lib/python3.7/site-packages/airflow/example_dags/example_python_operator.py for tasks to queue
[2022-02-16 17:15:22,143] {logging_mixin.py:109} INFO - [2022-02-16 17:15:22,142] {dagbag.py:500} INFO - Filling up the DagBag from /home/airflow/.local/lib/python3.7/site-packages/airflow/example_dags/example_python_operator.py
[2022-02-16 17:15:22,187] {processor.py:654} INFO - DAG(s) dict_keys(['example_python_operator']) retrieved from /home/airflow/.local/lib/python3.7/site-packages/airflow/example_dags/example_python_operator.py
[2022-02-16 17:15:22,205] {logging_mixin.py:109} INFO - [2022-02-16 17:15:22,205] {dag.py:2396} INFO - Sync 1 DAGs
[2022-02-16 17:15:22,229] {logging_mixin.py:109} INFO - [2022-02-16 17:15:22,229] {dag.py:2935} INFO - Setting next_dagrun for example_python_operator to None
[2022-02-16 17:15:22,242] {processor.py:171} INFO - Processing /home/airflow/.local/lib/python3.7/site-packages/airflow/example_dags/example_python_operator.py took 0.127 seconds
[2022-02-16 17:15:52,539] {processor.py:163} INFO - Started process (PID=6608) to work on /home/airflow/.local/lib/python3.7/site-packages/airflow/example_dags/example_python_operator.py
[2022-02-16 17:15:52,541] {processor.py:642} INFO - Processing file /home/airflow/.local/lib/python3.7/site-packages/airflow/example_dags/example_python_operator.py for tasks to queue
[2022-02-16 17:15:52,542] {logging_mixin.py:109} INFO - [2022-02-16 17:15:52,542] {dagbag.py:500} INFO - Filling up the DagBag from /home/airflow/.local/lib/python3.7/site-packages/airflow/example_dags/example_python_operator.py
[2022-02-16 17:15:52,625] {processor.py:654} INFO - DAG(s) dict_keys(['example_python_operator']) retrieved from /home/airflow/.local/lib/python3.7/site-packages/airflow/example_dags/example_python_operator.py
[2022-02-16 17:15:52,646] {logging_mixin.py:109} INFO - [2022-02-16 17:15:52,646] {dag.py:2396} INFO - Sync 1 DAGs
[2022-02-16 17:15:52,676] {logging_mixin.py:109} INFO - [2022-02-16 17:15:52,676] {dag.py:2935} INFO - Setting next_dagrun for example_python_operator to None
[2022-02-16 17:15:52,693] {processor.py:171} INFO - Processing /home/airflow/.local/lib/python3.7/site-packages/airflow/example_dags/example_python_operator.py took 0.168 seconds
[2022-02-16 17:16:22,731] {processor.py:163} INFO - Started process (PID=6799) to work on /home/airflow/.local/lib/python3.7/site-packages/airflow/example_dags/example_python_operator.py
[2022-02-16 17:16:22,733] {processor.py:642} INFO - Processing file /home/airflow/.local/lib/python3.7/site-packages/airflow/example_dags/example_python_operator.py for tasks to queue
[2022-02-16 17:16:22,733] {logging_mixin.py:109} INFO - [2022-02-16 17:16:22,733] {dagbag.py:500} INFO - Filling up the DagBag from /home/airflow/.local/lib/python3.7/site-packages/airflow/example_dags/example_python_operator.py
[2022-02-16 17:16:22,782] {processor.py:654} INFO - DAG(s) dict_keys(['example_python_operator']) retrieved from /home/airflow/.local/lib/python3.7/site-packages/airflow/example_dags/example_python_operator.py
[2022-02-16 17:16:22,794] {logging_mixin.py:109} INFO - [2022-02-16 17:16:22,794] {dag.py:2396} INFO - Sync 1 DAGs
[2022-02-16 17:16:22,813] {logging_mixin.py:109} INFO - [2022-02-16 17:16:22,813] {dag.py:2935} INFO - Setting next_dagrun for example_python_operator to None
[2022-02-16 17:16:22,826] {processor.py:171} INFO - Processing /home/airflow/.local/lib/python3.7/site-packages/airflow/example_dags/example_python_operator.py took 0.101 seconds
[2022-02-16 17:16:52,976] {processor.py:163} INFO - Started process (PID=6988) to work on /home/airflow/.local/lib/python3.7/site-packages/airflow/example_dags/example_python_operator.py
[2022-02-16 17:16:52,977] {processor.py:642} INFO - Processing file /home/airflow/.local/lib/python3.7/site-packages/airflow/example_dags/example_python_operator.py for tasks to queue
[2022-02-16 17:16:52,978] {logging_mixin.py:109} INFO - [2022-02-16 17:16:52,978] {dagbag.py:500} INFO - Filling up the DagBag from /home/airflow/.local/lib/python3.7/site-packages/airflow/example_dags/example_python_operator.py
[2022-02-16 17:16:53,026] {processor.py:654} INFO - DAG(s) dict_keys(['example_python_operator']) retrieved from /home/airflow/.local/lib/python3.7/site-packages/airflow/example_dags/example_python_operator.py
[2022-02-16 17:16:53,038] {logging_mixin.py:109} INFO - [2022-02-16 17:16:53,038] {dag.py:2396} INFO - Sync 1 DAGs
[2022-02-16 17:16:53,059] {logging_mixin.py:109} INFO - [2022-02-16 17:16:53,059] {dag.py:2935} INFO - Setting next_dagrun for example_python_operator to None
[2022-02-16 17:16:53,069] {processor.py:171} INFO - Processing /home/airflow/.local/lib/python3.7/site-packages/airflow/example_dags/example_python_operator.py took 0.097 seconds
[2022-02-16 17:17:23,572] {processor.py:163} INFO - Started process (PID=7178) to work on /home/airflow/.local/lib/python3.7/site-packages/airflow/example_dags/example_python_operator.py
[2022-02-16 17:17:23,574] {processor.py:642} INFO - Processing file /home/airflow/.local/lib/python3.7/site-packages/airflow/example_dags/example_python_operator.py for tasks to queue
[2022-02-16 17:17:23,575] {logging_mixin.py:109} INFO - [2022-02-16 17:17:23,575] {dagbag.py:500} INFO - Filling up the DagBag from /home/airflow/.local/lib/python3.7/site-packages/airflow/example_dags/example_python_operator.py
[2022-02-16 17:17:23,618] {processor.py:654} INFO - DAG(s) dict_keys(['example_python_operator']) retrieved from /home/airflow/.local/lib/python3.7/site-packages/airflow/example_dags/example_python_operator.py
[2022-02-16 17:17:23,647] {logging_mixin.py:109} INFO - [2022-02-16 17:17:23,647] {dag.py:2396} INFO - Sync 1 DAGs
[2022-02-16 17:17:23,676] {logging_mixin.py:109} INFO - [2022-02-16 17:17:23,676] {dag.py:2935} INFO - Setting next_dagrun for example_python_operator to None
[2022-02-16 17:17:23,685] {processor.py:171} INFO - Processing /home/airflow/.local/lib/python3.7/site-packages/airflow/example_dags/example_python_operator.py took 0.121 seconds
[2022-02-16 17:17:54,626] {processor.py:163} INFO - Started process (PID=7375) to work on /home/airflow/.local/lib/python3.7/site-packages/airflow/example_dags/example_python_operator.py
[2022-02-16 17:17:54,636] {processor.py:642} INFO - Processing file /home/airflow/.local/lib/python3.7/site-packages/airflow/example_dags/example_python_operator.py for tasks to queue
[2022-02-16 17:17:54,637] {logging_mixin.py:109} INFO - [2022-02-16 17:17:54,637] {dagbag.py:500} INFO - Filling up the DagBag from /home/airflow/.local/lib/python3.7/site-packages/airflow/example_dags/example_python_operator.py
[2022-02-16 17:17:54,731] {processor.py:654} INFO - DAG(s) dict_keys(['example_python_operator']) retrieved from /home/airflow/.local/lib/python3.7/site-packages/airflow/example_dags/example_python_operator.py
[2022-02-16 17:17:54,762] {logging_mixin.py:109} INFO - [2022-02-16 17:17:54,762] {dag.py:2396} INFO - Sync 1 DAGs
[2022-02-16 17:17:54,809] {logging_mixin.py:109} INFO - [2022-02-16 17:17:54,808] {dag.py:2935} INFO - Setting next_dagrun for example_python_operator to None
[2022-02-16 17:17:54,881] {processor.py:171} INFO - Processing /home/airflow/.local/lib/python3.7/site-packages/airflow/example_dags/example_python_operator.py took 0.260 seconds
[2022-02-16 17:18:24,987] {processor.py:163} INFO - Started process (PID=7566) to work on /home/airflow/.local/lib/python3.7/site-packages/airflow/example_dags/example_python_operator.py
[2022-02-16 17:18:24,988] {processor.py:642} INFO - Processing file /home/airflow/.local/lib/python3.7/site-packages/airflow/example_dags/example_python_operator.py for tasks to queue
[2022-02-16 17:18:24,989] {logging_mixin.py:109} INFO - [2022-02-16 17:18:24,989] {dagbag.py:500} INFO - Filling up the DagBag from /home/airflow/.local/lib/python3.7/site-packages/airflow/example_dags/example_python_operator.py
[2022-02-16 17:18:25,077] {processor.py:654} INFO - DAG(s) dict_keys(['example_python_operator']) retrieved from /home/airflow/.local/lib/python3.7/site-packages/airflow/example_dags/example_python_operator.py
[2022-02-16 17:18:25,090] {logging_mixin.py:109} INFO - [2022-02-16 17:18:25,090] {dag.py:2396} INFO - Sync 1 DAGs
[2022-02-16 17:18:25,108] {logging_mixin.py:109} INFO - [2022-02-16 17:18:25,108] {dag.py:2935} INFO - Setting next_dagrun for example_python_operator to None
[2022-02-16 17:18:25,118] {processor.py:171} INFO - Processing /home/airflow/.local/lib/python3.7/site-packages/airflow/example_dags/example_python_operator.py took 0.139 seconds
[2022-02-16 17:18:55,375] {processor.py:163} INFO - Started process (PID=7755) to work on /home/airflow/.local/lib/python3.7/site-packages/airflow/example_dags/example_python_operator.py
[2022-02-16 17:18:55,376] {processor.py:642} INFO - Processing file /home/airflow/.local/lib/python3.7/site-packages/airflow/example_dags/example_python_operator.py for tasks to queue
[2022-02-16 17:18:55,377] {logging_mixin.py:109} INFO - [2022-02-16 17:18:55,377] {dagbag.py:500} INFO - Filling up the DagBag from /home/airflow/.local/lib/python3.7/site-packages/airflow/example_dags/example_python_operator.py
[2022-02-16 17:18:55,412] {processor.py:654} INFO - DAG(s) dict_keys(['example_python_operator']) retrieved from /home/airflow/.local/lib/python3.7/site-packages/airflow/example_dags/example_python_operator.py
[2022-02-16 17:18:55,423] {logging_mixin.py:109} INFO - [2022-02-16 17:18:55,423] {dag.py:2396} INFO - Sync 1 DAGs
[2022-02-16 17:18:55,443] {logging_mixin.py:109} INFO - [2022-02-16 17:18:55,443] {dag.py:2935} INFO - Setting next_dagrun for example_python_operator to None
[2022-02-16 17:18:55,453] {processor.py:171} INFO - Processing /home/airflow/.local/lib/python3.7/site-packages/airflow/example_dags/example_python_operator.py took 0.082 seconds
[2022-02-16 17:19:26,197] {processor.py:163} INFO - Started process (PID=7950) to work on /home/airflow/.local/lib/python3.7/site-packages/airflow/example_dags/example_python_operator.py
[2022-02-16 17:19:26,199] {processor.py:642} INFO - Processing file /home/airflow/.local/lib/python3.7/site-packages/airflow/example_dags/example_python_operator.py for tasks to queue
[2022-02-16 17:19:26,200] {logging_mixin.py:109} INFO - [2022-02-16 17:19:26,200] {dagbag.py:500} INFO - Filling up the DagBag from /home/airflow/.local/lib/python3.7/site-packages/airflow/example_dags/example_python_operator.py
[2022-02-16 17:19:26,308] {processor.py:654} INFO - DAG(s) dict_keys(['example_python_operator']) retrieved from /home/airflow/.local/lib/python3.7/site-packages/airflow/example_dags/example_python_operator.py
[2022-02-16 17:19:26,333] {logging_mixin.py:109} INFO - [2022-02-16 17:19:26,333] {dag.py:2396} INFO - Sync 1 DAGs
[2022-02-16 17:19:26,382] {logging_mixin.py:109} INFO - [2022-02-16 17:19:26,382] {dag.py:2935} INFO - Setting next_dagrun for example_python_operator to None
[2022-02-16 17:19:26,405] {processor.py:171} INFO - Processing /home/airflow/.local/lib/python3.7/site-packages/airflow/example_dags/example_python_operator.py took 0.213 seconds
[2022-02-16 17:19:56,843] {processor.py:163} INFO - Started process (PID=8150) to work on /home/airflow/.local/lib/python3.7/site-packages/airflow/example_dags/example_python_operator.py
[2022-02-16 17:19:56,844] {processor.py:642} INFO - Processing file /home/airflow/.local/lib/python3.7/site-packages/airflow/example_dags/example_python_operator.py for tasks to queue
[2022-02-16 17:19:56,845] {logging_mixin.py:109} INFO - [2022-02-16 17:19:56,845] {dagbag.py:500} INFO - Filling up the DagBag from /home/airflow/.local/lib/python3.7/site-packages/airflow/example_dags/example_python_operator.py
[2022-02-16 17:19:56,885] {processor.py:654} INFO - DAG(s) dict_keys(['example_python_operator']) retrieved from /home/airflow/.local/lib/python3.7/site-packages/airflow/example_dags/example_python_operator.py
[2022-02-16 17:19:56,897] {logging_mixin.py:109} INFO - [2022-02-16 17:19:56,897] {dag.py:2396} INFO - Sync 1 DAGs
[2022-02-16 17:19:56,914] {logging_mixin.py:109} INFO - [2022-02-16 17:19:56,914] {dag.py:2935} INFO - Setting next_dagrun for example_python_operator to None
[2022-02-16 17:19:56,925] {processor.py:171} INFO - Processing /home/airflow/.local/lib/python3.7/site-packages/airflow/example_dags/example_python_operator.py took 0.086 seconds
[2022-02-16 17:20:27,770] {processor.py:163} INFO - Started process (PID=8347) to work on /home/airflow/.local/lib/python3.7/site-packages/airflow/example_dags/example_python_operator.py
[2022-02-16 17:20:27,771] {processor.py:642} INFO - Processing file /home/airflow/.local/lib/python3.7/site-packages/airflow/example_dags/example_python_operator.py for tasks to queue
[2022-02-16 17:20:27,772] {logging_mixin.py:109} INFO - [2022-02-16 17:20:27,772] {dagbag.py:500} INFO - Filling up the DagBag from /home/airflow/.local/lib/python3.7/site-packages/airflow/example_dags/example_python_operator.py
[2022-02-16 17:20:27,809] {processor.py:654} INFO - DAG(s) dict_keys(['example_python_operator']) retrieved from /home/airflow/.local/lib/python3.7/site-packages/airflow/example_dags/example_python_operator.py
[2022-02-16 17:20:27,823] {logging_mixin.py:109} INFO - [2022-02-16 17:20:27,823] {dag.py:2396} INFO - Sync 1 DAGs
[2022-02-16 17:20:27,842] {logging_mixin.py:109} INFO - [2022-02-16 17:20:27,842] {dag.py:2935} INFO - Setting next_dagrun for example_python_operator to None
[2022-02-16 17:20:27,853] {processor.py:171} INFO - Processing /home/airflow/.local/lib/python3.7/site-packages/airflow/example_dags/example_python_operator.py took 0.089 seconds
[2022-02-16 17:20:58,018] {processor.py:163} INFO - Started process (PID=8549) to work on /home/airflow/.local/lib/python3.7/site-packages/airflow/example_dags/example_python_operator.py
[2022-02-16 17:20:58,027] {processor.py:642} INFO - Processing file /home/airflow/.local/lib/python3.7/site-packages/airflow/example_dags/example_python_operator.py for tasks to queue
[2022-02-16 17:20:58,028] {logging_mixin.py:109} INFO - [2022-02-16 17:20:58,028] {dagbag.py:500} INFO - Filling up the DagBag from /home/airflow/.local/lib/python3.7/site-packages/airflow/example_dags/example_python_operator.py
[2022-02-16 17:20:58,124] {processor.py:654} INFO - DAG(s) dict_keys(['example_python_operator']) retrieved from /home/airflow/.local/lib/python3.7/site-packages/airflow/example_dags/example_python_operator.py
[2022-02-16 17:20:58,150] {logging_mixin.py:109} INFO - [2022-02-16 17:20:58,150] {dag.py:2396} INFO - Sync 1 DAGs
[2022-02-16 17:20:58,170] {logging_mixin.py:109} INFO - [2022-02-16 17:20:58,169] {dag.py:2935} INFO - Setting next_dagrun for example_python_operator to None
[2022-02-16 17:20:58,181] {processor.py:171} INFO - Processing /home/airflow/.local/lib/python3.7/site-packages/airflow/example_dags/example_python_operator.py took 0.167 seconds
