[2022-02-16 16:58:30,684] {processor.py:163} INFO - Started process (PID=212) to work on /home/airflow/.local/lib/python3.7/site-packages/airflow/example_dags/example_xcom.py
[2022-02-16 16:58:30,686] {processor.py:642} INFO - Processing file /home/airflow/.local/lib/python3.7/site-packages/airflow/example_dags/example_xcom.py for tasks to queue
[2022-02-16 16:58:30,687] {logging_mixin.py:109} INFO - [2022-02-16 16:58:30,687] {dagbag.py:500} INFO - Filling up the DagBag from /home/airflow/.local/lib/python3.7/site-packages/airflow/example_dags/example_xcom.py
[2022-02-16 16:58:30,801] {processor.py:654} INFO - DAG(s) dict_keys(['example_xcom']) retrieved from /home/airflow/.local/lib/python3.7/site-packages/airflow/example_dags/example_xcom.py
[2022-02-16 16:58:35,848] {logging_mixin.py:109} INFO - [2022-02-16 16:58:35,848] {manager.py:496} INFO - Created Permission View: can read on DAG:example_xcom
[2022-02-16 16:58:35,868] {logging_mixin.py:109} INFO - [2022-02-16 16:58:35,868] {manager.py:496} INFO - Created Permission View: can edit on DAG:example_xcom
[2022-02-16 16:58:35,869] {logging_mixin.py:109} INFO - [2022-02-16 16:58:35,869] {dag.py:2396} INFO - Sync 1 DAGs
[2022-02-16 16:58:35,886] {logging_mixin.py:109} INFO - [2022-02-16 16:58:35,886] {dag.py:2415} INFO - Creating ORM DAG for example_xcom
[2022-02-16 16:58:35,903] {logging_mixin.py:109} INFO - [2022-02-16 16:58:35,903] {dag.py:2935} INFO - Setting next_dagrun for example_xcom to 2021-01-01T00:00:00+00:00
[2022-02-16 16:58:35,927] {processor.py:171} INFO - Processing /home/airflow/.local/lib/python3.7/site-packages/airflow/example_dags/example_xcom.py took 5.251 seconds
[2022-02-16 16:59:08,193] {processor.py:163} INFO - Started process (PID=445) to work on /home/airflow/.local/lib/python3.7/site-packages/airflow/example_dags/example_xcom.py
[2022-02-16 16:59:08,195] {processor.py:642} INFO - Processing file /home/airflow/.local/lib/python3.7/site-packages/airflow/example_dags/example_xcom.py for tasks to queue
[2022-02-16 16:59:08,196] {logging_mixin.py:109} INFO - [2022-02-16 16:59:08,195] {dagbag.py:500} INFO - Filling up the DagBag from /home/airflow/.local/lib/python3.7/site-packages/airflow/example_dags/example_xcom.py
[2022-02-16 16:59:08,239] {processor.py:654} INFO - DAG(s) dict_keys(['example_xcom']) retrieved from /home/airflow/.local/lib/python3.7/site-packages/airflow/example_dags/example_xcom.py
[2022-02-16 16:59:08,564] {logging_mixin.py:109} INFO - [2022-02-16 16:59:08,564] {dag.py:2396} INFO - Sync 1 DAGs
[2022-02-16 16:59:08,581] {logging_mixin.py:109} INFO - [2022-02-16 16:59:08,581] {dag.py:2935} INFO - Setting next_dagrun for example_xcom to 2021-01-01T00:00:00+00:00
[2022-02-16 16:59:08,591] {processor.py:171} INFO - Processing /home/airflow/.local/lib/python3.7/site-packages/airflow/example_dags/example_xcom.py took 0.402 seconds
[2022-02-16 16:59:39,060] {processor.py:163} INFO - Started process (PID=641) to work on /home/airflow/.local/lib/python3.7/site-packages/airflow/example_dags/example_xcom.py
[2022-02-16 16:59:39,061] {processor.py:642} INFO - Processing file /home/airflow/.local/lib/python3.7/site-packages/airflow/example_dags/example_xcom.py for tasks to queue
[2022-02-16 16:59:39,062] {logging_mixin.py:109} INFO - [2022-02-16 16:59:39,062] {dagbag.py:500} INFO - Filling up the DagBag from /home/airflow/.local/lib/python3.7/site-packages/airflow/example_dags/example_xcom.py
[2022-02-16 16:59:39,105] {processor.py:654} INFO - DAG(s) dict_keys(['example_xcom']) retrieved from /home/airflow/.local/lib/python3.7/site-packages/airflow/example_dags/example_xcom.py
[2022-02-16 16:59:39,485] {logging_mixin.py:109} INFO - [2022-02-16 16:59:39,484] {dag.py:2396} INFO - Sync 1 DAGs
[2022-02-16 16:59:39,499] {logging_mixin.py:109} INFO - [2022-02-16 16:59:39,498] {dag.py:2935} INFO - Setting next_dagrun for example_xcom to 2021-01-01T00:00:00+00:00
[2022-02-16 16:59:39,509] {processor.py:171} INFO - Processing /home/airflow/.local/lib/python3.7/site-packages/airflow/example_dags/example_xcom.py took 0.453 seconds
[2022-02-16 17:00:10,341] {processor.py:163} INFO - Started process (PID=817) to work on /home/airflow/.local/lib/python3.7/site-packages/airflow/example_dags/example_xcom.py
[2022-02-16 17:00:10,343] {processor.py:642} INFO - Processing file /home/airflow/.local/lib/python3.7/site-packages/airflow/example_dags/example_xcom.py for tasks to queue
[2022-02-16 17:00:10,343] {logging_mixin.py:109} INFO - [2022-02-16 17:00:10,343] {dagbag.py:500} INFO - Filling up the DagBag from /home/airflow/.local/lib/python3.7/site-packages/airflow/example_dags/example_xcom.py
[2022-02-16 17:00:10,403] {processor.py:654} INFO - DAG(s) dict_keys(['example_xcom']) retrieved from /home/airflow/.local/lib/python3.7/site-packages/airflow/example_dags/example_xcom.py
[2022-02-16 17:00:11,134] {logging_mixin.py:109} INFO - [2022-02-16 17:00:11,134] {dag.py:2396} INFO - Sync 1 DAGs
[2022-02-16 17:00:11,152] {logging_mixin.py:109} INFO - [2022-02-16 17:00:11,152] {dag.py:2935} INFO - Setting next_dagrun for example_xcom to 2021-01-01T00:00:00+00:00
[2022-02-16 17:00:11,169] {processor.py:171} INFO - Processing /home/airflow/.local/lib/python3.7/site-packages/airflow/example_dags/example_xcom.py took 0.831 seconds
[2022-02-16 17:00:41,721] {processor.py:163} INFO - Started process (PID=988) to work on /home/airflow/.local/lib/python3.7/site-packages/airflow/example_dags/example_xcom.py
[2022-02-16 17:00:41,722] {processor.py:642} INFO - Processing file /home/airflow/.local/lib/python3.7/site-packages/airflow/example_dags/example_xcom.py for tasks to queue
[2022-02-16 17:00:41,723] {logging_mixin.py:109} INFO - [2022-02-16 17:00:41,723] {dagbag.py:500} INFO - Filling up the DagBag from /home/airflow/.local/lib/python3.7/site-packages/airflow/example_dags/example_xcom.py
[2022-02-16 17:00:41,764] {processor.py:654} INFO - DAG(s) dict_keys(['example_xcom']) retrieved from /home/airflow/.local/lib/python3.7/site-packages/airflow/example_dags/example_xcom.py
[2022-02-16 17:00:42,124] {logging_mixin.py:109} INFO - [2022-02-16 17:00:42,123] {dag.py:2396} INFO - Sync 1 DAGs
[2022-02-16 17:00:42,141] {logging_mixin.py:109} INFO - [2022-02-16 17:00:42,141] {dag.py:2935} INFO - Setting next_dagrun for example_xcom to 2021-01-01T00:00:00+00:00
[2022-02-16 17:00:42,155] {processor.py:171} INFO - Processing /home/airflow/.local/lib/python3.7/site-packages/airflow/example_dags/example_xcom.py took 0.438 seconds
[2022-02-16 17:01:12,794] {processor.py:163} INFO - Started process (PID=1179) to work on /home/airflow/.local/lib/python3.7/site-packages/airflow/example_dags/example_xcom.py
[2022-02-16 17:01:12,796] {processor.py:642} INFO - Processing file /home/airflow/.local/lib/python3.7/site-packages/airflow/example_dags/example_xcom.py for tasks to queue
[2022-02-16 17:01:12,796] {logging_mixin.py:109} INFO - [2022-02-16 17:01:12,796] {dagbag.py:500} INFO - Filling up the DagBag from /home/airflow/.local/lib/python3.7/site-packages/airflow/example_dags/example_xcom.py
[2022-02-16 17:01:12,875] {processor.py:654} INFO - DAG(s) dict_keys(['example_xcom']) retrieved from /home/airflow/.local/lib/python3.7/site-packages/airflow/example_dags/example_xcom.py
[2022-02-16 17:01:13,214] {logging_mixin.py:109} INFO - [2022-02-16 17:01:13,214] {dag.py:2396} INFO - Sync 1 DAGs
[2022-02-16 17:01:13,239] {logging_mixin.py:109} INFO - [2022-02-16 17:01:13,239] {dag.py:2935} INFO - Setting next_dagrun for example_xcom to 2021-01-01T00:00:00+00:00
[2022-02-16 17:01:13,262] {processor.py:171} INFO - Processing /home/airflow/.local/lib/python3.7/site-packages/airflow/example_dags/example_xcom.py took 0.474 seconds
[2022-02-16 17:01:43,578] {processor.py:163} INFO - Started process (PID=1360) to work on /home/airflow/.local/lib/python3.7/site-packages/airflow/example_dags/example_xcom.py
[2022-02-16 17:01:43,580] {processor.py:642} INFO - Processing file /home/airflow/.local/lib/python3.7/site-packages/airflow/example_dags/example_xcom.py for tasks to queue
[2022-02-16 17:01:43,584] {logging_mixin.py:109} INFO - [2022-02-16 17:01:43,584] {dagbag.py:500} INFO - Filling up the DagBag from /home/airflow/.local/lib/python3.7/site-packages/airflow/example_dags/example_xcom.py
[2022-02-16 17:01:43,674] {processor.py:654} INFO - DAG(s) dict_keys(['example_xcom']) retrieved from /home/airflow/.local/lib/python3.7/site-packages/airflow/example_dags/example_xcom.py
[2022-02-16 17:01:44,122] {logging_mixin.py:109} INFO - [2022-02-16 17:01:44,122] {dag.py:2396} INFO - Sync 1 DAGs
[2022-02-16 17:01:44,138] {logging_mixin.py:109} INFO - [2022-02-16 17:01:44,137] {dag.py:2935} INFO - Setting next_dagrun for example_xcom to 2021-01-01T00:00:00+00:00
[2022-02-16 17:01:44,150] {processor.py:171} INFO - Processing /home/airflow/.local/lib/python3.7/site-packages/airflow/example_dags/example_xcom.py took 0.582 seconds
[2022-02-16 17:02:14,315] {processor.py:163} INFO - Started process (PID=1531) to work on /home/airflow/.local/lib/python3.7/site-packages/airflow/example_dags/example_xcom.py
[2022-02-16 17:02:14,317] {processor.py:642} INFO - Processing file /home/airflow/.local/lib/python3.7/site-packages/airflow/example_dags/example_xcom.py for tasks to queue
[2022-02-16 17:02:14,319] {logging_mixin.py:109} INFO - [2022-02-16 17:02:14,319] {dagbag.py:500} INFO - Filling up the DagBag from /home/airflow/.local/lib/python3.7/site-packages/airflow/example_dags/example_xcom.py
[2022-02-16 17:02:14,378] {processor.py:654} INFO - DAG(s) dict_keys(['example_xcom']) retrieved from /home/airflow/.local/lib/python3.7/site-packages/airflow/example_dags/example_xcom.py
[2022-02-16 17:02:14,803] {logging_mixin.py:109} INFO - [2022-02-16 17:02:14,803] {dag.py:2396} INFO - Sync 1 DAGs
[2022-02-16 17:02:14,823] {logging_mixin.py:109} INFO - [2022-02-16 17:02:14,822] {dag.py:2935} INFO - Setting next_dagrun for example_xcom to 2021-01-01T00:00:00+00:00
[2022-02-16 17:02:14,835] {processor.py:171} INFO - Processing /home/airflow/.local/lib/python3.7/site-packages/airflow/example_dags/example_xcom.py took 0.525 seconds
[2022-02-16 17:02:45,249] {processor.py:163} INFO - Started process (PID=1716) to work on /home/airflow/.local/lib/python3.7/site-packages/airflow/example_dags/example_xcom.py
[2022-02-16 17:02:45,254] {processor.py:642} INFO - Processing file /home/airflow/.local/lib/python3.7/site-packages/airflow/example_dags/example_xcom.py for tasks to queue
[2022-02-16 17:02:45,261] {logging_mixin.py:109} INFO - [2022-02-16 17:02:45,261] {dagbag.py:500} INFO - Filling up the DagBag from /home/airflow/.local/lib/python3.7/site-packages/airflow/example_dags/example_xcom.py
[2022-02-16 17:02:45,344] {processor.py:654} INFO - DAG(s) dict_keys(['example_xcom']) retrieved from /home/airflow/.local/lib/python3.7/site-packages/airflow/example_dags/example_xcom.py
[2022-02-16 17:02:45,978] {logging_mixin.py:109} INFO - [2022-02-16 17:02:45,978] {dag.py:2396} INFO - Sync 1 DAGs
[2022-02-16 17:02:45,992] {logging_mixin.py:109} INFO - [2022-02-16 17:02:45,992] {dag.py:2935} INFO - Setting next_dagrun for example_xcom to 2021-01-01T00:00:00+00:00
[2022-02-16 17:02:46,003] {processor.py:171} INFO - Processing /home/airflow/.local/lib/python3.7/site-packages/airflow/example_dags/example_xcom.py took 0.762 seconds
[2022-02-16 17:03:16,586] {processor.py:163} INFO - Started process (PID=1905) to work on /home/airflow/.local/lib/python3.7/site-packages/airflow/example_dags/example_xcom.py
[2022-02-16 17:03:16,589] {processor.py:642} INFO - Processing file /home/airflow/.local/lib/python3.7/site-packages/airflow/example_dags/example_xcom.py for tasks to queue
[2022-02-16 17:03:16,590] {logging_mixin.py:109} INFO - [2022-02-16 17:03:16,590] {dagbag.py:500} INFO - Filling up the DagBag from /home/airflow/.local/lib/python3.7/site-packages/airflow/example_dags/example_xcom.py
[2022-02-16 17:03:16,629] {processor.py:654} INFO - DAG(s) dict_keys(['example_xcom']) retrieved from /home/airflow/.local/lib/python3.7/site-packages/airflow/example_dags/example_xcom.py
[2022-02-16 17:03:16,935] {logging_mixin.py:109} INFO - [2022-02-16 17:03:16,935] {dag.py:2396} INFO - Sync 1 DAGs
[2022-02-16 17:03:16,949] {logging_mixin.py:109} INFO - [2022-02-16 17:03:16,949] {dag.py:2935} INFO - Setting next_dagrun for example_xcom to 2021-01-01T00:00:00+00:00
[2022-02-16 17:03:16,960] {processor.py:171} INFO - Processing /home/airflow/.local/lib/python3.7/site-packages/airflow/example_dags/example_xcom.py took 0.377 seconds
[2022-02-16 17:03:47,735] {processor.py:163} INFO - Started process (PID=2090) to work on /home/airflow/.local/lib/python3.7/site-packages/airflow/example_dags/example_xcom.py
[2022-02-16 17:03:47,737] {processor.py:642} INFO - Processing file /home/airflow/.local/lib/python3.7/site-packages/airflow/example_dags/example_xcom.py for tasks to queue
[2022-02-16 17:03:47,737] {logging_mixin.py:109} INFO - [2022-02-16 17:03:47,737] {dagbag.py:500} INFO - Filling up the DagBag from /home/airflow/.local/lib/python3.7/site-packages/airflow/example_dags/example_xcom.py
[2022-02-16 17:03:47,814] {processor.py:654} INFO - DAG(s) dict_keys(['example_xcom']) retrieved from /home/airflow/.local/lib/python3.7/site-packages/airflow/example_dags/example_xcom.py
[2022-02-16 17:03:48,327] {logging_mixin.py:109} INFO - [2022-02-16 17:03:48,326] {dag.py:2396} INFO - Sync 1 DAGs
[2022-02-16 17:03:48,405] {logging_mixin.py:109} INFO - [2022-02-16 17:03:48,404] {dag.py:2935} INFO - Setting next_dagrun for example_xcom to 2021-01-01T00:00:00+00:00
[2022-02-16 17:03:48,504] {processor.py:171} INFO - Processing /home/airflow/.local/lib/python3.7/site-packages/airflow/example_dags/example_xcom.py took 0.775 seconds
[2022-02-16 17:04:18,618] {processor.py:163} INFO - Started process (PID=2279) to work on /home/airflow/.local/lib/python3.7/site-packages/airflow/example_dags/example_xcom.py
[2022-02-16 17:04:18,620] {processor.py:642} INFO - Processing file /home/airflow/.local/lib/python3.7/site-packages/airflow/example_dags/example_xcom.py for tasks to queue
[2022-02-16 17:04:18,620] {logging_mixin.py:109} INFO - [2022-02-16 17:04:18,620] {dagbag.py:500} INFO - Filling up the DagBag from /home/airflow/.local/lib/python3.7/site-packages/airflow/example_dags/example_xcom.py
[2022-02-16 17:04:18,665] {processor.py:654} INFO - DAG(s) dict_keys(['example_xcom']) retrieved from /home/airflow/.local/lib/python3.7/site-packages/airflow/example_dags/example_xcom.py
[2022-02-16 17:04:19,005] {logging_mixin.py:109} INFO - [2022-02-16 17:04:19,005] {dag.py:2396} INFO - Sync 1 DAGs
[2022-02-16 17:04:19,088] {logging_mixin.py:109} INFO - [2022-02-16 17:04:19,088] {dag.py:2935} INFO - Setting next_dagrun for example_xcom to 2021-01-01T00:00:00+00:00
[2022-02-16 17:04:19,117] {processor.py:171} INFO - Processing /home/airflow/.local/lib/python3.7/site-packages/airflow/example_dags/example_xcom.py took 0.503 seconds
[2022-02-16 17:04:49,565] {processor.py:163} INFO - Started process (PID=2479) to work on /home/airflow/.local/lib/python3.7/site-packages/airflow/example_dags/example_xcom.py
[2022-02-16 17:04:49,568] {processor.py:642} INFO - Processing file /home/airflow/.local/lib/python3.7/site-packages/airflow/example_dags/example_xcom.py for tasks to queue
[2022-02-16 17:04:49,570] {logging_mixin.py:109} INFO - [2022-02-16 17:04:49,570] {dagbag.py:500} INFO - Filling up the DagBag from /home/airflow/.local/lib/python3.7/site-packages/airflow/example_dags/example_xcom.py
[2022-02-16 17:04:49,642] {processor.py:654} INFO - DAG(s) dict_keys(['example_xcom']) retrieved from /home/airflow/.local/lib/python3.7/site-packages/airflow/example_dags/example_xcom.py
[2022-02-16 17:04:50,262] {logging_mixin.py:109} INFO - [2022-02-16 17:04:50,262] {dag.py:2396} INFO - Sync 1 DAGs
[2022-02-16 17:04:50,287] {logging_mixin.py:109} INFO - [2022-02-16 17:04:50,287] {dag.py:2935} INFO - Setting next_dagrun for example_xcom to 2021-01-01T00:00:00+00:00
[2022-02-16 17:04:50,507] {processor.py:171} INFO - Processing /home/airflow/.local/lib/python3.7/site-packages/airflow/example_dags/example_xcom.py took 0.946 seconds
[2022-02-16 17:05:20,910] {processor.py:163} INFO - Started process (PID=2665) to work on /home/airflow/.local/lib/python3.7/site-packages/airflow/example_dags/example_xcom.py
[2022-02-16 17:05:20,912] {processor.py:642} INFO - Processing file /home/airflow/.local/lib/python3.7/site-packages/airflow/example_dags/example_xcom.py for tasks to queue
[2022-02-16 17:05:20,913] {logging_mixin.py:109} INFO - [2022-02-16 17:05:20,913] {dagbag.py:500} INFO - Filling up the DagBag from /home/airflow/.local/lib/python3.7/site-packages/airflow/example_dags/example_xcom.py
[2022-02-16 17:05:20,982] {processor.py:654} INFO - DAG(s) dict_keys(['example_xcom']) retrieved from /home/airflow/.local/lib/python3.7/site-packages/airflow/example_dags/example_xcom.py
[2022-02-16 17:05:21,328] {logging_mixin.py:109} INFO - [2022-02-16 17:05:21,327] {dag.py:2396} INFO - Sync 1 DAGs
[2022-02-16 17:05:21,344] {logging_mixin.py:109} INFO - [2022-02-16 17:05:21,344] {dag.py:2935} INFO - Setting next_dagrun for example_xcom to 2021-01-01T00:00:00+00:00
[2022-02-16 17:05:21,355] {processor.py:171} INFO - Processing /home/airflow/.local/lib/python3.7/site-packages/airflow/example_dags/example_xcom.py took 0.450 seconds
[2022-02-16 17:05:52,292] {processor.py:163} INFO - Started process (PID=2849) to work on /home/airflow/.local/lib/python3.7/site-packages/airflow/example_dags/example_xcom.py
[2022-02-16 17:05:52,294] {processor.py:642} INFO - Processing file /home/airflow/.local/lib/python3.7/site-packages/airflow/example_dags/example_xcom.py for tasks to queue
[2022-02-16 17:05:52,294] {logging_mixin.py:109} INFO - [2022-02-16 17:05:52,294] {dagbag.py:500} INFO - Filling up the DagBag from /home/airflow/.local/lib/python3.7/site-packages/airflow/example_dags/example_xcom.py
[2022-02-16 17:05:52,332] {processor.py:654} INFO - DAG(s) dict_keys(['example_xcom']) retrieved from /home/airflow/.local/lib/python3.7/site-packages/airflow/example_dags/example_xcom.py
[2022-02-16 17:05:52,668] {logging_mixin.py:109} INFO - [2022-02-16 17:05:52,668] {dag.py:2396} INFO - Sync 1 DAGs
[2022-02-16 17:05:52,683] {logging_mixin.py:109} INFO - [2022-02-16 17:05:52,683] {dag.py:2935} INFO - Setting next_dagrun for example_xcom to 2021-01-01T00:00:00+00:00
[2022-02-16 17:05:52,693] {processor.py:171} INFO - Processing /home/airflow/.local/lib/python3.7/site-packages/airflow/example_dags/example_xcom.py took 0.406 seconds
[2022-02-16 17:06:22,749] {processor.py:163} INFO - Started process (PID=3034) to work on /home/airflow/.local/lib/python3.7/site-packages/airflow/example_dags/example_xcom.py
[2022-02-16 17:06:22,751] {processor.py:642} INFO - Processing file /home/airflow/.local/lib/python3.7/site-packages/airflow/example_dags/example_xcom.py for tasks to queue
[2022-02-16 17:06:22,752] {logging_mixin.py:109} INFO - [2022-02-16 17:06:22,752] {dagbag.py:500} INFO - Filling up the DagBag from /home/airflow/.local/lib/python3.7/site-packages/airflow/example_dags/example_xcom.py
[2022-02-16 17:06:22,789] {processor.py:654} INFO - DAG(s) dict_keys(['example_xcom']) retrieved from /home/airflow/.local/lib/python3.7/site-packages/airflow/example_dags/example_xcom.py
[2022-02-16 17:06:23,233] {logging_mixin.py:109} INFO - [2022-02-16 17:06:23,233] {dag.py:2396} INFO - Sync 1 DAGs
[2022-02-16 17:06:23,259] {logging_mixin.py:109} INFO - [2022-02-16 17:06:23,259] {dag.py:2935} INFO - Setting next_dagrun for example_xcom to 2021-01-01T00:00:00+00:00
[2022-02-16 17:06:23,280] {processor.py:171} INFO - Processing /home/airflow/.local/lib/python3.7/site-packages/airflow/example_dags/example_xcom.py took 0.535 seconds
[2022-02-16 17:06:53,955] {processor.py:163} INFO - Started process (PID=3227) to work on /home/airflow/.local/lib/python3.7/site-packages/airflow/example_dags/example_xcom.py
[2022-02-16 17:06:53,957] {processor.py:642} INFO - Processing file /home/airflow/.local/lib/python3.7/site-packages/airflow/example_dags/example_xcom.py for tasks to queue
[2022-02-16 17:06:53,958] {logging_mixin.py:109} INFO - [2022-02-16 17:06:53,958] {dagbag.py:500} INFO - Filling up the DagBag from /home/airflow/.local/lib/python3.7/site-packages/airflow/example_dags/example_xcom.py
[2022-02-16 17:06:54,003] {processor.py:654} INFO - DAG(s) dict_keys(['example_xcom']) retrieved from /home/airflow/.local/lib/python3.7/site-packages/airflow/example_dags/example_xcom.py
[2022-02-16 17:06:54,385] {logging_mixin.py:109} INFO - [2022-02-16 17:06:54,385] {dag.py:2396} INFO - Sync 1 DAGs
[2022-02-16 17:06:54,408] {logging_mixin.py:109} INFO - [2022-02-16 17:06:54,408] {dag.py:2935} INFO - Setting next_dagrun for example_xcom to 2021-01-01T00:00:00+00:00
[2022-02-16 17:06:54,421] {processor.py:171} INFO - Processing /home/airflow/.local/lib/python3.7/site-packages/airflow/example_dags/example_xcom.py took 0.471 seconds
[2022-02-16 17:07:24,917] {processor.py:163} INFO - Started process (PID=3409) to work on /home/airflow/.local/lib/python3.7/site-packages/airflow/example_dags/example_xcom.py
[2022-02-16 17:07:24,919] {processor.py:642} INFO - Processing file /home/airflow/.local/lib/python3.7/site-packages/airflow/example_dags/example_xcom.py for tasks to queue
[2022-02-16 17:07:24,920] {logging_mixin.py:109} INFO - [2022-02-16 17:07:24,919] {dagbag.py:500} INFO - Filling up the DagBag from /home/airflow/.local/lib/python3.7/site-packages/airflow/example_dags/example_xcom.py
[2022-02-16 17:07:24,958] {processor.py:654} INFO - DAG(s) dict_keys(['example_xcom']) retrieved from /home/airflow/.local/lib/python3.7/site-packages/airflow/example_dags/example_xcom.py
[2022-02-16 17:07:25,263] {logging_mixin.py:109} INFO - [2022-02-16 17:07:25,263] {dag.py:2396} INFO - Sync 1 DAGs
[2022-02-16 17:07:25,279] {logging_mixin.py:109} INFO - [2022-02-16 17:07:25,279] {dag.py:2935} INFO - Setting next_dagrun for example_xcom to 2021-01-01T00:00:00+00:00
[2022-02-16 17:07:25,289] {processor.py:171} INFO - Processing /home/airflow/.local/lib/python3.7/site-packages/airflow/example_dags/example_xcom.py took 0.376 seconds
[2022-02-16 17:07:56,065] {processor.py:163} INFO - Started process (PID=3605) to work on /home/airflow/.local/lib/python3.7/site-packages/airflow/example_dags/example_xcom.py
[2022-02-16 17:07:56,067] {processor.py:642} INFO - Processing file /home/airflow/.local/lib/python3.7/site-packages/airflow/example_dags/example_xcom.py for tasks to queue
[2022-02-16 17:07:56,068] {logging_mixin.py:109} INFO - [2022-02-16 17:07:56,067] {dagbag.py:500} INFO - Filling up the DagBag from /home/airflow/.local/lib/python3.7/site-packages/airflow/example_dags/example_xcom.py
[2022-02-16 17:07:56,183] {processor.py:654} INFO - DAG(s) dict_keys(['example_xcom']) retrieved from /home/airflow/.local/lib/python3.7/site-packages/airflow/example_dags/example_xcom.py
[2022-02-16 17:07:56,682] {logging_mixin.py:109} INFO - [2022-02-16 17:07:56,682] {dag.py:2396} INFO - Sync 1 DAGs
[2022-02-16 17:07:56,695] {logging_mixin.py:109} INFO - [2022-02-16 17:07:56,695] {dag.py:2935} INFO - Setting next_dagrun for example_xcom to 2021-01-01T00:00:00+00:00
[2022-02-16 17:07:56,704] {processor.py:171} INFO - Processing /home/airflow/.local/lib/python3.7/site-packages/airflow/example_dags/example_xcom.py took 0.643 seconds
[2022-02-16 17:08:27,300] {processor.py:163} INFO - Started process (PID=3787) to work on /home/airflow/.local/lib/python3.7/site-packages/airflow/example_dags/example_xcom.py
[2022-02-16 17:08:27,302] {processor.py:642} INFO - Processing file /home/airflow/.local/lib/python3.7/site-packages/airflow/example_dags/example_xcom.py for tasks to queue
[2022-02-16 17:08:27,304] {logging_mixin.py:109} INFO - [2022-02-16 17:08:27,304] {dagbag.py:500} INFO - Filling up the DagBag from /home/airflow/.local/lib/python3.7/site-packages/airflow/example_dags/example_xcom.py
[2022-02-16 17:08:27,368] {processor.py:654} INFO - DAG(s) dict_keys(['example_xcom']) retrieved from /home/airflow/.local/lib/python3.7/site-packages/airflow/example_dags/example_xcom.py
[2022-02-16 17:08:27,958] {logging_mixin.py:109} INFO - [2022-02-16 17:08:27,958] {dag.py:2396} INFO - Sync 1 DAGs
[2022-02-16 17:08:27,985] {logging_mixin.py:109} INFO - [2022-02-16 17:08:27,985] {dag.py:2935} INFO - Setting next_dagrun for example_xcom to 2021-01-01T00:00:00+00:00
[2022-02-16 17:08:27,999] {processor.py:171} INFO - Processing /home/airflow/.local/lib/python3.7/site-packages/airflow/example_dags/example_xcom.py took 0.704 seconds
[2022-02-16 17:08:58,961] {processor.py:163} INFO - Started process (PID=3972) to work on /home/airflow/.local/lib/python3.7/site-packages/airflow/example_dags/example_xcom.py
[2022-02-16 17:08:58,963] {processor.py:642} INFO - Processing file /home/airflow/.local/lib/python3.7/site-packages/airflow/example_dags/example_xcom.py for tasks to queue
[2022-02-16 17:08:58,964] {logging_mixin.py:109} INFO - [2022-02-16 17:08:58,964] {dagbag.py:500} INFO - Filling up the DagBag from /home/airflow/.local/lib/python3.7/site-packages/airflow/example_dags/example_xcom.py
[2022-02-16 17:08:59,006] {processor.py:654} INFO - DAG(s) dict_keys(['example_xcom']) retrieved from /home/airflow/.local/lib/python3.7/site-packages/airflow/example_dags/example_xcom.py
[2022-02-16 17:08:59,368] {logging_mixin.py:109} INFO - [2022-02-16 17:08:59,368] {dag.py:2396} INFO - Sync 1 DAGs
[2022-02-16 17:08:59,383] {logging_mixin.py:109} INFO - [2022-02-16 17:08:59,383] {dag.py:2935} INFO - Setting next_dagrun for example_xcom to 2021-01-01T00:00:00+00:00
[2022-02-16 17:08:59,397] {processor.py:171} INFO - Processing /home/airflow/.local/lib/python3.7/site-packages/airflow/example_dags/example_xcom.py took 0.440 seconds
[2022-02-16 17:09:29,759] {processor.py:163} INFO - Started process (PID=4155) to work on /home/airflow/.local/lib/python3.7/site-packages/airflow/example_dags/example_xcom.py
[2022-02-16 17:09:29,761] {processor.py:642} INFO - Processing file /home/airflow/.local/lib/python3.7/site-packages/airflow/example_dags/example_xcom.py for tasks to queue
[2022-02-16 17:09:29,762] {logging_mixin.py:109} INFO - [2022-02-16 17:09:29,762] {dagbag.py:500} INFO - Filling up the DagBag from /home/airflow/.local/lib/python3.7/site-packages/airflow/example_dags/example_xcom.py
[2022-02-16 17:09:29,801] {processor.py:654} INFO - DAG(s) dict_keys(['example_xcom']) retrieved from /home/airflow/.local/lib/python3.7/site-packages/airflow/example_dags/example_xcom.py
[2022-02-16 17:09:30,210] {logging_mixin.py:109} INFO - [2022-02-16 17:09:30,210] {dag.py:2396} INFO - Sync 1 DAGs
[2022-02-16 17:09:30,226] {logging_mixin.py:109} INFO - [2022-02-16 17:09:30,226] {dag.py:2935} INFO - Setting next_dagrun for example_xcom to 2021-01-01T00:00:00+00:00
[2022-02-16 17:09:30,240] {processor.py:171} INFO - Processing /home/airflow/.local/lib/python3.7/site-packages/airflow/example_dags/example_xcom.py took 0.484 seconds
[2022-02-16 17:10:00,526] {processor.py:163} INFO - Started process (PID=4349) to work on /home/airflow/.local/lib/python3.7/site-packages/airflow/example_dags/example_xcom.py
[2022-02-16 17:10:00,529] {processor.py:642} INFO - Processing file /home/airflow/.local/lib/python3.7/site-packages/airflow/example_dags/example_xcom.py for tasks to queue
[2022-02-16 17:10:00,529] {logging_mixin.py:109} INFO - [2022-02-16 17:10:00,529] {dagbag.py:500} INFO - Filling up the DagBag from /home/airflow/.local/lib/python3.7/site-packages/airflow/example_dags/example_xcom.py
[2022-02-16 17:10:00,573] {processor.py:654} INFO - DAG(s) dict_keys(['example_xcom']) retrieved from /home/airflow/.local/lib/python3.7/site-packages/airflow/example_dags/example_xcom.py
[2022-02-16 17:10:01,115] {logging_mixin.py:109} INFO - [2022-02-16 17:10:01,115] {dag.py:2396} INFO - Sync 1 DAGs
[2022-02-16 17:10:01,143] {logging_mixin.py:109} INFO - [2022-02-16 17:10:01,143] {dag.py:2935} INFO - Setting next_dagrun for example_xcom to 2021-01-01T00:00:00+00:00
[2022-02-16 17:10:01,154] {processor.py:171} INFO - Processing /home/airflow/.local/lib/python3.7/site-packages/airflow/example_dags/example_xcom.py took 0.632 seconds
[2022-02-16 17:10:31,717] {processor.py:163} INFO - Started process (PID=4534) to work on /home/airflow/.local/lib/python3.7/site-packages/airflow/example_dags/example_xcom.py
[2022-02-16 17:10:31,719] {processor.py:642} INFO - Processing file /home/airflow/.local/lib/python3.7/site-packages/airflow/example_dags/example_xcom.py for tasks to queue
[2022-02-16 17:10:31,720] {logging_mixin.py:109} INFO - [2022-02-16 17:10:31,719] {dagbag.py:500} INFO - Filling up the DagBag from /home/airflow/.local/lib/python3.7/site-packages/airflow/example_dags/example_xcom.py
[2022-02-16 17:10:31,781] {processor.py:654} INFO - DAG(s) dict_keys(['example_xcom']) retrieved from /home/airflow/.local/lib/python3.7/site-packages/airflow/example_dags/example_xcom.py
[2022-02-16 17:10:32,242] {logging_mixin.py:109} INFO - [2022-02-16 17:10:32,241] {dag.py:2396} INFO - Sync 1 DAGs
[2022-02-16 17:10:32,309] {logging_mixin.py:109} INFO - [2022-02-16 17:10:32,309] {dag.py:2935} INFO - Setting next_dagrun for example_xcom to 2021-01-01T00:00:00+00:00
[2022-02-16 17:10:32,341] {processor.py:171} INFO - Processing /home/airflow/.local/lib/python3.7/site-packages/airflow/example_dags/example_xcom.py took 0.628 seconds
[2022-02-16 17:11:02,800] {processor.py:163} INFO - Started process (PID=4719) to work on /home/airflow/.local/lib/python3.7/site-packages/airflow/example_dags/example_xcom.py
[2022-02-16 17:11:02,802] {processor.py:642} INFO - Processing file /home/airflow/.local/lib/python3.7/site-packages/airflow/example_dags/example_xcom.py for tasks to queue
[2022-02-16 17:11:02,804] {logging_mixin.py:109} INFO - [2022-02-16 17:11:02,804] {dagbag.py:500} INFO - Filling up the DagBag from /home/airflow/.local/lib/python3.7/site-packages/airflow/example_dags/example_xcom.py
[2022-02-16 17:11:02,863] {processor.py:654} INFO - DAG(s) dict_keys(['example_xcom']) retrieved from /home/airflow/.local/lib/python3.7/site-packages/airflow/example_dags/example_xcom.py
[2022-02-16 17:11:03,323] {logging_mixin.py:109} INFO - [2022-02-16 17:11:03,323] {dag.py:2396} INFO - Sync 1 DAGs
[2022-02-16 17:11:03,369] {logging_mixin.py:109} INFO - [2022-02-16 17:11:03,368] {dag.py:2935} INFO - Setting next_dagrun for example_xcom to 2021-01-01T00:00:00+00:00
[2022-02-16 17:11:03,411] {processor.py:171} INFO - Processing /home/airflow/.local/lib/python3.7/site-packages/airflow/example_dags/example_xcom.py took 0.618 seconds
[2022-02-16 17:11:33,973] {processor.py:163} INFO - Started process (PID=4902) to work on /home/airflow/.local/lib/python3.7/site-packages/airflow/example_dags/example_xcom.py
[2022-02-16 17:11:33,993] {processor.py:642} INFO - Processing file /home/airflow/.local/lib/python3.7/site-packages/airflow/example_dags/example_xcom.py for tasks to queue
[2022-02-16 17:11:34,007] {logging_mixin.py:109} INFO - [2022-02-16 17:11:34,007] {dagbag.py:500} INFO - Filling up the DagBag from /home/airflow/.local/lib/python3.7/site-packages/airflow/example_dags/example_xcom.py
[2022-02-16 17:11:34,314] {processor.py:654} INFO - DAG(s) dict_keys(['example_xcom']) retrieved from /home/airflow/.local/lib/python3.7/site-packages/airflow/example_dags/example_xcom.py
[2022-02-16 17:11:34,929] {logging_mixin.py:109} INFO - [2022-02-16 17:11:34,929] {dag.py:2396} INFO - Sync 1 DAGs
[2022-02-16 17:11:34,946] {logging_mixin.py:109} INFO - [2022-02-16 17:11:34,946] {dag.py:2935} INFO - Setting next_dagrun for example_xcom to 2021-01-01T00:00:00+00:00
[2022-02-16 17:11:34,965] {processor.py:171} INFO - Processing /home/airflow/.local/lib/python3.7/site-packages/airflow/example_dags/example_xcom.py took 1.018 seconds
[2022-02-16 17:12:05,313] {processor.py:163} INFO - Started process (PID=5103) to work on /home/airflow/.local/lib/python3.7/site-packages/airflow/example_dags/example_xcom.py
[2022-02-16 17:12:05,315] {processor.py:642} INFO - Processing file /home/airflow/.local/lib/python3.7/site-packages/airflow/example_dags/example_xcom.py for tasks to queue
[2022-02-16 17:12:05,316] {logging_mixin.py:109} INFO - [2022-02-16 17:12:05,316] {dagbag.py:500} INFO - Filling up the DagBag from /home/airflow/.local/lib/python3.7/site-packages/airflow/example_dags/example_xcom.py
[2022-02-16 17:12:05,393] {processor.py:654} INFO - DAG(s) dict_keys(['example_xcom']) retrieved from /home/airflow/.local/lib/python3.7/site-packages/airflow/example_dags/example_xcom.py
[2022-02-16 17:12:05,888] {logging_mixin.py:109} INFO - [2022-02-16 17:12:05,887] {dag.py:2396} INFO - Sync 1 DAGs
[2022-02-16 17:12:05,902] {logging_mixin.py:109} INFO - [2022-02-16 17:12:05,902] {dag.py:2935} INFO - Setting next_dagrun for example_xcom to 2021-01-01T00:00:00+00:00
[2022-02-16 17:12:05,922] {processor.py:171} INFO - Processing /home/airflow/.local/lib/python3.7/site-packages/airflow/example_dags/example_xcom.py took 0.613 seconds
[2022-02-16 17:12:36,504] {processor.py:163} INFO - Started process (PID=5289) to work on /home/airflow/.local/lib/python3.7/site-packages/airflow/example_dags/example_xcom.py
[2022-02-16 17:12:36,505] {processor.py:642} INFO - Processing file /home/airflow/.local/lib/python3.7/site-packages/airflow/example_dags/example_xcom.py for tasks to queue
[2022-02-16 17:12:36,506] {logging_mixin.py:109} INFO - [2022-02-16 17:12:36,506] {dagbag.py:500} INFO - Filling up the DagBag from /home/airflow/.local/lib/python3.7/site-packages/airflow/example_dags/example_xcom.py
[2022-02-16 17:12:36,561] {processor.py:654} INFO - DAG(s) dict_keys(['example_xcom']) retrieved from /home/airflow/.local/lib/python3.7/site-packages/airflow/example_dags/example_xcom.py
[2022-02-16 17:12:36,938] {logging_mixin.py:109} INFO - [2022-02-16 17:12:36,938] {dag.py:2396} INFO - Sync 1 DAGs
[2022-02-16 17:12:36,953] {logging_mixin.py:109} INFO - [2022-02-16 17:12:36,953] {dag.py:2935} INFO - Setting next_dagrun for example_xcom to 2021-01-01T00:00:00+00:00
[2022-02-16 17:12:36,964] {processor.py:171} INFO - Processing /home/airflow/.local/lib/python3.7/site-packages/airflow/example_dags/example_xcom.py took 0.464 seconds
[2022-02-16 17:13:07,345] {processor.py:163} INFO - Started process (PID=5477) to work on /home/airflow/.local/lib/python3.7/site-packages/airflow/example_dags/example_xcom.py
[2022-02-16 17:13:07,347] {processor.py:642} INFO - Processing file /home/airflow/.local/lib/python3.7/site-packages/airflow/example_dags/example_xcom.py for tasks to queue
[2022-02-16 17:13:07,348] {logging_mixin.py:109} INFO - [2022-02-16 17:13:07,348] {dagbag.py:500} INFO - Filling up the DagBag from /home/airflow/.local/lib/python3.7/site-packages/airflow/example_dags/example_xcom.py
[2022-02-16 17:13:07,393] {processor.py:654} INFO - DAG(s) dict_keys(['example_xcom']) retrieved from /home/airflow/.local/lib/python3.7/site-packages/airflow/example_dags/example_xcom.py
[2022-02-16 17:13:07,948] {logging_mixin.py:109} INFO - [2022-02-16 17:13:07,948] {dag.py:2396} INFO - Sync 1 DAGs
[2022-02-16 17:13:08,011] {logging_mixin.py:109} INFO - [2022-02-16 17:13:08,010] {dag.py:2935} INFO - Setting next_dagrun for example_xcom to 2021-01-01T00:00:00+00:00
[2022-02-16 17:13:08,056] {processor.py:171} INFO - Processing /home/airflow/.local/lib/python3.7/site-packages/airflow/example_dags/example_xcom.py took 0.715 seconds
[2022-02-16 17:13:38,881] {processor.py:163} INFO - Started process (PID=5684) to work on /home/airflow/.local/lib/python3.7/site-packages/airflow/example_dags/example_xcom.py
[2022-02-16 17:13:38,888] {processor.py:642} INFO - Processing file /home/airflow/.local/lib/python3.7/site-packages/airflow/example_dags/example_xcom.py for tasks to queue
[2022-02-16 17:13:38,889] {logging_mixin.py:109} INFO - [2022-02-16 17:13:38,889] {dagbag.py:500} INFO - Filling up the DagBag from /home/airflow/.local/lib/python3.7/site-packages/airflow/example_dags/example_xcom.py
[2022-02-16 17:13:38,979] {processor.py:654} INFO - DAG(s) dict_keys(['example_xcom']) retrieved from /home/airflow/.local/lib/python3.7/site-packages/airflow/example_dags/example_xcom.py
[2022-02-16 17:13:39,645] {logging_mixin.py:109} INFO - [2022-02-16 17:13:39,645] {dag.py:2396} INFO - Sync 1 DAGs
[2022-02-16 17:13:39,664] {logging_mixin.py:109} INFO - [2022-02-16 17:13:39,664] {dag.py:2935} INFO - Setting next_dagrun for example_xcom to 2021-01-01T00:00:00+00:00
[2022-02-16 17:13:39,686] {processor.py:171} INFO - Processing /home/airflow/.local/lib/python3.7/site-packages/airflow/example_dags/example_xcom.py took 0.809 seconds
[2022-02-16 17:14:09,826] {processor.py:163} INFO - Started process (PID=5888) to work on /home/airflow/.local/lib/python3.7/site-packages/airflow/example_dags/example_xcom.py
[2022-02-16 17:14:09,827] {processor.py:642} INFO - Processing file /home/airflow/.local/lib/python3.7/site-packages/airflow/example_dags/example_xcom.py for tasks to queue
[2022-02-16 17:14:09,828] {logging_mixin.py:109} INFO - [2022-02-16 17:14:09,828] {dagbag.py:500} INFO - Filling up the DagBag from /home/airflow/.local/lib/python3.7/site-packages/airflow/example_dags/example_xcom.py
[2022-02-16 17:14:09,867] {processor.py:654} INFO - DAG(s) dict_keys(['example_xcom']) retrieved from /home/airflow/.local/lib/python3.7/site-packages/airflow/example_dags/example_xcom.py
[2022-02-16 17:14:10,214] {logging_mixin.py:109} INFO - [2022-02-16 17:14:10,213] {dag.py:2396} INFO - Sync 1 DAGs
[2022-02-16 17:14:10,229] {logging_mixin.py:109} INFO - [2022-02-16 17:14:10,229] {dag.py:2935} INFO - Setting next_dagrun for example_xcom to 2021-01-01T00:00:00+00:00
[2022-02-16 17:14:10,239] {processor.py:171} INFO - Processing /home/airflow/.local/lib/python3.7/site-packages/airflow/example_dags/example_xcom.py took 0.418 seconds
[2022-02-16 17:14:40,986] {processor.py:163} INFO - Started process (PID=6081) to work on /home/airflow/.local/lib/python3.7/site-packages/airflow/example_dags/example_xcom.py
[2022-02-16 17:14:40,988] {processor.py:642} INFO - Processing file /home/airflow/.local/lib/python3.7/site-packages/airflow/example_dags/example_xcom.py for tasks to queue
[2022-02-16 17:14:40,989] {logging_mixin.py:109} INFO - [2022-02-16 17:14:40,989] {dagbag.py:500} INFO - Filling up the DagBag from /home/airflow/.local/lib/python3.7/site-packages/airflow/example_dags/example_xcom.py
[2022-02-16 17:14:41,038] {processor.py:654} INFO - DAG(s) dict_keys(['example_xcom']) retrieved from /home/airflow/.local/lib/python3.7/site-packages/airflow/example_dags/example_xcom.py
[2022-02-16 17:14:41,433] {logging_mixin.py:109} INFO - [2022-02-16 17:14:41,433] {dag.py:2396} INFO - Sync 1 DAGs
[2022-02-16 17:14:41,449] {logging_mixin.py:109} INFO - [2022-02-16 17:14:41,449] {dag.py:2935} INFO - Setting next_dagrun for example_xcom to 2021-01-01T00:00:00+00:00
[2022-02-16 17:14:41,460] {processor.py:171} INFO - Processing /home/airflow/.local/lib/python3.7/site-packages/airflow/example_dags/example_xcom.py took 0.479 seconds
[2022-02-16 17:15:11,611] {processor.py:163} INFO - Started process (PID=6288) to work on /home/airflow/.local/lib/python3.7/site-packages/airflow/example_dags/example_xcom.py
[2022-02-16 17:15:11,612] {processor.py:642} INFO - Processing file /home/airflow/.local/lib/python3.7/site-packages/airflow/example_dags/example_xcom.py for tasks to queue
[2022-02-16 17:15:11,613] {logging_mixin.py:109} INFO - [2022-02-16 17:15:11,613] {dagbag.py:500} INFO - Filling up the DagBag from /home/airflow/.local/lib/python3.7/site-packages/airflow/example_dags/example_xcom.py
[2022-02-16 17:15:11,740] {processor.py:654} INFO - DAG(s) dict_keys(['example_xcom']) retrieved from /home/airflow/.local/lib/python3.7/site-packages/airflow/example_dags/example_xcom.py
[2022-02-16 17:15:13,199] {logging_mixin.py:109} INFO - [2022-02-16 17:15:13,199] {dag.py:2396} INFO - Sync 1 DAGs
[2022-02-16 17:15:13,256] {logging_mixin.py:109} INFO - [2022-02-16 17:15:13,256] {dag.py:2935} INFO - Setting next_dagrun for example_xcom to 2021-01-01T00:00:00+00:00
[2022-02-16 17:15:13,295] {processor.py:171} INFO - Processing /home/airflow/.local/lib/python3.7/site-packages/airflow/example_dags/example_xcom.py took 1.689 seconds
[2022-02-16 17:15:44,195] {processor.py:163} INFO - Started process (PID=6500) to work on /home/airflow/.local/lib/python3.7/site-packages/airflow/example_dags/example_xcom.py
[2022-02-16 17:15:44,197] {processor.py:642} INFO - Processing file /home/airflow/.local/lib/python3.7/site-packages/airflow/example_dags/example_xcom.py for tasks to queue
[2022-02-16 17:15:44,198] {logging_mixin.py:109} INFO - [2022-02-16 17:15:44,198] {dagbag.py:500} INFO - Filling up the DagBag from /home/airflow/.local/lib/python3.7/site-packages/airflow/example_dags/example_xcom.py
[2022-02-16 17:15:44,251] {processor.py:654} INFO - DAG(s) dict_keys(['example_xcom']) retrieved from /home/airflow/.local/lib/python3.7/site-packages/airflow/example_dags/example_xcom.py
[2022-02-16 17:15:44,599] {logging_mixin.py:109} INFO - [2022-02-16 17:15:44,599] {dag.py:2396} INFO - Sync 1 DAGs
[2022-02-16 17:15:44,614] {logging_mixin.py:109} INFO - [2022-02-16 17:15:44,614] {dag.py:2935} INFO - Setting next_dagrun for example_xcom to 2021-01-01T00:00:00+00:00
[2022-02-16 17:15:44,624] {processor.py:171} INFO - Processing /home/airflow/.local/lib/python3.7/site-packages/airflow/example_dags/example_xcom.py took 0.434 seconds
[2022-02-16 17:16:14,995] {processor.py:163} INFO - Started process (PID=6687) to work on /home/airflow/.local/lib/python3.7/site-packages/airflow/example_dags/example_xcom.py
[2022-02-16 17:16:14,997] {processor.py:642} INFO - Processing file /home/airflow/.local/lib/python3.7/site-packages/airflow/example_dags/example_xcom.py for tasks to queue
[2022-02-16 17:16:14,997] {logging_mixin.py:109} INFO - [2022-02-16 17:16:14,997] {dagbag.py:500} INFO - Filling up the DagBag from /home/airflow/.local/lib/python3.7/site-packages/airflow/example_dags/example_xcom.py
[2022-02-16 17:16:15,034] {processor.py:654} INFO - DAG(s) dict_keys(['example_xcom']) retrieved from /home/airflow/.local/lib/python3.7/site-packages/airflow/example_dags/example_xcom.py
[2022-02-16 17:16:15,343] {logging_mixin.py:109} INFO - [2022-02-16 17:16:15,343] {dag.py:2396} INFO - Sync 1 DAGs
[2022-02-16 17:16:15,357] {logging_mixin.py:109} INFO - [2022-02-16 17:16:15,357] {dag.py:2935} INFO - Setting next_dagrun for example_xcom to 2021-01-01T00:00:00+00:00
[2022-02-16 17:16:15,367] {processor.py:171} INFO - Processing /home/airflow/.local/lib/python3.7/site-packages/airflow/example_dags/example_xcom.py took 0.376 seconds
[2022-02-16 17:16:45,850] {processor.py:163} INFO - Started process (PID=6889) to work on /home/airflow/.local/lib/python3.7/site-packages/airflow/example_dags/example_xcom.py
[2022-02-16 17:16:45,859] {processor.py:642} INFO - Processing file /home/airflow/.local/lib/python3.7/site-packages/airflow/example_dags/example_xcom.py for tasks to queue
[2022-02-16 17:16:45,860] {logging_mixin.py:109} INFO - [2022-02-16 17:16:45,860] {dagbag.py:500} INFO - Filling up the DagBag from /home/airflow/.local/lib/python3.7/site-packages/airflow/example_dags/example_xcom.py
[2022-02-16 17:16:45,947] {processor.py:654} INFO - DAG(s) dict_keys(['example_xcom']) retrieved from /home/airflow/.local/lib/python3.7/site-packages/airflow/example_dags/example_xcom.py
[2022-02-16 17:16:46,672] {logging_mixin.py:109} INFO - [2022-02-16 17:16:46,672] {dag.py:2396} INFO - Sync 1 DAGs
[2022-02-16 17:16:46,701] {logging_mixin.py:109} INFO - [2022-02-16 17:16:46,701] {dag.py:2935} INFO - Setting next_dagrun for example_xcom to 2021-01-01T00:00:00+00:00
[2022-02-16 17:16:46,719] {processor.py:171} INFO - Processing /home/airflow/.local/lib/python3.7/site-packages/airflow/example_dags/example_xcom.py took 0.873 seconds
[2022-02-16 17:17:17,345] {processor.py:163} INFO - Started process (PID=7083) to work on /home/airflow/.local/lib/python3.7/site-packages/airflow/example_dags/example_xcom.py
[2022-02-16 17:17:17,346] {processor.py:642} INFO - Processing file /home/airflow/.local/lib/python3.7/site-packages/airflow/example_dags/example_xcom.py for tasks to queue
[2022-02-16 17:17:17,347] {logging_mixin.py:109} INFO - [2022-02-16 17:17:17,347] {dagbag.py:500} INFO - Filling up the DagBag from /home/airflow/.local/lib/python3.7/site-packages/airflow/example_dags/example_xcom.py
[2022-02-16 17:17:17,390] {processor.py:654} INFO - DAG(s) dict_keys(['example_xcom']) retrieved from /home/airflow/.local/lib/python3.7/site-packages/airflow/example_dags/example_xcom.py
[2022-02-16 17:17:17,869] {logging_mixin.py:109} INFO - [2022-02-16 17:17:17,869] {dag.py:2396} INFO - Sync 1 DAGs
[2022-02-16 17:17:17,917] {logging_mixin.py:109} INFO - [2022-02-16 17:17:17,917] {dag.py:2935} INFO - Setting next_dagrun for example_xcom to 2021-01-01T00:00:00+00:00
[2022-02-16 17:17:17,964] {processor.py:171} INFO - Processing /home/airflow/.local/lib/python3.7/site-packages/airflow/example_dags/example_xcom.py took 0.625 seconds
[2022-02-16 17:17:48,580] {processor.py:163} INFO - Started process (PID=7273) to work on /home/airflow/.local/lib/python3.7/site-packages/airflow/example_dags/example_xcom.py
[2022-02-16 17:17:48,581] {processor.py:642} INFO - Processing file /home/airflow/.local/lib/python3.7/site-packages/airflow/example_dags/example_xcom.py for tasks to queue
[2022-02-16 17:17:48,583] {logging_mixin.py:109} INFO - [2022-02-16 17:17:48,582] {dagbag.py:500} INFO - Filling up the DagBag from /home/airflow/.local/lib/python3.7/site-packages/airflow/example_dags/example_xcom.py
[2022-02-16 17:17:48,633] {processor.py:654} INFO - DAG(s) dict_keys(['example_xcom']) retrieved from /home/airflow/.local/lib/python3.7/site-packages/airflow/example_dags/example_xcom.py
[2022-02-16 17:17:49,061] {logging_mixin.py:109} INFO - [2022-02-16 17:17:49,061] {dag.py:2396} INFO - Sync 1 DAGs
[2022-02-16 17:17:49,077] {logging_mixin.py:109} INFO - [2022-02-16 17:17:49,077] {dag.py:2935} INFO - Setting next_dagrun for example_xcom to 2021-01-01T00:00:00+00:00
[2022-02-16 17:17:49,090] {processor.py:171} INFO - Processing /home/airflow/.local/lib/python3.7/site-packages/airflow/example_dags/example_xcom.py took 0.514 seconds
[2022-02-16 17:18:19,557] {processor.py:163} INFO - Started process (PID=7481) to work on /home/airflow/.local/lib/python3.7/site-packages/airflow/example_dags/example_xcom.py
[2022-02-16 17:18:19,559] {processor.py:642} INFO - Processing file /home/airflow/.local/lib/python3.7/site-packages/airflow/example_dags/example_xcom.py for tasks to queue
[2022-02-16 17:18:19,560] {logging_mixin.py:109} INFO - [2022-02-16 17:18:19,559] {dagbag.py:500} INFO - Filling up the DagBag from /home/airflow/.local/lib/python3.7/site-packages/airflow/example_dags/example_xcom.py
[2022-02-16 17:18:19,604] {processor.py:654} INFO - DAG(s) dict_keys(['example_xcom']) retrieved from /home/airflow/.local/lib/python3.7/site-packages/airflow/example_dags/example_xcom.py
[2022-02-16 17:18:20,458] {logging_mixin.py:109} INFO - [2022-02-16 17:18:20,458] {dag.py:2396} INFO - Sync 1 DAGs
[2022-02-16 17:18:20,473] {logging_mixin.py:109} INFO - [2022-02-16 17:18:20,473] {dag.py:2935} INFO - Setting next_dagrun for example_xcom to 2021-01-01T00:00:00+00:00
[2022-02-16 17:18:20,487] {processor.py:171} INFO - Processing /home/airflow/.local/lib/python3.7/site-packages/airflow/example_dags/example_xcom.py took 0.935 seconds
[2022-02-16 17:18:50,822] {processor.py:163} INFO - Started process (PID=7670) to work on /home/airflow/.local/lib/python3.7/site-packages/airflow/example_dags/example_xcom.py
[2022-02-16 17:18:50,823] {processor.py:642} INFO - Processing file /home/airflow/.local/lib/python3.7/site-packages/airflow/example_dags/example_xcom.py for tasks to queue
[2022-02-16 17:18:50,824] {logging_mixin.py:109} INFO - [2022-02-16 17:18:50,824] {dagbag.py:500} INFO - Filling up the DagBag from /home/airflow/.local/lib/python3.7/site-packages/airflow/example_dags/example_xcom.py
[2022-02-16 17:18:50,879] {processor.py:654} INFO - DAG(s) dict_keys(['example_xcom']) retrieved from /home/airflow/.local/lib/python3.7/site-packages/airflow/example_dags/example_xcom.py
[2022-02-16 17:18:51,201] {logging_mixin.py:109} INFO - [2022-02-16 17:18:51,201] {dag.py:2396} INFO - Sync 1 DAGs
[2022-02-16 17:18:51,217] {logging_mixin.py:109} INFO - [2022-02-16 17:18:51,217] {dag.py:2935} INFO - Setting next_dagrun for example_xcom to 2021-01-01T00:00:00+00:00
[2022-02-16 17:18:51,229] {processor.py:171} INFO - Processing /home/airflow/.local/lib/python3.7/site-packages/airflow/example_dags/example_xcom.py took 0.411 seconds
[2022-02-16 17:19:21,847] {processor.py:163} INFO - Started process (PID=7860) to work on /home/airflow/.local/lib/python3.7/site-packages/airflow/example_dags/example_xcom.py
[2022-02-16 17:19:21,848] {processor.py:642} INFO - Processing file /home/airflow/.local/lib/python3.7/site-packages/airflow/example_dags/example_xcom.py for tasks to queue
[2022-02-16 17:19:21,849] {logging_mixin.py:109} INFO - [2022-02-16 17:19:21,849] {dagbag.py:500} INFO - Filling up the DagBag from /home/airflow/.local/lib/python3.7/site-packages/airflow/example_dags/example_xcom.py
[2022-02-16 17:19:21,888] {processor.py:654} INFO - DAG(s) dict_keys(['example_xcom']) retrieved from /home/airflow/.local/lib/python3.7/site-packages/airflow/example_dags/example_xcom.py
[2022-02-16 17:19:22,257] {logging_mixin.py:109} INFO - [2022-02-16 17:19:22,256] {dag.py:2396} INFO - Sync 1 DAGs
[2022-02-16 17:19:22,274] {logging_mixin.py:109} INFO - [2022-02-16 17:19:22,273] {dag.py:2935} INFO - Setting next_dagrun for example_xcom to 2021-01-01T00:00:00+00:00
[2022-02-16 17:19:22,284] {processor.py:171} INFO - Processing /home/airflow/.local/lib/python3.7/site-packages/airflow/example_dags/example_xcom.py took 0.441 seconds
[2022-02-16 17:19:52,316] {processor.py:163} INFO - Started process (PID=8070) to work on /home/airflow/.local/lib/python3.7/site-packages/airflow/example_dags/example_xcom.py
[2022-02-16 17:19:52,317] {processor.py:642} INFO - Processing file /home/airflow/.local/lib/python3.7/site-packages/airflow/example_dags/example_xcom.py for tasks to queue
[2022-02-16 17:19:52,318] {logging_mixin.py:109} INFO - [2022-02-16 17:19:52,318] {dagbag.py:500} INFO - Filling up the DagBag from /home/airflow/.local/lib/python3.7/site-packages/airflow/example_dags/example_xcom.py
[2022-02-16 17:19:52,354] {processor.py:654} INFO - DAG(s) dict_keys(['example_xcom']) retrieved from /home/airflow/.local/lib/python3.7/site-packages/airflow/example_dags/example_xcom.py
[2022-02-16 17:19:52,920] {logging_mixin.py:109} INFO - [2022-02-16 17:19:52,920] {dag.py:2396} INFO - Sync 1 DAGs
[2022-02-16 17:19:52,934] {logging_mixin.py:109} INFO - [2022-02-16 17:19:52,934] {dag.py:2935} INFO - Setting next_dagrun for example_xcom to 2021-01-01T00:00:00+00:00
[2022-02-16 17:19:52,944] {processor.py:171} INFO - Processing /home/airflow/.local/lib/python3.7/site-packages/airflow/example_dags/example_xcom.py took 0.633 seconds
[2022-02-16 17:20:23,460] {processor.py:163} INFO - Started process (PID=8267) to work on /home/airflow/.local/lib/python3.7/site-packages/airflow/example_dags/example_xcom.py
[2022-02-16 17:20:23,461] {processor.py:642} INFO - Processing file /home/airflow/.local/lib/python3.7/site-packages/airflow/example_dags/example_xcom.py for tasks to queue
[2022-02-16 17:20:23,462] {logging_mixin.py:109} INFO - [2022-02-16 17:20:23,462] {dagbag.py:500} INFO - Filling up the DagBag from /home/airflow/.local/lib/python3.7/site-packages/airflow/example_dags/example_xcom.py
[2022-02-16 17:20:23,509] {processor.py:654} INFO - DAG(s) dict_keys(['example_xcom']) retrieved from /home/airflow/.local/lib/python3.7/site-packages/airflow/example_dags/example_xcom.py
[2022-02-16 17:20:24,053] {logging_mixin.py:109} INFO - [2022-02-16 17:20:24,053] {dag.py:2396} INFO - Sync 1 DAGs
[2022-02-16 17:20:24,069] {logging_mixin.py:109} INFO - [2022-02-16 17:20:24,069] {dag.py:2935} INFO - Setting next_dagrun for example_xcom to 2021-01-01T00:00:00+00:00
[2022-02-16 17:20:24,081] {processor.py:171} INFO - Processing /home/airflow/.local/lib/python3.7/site-packages/airflow/example_dags/example_xcom.py took 0.627 seconds
[2022-02-16 17:20:54,922] {processor.py:163} INFO - Started process (PID=8467) to work on /home/airflow/.local/lib/python3.7/site-packages/airflow/example_dags/example_xcom.py
[2022-02-16 17:20:54,924] {processor.py:642} INFO - Processing file /home/airflow/.local/lib/python3.7/site-packages/airflow/example_dags/example_xcom.py for tasks to queue
[2022-02-16 17:20:54,925] {logging_mixin.py:109} INFO - [2022-02-16 17:20:54,925] {dagbag.py:500} INFO - Filling up the DagBag from /home/airflow/.local/lib/python3.7/site-packages/airflow/example_dags/example_xcom.py
[2022-02-16 17:20:54,962] {processor.py:654} INFO - DAG(s) dict_keys(['example_xcom']) retrieved from /home/airflow/.local/lib/python3.7/site-packages/airflow/example_dags/example_xcom.py
[2022-02-16 17:20:55,270] {logging_mixin.py:109} INFO - [2022-02-16 17:20:55,270] {dag.py:2396} INFO - Sync 1 DAGs
[2022-02-16 17:20:55,284] {logging_mixin.py:109} INFO - [2022-02-16 17:20:55,284] {dag.py:2935} INFO - Setting next_dagrun for example_xcom to 2021-01-01T00:00:00+00:00
[2022-02-16 17:20:55,294] {processor.py:171} INFO - Processing /home/airflow/.local/lib/python3.7/site-packages/airflow/example_dags/example_xcom.py took 0.376 seconds
