[2022-02-16 16:58:49,250] {processor.py:163} INFO - Started process (PID=296) to work on /home/airflow/.local/lib/python3.7/site-packages/airflow/example_dags/tutorial.py
[2022-02-16 16:58:49,251] {processor.py:642} INFO - Processing file /home/airflow/.local/lib/python3.7/site-packages/airflow/example_dags/tutorial.py for tasks to queue
[2022-02-16 16:58:49,251] {logging_mixin.py:109} INFO - [2022-02-16 16:58:49,251] {dagbag.py:500} INFO - Filling up the DagBag from /home/airflow/.local/lib/python3.7/site-packages/airflow/example_dags/tutorial.py
[2022-02-16 16:58:49,285] {processor.py:654} INFO - DAG(s) dict_keys(['tutorial']) retrieved from /home/airflow/.local/lib/python3.7/site-packages/airflow/example_dags/tutorial.py
[2022-02-16 16:58:51,258] {logging_mixin.py:109} INFO - [2022-02-16 16:58:51,258] {manager.py:496} INFO - Created Permission View: can read on DAG:tutorial
[2022-02-16 16:58:51,266] {logging_mixin.py:109} INFO - [2022-02-16 16:58:51,266] {manager.py:496} INFO - Created Permission View: can edit on DAG:tutorial
[2022-02-16 16:58:51,267] {logging_mixin.py:109} INFO - [2022-02-16 16:58:51,266] {dag.py:2396} INFO - Sync 1 DAGs
[2022-02-16 16:58:51,274] {logging_mixin.py:109} INFO - [2022-02-16 16:58:51,274] {dag.py:2415} INFO - Creating ORM DAG for tutorial
[2022-02-16 16:58:51,282] {logging_mixin.py:109} INFO - [2022-02-16 16:58:51,281] {dag.py:2935} INFO - Setting next_dagrun for tutorial to 2022-02-15T16:58:51.281651+00:00
[2022-02-16 16:58:51,293] {processor.py:171} INFO - Processing /home/airflow/.local/lib/python3.7/site-packages/airflow/example_dags/tutorial.py took 2.050 seconds
[2022-02-16 16:59:21,390] {processor.py:163} INFO - Started process (PID=509) to work on /home/airflow/.local/lib/python3.7/site-packages/airflow/example_dags/tutorial.py
[2022-02-16 16:59:21,392] {processor.py:642} INFO - Processing file /home/airflow/.local/lib/python3.7/site-packages/airflow/example_dags/tutorial.py for tasks to queue
[2022-02-16 16:59:21,393] {logging_mixin.py:109} INFO - [2022-02-16 16:59:21,393] {dagbag.py:500} INFO - Filling up the DagBag from /home/airflow/.local/lib/python3.7/site-packages/airflow/example_dags/tutorial.py
[2022-02-16 16:59:21,450] {processor.py:654} INFO - DAG(s) dict_keys(['tutorial']) retrieved from /home/airflow/.local/lib/python3.7/site-packages/airflow/example_dags/tutorial.py
[2022-02-16 16:59:21,469] {logging_mixin.py:109} INFO - [2022-02-16 16:59:21,469] {dag.py:2396} INFO - Sync 1 DAGs
[2022-02-16 16:59:21,491] {logging_mixin.py:109} INFO - [2022-02-16 16:59:21,491] {dag.py:2935} INFO - Setting next_dagrun for tutorial to 2022-02-15T16:59:21.491155+00:00
[2022-02-16 16:59:21,502] {processor.py:171} INFO - Processing /home/airflow/.local/lib/python3.7/site-packages/airflow/example_dags/tutorial.py took 0.123 seconds
[2022-02-16 16:59:52,389] {processor.py:163} INFO - Started process (PID=700) to work on /home/airflow/.local/lib/python3.7/site-packages/airflow/example_dags/tutorial.py
[2022-02-16 16:59:52,395] {processor.py:642} INFO - Processing file /home/airflow/.local/lib/python3.7/site-packages/airflow/example_dags/tutorial.py for tasks to queue
[2022-02-16 16:59:52,396] {logging_mixin.py:109} INFO - [2022-02-16 16:59:52,396] {dagbag.py:500} INFO - Filling up the DagBag from /home/airflow/.local/lib/python3.7/site-packages/airflow/example_dags/tutorial.py
[2022-02-16 16:59:52,531] {processor.py:654} INFO - DAG(s) dict_keys(['tutorial']) retrieved from /home/airflow/.local/lib/python3.7/site-packages/airflow/example_dags/tutorial.py
[2022-02-16 16:59:52,591] {logging_mixin.py:109} INFO - [2022-02-16 16:59:52,590] {dag.py:2396} INFO - Sync 1 DAGs
[2022-02-16 16:59:52,678] {logging_mixin.py:109} INFO - [2022-02-16 16:59:52,678] {dag.py:2935} INFO - Setting next_dagrun for tutorial to 2022-02-15T16:59:52.674623+00:00
[2022-02-16 16:59:52,707] {processor.py:171} INFO - Processing /home/airflow/.local/lib/python3.7/site-packages/airflow/example_dags/tutorial.py took 0.321 seconds
[2022-02-16 17:00:23,244] {processor.py:163} INFO - Started process (PID=874) to work on /home/airflow/.local/lib/python3.7/site-packages/airflow/example_dags/tutorial.py
[2022-02-16 17:00:23,245] {processor.py:642} INFO - Processing file /home/airflow/.local/lib/python3.7/site-packages/airflow/example_dags/tutorial.py for tasks to queue
[2022-02-16 17:00:23,246] {logging_mixin.py:109} INFO - [2022-02-16 17:00:23,246] {dagbag.py:500} INFO - Filling up the DagBag from /home/airflow/.local/lib/python3.7/site-packages/airflow/example_dags/tutorial.py
[2022-02-16 17:00:23,283] {processor.py:654} INFO - DAG(s) dict_keys(['tutorial']) retrieved from /home/airflow/.local/lib/python3.7/site-packages/airflow/example_dags/tutorial.py
[2022-02-16 17:00:23,297] {logging_mixin.py:109} INFO - [2022-02-16 17:00:23,297] {dag.py:2396} INFO - Sync 1 DAGs
[2022-02-16 17:00:23,385] {logging_mixin.py:109} INFO - [2022-02-16 17:00:23,385] {dag.py:2935} INFO - Setting next_dagrun for tutorial to 2022-02-15T17:00:23.314211+00:00
[2022-02-16 17:00:23,397] {processor.py:171} INFO - Processing /home/airflow/.local/lib/python3.7/site-packages/airflow/example_dags/tutorial.py took 0.157 seconds
[2022-02-16 17:00:54,008] {processor.py:163} INFO - Started process (PID=1055) to work on /home/airflow/.local/lib/python3.7/site-packages/airflow/example_dags/tutorial.py
[2022-02-16 17:00:54,009] {processor.py:642} INFO - Processing file /home/airflow/.local/lib/python3.7/site-packages/airflow/example_dags/tutorial.py for tasks to queue
[2022-02-16 17:00:54,010] {logging_mixin.py:109} INFO - [2022-02-16 17:00:54,009] {dagbag.py:500} INFO - Filling up the DagBag from /home/airflow/.local/lib/python3.7/site-packages/airflow/example_dags/tutorial.py
[2022-02-16 17:00:54,045] {processor.py:654} INFO - DAG(s) dict_keys(['tutorial']) retrieved from /home/airflow/.local/lib/python3.7/site-packages/airflow/example_dags/tutorial.py
[2022-02-16 17:00:54,056] {logging_mixin.py:109} INFO - [2022-02-16 17:00:54,055] {dag.py:2396} INFO - Sync 1 DAGs
[2022-02-16 17:00:54,074] {logging_mixin.py:109} INFO - [2022-02-16 17:00:54,073] {dag.py:2935} INFO - Setting next_dagrun for tutorial to 2022-02-15T17:00:54.073557+00:00
[2022-02-16 17:00:54,086] {processor.py:171} INFO - Processing /home/airflow/.local/lib/python3.7/site-packages/airflow/example_dags/tutorial.py took 0.081 seconds
[2022-02-16 17:01:24,252] {processor.py:163} INFO - Started process (PID=1245) to work on /home/airflow/.local/lib/python3.7/site-packages/airflow/example_dags/tutorial.py
[2022-02-16 17:01:24,253] {processor.py:642} INFO - Processing file /home/airflow/.local/lib/python3.7/site-packages/airflow/example_dags/tutorial.py for tasks to queue
[2022-02-16 17:01:24,254] {logging_mixin.py:109} INFO - [2022-02-16 17:01:24,254] {dagbag.py:500} INFO - Filling up the DagBag from /home/airflow/.local/lib/python3.7/site-packages/airflow/example_dags/tutorial.py
[2022-02-16 17:01:24,285] {processor.py:654} INFO - DAG(s) dict_keys(['tutorial']) retrieved from /home/airflow/.local/lib/python3.7/site-packages/airflow/example_dags/tutorial.py
[2022-02-16 17:01:24,298] {logging_mixin.py:109} INFO - [2022-02-16 17:01:24,298] {dag.py:2396} INFO - Sync 1 DAGs
[2022-02-16 17:01:24,316] {logging_mixin.py:109} INFO - [2022-02-16 17:01:24,316] {dag.py:2935} INFO - Setting next_dagrun for tutorial to 2022-02-15T17:01:24.316226+00:00
[2022-02-16 17:01:24,345] {processor.py:171} INFO - Processing /home/airflow/.local/lib/python3.7/site-packages/airflow/example_dags/tutorial.py took 0.097 seconds
[2022-02-16 17:01:55,346] {processor.py:163} INFO - Started process (PID=1423) to work on /home/airflow/.local/lib/python3.7/site-packages/airflow/example_dags/tutorial.py
[2022-02-16 17:01:55,347] {processor.py:642} INFO - Processing file /home/airflow/.local/lib/python3.7/site-packages/airflow/example_dags/tutorial.py for tasks to queue
[2022-02-16 17:01:55,348] {logging_mixin.py:109} INFO - [2022-02-16 17:01:55,348] {dagbag.py:500} INFO - Filling up the DagBag from /home/airflow/.local/lib/python3.7/site-packages/airflow/example_dags/tutorial.py
[2022-02-16 17:01:55,404] {processor.py:654} INFO - DAG(s) dict_keys(['tutorial']) retrieved from /home/airflow/.local/lib/python3.7/site-packages/airflow/example_dags/tutorial.py
[2022-02-16 17:01:55,419] {logging_mixin.py:109} INFO - [2022-02-16 17:01:55,418] {dag.py:2396} INFO - Sync 1 DAGs
[2022-02-16 17:01:55,448] {logging_mixin.py:109} INFO - [2022-02-16 17:01:55,448] {dag.py:2935} INFO - Setting next_dagrun for tutorial to 2022-02-15T17:01:55.448178+00:00
[2022-02-16 17:01:55,467] {processor.py:171} INFO - Processing /home/airflow/.local/lib/python3.7/site-packages/airflow/example_dags/tutorial.py took 0.127 seconds
[2022-02-16 17:02:25,901] {processor.py:163} INFO - Started process (PID=1601) to work on /home/airflow/.local/lib/python3.7/site-packages/airflow/example_dags/tutorial.py
[2022-02-16 17:02:25,904] {processor.py:642} INFO - Processing file /home/airflow/.local/lib/python3.7/site-packages/airflow/example_dags/tutorial.py for tasks to queue
[2022-02-16 17:02:25,905] {logging_mixin.py:109} INFO - [2022-02-16 17:02:25,905] {dagbag.py:500} INFO - Filling up the DagBag from /home/airflow/.local/lib/python3.7/site-packages/airflow/example_dags/tutorial.py
[2022-02-16 17:02:25,938] {processor.py:654} INFO - DAG(s) dict_keys(['tutorial']) retrieved from /home/airflow/.local/lib/python3.7/site-packages/airflow/example_dags/tutorial.py
[2022-02-16 17:02:25,952] {logging_mixin.py:109} INFO - [2022-02-16 17:02:25,952] {dag.py:2396} INFO - Sync 1 DAGs
[2022-02-16 17:02:25,970] {logging_mixin.py:109} INFO - [2022-02-16 17:02:25,970] {dag.py:2935} INFO - Setting next_dagrun for tutorial to 2022-02-15T17:02:25.969841+00:00
[2022-02-16 17:02:25,981] {processor.py:171} INFO - Processing /home/airflow/.local/lib/python3.7/site-packages/airflow/example_dags/tutorial.py took 0.084 seconds
[2022-02-16 17:02:56,221] {processor.py:163} INFO - Started process (PID=1779) to work on /home/airflow/.local/lib/python3.7/site-packages/airflow/example_dags/tutorial.py
[2022-02-16 17:02:56,223] {processor.py:642} INFO - Processing file /home/airflow/.local/lib/python3.7/site-packages/airflow/example_dags/tutorial.py for tasks to queue
[2022-02-16 17:02:56,224] {logging_mixin.py:109} INFO - [2022-02-16 17:02:56,223] {dagbag.py:500} INFO - Filling up the DagBag from /home/airflow/.local/lib/python3.7/site-packages/airflow/example_dags/tutorial.py
[2022-02-16 17:02:56,257] {processor.py:654} INFO - DAG(s) dict_keys(['tutorial']) retrieved from /home/airflow/.local/lib/python3.7/site-packages/airflow/example_dags/tutorial.py
[2022-02-16 17:02:56,268] {logging_mixin.py:109} INFO - [2022-02-16 17:02:56,268] {dag.py:2396} INFO - Sync 1 DAGs
[2022-02-16 17:02:56,287] {logging_mixin.py:109} INFO - [2022-02-16 17:02:56,287] {dag.py:2935} INFO - Setting next_dagrun for tutorial to 2022-02-15T17:02:56.287276+00:00
[2022-02-16 17:02:56,297] {processor.py:171} INFO - Processing /home/airflow/.local/lib/python3.7/site-packages/airflow/example_dags/tutorial.py took 0.079 seconds
[2022-02-16 17:03:26,609] {processor.py:163} INFO - Started process (PID=1972) to work on /home/airflow/.local/lib/python3.7/site-packages/airflow/example_dags/tutorial.py
[2022-02-16 17:03:26,610] {processor.py:642} INFO - Processing file /home/airflow/.local/lib/python3.7/site-packages/airflow/example_dags/tutorial.py for tasks to queue
[2022-02-16 17:03:26,611] {logging_mixin.py:109} INFO - [2022-02-16 17:03:26,611] {dagbag.py:500} INFO - Filling up the DagBag from /home/airflow/.local/lib/python3.7/site-packages/airflow/example_dags/tutorial.py
[2022-02-16 17:03:26,652] {processor.py:654} INFO - DAG(s) dict_keys(['tutorial']) retrieved from /home/airflow/.local/lib/python3.7/site-packages/airflow/example_dags/tutorial.py
[2022-02-16 17:03:26,680] {logging_mixin.py:109} INFO - [2022-02-16 17:03:26,679] {dag.py:2396} INFO - Sync 1 DAGs
[2022-02-16 17:03:26,709] {logging_mixin.py:109} INFO - [2022-02-16 17:03:26,709] {dag.py:2935} INFO - Setting next_dagrun for tutorial to 2022-02-15T17:03:26.708748+00:00
[2022-02-16 17:03:26,756] {processor.py:171} INFO - Processing /home/airflow/.local/lib/python3.7/site-packages/airflow/example_dags/tutorial.py took 0.156 seconds
[2022-02-16 17:03:57,199] {processor.py:163} INFO - Started process (PID=2159) to work on /home/airflow/.local/lib/python3.7/site-packages/airflow/example_dags/tutorial.py
[2022-02-16 17:03:57,201] {processor.py:642} INFO - Processing file /home/airflow/.local/lib/python3.7/site-packages/airflow/example_dags/tutorial.py for tasks to queue
[2022-02-16 17:03:57,202] {logging_mixin.py:109} INFO - [2022-02-16 17:03:57,202] {dagbag.py:500} INFO - Filling up the DagBag from /home/airflow/.local/lib/python3.7/site-packages/airflow/example_dags/tutorial.py
[2022-02-16 17:03:57,240] {processor.py:654} INFO - DAG(s) dict_keys(['tutorial']) retrieved from /home/airflow/.local/lib/python3.7/site-packages/airflow/example_dags/tutorial.py
[2022-02-16 17:03:57,253] {logging_mixin.py:109} INFO - [2022-02-16 17:03:57,253] {dag.py:2396} INFO - Sync 1 DAGs
[2022-02-16 17:03:57,272] {logging_mixin.py:109} INFO - [2022-02-16 17:03:57,271] {dag.py:2935} INFO - Setting next_dagrun for tutorial to 2022-02-15T17:03:57.271642+00:00
[2022-02-16 17:03:57,283] {processor.py:171} INFO - Processing /home/airflow/.local/lib/python3.7/site-packages/airflow/example_dags/tutorial.py took 0.087 seconds
[2022-02-16 17:04:27,972] {processor.py:163} INFO - Started process (PID=2350) to work on /home/airflow/.local/lib/python3.7/site-packages/airflow/example_dags/tutorial.py
[2022-02-16 17:04:27,974] {processor.py:642} INFO - Processing file /home/airflow/.local/lib/python3.7/site-packages/airflow/example_dags/tutorial.py for tasks to queue
[2022-02-16 17:04:27,975] {logging_mixin.py:109} INFO - [2022-02-16 17:04:27,975] {dagbag.py:500} INFO - Filling up the DagBag from /home/airflow/.local/lib/python3.7/site-packages/airflow/example_dags/tutorial.py
[2022-02-16 17:04:28,058] {processor.py:654} INFO - DAG(s) dict_keys(['tutorial']) retrieved from /home/airflow/.local/lib/python3.7/site-packages/airflow/example_dags/tutorial.py
[2022-02-16 17:04:28,106] {logging_mixin.py:109} INFO - [2022-02-16 17:04:28,105] {dag.py:2396} INFO - Sync 1 DAGs
[2022-02-16 17:04:28,151] {logging_mixin.py:109} INFO - [2022-02-16 17:04:28,151] {dag.py:2935} INFO - Setting next_dagrun for tutorial to 2022-02-15T17:04:28.151362+00:00
[2022-02-16 17:04:28,172] {processor.py:171} INFO - Processing /home/airflow/.local/lib/python3.7/site-packages/airflow/example_dags/tutorial.py took 0.204 seconds
[2022-02-16 17:04:58,654] {processor.py:163} INFO - Started process (PID=2539) to work on /home/airflow/.local/lib/python3.7/site-packages/airflow/example_dags/tutorial.py
[2022-02-16 17:04:58,656] {processor.py:642} INFO - Processing file /home/airflow/.local/lib/python3.7/site-packages/airflow/example_dags/tutorial.py for tasks to queue
[2022-02-16 17:04:58,657] {logging_mixin.py:109} INFO - [2022-02-16 17:04:58,657] {dagbag.py:500} INFO - Filling up the DagBag from /home/airflow/.local/lib/python3.7/site-packages/airflow/example_dags/tutorial.py
[2022-02-16 17:04:58,698] {processor.py:654} INFO - DAG(s) dict_keys(['tutorial']) retrieved from /home/airflow/.local/lib/python3.7/site-packages/airflow/example_dags/tutorial.py
[2022-02-16 17:04:58,711] {logging_mixin.py:109} INFO - [2022-02-16 17:04:58,710] {dag.py:2396} INFO - Sync 1 DAGs
[2022-02-16 17:04:58,729] {logging_mixin.py:109} INFO - [2022-02-16 17:04:58,729] {dag.py:2935} INFO - Setting next_dagrun for tutorial to 2022-02-15T17:04:58.729303+00:00
[2022-02-16 17:04:58,740] {processor.py:171} INFO - Processing /home/airflow/.local/lib/python3.7/site-packages/airflow/example_dags/tutorial.py took 0.091 seconds
[2022-02-16 17:05:28,875] {processor.py:163} INFO - Started process (PID=2723) to work on /home/airflow/.local/lib/python3.7/site-packages/airflow/example_dags/tutorial.py
[2022-02-16 17:05:28,877] {processor.py:642} INFO - Processing file /home/airflow/.local/lib/python3.7/site-packages/airflow/example_dags/tutorial.py for tasks to queue
[2022-02-16 17:05:28,877] {logging_mixin.py:109} INFO - [2022-02-16 17:05:28,877] {dagbag.py:500} INFO - Filling up the DagBag from /home/airflow/.local/lib/python3.7/site-packages/airflow/example_dags/tutorial.py
[2022-02-16 17:05:28,966] {processor.py:654} INFO - DAG(s) dict_keys(['tutorial']) retrieved from /home/airflow/.local/lib/python3.7/site-packages/airflow/example_dags/tutorial.py
[2022-02-16 17:05:29,008] {logging_mixin.py:109} INFO - [2022-02-16 17:05:29,008] {dag.py:2396} INFO - Sync 1 DAGs
[2022-02-16 17:05:29,054] {logging_mixin.py:109} INFO - [2022-02-16 17:05:29,054] {dag.py:2935} INFO - Setting next_dagrun for tutorial to 2022-02-15T17:05:29.053298+00:00
[2022-02-16 17:05:29,074] {processor.py:171} INFO - Processing /home/airflow/.local/lib/python3.7/site-packages/airflow/example_dags/tutorial.py took 0.210 seconds
[2022-02-16 17:05:59,902] {processor.py:163} INFO - Started process (PID=2916) to work on /home/airflow/.local/lib/python3.7/site-packages/airflow/example_dags/tutorial.py
[2022-02-16 17:05:59,903] {processor.py:642} INFO - Processing file /home/airflow/.local/lib/python3.7/site-packages/airflow/example_dags/tutorial.py for tasks to queue
[2022-02-16 17:05:59,904] {logging_mixin.py:109} INFO - [2022-02-16 17:05:59,904] {dagbag.py:500} INFO - Filling up the DagBag from /home/airflow/.local/lib/python3.7/site-packages/airflow/example_dags/tutorial.py
[2022-02-16 17:05:59,937] {processor.py:654} INFO - DAG(s) dict_keys(['tutorial']) retrieved from /home/airflow/.local/lib/python3.7/site-packages/airflow/example_dags/tutorial.py
[2022-02-16 17:05:59,949] {logging_mixin.py:109} INFO - [2022-02-16 17:05:59,949] {dag.py:2396} INFO - Sync 1 DAGs
[2022-02-16 17:05:59,966] {logging_mixin.py:109} INFO - [2022-02-16 17:05:59,966] {dag.py:2935} INFO - Setting next_dagrun for tutorial to 2022-02-15T17:05:59.965879+00:00
[2022-02-16 17:05:59,975] {processor.py:171} INFO - Processing /home/airflow/.local/lib/python3.7/site-packages/airflow/example_dags/tutorial.py took 0.079 seconds
[2022-02-16 17:06:30,414] {processor.py:163} INFO - Started process (PID=3101) to work on /home/airflow/.local/lib/python3.7/site-packages/airflow/example_dags/tutorial.py
[2022-02-16 17:06:30,415] {processor.py:642} INFO - Processing file /home/airflow/.local/lib/python3.7/site-packages/airflow/example_dags/tutorial.py for tasks to queue
[2022-02-16 17:06:30,416] {logging_mixin.py:109} INFO - [2022-02-16 17:06:30,416] {dagbag.py:500} INFO - Filling up the DagBag from /home/airflow/.local/lib/python3.7/site-packages/airflow/example_dags/tutorial.py
[2022-02-16 17:06:30,452] {processor.py:654} INFO - DAG(s) dict_keys(['tutorial']) retrieved from /home/airflow/.local/lib/python3.7/site-packages/airflow/example_dags/tutorial.py
[2022-02-16 17:06:30,463] {logging_mixin.py:109} INFO - [2022-02-16 17:06:30,463] {dag.py:2396} INFO - Sync 1 DAGs
[2022-02-16 17:06:30,480] {logging_mixin.py:109} INFO - [2022-02-16 17:06:30,480] {dag.py:2935} INFO - Setting next_dagrun for tutorial to 2022-02-15T17:06:30.480357+00:00
[2022-02-16 17:06:30,490] {processor.py:171} INFO - Processing /home/airflow/.local/lib/python3.7/site-packages/airflow/example_dags/tutorial.py took 0.081 seconds
[2022-02-16 17:07:01,042] {processor.py:163} INFO - Started process (PID=3285) to work on /home/airflow/.local/lib/python3.7/site-packages/airflow/example_dags/tutorial.py
[2022-02-16 17:07:01,046] {processor.py:642} INFO - Processing file /home/airflow/.local/lib/python3.7/site-packages/airflow/example_dags/tutorial.py for tasks to queue
[2022-02-16 17:07:01,047] {logging_mixin.py:109} INFO - [2022-02-16 17:07:01,046] {dagbag.py:500} INFO - Filling up the DagBag from /home/airflow/.local/lib/python3.7/site-packages/airflow/example_dags/tutorial.py
[2022-02-16 17:07:01,123] {processor.py:654} INFO - DAG(s) dict_keys(['tutorial']) retrieved from /home/airflow/.local/lib/python3.7/site-packages/airflow/example_dags/tutorial.py
[2022-02-16 17:07:01,135] {logging_mixin.py:109} INFO - [2022-02-16 17:07:01,135] {dag.py:2396} INFO - Sync 1 DAGs
[2022-02-16 17:07:01,167] {logging_mixin.py:109} INFO - [2022-02-16 17:07:01,167] {dag.py:2935} INFO - Setting next_dagrun for tutorial to 2022-02-15T17:07:01.165571+00:00
[2022-02-16 17:07:01,189] {processor.py:171} INFO - Processing /home/airflow/.local/lib/python3.7/site-packages/airflow/example_dags/tutorial.py took 0.159 seconds
[2022-02-16 17:07:31,344] {processor.py:163} INFO - Started process (PID=3478) to work on /home/airflow/.local/lib/python3.7/site-packages/airflow/example_dags/tutorial.py
[2022-02-16 17:07:31,346] {processor.py:642} INFO - Processing file /home/airflow/.local/lib/python3.7/site-packages/airflow/example_dags/tutorial.py for tasks to queue
[2022-02-16 17:07:31,347] {logging_mixin.py:109} INFO - [2022-02-16 17:07:31,346] {dagbag.py:500} INFO - Filling up the DagBag from /home/airflow/.local/lib/python3.7/site-packages/airflow/example_dags/tutorial.py
[2022-02-16 17:07:31,444] {processor.py:654} INFO - DAG(s) dict_keys(['tutorial']) retrieved from /home/airflow/.local/lib/python3.7/site-packages/airflow/example_dags/tutorial.py
[2022-02-16 17:07:31,476] {logging_mixin.py:109} INFO - [2022-02-16 17:07:31,476] {dag.py:2396} INFO - Sync 1 DAGs
[2022-02-16 17:07:31,553] {logging_mixin.py:109} INFO - [2022-02-16 17:07:31,553] {dag.py:2935} INFO - Setting next_dagrun for tutorial to 2022-02-15T17:07:31.552822+00:00
[2022-02-16 17:07:31,585] {processor.py:171} INFO - Processing /home/airflow/.local/lib/python3.7/site-packages/airflow/example_dags/tutorial.py took 0.244 seconds
[2022-02-16 17:08:02,089] {processor.py:163} INFO - Started process (PID=3663) to work on /home/airflow/.local/lib/python3.7/site-packages/airflow/example_dags/tutorial.py
[2022-02-16 17:08:02,094] {processor.py:642} INFO - Processing file /home/airflow/.local/lib/python3.7/site-packages/airflow/example_dags/tutorial.py for tasks to queue
[2022-02-16 17:08:02,095] {logging_mixin.py:109} INFO - [2022-02-16 17:08:02,095] {dagbag.py:500} INFO - Filling up the DagBag from /home/airflow/.local/lib/python3.7/site-packages/airflow/example_dags/tutorial.py
[2022-02-16 17:08:02,126] {processor.py:654} INFO - DAG(s) dict_keys(['tutorial']) retrieved from /home/airflow/.local/lib/python3.7/site-packages/airflow/example_dags/tutorial.py
[2022-02-16 17:08:02,136] {logging_mixin.py:109} INFO - [2022-02-16 17:08:02,136] {dag.py:2396} INFO - Sync 1 DAGs
[2022-02-16 17:08:02,153] {logging_mixin.py:109} INFO - [2022-02-16 17:08:02,153] {dag.py:2935} INFO - Setting next_dagrun for tutorial to 2022-02-15T17:08:02.153273+00:00
[2022-02-16 17:08:02,163] {processor.py:171} INFO - Processing /home/airflow/.local/lib/python3.7/site-packages/airflow/example_dags/tutorial.py took 0.079 seconds
[2022-02-16 17:08:32,516] {processor.py:163} INFO - Started process (PID=3845) to work on /home/airflow/.local/lib/python3.7/site-packages/airflow/example_dags/tutorial.py
[2022-02-16 17:08:32,518] {processor.py:642} INFO - Processing file /home/airflow/.local/lib/python3.7/site-packages/airflow/example_dags/tutorial.py for tasks to queue
[2022-02-16 17:08:32,519] {logging_mixin.py:109} INFO - [2022-02-16 17:08:32,519] {dagbag.py:500} INFO - Filling up the DagBag from /home/airflow/.local/lib/python3.7/site-packages/airflow/example_dags/tutorial.py
[2022-02-16 17:08:32,575] {processor.py:654} INFO - DAG(s) dict_keys(['tutorial']) retrieved from /home/airflow/.local/lib/python3.7/site-packages/airflow/example_dags/tutorial.py
[2022-02-16 17:08:32,588] {logging_mixin.py:109} INFO - [2022-02-16 17:08:32,588] {dag.py:2396} INFO - Sync 1 DAGs
[2022-02-16 17:08:32,613] {logging_mixin.py:109} INFO - [2022-02-16 17:08:32,612] {dag.py:2935} INFO - Setting next_dagrun for tutorial to 2022-02-15T17:08:32.611394+00:00
[2022-02-16 17:08:32,626] {processor.py:171} INFO - Processing /home/airflow/.local/lib/python3.7/site-packages/airflow/example_dags/tutorial.py took 0.117 seconds
[2022-02-16 17:09:03,705] {processor.py:163} INFO - Started process (PID=4030) to work on /home/airflow/.local/lib/python3.7/site-packages/airflow/example_dags/tutorial.py
[2022-02-16 17:09:03,706] {processor.py:642} INFO - Processing file /home/airflow/.local/lib/python3.7/site-packages/airflow/example_dags/tutorial.py for tasks to queue
[2022-02-16 17:09:03,708] {logging_mixin.py:109} INFO - [2022-02-16 17:09:03,708] {dagbag.py:500} INFO - Filling up the DagBag from /home/airflow/.local/lib/python3.7/site-packages/airflow/example_dags/tutorial.py
[2022-02-16 17:09:03,747] {processor.py:654} INFO - DAG(s) dict_keys(['tutorial']) retrieved from /home/airflow/.local/lib/python3.7/site-packages/airflow/example_dags/tutorial.py
[2022-02-16 17:09:03,759] {logging_mixin.py:109} INFO - [2022-02-16 17:09:03,759] {dag.py:2396} INFO - Sync 1 DAGs
[2022-02-16 17:09:03,777] {logging_mixin.py:109} INFO - [2022-02-16 17:09:03,777] {dag.py:2935} INFO - Setting next_dagrun for tutorial to 2022-02-15T17:09:03.777059+00:00
[2022-02-16 17:09:03,794] {processor.py:171} INFO - Processing /home/airflow/.local/lib/python3.7/site-packages/airflow/example_dags/tutorial.py took 0.096 seconds
[2022-02-16 17:09:34,129] {processor.py:163} INFO - Started process (PID=4221) to work on /home/airflow/.local/lib/python3.7/site-packages/airflow/example_dags/tutorial.py
[2022-02-16 17:09:34,134] {processor.py:642} INFO - Processing file /home/airflow/.local/lib/python3.7/site-packages/airflow/example_dags/tutorial.py for tasks to queue
[2022-02-16 17:09:34,136] {logging_mixin.py:109} INFO - [2022-02-16 17:09:34,135] {dagbag.py:500} INFO - Filling up the DagBag from /home/airflow/.local/lib/python3.7/site-packages/airflow/example_dags/tutorial.py
[2022-02-16 17:09:34,207] {processor.py:654} INFO - DAG(s) dict_keys(['tutorial']) retrieved from /home/airflow/.local/lib/python3.7/site-packages/airflow/example_dags/tutorial.py
[2022-02-16 17:09:34,221] {logging_mixin.py:109} INFO - [2022-02-16 17:09:34,221] {dag.py:2396} INFO - Sync 1 DAGs
[2022-02-16 17:09:34,241] {logging_mixin.py:109} INFO - [2022-02-16 17:09:34,241] {dag.py:2935} INFO - Setting next_dagrun for tutorial to 2022-02-15T17:09:34.241232+00:00
[2022-02-16 17:09:34,258] {processor.py:171} INFO - Processing /home/airflow/.local/lib/python3.7/site-packages/airflow/example_dags/tutorial.py took 0.138 seconds
[2022-02-16 17:10:05,050] {processor.py:163} INFO - Started process (PID=4407) to work on /home/airflow/.local/lib/python3.7/site-packages/airflow/example_dags/tutorial.py
[2022-02-16 17:10:05,051] {processor.py:642} INFO - Processing file /home/airflow/.local/lib/python3.7/site-packages/airflow/example_dags/tutorial.py for tasks to queue
[2022-02-16 17:10:05,052] {logging_mixin.py:109} INFO - [2022-02-16 17:10:05,052] {dagbag.py:500} INFO - Filling up the DagBag from /home/airflow/.local/lib/python3.7/site-packages/airflow/example_dags/tutorial.py
[2022-02-16 17:10:05,089] {processor.py:654} INFO - DAG(s) dict_keys(['tutorial']) retrieved from /home/airflow/.local/lib/python3.7/site-packages/airflow/example_dags/tutorial.py
[2022-02-16 17:10:05,100] {logging_mixin.py:109} INFO - [2022-02-16 17:10:05,100] {dag.py:2396} INFO - Sync 1 DAGs
[2022-02-16 17:10:05,119] {logging_mixin.py:109} INFO - [2022-02-16 17:10:05,118] {dag.py:2935} INFO - Setting next_dagrun for tutorial to 2022-02-15T17:10:05.118521+00:00
[2022-02-16 17:10:05,128] {processor.py:171} INFO - Processing /home/airflow/.local/lib/python3.7/site-packages/airflow/example_dags/tutorial.py took 0.083 seconds
[2022-02-16 17:10:35,527] {processor.py:163} INFO - Started process (PID=4592) to work on /home/airflow/.local/lib/python3.7/site-packages/airflow/example_dags/tutorial.py
[2022-02-16 17:10:35,529] {processor.py:642} INFO - Processing file /home/airflow/.local/lib/python3.7/site-packages/airflow/example_dags/tutorial.py for tasks to queue
[2022-02-16 17:10:35,529] {logging_mixin.py:109} INFO - [2022-02-16 17:10:35,529] {dagbag.py:500} INFO - Filling up the DagBag from /home/airflow/.local/lib/python3.7/site-packages/airflow/example_dags/tutorial.py
[2022-02-16 17:10:35,577] {processor.py:654} INFO - DAG(s) dict_keys(['tutorial']) retrieved from /home/airflow/.local/lib/python3.7/site-packages/airflow/example_dags/tutorial.py
[2022-02-16 17:10:35,588] {logging_mixin.py:109} INFO - [2022-02-16 17:10:35,588] {dag.py:2396} INFO - Sync 1 DAGs
[2022-02-16 17:10:35,606] {logging_mixin.py:109} INFO - [2022-02-16 17:10:35,606] {dag.py:2935} INFO - Setting next_dagrun for tutorial to 2022-02-15T17:10:35.606286+00:00
[2022-02-16 17:10:35,616] {processor.py:171} INFO - Processing /home/airflow/.local/lib/python3.7/site-packages/airflow/example_dags/tutorial.py took 0.093 seconds
[2022-02-16 17:11:07,248] {processor.py:163} INFO - Started process (PID=4782) to work on /home/airflow/.local/lib/python3.7/site-packages/airflow/example_dags/tutorial.py
[2022-02-16 17:11:07,252] {processor.py:642} INFO - Processing file /home/airflow/.local/lib/python3.7/site-packages/airflow/example_dags/tutorial.py for tasks to queue
[2022-02-16 17:11:07,259] {logging_mixin.py:109} INFO - [2022-02-16 17:11:07,259] {dagbag.py:500} INFO - Filling up the DagBag from /home/airflow/.local/lib/python3.7/site-packages/airflow/example_dags/tutorial.py
[2022-02-16 17:11:07,514] {processor.py:654} INFO - DAG(s) dict_keys(['tutorial']) retrieved from /home/airflow/.local/lib/python3.7/site-packages/airflow/example_dags/tutorial.py
[2022-02-16 17:11:07,544] {logging_mixin.py:109} INFO - [2022-02-16 17:11:07,543] {dag.py:2396} INFO - Sync 1 DAGs
[2022-02-16 17:11:07,605] {logging_mixin.py:109} INFO - [2022-02-16 17:11:07,594] {dag.py:2935} INFO - Setting next_dagrun for tutorial to 2022-02-15T17:11:07.593132+00:00
[2022-02-16 17:11:07,641] {processor.py:171} INFO - Processing /home/airflow/.local/lib/python3.7/site-packages/airflow/example_dags/tutorial.py took 0.397 seconds
[2022-02-16 17:11:38,498] {processor.py:163} INFO - Started process (PID=4968) to work on /home/airflow/.local/lib/python3.7/site-packages/airflow/example_dags/tutorial.py
[2022-02-16 17:11:38,499] {processor.py:642} INFO - Processing file /home/airflow/.local/lib/python3.7/site-packages/airflow/example_dags/tutorial.py for tasks to queue
[2022-02-16 17:11:38,500] {logging_mixin.py:109} INFO - [2022-02-16 17:11:38,500] {dagbag.py:500} INFO - Filling up the DagBag from /home/airflow/.local/lib/python3.7/site-packages/airflow/example_dags/tutorial.py
[2022-02-16 17:11:38,534] {processor.py:654} INFO - DAG(s) dict_keys(['tutorial']) retrieved from /home/airflow/.local/lib/python3.7/site-packages/airflow/example_dags/tutorial.py
[2022-02-16 17:11:38,544] {logging_mixin.py:109} INFO - [2022-02-16 17:11:38,544] {dag.py:2396} INFO - Sync 1 DAGs
[2022-02-16 17:11:38,562] {logging_mixin.py:109} INFO - [2022-02-16 17:11:38,562] {dag.py:2935} INFO - Setting next_dagrun for tutorial to 2022-02-15T17:11:38.562238+00:00
[2022-02-16 17:11:38,573] {processor.py:171} INFO - Processing /home/airflow/.local/lib/python3.7/site-packages/airflow/example_dags/tutorial.py took 0.079 seconds
[2022-02-16 17:12:08,974] {processor.py:163} INFO - Started process (PID=5160) to work on /home/airflow/.local/lib/python3.7/site-packages/airflow/example_dags/tutorial.py
[2022-02-16 17:12:08,976] {processor.py:642} INFO - Processing file /home/airflow/.local/lib/python3.7/site-packages/airflow/example_dags/tutorial.py for tasks to queue
[2022-02-16 17:12:08,977] {logging_mixin.py:109} INFO - [2022-02-16 17:12:08,976] {dagbag.py:500} INFO - Filling up the DagBag from /home/airflow/.local/lib/python3.7/site-packages/airflow/example_dags/tutorial.py
[2022-02-16 17:12:09,008] {processor.py:654} INFO - DAG(s) dict_keys(['tutorial']) retrieved from /home/airflow/.local/lib/python3.7/site-packages/airflow/example_dags/tutorial.py
[2022-02-16 17:12:09,019] {logging_mixin.py:109} INFO - [2022-02-16 17:12:09,019] {dag.py:2396} INFO - Sync 1 DAGs
[2022-02-16 17:12:09,038] {logging_mixin.py:109} INFO - [2022-02-16 17:12:09,038] {dag.py:2935} INFO - Setting next_dagrun for tutorial to 2022-02-15T17:12:09.038341+00:00
[2022-02-16 17:12:09,051] {processor.py:171} INFO - Processing /home/airflow/.local/lib/python3.7/site-packages/airflow/example_dags/tutorial.py took 0.081 seconds
[2022-02-16 17:12:39,688] {processor.py:163} INFO - Started process (PID=5346) to work on /home/airflow/.local/lib/python3.7/site-packages/airflow/example_dags/tutorial.py
[2022-02-16 17:12:39,689] {processor.py:642} INFO - Processing file /home/airflow/.local/lib/python3.7/site-packages/airflow/example_dags/tutorial.py for tasks to queue
[2022-02-16 17:12:39,690] {logging_mixin.py:109} INFO - [2022-02-16 17:12:39,690] {dagbag.py:500} INFO - Filling up the DagBag from /home/airflow/.local/lib/python3.7/site-packages/airflow/example_dags/tutorial.py
[2022-02-16 17:12:39,727] {processor.py:654} INFO - DAG(s) dict_keys(['tutorial']) retrieved from /home/airflow/.local/lib/python3.7/site-packages/airflow/example_dags/tutorial.py
[2022-02-16 17:12:39,739] {logging_mixin.py:109} INFO - [2022-02-16 17:12:39,738] {dag.py:2396} INFO - Sync 1 DAGs
[2022-02-16 17:12:39,759] {logging_mixin.py:109} INFO - [2022-02-16 17:12:39,759] {dag.py:2935} INFO - Setting next_dagrun for tutorial to 2022-02-15T17:12:39.759192+00:00
[2022-02-16 17:12:39,769] {processor.py:171} INFO - Processing /home/airflow/.local/lib/python3.7/site-packages/airflow/example_dags/tutorial.py took 0.086 seconds
[2022-02-16 17:13:10,271] {processor.py:163} INFO - Started process (PID=5546) to work on /home/airflow/.local/lib/python3.7/site-packages/airflow/example_dags/tutorial.py
[2022-02-16 17:13:10,276] {processor.py:642} INFO - Processing file /home/airflow/.local/lib/python3.7/site-packages/airflow/example_dags/tutorial.py for tasks to queue
[2022-02-16 17:13:10,276] {logging_mixin.py:109} INFO - [2022-02-16 17:13:10,276] {dagbag.py:500} INFO - Filling up the DagBag from /home/airflow/.local/lib/python3.7/site-packages/airflow/example_dags/tutorial.py
[2022-02-16 17:13:10,399] {processor.py:654} INFO - DAG(s) dict_keys(['tutorial']) retrieved from /home/airflow/.local/lib/python3.7/site-packages/airflow/example_dags/tutorial.py
[2022-02-16 17:13:10,459] {logging_mixin.py:109} INFO - [2022-02-16 17:13:10,459] {dag.py:2396} INFO - Sync 1 DAGs
[2022-02-16 17:13:10,494] {logging_mixin.py:109} INFO - [2022-02-16 17:13:10,494] {dag.py:2935} INFO - Setting next_dagrun for tutorial to 2022-02-15T17:13:10.494388+00:00
[2022-02-16 17:13:10,551] {processor.py:171} INFO - Processing /home/airflow/.local/lib/python3.7/site-packages/airflow/example_dags/tutorial.py took 0.286 seconds
[2022-02-16 17:13:41,410] {processor.py:163} INFO - Started process (PID=5739) to work on /home/airflow/.local/lib/python3.7/site-packages/airflow/example_dags/tutorial.py
[2022-02-16 17:13:41,411] {processor.py:642} INFO - Processing file /home/airflow/.local/lib/python3.7/site-packages/airflow/example_dags/tutorial.py for tasks to queue
[2022-02-16 17:13:41,412] {logging_mixin.py:109} INFO - [2022-02-16 17:13:41,412] {dagbag.py:500} INFO - Filling up the DagBag from /home/airflow/.local/lib/python3.7/site-packages/airflow/example_dags/tutorial.py
[2022-02-16 17:13:41,463] {processor.py:654} INFO - DAG(s) dict_keys(['tutorial']) retrieved from /home/airflow/.local/lib/python3.7/site-packages/airflow/example_dags/tutorial.py
[2022-02-16 17:13:41,496] {logging_mixin.py:109} INFO - [2022-02-16 17:13:41,496] {dag.py:2396} INFO - Sync 1 DAGs
[2022-02-16 17:13:41,540] {logging_mixin.py:109} INFO - [2022-02-16 17:13:41,540] {dag.py:2935} INFO - Setting next_dagrun for tutorial to 2022-02-15T17:13:41.540215+00:00
[2022-02-16 17:13:41,571] {processor.py:171} INFO - Processing /home/airflow/.local/lib/python3.7/site-packages/airflow/example_dags/tutorial.py took 0.164 seconds
[2022-02-16 17:14:11,787] {processor.py:163} INFO - Started process (PID=5935) to work on /home/airflow/.local/lib/python3.7/site-packages/airflow/example_dags/tutorial.py
[2022-02-16 17:14:11,789] {processor.py:642} INFO - Processing file /home/airflow/.local/lib/python3.7/site-packages/airflow/example_dags/tutorial.py for tasks to queue
[2022-02-16 17:14:11,790] {logging_mixin.py:109} INFO - [2022-02-16 17:14:11,790] {dagbag.py:500} INFO - Filling up the DagBag from /home/airflow/.local/lib/python3.7/site-packages/airflow/example_dags/tutorial.py
[2022-02-16 17:14:11,826] {processor.py:654} INFO - DAG(s) dict_keys(['tutorial']) retrieved from /home/airflow/.local/lib/python3.7/site-packages/airflow/example_dags/tutorial.py
[2022-02-16 17:14:11,840] {logging_mixin.py:109} INFO - [2022-02-16 17:14:11,840] {dag.py:2396} INFO - Sync 1 DAGs
[2022-02-16 17:14:11,863] {logging_mixin.py:109} INFO - [2022-02-16 17:14:11,862] {dag.py:2935} INFO - Setting next_dagrun for tutorial to 2022-02-15T17:14:11.862609+00:00
[2022-02-16 17:14:11,877] {processor.py:171} INFO - Processing /home/airflow/.local/lib/python3.7/site-packages/airflow/example_dags/tutorial.py took 0.093 seconds
[2022-02-16 17:14:42,037] {processor.py:163} INFO - Started process (PID=6127) to work on /home/airflow/.local/lib/python3.7/site-packages/airflow/example_dags/tutorial.py
[2022-02-16 17:14:42,038] {processor.py:642} INFO - Processing file /home/airflow/.local/lib/python3.7/site-packages/airflow/example_dags/tutorial.py for tasks to queue
[2022-02-16 17:14:42,039] {logging_mixin.py:109} INFO - [2022-02-16 17:14:42,039] {dagbag.py:500} INFO - Filling up the DagBag from /home/airflow/.local/lib/python3.7/site-packages/airflow/example_dags/tutorial.py
[2022-02-16 17:14:42,071] {processor.py:654} INFO - DAG(s) dict_keys(['tutorial']) retrieved from /home/airflow/.local/lib/python3.7/site-packages/airflow/example_dags/tutorial.py
[2022-02-16 17:14:42,082] {logging_mixin.py:109} INFO - [2022-02-16 17:14:42,082] {dag.py:2396} INFO - Sync 1 DAGs
[2022-02-16 17:14:42,100] {logging_mixin.py:109} INFO - [2022-02-16 17:14:42,099] {dag.py:2935} INFO - Setting next_dagrun for tutorial to 2022-02-15T17:14:42.099535+00:00
[2022-02-16 17:14:42,114] {processor.py:171} INFO - Processing /home/airflow/.local/lib/python3.7/site-packages/airflow/example_dags/tutorial.py took 0.081 seconds
[2022-02-16 17:15:14,478] {processor.py:163} INFO - Started process (PID=6337) to work on /home/airflow/.local/lib/python3.7/site-packages/airflow/example_dags/tutorial.py
[2022-02-16 17:15:14,480] {processor.py:642} INFO - Processing file /home/airflow/.local/lib/python3.7/site-packages/airflow/example_dags/tutorial.py for tasks to queue
[2022-02-16 17:15:14,482] {logging_mixin.py:109} INFO - [2022-02-16 17:15:14,481] {dagbag.py:500} INFO - Filling up the DagBag from /home/airflow/.local/lib/python3.7/site-packages/airflow/example_dags/tutorial.py
[2022-02-16 17:15:14,535] {processor.py:654} INFO - DAG(s) dict_keys(['tutorial']) retrieved from /home/airflow/.local/lib/python3.7/site-packages/airflow/example_dags/tutorial.py
[2022-02-16 17:15:14,546] {logging_mixin.py:109} INFO - [2022-02-16 17:15:14,545] {dag.py:2396} INFO - Sync 1 DAGs
[2022-02-16 17:15:14,575] {logging_mixin.py:109} INFO - [2022-02-16 17:15:14,575] {dag.py:2935} INFO - Setting next_dagrun for tutorial to 2022-02-15T17:15:14.574536+00:00
[2022-02-16 17:15:14,585] {processor.py:171} INFO - Processing /home/airflow/.local/lib/python3.7/site-packages/airflow/example_dags/tutorial.py took 0.111 seconds
[2022-02-16 17:15:44,959] {processor.py:163} INFO - Started process (PID=6533) to work on /home/airflow/.local/lib/python3.7/site-packages/airflow/example_dags/tutorial.py
[2022-02-16 17:15:44,961] {processor.py:642} INFO - Processing file /home/airflow/.local/lib/python3.7/site-packages/airflow/example_dags/tutorial.py for tasks to queue
[2022-02-16 17:15:44,961] {logging_mixin.py:109} INFO - [2022-02-16 17:15:44,961] {dagbag.py:500} INFO - Filling up the DagBag from /home/airflow/.local/lib/python3.7/site-packages/airflow/example_dags/tutorial.py
[2022-02-16 17:15:44,998] {processor.py:654} INFO - DAG(s) dict_keys(['tutorial']) retrieved from /home/airflow/.local/lib/python3.7/site-packages/airflow/example_dags/tutorial.py
[2022-02-16 17:15:45,009] {logging_mixin.py:109} INFO - [2022-02-16 17:15:45,008] {dag.py:2396} INFO - Sync 1 DAGs
[2022-02-16 17:15:45,042] {logging_mixin.py:109} INFO - [2022-02-16 17:15:45,042] {dag.py:2935} INFO - Setting next_dagrun for tutorial to 2022-02-15T17:15:45.041922+00:00
[2022-02-16 17:15:45,091] {processor.py:171} INFO - Processing /home/airflow/.local/lib/python3.7/site-packages/airflow/example_dags/tutorial.py took 0.136 seconds
[2022-02-16 17:16:15,705] {processor.py:163} INFO - Started process (PID=6725) to work on /home/airflow/.local/lib/python3.7/site-packages/airflow/example_dags/tutorial.py
[2022-02-16 17:16:15,714] {processor.py:642} INFO - Processing file /home/airflow/.local/lib/python3.7/site-packages/airflow/example_dags/tutorial.py for tasks to queue
[2022-02-16 17:16:15,714] {logging_mixin.py:109} INFO - [2022-02-16 17:16:15,714] {dagbag.py:500} INFO - Filling up the DagBag from /home/airflow/.local/lib/python3.7/site-packages/airflow/example_dags/tutorial.py
[2022-02-16 17:16:15,766] {processor.py:654} INFO - DAG(s) dict_keys(['tutorial']) retrieved from /home/airflow/.local/lib/python3.7/site-packages/airflow/example_dags/tutorial.py
[2022-02-16 17:16:15,777] {logging_mixin.py:109} INFO - [2022-02-16 17:16:15,777] {dag.py:2396} INFO - Sync 1 DAGs
[2022-02-16 17:16:15,799] {logging_mixin.py:109} INFO - [2022-02-16 17:16:15,799] {dag.py:2935} INFO - Setting next_dagrun for tutorial to 2022-02-15T17:16:15.799267+00:00
[2022-02-16 17:16:15,811] {processor.py:171} INFO - Processing /home/airflow/.local/lib/python3.7/site-packages/airflow/example_dags/tutorial.py took 0.110 seconds
[2022-02-16 17:16:47,265] {processor.py:163} INFO - Started process (PID=6926) to work on /home/airflow/.local/lib/python3.7/site-packages/airflow/example_dags/tutorial.py
[2022-02-16 17:16:47,267] {processor.py:642} INFO - Processing file /home/airflow/.local/lib/python3.7/site-packages/airflow/example_dags/tutorial.py for tasks to queue
[2022-02-16 17:16:47,268] {logging_mixin.py:109} INFO - [2022-02-16 17:16:47,267] {dagbag.py:500} INFO - Filling up the DagBag from /home/airflow/.local/lib/python3.7/site-packages/airflow/example_dags/tutorial.py
[2022-02-16 17:16:47,343] {processor.py:654} INFO - DAG(s) dict_keys(['tutorial']) retrieved from /home/airflow/.local/lib/python3.7/site-packages/airflow/example_dags/tutorial.py
[2022-02-16 17:16:47,354] {logging_mixin.py:109} INFO - [2022-02-16 17:16:47,354] {dag.py:2396} INFO - Sync 1 DAGs
[2022-02-16 17:16:47,378] {logging_mixin.py:109} INFO - [2022-02-16 17:16:47,378] {dag.py:2935} INFO - Setting next_dagrun for tutorial to 2022-02-15T17:16:47.377903+00:00
[2022-02-16 17:16:47,392] {processor.py:171} INFO - Processing /home/airflow/.local/lib/python3.7/site-packages/airflow/example_dags/tutorial.py took 0.131 seconds
[2022-02-16 17:17:18,351] {processor.py:163} INFO - Started process (PID=7116) to work on /home/airflow/.local/lib/python3.7/site-packages/airflow/example_dags/tutorial.py
[2022-02-16 17:17:18,353] {processor.py:642} INFO - Processing file /home/airflow/.local/lib/python3.7/site-packages/airflow/example_dags/tutorial.py for tasks to queue
[2022-02-16 17:17:18,354] {logging_mixin.py:109} INFO - [2022-02-16 17:17:18,354] {dagbag.py:500} INFO - Filling up the DagBag from /home/airflow/.local/lib/python3.7/site-packages/airflow/example_dags/tutorial.py
[2022-02-16 17:17:18,389] {processor.py:654} INFO - DAG(s) dict_keys(['tutorial']) retrieved from /home/airflow/.local/lib/python3.7/site-packages/airflow/example_dags/tutorial.py
[2022-02-16 17:17:18,401] {logging_mixin.py:109} INFO - [2022-02-16 17:17:18,401] {dag.py:2396} INFO - Sync 1 DAGs
[2022-02-16 17:17:18,425] {logging_mixin.py:109} INFO - [2022-02-16 17:17:18,425] {dag.py:2935} INFO - Setting next_dagrun for tutorial to 2022-02-15T17:17:18.425008+00:00
[2022-02-16 17:17:18,436] {processor.py:171} INFO - Processing /home/airflow/.local/lib/python3.7/site-packages/airflow/example_dags/tutorial.py took 0.089 seconds
[2022-02-16 17:17:49,437] {processor.py:163} INFO - Started process (PID=7306) to work on /home/airflow/.local/lib/python3.7/site-packages/airflow/example_dags/tutorial.py
[2022-02-16 17:17:49,439] {processor.py:642} INFO - Processing file /home/airflow/.local/lib/python3.7/site-packages/airflow/example_dags/tutorial.py for tasks to queue
[2022-02-16 17:17:49,440] {logging_mixin.py:109} INFO - [2022-02-16 17:17:49,439] {dagbag.py:500} INFO - Filling up the DagBag from /home/airflow/.local/lib/python3.7/site-packages/airflow/example_dags/tutorial.py
[2022-02-16 17:17:49,475] {processor.py:654} INFO - DAG(s) dict_keys(['tutorial']) retrieved from /home/airflow/.local/lib/python3.7/site-packages/airflow/example_dags/tutorial.py
[2022-02-16 17:17:49,486] {logging_mixin.py:109} INFO - [2022-02-16 17:17:49,486] {dag.py:2396} INFO - Sync 1 DAGs
[2022-02-16 17:17:49,506] {logging_mixin.py:109} INFO - [2022-02-16 17:17:49,506] {dag.py:2935} INFO - Setting next_dagrun for tutorial to 2022-02-15T17:17:49.505640+00:00
[2022-02-16 17:17:49,519] {processor.py:171} INFO - Processing /home/airflow/.local/lib/python3.7/site-packages/airflow/example_dags/tutorial.py took 0.087 seconds
[2022-02-16 17:18:20,826] {processor.py:163} INFO - Started process (PID=7514) to work on /home/airflow/.local/lib/python3.7/site-packages/airflow/example_dags/tutorial.py
[2022-02-16 17:18:20,843] {processor.py:642} INFO - Processing file /home/airflow/.local/lib/python3.7/site-packages/airflow/example_dags/tutorial.py for tasks to queue
[2022-02-16 17:18:20,845] {logging_mixin.py:109} INFO - [2022-02-16 17:18:20,844] {dagbag.py:500} INFO - Filling up the DagBag from /home/airflow/.local/lib/python3.7/site-packages/airflow/example_dags/tutorial.py
[2022-02-16 17:18:20,902] {processor.py:654} INFO - DAG(s) dict_keys(['tutorial']) retrieved from /home/airflow/.local/lib/python3.7/site-packages/airflow/example_dags/tutorial.py
[2022-02-16 17:18:20,922] {logging_mixin.py:109} INFO - [2022-02-16 17:18:20,922] {dag.py:2396} INFO - Sync 1 DAGs
[2022-02-16 17:18:20,946] {logging_mixin.py:109} INFO - [2022-02-16 17:18:20,946] {dag.py:2935} INFO - Setting next_dagrun for tutorial to 2022-02-15T17:18:20.946162+00:00
[2022-02-16 17:18:20,956] {processor.py:171} INFO - Processing /home/airflow/.local/lib/python3.7/site-packages/airflow/example_dags/tutorial.py took 0.140 seconds
[2022-02-16 17:18:51,489] {processor.py:163} INFO - Started process (PID=7703) to work on /home/airflow/.local/lib/python3.7/site-packages/airflow/example_dags/tutorial.py
[2022-02-16 17:18:51,491] {processor.py:642} INFO - Processing file /home/airflow/.local/lib/python3.7/site-packages/airflow/example_dags/tutorial.py for tasks to queue
[2022-02-16 17:18:51,492] {logging_mixin.py:109} INFO - [2022-02-16 17:18:51,492] {dagbag.py:500} INFO - Filling up the DagBag from /home/airflow/.local/lib/python3.7/site-packages/airflow/example_dags/tutorial.py
[2022-02-16 17:18:51,525] {processor.py:654} INFO - DAG(s) dict_keys(['tutorial']) retrieved from /home/airflow/.local/lib/python3.7/site-packages/airflow/example_dags/tutorial.py
[2022-02-16 17:18:51,535] {logging_mixin.py:109} INFO - [2022-02-16 17:18:51,535] {dag.py:2396} INFO - Sync 1 DAGs
[2022-02-16 17:18:51,553] {logging_mixin.py:109} INFO - [2022-02-16 17:18:51,553] {dag.py:2935} INFO - Setting next_dagrun for tutorial to 2022-02-15T17:18:51.553126+00:00
[2022-02-16 17:18:51,567] {processor.py:171} INFO - Processing /home/airflow/.local/lib/python3.7/site-packages/airflow/example_dags/tutorial.py took 0.082 seconds
[2022-02-16 17:19:22,606] {processor.py:163} INFO - Started process (PID=7893) to work on /home/airflow/.local/lib/python3.7/site-packages/airflow/example_dags/tutorial.py
[2022-02-16 17:19:22,608] {processor.py:642} INFO - Processing file /home/airflow/.local/lib/python3.7/site-packages/airflow/example_dags/tutorial.py for tasks to queue
[2022-02-16 17:19:22,609] {logging_mixin.py:109} INFO - [2022-02-16 17:19:22,609] {dagbag.py:500} INFO - Filling up the DagBag from /home/airflow/.local/lib/python3.7/site-packages/airflow/example_dags/tutorial.py
[2022-02-16 17:19:22,645] {processor.py:654} INFO - DAG(s) dict_keys(['tutorial']) retrieved from /home/airflow/.local/lib/python3.7/site-packages/airflow/example_dags/tutorial.py
[2022-02-16 17:19:22,660] {logging_mixin.py:109} INFO - [2022-02-16 17:19:22,660] {dag.py:2396} INFO - Sync 1 DAGs
[2022-02-16 17:19:22,681] {logging_mixin.py:109} INFO - [2022-02-16 17:19:22,681] {dag.py:2935} INFO - Setting next_dagrun for tutorial to 2022-02-15T17:19:22.681100+00:00
[2022-02-16 17:19:22,694] {processor.py:171} INFO - Processing /home/airflow/.local/lib/python3.7/site-packages/airflow/example_dags/tutorial.py took 0.093 seconds
[2022-02-16 17:19:54,023] {processor.py:163} INFO - Started process (PID=8103) to work on /home/airflow/.local/lib/python3.7/site-packages/airflow/example_dags/tutorial.py
[2022-02-16 17:19:54,024] {processor.py:642} INFO - Processing file /home/airflow/.local/lib/python3.7/site-packages/airflow/example_dags/tutorial.py for tasks to queue
[2022-02-16 17:19:54,025] {logging_mixin.py:109} INFO - [2022-02-16 17:19:54,025] {dagbag.py:500} INFO - Filling up the DagBag from /home/airflow/.local/lib/python3.7/site-packages/airflow/example_dags/tutorial.py
[2022-02-16 17:19:54,116] {processor.py:654} INFO - DAG(s) dict_keys(['tutorial']) retrieved from /home/airflow/.local/lib/python3.7/site-packages/airflow/example_dags/tutorial.py
[2022-02-16 17:19:54,139] {logging_mixin.py:109} INFO - [2022-02-16 17:19:54,139] {dag.py:2396} INFO - Sync 1 DAGs
[2022-02-16 17:19:54,162] {logging_mixin.py:109} INFO - [2022-02-16 17:19:54,162] {dag.py:2935} INFO - Setting next_dagrun for tutorial to 2022-02-15T17:19:54.161741+00:00
[2022-02-16 17:19:54,176] {processor.py:171} INFO - Processing /home/airflow/.local/lib/python3.7/site-packages/airflow/example_dags/tutorial.py took 0.166 seconds
[2022-02-16 17:20:24,653] {processor.py:163} INFO - Started process (PID=8300) to work on /home/airflow/.local/lib/python3.7/site-packages/airflow/example_dags/tutorial.py
[2022-02-16 17:20:24,655] {processor.py:642} INFO - Processing file /home/airflow/.local/lib/python3.7/site-packages/airflow/example_dags/tutorial.py for tasks to queue
[2022-02-16 17:20:24,657] {logging_mixin.py:109} INFO - [2022-02-16 17:20:24,656] {dagbag.py:500} INFO - Filling up the DagBag from /home/airflow/.local/lib/python3.7/site-packages/airflow/example_dags/tutorial.py
[2022-02-16 17:20:24,709] {processor.py:654} INFO - DAG(s) dict_keys(['tutorial']) retrieved from /home/airflow/.local/lib/python3.7/site-packages/airflow/example_dags/tutorial.py
[2022-02-16 17:20:24,733] {logging_mixin.py:109} INFO - [2022-02-16 17:20:24,733] {dag.py:2396} INFO - Sync 1 DAGs
[2022-02-16 17:20:24,870] {logging_mixin.py:109} INFO - [2022-02-16 17:20:24,869] {dag.py:2935} INFO - Setting next_dagrun for tutorial to 2022-02-15T17:20:24.869525+00:00
[2022-02-16 17:20:24,945] {processor.py:171} INFO - Processing /home/airflow/.local/lib/python3.7/site-packages/airflow/example_dags/tutorial.py took 0.297 seconds
[2022-02-16 17:20:55,340] {processor.py:163} INFO - Started process (PID=8490) to work on /home/airflow/.local/lib/python3.7/site-packages/airflow/example_dags/tutorial.py
[2022-02-16 17:20:55,342] {processor.py:642} INFO - Processing file /home/airflow/.local/lib/python3.7/site-packages/airflow/example_dags/tutorial.py for tasks to queue
[2022-02-16 17:20:55,343] {logging_mixin.py:109} INFO - [2022-02-16 17:20:55,343] {dagbag.py:500} INFO - Filling up the DagBag from /home/airflow/.local/lib/python3.7/site-packages/airflow/example_dags/tutorial.py
[2022-02-16 17:20:55,382] {processor.py:654} INFO - DAG(s) dict_keys(['tutorial']) retrieved from /home/airflow/.local/lib/python3.7/site-packages/airflow/example_dags/tutorial.py
[2022-02-16 17:20:55,394] {logging_mixin.py:109} INFO - [2022-02-16 17:20:55,394] {dag.py:2396} INFO - Sync 1 DAGs
[2022-02-16 17:20:55,413] {logging_mixin.py:109} INFO - [2022-02-16 17:20:55,413] {dag.py:2935} INFO - Setting next_dagrun for tutorial to 2022-02-15T17:20:55.413041+00:00
[2022-02-16 17:20:55,422] {processor.py:171} INFO - Processing /home/airflow/.local/lib/python3.7/site-packages/airflow/example_dags/tutorial.py took 0.086 seconds
