[2022-02-16 16:59:05,929] {processor.py:163} INFO - Started process (PID=407) to work on /home/airflow/.local/lib/python3.7/site-packages/airflow/example_dags/tutorial_taskflow_api_etl.py
[2022-02-16 16:59:05,931] {processor.py:642} INFO - Processing file /home/airflow/.local/lib/python3.7/site-packages/airflow/example_dags/tutorial_taskflow_api_etl.py for tasks to queue
[2022-02-16 16:59:05,931] {logging_mixin.py:109} INFO - [2022-02-16 16:59:05,931] {dagbag.py:500} INFO - Filling up the DagBag from /home/airflow/.local/lib/python3.7/site-packages/airflow/example_dags/tutorial_taskflow_api_etl.py
[2022-02-16 16:59:05,969] {processor.py:654} INFO - DAG(s) dict_keys(['tutorial_taskflow_api_etl']) retrieved from /home/airflow/.local/lib/python3.7/site-packages/airflow/example_dags/tutorial_taskflow_api_etl.py
[2022-02-16 16:59:08,150] {logging_mixin.py:109} INFO - [2022-02-16 16:59:08,150] {manager.py:496} INFO - Created Permission View: can read on DAG:tutorial_taskflow_api_etl
[2022-02-16 16:59:08,161] {logging_mixin.py:109} INFO - [2022-02-16 16:59:08,161] {manager.py:496} INFO - Created Permission View: can edit on DAG:tutorial_taskflow_api_etl
[2022-02-16 16:59:08,161] {logging_mixin.py:109} INFO - [2022-02-16 16:59:08,161] {dag.py:2396} INFO - Sync 1 DAGs
[2022-02-16 16:59:08,172] {logging_mixin.py:109} INFO - [2022-02-16 16:59:08,172] {dag.py:2415} INFO - Creating ORM DAG for tutorial_taskflow_api_etl
[2022-02-16 16:59:08,180] {logging_mixin.py:109} INFO - [2022-02-16 16:59:08,180] {dag.py:2935} INFO - Setting next_dagrun for tutorial_taskflow_api_etl to None
[2022-02-16 16:59:08,192] {processor.py:171} INFO - Processing /home/airflow/.local/lib/python3.7/site-packages/airflow/example_dags/tutorial_taskflow_api_etl.py took 2.267 seconds
[2022-02-16 16:59:38,582] {processor.py:163} INFO - Started process (PID=633) to work on /home/airflow/.local/lib/python3.7/site-packages/airflow/example_dags/tutorial_taskflow_api_etl.py
[2022-02-16 16:59:38,584] {processor.py:642} INFO - Processing file /home/airflow/.local/lib/python3.7/site-packages/airflow/example_dags/tutorial_taskflow_api_etl.py for tasks to queue
[2022-02-16 16:59:38,586] {logging_mixin.py:109} INFO - [2022-02-16 16:59:38,585] {dagbag.py:500} INFO - Filling up the DagBag from /home/airflow/.local/lib/python3.7/site-packages/airflow/example_dags/tutorial_taskflow_api_etl.py
[2022-02-16 16:59:38,637] {processor.py:654} INFO - DAG(s) dict_keys(['tutorial_taskflow_api_etl']) retrieved from /home/airflow/.local/lib/python3.7/site-packages/airflow/example_dags/tutorial_taskflow_api_etl.py
[2022-02-16 16:59:38,993] {logging_mixin.py:109} INFO - [2022-02-16 16:59:38,993] {dag.py:2396} INFO - Sync 1 DAGs
[2022-02-16 16:59:39,008] {logging_mixin.py:109} INFO - [2022-02-16 16:59:39,008] {dag.py:2935} INFO - Setting next_dagrun for tutorial_taskflow_api_etl to None
[2022-02-16 16:59:39,019] {processor.py:171} INFO - Processing /home/airflow/.local/lib/python3.7/site-packages/airflow/example_dags/tutorial_taskflow_api_etl.py took 0.442 seconds
[2022-02-16 17:00:11,237] {processor.py:163} INFO - Started process (PID=828) to work on /home/airflow/.local/lib/python3.7/site-packages/airflow/example_dags/tutorial_taskflow_api_etl.py
[2022-02-16 17:00:11,246] {processor.py:642} INFO - Processing file /home/airflow/.local/lib/python3.7/site-packages/airflow/example_dags/tutorial_taskflow_api_etl.py for tasks to queue
[2022-02-16 17:00:11,247] {logging_mixin.py:109} INFO - [2022-02-16 17:00:11,247] {dagbag.py:500} INFO - Filling up the DagBag from /home/airflow/.local/lib/python3.7/site-packages/airflow/example_dags/tutorial_taskflow_api_etl.py
[2022-02-16 17:00:11,307] {processor.py:654} INFO - DAG(s) dict_keys(['tutorial_taskflow_api_etl']) retrieved from /home/airflow/.local/lib/python3.7/site-packages/airflow/example_dags/tutorial_taskflow_api_etl.py
[2022-02-16 17:00:11,753] {logging_mixin.py:109} INFO - [2022-02-16 17:00:11,753] {dag.py:2396} INFO - Sync 1 DAGs
[2022-02-16 17:00:11,768] {logging_mixin.py:109} INFO - [2022-02-16 17:00:11,768] {dag.py:2935} INFO - Setting next_dagrun for tutorial_taskflow_api_etl to None
[2022-02-16 17:00:11,779] {processor.py:171} INFO - Processing /home/airflow/.local/lib/python3.7/site-packages/airflow/example_dags/tutorial_taskflow_api_etl.py took 0.553 seconds
[2022-02-16 17:00:42,221] {processor.py:163} INFO - Started process (PID=1001) to work on /home/airflow/.local/lib/python3.7/site-packages/airflow/example_dags/tutorial_taskflow_api_etl.py
[2022-02-16 17:00:42,223] {processor.py:642} INFO - Processing file /home/airflow/.local/lib/python3.7/site-packages/airflow/example_dags/tutorial_taskflow_api_etl.py for tasks to queue
[2022-02-16 17:00:42,224] {logging_mixin.py:109} INFO - [2022-02-16 17:00:42,223] {dagbag.py:500} INFO - Filling up the DagBag from /home/airflow/.local/lib/python3.7/site-packages/airflow/example_dags/tutorial_taskflow_api_etl.py
[2022-02-16 17:00:42,258] {processor.py:654} INFO - DAG(s) dict_keys(['tutorial_taskflow_api_etl']) retrieved from /home/airflow/.local/lib/python3.7/site-packages/airflow/example_dags/tutorial_taskflow_api_etl.py
[2022-02-16 17:00:42,559] {logging_mixin.py:109} INFO - [2022-02-16 17:00:42,559] {dag.py:2396} INFO - Sync 1 DAGs
[2022-02-16 17:00:42,573] {logging_mixin.py:109} INFO - [2022-02-16 17:00:42,573] {dag.py:2935} INFO - Setting next_dagrun for tutorial_taskflow_api_etl to None
[2022-02-16 17:00:42,583] {processor.py:171} INFO - Processing /home/airflow/.local/lib/python3.7/site-packages/airflow/example_dags/tutorial_taskflow_api_etl.py took 0.366 seconds
[2022-02-16 17:01:13,387] {processor.py:163} INFO - Started process (PID=1197) to work on /home/airflow/.local/lib/python3.7/site-packages/airflow/example_dags/tutorial_taskflow_api_etl.py
[2022-02-16 17:01:13,389] {processor.py:642} INFO - Processing file /home/airflow/.local/lib/python3.7/site-packages/airflow/example_dags/tutorial_taskflow_api_etl.py for tasks to queue
[2022-02-16 17:01:13,390] {logging_mixin.py:109} INFO - [2022-02-16 17:01:13,390] {dagbag.py:500} INFO - Filling up the DagBag from /home/airflow/.local/lib/python3.7/site-packages/airflow/example_dags/tutorial_taskflow_api_etl.py
[2022-02-16 17:01:13,426] {processor.py:654} INFO - DAG(s) dict_keys(['tutorial_taskflow_api_etl']) retrieved from /home/airflow/.local/lib/python3.7/site-packages/airflow/example_dags/tutorial_taskflow_api_etl.py
[2022-02-16 17:01:13,750] {logging_mixin.py:109} INFO - [2022-02-16 17:01:13,750] {dag.py:2396} INFO - Sync 1 DAGs
[2022-02-16 17:01:13,764] {logging_mixin.py:109} INFO - [2022-02-16 17:01:13,764] {dag.py:2935} INFO - Setting next_dagrun for tutorial_taskflow_api_etl to None
[2022-02-16 17:01:13,775] {processor.py:171} INFO - Processing /home/airflow/.local/lib/python3.7/site-packages/airflow/example_dags/tutorial_taskflow_api_etl.py took 0.391 seconds
[2022-02-16 17:01:44,391] {processor.py:163} INFO - Started process (PID=1380) to work on /home/airflow/.local/lib/python3.7/site-packages/airflow/example_dags/tutorial_taskflow_api_etl.py
[2022-02-16 17:01:44,393] {processor.py:642} INFO - Processing file /home/airflow/.local/lib/python3.7/site-packages/airflow/example_dags/tutorial_taskflow_api_etl.py for tasks to queue
[2022-02-16 17:01:44,394] {logging_mixin.py:109} INFO - [2022-02-16 17:01:44,393] {dagbag.py:500} INFO - Filling up the DagBag from /home/airflow/.local/lib/python3.7/site-packages/airflow/example_dags/tutorial_taskflow_api_etl.py
[2022-02-16 17:01:44,435] {processor.py:654} INFO - DAG(s) dict_keys(['tutorial_taskflow_api_etl']) retrieved from /home/airflow/.local/lib/python3.7/site-packages/airflow/example_dags/tutorial_taskflow_api_etl.py
[2022-02-16 17:01:44,786] {logging_mixin.py:109} INFO - [2022-02-16 17:01:44,786] {dag.py:2396} INFO - Sync 1 DAGs
[2022-02-16 17:01:44,799] {logging_mixin.py:109} INFO - [2022-02-16 17:01:44,799] {dag.py:2935} INFO - Setting next_dagrun for tutorial_taskflow_api_etl to None
[2022-02-16 17:01:44,809] {processor.py:171} INFO - Processing /home/airflow/.local/lib/python3.7/site-packages/airflow/example_dags/tutorial_taskflow_api_etl.py took 0.422 seconds
[2022-02-16 17:02:15,072] {processor.py:163} INFO - Started process (PID=1554) to work on /home/airflow/.local/lib/python3.7/site-packages/airflow/example_dags/tutorial_taskflow_api_etl.py
[2022-02-16 17:02:15,074] {processor.py:642} INFO - Processing file /home/airflow/.local/lib/python3.7/site-packages/airflow/example_dags/tutorial_taskflow_api_etl.py for tasks to queue
[2022-02-16 17:02:15,074] {logging_mixin.py:109} INFO - [2022-02-16 17:02:15,074] {dagbag.py:500} INFO - Filling up the DagBag from /home/airflow/.local/lib/python3.7/site-packages/airflow/example_dags/tutorial_taskflow_api_etl.py
[2022-02-16 17:02:15,115] {processor.py:654} INFO - DAG(s) dict_keys(['tutorial_taskflow_api_etl']) retrieved from /home/airflow/.local/lib/python3.7/site-packages/airflow/example_dags/tutorial_taskflow_api_etl.py
[2022-02-16 17:02:15,500] {logging_mixin.py:109} INFO - [2022-02-16 17:02:15,500] {dag.py:2396} INFO - Sync 1 DAGs
[2022-02-16 17:02:15,516] {logging_mixin.py:109} INFO - [2022-02-16 17:02:15,516] {dag.py:2935} INFO - Setting next_dagrun for tutorial_taskflow_api_etl to None
[2022-02-16 17:02:15,533] {processor.py:171} INFO - Processing /home/airflow/.local/lib/python3.7/site-packages/airflow/example_dags/tutorial_taskflow_api_etl.py took 0.465 seconds
[2022-02-16 17:02:46,234] {processor.py:163} INFO - Started process (PID=1742) to work on /home/airflow/.local/lib/python3.7/site-packages/airflow/example_dags/tutorial_taskflow_api_etl.py
[2022-02-16 17:02:46,242] {processor.py:642} INFO - Processing file /home/airflow/.local/lib/python3.7/site-packages/airflow/example_dags/tutorial_taskflow_api_etl.py for tasks to queue
[2022-02-16 17:02:46,243] {logging_mixin.py:109} INFO - [2022-02-16 17:02:46,243] {dagbag.py:500} INFO - Filling up the DagBag from /home/airflow/.local/lib/python3.7/site-packages/airflow/example_dags/tutorial_taskflow_api_etl.py
[2022-02-16 17:02:46,305] {processor.py:654} INFO - DAG(s) dict_keys(['tutorial_taskflow_api_etl']) retrieved from /home/airflow/.local/lib/python3.7/site-packages/airflow/example_dags/tutorial_taskflow_api_etl.py
[2022-02-16 17:02:46,771] {logging_mixin.py:109} INFO - [2022-02-16 17:02:46,771] {dag.py:2396} INFO - Sync 1 DAGs
[2022-02-16 17:02:46,801] {logging_mixin.py:109} INFO - [2022-02-16 17:02:46,801] {dag.py:2935} INFO - Setting next_dagrun for tutorial_taskflow_api_etl to None
[2022-02-16 17:02:46,823] {processor.py:171} INFO - Processing /home/airflow/.local/lib/python3.7/site-packages/airflow/example_dags/tutorial_taskflow_api_etl.py took 0.594 seconds
[2022-02-16 17:03:17,203] {processor.py:163} INFO - Started process (PID=1927) to work on /home/airflow/.local/lib/python3.7/site-packages/airflow/example_dags/tutorial_taskflow_api_etl.py
[2022-02-16 17:03:17,205] {processor.py:642} INFO - Processing file /home/airflow/.local/lib/python3.7/site-packages/airflow/example_dags/tutorial_taskflow_api_etl.py for tasks to queue
[2022-02-16 17:03:17,205] {logging_mixin.py:109} INFO - [2022-02-16 17:03:17,205] {dagbag.py:500} INFO - Filling up the DagBag from /home/airflow/.local/lib/python3.7/site-packages/airflow/example_dags/tutorial_taskflow_api_etl.py
[2022-02-16 17:03:17,241] {processor.py:654} INFO - DAG(s) dict_keys(['tutorial_taskflow_api_etl']) retrieved from /home/airflow/.local/lib/python3.7/site-packages/airflow/example_dags/tutorial_taskflow_api_etl.py
[2022-02-16 17:03:17,571] {logging_mixin.py:109} INFO - [2022-02-16 17:03:17,571] {dag.py:2396} INFO - Sync 1 DAGs
[2022-02-16 17:03:17,585] {logging_mixin.py:109} INFO - [2022-02-16 17:03:17,585] {dag.py:2935} INFO - Setting next_dagrun for tutorial_taskflow_api_etl to None
[2022-02-16 17:03:17,596] {processor.py:171} INFO - Processing /home/airflow/.local/lib/python3.7/site-packages/airflow/example_dags/tutorial_taskflow_api_etl.py took 0.397 seconds
[2022-02-16 17:03:48,814] {processor.py:163} INFO - Started process (PID=2113) to work on /home/airflow/.local/lib/python3.7/site-packages/airflow/example_dags/tutorial_taskflow_api_etl.py
[2022-02-16 17:03:48,819] {processor.py:642} INFO - Processing file /home/airflow/.local/lib/python3.7/site-packages/airflow/example_dags/tutorial_taskflow_api_etl.py for tasks to queue
[2022-02-16 17:03:48,820] {logging_mixin.py:109} INFO - [2022-02-16 17:03:48,820] {dagbag.py:500} INFO - Filling up the DagBag from /home/airflow/.local/lib/python3.7/site-packages/airflow/example_dags/tutorial_taskflow_api_etl.py
[2022-02-16 17:03:48,892] {processor.py:654} INFO - DAG(s) dict_keys(['tutorial_taskflow_api_etl']) retrieved from /home/airflow/.local/lib/python3.7/site-packages/airflow/example_dags/tutorial_taskflow_api_etl.py
[2022-02-16 17:03:49,485] {logging_mixin.py:109} INFO - [2022-02-16 17:03:49,485] {dag.py:2396} INFO - Sync 1 DAGs
[2022-02-16 17:03:49,512] {logging_mixin.py:109} INFO - [2022-02-16 17:03:49,512] {dag.py:2935} INFO - Setting next_dagrun for tutorial_taskflow_api_etl to None
[2022-02-16 17:03:49,542] {processor.py:171} INFO - Processing /home/airflow/.local/lib/python3.7/site-packages/airflow/example_dags/tutorial_taskflow_api_etl.py took 0.733 seconds
[2022-02-16 17:04:20,363] {processor.py:163} INFO - Started process (PID=2311) to work on /home/airflow/.local/lib/python3.7/site-packages/airflow/example_dags/tutorial_taskflow_api_etl.py
[2022-02-16 17:04:20,367] {processor.py:642} INFO - Processing file /home/airflow/.local/lib/python3.7/site-packages/airflow/example_dags/tutorial_taskflow_api_etl.py for tasks to queue
[2022-02-16 17:04:20,368] {logging_mixin.py:109} INFO - [2022-02-16 17:04:20,368] {dagbag.py:500} INFO - Filling up the DagBag from /home/airflow/.local/lib/python3.7/site-packages/airflow/example_dags/tutorial_taskflow_api_etl.py
[2022-02-16 17:04:20,459] {processor.py:654} INFO - DAG(s) dict_keys(['tutorial_taskflow_api_etl']) retrieved from /home/airflow/.local/lib/python3.7/site-packages/airflow/example_dags/tutorial_taskflow_api_etl.py
[2022-02-16 17:04:21,063] {logging_mixin.py:109} INFO - [2022-02-16 17:04:21,063] {dag.py:2396} INFO - Sync 1 DAGs
[2022-02-16 17:04:21,093] {logging_mixin.py:109} INFO - [2022-02-16 17:04:21,092] {dag.py:2935} INFO - Setting next_dagrun for tutorial_taskflow_api_etl to None
[2022-02-16 17:04:21,121] {processor.py:171} INFO - Processing /home/airflow/.local/lib/python3.7/site-packages/airflow/example_dags/tutorial_taskflow_api_etl.py took 0.772 seconds
[2022-02-16 17:04:51,854] {processor.py:163} INFO - Started process (PID=2512) to work on /home/airflow/.local/lib/python3.7/site-packages/airflow/example_dags/tutorial_taskflow_api_etl.py
[2022-02-16 17:04:51,861] {processor.py:642} INFO - Processing file /home/airflow/.local/lib/python3.7/site-packages/airflow/example_dags/tutorial_taskflow_api_etl.py for tasks to queue
[2022-02-16 17:04:51,862] {logging_mixin.py:109} INFO - [2022-02-16 17:04:51,862] {dagbag.py:500} INFO - Filling up the DagBag from /home/airflow/.local/lib/python3.7/site-packages/airflow/example_dags/tutorial_taskflow_api_etl.py
[2022-02-16 17:04:51,931] {processor.py:654} INFO - DAG(s) dict_keys(['tutorial_taskflow_api_etl']) retrieved from /home/airflow/.local/lib/python3.7/site-packages/airflow/example_dags/tutorial_taskflow_api_etl.py
[2022-02-16 17:04:52,319] {logging_mixin.py:109} INFO - [2022-02-16 17:04:52,319] {dag.py:2396} INFO - Sync 1 DAGs
[2022-02-16 17:04:52,342] {logging_mixin.py:109} INFO - [2022-02-16 17:04:52,342] {dag.py:2935} INFO - Setting next_dagrun for tutorial_taskflow_api_etl to None
[2022-02-16 17:04:52,355] {processor.py:171} INFO - Processing /home/airflow/.local/lib/python3.7/site-packages/airflow/example_dags/tutorial_taskflow_api_etl.py took 0.506 seconds
[2022-02-16 17:05:22,635] {processor.py:163} INFO - Started process (PID=2698) to work on /home/airflow/.local/lib/python3.7/site-packages/airflow/example_dags/tutorial_taskflow_api_etl.py
[2022-02-16 17:05:22,637] {processor.py:642} INFO - Processing file /home/airflow/.local/lib/python3.7/site-packages/airflow/example_dags/tutorial_taskflow_api_etl.py for tasks to queue
[2022-02-16 17:05:22,637] {logging_mixin.py:109} INFO - [2022-02-16 17:05:22,637] {dagbag.py:500} INFO - Filling up the DagBag from /home/airflow/.local/lib/python3.7/site-packages/airflow/example_dags/tutorial_taskflow_api_etl.py
[2022-02-16 17:05:22,714] {processor.py:654} INFO - DAG(s) dict_keys(['tutorial_taskflow_api_etl']) retrieved from /home/airflow/.local/lib/python3.7/site-packages/airflow/example_dags/tutorial_taskflow_api_etl.py
[2022-02-16 17:05:23,303] {logging_mixin.py:109} INFO - [2022-02-16 17:05:23,303] {dag.py:2396} INFO - Sync 1 DAGs
[2022-02-16 17:05:23,353] {logging_mixin.py:109} INFO - [2022-02-16 17:05:23,352] {dag.py:2935} INFO - Setting next_dagrun for tutorial_taskflow_api_etl to None
[2022-02-16 17:05:23,378] {processor.py:171} INFO - Processing /home/airflow/.local/lib/python3.7/site-packages/airflow/example_dags/tutorial_taskflow_api_etl.py took 0.747 seconds
[2022-02-16 17:05:54,058] {processor.py:163} INFO - Started process (PID=2881) to work on /home/airflow/.local/lib/python3.7/site-packages/airflow/example_dags/tutorial_taskflow_api_etl.py
[2022-02-16 17:05:54,061] {processor.py:642} INFO - Processing file /home/airflow/.local/lib/python3.7/site-packages/airflow/example_dags/tutorial_taskflow_api_etl.py for tasks to queue
[2022-02-16 17:05:54,062] {logging_mixin.py:109} INFO - [2022-02-16 17:05:54,062] {dagbag.py:500} INFO - Filling up the DagBag from /home/airflow/.local/lib/python3.7/site-packages/airflow/example_dags/tutorial_taskflow_api_etl.py
[2022-02-16 17:05:54,105] {processor.py:654} INFO - DAG(s) dict_keys(['tutorial_taskflow_api_etl']) retrieved from /home/airflow/.local/lib/python3.7/site-packages/airflow/example_dags/tutorial_taskflow_api_etl.py
[2022-02-16 17:05:54,508] {logging_mixin.py:109} INFO - [2022-02-16 17:05:54,508] {dag.py:2396} INFO - Sync 1 DAGs
[2022-02-16 17:05:54,525] {logging_mixin.py:109} INFO - [2022-02-16 17:05:54,525] {dag.py:2935} INFO - Setting next_dagrun for tutorial_taskflow_api_etl to None
[2022-02-16 17:05:54,537] {processor.py:171} INFO - Processing /home/airflow/.local/lib/python3.7/site-packages/airflow/example_dags/tutorial_taskflow_api_etl.py took 0.489 seconds
[2022-02-16 17:06:24,638] {processor.py:163} INFO - Started process (PID=3074) to work on /home/airflow/.local/lib/python3.7/site-packages/airflow/example_dags/tutorial_taskflow_api_etl.py
[2022-02-16 17:06:24,639] {processor.py:642} INFO - Processing file /home/airflow/.local/lib/python3.7/site-packages/airflow/example_dags/tutorial_taskflow_api_etl.py for tasks to queue
[2022-02-16 17:06:24,640] {logging_mixin.py:109} INFO - [2022-02-16 17:06:24,640] {dagbag.py:500} INFO - Filling up the DagBag from /home/airflow/.local/lib/python3.7/site-packages/airflow/example_dags/tutorial_taskflow_api_etl.py
[2022-02-16 17:06:24,675] {processor.py:654} INFO - DAG(s) dict_keys(['tutorial_taskflow_api_etl']) retrieved from /home/airflow/.local/lib/python3.7/site-packages/airflow/example_dags/tutorial_taskflow_api_etl.py
[2022-02-16 17:06:25,073] {logging_mixin.py:109} INFO - [2022-02-16 17:06:25,073] {dag.py:2396} INFO - Sync 1 DAGs
[2022-02-16 17:06:25,098] {logging_mixin.py:109} INFO - [2022-02-16 17:06:25,098] {dag.py:2935} INFO - Setting next_dagrun for tutorial_taskflow_api_etl to None
[2022-02-16 17:06:25,113] {processor.py:171} INFO - Processing /home/airflow/.local/lib/python3.7/site-packages/airflow/example_dags/tutorial_taskflow_api_etl.py took 0.479 seconds
[2022-02-16 17:06:55,470] {processor.py:163} INFO - Started process (PID=3259) to work on /home/airflow/.local/lib/python3.7/site-packages/airflow/example_dags/tutorial_taskflow_api_etl.py
[2022-02-16 17:06:55,472] {processor.py:642} INFO - Processing file /home/airflow/.local/lib/python3.7/site-packages/airflow/example_dags/tutorial_taskflow_api_etl.py for tasks to queue
[2022-02-16 17:06:55,472] {logging_mixin.py:109} INFO - [2022-02-16 17:06:55,472] {dagbag.py:500} INFO - Filling up the DagBag from /home/airflow/.local/lib/python3.7/site-packages/airflow/example_dags/tutorial_taskflow_api_etl.py
[2022-02-16 17:06:55,507] {processor.py:654} INFO - DAG(s) dict_keys(['tutorial_taskflow_api_etl']) retrieved from /home/airflow/.local/lib/python3.7/site-packages/airflow/example_dags/tutorial_taskflow_api_etl.py
[2022-02-16 17:06:55,835] {logging_mixin.py:109} INFO - [2022-02-16 17:06:55,834] {dag.py:2396} INFO - Sync 1 DAGs
[2022-02-16 17:06:55,848] {logging_mixin.py:109} INFO - [2022-02-16 17:06:55,848] {dag.py:2935} INFO - Setting next_dagrun for tutorial_taskflow_api_etl to None
[2022-02-16 17:06:55,858] {processor.py:171} INFO - Processing /home/airflow/.local/lib/python3.7/site-packages/airflow/example_dags/tutorial_taskflow_api_etl.py took 0.392 seconds
[2022-02-16 17:07:26,565] {processor.py:163} INFO - Started process (PID=3441) to work on /home/airflow/.local/lib/python3.7/site-packages/airflow/example_dags/tutorial_taskflow_api_etl.py
[2022-02-16 17:07:26,566] {processor.py:642} INFO - Processing file /home/airflow/.local/lib/python3.7/site-packages/airflow/example_dags/tutorial_taskflow_api_etl.py for tasks to queue
[2022-02-16 17:07:26,567] {logging_mixin.py:109} INFO - [2022-02-16 17:07:26,567] {dagbag.py:500} INFO - Filling up the DagBag from /home/airflow/.local/lib/python3.7/site-packages/airflow/example_dags/tutorial_taskflow_api_etl.py
[2022-02-16 17:07:26,605] {processor.py:654} INFO - DAG(s) dict_keys(['tutorial_taskflow_api_etl']) retrieved from /home/airflow/.local/lib/python3.7/site-packages/airflow/example_dags/tutorial_taskflow_api_etl.py
[2022-02-16 17:07:26,963] {logging_mixin.py:109} INFO - [2022-02-16 17:07:26,963] {dag.py:2396} INFO - Sync 1 DAGs
[2022-02-16 17:07:26,978] {logging_mixin.py:109} INFO - [2022-02-16 17:07:26,978] {dag.py:2935} INFO - Setting next_dagrun for tutorial_taskflow_api_etl to None
[2022-02-16 17:07:26,989] {processor.py:171} INFO - Processing /home/airflow/.local/lib/python3.7/site-packages/airflow/example_dags/tutorial_taskflow_api_etl.py took 0.429 seconds
[2022-02-16 17:07:57,190] {processor.py:163} INFO - Started process (PID=3638) to work on /home/airflow/.local/lib/python3.7/site-packages/airflow/example_dags/tutorial_taskflow_api_etl.py
[2022-02-16 17:07:57,191] {processor.py:642} INFO - Processing file /home/airflow/.local/lib/python3.7/site-packages/airflow/example_dags/tutorial_taskflow_api_etl.py for tasks to queue
[2022-02-16 17:07:57,192] {logging_mixin.py:109} INFO - [2022-02-16 17:07:57,192] {dagbag.py:500} INFO - Filling up the DagBag from /home/airflow/.local/lib/python3.7/site-packages/airflow/example_dags/tutorial_taskflow_api_etl.py
[2022-02-16 17:07:57,259] {processor.py:654} INFO - DAG(s) dict_keys(['tutorial_taskflow_api_etl']) retrieved from /home/airflow/.local/lib/python3.7/site-packages/airflow/example_dags/tutorial_taskflow_api_etl.py
[2022-02-16 17:07:57,837] {logging_mixin.py:109} INFO - [2022-02-16 17:07:57,837] {dag.py:2396} INFO - Sync 1 DAGs
[2022-02-16 17:07:57,851] {logging_mixin.py:109} INFO - [2022-02-16 17:07:57,851] {dag.py:2935} INFO - Setting next_dagrun for tutorial_taskflow_api_etl to None
[2022-02-16 17:07:57,861] {processor.py:171} INFO - Processing /home/airflow/.local/lib/python3.7/site-packages/airflow/example_dags/tutorial_taskflow_api_etl.py took 0.680 seconds
[2022-02-16 17:08:28,738] {processor.py:163} INFO - Started process (PID=3822) to work on /home/airflow/.local/lib/python3.7/site-packages/airflow/example_dags/tutorial_taskflow_api_etl.py
[2022-02-16 17:08:28,739] {processor.py:642} INFO - Processing file /home/airflow/.local/lib/python3.7/site-packages/airflow/example_dags/tutorial_taskflow_api_etl.py for tasks to queue
[2022-02-16 17:08:28,740] {logging_mixin.py:109} INFO - [2022-02-16 17:08:28,739] {dagbag.py:500} INFO - Filling up the DagBag from /home/airflow/.local/lib/python3.7/site-packages/airflow/example_dags/tutorial_taskflow_api_etl.py
[2022-02-16 17:08:28,773] {processor.py:654} INFO - DAG(s) dict_keys(['tutorial_taskflow_api_etl']) retrieved from /home/airflow/.local/lib/python3.7/site-packages/airflow/example_dags/tutorial_taskflow_api_etl.py
[2022-02-16 17:08:29,092] {logging_mixin.py:109} INFO - [2022-02-16 17:08:29,092] {dag.py:2396} INFO - Sync 1 DAGs
[2022-02-16 17:08:29,107] {logging_mixin.py:109} INFO - [2022-02-16 17:08:29,106] {dag.py:2935} INFO - Setting next_dagrun for tutorial_taskflow_api_etl to None
[2022-02-16 17:08:29,120] {processor.py:171} INFO - Processing /home/airflow/.local/lib/python3.7/site-packages/airflow/example_dags/tutorial_taskflow_api_etl.py took 0.386 seconds
[2022-02-16 17:08:59,809] {processor.py:163} INFO - Started process (PID=4005) to work on /home/airflow/.local/lib/python3.7/site-packages/airflow/example_dags/tutorial_taskflow_api_etl.py
[2022-02-16 17:08:59,811] {processor.py:642} INFO - Processing file /home/airflow/.local/lib/python3.7/site-packages/airflow/example_dags/tutorial_taskflow_api_etl.py for tasks to queue
[2022-02-16 17:08:59,811] {logging_mixin.py:109} INFO - [2022-02-16 17:08:59,811] {dagbag.py:500} INFO - Filling up the DagBag from /home/airflow/.local/lib/python3.7/site-packages/airflow/example_dags/tutorial_taskflow_api_etl.py
[2022-02-16 17:08:59,849] {processor.py:654} INFO - DAG(s) dict_keys(['tutorial_taskflow_api_etl']) retrieved from /home/airflow/.local/lib/python3.7/site-packages/airflow/example_dags/tutorial_taskflow_api_etl.py
[2022-02-16 17:09:00,256] {logging_mixin.py:109} INFO - [2022-02-16 17:09:00,256] {dag.py:2396} INFO - Sync 1 DAGs
[2022-02-16 17:09:00,276] {logging_mixin.py:109} INFO - [2022-02-16 17:09:00,276] {dag.py:2935} INFO - Setting next_dagrun for tutorial_taskflow_api_etl to None
[2022-02-16 17:09:00,289] {processor.py:171} INFO - Processing /home/airflow/.local/lib/python3.7/site-packages/airflow/example_dags/tutorial_taskflow_api_etl.py took 0.485 seconds
[2022-02-16 17:09:30,648] {processor.py:163} INFO - Started process (PID=4188) to work on /home/airflow/.local/lib/python3.7/site-packages/airflow/example_dags/tutorial_taskflow_api_etl.py
[2022-02-16 17:09:30,649] {processor.py:642} INFO - Processing file /home/airflow/.local/lib/python3.7/site-packages/airflow/example_dags/tutorial_taskflow_api_etl.py for tasks to queue
[2022-02-16 17:09:30,650] {logging_mixin.py:109} INFO - [2022-02-16 17:09:30,650] {dagbag.py:500} INFO - Filling up the DagBag from /home/airflow/.local/lib/python3.7/site-packages/airflow/example_dags/tutorial_taskflow_api_etl.py
[2022-02-16 17:09:30,733] {processor.py:654} INFO - DAG(s) dict_keys(['tutorial_taskflow_api_etl']) retrieved from /home/airflow/.local/lib/python3.7/site-packages/airflow/example_dags/tutorial_taskflow_api_etl.py
[2022-02-16 17:09:31,678] {logging_mixin.py:109} INFO - [2022-02-16 17:09:31,678] {dag.py:2396} INFO - Sync 1 DAGs
[2022-02-16 17:09:31,694] {logging_mixin.py:109} INFO - [2022-02-16 17:09:31,694] {dag.py:2935} INFO - Setting next_dagrun for tutorial_taskflow_api_etl to None
[2022-02-16 17:09:31,707] {processor.py:171} INFO - Processing /home/airflow/.local/lib/python3.7/site-packages/airflow/example_dags/tutorial_taskflow_api_etl.py took 1.063 seconds
[2022-02-16 17:10:02,158] {processor.py:163} INFO - Started process (PID=4384) to work on /home/airflow/.local/lib/python3.7/site-packages/airflow/example_dags/tutorial_taskflow_api_etl.py
[2022-02-16 17:10:02,160] {processor.py:642} INFO - Processing file /home/airflow/.local/lib/python3.7/site-packages/airflow/example_dags/tutorial_taskflow_api_etl.py for tasks to queue
[2022-02-16 17:10:02,160] {logging_mixin.py:109} INFO - [2022-02-16 17:10:02,160] {dagbag.py:500} INFO - Filling up the DagBag from /home/airflow/.local/lib/python3.7/site-packages/airflow/example_dags/tutorial_taskflow_api_etl.py
[2022-02-16 17:10:02,197] {processor.py:654} INFO - DAG(s) dict_keys(['tutorial_taskflow_api_etl']) retrieved from /home/airflow/.local/lib/python3.7/site-packages/airflow/example_dags/tutorial_taskflow_api_etl.py
[2022-02-16 17:10:02,651] {logging_mixin.py:109} INFO - [2022-02-16 17:10:02,651] {dag.py:2396} INFO - Sync 1 DAGs
[2022-02-16 17:10:02,670] {logging_mixin.py:109} INFO - [2022-02-16 17:10:02,670] {dag.py:2935} INFO - Setting next_dagrun for tutorial_taskflow_api_etl to None
[2022-02-16 17:10:02,686] {processor.py:171} INFO - Processing /home/airflow/.local/lib/python3.7/site-packages/airflow/example_dags/tutorial_taskflow_api_etl.py took 0.532 seconds
[2022-02-16 17:10:32,811] {processor.py:163} INFO - Started process (PID=4567) to work on /home/airflow/.local/lib/python3.7/site-packages/airflow/example_dags/tutorial_taskflow_api_etl.py
[2022-02-16 17:10:32,812] {processor.py:642} INFO - Processing file /home/airflow/.local/lib/python3.7/site-packages/airflow/example_dags/tutorial_taskflow_api_etl.py for tasks to queue
[2022-02-16 17:10:32,813] {logging_mixin.py:109} INFO - [2022-02-16 17:10:32,813] {dagbag.py:500} INFO - Filling up the DagBag from /home/airflow/.local/lib/python3.7/site-packages/airflow/example_dags/tutorial_taskflow_api_etl.py
[2022-02-16 17:10:32,878] {processor.py:654} INFO - DAG(s) dict_keys(['tutorial_taskflow_api_etl']) retrieved from /home/airflow/.local/lib/python3.7/site-packages/airflow/example_dags/tutorial_taskflow_api_etl.py
[2022-02-16 17:10:33,210] {logging_mixin.py:109} INFO - [2022-02-16 17:10:33,209] {dag.py:2396} INFO - Sync 1 DAGs
[2022-02-16 17:10:33,229] {logging_mixin.py:109} INFO - [2022-02-16 17:10:33,229] {dag.py:2935} INFO - Setting next_dagrun for tutorial_taskflow_api_etl to None
[2022-02-16 17:10:33,239] {processor.py:171} INFO - Processing /home/airflow/.local/lib/python3.7/site-packages/airflow/example_dags/tutorial_taskflow_api_etl.py took 0.432 seconds
[2022-02-16 17:11:04,348] {processor.py:163} INFO - Started process (PID=4752) to work on /home/airflow/.local/lib/python3.7/site-packages/airflow/example_dags/tutorial_taskflow_api_etl.py
[2022-02-16 17:11:04,367] {processor.py:642} INFO - Processing file /home/airflow/.local/lib/python3.7/site-packages/airflow/example_dags/tutorial_taskflow_api_etl.py for tasks to queue
[2022-02-16 17:11:04,376] {logging_mixin.py:109} INFO - [2022-02-16 17:11:04,369] {dagbag.py:500} INFO - Filling up the DagBag from /home/airflow/.local/lib/python3.7/site-packages/airflow/example_dags/tutorial_taskflow_api_etl.py
[2022-02-16 17:11:04,481] {processor.py:654} INFO - DAG(s) dict_keys(['tutorial_taskflow_api_etl']) retrieved from /home/airflow/.local/lib/python3.7/site-packages/airflow/example_dags/tutorial_taskflow_api_etl.py
[2022-02-16 17:11:05,376] {logging_mixin.py:109} INFO - [2022-02-16 17:11:05,376] {dag.py:2396} INFO - Sync 1 DAGs
[2022-02-16 17:11:05,514] {logging_mixin.py:109} INFO - [2022-02-16 17:11:05,514] {dag.py:2935} INFO - Setting next_dagrun for tutorial_taskflow_api_etl to None
[2022-02-16 17:11:05,598] {processor.py:171} INFO - Processing /home/airflow/.local/lib/python3.7/site-packages/airflow/example_dags/tutorial_taskflow_api_etl.py took 1.266 seconds
[2022-02-16 17:11:36,397] {processor.py:163} INFO - Started process (PID=4942) to work on /home/airflow/.local/lib/python3.7/site-packages/airflow/example_dags/tutorial_taskflow_api_etl.py
[2022-02-16 17:11:36,401] {processor.py:642} INFO - Processing file /home/airflow/.local/lib/python3.7/site-packages/airflow/example_dags/tutorial_taskflow_api_etl.py for tasks to queue
[2022-02-16 17:11:36,411] {logging_mixin.py:109} INFO - [2022-02-16 17:11:36,411] {dagbag.py:500} INFO - Filling up the DagBag from /home/airflow/.local/lib/python3.7/site-packages/airflow/example_dags/tutorial_taskflow_api_etl.py
[2022-02-16 17:11:36,490] {processor.py:654} INFO - DAG(s) dict_keys(['tutorial_taskflow_api_etl']) retrieved from /home/airflow/.local/lib/python3.7/site-packages/airflow/example_dags/tutorial_taskflow_api_etl.py
[2022-02-16 17:11:37,142] {logging_mixin.py:109} INFO - [2022-02-16 17:11:37,142] {dag.py:2396} INFO - Sync 1 DAGs
[2022-02-16 17:11:37,160] {logging_mixin.py:109} INFO - [2022-02-16 17:11:37,160] {dag.py:2935} INFO - Setting next_dagrun for tutorial_taskflow_api_etl to None
[2022-02-16 17:11:37,176] {processor.py:171} INFO - Processing /home/airflow/.local/lib/python3.7/site-packages/airflow/example_dags/tutorial_taskflow_api_etl.py took 0.784 seconds
[2022-02-16 17:12:07,258] {processor.py:163} INFO - Started process (PID=5135) to work on /home/airflow/.local/lib/python3.7/site-packages/airflow/example_dags/tutorial_taskflow_api_etl.py
[2022-02-16 17:12:07,260] {processor.py:642} INFO - Processing file /home/airflow/.local/lib/python3.7/site-packages/airflow/example_dags/tutorial_taskflow_api_etl.py for tasks to queue
[2022-02-16 17:12:07,270] {logging_mixin.py:109} INFO - [2022-02-16 17:12:07,270] {dagbag.py:500} INFO - Filling up the DagBag from /home/airflow/.local/lib/python3.7/site-packages/airflow/example_dags/tutorial_taskflow_api_etl.py
[2022-02-16 17:12:07,395] {processor.py:654} INFO - DAG(s) dict_keys(['tutorial_taskflow_api_etl']) retrieved from /home/airflow/.local/lib/python3.7/site-packages/airflow/example_dags/tutorial_taskflow_api_etl.py
[2022-02-16 17:12:07,751] {logging_mixin.py:109} INFO - [2022-02-16 17:12:07,750] {dag.py:2396} INFO - Sync 1 DAGs
[2022-02-16 17:12:07,772] {logging_mixin.py:109} INFO - [2022-02-16 17:12:07,771] {dag.py:2935} INFO - Setting next_dagrun for tutorial_taskflow_api_etl to None
[2022-02-16 17:12:07,790] {processor.py:171} INFO - Processing /home/airflow/.local/lib/python3.7/site-packages/airflow/example_dags/tutorial_taskflow_api_etl.py took 0.537 seconds
[2022-02-16 17:12:38,177] {processor.py:163} INFO - Started process (PID=5332) to work on /home/airflow/.local/lib/python3.7/site-packages/airflow/example_dags/tutorial_taskflow_api_etl.py
[2022-02-16 17:12:38,179] {processor.py:642} INFO - Processing file /home/airflow/.local/lib/python3.7/site-packages/airflow/example_dags/tutorial_taskflow_api_etl.py for tasks to queue
[2022-02-16 17:12:38,180] {logging_mixin.py:109} INFO - [2022-02-16 17:12:38,180] {dagbag.py:500} INFO - Filling up the DagBag from /home/airflow/.local/lib/python3.7/site-packages/airflow/example_dags/tutorial_taskflow_api_etl.py
[2022-02-16 17:12:38,223] {processor.py:654} INFO - DAG(s) dict_keys(['tutorial_taskflow_api_etl']) retrieved from /home/airflow/.local/lib/python3.7/site-packages/airflow/example_dags/tutorial_taskflow_api_etl.py
[2022-02-16 17:12:38,595] {logging_mixin.py:109} INFO - [2022-02-16 17:12:38,595] {dag.py:2396} INFO - Sync 1 DAGs
[2022-02-16 17:12:38,615] {logging_mixin.py:109} INFO - [2022-02-16 17:12:38,615] {dag.py:2935} INFO - Setting next_dagrun for tutorial_taskflow_api_etl to None
[2022-02-16 17:12:38,632] {processor.py:171} INFO - Processing /home/airflow/.local/lib/python3.7/site-packages/airflow/example_dags/tutorial_taskflow_api_etl.py took 0.461 seconds
[2022-02-16 17:13:11,693] {processor.py:163} INFO - Started process (PID=5562) to work on /home/airflow/.local/lib/python3.7/site-packages/airflow/example_dags/tutorial_taskflow_api_etl.py
[2022-02-16 17:13:11,697] {processor.py:642} INFO - Processing file /home/airflow/.local/lib/python3.7/site-packages/airflow/example_dags/tutorial_taskflow_api_etl.py for tasks to queue
[2022-02-16 17:13:11,704] {logging_mixin.py:109} INFO - [2022-02-16 17:13:11,704] {dagbag.py:500} INFO - Filling up the DagBag from /home/airflow/.local/lib/python3.7/site-packages/airflow/example_dags/tutorial_taskflow_api_etl.py
[2022-02-16 17:13:11,759] {processor.py:654} INFO - DAG(s) dict_keys(['tutorial_taskflow_api_etl']) retrieved from /home/airflow/.local/lib/python3.7/site-packages/airflow/example_dags/tutorial_taskflow_api_etl.py
[2022-02-16 17:13:12,305] {logging_mixin.py:109} INFO - [2022-02-16 17:13:12,305] {dag.py:2396} INFO - Sync 1 DAGs
[2022-02-16 17:13:12,319] {logging_mixin.py:109} INFO - [2022-02-16 17:13:12,319] {dag.py:2935} INFO - Setting next_dagrun for tutorial_taskflow_api_etl to None
[2022-02-16 17:13:12,333] {processor.py:171} INFO - Processing /home/airflow/.local/lib/python3.7/site-packages/airflow/example_dags/tutorial_taskflow_api_etl.py took 0.650 seconds
[2022-02-16 17:13:42,720] {processor.py:163} INFO - Started process (PID=5757) to work on /home/airflow/.local/lib/python3.7/site-packages/airflow/example_dags/tutorial_taskflow_api_etl.py
[2022-02-16 17:13:42,722] {processor.py:642} INFO - Processing file /home/airflow/.local/lib/python3.7/site-packages/airflow/example_dags/tutorial_taskflow_api_etl.py for tasks to queue
[2022-02-16 17:13:42,723] {logging_mixin.py:109} INFO - [2022-02-16 17:13:42,722] {dagbag.py:500} INFO - Filling up the DagBag from /home/airflow/.local/lib/python3.7/site-packages/airflow/example_dags/tutorial_taskflow_api_etl.py
[2022-02-16 17:13:42,760] {processor.py:654} INFO - DAG(s) dict_keys(['tutorial_taskflow_api_etl']) retrieved from /home/airflow/.local/lib/python3.7/site-packages/airflow/example_dags/tutorial_taskflow_api_etl.py
[2022-02-16 17:13:43,078] {logging_mixin.py:109} INFO - [2022-02-16 17:13:43,078] {dag.py:2396} INFO - Sync 1 DAGs
[2022-02-16 17:13:43,093] {logging_mixin.py:109} INFO - [2022-02-16 17:13:43,092] {dag.py:2935} INFO - Setting next_dagrun for tutorial_taskflow_api_etl to None
[2022-02-16 17:13:43,102] {processor.py:171} INFO - Processing /home/airflow/.local/lib/python3.7/site-packages/airflow/example_dags/tutorial_taskflow_api_etl.py took 0.386 seconds
[2022-02-16 17:14:14,192] {processor.py:163} INFO - Started process (PID=5973) to work on /home/airflow/.local/lib/python3.7/site-packages/airflow/example_dags/tutorial_taskflow_api_etl.py
[2022-02-16 17:14:14,193] {processor.py:642} INFO - Processing file /home/airflow/.local/lib/python3.7/site-packages/airflow/example_dags/tutorial_taskflow_api_etl.py for tasks to queue
[2022-02-16 17:14:14,195] {logging_mixin.py:109} INFO - [2022-02-16 17:14:14,194] {dagbag.py:500} INFO - Filling up the DagBag from /home/airflow/.local/lib/python3.7/site-packages/airflow/example_dags/tutorial_taskflow_api_etl.py
[2022-02-16 17:14:14,236] {processor.py:654} INFO - DAG(s) dict_keys(['tutorial_taskflow_api_etl']) retrieved from /home/airflow/.local/lib/python3.7/site-packages/airflow/example_dags/tutorial_taskflow_api_etl.py
[2022-02-16 17:14:14,552] {logging_mixin.py:109} INFO - [2022-02-16 17:14:14,552] {dag.py:2396} INFO - Sync 1 DAGs
[2022-02-16 17:14:14,567] {logging_mixin.py:109} INFO - [2022-02-16 17:14:14,567] {dag.py:2935} INFO - Setting next_dagrun for tutorial_taskflow_api_etl to None
[2022-02-16 17:14:14,577] {processor.py:171} INFO - Processing /home/airflow/.local/lib/python3.7/site-packages/airflow/example_dags/tutorial_taskflow_api_etl.py took 0.389 seconds
[2022-02-16 17:14:45,557] {processor.py:163} INFO - Started process (PID=6176) to work on /home/airflow/.local/lib/python3.7/site-packages/airflow/example_dags/tutorial_taskflow_api_etl.py
[2022-02-16 17:14:45,561] {processor.py:642} INFO - Processing file /home/airflow/.local/lib/python3.7/site-packages/airflow/example_dags/tutorial_taskflow_api_etl.py for tasks to queue
[2022-02-16 17:14:45,561] {logging_mixin.py:109} INFO - [2022-02-16 17:14:45,561] {dagbag.py:500} INFO - Filling up the DagBag from /home/airflow/.local/lib/python3.7/site-packages/airflow/example_dags/tutorial_taskflow_api_etl.py
[2022-02-16 17:14:45,614] {processor.py:654} INFO - DAG(s) dict_keys(['tutorial_taskflow_api_etl']) retrieved from /home/airflow/.local/lib/python3.7/site-packages/airflow/example_dags/tutorial_taskflow_api_etl.py
[2022-02-16 17:14:46,019] {logging_mixin.py:109} INFO - [2022-02-16 17:14:46,019] {dag.py:2396} INFO - Sync 1 DAGs
[2022-02-16 17:14:46,070] {logging_mixin.py:109} INFO - [2022-02-16 17:14:46,070] {dag.py:2935} INFO - Setting next_dagrun for tutorial_taskflow_api_etl to None
[2022-02-16 17:14:46,099] {processor.py:171} INFO - Processing /home/airflow/.local/lib/python3.7/site-packages/airflow/example_dags/tutorial_taskflow_api_etl.py took 0.547 seconds
[2022-02-16 17:15:16,257] {processor.py:163} INFO - Started process (PID=6376) to work on /home/airflow/.local/lib/python3.7/site-packages/airflow/example_dags/tutorial_taskflow_api_etl.py
[2022-02-16 17:15:16,264] {processor.py:642} INFO - Processing file /home/airflow/.local/lib/python3.7/site-packages/airflow/example_dags/tutorial_taskflow_api_etl.py for tasks to queue
[2022-02-16 17:15:16,265] {logging_mixin.py:109} INFO - [2022-02-16 17:15:16,265] {dagbag.py:500} INFO - Filling up the DagBag from /home/airflow/.local/lib/python3.7/site-packages/airflow/example_dags/tutorial_taskflow_api_etl.py
[2022-02-16 17:15:16,392] {processor.py:654} INFO - DAG(s) dict_keys(['tutorial_taskflow_api_etl']) retrieved from /home/airflow/.local/lib/python3.7/site-packages/airflow/example_dags/tutorial_taskflow_api_etl.py
[2022-02-16 17:15:16,762] {logging_mixin.py:109} INFO - [2022-02-16 17:15:16,762] {dag.py:2396} INFO - Sync 1 DAGs
[2022-02-16 17:15:16,777] {logging_mixin.py:109} INFO - [2022-02-16 17:15:16,777] {dag.py:2935} INFO - Setting next_dagrun for tutorial_taskflow_api_etl to None
[2022-02-16 17:15:16,788] {processor.py:171} INFO - Processing /home/airflow/.local/lib/python3.7/site-packages/airflow/example_dags/tutorial_taskflow_api_etl.py took 0.535 seconds
[2022-02-16 17:15:47,471] {processor.py:163} INFO - Started process (PID=6573) to work on /home/airflow/.local/lib/python3.7/site-packages/airflow/example_dags/tutorial_taskflow_api_etl.py
[2022-02-16 17:15:47,473] {processor.py:642} INFO - Processing file /home/airflow/.local/lib/python3.7/site-packages/airflow/example_dags/tutorial_taskflow_api_etl.py for tasks to queue
[2022-02-16 17:15:47,477] {logging_mixin.py:109} INFO - [2022-02-16 17:15:47,477] {dagbag.py:500} INFO - Filling up the DagBag from /home/airflow/.local/lib/python3.7/site-packages/airflow/example_dags/tutorial_taskflow_api_etl.py
[2022-02-16 17:15:47,575] {processor.py:654} INFO - DAG(s) dict_keys(['tutorial_taskflow_api_etl']) retrieved from /home/airflow/.local/lib/python3.7/site-packages/airflow/example_dags/tutorial_taskflow_api_etl.py
[2022-02-16 17:15:48,239] {logging_mixin.py:109} INFO - [2022-02-16 17:15:48,239] {dag.py:2396} INFO - Sync 1 DAGs
[2022-02-16 17:15:48,258] {logging_mixin.py:109} INFO - [2022-02-16 17:15:48,257] {dag.py:2935} INFO - Setting next_dagrun for tutorial_taskflow_api_etl to None
[2022-02-16 17:15:48,267] {processor.py:171} INFO - Processing /home/airflow/.local/lib/python3.7/site-packages/airflow/example_dags/tutorial_taskflow_api_etl.py took 0.807 seconds
[2022-02-16 17:16:19,401] {processor.py:163} INFO - Started process (PID=6782) to work on /home/airflow/.local/lib/python3.7/site-packages/airflow/example_dags/tutorial_taskflow_api_etl.py
[2022-02-16 17:16:19,403] {processor.py:642} INFO - Processing file /home/airflow/.local/lib/python3.7/site-packages/airflow/example_dags/tutorial_taskflow_api_etl.py for tasks to queue
[2022-02-16 17:16:19,404] {logging_mixin.py:109} INFO - [2022-02-16 17:16:19,404] {dagbag.py:500} INFO - Filling up the DagBag from /home/airflow/.local/lib/python3.7/site-packages/airflow/example_dags/tutorial_taskflow_api_etl.py
[2022-02-16 17:16:19,438] {processor.py:654} INFO - DAG(s) dict_keys(['tutorial_taskflow_api_etl']) retrieved from /home/airflow/.local/lib/python3.7/site-packages/airflow/example_dags/tutorial_taskflow_api_etl.py
[2022-02-16 17:16:19,967] {logging_mixin.py:109} INFO - [2022-02-16 17:16:19,967] {dag.py:2396} INFO - Sync 1 DAGs
[2022-02-16 17:16:19,981] {logging_mixin.py:109} INFO - [2022-02-16 17:16:19,981] {dag.py:2935} INFO - Setting next_dagrun for tutorial_taskflow_api_etl to None
[2022-02-16 17:16:20,000] {processor.py:171} INFO - Processing /home/airflow/.local/lib/python3.7/site-packages/airflow/example_dags/tutorial_taskflow_api_etl.py took 0.602 seconds
[2022-02-16 17:16:51,460] {processor.py:163} INFO - Started process (PID=6981) to work on /home/airflow/.local/lib/python3.7/site-packages/airflow/example_dags/tutorial_taskflow_api_etl.py
[2022-02-16 17:16:51,461] {processor.py:642} INFO - Processing file /home/airflow/.local/lib/python3.7/site-packages/airflow/example_dags/tutorial_taskflow_api_etl.py for tasks to queue
[2022-02-16 17:16:51,462] {logging_mixin.py:109} INFO - [2022-02-16 17:16:51,462] {dagbag.py:500} INFO - Filling up the DagBag from /home/airflow/.local/lib/python3.7/site-packages/airflow/example_dags/tutorial_taskflow_api_etl.py
[2022-02-16 17:16:51,547] {processor.py:654} INFO - DAG(s) dict_keys(['tutorial_taskflow_api_etl']) retrieved from /home/airflow/.local/lib/python3.7/site-packages/airflow/example_dags/tutorial_taskflow_api_etl.py
[2022-02-16 17:16:51,903] {logging_mixin.py:109} INFO - [2022-02-16 17:16:51,903] {dag.py:2396} INFO - Sync 1 DAGs
[2022-02-16 17:16:51,921] {logging_mixin.py:109} INFO - [2022-02-16 17:16:51,921] {dag.py:2935} INFO - Setting next_dagrun for tutorial_taskflow_api_etl to None
[2022-02-16 17:16:51,934] {processor.py:171} INFO - Processing /home/airflow/.local/lib/python3.7/site-packages/airflow/example_dags/tutorial_taskflow_api_etl.py took 0.478 seconds
[2022-02-16 17:17:22,550] {processor.py:163} INFO - Started process (PID=7173) to work on /home/airflow/.local/lib/python3.7/site-packages/airflow/example_dags/tutorial_taskflow_api_etl.py
[2022-02-16 17:17:22,552] {processor.py:642} INFO - Processing file /home/airflow/.local/lib/python3.7/site-packages/airflow/example_dags/tutorial_taskflow_api_etl.py for tasks to queue
[2022-02-16 17:17:22,554] {logging_mixin.py:109} INFO - [2022-02-16 17:17:22,553] {dagbag.py:500} INFO - Filling up the DagBag from /home/airflow/.local/lib/python3.7/site-packages/airflow/example_dags/tutorial_taskflow_api_etl.py
[2022-02-16 17:17:22,599] {processor.py:654} INFO - DAG(s) dict_keys(['tutorial_taskflow_api_etl']) retrieved from /home/airflow/.local/lib/python3.7/site-packages/airflow/example_dags/tutorial_taskflow_api_etl.py
[2022-02-16 17:17:22,943] {logging_mixin.py:109} INFO - [2022-02-16 17:17:22,943] {dag.py:2396} INFO - Sync 1 DAGs
[2022-02-16 17:17:22,958] {logging_mixin.py:109} INFO - [2022-02-16 17:17:22,958] {dag.py:2935} INFO - Setting next_dagrun for tutorial_taskflow_api_etl to None
[2022-02-16 17:17:22,968] {processor.py:171} INFO - Processing /home/airflow/.local/lib/python3.7/site-packages/airflow/example_dags/tutorial_taskflow_api_etl.py took 0.423 seconds
[2022-02-16 17:17:53,927] {processor.py:163} INFO - Started process (PID=7370) to work on /home/airflow/.local/lib/python3.7/site-packages/airflow/example_dags/tutorial_taskflow_api_etl.py
[2022-02-16 17:17:53,931] {processor.py:642} INFO - Processing file /home/airflow/.local/lib/python3.7/site-packages/airflow/example_dags/tutorial_taskflow_api_etl.py for tasks to queue
[2022-02-16 17:17:53,933] {logging_mixin.py:109} INFO - [2022-02-16 17:17:53,933] {dagbag.py:500} INFO - Filling up the DagBag from /home/airflow/.local/lib/python3.7/site-packages/airflow/example_dags/tutorial_taskflow_api_etl.py
[2022-02-16 17:17:54,043] {processor.py:654} INFO - DAG(s) dict_keys(['tutorial_taskflow_api_etl']) retrieved from /home/airflow/.local/lib/python3.7/site-packages/airflow/example_dags/tutorial_taskflow_api_etl.py
[2022-02-16 17:17:54,775] {logging_mixin.py:109} INFO - [2022-02-16 17:17:54,775] {dag.py:2396} INFO - Sync 1 DAGs
[2022-02-16 17:17:54,806] {logging_mixin.py:109} INFO - [2022-02-16 17:17:54,806] {dag.py:2935} INFO - Setting next_dagrun for tutorial_taskflow_api_etl to None
[2022-02-16 17:17:54,840] {processor.py:171} INFO - Processing /home/airflow/.local/lib/python3.7/site-packages/airflow/example_dags/tutorial_taskflow_api_etl.py took 0.934 seconds
[2022-02-16 17:18:25,146] {processor.py:163} INFO - Started process (PID=7574) to work on /home/airflow/.local/lib/python3.7/site-packages/airflow/example_dags/tutorial_taskflow_api_etl.py
[2022-02-16 17:18:25,148] {processor.py:642} INFO - Processing file /home/airflow/.local/lib/python3.7/site-packages/airflow/example_dags/tutorial_taskflow_api_etl.py for tasks to queue
[2022-02-16 17:18:25,148] {logging_mixin.py:109} INFO - [2022-02-16 17:18:25,148] {dagbag.py:500} INFO - Filling up the DagBag from /home/airflow/.local/lib/python3.7/site-packages/airflow/example_dags/tutorial_taskflow_api_etl.py
[2022-02-16 17:18:25,184] {processor.py:654} INFO - DAG(s) dict_keys(['tutorial_taskflow_api_etl']) retrieved from /home/airflow/.local/lib/python3.7/site-packages/airflow/example_dags/tutorial_taskflow_api_etl.py
[2022-02-16 17:18:25,528] {logging_mixin.py:109} INFO - [2022-02-16 17:18:25,528] {dag.py:2396} INFO - Sync 1 DAGs
[2022-02-16 17:18:25,544] {logging_mixin.py:109} INFO - [2022-02-16 17:18:25,544] {dag.py:2935} INFO - Setting next_dagrun for tutorial_taskflow_api_etl to None
[2022-02-16 17:18:25,555] {processor.py:171} INFO - Processing /home/airflow/.local/lib/python3.7/site-packages/airflow/example_dags/tutorial_taskflow_api_etl.py took 0.414 seconds
[2022-02-16 17:18:55,964] {processor.py:163} INFO - Started process (PID=7767) to work on /home/airflow/.local/lib/python3.7/site-packages/airflow/example_dags/tutorial_taskflow_api_etl.py
[2022-02-16 17:18:55,968] {processor.py:642} INFO - Processing file /home/airflow/.local/lib/python3.7/site-packages/airflow/example_dags/tutorial_taskflow_api_etl.py for tasks to queue
[2022-02-16 17:18:55,970] {logging_mixin.py:109} INFO - [2022-02-16 17:18:55,970] {dagbag.py:500} INFO - Filling up the DagBag from /home/airflow/.local/lib/python3.7/site-packages/airflow/example_dags/tutorial_taskflow_api_etl.py
[2022-02-16 17:18:56,031] {processor.py:654} INFO - DAG(s) dict_keys(['tutorial_taskflow_api_etl']) retrieved from /home/airflow/.local/lib/python3.7/site-packages/airflow/example_dags/tutorial_taskflow_api_etl.py
[2022-02-16 17:18:56,353] {logging_mixin.py:109} INFO - [2022-02-16 17:18:56,353] {dag.py:2396} INFO - Sync 1 DAGs
[2022-02-16 17:18:56,370] {logging_mixin.py:109} INFO - [2022-02-16 17:18:56,370] {dag.py:2935} INFO - Setting next_dagrun for tutorial_taskflow_api_etl to None
[2022-02-16 17:18:56,384] {processor.py:171} INFO - Processing /home/airflow/.local/lib/python3.7/site-packages/airflow/example_dags/tutorial_taskflow_api_etl.py took 0.447 seconds
[2022-02-16 17:19:27,705] {processor.py:163} INFO - Started process (PID=7977) to work on /home/airflow/.local/lib/python3.7/site-packages/airflow/example_dags/tutorial_taskflow_api_etl.py
[2022-02-16 17:19:27,706] {processor.py:642} INFO - Processing file /home/airflow/.local/lib/python3.7/site-packages/airflow/example_dags/tutorial_taskflow_api_etl.py for tasks to queue
[2022-02-16 17:19:27,707] {logging_mixin.py:109} INFO - [2022-02-16 17:19:27,707] {dagbag.py:500} INFO - Filling up the DagBag from /home/airflow/.local/lib/python3.7/site-packages/airflow/example_dags/tutorial_taskflow_api_etl.py
[2022-02-16 17:19:27,759] {processor.py:654} INFO - DAG(s) dict_keys(['tutorial_taskflow_api_etl']) retrieved from /home/airflow/.local/lib/python3.7/site-packages/airflow/example_dags/tutorial_taskflow_api_etl.py
[2022-02-16 17:19:28,094] {logging_mixin.py:109} INFO - [2022-02-16 17:19:28,094] {dag.py:2396} INFO - Sync 1 DAGs
[2022-02-16 17:19:28,108] {logging_mixin.py:109} INFO - [2022-02-16 17:19:28,108] {dag.py:2935} INFO - Setting next_dagrun for tutorial_taskflow_api_etl to None
[2022-02-16 17:19:28,118] {processor.py:171} INFO - Processing /home/airflow/.local/lib/python3.7/site-packages/airflow/example_dags/tutorial_taskflow_api_etl.py took 0.418 seconds
[2022-02-16 17:19:58,665] {processor.py:163} INFO - Started process (PID=8183) to work on /home/airflow/.local/lib/python3.7/site-packages/airflow/example_dags/tutorial_taskflow_api_etl.py
[2022-02-16 17:19:58,667] {processor.py:642} INFO - Processing file /home/airflow/.local/lib/python3.7/site-packages/airflow/example_dags/tutorial_taskflow_api_etl.py for tasks to queue
[2022-02-16 17:19:58,667] {logging_mixin.py:109} INFO - [2022-02-16 17:19:58,667] {dagbag.py:500} INFO - Filling up the DagBag from /home/airflow/.local/lib/python3.7/site-packages/airflow/example_dags/tutorial_taskflow_api_etl.py
[2022-02-16 17:19:58,704] {processor.py:654} INFO - DAG(s) dict_keys(['tutorial_taskflow_api_etl']) retrieved from /home/airflow/.local/lib/python3.7/site-packages/airflow/example_dags/tutorial_taskflow_api_etl.py
[2022-02-16 17:19:58,998] {logging_mixin.py:109} INFO - [2022-02-16 17:19:58,997] {dag.py:2396} INFO - Sync 1 DAGs
[2022-02-16 17:19:59,011] {logging_mixin.py:109} INFO - [2022-02-16 17:19:59,011] {dag.py:2935} INFO - Setting next_dagrun for tutorial_taskflow_api_etl to None
[2022-02-16 17:19:59,022] {processor.py:171} INFO - Processing /home/airflow/.local/lib/python3.7/site-packages/airflow/example_dags/tutorial_taskflow_api_etl.py took 0.361 seconds
[2022-02-16 17:20:29,556] {processor.py:163} INFO - Started process (PID=8380) to work on /home/airflow/.local/lib/python3.7/site-packages/airflow/example_dags/tutorial_taskflow_api_etl.py
[2022-02-16 17:20:29,558] {processor.py:642} INFO - Processing file /home/airflow/.local/lib/python3.7/site-packages/airflow/example_dags/tutorial_taskflow_api_etl.py for tasks to queue
[2022-02-16 17:20:29,559] {logging_mixin.py:109} INFO - [2022-02-16 17:20:29,558] {dagbag.py:500} INFO - Filling up the DagBag from /home/airflow/.local/lib/python3.7/site-packages/airflow/example_dags/tutorial_taskflow_api_etl.py
[2022-02-16 17:20:29,595] {processor.py:654} INFO - DAG(s) dict_keys(['tutorial_taskflow_api_etl']) retrieved from /home/airflow/.local/lib/python3.7/site-packages/airflow/example_dags/tutorial_taskflow_api_etl.py
[2022-02-16 17:20:29,904] {logging_mixin.py:109} INFO - [2022-02-16 17:20:29,903] {dag.py:2396} INFO - Sync 1 DAGs
[2022-02-16 17:20:29,917] {logging_mixin.py:109} INFO - [2022-02-16 17:20:29,916] {dag.py:2935} INFO - Setting next_dagrun for tutorial_taskflow_api_etl to None
[2022-02-16 17:20:29,927] {processor.py:171} INFO - Processing /home/airflow/.local/lib/python3.7/site-packages/airflow/example_dags/tutorial_taskflow_api_etl.py took 0.375 seconds
[2022-02-16 17:21:01,215] {processor.py:163} INFO - Started process (PID=8592) to work on /home/airflow/.local/lib/python3.7/site-packages/airflow/example_dags/tutorial_taskflow_api_etl.py
[2022-02-16 17:21:01,216] {processor.py:642} INFO - Processing file /home/airflow/.local/lib/python3.7/site-packages/airflow/example_dags/tutorial_taskflow_api_etl.py for tasks to queue
[2022-02-16 17:21:01,217] {logging_mixin.py:109} INFO - [2022-02-16 17:21:01,217] {dagbag.py:500} INFO - Filling up the DagBag from /home/airflow/.local/lib/python3.7/site-packages/airflow/example_dags/tutorial_taskflow_api_etl.py
[2022-02-16 17:21:01,257] {processor.py:654} INFO - DAG(s) dict_keys(['tutorial_taskflow_api_etl']) retrieved from /home/airflow/.local/lib/python3.7/site-packages/airflow/example_dags/tutorial_taskflow_api_etl.py
[2022-02-16 17:21:01,564] {logging_mixin.py:109} INFO - [2022-02-16 17:21:01,564] {dag.py:2396} INFO - Sync 1 DAGs
[2022-02-16 17:21:01,578] {logging_mixin.py:109} INFO - [2022-02-16 17:21:01,578] {dag.py:2935} INFO - Setting next_dagrun for tutorial_taskflow_api_etl to None
[2022-02-16 17:21:01,589] {processor.py:171} INFO - Processing /home/airflow/.local/lib/python3.7/site-packages/airflow/example_dags/tutorial_taskflow_api_etl.py took 0.388 seconds
