[2022-02-16 16:58:40,743] {processor.py:163} INFO - Started process (PID=257) to work on /home/airflow/.local/lib/python3.7/site-packages/airflow/example_dags/tutorial_etl_dag.py
[2022-02-16 16:58:40,745] {processor.py:642} INFO - Processing file /home/airflow/.local/lib/python3.7/site-packages/airflow/example_dags/tutorial_etl_dag.py for tasks to queue
[2022-02-16 16:58:40,746] {logging_mixin.py:109} INFO - [2022-02-16 16:58:40,746] {dagbag.py:500} INFO - Filling up the DagBag from /home/airflow/.local/lib/python3.7/site-packages/airflow/example_dags/tutorial_etl_dag.py
[2022-02-16 16:58:40,781] {processor.py:654} INFO - DAG(s) dict_keys(['tutorial_etl_dag']) retrieved from /home/airflow/.local/lib/python3.7/site-packages/airflow/example_dags/tutorial_etl_dag.py
[2022-02-16 16:58:44,090] {logging_mixin.py:109} INFO - [2022-02-16 16:58:44,089] {manager.py:496} INFO - Created Permission View: can read on DAG:tutorial_etl_dag
[2022-02-16 16:58:44,103] {logging_mixin.py:109} INFO - [2022-02-16 16:58:44,103] {manager.py:496} INFO - Created Permission View: can edit on DAG:tutorial_etl_dag
[2022-02-16 16:58:44,104] {logging_mixin.py:109} INFO - [2022-02-16 16:58:44,104] {dag.py:2396} INFO - Sync 1 DAGs
[2022-02-16 16:58:44,112] {logging_mixin.py:109} INFO - [2022-02-16 16:58:44,112] {dag.py:2415} INFO - Creating ORM DAG for tutorial_etl_dag
[2022-02-16 16:58:44,121] {logging_mixin.py:109} INFO - [2022-02-16 16:58:44,121] {dag.py:2935} INFO - Setting next_dagrun for tutorial_etl_dag to None
[2022-02-16 16:58:44,154] {processor.py:171} INFO - Processing /home/airflow/.local/lib/python3.7/site-packages/airflow/example_dags/tutorial_etl_dag.py took 3.415 seconds
[2022-02-16 16:59:14,761] {processor.py:163} INFO - Started process (PID=481) to work on /home/airflow/.local/lib/python3.7/site-packages/airflow/example_dags/tutorial_etl_dag.py
[2022-02-16 16:59:14,762] {processor.py:642} INFO - Processing file /home/airflow/.local/lib/python3.7/site-packages/airflow/example_dags/tutorial_etl_dag.py for tasks to queue
[2022-02-16 16:59:14,763] {logging_mixin.py:109} INFO - [2022-02-16 16:59:14,763] {dagbag.py:500} INFO - Filling up the DagBag from /home/airflow/.local/lib/python3.7/site-packages/airflow/example_dags/tutorial_etl_dag.py
[2022-02-16 16:59:14,897] {processor.py:654} INFO - DAG(s) dict_keys(['tutorial_etl_dag']) retrieved from /home/airflow/.local/lib/python3.7/site-packages/airflow/example_dags/tutorial_etl_dag.py
[2022-02-16 16:59:14,924] {logging_mixin.py:109} INFO - [2022-02-16 16:59:14,924] {dag.py:2396} INFO - Sync 1 DAGs
[2022-02-16 16:59:14,952] {logging_mixin.py:109} INFO - [2022-02-16 16:59:14,952] {dag.py:2935} INFO - Setting next_dagrun for tutorial_etl_dag to None
[2022-02-16 16:59:14,963] {processor.py:171} INFO - Processing /home/airflow/.local/lib/python3.7/site-packages/airflow/example_dags/tutorial_etl_dag.py took 0.207 seconds
[2022-02-16 16:59:45,889] {processor.py:163} INFO - Started process (PID=663) to work on /home/airflow/.local/lib/python3.7/site-packages/airflow/example_dags/tutorial_etl_dag.py
[2022-02-16 16:59:45,890] {processor.py:642} INFO - Processing file /home/airflow/.local/lib/python3.7/site-packages/airflow/example_dags/tutorial_etl_dag.py for tasks to queue
[2022-02-16 16:59:45,891] {logging_mixin.py:109} INFO - [2022-02-16 16:59:45,891] {dagbag.py:500} INFO - Filling up the DagBag from /home/airflow/.local/lib/python3.7/site-packages/airflow/example_dags/tutorial_etl_dag.py
[2022-02-16 16:59:45,922] {processor.py:654} INFO - DAG(s) dict_keys(['tutorial_etl_dag']) retrieved from /home/airflow/.local/lib/python3.7/site-packages/airflow/example_dags/tutorial_etl_dag.py
[2022-02-16 16:59:45,933] {logging_mixin.py:109} INFO - [2022-02-16 16:59:45,933] {dag.py:2396} INFO - Sync 1 DAGs
[2022-02-16 16:59:45,952] {logging_mixin.py:109} INFO - [2022-02-16 16:59:45,952] {dag.py:2935} INFO - Setting next_dagrun for tutorial_etl_dag to None
[2022-02-16 16:59:45,970] {processor.py:171} INFO - Processing /home/airflow/.local/lib/python3.7/site-packages/airflow/example_dags/tutorial_etl_dag.py took 0.084 seconds
[2022-02-16 17:00:16,523] {processor.py:163} INFO - Started process (PID=845) to work on /home/airflow/.local/lib/python3.7/site-packages/airflow/example_dags/tutorial_etl_dag.py
[2022-02-16 17:00:16,535] {processor.py:642} INFO - Processing file /home/airflow/.local/lib/python3.7/site-packages/airflow/example_dags/tutorial_etl_dag.py for tasks to queue
[2022-02-16 17:00:16,535] {logging_mixin.py:109} INFO - [2022-02-16 17:00:16,535] {dagbag.py:500} INFO - Filling up the DagBag from /home/airflow/.local/lib/python3.7/site-packages/airflow/example_dags/tutorial_etl_dag.py
[2022-02-16 17:00:16,592] {processor.py:654} INFO - DAG(s) dict_keys(['tutorial_etl_dag']) retrieved from /home/airflow/.local/lib/python3.7/site-packages/airflow/example_dags/tutorial_etl_dag.py
[2022-02-16 17:00:16,635] {logging_mixin.py:109} INFO - [2022-02-16 17:00:16,635] {dag.py:2396} INFO - Sync 1 DAGs
[2022-02-16 17:00:16,752] {logging_mixin.py:109} INFO - [2022-02-16 17:00:16,739] {dag.py:2935} INFO - Setting next_dagrun for tutorial_etl_dag to None
[2022-02-16 17:00:16,790] {processor.py:171} INFO - Processing /home/airflow/.local/lib/python3.7/site-packages/airflow/example_dags/tutorial_etl_dag.py took 0.273 seconds
[2022-02-16 17:00:47,643] {processor.py:163} INFO - Started process (PID=1027) to work on /home/airflow/.local/lib/python3.7/site-packages/airflow/example_dags/tutorial_etl_dag.py
[2022-02-16 17:00:47,645] {processor.py:642} INFO - Processing file /home/airflow/.local/lib/python3.7/site-packages/airflow/example_dags/tutorial_etl_dag.py for tasks to queue
[2022-02-16 17:00:47,646] {logging_mixin.py:109} INFO - [2022-02-16 17:00:47,645] {dagbag.py:500} INFO - Filling up the DagBag from /home/airflow/.local/lib/python3.7/site-packages/airflow/example_dags/tutorial_etl_dag.py
[2022-02-16 17:00:47,676] {processor.py:654} INFO - DAG(s) dict_keys(['tutorial_etl_dag']) retrieved from /home/airflow/.local/lib/python3.7/site-packages/airflow/example_dags/tutorial_etl_dag.py
[2022-02-16 17:00:47,686] {logging_mixin.py:109} INFO - [2022-02-16 17:00:47,686] {dag.py:2396} INFO - Sync 1 DAGs
[2022-02-16 17:00:47,703] {logging_mixin.py:109} INFO - [2022-02-16 17:00:47,703] {dag.py:2935} INFO - Setting next_dagrun for tutorial_etl_dag to None
[2022-02-16 17:00:47,711] {processor.py:171} INFO - Processing /home/airflow/.local/lib/python3.7/site-packages/airflow/example_dags/tutorial_etl_dag.py took 0.072 seconds
[2022-02-16 17:01:17,817] {processor.py:163} INFO - Started process (PID=1206) to work on /home/airflow/.local/lib/python3.7/site-packages/airflow/example_dags/tutorial_etl_dag.py
[2022-02-16 17:01:17,819] {processor.py:642} INFO - Processing file /home/airflow/.local/lib/python3.7/site-packages/airflow/example_dags/tutorial_etl_dag.py for tasks to queue
[2022-02-16 17:01:17,819] {logging_mixin.py:109} INFO - [2022-02-16 17:01:17,819] {dagbag.py:500} INFO - Filling up the DagBag from /home/airflow/.local/lib/python3.7/site-packages/airflow/example_dags/tutorial_etl_dag.py
[2022-02-16 17:01:17,849] {processor.py:654} INFO - DAG(s) dict_keys(['tutorial_etl_dag']) retrieved from /home/airflow/.local/lib/python3.7/site-packages/airflow/example_dags/tutorial_etl_dag.py
[2022-02-16 17:01:17,860] {logging_mixin.py:109} INFO - [2022-02-16 17:01:17,860] {dag.py:2396} INFO - Sync 1 DAGs
[2022-02-16 17:01:17,876] {logging_mixin.py:109} INFO - [2022-02-16 17:01:17,876] {dag.py:2935} INFO - Setting next_dagrun for tutorial_etl_dag to None
[2022-02-16 17:01:17,885] {processor.py:171} INFO - Processing /home/airflow/.local/lib/python3.7/site-packages/airflow/example_dags/tutorial_etl_dag.py took 0.072 seconds
[2022-02-16 17:01:48,431] {processor.py:163} INFO - Started process (PID=1387) to work on /home/airflow/.local/lib/python3.7/site-packages/airflow/example_dags/tutorial_etl_dag.py
[2022-02-16 17:01:48,433] {processor.py:642} INFO - Processing file /home/airflow/.local/lib/python3.7/site-packages/airflow/example_dags/tutorial_etl_dag.py for tasks to queue
[2022-02-16 17:01:48,433] {logging_mixin.py:109} INFO - [2022-02-16 17:01:48,433] {dagbag.py:500} INFO - Filling up the DagBag from /home/airflow/.local/lib/python3.7/site-packages/airflow/example_dags/tutorial_etl_dag.py
[2022-02-16 17:01:48,503] {processor.py:654} INFO - DAG(s) dict_keys(['tutorial_etl_dag']) retrieved from /home/airflow/.local/lib/python3.7/site-packages/airflow/example_dags/tutorial_etl_dag.py
[2022-02-16 17:01:48,523] {logging_mixin.py:109} INFO - [2022-02-16 17:01:48,523] {dag.py:2396} INFO - Sync 1 DAGs
[2022-02-16 17:01:48,563] {logging_mixin.py:109} INFO - [2022-02-16 17:01:48,563] {dag.py:2935} INFO - Setting next_dagrun for tutorial_etl_dag to None
[2022-02-16 17:01:48,593] {processor.py:171} INFO - Processing /home/airflow/.local/lib/python3.7/site-packages/airflow/example_dags/tutorial_etl_dag.py took 0.167 seconds
[2022-02-16 17:02:19,467] {processor.py:163} INFO - Started process (PID=1572) to work on /home/airflow/.local/lib/python3.7/site-packages/airflow/example_dags/tutorial_etl_dag.py
[2022-02-16 17:02:19,469] {processor.py:642} INFO - Processing file /home/airflow/.local/lib/python3.7/site-packages/airflow/example_dags/tutorial_etl_dag.py for tasks to queue
[2022-02-16 17:02:19,483] {logging_mixin.py:109} INFO - [2022-02-16 17:02:19,470] {dagbag.py:500} INFO - Filling up the DagBag from /home/airflow/.local/lib/python3.7/site-packages/airflow/example_dags/tutorial_etl_dag.py
[2022-02-16 17:02:19,589] {processor.py:654} INFO - DAG(s) dict_keys(['tutorial_etl_dag']) retrieved from /home/airflow/.local/lib/python3.7/site-packages/airflow/example_dags/tutorial_etl_dag.py
[2022-02-16 17:02:19,636] {logging_mixin.py:109} INFO - [2022-02-16 17:02:19,636] {dag.py:2396} INFO - Sync 1 DAGs
[2022-02-16 17:02:19,668] {logging_mixin.py:109} INFO - [2022-02-16 17:02:19,667] {dag.py:2935} INFO - Setting next_dagrun for tutorial_etl_dag to None
[2022-02-16 17:02:19,676] {processor.py:171} INFO - Processing /home/airflow/.local/lib/python3.7/site-packages/airflow/example_dags/tutorial_etl_dag.py took 0.221 seconds
[2022-02-16 17:02:49,878] {processor.py:163} INFO - Started process (PID=1751) to work on /home/airflow/.local/lib/python3.7/site-packages/airflow/example_dags/tutorial_etl_dag.py
[2022-02-16 17:02:49,880] {processor.py:642} INFO - Processing file /home/airflow/.local/lib/python3.7/site-packages/airflow/example_dags/tutorial_etl_dag.py for tasks to queue
[2022-02-16 17:02:49,880] {logging_mixin.py:109} INFO - [2022-02-16 17:02:49,880] {dagbag.py:500} INFO - Filling up the DagBag from /home/airflow/.local/lib/python3.7/site-packages/airflow/example_dags/tutorial_etl_dag.py
[2022-02-16 17:02:49,911] {processor.py:654} INFO - DAG(s) dict_keys(['tutorial_etl_dag']) retrieved from /home/airflow/.local/lib/python3.7/site-packages/airflow/example_dags/tutorial_etl_dag.py
[2022-02-16 17:02:49,921] {logging_mixin.py:109} INFO - [2022-02-16 17:02:49,921] {dag.py:2396} INFO - Sync 1 DAGs
[2022-02-16 17:02:49,938] {logging_mixin.py:109} INFO - [2022-02-16 17:02:49,938] {dag.py:2935} INFO - Setting next_dagrun for tutorial_etl_dag to None
[2022-02-16 17:02:49,947] {processor.py:171} INFO - Processing /home/airflow/.local/lib/python3.7/site-packages/airflow/example_dags/tutorial_etl_dag.py took 0.073 seconds
[2022-02-16 17:03:20,220] {processor.py:163} INFO - Started process (PID=1937) to work on /home/airflow/.local/lib/python3.7/site-packages/airflow/example_dags/tutorial_etl_dag.py
[2022-02-16 17:03:20,221] {processor.py:642} INFO - Processing file /home/airflow/.local/lib/python3.7/site-packages/airflow/example_dags/tutorial_etl_dag.py for tasks to queue
[2022-02-16 17:03:20,222] {logging_mixin.py:109} INFO - [2022-02-16 17:03:20,222] {dagbag.py:500} INFO - Filling up the DagBag from /home/airflow/.local/lib/python3.7/site-packages/airflow/example_dags/tutorial_etl_dag.py
[2022-02-16 17:03:20,259] {processor.py:654} INFO - DAG(s) dict_keys(['tutorial_etl_dag']) retrieved from /home/airflow/.local/lib/python3.7/site-packages/airflow/example_dags/tutorial_etl_dag.py
[2022-02-16 17:03:20,271] {logging_mixin.py:109} INFO - [2022-02-16 17:03:20,271] {dag.py:2396} INFO - Sync 1 DAGs
[2022-02-16 17:03:20,289] {logging_mixin.py:109} INFO - [2022-02-16 17:03:20,289] {dag.py:2935} INFO - Setting next_dagrun for tutorial_etl_dag to None
[2022-02-16 17:03:20,299] {processor.py:171} INFO - Processing /home/airflow/.local/lib/python3.7/site-packages/airflow/example_dags/tutorial_etl_dag.py took 0.083 seconds
[2022-02-16 17:03:50,592] {processor.py:163} INFO - Started process (PID=2122) to work on /home/airflow/.local/lib/python3.7/site-packages/airflow/example_dags/tutorial_etl_dag.py
[2022-02-16 17:03:50,593] {processor.py:642} INFO - Processing file /home/airflow/.local/lib/python3.7/site-packages/airflow/example_dags/tutorial_etl_dag.py for tasks to queue
[2022-02-16 17:03:50,594] {logging_mixin.py:109} INFO - [2022-02-16 17:03:50,594] {dagbag.py:500} INFO - Filling up the DagBag from /home/airflow/.local/lib/python3.7/site-packages/airflow/example_dags/tutorial_etl_dag.py
[2022-02-16 17:03:50,652] {processor.py:654} INFO - DAG(s) dict_keys(['tutorial_etl_dag']) retrieved from /home/airflow/.local/lib/python3.7/site-packages/airflow/example_dags/tutorial_etl_dag.py
[2022-02-16 17:03:50,664] {logging_mixin.py:109} INFO - [2022-02-16 17:03:50,664] {dag.py:2396} INFO - Sync 1 DAGs
[2022-02-16 17:03:50,716] {logging_mixin.py:109} INFO - [2022-02-16 17:03:50,716] {dag.py:2935} INFO - Setting next_dagrun for tutorial_etl_dag to None
[2022-02-16 17:03:50,746] {processor.py:171} INFO - Processing /home/airflow/.local/lib/python3.7/site-packages/airflow/example_dags/tutorial_etl_dag.py took 0.159 seconds
[2022-02-16 17:04:21,213] {processor.py:163} INFO - Started process (PID=2323) to work on /home/airflow/.local/lib/python3.7/site-packages/airflow/example_dags/tutorial_etl_dag.py
[2022-02-16 17:04:21,224] {processor.py:642} INFO - Processing file /home/airflow/.local/lib/python3.7/site-packages/airflow/example_dags/tutorial_etl_dag.py for tasks to queue
[2022-02-16 17:04:21,228] {logging_mixin.py:109} INFO - [2022-02-16 17:04:21,227] {dagbag.py:500} INFO - Filling up the DagBag from /home/airflow/.local/lib/python3.7/site-packages/airflow/example_dags/tutorial_etl_dag.py
[2022-02-16 17:04:21,302] {processor.py:654} INFO - DAG(s) dict_keys(['tutorial_etl_dag']) retrieved from /home/airflow/.local/lib/python3.7/site-packages/airflow/example_dags/tutorial_etl_dag.py
[2022-02-16 17:04:21,323] {logging_mixin.py:109} INFO - [2022-02-16 17:04:21,323] {dag.py:2396} INFO - Sync 1 DAGs
[2022-02-16 17:04:21,353] {logging_mixin.py:109} INFO - [2022-02-16 17:04:21,353] {dag.py:2935} INFO - Setting next_dagrun for tutorial_etl_dag to None
[2022-02-16 17:04:21,400] {processor.py:171} INFO - Processing /home/airflow/.local/lib/python3.7/site-packages/airflow/example_dags/tutorial_etl_dag.py took 0.198 seconds
[2022-02-16 17:04:51,717] {processor.py:163} INFO - Started process (PID=2501) to work on /home/airflow/.local/lib/python3.7/site-packages/airflow/example_dags/tutorial_etl_dag.py
[2022-02-16 17:04:51,718] {processor.py:642} INFO - Processing file /home/airflow/.local/lib/python3.7/site-packages/airflow/example_dags/tutorial_etl_dag.py for tasks to queue
[2022-02-16 17:04:51,719] {logging_mixin.py:109} INFO - [2022-02-16 17:04:51,719] {dagbag.py:500} INFO - Filling up the DagBag from /home/airflow/.local/lib/python3.7/site-packages/airflow/example_dags/tutorial_etl_dag.py
[2022-02-16 17:04:51,752] {processor.py:654} INFO - DAG(s) dict_keys(['tutorial_etl_dag']) retrieved from /home/airflow/.local/lib/python3.7/site-packages/airflow/example_dags/tutorial_etl_dag.py
[2022-02-16 17:04:51,763] {logging_mixin.py:109} INFO - [2022-02-16 17:04:51,763] {dag.py:2396} INFO - Sync 1 DAGs
[2022-02-16 17:04:51,780] {logging_mixin.py:109} INFO - [2022-02-16 17:04:51,780] {dag.py:2935} INFO - Setting next_dagrun for tutorial_etl_dag to None
[2022-02-16 17:04:51,789] {processor.py:171} INFO - Processing /home/airflow/.local/lib/python3.7/site-packages/airflow/example_dags/tutorial_etl_dag.py took 0.076 seconds
[2022-02-16 17:05:22,516] {processor.py:163} INFO - Started process (PID=2687) to work on /home/airflow/.local/lib/python3.7/site-packages/airflow/example_dags/tutorial_etl_dag.py
[2022-02-16 17:05:22,519] {processor.py:642} INFO - Processing file /home/airflow/.local/lib/python3.7/site-packages/airflow/example_dags/tutorial_etl_dag.py for tasks to queue
[2022-02-16 17:05:22,519] {logging_mixin.py:109} INFO - [2022-02-16 17:05:22,519] {dagbag.py:500} INFO - Filling up the DagBag from /home/airflow/.local/lib/python3.7/site-packages/airflow/example_dags/tutorial_etl_dag.py
[2022-02-16 17:05:22,552] {processor.py:654} INFO - DAG(s) dict_keys(['tutorial_etl_dag']) retrieved from /home/airflow/.local/lib/python3.7/site-packages/airflow/example_dags/tutorial_etl_dag.py
[2022-02-16 17:05:22,565] {logging_mixin.py:109} INFO - [2022-02-16 17:05:22,565] {dag.py:2396} INFO - Sync 1 DAGs
[2022-02-16 17:05:22,583] {logging_mixin.py:109} INFO - [2022-02-16 17:05:22,583] {dag.py:2935} INFO - Setting next_dagrun for tutorial_etl_dag to None
[2022-02-16 17:05:22,594] {processor.py:171} INFO - Processing /home/airflow/.local/lib/python3.7/site-packages/airflow/example_dags/tutorial_etl_dag.py took 0.082 seconds
[2022-02-16 17:05:52,925] {processor.py:163} INFO - Started process (PID=2871) to work on /home/airflow/.local/lib/python3.7/site-packages/airflow/example_dags/tutorial_etl_dag.py
[2022-02-16 17:05:52,926] {processor.py:642} INFO - Processing file /home/airflow/.local/lib/python3.7/site-packages/airflow/example_dags/tutorial_etl_dag.py for tasks to queue
[2022-02-16 17:05:52,927] {logging_mixin.py:109} INFO - [2022-02-16 17:05:52,926] {dagbag.py:500} INFO - Filling up the DagBag from /home/airflow/.local/lib/python3.7/site-packages/airflow/example_dags/tutorial_etl_dag.py
[2022-02-16 17:05:52,962] {processor.py:654} INFO - DAG(s) dict_keys(['tutorial_etl_dag']) retrieved from /home/airflow/.local/lib/python3.7/site-packages/airflow/example_dags/tutorial_etl_dag.py
[2022-02-16 17:05:52,975] {logging_mixin.py:109} INFO - [2022-02-16 17:05:52,975] {dag.py:2396} INFO - Sync 1 DAGs
[2022-02-16 17:05:52,995] {logging_mixin.py:109} INFO - [2022-02-16 17:05:52,995] {dag.py:2935} INFO - Setting next_dagrun for tutorial_etl_dag to None
[2022-02-16 17:05:53,006] {processor.py:171} INFO - Processing /home/airflow/.local/lib/python3.7/site-packages/airflow/example_dags/tutorial_etl_dag.py took 0.086 seconds
[2022-02-16 17:06:23,572] {processor.py:163} INFO - Started process (PID=3066) to work on /home/airflow/.local/lib/python3.7/site-packages/airflow/example_dags/tutorial_etl_dag.py
[2022-02-16 17:06:23,574] {processor.py:642} INFO - Processing file /home/airflow/.local/lib/python3.7/site-packages/airflow/example_dags/tutorial_etl_dag.py for tasks to queue
[2022-02-16 17:06:23,574] {logging_mixin.py:109} INFO - [2022-02-16 17:06:23,574] {dagbag.py:500} INFO - Filling up the DagBag from /home/airflow/.local/lib/python3.7/site-packages/airflow/example_dags/tutorial_etl_dag.py
[2022-02-16 17:06:23,611] {processor.py:654} INFO - DAG(s) dict_keys(['tutorial_etl_dag']) retrieved from /home/airflow/.local/lib/python3.7/site-packages/airflow/example_dags/tutorial_etl_dag.py
[2022-02-16 17:06:23,621] {logging_mixin.py:109} INFO - [2022-02-16 17:06:23,621] {dag.py:2396} INFO - Sync 1 DAGs
[2022-02-16 17:06:23,638] {logging_mixin.py:109} INFO - [2022-02-16 17:06:23,638] {dag.py:2935} INFO - Setting next_dagrun for tutorial_etl_dag to None
[2022-02-16 17:06:23,648] {processor.py:171} INFO - Processing /home/airflow/.local/lib/python3.7/site-packages/airflow/example_dags/tutorial_etl_dag.py took 0.081 seconds
[2022-02-16 17:06:54,457] {processor.py:163} INFO - Started process (PID=3252) to work on /home/airflow/.local/lib/python3.7/site-packages/airflow/example_dags/tutorial_etl_dag.py
[2022-02-16 17:06:54,459] {processor.py:642} INFO - Processing file /home/airflow/.local/lib/python3.7/site-packages/airflow/example_dags/tutorial_etl_dag.py for tasks to queue
[2022-02-16 17:06:54,460] {logging_mixin.py:109} INFO - [2022-02-16 17:06:54,460] {dagbag.py:500} INFO - Filling up the DagBag from /home/airflow/.local/lib/python3.7/site-packages/airflow/example_dags/tutorial_etl_dag.py
[2022-02-16 17:06:54,501] {processor.py:654} INFO - DAG(s) dict_keys(['tutorial_etl_dag']) retrieved from /home/airflow/.local/lib/python3.7/site-packages/airflow/example_dags/tutorial_etl_dag.py
[2022-02-16 17:06:54,514] {logging_mixin.py:109} INFO - [2022-02-16 17:06:54,514] {dag.py:2396} INFO - Sync 1 DAGs
[2022-02-16 17:06:54,537] {logging_mixin.py:109} INFO - [2022-02-16 17:06:54,537] {dag.py:2935} INFO - Setting next_dagrun for tutorial_etl_dag to None
[2022-02-16 17:06:54,550] {processor.py:171} INFO - Processing /home/airflow/.local/lib/python3.7/site-packages/airflow/example_dags/tutorial_etl_dag.py took 0.097 seconds
[2022-02-16 17:07:25,430] {processor.py:163} INFO - Started process (PID=3431) to work on /home/airflow/.local/lib/python3.7/site-packages/airflow/example_dags/tutorial_etl_dag.py
[2022-02-16 17:07:25,431] {processor.py:642} INFO - Processing file /home/airflow/.local/lib/python3.7/site-packages/airflow/example_dags/tutorial_etl_dag.py for tasks to queue
[2022-02-16 17:07:25,432] {logging_mixin.py:109} INFO - [2022-02-16 17:07:25,432] {dagbag.py:500} INFO - Filling up the DagBag from /home/airflow/.local/lib/python3.7/site-packages/airflow/example_dags/tutorial_etl_dag.py
[2022-02-16 17:07:25,468] {processor.py:654} INFO - DAG(s) dict_keys(['tutorial_etl_dag']) retrieved from /home/airflow/.local/lib/python3.7/site-packages/airflow/example_dags/tutorial_etl_dag.py
[2022-02-16 17:07:25,483] {logging_mixin.py:109} INFO - [2022-02-16 17:07:25,483] {dag.py:2396} INFO - Sync 1 DAGs
[2022-02-16 17:07:25,504] {logging_mixin.py:109} INFO - [2022-02-16 17:07:25,504] {dag.py:2935} INFO - Setting next_dagrun for tutorial_etl_dag to None
[2022-02-16 17:07:25,525] {processor.py:171} INFO - Processing /home/airflow/.local/lib/python3.7/site-packages/airflow/example_dags/tutorial_etl_dag.py took 0.100 seconds
[2022-02-16 17:07:57,036] {processor.py:163} INFO - Started process (PID=3628) to work on /home/airflow/.local/lib/python3.7/site-packages/airflow/example_dags/tutorial_etl_dag.py
[2022-02-16 17:07:57,038] {processor.py:642} INFO - Processing file /home/airflow/.local/lib/python3.7/site-packages/airflow/example_dags/tutorial_etl_dag.py for tasks to queue
[2022-02-16 17:07:57,039] {logging_mixin.py:109} INFO - [2022-02-16 17:07:57,039] {dagbag.py:500} INFO - Filling up the DagBag from /home/airflow/.local/lib/python3.7/site-packages/airflow/example_dags/tutorial_etl_dag.py
[2022-02-16 17:07:57,073] {processor.py:654} INFO - DAG(s) dict_keys(['tutorial_etl_dag']) retrieved from /home/airflow/.local/lib/python3.7/site-packages/airflow/example_dags/tutorial_etl_dag.py
[2022-02-16 17:07:57,085] {logging_mixin.py:109} INFO - [2022-02-16 17:07:57,085] {dag.py:2396} INFO - Sync 1 DAGs
[2022-02-16 17:07:57,114] {logging_mixin.py:109} INFO - [2022-02-16 17:07:57,114] {dag.py:2935} INFO - Setting next_dagrun for tutorial_etl_dag to None
[2022-02-16 17:07:57,130] {processor.py:171} INFO - Processing /home/airflow/.local/lib/python3.7/site-packages/airflow/example_dags/tutorial_etl_dag.py took 0.098 seconds
[2022-02-16 17:08:28,205] {processor.py:163} INFO - Started process (PID=3810) to work on /home/airflow/.local/lib/python3.7/site-packages/airflow/example_dags/tutorial_etl_dag.py
[2022-02-16 17:08:28,207] {processor.py:642} INFO - Processing file /home/airflow/.local/lib/python3.7/site-packages/airflow/example_dags/tutorial_etl_dag.py for tasks to queue
[2022-02-16 17:08:28,209] {logging_mixin.py:109} INFO - [2022-02-16 17:08:28,209] {dagbag.py:500} INFO - Filling up the DagBag from /home/airflow/.local/lib/python3.7/site-packages/airflow/example_dags/tutorial_etl_dag.py
[2022-02-16 17:08:28,261] {processor.py:654} INFO - DAG(s) dict_keys(['tutorial_etl_dag']) retrieved from /home/airflow/.local/lib/python3.7/site-packages/airflow/example_dags/tutorial_etl_dag.py
[2022-02-16 17:08:28,274] {logging_mixin.py:109} INFO - [2022-02-16 17:08:28,273] {dag.py:2396} INFO - Sync 1 DAGs
[2022-02-16 17:08:28,294] {logging_mixin.py:109} INFO - [2022-02-16 17:08:28,293] {dag.py:2935} INFO - Setting next_dagrun for tutorial_etl_dag to None
[2022-02-16 17:08:28,305] {processor.py:171} INFO - Processing /home/airflow/.local/lib/python3.7/site-packages/airflow/example_dags/tutorial_etl_dag.py took 0.106 seconds
[2022-02-16 17:08:59,703] {processor.py:163} INFO - Started process (PID=3997) to work on /home/airflow/.local/lib/python3.7/site-packages/airflow/example_dags/tutorial_etl_dag.py
[2022-02-16 17:08:59,705] {processor.py:642} INFO - Processing file /home/airflow/.local/lib/python3.7/site-packages/airflow/example_dags/tutorial_etl_dag.py for tasks to queue
[2022-02-16 17:08:59,706] {logging_mixin.py:109} INFO - [2022-02-16 17:08:59,706] {dagbag.py:500} INFO - Filling up the DagBag from /home/airflow/.local/lib/python3.7/site-packages/airflow/example_dags/tutorial_etl_dag.py
[2022-02-16 17:08:59,743] {processor.py:654} INFO - DAG(s) dict_keys(['tutorial_etl_dag']) retrieved from /home/airflow/.local/lib/python3.7/site-packages/airflow/example_dags/tutorial_etl_dag.py
[2022-02-16 17:08:59,755] {logging_mixin.py:109} INFO - [2022-02-16 17:08:59,755] {dag.py:2396} INFO - Sync 1 DAGs
[2022-02-16 17:08:59,774] {logging_mixin.py:109} INFO - [2022-02-16 17:08:59,774] {dag.py:2935} INFO - Setting next_dagrun for tutorial_etl_dag to None
[2022-02-16 17:08:59,783] {processor.py:171} INFO - Processing /home/airflow/.local/lib/python3.7/site-packages/airflow/example_dags/tutorial_etl_dag.py took 0.085 seconds
[2022-02-16 17:09:30,512] {processor.py:163} INFO - Started process (PID=4178) to work on /home/airflow/.local/lib/python3.7/site-packages/airflow/example_dags/tutorial_etl_dag.py
[2022-02-16 17:09:30,513] {processor.py:642} INFO - Processing file /home/airflow/.local/lib/python3.7/site-packages/airflow/example_dags/tutorial_etl_dag.py for tasks to queue
[2022-02-16 17:09:30,514] {logging_mixin.py:109} INFO - [2022-02-16 17:09:30,514] {dagbag.py:500} INFO - Filling up the DagBag from /home/airflow/.local/lib/python3.7/site-packages/airflow/example_dags/tutorial_etl_dag.py
[2022-02-16 17:09:30,561] {processor.py:654} INFO - DAG(s) dict_keys(['tutorial_etl_dag']) retrieved from /home/airflow/.local/lib/python3.7/site-packages/airflow/example_dags/tutorial_etl_dag.py
[2022-02-16 17:09:30,573] {logging_mixin.py:109} INFO - [2022-02-16 17:09:30,573] {dag.py:2396} INFO - Sync 1 DAGs
[2022-02-16 17:09:30,591] {logging_mixin.py:109} INFO - [2022-02-16 17:09:30,591] {dag.py:2935} INFO - Setting next_dagrun for tutorial_etl_dag to None
[2022-02-16 17:09:30,606] {processor.py:171} INFO - Processing /home/airflow/.local/lib/python3.7/site-packages/airflow/example_dags/tutorial_etl_dag.py took 0.099 seconds
[2022-02-16 17:10:01,428] {processor.py:163} INFO - Started process (PID=4371) to work on /home/airflow/.local/lib/python3.7/site-packages/airflow/example_dags/tutorial_etl_dag.py
[2022-02-16 17:10:01,431] {processor.py:642} INFO - Processing file /home/airflow/.local/lib/python3.7/site-packages/airflow/example_dags/tutorial_etl_dag.py for tasks to queue
[2022-02-16 17:10:01,432] {logging_mixin.py:109} INFO - [2022-02-16 17:10:01,432] {dagbag.py:500} INFO - Filling up the DagBag from /home/airflow/.local/lib/python3.7/site-packages/airflow/example_dags/tutorial_etl_dag.py
[2022-02-16 17:10:01,499] {processor.py:654} INFO - DAG(s) dict_keys(['tutorial_etl_dag']) retrieved from /home/airflow/.local/lib/python3.7/site-packages/airflow/example_dags/tutorial_etl_dag.py
[2022-02-16 17:10:01,523] {logging_mixin.py:109} INFO - [2022-02-16 17:10:01,523] {dag.py:2396} INFO - Sync 1 DAGs
[2022-02-16 17:10:01,559] {logging_mixin.py:109} INFO - [2022-02-16 17:10:01,559] {dag.py:2935} INFO - Setting next_dagrun for tutorial_etl_dag to None
[2022-02-16 17:10:01,579] {processor.py:171} INFO - Processing /home/airflow/.local/lib/python3.7/site-packages/airflow/example_dags/tutorial_etl_dag.py took 0.163 seconds
[2022-02-16 17:10:32,677] {processor.py:163} INFO - Started process (PID=4557) to work on /home/airflow/.local/lib/python3.7/site-packages/airflow/example_dags/tutorial_etl_dag.py
[2022-02-16 17:10:32,679] {processor.py:642} INFO - Processing file /home/airflow/.local/lib/python3.7/site-packages/airflow/example_dags/tutorial_etl_dag.py for tasks to queue
[2022-02-16 17:10:32,679] {logging_mixin.py:109} INFO - [2022-02-16 17:10:32,679] {dagbag.py:500} INFO - Filling up the DagBag from /home/airflow/.local/lib/python3.7/site-packages/airflow/example_dags/tutorial_etl_dag.py
[2022-02-16 17:10:32,719] {processor.py:654} INFO - DAG(s) dict_keys(['tutorial_etl_dag']) retrieved from /home/airflow/.local/lib/python3.7/site-packages/airflow/example_dags/tutorial_etl_dag.py
[2022-02-16 17:10:32,732] {logging_mixin.py:109} INFO - [2022-02-16 17:10:32,732] {dag.py:2396} INFO - Sync 1 DAGs
[2022-02-16 17:10:32,757] {logging_mixin.py:109} INFO - [2022-02-16 17:10:32,756] {dag.py:2935} INFO - Setting next_dagrun for tutorial_etl_dag to None
[2022-02-16 17:10:32,774] {processor.py:171} INFO - Processing /home/airflow/.local/lib/python3.7/site-packages/airflow/example_dags/tutorial_etl_dag.py took 0.102 seconds
[2022-02-16 17:11:03,948] {processor.py:163} INFO - Started process (PID=4742) to work on /home/airflow/.local/lib/python3.7/site-packages/airflow/example_dags/tutorial_etl_dag.py
[2022-02-16 17:11:03,959] {processor.py:642} INFO - Processing file /home/airflow/.local/lib/python3.7/site-packages/airflow/example_dags/tutorial_etl_dag.py for tasks to queue
[2022-02-16 17:11:03,992] {logging_mixin.py:109} INFO - [2022-02-16 17:11:03,960] {dagbag.py:500} INFO - Filling up the DagBag from /home/airflow/.local/lib/python3.7/site-packages/airflow/example_dags/tutorial_etl_dag.py
[2022-02-16 17:11:04,100] {processor.py:654} INFO - DAG(s) dict_keys(['tutorial_etl_dag']) retrieved from /home/airflow/.local/lib/python3.7/site-packages/airflow/example_dags/tutorial_etl_dag.py
[2022-02-16 17:11:04,148] {logging_mixin.py:109} INFO - [2022-02-16 17:11:04,146] {dag.py:2396} INFO - Sync 1 DAGs
[2022-02-16 17:11:04,229] {logging_mixin.py:109} INFO - [2022-02-16 17:11:04,229] {dag.py:2935} INFO - Setting next_dagrun for tutorial_etl_dag to None
[2022-02-16 17:11:04,259] {processor.py:171} INFO - Processing /home/airflow/.local/lib/python3.7/site-packages/airflow/example_dags/tutorial_etl_dag.py took 0.422 seconds
[2022-02-16 17:11:35,333] {processor.py:163} INFO - Started process (PID=4934) to work on /home/airflow/.local/lib/python3.7/site-packages/airflow/example_dags/tutorial_etl_dag.py
[2022-02-16 17:11:35,337] {processor.py:642} INFO - Processing file /home/airflow/.local/lib/python3.7/site-packages/airflow/example_dags/tutorial_etl_dag.py for tasks to queue
[2022-02-16 17:11:35,338] {logging_mixin.py:109} INFO - [2022-02-16 17:11:35,338] {dagbag.py:500} INFO - Filling up the DagBag from /home/airflow/.local/lib/python3.7/site-packages/airflow/example_dags/tutorial_etl_dag.py
[2022-02-16 17:11:35,425] {processor.py:654} INFO - DAG(s) dict_keys(['tutorial_etl_dag']) retrieved from /home/airflow/.local/lib/python3.7/site-packages/airflow/example_dags/tutorial_etl_dag.py
[2022-02-16 17:11:35,441] {logging_mixin.py:109} INFO - [2022-02-16 17:11:35,440] {dag.py:2396} INFO - Sync 1 DAGs
[2022-02-16 17:11:35,461] {logging_mixin.py:109} INFO - [2022-02-16 17:11:35,461] {dag.py:2935} INFO - Setting next_dagrun for tutorial_etl_dag to None
[2022-02-16 17:11:35,472] {processor.py:171} INFO - Processing /home/airflow/.local/lib/python3.7/site-packages/airflow/example_dags/tutorial_etl_dag.py took 0.144 seconds
[2022-02-16 17:12:06,148] {processor.py:163} INFO - Started process (PID=5126) to work on /home/airflow/.local/lib/python3.7/site-packages/airflow/example_dags/tutorial_etl_dag.py
[2022-02-16 17:12:06,149] {processor.py:642} INFO - Processing file /home/airflow/.local/lib/python3.7/site-packages/airflow/example_dags/tutorial_etl_dag.py for tasks to queue
[2022-02-16 17:12:06,150] {logging_mixin.py:109} INFO - [2022-02-16 17:12:06,150] {dagbag.py:500} INFO - Filling up the DagBag from /home/airflow/.local/lib/python3.7/site-packages/airflow/example_dags/tutorial_etl_dag.py
[2022-02-16 17:12:06,233] {processor.py:654} INFO - DAG(s) dict_keys(['tutorial_etl_dag']) retrieved from /home/airflow/.local/lib/python3.7/site-packages/airflow/example_dags/tutorial_etl_dag.py
[2022-02-16 17:12:06,246] {logging_mixin.py:109} INFO - [2022-02-16 17:12:06,246] {dag.py:2396} INFO - Sync 1 DAGs
[2022-02-16 17:12:06,265] {logging_mixin.py:109} INFO - [2022-02-16 17:12:06,265] {dag.py:2935} INFO - Setting next_dagrun for tutorial_etl_dag to None
[2022-02-16 17:12:06,276] {processor.py:171} INFO - Processing /home/airflow/.local/lib/python3.7/site-packages/airflow/example_dags/tutorial_etl_dag.py took 0.132 seconds
[2022-02-16 17:12:36,994] {processor.py:163} INFO - Started process (PID=5314) to work on /home/airflow/.local/lib/python3.7/site-packages/airflow/example_dags/tutorial_etl_dag.py
[2022-02-16 17:12:36,995] {processor.py:642} INFO - Processing file /home/airflow/.local/lib/python3.7/site-packages/airflow/example_dags/tutorial_etl_dag.py for tasks to queue
[2022-02-16 17:12:36,996] {logging_mixin.py:109} INFO - [2022-02-16 17:12:36,996] {dagbag.py:500} INFO - Filling up the DagBag from /home/airflow/.local/lib/python3.7/site-packages/airflow/example_dags/tutorial_etl_dag.py
[2022-02-16 17:12:37,031] {processor.py:654} INFO - DAG(s) dict_keys(['tutorial_etl_dag']) retrieved from /home/airflow/.local/lib/python3.7/site-packages/airflow/example_dags/tutorial_etl_dag.py
[2022-02-16 17:12:37,043] {logging_mixin.py:109} INFO - [2022-02-16 17:12:37,043] {dag.py:2396} INFO - Sync 1 DAGs
[2022-02-16 17:12:37,062] {logging_mixin.py:109} INFO - [2022-02-16 17:12:37,062] {dag.py:2935} INFO - Setting next_dagrun for tutorial_etl_dag to None
[2022-02-16 17:12:37,074] {processor.py:171} INFO - Processing /home/airflow/.local/lib/python3.7/site-packages/airflow/example_dags/tutorial_etl_dag.py took 0.085 seconds
[2022-02-16 17:13:08,528] {processor.py:163} INFO - Started process (PID=5508) to work on /home/airflow/.local/lib/python3.7/site-packages/airflow/example_dags/tutorial_etl_dag.py
[2022-02-16 17:13:08,537] {processor.py:642} INFO - Processing file /home/airflow/.local/lib/python3.7/site-packages/airflow/example_dags/tutorial_etl_dag.py for tasks to queue
[2022-02-16 17:13:08,538] {logging_mixin.py:109} INFO - [2022-02-16 17:13:08,538] {dagbag.py:500} INFO - Filling up the DagBag from /home/airflow/.local/lib/python3.7/site-packages/airflow/example_dags/tutorial_etl_dag.py
[2022-02-16 17:13:08,601] {processor.py:654} INFO - DAG(s) dict_keys(['tutorial_etl_dag']) retrieved from /home/airflow/.local/lib/python3.7/site-packages/airflow/example_dags/tutorial_etl_dag.py
[2022-02-16 17:13:08,623] {logging_mixin.py:109} INFO - [2022-02-16 17:13:08,623] {dag.py:2396} INFO - Sync 1 DAGs
[2022-02-16 17:13:08,667] {logging_mixin.py:109} INFO - [2022-02-16 17:13:08,667] {dag.py:2935} INFO - Setting next_dagrun for tutorial_etl_dag to None
[2022-02-16 17:13:08,682] {processor.py:171} INFO - Processing /home/airflow/.local/lib/python3.7/site-packages/airflow/example_dags/tutorial_etl_dag.py took 0.161 seconds
[2022-02-16 17:13:39,919] {processor.py:163} INFO - Started process (PID=5709) to work on /home/airflow/.local/lib/python3.7/site-packages/airflow/example_dags/tutorial_etl_dag.py
[2022-02-16 17:13:39,923] {processor.py:642} INFO - Processing file /home/airflow/.local/lib/python3.7/site-packages/airflow/example_dags/tutorial_etl_dag.py for tasks to queue
[2022-02-16 17:13:39,924] {logging_mixin.py:109} INFO - [2022-02-16 17:13:39,924] {dagbag.py:500} INFO - Filling up the DagBag from /home/airflow/.local/lib/python3.7/site-packages/airflow/example_dags/tutorial_etl_dag.py
[2022-02-16 17:13:39,983] {processor.py:654} INFO - DAG(s) dict_keys(['tutorial_etl_dag']) retrieved from /home/airflow/.local/lib/python3.7/site-packages/airflow/example_dags/tutorial_etl_dag.py
[2022-02-16 17:13:40,005] {logging_mixin.py:109} INFO - [2022-02-16 17:13:40,004] {dag.py:2396} INFO - Sync 1 DAGs
[2022-02-16 17:13:40,030] {logging_mixin.py:109} INFO - [2022-02-16 17:13:40,030] {dag.py:2935} INFO - Setting next_dagrun for tutorial_etl_dag to None
[2022-02-16 17:13:40,047] {processor.py:171} INFO - Processing /home/airflow/.local/lib/python3.7/site-packages/airflow/example_dags/tutorial_etl_dag.py took 0.133 seconds
[2022-02-16 17:14:10,412] {processor.py:163} INFO - Started process (PID=5908) to work on /home/airflow/.local/lib/python3.7/site-packages/airflow/example_dags/tutorial_etl_dag.py
[2022-02-16 17:14:10,414] {processor.py:642} INFO - Processing file /home/airflow/.local/lib/python3.7/site-packages/airflow/example_dags/tutorial_etl_dag.py for tasks to queue
[2022-02-16 17:14:10,415] {logging_mixin.py:109} INFO - [2022-02-16 17:14:10,414] {dagbag.py:500} INFO - Filling up the DagBag from /home/airflow/.local/lib/python3.7/site-packages/airflow/example_dags/tutorial_etl_dag.py
[2022-02-16 17:14:10,477] {processor.py:654} INFO - DAG(s) dict_keys(['tutorial_etl_dag']) retrieved from /home/airflow/.local/lib/python3.7/site-packages/airflow/example_dags/tutorial_etl_dag.py
[2022-02-16 17:14:10,501] {logging_mixin.py:109} INFO - [2022-02-16 17:14:10,501] {dag.py:2396} INFO - Sync 1 DAGs
[2022-02-16 17:14:10,535] {logging_mixin.py:109} INFO - [2022-02-16 17:14:10,535] {dag.py:2935} INFO - Setting next_dagrun for tutorial_etl_dag to None
[2022-02-16 17:14:10,550] {processor.py:171} INFO - Processing /home/airflow/.local/lib/python3.7/site-packages/airflow/example_dags/tutorial_etl_dag.py took 0.152 seconds
[2022-02-16 17:14:41,694] {processor.py:163} INFO - Started process (PID=6102) to work on /home/airflow/.local/lib/python3.7/site-packages/airflow/example_dags/tutorial_etl_dag.py
[2022-02-16 17:14:41,695] {processor.py:642} INFO - Processing file /home/airflow/.local/lib/python3.7/site-packages/airflow/example_dags/tutorial_etl_dag.py for tasks to queue
[2022-02-16 17:14:41,696] {logging_mixin.py:109} INFO - [2022-02-16 17:14:41,696] {dagbag.py:500} INFO - Filling up the DagBag from /home/airflow/.local/lib/python3.7/site-packages/airflow/example_dags/tutorial_etl_dag.py
[2022-02-16 17:14:41,729] {processor.py:654} INFO - DAG(s) dict_keys(['tutorial_etl_dag']) retrieved from /home/airflow/.local/lib/python3.7/site-packages/airflow/example_dags/tutorial_etl_dag.py
[2022-02-16 17:14:41,740] {logging_mixin.py:109} INFO - [2022-02-16 17:14:41,740] {dag.py:2396} INFO - Sync 1 DAGs
[2022-02-16 17:14:41,758] {logging_mixin.py:109} INFO - [2022-02-16 17:14:41,758] {dag.py:2935} INFO - Setting next_dagrun for tutorial_etl_dag to None
[2022-02-16 17:14:41,768] {processor.py:171} INFO - Processing /home/airflow/.local/lib/python3.7/site-packages/airflow/example_dags/tutorial_etl_dag.py took 0.079 seconds
[2022-02-16 17:15:13,465] {processor.py:163} INFO - Started process (PID=6311) to work on /home/airflow/.local/lib/python3.7/site-packages/airflow/example_dags/tutorial_etl_dag.py
[2022-02-16 17:15:13,466] {processor.py:642} INFO - Processing file /home/airflow/.local/lib/python3.7/site-packages/airflow/example_dags/tutorial_etl_dag.py for tasks to queue
[2022-02-16 17:15:13,480] {logging_mixin.py:109} INFO - [2022-02-16 17:15:13,480] {dagbag.py:500} INFO - Filling up the DagBag from /home/airflow/.local/lib/python3.7/site-packages/airflow/example_dags/tutorial_etl_dag.py
[2022-02-16 17:15:13,660] {processor.py:654} INFO - DAG(s) dict_keys(['tutorial_etl_dag']) retrieved from /home/airflow/.local/lib/python3.7/site-packages/airflow/example_dags/tutorial_etl_dag.py
[2022-02-16 17:15:13,695] {logging_mixin.py:109} INFO - [2022-02-16 17:15:13,695] {dag.py:2396} INFO - Sync 1 DAGs
[2022-02-16 17:15:13,768] {logging_mixin.py:109} INFO - [2022-02-16 17:15:13,768] {dag.py:2935} INFO - Setting next_dagrun for tutorial_etl_dag to None
[2022-02-16 17:15:13,788] {processor.py:171} INFO - Processing /home/airflow/.local/lib/python3.7/site-packages/airflow/example_dags/tutorial_etl_dag.py took 0.337 seconds
[2022-02-16 17:15:44,654] {processor.py:163} INFO - Started process (PID=6508) to work on /home/airflow/.local/lib/python3.7/site-packages/airflow/example_dags/tutorial_etl_dag.py
[2022-02-16 17:15:44,656] {processor.py:642} INFO - Processing file /home/airflow/.local/lib/python3.7/site-packages/airflow/example_dags/tutorial_etl_dag.py for tasks to queue
[2022-02-16 17:15:44,657] {logging_mixin.py:109} INFO - [2022-02-16 17:15:44,657] {dagbag.py:500} INFO - Filling up the DagBag from /home/airflow/.local/lib/python3.7/site-packages/airflow/example_dags/tutorial_etl_dag.py
[2022-02-16 17:15:44,693] {processor.py:654} INFO - DAG(s) dict_keys(['tutorial_etl_dag']) retrieved from /home/airflow/.local/lib/python3.7/site-packages/airflow/example_dags/tutorial_etl_dag.py
[2022-02-16 17:15:44,705] {logging_mixin.py:109} INFO - [2022-02-16 17:15:44,705] {dag.py:2396} INFO - Sync 1 DAGs
[2022-02-16 17:15:44,727] {logging_mixin.py:109} INFO - [2022-02-16 17:15:44,726] {dag.py:2935} INFO - Setting next_dagrun for tutorial_etl_dag to None
[2022-02-16 17:15:44,737] {processor.py:171} INFO - Processing /home/airflow/.local/lib/python3.7/site-packages/airflow/example_dags/tutorial_etl_dag.py took 0.087 seconds
[2022-02-16 17:16:15,397] {processor.py:163} INFO - Started process (PID=6697) to work on /home/airflow/.local/lib/python3.7/site-packages/airflow/example_dags/tutorial_etl_dag.py
[2022-02-16 17:16:15,398] {processor.py:642} INFO - Processing file /home/airflow/.local/lib/python3.7/site-packages/airflow/example_dags/tutorial_etl_dag.py for tasks to queue
[2022-02-16 17:16:15,398] {logging_mixin.py:109} INFO - [2022-02-16 17:16:15,398] {dagbag.py:500} INFO - Filling up the DagBag from /home/airflow/.local/lib/python3.7/site-packages/airflow/example_dags/tutorial_etl_dag.py
[2022-02-16 17:16:15,427] {processor.py:654} INFO - DAG(s) dict_keys(['tutorial_etl_dag']) retrieved from /home/airflow/.local/lib/python3.7/site-packages/airflow/example_dags/tutorial_etl_dag.py
[2022-02-16 17:16:15,437] {logging_mixin.py:109} INFO - [2022-02-16 17:16:15,437] {dag.py:2396} INFO - Sync 1 DAGs
[2022-02-16 17:16:15,453] {logging_mixin.py:109} INFO - [2022-02-16 17:16:15,453] {dag.py:2935} INFO - Setting next_dagrun for tutorial_etl_dag to None
[2022-02-16 17:16:15,463] {processor.py:171} INFO - Processing /home/airflow/.local/lib/python3.7/site-packages/airflow/example_dags/tutorial_etl_dag.py took 0.070 seconds
[2022-02-16 17:16:46,783] {processor.py:163} INFO - Started process (PID=6901) to work on /home/airflow/.local/lib/python3.7/site-packages/airflow/example_dags/tutorial_etl_dag.py
[2022-02-16 17:16:46,785] {processor.py:642} INFO - Processing file /home/airflow/.local/lib/python3.7/site-packages/airflow/example_dags/tutorial_etl_dag.py for tasks to queue
[2022-02-16 17:16:46,789] {logging_mixin.py:109} INFO - [2022-02-16 17:16:46,788] {dagbag.py:500} INFO - Filling up the DagBag from /home/airflow/.local/lib/python3.7/site-packages/airflow/example_dags/tutorial_etl_dag.py
[2022-02-16 17:16:46,860] {processor.py:654} INFO - DAG(s) dict_keys(['tutorial_etl_dag']) retrieved from /home/airflow/.local/lib/python3.7/site-packages/airflow/example_dags/tutorial_etl_dag.py
[2022-02-16 17:16:46,904] {logging_mixin.py:109} INFO - [2022-02-16 17:16:46,903] {dag.py:2396} INFO - Sync 1 DAGs
[2022-02-16 17:16:46,956] {logging_mixin.py:109} INFO - [2022-02-16 17:16:46,956] {dag.py:2935} INFO - Setting next_dagrun for tutorial_etl_dag to None
[2022-02-16 17:16:46,971] {processor.py:171} INFO - Processing /home/airflow/.local/lib/python3.7/site-packages/airflow/example_dags/tutorial_etl_dag.py took 0.196 seconds
[2022-02-16 17:17:18,000] {processor.py:163} INFO - Started process (PID=7091) to work on /home/airflow/.local/lib/python3.7/site-packages/airflow/example_dags/tutorial_etl_dag.py
[2022-02-16 17:17:18,002] {processor.py:642} INFO - Processing file /home/airflow/.local/lib/python3.7/site-packages/airflow/example_dags/tutorial_etl_dag.py for tasks to queue
[2022-02-16 17:17:18,004] {logging_mixin.py:109} INFO - [2022-02-16 17:17:18,003] {dagbag.py:500} INFO - Filling up the DagBag from /home/airflow/.local/lib/python3.7/site-packages/airflow/example_dags/tutorial_etl_dag.py
[2022-02-16 17:17:18,059] {processor.py:654} INFO - DAG(s) dict_keys(['tutorial_etl_dag']) retrieved from /home/airflow/.local/lib/python3.7/site-packages/airflow/example_dags/tutorial_etl_dag.py
[2022-02-16 17:17:18,072] {logging_mixin.py:109} INFO - [2022-02-16 17:17:18,071] {dag.py:2396} INFO - Sync 1 DAGs
[2022-02-16 17:17:18,093] {logging_mixin.py:109} INFO - [2022-02-16 17:17:18,093] {dag.py:2935} INFO - Setting next_dagrun for tutorial_etl_dag to None
[2022-02-16 17:17:18,103] {processor.py:171} INFO - Processing /home/airflow/.local/lib/python3.7/site-packages/airflow/example_dags/tutorial_etl_dag.py took 0.108 seconds
[2022-02-16 17:17:49,118] {processor.py:163} INFO - Started process (PID=7281) to work on /home/airflow/.local/lib/python3.7/site-packages/airflow/example_dags/tutorial_etl_dag.py
[2022-02-16 17:17:49,120] {processor.py:642} INFO - Processing file /home/airflow/.local/lib/python3.7/site-packages/airflow/example_dags/tutorial_etl_dag.py for tasks to queue
[2022-02-16 17:17:49,121] {logging_mixin.py:109} INFO - [2022-02-16 17:17:49,121] {dagbag.py:500} INFO - Filling up the DagBag from /home/airflow/.local/lib/python3.7/site-packages/airflow/example_dags/tutorial_etl_dag.py
[2022-02-16 17:17:49,165] {processor.py:654} INFO - DAG(s) dict_keys(['tutorial_etl_dag']) retrieved from /home/airflow/.local/lib/python3.7/site-packages/airflow/example_dags/tutorial_etl_dag.py
[2022-02-16 17:17:49,178] {logging_mixin.py:109} INFO - [2022-02-16 17:17:49,178] {dag.py:2396} INFO - Sync 1 DAGs
[2022-02-16 17:17:49,205] {logging_mixin.py:109} INFO - [2022-02-16 17:17:49,204] {dag.py:2935} INFO - Setting next_dagrun for tutorial_etl_dag to None
[2022-02-16 17:17:49,215] {processor.py:171} INFO - Processing /home/airflow/.local/lib/python3.7/site-packages/airflow/example_dags/tutorial_etl_dag.py took 0.102 seconds
[2022-02-16 17:18:20,389] {processor.py:163} INFO - Started process (PID=7489) to work on /home/airflow/.local/lib/python3.7/site-packages/airflow/example_dags/tutorial_etl_dag.py
[2022-02-16 17:18:20,390] {processor.py:642} INFO - Processing file /home/airflow/.local/lib/python3.7/site-packages/airflow/example_dags/tutorial_etl_dag.py for tasks to queue
[2022-02-16 17:18:20,391] {logging_mixin.py:109} INFO - [2022-02-16 17:18:20,391] {dagbag.py:500} INFO - Filling up the DagBag from /home/airflow/.local/lib/python3.7/site-packages/airflow/example_dags/tutorial_etl_dag.py
[2022-02-16 17:18:20,421] {processor.py:654} INFO - DAG(s) dict_keys(['tutorial_etl_dag']) retrieved from /home/airflow/.local/lib/python3.7/site-packages/airflow/example_dags/tutorial_etl_dag.py
[2022-02-16 17:18:20,432] {logging_mixin.py:109} INFO - [2022-02-16 17:18:20,431] {dag.py:2396} INFO - Sync 1 DAGs
[2022-02-16 17:18:20,449] {logging_mixin.py:109} INFO - [2022-02-16 17:18:20,448] {dag.py:2935} INFO - Setting next_dagrun for tutorial_etl_dag to None
[2022-02-16 17:18:20,461] {processor.py:171} INFO - Processing /home/airflow/.local/lib/python3.7/site-packages/airflow/example_dags/tutorial_etl_dag.py took 0.076 seconds
[2022-02-16 17:18:51,260] {processor.py:163} INFO - Started process (PID=7679) to work on /home/airflow/.local/lib/python3.7/site-packages/airflow/example_dags/tutorial_etl_dag.py
[2022-02-16 17:18:51,267] {processor.py:642} INFO - Processing file /home/airflow/.local/lib/python3.7/site-packages/airflow/example_dags/tutorial_etl_dag.py for tasks to queue
[2022-02-16 17:18:51,268] {logging_mixin.py:109} INFO - [2022-02-16 17:18:51,267] {dagbag.py:500} INFO - Filling up the DagBag from /home/airflow/.local/lib/python3.7/site-packages/airflow/example_dags/tutorial_etl_dag.py
[2022-02-16 17:18:51,297] {processor.py:654} INFO - DAG(s) dict_keys(['tutorial_etl_dag']) retrieved from /home/airflow/.local/lib/python3.7/site-packages/airflow/example_dags/tutorial_etl_dag.py
[2022-02-16 17:18:51,307] {logging_mixin.py:109} INFO - [2022-02-16 17:18:51,307] {dag.py:2396} INFO - Sync 1 DAGs
[2022-02-16 17:18:51,325] {logging_mixin.py:109} INFO - [2022-02-16 17:18:51,325] {dag.py:2935} INFO - Setting next_dagrun for tutorial_etl_dag to None
[2022-02-16 17:18:51,334] {processor.py:171} INFO - Processing /home/airflow/.local/lib/python3.7/site-packages/airflow/example_dags/tutorial_etl_dag.py took 0.078 seconds
[2022-02-16 17:19:22,314] {processor.py:163} INFO - Started process (PID=7868) to work on /home/airflow/.local/lib/python3.7/site-packages/airflow/example_dags/tutorial_etl_dag.py
[2022-02-16 17:19:22,316] {processor.py:642} INFO - Processing file /home/airflow/.local/lib/python3.7/site-packages/airflow/example_dags/tutorial_etl_dag.py for tasks to queue
[2022-02-16 17:19:22,317] {logging_mixin.py:109} INFO - [2022-02-16 17:19:22,316] {dagbag.py:500} INFO - Filling up the DagBag from /home/airflow/.local/lib/python3.7/site-packages/airflow/example_dags/tutorial_etl_dag.py
[2022-02-16 17:19:22,350] {processor.py:654} INFO - DAG(s) dict_keys(['tutorial_etl_dag']) retrieved from /home/airflow/.local/lib/python3.7/site-packages/airflow/example_dags/tutorial_etl_dag.py
[2022-02-16 17:19:22,362] {logging_mixin.py:109} INFO - [2022-02-16 17:19:22,361] {dag.py:2396} INFO - Sync 1 DAGs
[2022-02-16 17:19:22,380] {logging_mixin.py:109} INFO - [2022-02-16 17:19:22,380] {dag.py:2935} INFO - Setting next_dagrun for tutorial_etl_dag to None
[2022-02-16 17:19:22,395] {processor.py:171} INFO - Processing /home/airflow/.local/lib/python3.7/site-packages/airflow/example_dags/tutorial_etl_dag.py took 0.085 seconds
[2022-02-16 17:19:52,983] {processor.py:163} INFO - Started process (PID=8076) to work on /home/airflow/.local/lib/python3.7/site-packages/airflow/example_dags/tutorial_etl_dag.py
[2022-02-16 17:19:52,985] {processor.py:642} INFO - Processing file /home/airflow/.local/lib/python3.7/site-packages/airflow/example_dags/tutorial_etl_dag.py for tasks to queue
[2022-02-16 17:19:52,986] {logging_mixin.py:109} INFO - [2022-02-16 17:19:52,986] {dagbag.py:500} INFO - Filling up the DagBag from /home/airflow/.local/lib/python3.7/site-packages/airflow/example_dags/tutorial_etl_dag.py
[2022-02-16 17:19:53,060] {processor.py:654} INFO - DAG(s) dict_keys(['tutorial_etl_dag']) retrieved from /home/airflow/.local/lib/python3.7/site-packages/airflow/example_dags/tutorial_etl_dag.py
[2022-02-16 17:19:53,099] {logging_mixin.py:109} INFO - [2022-02-16 17:19:53,099] {dag.py:2396} INFO - Sync 1 DAGs
[2022-02-16 17:19:53,139] {logging_mixin.py:109} INFO - [2022-02-16 17:19:53,139] {dag.py:2935} INFO - Setting next_dagrun for tutorial_etl_dag to None
[2022-02-16 17:19:53,155] {processor.py:171} INFO - Processing /home/airflow/.local/lib/python3.7/site-packages/airflow/example_dags/tutorial_etl_dag.py took 0.176 seconds
[2022-02-16 17:20:23,467] {processor.py:163} INFO - Started process (PID=8270) to work on /home/airflow/.local/lib/python3.7/site-packages/airflow/example_dags/tutorial_etl_dag.py
[2022-02-16 17:20:23,469] {processor.py:642} INFO - Processing file /home/airflow/.local/lib/python3.7/site-packages/airflow/example_dags/tutorial_etl_dag.py for tasks to queue
[2022-02-16 17:20:23,471] {logging_mixin.py:109} INFO - [2022-02-16 17:20:23,470] {dagbag.py:500} INFO - Filling up the DagBag from /home/airflow/.local/lib/python3.7/site-packages/airflow/example_dags/tutorial_etl_dag.py
[2022-02-16 17:20:23,507] {processor.py:654} INFO - DAG(s) dict_keys(['tutorial_etl_dag']) retrieved from /home/airflow/.local/lib/python3.7/site-packages/airflow/example_dags/tutorial_etl_dag.py
[2022-02-16 17:20:23,522] {logging_mixin.py:109} INFO - [2022-02-16 17:20:23,521] {dag.py:2396} INFO - Sync 1 DAGs
[2022-02-16 17:20:23,544] {logging_mixin.py:109} INFO - [2022-02-16 17:20:23,544] {dag.py:2935} INFO - Setting next_dagrun for tutorial_etl_dag to None
[2022-02-16 17:20:23,555] {processor.py:171} INFO - Processing /home/airflow/.local/lib/python3.7/site-packages/airflow/example_dags/tutorial_etl_dag.py took 0.093 seconds
[2022-02-16 17:20:53,815] {processor.py:163} INFO - Started process (PID=8457) to work on /home/airflow/.local/lib/python3.7/site-packages/airflow/example_dags/tutorial_etl_dag.py
[2022-02-16 17:20:53,816] {processor.py:642} INFO - Processing file /home/airflow/.local/lib/python3.7/site-packages/airflow/example_dags/tutorial_etl_dag.py for tasks to queue
[2022-02-16 17:20:53,817] {logging_mixin.py:109} INFO - [2022-02-16 17:20:53,817] {dagbag.py:500} INFO - Filling up the DagBag from /home/airflow/.local/lib/python3.7/site-packages/airflow/example_dags/tutorial_etl_dag.py
[2022-02-16 17:20:53,854] {processor.py:654} INFO - DAG(s) dict_keys(['tutorial_etl_dag']) retrieved from /home/airflow/.local/lib/python3.7/site-packages/airflow/example_dags/tutorial_etl_dag.py
[2022-02-16 17:20:53,867] {logging_mixin.py:109} INFO - [2022-02-16 17:20:53,867] {dag.py:2396} INFO - Sync 1 DAGs
[2022-02-16 17:20:53,885] {logging_mixin.py:109} INFO - [2022-02-16 17:20:53,885] {dag.py:2935} INFO - Setting next_dagrun for tutorial_etl_dag to None
[2022-02-16 17:20:53,895] {processor.py:171} INFO - Processing /home/airflow/.local/lib/python3.7/site-packages/airflow/example_dags/tutorial_etl_dag.py took 0.085 seconds
