[2022-02-19 09:20:47,358] {taskinstance.py:1032} INFO - Dependencies all met for <TaskInstance: demo_etl.Load_Data.Save_to_JSON manual__2022-02-19T09:20:18.416355+00:00 [queued]>
[2022-02-19 09:20:47,369] {taskinstance.py:1032} INFO - Dependencies all met for <TaskInstance: demo_etl.Load_Data.Save_to_JSON manual__2022-02-19T09:20:18.416355+00:00 [queued]>
[2022-02-19 09:20:47,369] {taskinstance.py:1238} INFO - 
--------------------------------------------------------------------------------
[2022-02-19 09:20:47,369] {taskinstance.py:1239} INFO - Starting attempt 1 of 1
[2022-02-19 09:20:47,369] {taskinstance.py:1240} INFO - 
--------------------------------------------------------------------------------
[2022-02-19 09:20:47,382] {taskinstance.py:1259} INFO - Executing <Task(PythonOperator): Load_Data.Save_to_JSON> on 2022-02-19 09:20:18.416355+00:00
[2022-02-19 09:20:47,388] {standard_task_runner.py:52} INFO - Started process 98468 to run task
[2022-02-19 09:20:47,392] {standard_task_runner.py:76} INFO - Running: ['***', 'tasks', 'run', 'demo_etl', 'Load_Data.Save_to_JSON', 'manual__2022-02-19T09:20:18.416355+00:00', '--job-id', '300', '--raw', '--subdir', 'DAGS_FOLDER/demo_etl.py', '--cfg-path', '/tmp/tmpfod58ywr', '--error-file', '/tmp/tmprcninq8o']
[2022-02-19 09:20:47,393] {standard_task_runner.py:77} INFO - Job 300: Subtask Load_Data.Save_to_JSON
[2022-02-19 09:20:47,455] {logging_mixin.py:109} INFO - Running <TaskInstance: demo_etl.Load_Data.Save_to_JSON manual__2022-02-19T09:20:18.416355+00:00 [running]> on host c39e331ab017
[2022-02-19 09:20:47,512] {taskinstance.py:1426} INFO - Exporting the following env vars:
AIRFLOW_CTX_DAG_OWNER=***
AIRFLOW_CTX_DAG_ID=demo_etl
AIRFLOW_CTX_TASK_ID=Load_Data.Save_to_JSON
AIRFLOW_CTX_EXECUTION_DATE=2022-02-19T09:20:18.416355+00:00
AIRFLOW_CTX_DAG_RUN_ID=manual__2022-02-19T09:20:18.416355+00:00
[2022-02-19 09:20:47,522] {logging_mixin.py:109} WARNING - /home/***/.local/lib/python3.7/site-packages/***/utils/context.py:152 AirflowContextDeprecationWarning: Accessing 'execution_date' from the template is deprecated and will be removed in a future version. Please use 'data_interval_start' or 'logical_date' instead.
[2022-02-19 09:20:47,523] {logging_mixin.py:109} WARNING - /home/***/.local/lib/python3.7/site-packages/***/utils/context.py:152 AirflowContextDeprecationWarning: Accessing 'next_ds' from the template is deprecated and will be removed in a future version. Please use '{{ data_interval_end | ds }}' instead.
[2022-02-19 09:20:47,524] {logging_mixin.py:109} WARNING - /home/***/.local/lib/python3.7/site-packages/***/utils/context.py:152 AirflowContextDeprecationWarning: Accessing 'next_ds_nodash' from the template is deprecated and will be removed in a future version. Please use '{{ data_interval_end | ds_nodash }}' instead.
[2022-02-19 09:20:47,525] {logging_mixin.py:109} WARNING - /home/***/.local/lib/python3.7/site-packages/***/utils/context.py:152 AirflowContextDeprecationWarning: Accessing 'next_execution_date' from the template is deprecated and will be removed in a future version. Please use 'data_interval_end' instead.
[2022-02-19 09:20:47,526] {logging_mixin.py:109} WARNING - /home/***/.local/lib/python3.7/site-packages/***/utils/context.py:152 AirflowContextDeprecationWarning: Accessing 'prev_ds' from the template is deprecated and will be removed in a future version.
[2022-02-19 09:20:47,527] {logging_mixin.py:109} WARNING - /home/***/.local/lib/python3.7/site-packages/***/utils/context.py:152 AirflowContextDeprecationWarning: Accessing 'prev_ds_nodash' from the template is deprecated and will be removed in a future version.
[2022-02-19 09:20:47,528] {logging_mixin.py:109} WARNING - /home/***/.local/lib/python3.7/site-packages/***/utils/context.py:152 AirflowContextDeprecationWarning: Accessing 'prev_execution_date' from the template is deprecated and will be removed in a future version.
[2022-02-19 09:20:47,529] {logging_mixin.py:109} WARNING - /home/***/.local/lib/python3.7/site-packages/***/utils/context.py:152 AirflowContextDeprecationWarning: Accessing 'prev_execution_date_success' from the template is deprecated and will be removed in a future version. Please use 'prev_data_interval_start_success' instead.
[2022-02-19 09:20:47,530] {logging_mixin.py:109} WARNING - /home/***/.local/lib/python3.7/site-packages/***/utils/context.py:152 AirflowContextDeprecationWarning: Accessing 'tomorrow_ds' from the template is deprecated and will be removed in a future version.
[2022-02-19 09:20:47,531] {logging_mixin.py:109} WARNING - /home/***/.local/lib/python3.7/site-packages/***/utils/context.py:152 AirflowContextDeprecationWarning: Accessing 'tomorrow_ds_nodash' from the template is deprecated and will be removed in a future version.
[2022-02-19 09:20:47,532] {logging_mixin.py:109} WARNING - /home/***/.local/lib/python3.7/site-packages/***/utils/context.py:152 AirflowContextDeprecationWarning: Accessing 'yesterday_ds' from the template is deprecated and will be removed in a future version.
[2022-02-19 09:20:47,532] {logging_mixin.py:109} WARNING - /home/***/.local/lib/python3.7/site-packages/***/utils/context.py:152 AirflowContextDeprecationWarning: Accessing 'yesterday_ds_nodash' from the template is deprecated and will be removed in a future version.
[2022-02-19 09:20:47,554] {logging_mixin.py:109} INFO - CSV to JSON Done !!
[2022-02-19 09:20:47,554] {python.py:175} INFO - Done. Returned value was: None
[2022-02-19 09:20:47,567] {taskinstance.py:1277} INFO - Marking task as SUCCESS. dag_id=demo_etl, task_id=Load_Data.Save_to_JSON, execution_date=20220219T092018, start_date=20220219T092047, end_date=20220219T092047
[2022-02-19 09:20:47,610] {local_task_job.py:154} INFO - Task exited with return code 0
[2022-02-19 09:20:47,651] {local_task_job.py:264} INFO - 0 downstream tasks scheduled from follow-on schedule check
