[2022-02-19 16:23:15,273] {taskinstance.py:1032} INFO - Dependencies all met for <TaskInstance: demo_etl.Send_Email manual__2022-02-19T16:21:55.210923+00:00 [queued]>
[2022-02-19 16:23:15,296] {taskinstance.py:1032} INFO - Dependencies all met for <TaskInstance: demo_etl.Send_Email manual__2022-02-19T16:21:55.210923+00:00 [queued]>
[2022-02-19 16:23:15,296] {taskinstance.py:1238} INFO - 
--------------------------------------------------------------------------------
[2022-02-19 16:23:15,296] {taskinstance.py:1239} INFO - Starting attempt 1 of 1
[2022-02-19 16:23:15,296] {taskinstance.py:1240} INFO - 
--------------------------------------------------------------------------------
[2022-02-19 16:23:15,338] {taskinstance.py:1259} INFO - Executing <Task(EmailOperator): Send_Email> on 2022-02-19 16:21:55.210923+00:00
[2022-02-19 16:23:15,387] {standard_task_runner.py:52} INFO - Started process 42815 to run task
[2022-02-19 16:23:15,401] {standard_task_runner.py:76} INFO - Running: ['***', 'tasks', 'run', 'demo_etl', 'Send_Email', 'manual__2022-02-19T16:21:55.210923+00:00', '--job-id', '407', '--raw', '--subdir', 'DAGS_FOLDER/demo_etl.py', '--cfg-path', '/tmp/tmpabg65353', '--error-file', '/tmp/tmp97pemzgg']
[2022-02-19 16:23:15,402] {standard_task_runner.py:77} INFO - Job 407: Subtask Send_Email
[2022-02-19 16:23:15,616] {logging_mixin.py:109} INFO - Running <TaskInstance: demo_etl.Send_Email manual__2022-02-19T16:21:55.210923+00:00 [running]> on host d18a6d5a39bc
[2022-02-19 16:23:16,102] {taskinstance.py:1426} INFO - Exporting the following env vars:
AIRFLOW_CTX_DAG_OWNER=***
AIRFLOW_CTX_DAG_ID=demo_etl
AIRFLOW_CTX_TASK_ID=Send_Email
AIRFLOW_CTX_EXECUTION_DATE=2022-02-19T16:21:55.210923+00:00
AIRFLOW_CTX_DAG_RUN_ID=manual__2022-02-19T16:21:55.210923+00:00
[2022-02-19 16:23:16,200] {logging_mixin.py:109} WARNING - /home/***/.local/lib/python3.7/site-packages/***/utils/email.py:102 PendingDeprecationWarning: Fetching SMTP credentials from configuration variables will be deprecated in a future release. Please set credentials using a connection instead.
[2022-02-19 16:23:16,200] {configuration.py:381} WARNING - section/key [smtp/smtp_user] not found in config
[2022-02-19 16:23:16,200] {email.py:208} INFO - Email alerting: attempt 1
[2022-02-19 16:23:16,659] {email.py:220} INFO - Sent an alert email to ['test@mailhog.local']
[2022-02-19 16:23:17,084] {taskinstance.py:1277} INFO - Marking task as SUCCESS. dag_id=demo_etl, task_id=Send_Email, execution_date=20220219T162155, start_date=20220219T162315, end_date=20220219T162317
[2022-02-19 16:23:17,187] {local_task_job.py:154} INFO - Task exited with return code 0
[2022-02-19 16:23:17,297] {local_task_job.py:264} INFO - 1 downstream tasks scheduled from follow-on schedule check
