[2022-02-19 06:38:39,471] {taskinstance.py:1032} INFO - Dependencies all met for <TaskInstance: demo_etl.Send_Email manual__2022-02-19T06:38:13.192482+00:00 [queued]>
[2022-02-19 06:38:39,483] {taskinstance.py:1032} INFO - Dependencies all met for <TaskInstance: demo_etl.Send_Email manual__2022-02-19T06:38:13.192482+00:00 [queued]>
[2022-02-19 06:38:39,483] {taskinstance.py:1238} INFO - 
--------------------------------------------------------------------------------
[2022-02-19 06:38:39,483] {taskinstance.py:1239} INFO - Starting attempt 1 of 1
[2022-02-19 06:38:39,483] {taskinstance.py:1240} INFO - 
--------------------------------------------------------------------------------
[2022-02-19 06:38:39,501] {taskinstance.py:1259} INFO - Executing <Task(PythonOperator): Send_Email> on 2022-02-19 06:38:13.192482+00:00
[2022-02-19 06:38:39,508] {standard_task_runner.py:52} INFO - Started process 36560 to run task
[2022-02-19 06:38:39,518] {standard_task_runner.py:76} INFO - Running: ['***', 'tasks', 'run', 'demo_etl', 'Send_Email', 'manual__2022-02-19T06:38:13.192482+00:00', '--job-id', '275', '--raw', '--subdir', 'DAGS_FOLDER/demo_etl.py', '--cfg-path', '/tmp/tmpn1t0rcur', '--error-file', '/tmp/tmpocb3_3lb']
[2022-02-19 06:38:39,519] {standard_task_runner.py:77} INFO - Job 275: Subtask Send_Email
[2022-02-19 06:38:39,592] {logging_mixin.py:109} INFO - Running <TaskInstance: demo_etl.Send_Email manual__2022-02-19T06:38:13.192482+00:00 [running]> on host c39e331ab017
[2022-02-19 06:38:39,662] {taskinstance.py:1426} INFO - Exporting the following env vars:
AIRFLOW_CTX_DAG_OWNER=***
AIRFLOW_CTX_DAG_ID=demo_etl
AIRFLOW_CTX_TASK_ID=Send_Email
AIRFLOW_CTX_EXECUTION_DATE=2022-02-19T06:38:13.192482+00:00
AIRFLOW_CTX_DAG_RUN_ID=manual__2022-02-19T06:38:13.192482+00:00
[2022-02-19 06:38:39,670] {logging_mixin.py:109} WARNING - /home/***/.local/lib/python3.7/site-packages/***/utils/context.py:152 AirflowContextDeprecationWarning: Accessing 'execution_date' from the template is deprecated and will be removed in a future version. Please use 'data_interval_start' or 'logical_date' instead.
[2022-02-19 06:38:39,671] {logging_mixin.py:109} WARNING - /home/***/.local/lib/python3.7/site-packages/***/utils/context.py:152 AirflowContextDeprecationWarning: Accessing 'next_ds' from the template is deprecated and will be removed in a future version. Please use '{{ data_interval_end | ds }}' instead.
[2022-02-19 06:38:39,673] {logging_mixin.py:109} WARNING - /home/***/.local/lib/python3.7/site-packages/***/utils/context.py:152 AirflowContextDeprecationWarning: Accessing 'next_ds_nodash' from the template is deprecated and will be removed in a future version. Please use '{{ data_interval_end | ds_nodash }}' instead.
[2022-02-19 06:38:39,674] {logging_mixin.py:109} WARNING - /home/***/.local/lib/python3.7/site-packages/***/utils/context.py:152 AirflowContextDeprecationWarning: Accessing 'next_execution_date' from the template is deprecated and will be removed in a future version. Please use 'data_interval_end' instead.
[2022-02-19 06:38:39,675] {logging_mixin.py:109} WARNING - /home/***/.local/lib/python3.7/site-packages/***/utils/context.py:152 AirflowContextDeprecationWarning: Accessing 'prev_ds' from the template is deprecated and will be removed in a future version.
[2022-02-19 06:38:39,676] {logging_mixin.py:109} WARNING - /home/***/.local/lib/python3.7/site-packages/***/utils/context.py:152 AirflowContextDeprecationWarning: Accessing 'prev_ds_nodash' from the template is deprecated and will be removed in a future version.
[2022-02-19 06:38:39,677] {logging_mixin.py:109} WARNING - /home/***/.local/lib/python3.7/site-packages/***/utils/context.py:152 AirflowContextDeprecationWarning: Accessing 'prev_execution_date' from the template is deprecated and will be removed in a future version.
[2022-02-19 06:38:39,679] {logging_mixin.py:109} WARNING - /home/***/.local/lib/python3.7/site-packages/***/utils/context.py:152 AirflowContextDeprecationWarning: Accessing 'prev_execution_date_success' from the template is deprecated and will be removed in a future version. Please use 'prev_data_interval_start_success' instead.
[2022-02-19 06:38:39,680] {logging_mixin.py:109} WARNING - /home/***/.local/lib/python3.7/site-packages/***/utils/context.py:152 AirflowContextDeprecationWarning: Accessing 'tomorrow_ds' from the template is deprecated and will be removed in a future version.
[2022-02-19 06:38:39,681] {logging_mixin.py:109} WARNING - /home/***/.local/lib/python3.7/site-packages/***/utils/context.py:152 AirflowContextDeprecationWarning: Accessing 'tomorrow_ds_nodash' from the template is deprecated and will be removed in a future version.
[2022-02-19 06:38:39,682] {logging_mixin.py:109} WARNING - /home/***/.local/lib/python3.7/site-packages/***/utils/context.py:152 AirflowContextDeprecationWarning: Accessing 'yesterday_ds' from the template is deprecated and will be removed in a future version.
[2022-02-19 06:38:39,683] {logging_mixin.py:109} WARNING - /home/***/.local/lib/python3.7/site-packages/***/utils/context.py:152 AirflowContextDeprecationWarning: Accessing 'yesterday_ds_nodash' from the template is deprecated and will be removed in a future version.
[2022-02-19 06:38:39,683] {logging_mixin.py:109} INFO - Send E-mail Done !!
[2022-02-19 06:38:39,683] {python.py:175} INFO - Done. Returned value was: None
[2022-02-19 06:38:39,697] {taskinstance.py:1277} INFO - Marking task as SUCCESS. dag_id=demo_etl, task_id=Send_Email, execution_date=20220219T063813, start_date=20220219T063839, end_date=20220219T063839
[2022-02-19 06:38:39,732] {local_task_job.py:154} INFO - Task exited with return code 0
[2022-02-19 06:38:39,774] {local_task_job.py:264} INFO - 0 downstream tasks scheduled from follow-on schedule check
