[2022-02-17 13:57:59,612] {taskinstance.py:1032} INFO - Dependencies all met for <TaskInstance: my_dag.task_a manual__2022-02-17T13:57:58.717243+00:00 [queued]>
[2022-02-17 13:57:59,623] {taskinstance.py:1032} INFO - Dependencies all met for <TaskInstance: my_dag.task_a manual__2022-02-17T13:57:58.717243+00:00 [queued]>
[2022-02-17 13:57:59,623] {taskinstance.py:1238} INFO - 
--------------------------------------------------------------------------------
[2022-02-17 13:57:59,623] {taskinstance.py:1239} INFO - Starting attempt 1 of 1
[2022-02-17 13:57:59,623] {taskinstance.py:1240} INFO - 
--------------------------------------------------------------------------------
[2022-02-17 13:57:59,637] {taskinstance.py:1259} INFO - Executing <Task(PythonOperator): task_a> on 2022-02-17 13:57:58.717243+00:00
[2022-02-17 13:57:59,640] {standard_task_runner.py:52} INFO - Started process 6913 to run task
[2022-02-17 13:57:59,645] {standard_task_runner.py:76} INFO - Running: ['***', 'tasks', 'run', 'my_dag', 'task_a', 'manual__2022-02-17T13:57:58.717243+00:00', '--job-id', '38', '--raw', '--subdir', 'DAGS_FOLDER/my_dag.py', '--cfg-path', '/tmp/tmp66fikge5', '--error-file', '/tmp/tmp_iauwkn0']
[2022-02-17 13:57:59,647] {standard_task_runner.py:77} INFO - Job 38: Subtask task_a
[2022-02-17 13:57:59,717] {logging_mixin.py:109} INFO - Running <TaskInstance: my_dag.task_a manual__2022-02-17T13:57:58.717243+00:00 [running]> on host f8b49ae6ae82
[2022-02-17 13:57:59,780] {taskinstance.py:1426} INFO - Exporting the following env vars:
AIRFLOW_CTX_DAG_OWNER=***
AIRFLOW_CTX_DAG_ID=my_dag
AIRFLOW_CTX_TASK_ID=task_a
AIRFLOW_CTX_EXECUTION_DATE=2022-02-17T13:57:58.717243+00:00
AIRFLOW_CTX_DAG_RUN_ID=manual__2022-02-17T13:57:58.717243+00:00
[2022-02-17 13:57:59,781] {logging_mixin.py:109} INFO - /opt/***
[2022-02-17 13:57:59,781] {python.py:175} INFO - Done. Returned value was: None
[2022-02-17 13:57:59,795] {taskinstance.py:1277} INFO - Marking task as SUCCESS. dag_id=my_dag, task_id=task_a, execution_date=20220217T135758, start_date=20220217T135759, end_date=20220217T135759
[2022-02-17 13:57:59,834] {local_task_job.py:154} INFO - Task exited with return code 0
[2022-02-17 13:57:59,866] {local_task_job.py:264} INFO - 0 downstream tasks scheduled from follow-on schedule check
