[2022-02-19 06:38:18,063] {taskinstance.py:1032} INFO - Dependencies all met for <TaskInstance: demo_etl.Extract_Data manual__2022-02-19T06:38:13.192482+00:00 [queued]>
[2022-02-19 06:38:18,075] {taskinstance.py:1032} INFO - Dependencies all met for <TaskInstance: demo_etl.Extract_Data manual__2022-02-19T06:38:13.192482+00:00 [queued]>
[2022-02-19 06:38:18,076] {taskinstance.py:1238} INFO - 
--------------------------------------------------------------------------------
[2022-02-19 06:38:18,076] {taskinstance.py:1239} INFO - Starting attempt 1 of 1
[2022-02-19 06:38:18,076] {taskinstance.py:1240} INFO - 
--------------------------------------------------------------------------------
[2022-02-19 06:38:18,090] {taskinstance.py:1259} INFO - Executing <Task(PythonOperator): Extract_Data> on 2022-02-19 06:38:13.192482+00:00
[2022-02-19 06:38:18,096] {standard_task_runner.py:52} INFO - Started process 36353 to run task
[2022-02-19 06:38:18,105] {standard_task_runner.py:76} INFO - Running: ['***', 'tasks', 'run', 'demo_etl', 'Extract_Data', 'manual__2022-02-19T06:38:13.192482+00:00', '--job-id', '271', '--raw', '--subdir', 'DAGS_FOLDER/demo_etl.py', '--cfg-path', '/tmp/tmprd4inuhu', '--error-file', '/tmp/tmpv13aeo_4']
[2022-02-19 06:38:18,106] {standard_task_runner.py:77} INFO - Job 271: Subtask Extract_Data
[2022-02-19 06:38:18,183] {logging_mixin.py:109} INFO - Running <TaskInstance: demo_etl.Extract_Data manual__2022-02-19T06:38:13.192482+00:00 [running]> on host c39e331ab017
[2022-02-19 06:38:18,238] {taskinstance.py:1426} INFO - Exporting the following env vars:
AIRFLOW_CTX_DAG_OWNER=***
AIRFLOW_CTX_DAG_ID=demo_etl
AIRFLOW_CTX_TASK_ID=Extract_Data
AIRFLOW_CTX_EXECUTION_DATE=2022-02-19T06:38:13.192482+00:00
AIRFLOW_CTX_DAG_RUN_ID=manual__2022-02-19T06:38:13.192482+00:00
[2022-02-19 06:38:18,246] {logging_mixin.py:109} WARNING - /home/***/.local/lib/python3.7/site-packages/***/utils/context.py:152 AirflowContextDeprecationWarning: Accessing 'execution_date' from the template is deprecated and will be removed in a future version. Please use 'data_interval_start' or 'logical_date' instead.
[2022-02-19 06:38:18,247] {logging_mixin.py:109} WARNING - /home/***/.local/lib/python3.7/site-packages/***/utils/context.py:152 AirflowContextDeprecationWarning: Accessing 'next_ds' from the template is deprecated and will be removed in a future version. Please use '{{ data_interval_end | ds }}' instead.
[2022-02-19 06:38:18,248] {logging_mixin.py:109} WARNING - /home/***/.local/lib/python3.7/site-packages/***/utils/context.py:152 AirflowContextDeprecationWarning: Accessing 'next_ds_nodash' from the template is deprecated and will be removed in a future version. Please use '{{ data_interval_end | ds_nodash }}' instead.
[2022-02-19 06:38:18,249] {logging_mixin.py:109} WARNING - /home/***/.local/lib/python3.7/site-packages/***/utils/context.py:152 AirflowContextDeprecationWarning: Accessing 'next_execution_date' from the template is deprecated and will be removed in a future version. Please use 'data_interval_end' instead.
[2022-02-19 06:38:18,250] {logging_mixin.py:109} WARNING - /home/***/.local/lib/python3.7/site-packages/***/utils/context.py:152 AirflowContextDeprecationWarning: Accessing 'prev_ds' from the template is deprecated and will be removed in a future version.
[2022-02-19 06:38:18,251] {logging_mixin.py:109} WARNING - /home/***/.local/lib/python3.7/site-packages/***/utils/context.py:152 AirflowContextDeprecationWarning: Accessing 'prev_ds_nodash' from the template is deprecated and will be removed in a future version.
[2022-02-19 06:38:18,252] {logging_mixin.py:109} WARNING - /home/***/.local/lib/python3.7/site-packages/***/utils/context.py:152 AirflowContextDeprecationWarning: Accessing 'prev_execution_date' from the template is deprecated and will be removed in a future version.
[2022-02-19 06:38:18,253] {logging_mixin.py:109} WARNING - /home/***/.local/lib/python3.7/site-packages/***/utils/context.py:152 AirflowContextDeprecationWarning: Accessing 'prev_execution_date_success' from the template is deprecated and will be removed in a future version. Please use 'prev_data_interval_start_success' instead.
[2022-02-19 06:38:18,254] {logging_mixin.py:109} WARNING - /home/***/.local/lib/python3.7/site-packages/***/utils/context.py:152 AirflowContextDeprecationWarning: Accessing 'tomorrow_ds' from the template is deprecated and will be removed in a future version.
[2022-02-19 06:38:18,255] {logging_mixin.py:109} WARNING - /home/***/.local/lib/python3.7/site-packages/***/utils/context.py:152 AirflowContextDeprecationWarning: Accessing 'tomorrow_ds_nodash' from the template is deprecated and will be removed in a future version.
[2022-02-19 06:38:18,256] {logging_mixin.py:109} WARNING - /home/***/.local/lib/python3.7/site-packages/***/utils/context.py:152 AirflowContextDeprecationWarning: Accessing 'yesterday_ds' from the template is deprecated and will be removed in a future version.
[2022-02-19 06:38:18,257] {logging_mixin.py:109} WARNING - /home/***/.local/lib/python3.7/site-packages/***/utils/context.py:152 AirflowContextDeprecationWarning: Accessing 'yesterday_ds_nodash' from the template is deprecated and will be removed in a future version.
[2022-02-19 06:38:21,813] {logging_mixin.py:109} INFO - 1000
[2022-02-19 06:38:21,813] {logging_mixin.py:109} INFO - 1000
[2022-02-19 06:38:21,813] {logging_mixin.py:109} INFO - Extract Done !!
[2022-02-19 06:38:21,814] {python.py:175} INFO - Done. Returned value was: None
[2022-02-19 06:38:21,826] {taskinstance.py:1277} INFO - Marking task as SUCCESS. dag_id=demo_etl, task_id=Extract_Data, execution_date=20220219T063813, start_date=20220219T063818, end_date=20220219T063821
[2022-02-19 06:38:21,857] {local_task_job.py:154} INFO - Task exited with return code 0
[2022-02-19 06:38:21,898] {local_task_job.py:264} INFO - 1 downstream tasks scheduled from follow-on schedule check
